['472', '684', '834', '232', '11', '926', '617', '581', '523', '169', '248', '667', '546', '563', '147', '625', '103', '549', '730', '772', '712', '323', '251', '72', '533', '872', '217', '461', '536', '652', '329', '18', '745', '895', '150', '765', '110', '889', '186', '644']
['254', '60', '823', '611', '306', '63', '744', '168', '348', '294', '345', '475', '154', '859', '452', '253', '688', '427', '284', '76', '580', '696', '366', '815', '864', '537', '727', '343', '517', '298', '887', '835', '177', '191', '767', '390', '57']
['223', '542', '478', '786', '218', '593', '571', '527', '490', '675', '828', '272', '266', '128', '483', '699']
['455', '861', '46', '512', '291', '612', '59', '280', '21', '319', '174', '45', '888', '566', '903', '228', '408', '901', '741', '484', '350', '66', '750']
['438', '504', '556', '242', '596', '275', '91', '190', '873', '572', '530', '646', '50', '84', '505', '674', '605', '354', '300', '560', '121', '220']
['333', '776', '175', '731', '283', '304', '929', '700', '246', '229', '915', '269', '708', '541', '278', '165', '634', '215', '703', '841', '874', '361', '522', '155', '683', '529', '440', '468', '25', '332', '231', '663', '257', '119', '295', '821', '877']
['668', '462', '832', '356', '499', '456', '645', '102', '616', '726', '56', '642', '97', '648', '451', '233', '503', '431', '369']
['107', '401', '27', '802', '770', '398', '43', '768', '525', '148', '639', '409', '244', '71', '324', '597', '238', '651', '65', '845', '10', '402', '892', '430', '184', '641', '293', '288', '9']
['622', '274', '202', '843', '13', '368', '127', '755', '692', '697', '780', '657', '203', '439', '587', '286', '200', '927', '237', '905', '785', '4', '403', '151', '355', '131', '224', '32', '230', '35']
['386', '805', '807', '432', '259', '670', '77', '624', '582', '897', '437', '93', '80', '885', '664', '553', '550', '201', '443', '209', '78', '36', '567', '783', '858', '718', '12', '172', '551', '860', '714', '173', '809', '420']
['447', '5', '914', '303', '183', '672', '370', '299', '105', '842', '577', '89', '166', '318', '205', '385', '187', '627', '759', '630', '142', '422', '568', '676', '725', '376', '896', '450', '405', '335', '850', '445', '797', '116', '575', '806', '694', '514', '816', '179', '315', '123', '839', '23', '26', '554', '38', '658', '130', '413', '913', '264', '548', '729', '227', '98', '784', '569', '544', '255', '847']
['509', '289', '848', '516', '365', '334', '136', '711', '758', '353', '132', '774', '540', '211', '327']
['591', '763', '659', '777', '149', '69', '185', '122', '378', '748', '854', '159', '643', '146', '313', '325', '840', '145', '20', '498', '879', '243', '436', '357']
['381', '704', '497', '573', '90', '118', '194', '678', '710', '141', '833', '636', '908', '196', '853', '124', '160', '539', '138', '819', '181', '799', '880', '653', '747', '649', '311', '830', '68', '814']
['752', '592', '640', '555', '234', '829', '267', '595', '412', '794', '585', '316', '734', '95', '562', '296', '737', '442', '70', '469', '62', '466', '476', '82', '152', '352', '33', '262']
['265', '113', '467', '17', '429', '621', '309', '161', '260', '256', '417', '740', '912', '125', '414', '470', '742']
['314', '400', '756', '489', '590', '153', '86', '647', '610', '270', '301', '690', '163', '24', '338', '924', '682', '855', '746', '754', '419', '902', '22', '680', '623', '162', '225', '328', '790', '565']
['689', '583', '904', '426', '8', '907', '910', '312', '769', '899', '85', '307', '19', '800', '526', '792', '925', '693', '698', '14', '773', '480', '170', '349', '6', '720', '638', '637', '600', '552', '779', '584', '2', '615', '486', '448', '920']
['326', '393', '206', '285', '803', '782', '928', '743', '193', '491', '531', '709', '660', '787', '917', '330', '245', '367', '862', '454', '137', '28', '268', '619', '656', '337', '513', '719', '739', '757', '373']
['851', '143', '576', '156', '632', '310', '379', '606', '134', '101', '207', '34', '871', '705', '351', '488', '164', '459', '511', '446', '383', '305', '342', '290', '48', '106', '391']
['506', '219', '258', '518', '493', '521', '918', '831', '716', '788', '0', '911', '140', '681', '410', '695', '358', '197', '180', '108', '535', '281', '609', '331', '919', '344', '826', '416', '192', '302']
['195', '460', '182', '411', '865', '922', '362', '534', '723', '384', '849', '79', '363', '73', '208', '701']
['824', '561', '111', '139', '40', '64', '317', '732', '793', '30', '341', '589', '167', '144', '392', '47', '635', '241', '287', '157', '465', '277', '321', '811', '388', '42']
['707', '52', '686', '771', '501', '528', '44', '54', '869', '655', '41', '199']
['434', '387', '322', '457', '61', '673', '178', '129', '112', '870', '120', '273', '601', '733', '3', '863', '890', '100', '115', '49', '482', '374', '557', '371', '176', '775', '502', '559', '538', '760']
['377', '791', '661', '666', '397', '650', '789', '389', '92', '713', '857', '87', '626', '473', '691', '778', '282', '135', '485', '276', '598', '846', '804', '198', '810', '247', '547', '812', '715', '210', '226', '736', '492', '822', '545', '906', '798', '884', '878', '495', '204']
['706', '222', '395', '532', '669', '817', '781', '158', '883', '372', '444', '481', '424', '96', '37', '104', '875', '761', '406', '347', '867', '604', '717', '279', '94', '216', '394', '631', '171', '292', '496', '336', '39', '628']
['239', '735', '75', '876', '510', '81', '766', '751', '738', '724', '519', '404', '479', '891', '407', '16', '721', '508', '687', '620', '188', '837', '423', '236', '677', '29', '795', '221', '474', '114', '364', '1', '844', '99', '762', '250']
['808', '453', '396', '415', '866', '564', '722', '813', '458', '425', '753', '882', '594', '827', '252', '249', '586', '665', '662', '868', '543', '570', '214', '728', '820', '618', '500', '7', '579', '685', '109', '613', '764', '360', '449', '380', '83']
['507', '297', '240', '51', '15', '213', '487', '31', '838', '524', '189', '126', '359', '894', '133', '886', '898', '578', '614', '212', '599', '603', '261', '433', '796', '375', '421', '900', '67']
['818', '339', '702', '88', '263', '629', '881', '117', '464', '382', '74', '749', '477']
['435', '909', '418', '574', '825', '399', '916', '320', '836', '520', '308', '58', '856', '53', '340', '515', '852', '608', '923', '633', '346', '671', '588', '235', '428', '607', '471', '654', '55', '463', '494', '679', '602', '271', '558', '801', '893', '921', '441']
