['562', '21']
['323']
['215', '766', '526', '929']
['991']
['950']
['272']
['585']
['38']
['121']
['977', '151', '995', '347', '68']
['614']
['254']
['549', '453', '569']
['498']
['197', '47', '789']
['555']
['306']
['824']
['486', '282', '589']
['734']
['967']
['648']
['663']
['148']
['525', '82', '449', '756', '854']
['45']
['844']
['957']
['722', '690']
['771', '831', '247', '348']
['259', '204', '9', '269', '346', '271', '155', '485', '311']
['849', '406']
['535']
['463']
['85']
['600']
['397']
['612']
['345']
['738']
['169']
['238']
['539']
['403']
['165', '898', '81', '59', '265']
['692']
['481']
['737']
['154']
['670']
['286', '528', '900']
['959', '992', '146', '475', '592', '88', '561']
['401']
['987']
['570']
['194', '439', '802', '319', '56', '604', '292']
['965']
['583']
['817', '274', '95', '392', '711']
['963']
['120']
['754']
['14']
['290']
['218', '229', '130', '509', '924']
['261']
['177']
['236']
['901']
['532']
['491']
['255']
['616']
['724']
['628']
['97']
['804']
['418']
['559']
['565', '458', '116', '384']
['653', '534']
['446']
['730']
['676']
['682']
['287']
['826', '11', '974', '822', '533', '939', '389', '294', '316', '36', '404', '757', '62']
['925']
['420']
['697', '879']
['241']
['727']
['64', '575', '91', '685', '356', '581', '668', '637', '704']
['77']
['657']
['813']
['80']
['166', '639', '989', '366', '231', '79', '703', '472', '5']
['176']
['22', '832']
['550']
['438']
['344']
['718']
['370']
['483', '815', '579', '428', '593', '666', '437', '411']
['797', '279', '863', '190', '536', '69', '506', '0', '213', '736']
['16']
['943']
['222']
['654', '658']
['695']
['430']
['139']
['196']
['916', '767', '982', '860', '349', '210', '582', '881', '149', '328', '996', '951', '19', '662', '803', '669']
['482']
['161']
['578']
['468', '7', '694']
['243']
['35']
['240']
['725', '484']
['490']
['622']
['101']
['288']
['160']
['413']
['715']
['820']
['823']
['946']
['364']
['60']
['440', '524']
['864']
['655', '8', '73', '673', '333', '993', '179', '601', '769', '970', '917']
['573']
['908']
['400', '212']
['760']
['185']
['960']
['693', '519', '256', '838', '380']
['816']
['87']
['661']
['23', '477']
['641']
['383', '442']
['29']
['426']
['469', '104']
['99', '933', '677']
['590']
['787']
['281', '24']
['322', '144', '691']
['973', '473']
['818']
['885']
['726']
['930']
['878']
['978']
['360']
['289']
['496']
['72', '518', '307', '191', '608', '511', '127', '686', '586', '723', '563', '131', '629', '800', '514', '248', '13', '922']
['137']
['808', '847']
['501']
['299']
['117', '948']
['266', '729', '984', '829', '447', '740', '872', '577', '613', '742', '471', '840']
['745']
['636']
['173']
['135', '923']
['807']
['205']
['867', '508']
['278', '811']
['320']
['198']
['940']
['216']
['67']
['889']
['460']
['415']
['3', '732', '341', '964', '285']
['990']
['422']
['899', '955']
['705', '966', '778', '554', '782', '157', '712', '836']
['510', '856']
['681']
['962']
['43']
['167']
['557']
['893']
['138']
['457', '717']
['552']
['86', '764']
['627', '672', '998', '193', '975']
['170']
['424']
['251', '456']
['523', '775']
['284']
['887']
['336', '324', '700']
['327']
['195']
['464']
['752']
['295']
['954']
['228']
['853']
['861']
['217']
['174']
['795']
['359']
['635']
['371']
['932']
['503']
['753']
['52', '665', '825', '625', '647']
['182']
['733', '868', '300', '102', '877', '652', '821']
['314']
['260']
['773']
['605']
['914']
['353']
['935', '866', '355', '551', '896', '186', '841', '335', '429', '200', '408']
['150', '298']
['548', '303']
['792', '20', '953', '688']
['529']
['108']
['799', '918']
['227']
['376']
['611']
['118', '15']
['153', '873', '172', '379', '363', '451', '105', '805', '1', '926', '904', '997']
['574', '143', '492', '895', '93', '884', '419', '739', '340', '680', '839', '382', '623', '394', '709', '10', '183', '875', '708', '530', '89', '180', '603', '865']
['961', '683', '714', '633', '283', '417', '762', '258']
['309']
['731', '315', '931', '412', '234', '133', '273', '343']
['706', '304']
['61']
['431', '986', '845', '650', '675', '96', '223', '710']
['40', '936']
['390']
['645']
['275']
['6', '171']
['123', '572']
['301']
['83', '201', '890', '994', '354', '252', '642']
['558']
['489', '313', '696', '649', '142', '543', '659', '211']
['905', '698', '46']
['436']
['859']
['716', '296', '947', '98', '224', '780', '848', '610', '781', '606', '571']
['114']
['125']
['499', '735']
['293', '312', '497', '546', '719', '277', '777', '786', '621', '478']
['206']
['208']
['576']
['257', '388', '448', '594', '441', '599']
['934']
['119']
['270']
['109', '50', '541', '624', '232', '521', '443', '793', '527']
['235']
['4', '386']
['385']
['75']
['495']
['689', '812', '858']
['398']
['407']
['162']
['909', '646', '487', '684']
['76', '44', '423', '972']
['880']
['814']
['158', '587']
['852']
['393']
['66']
['828']
['230']
['537']
['396']
['664']
['759']
['915', '749']
['721', '597', '598']
['84', '207']
['373']
['338']
['188']
['145']
['31']
['806', '156', '381', '631', '132', '263', '979', '395', '870', '744', '450']
['329']
['432']
['568', '54']
['421']
['910']
['566', '798', '427', '479', '747', '41']
['90']
['651']
['827', '643']
['37']
['332', '791', '409']
['267']
['667']
['321']
['391']
['78']
['784', '728']
['902', '358', '378']
['399']
['488', '531', '556', '362', '515']
['783']
['886']
['124']
['181']
['115']
['788']
['470']
['147', '945', '545', '268']
['369']
['318']
['956', '444', '466', '591']
['337', '871', '834', '51', '564']
['911']
['297']
['39']
['906']
['57']
['325']
['768']
['100']
['678']
['461', '242', '833', '209', '772', '713', '774']
['702']
['136']
['656', '794', '113', '679']
['129']
['111', '65']
['219']
['214']
['416']
['92']
['225']
['70']
['435']
['141']
['414']
['980']
['63']
['746', '152']
['516']
['941']
['888']
['239', '985']
['903', '505']
['264']
['330']
['671']
['882']
['48']
['317']
['522']
['763']
['835']
['164', '134']
['584']
['758', '199']
['644']
['761', '892', '819']
['159']
['928']
['907']
['405']
['58', '869']
['640']
['944', '609', '602', '249', '377', '168', '375', '874']
['474', '507']
['221', '830']
['226']
['445', '544']
['588']
['809']
['202', '110', '71', '357', '494']
['547', '921', '580', '178', '595', '107', '12', '938', '850']
['276', '310', '920']
['291']
['983']
['25']
['112']
['542', '452', '971', '981', '765', '350', '553', '74']
['246']
['687']
['707']
['192']
['103', '372']
['617']
['106']
['467']
['203']
['741']
['361']
['493']
['163', '630', '433']
['779', '862']
['810']
['28']
['434']
['857']
['927']
['919']
['26']
['876']
['538']
['245']
['958']
['342']
['30']
['504']
['720', '253', '262']
['785', '425', '701', '674', '374', '846']
['851']
['660']
['189', '615', '352', '776']
['140']
['94', '513']
['49', '302', '520', '220']
['517', '308', '233']
['750']
['280']
['187']
['32']
['632']
['999', '480', '27', '326', '770', '459']
['500', '949', '476', '540', '855']
['891', '331']
['2']
['465', '126', '339', '883', '122']
['937']
['968']
['454']
['897', '55', '699', '842', '976', '567', '34', '801', '402', '619', '334', '512']
['250']
['367']
['969']
['33', '455']
['560']
['790']
['410']
['796', '626']
['638']
['913']
['462', '894', '634', '128', '368', '912', '942', '988', '743']
['351']
['42']
['607', '184', '596', '755']
['952']
['748']
['244']
['237']
['365']
['175']
['53']
['843']
['618', '502']
['387']
['17']
['837']
['18']
['751']
['305']
['620']
