['457', '396', '240', '290', '211', '157', '93', '592', '599', '134', '809', '790', '917']
['57', '17', '659', '351', '787', '137', '500', '41', '231', '421', '650', '448', '835', '850', '283', '323', '92', '998']
['399', '798', '570', '849', '559', '27', '48', '936', '470', '965', '156', '212']
['67', '407', '338', '982', '193', '527', '307', '728', '804', '152', '997', '566', '781', '73', '355', '174', '851', '59', '342', '379', '810', '979', '296', '437', '55', '126', '667', '986', '192', '690', '813', '443', '19', '149', '802', '722']
['125', '68', '115', '196', '382', '406', '347', '814', '558', '871', '179', '64', '933', '822', '86', '962', '221', '166', '704', '905', '610']
['173', '912', '882', '153', '484', '833', '811', '903', '731', '960', '953', '795', '244', '980', '210', '614', '920', '625', '280', '588', '159', '263', '594', '145', '182']
['974', '630', '759', '934', '432', '611', '195', '699', '721', '288', '292', '364', '139', '840', '598']
['53', '776', '336', '24', '163', '969', '915', '39', '77', '842', '503']
['910', '591', '410', '32', '623', '774', '513', '185', '454', '122', '384', '881', '727', '751', '365', '293', '372', '709', '705', '371', '164', '97', '532', '219', '853', '416', '653', '654', '94', '414', '819']
['837', '872', '946', '315', '3', '708', '627', '202', '956', '628', '325', '493', '37', '90', '550', '165', '884', '87', '505', '69', '0', '88', '7', '439', '214', '638', '499', '816', '679', '328', '397', '102', '460', '239', '116', '778', '65', '712', '677', '304', '606']
['361', '335', '911', '111', '1', '684', '869', '678', '305', '852', '775', '523', '23', '959', '574', '767', '507']
['197', '879', '785', '52', '889', '112', '995', '258', '270', '596', '29', '72', '632', '820', '465', '38', '788', '60', '49', '298']
['665', '575', '326', '209', '490', '560', '664', '400', '171', '352', '755', '494', '803', '771', '957', '6', '34', '129', '16', '110', '924']
['25', '948', '309', '401', '370', '434', '652', '71', '222', '409', '188', '975', '425', '748', '273', '521', '831', '324', '496', '972', '902', '255', '925']
['33', '541', '504', '225', '502', '981', '700', '479', '74', '564', '512', '141', '334', '714', '529', '369', '735', '218', '536', '658', '181', '103', '589', '426', '8', '717', '85', '555', '492']
['895', '489', '456', '641', '885', '586', '170', '964', '133', '229', '553', '545', '724', '786', '321', '901', '330', '349', '531', '518', '565', '128', '758']
['168', '899', '343', '480', '18', '250', '660', '991', '983', '98', '530', '877', '542', '176', '130']
['752', '177', '89', '685', '458', '568', '373', '900', '50', '340', '274', '976', '322', '514', '646', '970', '710']
['96', '894', '200', '464', '51', '893', '203', '418', '634', '817', '442', '264', '854', '367', '838', '896', '346', '519', '582', '753']
['516', '789', '824', '615', '922', '978', '206', '302', '737', '178', '958', '348', '477', '148', '847', '245']
['386', '213', '44', '483', '368', '299', '491', '637', '431', '472', '281', '619', '42', '366', '844', '971', '109', '711', '719', '725', '204']
['593', '497', '266', '147', '316', '451', '848', '308', '100', '314', '605', '907', '756', '138', '916', '587', '249', '169']
['476', '860', '762', '119', '576', '247', '356', '636', '604', '528', '873', '815', '353', '832', '332', '510', '482', '161', '734', '289', '259', '538', '919', '985', '656', '754']
['83', '777', '441', '403', '673', '793', '162', '765', '487', '14', '577', '62', '228', '131', '886', '58', '99', '411', '76', '779', '935', '702', '870']
['199', '909', '713', '797', '698', '887', '928', '647', '668', '485', '671']
['224', '883', '331', '563', '15', '747', '413', '750', '584', '445', '82', '864', '648', '966', '868', '175', '906', '393']
['278', '357', '663', '923', '430', '812', '261', '135', '217', '782', '463', '9', '291', '180', '47']
['772', '954', '459', '35', '251', '968', '578']
['666', '475', '436', '800', '706', '640', '597', '554', '268', '733', '914', '693', '469', '993', '961', '826', '284']
['358', '84', '579', '501', '794', '155', '642', '158', '689', '657', '61', '319', '265', '124']
['878', '543', '13', '547', '989', '327', '75', '81', '101', '118', '30', '117', '898', '888', '669', '295']
['360', '600', '419', '843', '390', '262', '12', '344', '56', '890', '561', '405', '404', '313']
['106', '402', '791', '571', '104', '861', '339', '757', '742', '282']
['423', '227', '973', '4', '855', '784', '913', '696', '867', '609', '546', '839', '237', '105', '937', '471', '670', '272', '43']
['233', '729', '354', '626', '661', '556', '279', '276', '534', '337', '942', '823', '834', '208', '821', '743', '633', '827', '992', '452', '248', '572', '515', '385', '955', '317', '686', '453', '329', '31', '28']
['943', '645', '701', '191', '45', '146', '681', '394', '478', '984', '254', '190', '940']
['461', '732', '651', '691', '391']
['818', '389', '805', '398', '939', '95', '91', '311', '720', '963', '930', '859', '740', '952']
['644', '136', '874', '703', '123', '22', '616', '649', '150', '749', '40', '739', '622']
['341', '486', '498', '716', '549', '11', '544', '524', '941', '517', '618', '672', '318', '825', '744', '36']
['446', '440', '745', '926', '655', '769', '866', '639', '474', '557', '697', '412', '350', '535', '285', '621', '312', '252', '918', '473', '608', '108', '680', '635', '376', '694', '201', '715']
['381', '160', '845', '236', '773', '447', '987', '172', '374', '395', '508', '2', '526', '121', '468', '54', '241', '438', '187']
['631', '257', '378', '345', '269', '114', '583', '741', '428', '836', '760', '808', '792', '931', '829', '726', '246', '856', '506']
['235', '967', '435', '300', '539', '932', '127', '522', '242', '996', '828', '20', '736', '362', '977', '929', '692', '466', '10', '891', '113', '70', '488', '537', '613', '880', '676', '5', '629', '841', '481', '205', '573']
['78', '467', '243', '380', '420', '643', '183', '238', '525', '858', '862', '718', '186', '462', '297', '363']
['921', '938', '271', '234', '275', '230', '216', '904', '875', '988', '730', '763', '612', '215', '770', '569', '194', '167', '120', '267', '682', '388', '947', '294', '143', '876', '449', '994', '945', '226', '450']
['807', '132', '892', '520', '21', '333', '675', '26', '624', '66', '761']
['144', '429', '444', '783', '424', '674', '999', '509', '422', '603', '620', '63', '207', '607', '601', '585', '184', '287', '723', '301', '220', '662', '415']
['495', '590', '768', '562', '189', '580', '766', '455', '687', '688', '796', '310', '863', '253', '198', '951', '80', '746', '540', '799', '548', '223']
['387', '320', '433', '581', '256', '306', '897', '695', '286', '602', '927', '151', '260', '140', '950', '408', '46', '908', '846', '142', '944', '427', '154', '780', '764', '377', '417']
['738', '801', '617', '595', '79', '359', '511', '865', '383', '806', '551', '990', '303', '830', '277', '707', '683', '392', '552', '857', '375', '533', '232', '949', '567', '107']
