['224', '699', '219', '482']
['987', '344', '308', '740', '61', '300', '957', '194', '274', '914', '212', '235', '421', '157', '673', '347', '995', '311', '621', '684', '571', '321', '998', '678', '923', '5', '123', '947', '639', '564', '451', '579', '518', '825', '873', '233', '619', '418', '535', '831']
['504', '246', '98', '972', '160', '426', '602', '116', '303', '770', '341', '62', '223', '716', '58', '918', '366', '548', '36', '517', '202', '257', '289', '938', '616', '582', '443', '974', '104', '49', '132', '516', '118', '489', '512', '181', '320', '622', '846', '401']
['900', '106', '627', '145', '872', '967', '877', '727', '763', '88', '394', '440', '208', '520', '461', '417', '890', '721', '19', '955', '783', '346', '480', '521', '52', '981', '754', '491', '122', '456', '199', '428', '40', '351', '134', '42', '340', '596', '283']
['983', '222', '244', '163', '862', '979', '880', '806', '883', '528', '368', '385', '67', '226', '915', '879', '645', '439', '753', '416', '643', '25', '666', '779', '999', '734', '617', '558', '523', '359', '835', '565', '919', '453', '515', '279', '856', '51', '768', '213']
['954', '403', '543', '930', '839', '549', '90', '140', '102', '960', '498', '129', '2', '490', '864', '282', '855', '562', '328', '138', '905', '173', '937', '256', '588', '511', '561', '228', '158', '674', '737', '218', '462', '154', '100', '71', '251', '935', '729', '908']
['692', '18', '893', '793', '910', '629', '534', '634', '127', '369', '150', '287', '295', '978', '183', '761', '231', '338', '299', '371', '958', '696', '65', '551', '253', '130', '305', '269', '934', '992', '718', '436', '60', '412', '715', '337', '903', '583', '774', '949']
['261', '63', '741', '971', '448', '519', '382', '860', '997', '497', '227', '297', '951', '438', '358', '986', '502', '24', '13', '318', '921', '22', '690', '376', '670', '501', '404', '242', '841', '486', '851', '316', '252', '249', '940', '411', '932', '481', '604', '388']
['720', '126', '304', '326', '32', '709', '135', '691', '464', '713', '315', '812', '848', '357']
['894', '336', '711', '808', '833', '434', '867', '745', '706', '124', '332', '630', '547', '875', '789', '505', '647', '211', '330', '730', '301', '626', '276', '898', '966', '708', '608', '552', '698', '76', '928', '892', '682', '268', '423', '143', '778', '29', '762', '431']
['177', '419', '230', '589', '743', '786']
['858', '57', '509', '469', '788', '198', '75', '306', '514', '603', '148', '197', '381', '89', '254', '936', '686', '554', '574', '672', '705', '746', '628', '82', '264', '508', '159', '976', '185', '162', '969', '463', '598', '677', '631', '790', '73', '74', '364', '871']
['348', '263', '854', '524', '290', '64', '896', '195', '948', '707', '747', '606', '965', '945', '101', '70', '529', '166', '312', '450', '445', '993', '216', '170', '540', '313', '964', '444', '802', '541', '704', '479', '756', '878', '331', '377', '593', '821', '800', '206']
['9', '103', '262', '83', '703', '455', '550', '850', '546', '769', '14', '794', '724', '221', '156', '77', '149', '108', '961', '557', '695', '990', '237', '380', '296', '755', '69', '12', '354', '784', '609', '632', '352', '591', '924', '473', '946', '605', '46', '92']
['188', '912', '683', '738', '267', '939', '953', '343', '889', '807', '495', '424', '468', '614', '35', '499', '796', '776', '280', '168', '580', '335', '383', '78', '94', '689', '710', '21', '929', '881', '822', '792', '681', '99', '72', '886', '766', '732', '904', '744']
['607', '272', '23', '586', '232', '372', '927', '667', '782', '125', '767', '399', '467', '136', '339', '133', '749', '435', '420', '865', '205', '114', '68', '771', '847', '722', '322', '568', '405', '459', '649', '973', '887', '859', '832', '161', '86', '155', '601', '891']
['95', '324', '863', '780', '291', '984', '131', '121', '429', '798', '288', '834', '751', '45', '585', '752', '1', '460', '950', '384', '43', '8', '507', '243', '531', '414', '522', '442', '255', '597', '911', '563', '387', '532', '726', '396', '286', '640', '777', '922']
['612', '271', '164', '207', '671', '186', '472']
['15', '917', '925', '422', '644', '378', '217', '437']
['96', '53', '413', '452', '239', '799', '624', '34', '496', '791', '187', '484', '247', '275', '184', '356', '980', '506', '214', '569', '474', '611', '397', '901', '857', '988', '191', '475', '323', '610', '739', '266', '373', '11', '209', '407', '952', '119', '933', '31']
['661', '625', '215', '55', '659', '650', '302', '273', '476', '47', '775', '201', '787', '500', '248', '415', '50', '668', '648', '427', '852', '907', '258', '590', '84', '750', '712', '876', '477', '633', '660', '361', '714', '241', '112', '277', '676', '837', '759', '16']
['503', '941', '913']
['28', '560', '719', '470', '113', '400', '977', '278', '989', '882', '410', '773', '493', '795', '813', '365', '758', '962', '836', '38', '190', '926', '115', '41', '334', '281', '829', '620', '742', '386', '398', '536', '210', '685', '637', '309', '360', '592', '570', '144']
['717', '355', '680', '402', '465', '688', '599', '48', '179', '314', '353', '675', '553', '146', '765', '687', '111', '204', '85', '178', '636', '93', '457', '79', '292', '728', '870', '139', '916', '576', '646', '425', '26', '963', '7', '537', '657', '920', '20', '176']
['970', '167', '664', '81', '700', '736', '142', '888', '370', '842', '772', '575', '147', '654', '128', '333', '6', '54', '175', '270', '665', '662', '153', '298', '830', '310', '748', '430', '968', '567', '180', '390', '638', '225', '10', '478', '581', '265', '141', '327']
['944', '861', '559', '587', '868', '723', '39', '931', '80', '91', '259', '350', '182', '409', '200', '389', '663', '555', '433', '526', '393', '109', '544', '785', '294', '33', '884', '293', '895', '408', '824', '446', '458', '845', '37', '803', '406', '471', '573']
['814', '284', '819', '307', '492', '97', '174', '735', '909', '3', '642', '843', '345', '196', '432', '897', '823', '635', '655', '375', '152', '117', '982', '725', '530', '454', '827', '59', '374', '801', '577', '804', '525', '869', '466', '449', '0', '363', '994', '669']
['285', '866', '17', '527', '260', '942', '66', '820', '488', '828', '250', '651', '137', '809', '319', '494', '171', '192', '533', '826', '329', '701', '733', '764', '811', '203', '510', '731', '693', '874', '615', '595', '44', '229', '885', '853', '513', '542', '447', '844']
['816', '27', '236', '349', '838', '539', '165', '234', '87', '902', '120', '538', '943', '906', '317', '245', '189', '392', '56', '379', '757', '578', '169', '566', '594', '238', '623', '151', '545', '107', '110', '483', '985', '613', '975', '959', '618', '656', '641', '658']
['781', '653', '584', '797', '760', '556', '193', '805', '694', '956', '391', '395', '342', '679', '487', '815', '485', '4', '220', '105', '172', '818', '697', '810', '899', '991', '325', '996', '30', '849', '441', '840', '240', '600', '817', '702', '652', '367', '362', '572']
