['329', '606', '616', '134', '264']
['70', '482', '102', '210', '166']
['307', '24', '12']
['711', '371', '432', '468']
['397', '501', '289']
['179']
['137', '311']
['234', '703', '325']
['84', '55']
['367', '472', '199', '657', '88']
['294', '686', '100', '213', '513']
['422', '622', '218', '454', '357', '508']
['59', '502', '674', '693', '647']
['355', '379', '326']
['14', '296', '204', '543']
['494', '763', '339']
['416', '151', '758', '734', '3', '80']
['60', '756', '17', '571', '678', '292']
['778', '699', '165', '761', '486', '236', '552']
['633', '542']
['246', '224']
['736', '515', '113', '433', '261', '46']
['458', '554', '146', '118', '583', '718', '651']
['198', '729', '130', '575', '385', '499', '383']
['231', '254', '333', '273', '310']
['744', '230', '635', '779', '323']
['111', '720', '386', '751', '160', '724', '603']
['793', '619', '170']
['706', '414', '589', '300']
['322', '219', '558']
['467', '392', '621', '694', '507']
['403', '692']
['185', '349']
['477', '142', '772', '525', '203', '424']
['318', '480', '271']
['315', '191']
['40', '596']
['476', '22', '245', '404']
['731', '667', '144', '666', '607', '91', '103']
['438', '495']
['363', '362', '735', '25', '105']
['15', '136', '754', '44', '773']
['140', '108', '409', '109']
['631', '590', '559', '387', '690', '796', '655']
['308', '396']
['92', '627', '221']
['228', '101', '659', '532', '394', '380']
['689', '522', '535', '663', '673']
['444', '752', '555']
['138']
['649', '412', '539', '115', '272', '354']
['698', '671', '550', '251', '343']
['215', '489', '131', '393', '601']
['351', '749', '182', '425', '359', '61']
['654', '605', '577']
['599', '158', '719', '452', '327', '561']
['398', '364']
['713']
['54', '766', '645']
['585', '417', '485', '68', '232']
['544', '64', '600', '301']
['317', '122']
['625', '563']
['20', '192', '67', '186', '2', '346']
['473', '527', '11']
['370', '584', '402', '668']
['266', '238', '332', '99', '785', '469', '523']
['13', '648', '428', '471', '413', '284']
['650', '594', '588', '154', '340', '538']
['639']
['642', '195', '381']
['316', '405', '153']
['120', '658', '74', '123', '188']
['732', '591', '529']
['267']
['794', '304', '564', '372', '434', '478']
['389', '217', '297', '9', '572', '612']
['573', '33', '244', '147', '775', '6']
['143', '334', '747', '112', '598', '615', '235']
['205', '96', '391', '233', '760', '511', '435']
['531', '497', '799', '306']
['466', '347']
['474']
['400', '576', '226', '487']
['755', '505', '388', '408', '516']
['299', '29', '641', '791']
['180', '746']
['338', '700', '279', '442', '521', '37']
['792', '19', '728', '595', '128', '28']
['79', '739', '107']
['239', '53', '644', '86', '565']
['281']
['116', '419', '208', '56', '341', '634']
['629']
['429', '547']
['177', '687']
['214', '611', '461', '94']
['268', '664', '106', '172', '587', '71']
['617', '313', '553', '431']
['548', '149']
['184', '695', '176', '196', '187', '366']
['636', '510', '374', '604', '540', '490', '104']
['492', '49', '152', '314', '126']
['509', '725', '365', '418']
['114', '427', '4', '681', '139']
['358', '141', '124']
['83', '157', '753', '132']
['173', '90', '189', '710']
['498', '503']
['707', '614', '220']
['704', '705', '98', '18', '420', '464', '361']
['541', '324', '21', '320', '685', '258', '688']
['229', '121', '260']
['174', '762', '580', '450', '39']
['211', '276', '449', '212', '81']
['190', '148', '76']
['288', '290', '786', '34', '259', '30']
['373', '82', '87']
['551', '0', '696', '356', '715']
['726', '661', '623']
['697', '247', '252', '382', '216', '533']
['312', '162', '227']
['652', '740']
['769', '401']
['677', '291']
['463', '526']
['253', '344']
['798', '770', '783']
['630', '194', '277', '683', '127', '209', '249']
['536', '665', '159']
['331', '443', '256']
['738', '733', '574', '378']
['399', '682', '237']
['286', '72', '51', '222', '167', '597', '440']
['787', '23']
['632', '771', '407']
['41', '608']
['656', '465', '445', '640', '423', '223']
['481', '451', '164', '723', '89', '520']
['410', '530', '406', '255']
['119', '714', '225', '764']
['765', '579', '48', '593']
['430', '742', '85', '201']
['183', '342', '280', '369', '504']
['178']
['368', '163']
['69', '336', '133', '488', '16', '353']
['797']
['789', '75', '1', '582', '47']
['730', '475']
['63', '376', '345', '560', '31']
['741', '66']
['448', '708', '175', '680']
['781', '125', '767', '97', '517', '348']
['721', '135', '613', '745', '727', '243', '662']
['670', '757', '578']
['43', '470', '716', '426']
['562', '514', '776', '32', '250', '768', '305']
['263']
['36', '93', '309', '241']
['669', '709', '524', '782', '321', '202', '287']
['52', '637', '270']
['586', '722', '145']
['462', '150', '350', '679', '602', '518', '295']
['35']
['5', '285', '390', '581', '38', '58']
['780', '27', '439', '784', '624']
['483', '660', '456', '42']
['78', '717', '384']
['156', '73', '415']
['7', '453', '421', '557', '610']
['269', '567', '701']
['274']
['278', '265', '457', '493', '248']
['512', '566', '702', '479', '352', '528', '653']
['556', '375', '129', '169']
['335']
['777']
['8']
['57']
['206', '262', '459', '546', '534', '181']
['620', '484', '275', '207', '110']
['460', '676', '411', '257']
['330', '737', '446', '45', '200', '436', '750']
['441']
['691', '545', '117', '500', '337', '395']
['506', '293', '643', '283', '570']
['759', '609']
['155', '319', '197']
['298', '626', '537']
['684', '592', '549', '62', '193']
['328']
['377', '455', '77', '618', '712']
['496', '628', '303', '569', '161', '743']
['437', '26', '748', '65', '10', '672']
['788', '242', '795', '790', '240']
['646', '491']
['568', '50', '774', '95', '447', '360', '282']
['302', '638', '171']
['168', '675', '519']
