['288', '772', '113', '385', '978', '440', '91', '958', '606', '769', '310', '399', '384', '160', '361', '270', '136', '447', '548', '947', '42', '819', '98', '182', '743', '870', '684', '768', '700', '887', '378', '290']
['380', '928', '242', '188', '561', '727', '186', '651', '501', '867', '985', '352', '38', '64', '259', '404', '379', '812', '89', '34', '315', '901', '805', '930', '506', '961', '277', '359', '910', '656', '798', '429', '280', '617', '456', '426', '118', '716', '451']
['807', '785', '688', '362', '25', '497', '325', '914', '363', '713', '981', '894', '711', '189', '874', '549', '13', '141', '319', '173', '292', '589', '936', '893', '105', '221', '948', '782', '650', '702', '37', '786', '908', '377', '898', '85', '448', '629', '614', '388']
['355', '562', '455', '142', '401', '59', '764', '36', '751', '592', '718', '649', '301', '697', '896', '851', '528', '522', '164', '905', '552', '515', '70', '747', '916', '545', '920', '502', '314', '324', '175', '800']
['272', '601', '181', '681', '783', '139', '987', '992', '180', '582', '333', '393', '264', '794', '619', '432', '445', '728', '897', '674', '166', '48', '505', '438', '553', '963', '293', '662', '868', '123', '43', '32', '818', '484', '205', '814', '475', '945', '414', '140']
['710', '638', '347', '327', '329', '417', '973', '207', '568', '169', '396', '588', '470', '74', '720', '99', '871', '715', '598', '269', '416', '704', '110', '672', '682', '744', '659', '278', '575', '537', '733', '569', '126', '230', '603']
['84', '986', '20', '922', '840', '464', '338', '950', '383', '988', '47', '631', '959', '151', '865', '701', '753', '736', '514', '671', '268', '709', '658', '208', '162', '1', '381', '806', '705', '821', '725', '755', '890', '721', '941', '584', '570']
['250', '446', '657', '49', '790', '472', '937', '147', '103', '567', '9', '465', '951', '67', '155', '218', '695', '939', '590', '73', '12', '976', '461', '129', '494', '459', '154', '234', '276', '308', '403', '935', '81', '962', '683', '481', '971', '596', '366']
['302', '571', '387', '519', '196', '809', '523', '820', '559', '78', '607', '938', '313', '111', '137', '816', '740', '389', '51', '770', '737', '750', '224', '133', '236', '458', '152', '774', '848', '531', '40', '441', '759', '834']
['336', '372', '394', '741', '2', '198', '184', '436', '106', '452', '854', '332', '891', '204', '423', '762', '644', '391', '775', '995', '249', '431', '532', '143', '92', '878', '811', '632', '771', '913', '837', '487', '240', '969', '219', '576', '200', '457', '556']
['808', '745', '323', '792', '444', '46', '801', '83', '845', '50', '925', '427', '194', '453', '21', '699', '535', '409', '838', '566', '915', '364', '321', '402']
['583', '33', '748', '14', '354', '960', '626', '940', '476', '974', '482', '500', '516', '595', '97', '830', '921', '257', '146', '360', '645', '746', '66', '185', '233', '909', '967', '856', '863', '353', '543', '199', '82', '593', '612', '508', '703', '474', '178', '18']
['888', '340', '536', '929', '825', '621', '16', '670', '885', '342', '466', '841', '69', '298', '216', '346', '550', '477', '546', '190', '478', '615']
['348', '714', '602', '411', '167', '859', '779', '826', '479', '382', '984', '124', '923', '11', '773', '374', '586', '10', '255', '573', '630', '439', '558', '406', '490', '488', '580', '680', '425', '300', '692']
['541', '357', '265', '296', '52', '331', '956', '639', '734', '229', '271', '758', '634', '244', '153', '246', '328', '873', '498', '518', '15', '57', '419', '906', '918', '722', '263']
['599', '60', '678', '609', '832', '127', '134', '161', '942', '708', '866', '473', '243', '635', '54', '547', '627', '694', '817', '122', '6', '410', '422', '62', '979', '989', '966', '968']
['594', '320', '534', '669', '287', '761', '158', '183', '524', '491', '943', '53', '875', '880', '306', '539', '895', '903', '130', '35', '144', '766', '430', '309', '312', '687', '492', '919', '527']
['693', '907', '305', '22', '605', '983', '666', '191', '511', '591', '165', '115', '76', '622', '261', '628', '493', '345', '424', '883', '780', '533', '480', '274', '8', '802', '731', '125', '376', '944', '214', '104', '370', '5', '954', '696', '990', '318', '754']
['777', '434', '344', '334', '30', '729', '742', '892', '610', '87', '55', '245', '254', '667', '159', '337', '776', '949', '876', '512', '210', '252', '443', '96', '375', '663', '975', '256', '228', '463', '813', '646', '689']
['469', '128', '707', '860', '624', '899', '119', '850', '145', '217', '797', '23', '749', '339', '297', '442', '24', '912', '994', '673', '652', '203', '72', '623', '170', '520', '193', '849', '284', '283', '904', '172']
['763', '677', '926', '793', '796', '886', '641', '365', '726', '317', '275', '648', '239', '636', '131', '316', '791', '803', '577', '421', '824', '350', '507', '0', '829', '510', '335', '993', '551', '88', '358', '544', '356', '171', '664', '633', '765', '712', '675']
['917', '795', '952', '405', '739', '900', '226', '858', '307', '844', '847', '676', '253', '581', '579', '911', '179', '668', '304', '65', '116', '608', '585', '616', '723', '640', '63', '855', '223', '468', '879', '267', '279', '852', '7', '75', '542', '877', '495', '192']
['241', '454', '738', '408', '258', '618', '197', '94', '931', '77', '972', '112', '282', '231', '661', '212', '251', '660', '407', '833', '248', '93', '117', '235', '386', '486', '489', '823']
['784', '521', '587', '604', '138', '150', '767', '41', '946', '822', '862', '665', '927', '781', '176', '513', '902', '450', '525', '135', '540', '201', '157', '351', '625', '560', '597', '964', '485', '349']
['787', '932', '686', '933', '31', '311', '222', '220', '413', '211', '367', '760', '132', '420', '600', '611', '86', '955', '26', '156', '685']
['706', '977', '428', '788', '578', '95', '195', '724', '266', '799', '842', '839', '238', '827', '392', '28', '530', '980', '225', '102', '526', '554', '168', '390', '247', '853', '373', '957', '517', '330']
['108', '642', '613', '719', '281', '679', '369', '496', '462', '643', '68', '100', '538', '286', '107', '398', '529', '289', '56', '924', '285', '732', '620', '163', '177', '90', '397', '295', '953', '810', '654', '572', '4', '395', '991', '564', '433', '471', '730', '17']
['555', '209', '934', '148', '343', '691', '499', '39', '368', '232', '843', '970', '757', '273', '735', '565', '815', '637', '45', '789', '460', '58', '846', '778', '371', '563']
['653', '187', '655', '174', '884', '149', '435', '237', '504', '101', '262', '418', '71', '27', '213', '509', '836', '804', '698', '19', '291', '835', '503', '717', '260', '206', '44', '483', '756', '79', '828', '647']
['889', '215', '690', '557', '467', '982', '299', '326', '109', '202', '322', '80', '412', '121', '872', '400', '415', '437', '864', '120', '882', '869', '303', '861', '831', '29', '341', '965', '881', '574', '294', '3', '61', '449', '752', '857', '114', '227']
