['973', '659', '751', '670', '901', '872', '104', '503', '282', '808', '558', '549', '353', '113', '228', '63', '775', '834']
['482', '991', '622', '417', '160', '568', '871', '429', '643', '488', '707', '696', '541', '542', '20', '303', '420', '41', '878', '793', '450', '797', '977', '378', '208', '70', '517', '288', '258']
['243', '857', '254', '324', '577', '916', '731', '397', '341', '410', '317', '624', '592', '354', '652', '202', '910', '43', '451', '560', '433', '308', '150', '595', '497', '325', '879', '963']
['175', '561', '588', '81', '247']
['351', '18', '685', '761', '131', '660', '153', '962', '54', '382', '259', '421', '434', '939', '373', '10', '552', '570', '109', '93', '726', '122', '928', '166', '489', '295', '426', '678', '812', '179', '669', '884', '343', '141', '789']
['33', '957', '323', '994', '367', '540', '212', '340', '107', '182', '612', '565', '125', '116', '205', '448', '269', '189', '545', '69', '863', '644', '57', '391', '981', '519', '620', '525', '333', '817', '840', '314', '743']
['361', '599', '64', '151', '46', '52', '980', '746', '14', '785', '641', '875', '453', '964', '505', '581', '158', '645', '106', '76', '5']
['161', '515', '51', '219', '307', '342', '238', '837', '60', '927', '860', '512', '136', '3', '933', '946', '77']
['730', '911', '848', '26', '814', '632', '7', '868', '192', '790', '220', '791', '399', '783', '89', '603', '985', '385', '38', '465', '693', '283', '647', '178', '394', '715', '290', '45']
['516', '365', '86', '185', '473', '997', '496', '143', '755', '19', '422', '724', '200', '301', '98', '747', '499', '362', '665', '885', '155', '745', '722', '266', '364', '788', '692', '801', '492']
['713', '611', '635', '995', '44', '691', '723', '629', '233', '943', '474', '578', '851', '548', '923', '771', '752', '579', '803', '203', '584', '809']
['574', '756', '550', '559', '709', '618', '132', '446', '567', '869', '582', '92', '28', '366', '48', '214', '413', '689', '285', '61', '401', '194', '846', '355', '124', '388', '766', '898', '471', '776', '250', '782', '876', '432']
['616', '764', '617', '120', '900', '437', '135', '820', '976', '53', '17', '127', '159', '440', '528', '457', '992', '415', '523', '356', '393', '470', '634', '177']
['932', '461', '539', '710', '866', '506', '201', '316', '975', '677', '111', '754', '140', '322', '444', '902', '633', '532']
['501', '206', '468', '227']
['921', '380', '493', '197', '24', '984', '811', '234', '841', '926', '718', '821', '379', '819', '472', '970', '575', '908', '627', '1', '576', '235', '815', '292', '277', '934', '853', '935', '293', '750', '899', '602', '890']
['796', '867', '948', '688', '191', '439', '101', '982', '784', '271', '95', '697', '653', '230', '521', '279', '15', '882', '424', '319', '914', '832', '299', '510', '861', '318', '321', '534']
['967', '22', '117', '145', '986', '97', '668', '912', '822', '642', '931', '738', '408', '742', '719', '769', '734', '320', '591', '498', '918', '968', '680', '596', '827', '169', '123', '36', '961', '514', '667', '142', '562']
['824', '741', '42', '162', '675', '2', '813', '338', '224', '481', '987', '883', '555', '792', '571', '350', '485', '389', '896', '268', '156', '676']
['703', '835', '996', '298', '244', '495', '862', '608', '502', '686', '842', '198', '119', '614', '826', '887', '959', '679', '625', '854', '988', '535', '580', '606', '370']
['598', '566', '658', '705', '605', '847', '748', '6', '85', '242', '441', '460', '544']
['583', '917', '375', '802', '74', '640', '139', '445', '702', '164', '80', '807', '186', '556', '357', '823', '352', '637', '34', '695', '94', '955', '958', '972', '687', '587', '781', '795']
['779', '39', '858', '371', '221', '345', '805', '430', '778', '593', '806', '328', '21', '628', '818', '630', '8', '190', '241', '585', '663', '181', '0', '334', '543', '209', '524', '199', '195', '147', '924', '464', '477', '458']
['84', '71', '414', '281', '475', '87', '763', '646', '609', '100', '480', '907', '526']
['226', '263', '850', '798', '376', '736', '737', '436', '265', '339', '615', '905', '332', '839', '47', '404', '403', '9', '368', '938', '671', '874', '971', '623', '260', '240', '657']
['735', '210', '661', '487', '110', '237', '309', '330', '275', '443', '207', '336', '349', '830', '966', '852', '438', '311', '740', '148', '600', '655']
['513', '187', '29', '149', '903', '672', '49', '211', '799', '105', '509', '682', '507', '262', '90', '374', '284', '245', '870', '449', '32', '714', '843', '476', '777', '138', '327', '478', '553', '217', '363', '381', '727', '881']
['888', '864', '296', '68', '636', '171', '286', '213', '674', '372', '232', '486', '273', '531', '144', '711', '82', '889', '619', '223', '270', '229', '255', '699', '739', '392']
['704', '231', '664', '551', '291', '456', '530', '326', '762', '712', '346', '770', '425', '951', '765', '607', '706', '597', '103', '638', '246', '892', '937', '118']
['88', '844', '538', '694', '168', '252', '396', '804', '654', '369', '749', '384', '377', '306', '865', '114', '522', '335', '248', '452', '280', '251', '729', '491', '257', '37', '305', '112', '407', '983', '794', '940', '11', '165']
['180', '768', '154', '536', '527', '58', '490', '649', '239', '274', '272', '753', '75', '253', '537', '222', '435', '466', '411', '225', '925', '648', '880', '728', '944', '287', '989', '500', '974', '825', '300', '400', '673', '999']
['130', '700', '249', '774', '73', '431', '398', '256', '188', '662', '78', '828', '547', '511', '919', '767', '698', '845']
['99', '236', '886', '773', '915', '62', '386', '906', '121', '102', '294', '184', '174', '50', '936', '941', '218']
['849', '831', '96', '954', '787', '390', '760', '16', '115', '965', '428', '893', '337', '419', '816', '626', '950', '35', '564', '533', '193', '204', '302', '594', '529', '838', '402', '960', '979', '504', '557', '829', '442', '949']
['895', '27', '348', '358', '360', '613', '894', '639', '383', '590', '359', '216', '733', '780', '897', '836', '993', '313', '716', '930', '855', '913', '759', '604', '920', '4', '666', '621', '427', '922', '725', '459', '65']
['690', '315', '387', '744', '128', '651', '717', '656', '418', '173', '215', '757', '721', '969', '167', '990', '406', '684', '72', '455', '520', '758', '12', '312', '66', '152', '157', '494', '56', '681', '610', '732', '833']
['956', '146', '772', '423', '278', '31', '304', '800']
['126', '30', '13', '891', '586', '904', '91', '701', '554', '631', '331', '267', '953', '945', '947', '856', '572', '859', '59', '683', '108', '129', '79', '264', '569', '942', '810', '909', '650', '412', '261', '405', '67', '573', '176']
['873', '395', '172', '469', '786', '589', '462', '463', '329', '998', '137', '483', '409', '877', '484', '163', '601', '344', '454', '467', '23', '170', '276', '708', '518', '447', '546', '310', '83', '289', '563', '196']
['40', '720', '183', '55', '133', '347', '416', '978', '952', '25', '134', '297', '508', '479', '929']
