['268', '921', '877', '889', '450', '652', '990', '860', '871', '33', '309', '576', '310', '247', '242', '855', '386', '912', '329', '298', '440', '128', '442', '324', '192', '564', '798', '294', '690', '325', '2', '497', '85', '556', '751', '366', '466']
['484', '631', '46', '599', '661', '612', '967', '62', '253', '645', '382', '678', '971', '213', '743', '773', '849', '722', '592', '446', '499', '286', '516', '260', '462', '22', '551', '720', '800', '101']
['138', '602', '234', '947', '586', '389', '672', '436', '245', '818', '79', '357', '363', '926', '27', '754', '102', '585', '121', '749', '814', '884', '970', '376', '54', '75', '171', '697', '47', '688', '229', '489']
['846', '923', '598', '804', '97', '274', '189', '583', '174', '400', '596', '354', '415', '335', '343', '212', '513', '344', '493', '559', '100', '303', '308', '486', '182', '952', '501', '731', '483', '391', '863', '346', '677', '469', '698', '907']
['533', '205', '606', '543', '867', '219', '95', '765', '982', '705', '473', '244', '984', '503', '939', '297', '703', '421', '922', '897', '342', '684', '290', '874', '755', '900', '256', '262', '692', '480', '644', '995', '630', '15', '957', '155', '485']
['441', '527', '180', '572', '413', '972', '910', '433', '243', '895', '510', '13', '350', '685', '695', '713', '610', '581', '77', '567', '854', '404', '463', '825', '215', '55', '372', '823', '271', '937', '326', '650', '206']
['832', '976', '624', '741', '704', '196', '292', '82', '600', '640', '272', '200', '117', '392', '839', '122', '210', '550', '706', '866', '316', '730', '909', '792', '476', '146', '453', '539', '969', '535']
['263', '20', '417', '490', '880', '237', '519', '374', '264', '938', '339', '255', '412', '935', '351', '799', '398', '239', '671', '979', '886', '769', '829', '295', '1', '104', '191', '687', '304', '735']
['842', '12', '457', '675', '204', '994', '627', '714', '51', '858', '32', '962', '771', '184', '737', '355', '185', '156', '579', '488', '919', '9', '140', '710', '113', '851', '940', '668', '732', '565', '193', '467', '601', '35']
['524', '621', '756', '699', '288', '890', '530', '345', '153', '40', '338', '721', '531', '319', '775', '300', '6', '158', '53', '767', '540', '431', '330', '221', '629', '812', '968', '30', '554', '793', '474', '435', '31', '459', '759', '143', '17', '981', '52']
['683', '654', '135', '770', '788']
['94', '187', '72', '423', '811', '987', '614', '381', '63', '715', '657', '452', '898', '807', '929', '537', '24', '115', '525', '152', '850', '80', '408', '723', '468', '512', '470', '702', '39', '494', '278', '332', '951', '830', '542', '901', '726', '232']
['603', '388', '638', '385', '149', '607', '841', '642', '566', '709', '70', '541', '190', '312', '198', '89', '676', '552', '406', '58', '16', '776', '575', '655', '903', '950', '334', '869', '758', '803', '118', '834', '790']
['167', '594', '604', '461', '700', '908', '161', '56', '548', '663', '633', '498', '848', '878', '865', '515', '843', '130', '747', '418', '605', '25', '852', '425', '955', '555', '985', '233', '768', '593', '933', '124', '224', '83', '78']
['785', '883', '456', '358', '746', '69', '220', '434', '787', '424', '870', '930', '577', '833', '905', '942', '48', '828', '306', '449', '277', '250', '197', '444', '139', '944', '806', '371', '662', '455', '4', '235', '658', '637', '574', '394', '50', '528', '733', '438']
['763', '472', '390', '573', '327', '112', '824', '571', '314', '725', '868', '779', '523', '471', '578', '965', '103', '209', '19', '254', '147', '60', '222', '321', '301', '259', '148', '359', '231', '383', '789', '660', '68', '90', '162', '946', '634']
['911', '123', '57', '547', '998', '475', '943', '892', '422', '546', '487', '717', '183', '169', '635', '835', '261', '544', '166', '836', '14', '819', '296', '249', '84', '718', '636', '291', '784', '496', '681', '570', '218', '99']
['157', '201', '859', '352', '885', '175', '203', '960', '810', '282', '165', '108', '380', '328', '641', '802', '409', '188', '626', '227', '11', '477', '145']
['460', '317', '448', '283', '623', '318', '313', '648', '820', '809', '506', '796', '367', '891', '872', '597', '267', '774', '168', '211', '397', '137', '536', '93', '285', '669', '881', '322', '36']
['265', '482', '719', '236', '481', '622', '479', '159', '407', '279', '691', '899', '181', '86', '248', '375', '826', '3', '847', '780', '81', '561', '620', '864', '563', '170', '708', '977', '674', '991', '915', '396', '144', '805']
['983', '281', '349', '18', '207', '712', '632', '964', '141', '701', '989', '693', '917', '665', '492', '966', '580', '92', '445', '736', '582', '518', '427', '336', '777', '64', '762', '43', '932', '529', '928', '173', '997', '801', '217', '373', '617', '679', '753']
['670', '724', '132', '154', '225', '136', '402', '26', '973', '795', '707', '360', '49', '348', '426', '176', '827', '491', '816', '116', '405', '752', '931', '59', '307', '45', '34', '646', '861', '745', '845', '924', '639', '5', '673']
['74', '410', '0', '980', '961', '458', '44', '844', '711', '134', '893', '151', '120', '949', '742', '595', '925', '616', '356', '38', '42', '443', '794', '727', '105', '216', '299', '76', '131', '808', '323', '228', '619', '393', '439', '739']
['584', '945', '111', '999', '760', '520', '588', '857', '361', '963', '978', '914', '876', '451', '29', '495', '613', '502', '782', '214', '996', '744', '420', '23']
['320', '177', '311', '791', '840', '511', '240', '432', '988', '896', '772', '478', '728', '545', '694', '738', '589', '956', '986', '560', '369', '647', '87', '609', '894', '666', '223', '293', '508', '287', '534', '226', '258', '934']
['649', '341', '437', '347', '337', '781', '680', '918', '419', '454', '509', '517', '526', '129', '109', '856', '904', '879', '208', '37', '549', '246', '628', '853', '414', '430', '284', '740', '429', '587', '110', '615', '783', '331', '505', '532', '689', '67']
['172', '403', '133', '748', '941', '514', '251', '992', '797', '395', '127', '96', '993', '500', '974', '651', '377', '399', '368', '238', '608', '729', '384', '202', '353', '150', '875', '164', '538', '761', '276', '558', '817', '778', '958', '591']
['119', '65', '667', '10', '831', '289', '716', '7', '302', '178', '447', '757', '954', '686', '73', '416']
['88', '888', '948', '41', '179', '315', '66', '362', '734', '916', '927', '125', '553', '975', '273', '664', '882', '821', '411', '107', '786', '91', '766', '270', '61', '71', '305', '625', '230', '562', '370', '522', '659', '906', '364', '902', '653']
['507', '379', '521', '696', '569', '21', '163', '199', '428', '160', '114', '959', '920', '465', '126', '195', '682', '464', '611', '106', '365', '275', '557', '618', '194', '401', '887', '257', '504', '333', '873']
['750', '813', '266', '568', '822', '643', '764', '837', '838', '280', '241', '936', '269', '656', '378', '913', '862', '387', '8', '142', '340', '815', '186', '590', '28', '98', '252', '953']
