['733', '706', '374', '286', '619']
['343', '941', '512', '144', '417', '863', '153', '166', '791', '784']
['602', '328', '349', '882', '105', '236', '297', '737', '505', '661']
['725', '434', '636', '448', '99', '19', '319', '578', '738', '517']
['762', '822', '143', '680', '167']
['966', '411', '793', '187', '162', '201', '397', '876', '81', '686']
['404', '676', '22', '710', '429', '281', '207']
['770', '752', '658', '690', '703', '655', '593', '238', '237', '235']
['981', '652', '135', '25', '308', '70', '9', '610']
['488', '413', '767', '515', '700', '490', '2']
['471', '932', '223', '350', '177', '333', '536', '255', '137']
['745', '821', '282', '915', '575', '573', '673', '880', '584']
['616', '306', '749', '233', '314', '531', '560', '724', '755', '875']
['87', '301', '415', '14', '860', '100', '556', '551', '15']
['419', '634', '925', '643', '900', '919', '547', '58', '182']
['188', '454', '234', '910', '230', '55', '62', '788', '362', '138']
['51', '217', '213', '938']
['47', '558', '478', '894', '748', '212', '491', '996']
['361', '80', '464', '60', '54', '524', '557', '436', '783']
['704', '117', '269', '227', '839', '226', '465']
['647', '924', '377', '0', '840', '735', '229', '671', '280', '693']
['224', '849', '798', '765', '423', '716', '151', '768', '956']
['592', '305', '929', '325', '612', '302', '750', '514', '823', '175']
['895', '648', '43', '537', '273', '78', '431']
['621', '313', '946', '63', '836', '804', '580', '548', '759', '311']
['210', '626', '155', '806', '385', '631', '18', '669', '851', '11']
['657', '832', '3', '250', '662', '959', '521']
['734', '539', '888', '407', '23', '808', '618', '722', '420', '773']
['211', '342', '605', '373', '252', '270', '841', '977', '727', '460']
['754', '56', '939']
['7', '276', '142', '317', '546', '129', '123', '646']
['463', '858', '638', '831', '79', '485', '640', '214', '807', '176']
['586', '392', '865', '198', '898', '944', '254', '206', '291', '474']
['347', '337', '371', '358', '48', '976', '530', '999', '444']
['952', '957', '495', '775', '171', '835']
['50', '850', '794', '663', '965', '885', '266']
['68', '199', '639', '247', '509', '679', '624', '357', '923']
['265', '494', '180', '112', '384', '600', '208', '430', '204', '782']
['321', '20', '746']
['489', '158', '345', '222', '846', '334', '796', '744', '963', '871']
['532', '46', '549', '780', '678', '272', '961', '936', '163', '609']
['248', '344', '599', '10', '455']
['49', '953', '645', '892', '336', '389', '902']
['589', '284', '986', '945', '857', '508', '422']
['293', '786', '513', '644']
['709', '433', '189', '921', '916', '873', '183']
['279', '544', '829', '739', '261', '937', '92']
['127', '473', '267', '220', '761', '363', '964', '869', '283', '747']
['878', '563', '969', '608', '884', '441', '148', '277', '519', '37']
['582', '518', '251', '907', '742', '77', '331', '811', '650', '341']
['42', '972', '368', '486', '16', '445', '672', '566', '98', '292']
['620', '145', '507', '249', '150', '877', '173', '134', '901', '778']
['802', '781', '715', '38']
['504', '611', '479', '694', '577', '33', '258', '799', '64']
['535', '701', '8', '776', '713', '383']
['140', '191', '410', '394', '330', '496', '181', '304', '568']
['606', '522', '131', '837', '830', '275']
['628', '914', '53', '326', '702', '843', '615', '564']
['511', '218', '896', '170', '197', '677', '641', '649', '190']
['216', '838', '299', '758', '874', '726', '338']
['320', '260', '717', '435', '426', '934', '202', '595', '603']
['380', '196', '372', '692', '17', '59', '414', '114']
['298', '332', '975', '481', '31', '322', '21', '498']
['69', '401', '579', '34', '231', '526', '484', '185', '225']
['351', '520', '245', '696', '862', '779', '178', '203', '449']
['447', '597', '529', '664', '243', '165', '682', '125', '103']
['979', '228', '503', '943', '705', '991', '115', '482', '440', '853']
['262', '164', '356', '501', '83', '400']
['121', '904', '57', '883', '152', '659', '627', '28', '769', '985']
['753', '427', '393', '958', '633', '35', '827', '872']
['244', '195', '743', '980', '574', '108', '459', '771', '156']
['310', '113', '315', '354', '583', '543', '697', '324', '591']
['200', '708', '970', '855', '552', '795', '629', '689', '817', '893']
['193', '911', '268', '974', '559', '186']
['74', '133', '312', '450', '763', '141', '316', '668']
['585', '169', '39', '446', '84', '386']
['751', '635', '870', '940', '801', '685', '438', '106', '369']
['136', '26', '550']
['132', '607', '246', '918', '847']
['757', '27', '687', '493', '90', '820', '756']
['736', '44', '684', '353', '997', '886', '667', '826', '760']
['590', '848', '497', '492', '67', '442', '571', '111']
['905', '950', '651', '653', '516', '528', '993', '264', '570', '85']
['803', '666', '998', '845', '159', '437', '300']
['920', '378', '675', '561', '630', '594', '120', '406', '538', '370']
['91', '732', '913', '954', '387', '309', '408', '541']
['416', '955', '94', '500', '41', '278', '294', '572', '96', '947']
['480', '367', '432', '160', '617', '472', '581', '499', '405']
['89', '741', '789', '24', '962', '926', '274', '833', '104', '623']
['949', '656', '468', '13', '339']
['805', '723', '785', '681', '271', '239', '355', '533', '844', '632']
['303', '818', '691', '451']
['502', '971', '828', '382', '854', '82', '205', '157', '777']
['219', '409']
['381', '988', '527', '4', '642', '295', '922', '906']
['933', '534', '242', '470', '290', '403', '792', '443', '815', '122']
['909', '525', '994']
['97', '613', '462', '476', '812', '728']
['866', '139', '161', '477', '116', '554', '32', '718']
['285', '76', '968', '729', '819', '908', '348', '241']
['879', '457', '399', '960', '688', '721', '889', '101', '88', '327']
['36', '335', '179', '598']
['864', '458', '391']
['287', '809', '565', '366', '428', '390', '323', '72', '800']
['787', '124', '398', '469']
['576', '263', '461', '834', '288', '296']
['569', '30', '856', '6', '65', '973', '40', '567', '824', '813']
['719', '439', '307', '887', '674', '601', '86']
['712', '912', '510', '424', '359', '467', '375', '695', '992', '587']
['192', '73', '967', '810', '329', '425']
['897', '891', '917', '707', '660', '540', '95', '622', '927', '126']
['730', '774', '45', '816', '66', '388', '978', '797', '456', '720']
['184', '318', '665', '396', '421']
['698', '466', '379', '604', '545', '990']
['119', '654', '412', '257', '130', '588', '109', '942', '240', '935']
['711', '253', '542', '987', '928', '881', '453']
['376', '931', '128', '487', '340', '209', '93', '506', '346']
['364', '614', '221', '825', '852', '699', '982', '360', '764']
['553', '948', '146', '625', '740', '352', '859', '951', '637', '983']
['670', '1', '596', '714', '772', '562', '402', '861', '766']
['107', '149', '395', '890', '174', '172', '118', '168']
['418', '154', '75', '903', '365', '731', '71', '215', '256']
['289', '147', '52', '29', '259', '899', '868', '995', '814', '452']
['790', '102', '984', '842', '555', '475', '930', '523', '5', '194']
['232', '110', '61', '989', '683', '483', '867', '12']
