['776', '834', '647', '576', '928', '686', '627', '525', '734', '147', '80', '806', '237', '315', '471', '56', '466']
['909', '434', '592', '27', '412', '301', '154', '61', '376', '700', '213', '838', '546', '365', '362', '778', '95', '594', '229', '347', '354', '463', '602', '177', '49', '109', '790', '779', '718', '903', '176', '48', '172', '470']
['791', '75', '768', '160', '902', '266', '261']
['524', '580', '436', '82']
['447', '299', '445', '28', '351', '600', '558']
['828', '547']
['573', '100', '12']
['219', '606']
['399', '557', '544']
['198', '559', '484']
['794', '691', '783']
['13', '861', '907', '617', '284', '76', '474', '913', '860', '655', '208']
['542', '222', '829', '398', '105', '297', '632', '746', '725', '245', '738', '723', '403', '104', '665', '638', '371', '920', '900', '402', '449', '892', '893', '41']
['435', '418', '574', '622', '333', '107', '265', '438', '668', '453', '5', '851', '478', '314', '386', '805', '807', '401', '195', '916', '274', '202', '555', '836', '520', '326', '506', '914', '303', '786', '756', '489', '591', '432', '856', '175', '254', '60', '396', '823', '611', '183', '206', '583', '904', '381', '763', '86', '659', '707', '52', '706', '258', '704', '802', '803', '497', '824', '744', '168', '340', '782', '8', '149', '507', '610', '866', '564', '113', '370', '743', '118', '561', '294', '595', '368', '504', '156', '69', '678', '710', '731', '345', '141', '556', '842', '239', '735', '690', '577', '127', '755', '397', '585', '283', '387', '322', '166', '852', '163', '475', '457', '242', '304', '518', '692', '24', '338', '697', '493', '521', '650', '205', '582', '924', '855', '467', '596', '275', '178', '458', '918', '636', '608', '111', '46', '17', '240', '437', '460', '429', '709', '190', '859', '142', '422', '568', '676', '139', '512', '148', '182', '910', '660', '639', '923', '411', '787', '769', '781', '310', '572', '523', '124', '452', '780', '657', '593', '450', '309', '260', '92', '713', '346', '330', '929', '379', '134', '203', '248', '40', '530', '865', '922', '256', '571', '289', '754', '31', '405', '857', '87', '626', '671', '588', '563', '101', '439', '848', '158', '81', '766', '625', '103', '93', '473', '129', '516', '335', '282', '428', '50', '862', '372', '724', '519', '404', '334', '136', '84', '135', '112', '286', '711', '716', '534', '479', '253', '424', '688', '126', '891', '753', '870', '730', '788', '539', '16', '748', '721', '687', '359', '894', '133', '307', '317', '96', '886', '575', '832', '882', '827', '712', '323', '705', '0', '120', '488', '620', '188', '409', '837', '236', '527', '578', '505', '200', '356', '181', '614', '485', '854', '273', '601', '799', '880', '490', '252', '927', '732', '694', '514', '276', '212', '164', '816', '268', '619', '793', '179', '905', '785', '244', '499', '733', '59', '653', '664', '151', '598', '251', '246', '37', '249', '740', '341', '562', '599', '603', '677', '550', '589', '167', '19', '875', '761', '456', '355', '649', '311', '915', '662', '526', '792', '392', '269', '708', '541', '849', '795', '925', '114', '839', '214', '645', '102', '616', '224', '125', '278', '656', '863', '693', '159', '698', '696', '280', '165', '215', '79', '364', '14', '820', '201', '480', '88', '726', '605', '263', '511', '337', '815', '643', '146', '313', '325', '363', '443', '21', '349', '230', '35', '47', '209', '78', '300', '629', '642', '804', '26', '604', '533', '679', '881', '36', '567', '890', '830', '319', '720', '272', '128', '97', '648', '513', '71', '22', '680', '537', '727', '517', '271', '879', '719', '554', '247', '38', '132', '841', '872', '461', '536', '652', '298', '887', '162', '324', '597', '500', '483', '243', '715', '482', '7', '579', '874', '329', '658', '130', '413', '433', '796', '226', '296', '238', '328', '637', '767', '361', '613', '737', '442', '374', '552', '522', '150', '757', '279', '94', '635', '305', '342', '65', '888', '566', '357', '264', '584', '2', '615', '486', '765', '410', '373', '548', '394', '631', '496', '764', '775', '1', '241', '529', '501', '440', '336', '121', '220', '408', '421', '502', '227', '540', '762', '528', '469', '492', '67', '98', '287', '157', '25', '233', '889', '901', '741', '197', '180', '250', '390', '327', '822', '906', '277', '321', '380', '503', '921', '350', '186', '441', '430', '108', '44', '54', '117', '464', '535', '281', '42', '83', '152', '255', '551', '431', '369', '39', '106', '641', '714', '869', '809', '74', '628', '262', '68', '798', '878', '847', '293', '609', '701', '204', '420', '644', '919', '344', '391', '57', '750', '192', ]
['400', '673', '759', '896', '291', '634', '654', '476', '199']
['395', '675', '867', '835', '565']
['808', '377', '308', '232', '285', '143', '348', '455', '670', '77', '385', '193', '91', '908', '621', '667', '367', '818', '549', '339', '34', '898', '885', '3', '4', '586', '846', '131', '674', '170', '494', '446', '174', '739', '140', '155', '110', '560', '844', '683', '448', '545', '257', '173', '73', '495', '9', '814']
['462', '320', '472', '684', '153', '770', '777', '415', '267', '194', '926', '813', '876', '51', '633', '587', '185', '137', '417', '612', '553', '384', '570', '800', '607', '32', '864', '145', '20', '858', '895', '695', '292', '360', '231', '211', '352', '821', '884']
['169', '487', '407', '871', '419', '123', '728', '623', '618', '18', '290', '382', '760']
['843', '11', '53', '833', '722', '318', '444', '702', '217', '210', '699', '10', '538', '749']
['752', '825', '590', '58', '234', '672', '259', '666', '532', '624', '531', '196', '15', '235', '646', '797', '189', '116', '508', '353', '30', '72', '29', '912', '773', '459', '840', '812', '681', '375', '729', '99', '468', '784', '62', '801', '388', '33', '331']
['640', '831', '747', '221', '717', '877']
['510', '685', '451', '358']
['89', '389']
['850', '70']
['223', '270', '772', '423', '868', '543', '144', '55', '23', '115', '383', '663', '811', '742', '826']
['689', '306', '515', '630', '161', '751', '454', '122', '207', '481', '758', '911', '366', '703', '6', '225', '736', '228', '295', '414', '302']
['509', '393', '316', '187', '669', '312', '883', '899', '64', '819', '427', '498', '216', '569', '416', '477']
['85', '138', '406', '651', '45', '745', '171', '465', '119', '66', '288']
['426', '661', '43', '771', '682', '917', '789', '378', '343', '810', '774', '191', '845']
['218', '63', '90', '491', '817', '873', '853', '581', '425', '332', '184']
['897']
