['797', '682', '325', '26', '292', '357', '348', '787', '305', '151', '0', '597', '595', '213', '788', '644', '569', '260', '576', '778', '450', '577', '415', '341', '566', '688', '182', '734', '506', '413', '167', '42', '772', '6', '721', '94', '276', '239', '709', '711', '758', '364', '603', '179', '710']
['40', '303', '98', '460', '568', '366', '168', '580', '422', '559', '799', '36', '744', '59', '384', '107', '812', '489', '552', '431', '727', '294', '574', '477', '281', '32', '149', '457', '777', '678', '11', '289', '765', '236', '826', '397', '564', '731', '332', '471', '496', '363', '108', '323', '177', '702', '16', '183', '113', '685']
['781', '785', '766', '636', '834', '102', '573', '633', '256', '83', '545', '544', '675', '65', '58', '746', '136', '51', '2', '524', '599', '468', '611', '100', '23', '249', '212']
['539', '134', '541', '476', '243', '551', '488', '520', '64', '602', '492', '169', '205', '768', '220', '455', '451', '632', '439', '369', '370', '658', '4', '433', '410', '39', '514', '713', '336', '674', '742', '833', '550', '585', '579', '56', '280', '592', '459', '314', '211', '53', '537', '265']
['318']
['367', '31', '383']
['548', '653', '337']
['722', '259', '44', '137', '724', '814', '791', '263', '1']
['817', '588', '257', '214', '271', '614', '764', '747', '480', '161', '178', '75', '343', '41', '440', '656', '538', '105', '377', '498', '491']
['462', '798', '616', '449', '490', '665', '392', '487', '447', '77', '640', '55', '423', '838', '515', '837', '478', '359', '223', '628', '245', '483', '704']
['275', '264', '115', '650', '345', '13', '80', '651', '434', '73', '147', '804', '448', '470']
['523', '754', '692', '378', '775', '531', '229', '645', '142', '590', '266', '463', '421', '216', '557', '82', '660', '620', '62', '830', '246', '543', '654', '328', '456', '481', '530', '598', '141', '395', '340', '191', '626', '255']
['152', '186', '759', '241', '209', '676', '254', '401']
['432', '327', '606', '497', '374']
['127', '190', '48', '156', '714', '10', '248', '527', '549', '792', '66', '691', '174', '698', '57', '839', '49', '396', '584', '388', '806', '35', '322', '815', '123', '561', '664', '800', '196']
['133']
['252', '822', '818', '160', '745', '782', '247', '465', '387', '70', '197', '135', '807', '642', '696', '198', '22', '199', '570', '288', '385', '725', '99', '835', '701', '222', '399', '767', '333', '528']
['78', '162', '344', '582', '173', '743', '763', '338', '467', '398', '312', '7', '686', '558', '479', '290', '210', '92', '339', '76', '150', '652', '352', '250']
['684', '627', '824', '760', '482', '695', '438', '390', '532', '203', '671', '615', '17', '819', '546', '729', '112', '793', '301', '638', '786', '130', '175', '351', '382', '442', '662', '567', '307', '24', '723', '703', '157', '132', '232', '103', '204', '669']
['274', '67']
['712', '829', '795', '159', '208', '475', '677', '562', '466']
['631', '18', '521', '172', '154', '605', '761', '435', '146', '655', '126', '518', '184', '269', '63']
['189']
['139', '202']
['783', '779', '375', '825', '604', '8', '116', '679', '284']
['268', '365', '231', '129', '279', '796', '262', '720', '227', '60', '516', '689', '106', '72', '510', '166', '474', '648', '540', '748', '461', '732', '643', '234', '242', '522', '683', '120', '511', '635', '613']
['504', '608', '221', '770', '287']
['753', '317', '593', '308', '693', '641', '306', '756', '404', '591', '407', '121', '589', '666', '12', '219', '282']
['823']
['27', '406', '672']
['811', '529', '625', '206', '95']
['507', '361', '464', '757', '555', '484', '697', '304', '789', '253', '513', '610', '673', '801', '547', '354', '334', '601', '736', '373']
['629', '445']
['30', '681', '362', '358', '85', '302', '668', '738', '144', '624', '379', '261', '623', '771', '749', '143', '525', '587', '38', '347']
['420', '790', '187', '320', '411', '296', '111', '534']
['418']
['5', '705', '21', '244', '784', '309', '237', '47', '25', '808', '389', '311', '299', '20', '163', '667', '741', '335', '181', '86', '726', '321', '417', '600']
['43', '110', '145', '828', '273', '716', '426', '659']
['618', '575']
['583', '707', '50', '428', '87', '533', '14', '586', '809', '762', '37', '372', '310', '663', '125', '29', '637', '503', '226', '81', '416', '185', '502', '446', '258', '571', '360', '170', '751', '217', '493', '93', '74', '68', '755', '776', '717', '195', '331', '436']
['118', '297', '443', '188', '138', '193', '346', '89', '774', '315', '15', '429', '380', '495', '109', '215', '368', '813', '9', '224']
['508', '131', '353', '572', '233', '148', '165', '119', '441', '91', '486', '609', '207', '715', '71', '128', '821', '802', '430', '526', '46', '235', '400', '427', '578', '124', '225', '581', '794', '114', '319', '285', '140', '453']
['326', '699', '596', '405', '342', '293', '117', '505', '277', '810', '90', '501']
['61', '556', '773', '661', '409', '554', '355', '509', '536', '560']
['739', '176', '517', '458', '97', '816', '412', '737', '414', '619', '300', '200', '670', '473', '469', '634', '194', '690', '519', '158', '298', '424', '780', '752', '88', '101', '452', '832', '425']
['278', '19', '313', '54', '687', '324', '437']
['393', '270', '565', '563', '444', '769', '594', '356', '454', '621', '831', '499']
['646', '622', '639', '228', '192', '836', '164', '251', '740', '500', '386', '553', '630', '402', '805', '391', '283', '381', '201', '155', '171', '750', '617', '329', '472', '728', '230', '680', '419', '240', '612', '649', '33', '803', '272', '52', '295', '28', '719', '485', '718', '394', '512', '3', '408']
['267', '69', '700', '34', '607', '494', '733', '735', '330', '706', '730', '45', '535', '403', '291', '84', '238', '180', '350', '820', '827', '542', '122', '286', '694']
['79', '647', '371', '349', '218', '153', '96', '657', '104', '708', '316', '376']
