['984', '856', '514', '184', '618', '700', '602', '326', '71', '233', '451']
['368', '745', '414', '67', '276', '371', '646', '342', '92', '386', '476', '710']
['115', '682', '955', '407', '173', '727', '1', '800', '316', '295', '2']
['114', '987', '96', '874', '597', '704', '706', '400']
['262', '988', '674', '786', '622', '146', '842', '538', '853', '931', '634', '666']
['785', '15', '617', '480', '327', '896', '397', '977', '208', '737']
['165', '42', '983', '249', '74', '88', '448', '110', '525', '421', '25', '711', '610']
['775', '244', '226', '118', '93', '374', '940', '149', '355', '503', '881', '748']
['938', '543', '567', '989', '778', '405', '419', '695', '301', '309']
['100', '506', '512', '582', '366', '471', '395', '553', '179', '651', '854', '214', '344', '767', '172']
['751', '578', '408', '925', '774', '740', '324', '95', '846', '200', '8', '321', '43', '974', '982']
['965', '34', '973', '557', '38', '606', '254', '531', '62']
['252', '766', '756', '935', '722', '742', '261']
['589', '637', '534', '897', '332', '694', '762', '937', '910', '435', '900', '338', '809']
['40', '659', '713', '272', '360']
['303', '644', '328', '60', '758', '581', '805', '519', '346', '498']
['739', '186', '720', '178', '13', '278', '892', '690', '878']
['781', '604', '866', '523', '255', '61', '9', '113', '876', '947']
['21', '779', '126', '717', '191', '422', '292']
['621', '507', '520', '546', '312', '836', '444', '572', '199', '315', '825', '212']
['574', '20', '230', '639']
['738', '390', '57', '563', '29', '803', '349', '718', '712', '85']
['103', '820', '789', '537', '894']
['945', '377', '736', '389', '6', '862']
['409', '279', '908', '841']
['500', '609', '721', '667', '926', '378', '206', '168', '147', '138', '465', '571', '539', '600', '159']
['132', '995', '884', '524', '569', '603', '804', '75', '90']
['45', '827', '439', '630', '991', '266', '551', '831', '611', '33', '562', '813']
['749', '726', '647', '979', '76', '139', '996', '596', '968', '580', '948', '593', '304']
['915', '370', '381', '822', '175', '341', '491', '522', '450', '810', '620', '396', '227']
['990', '166', '359', '838', '886', '670', '27', '56', '903', '985', '169', '44', '614', '575']
['406', '699', '743', '887', '782', '719', '953', '729', '619', '133', '134']
['951', '477', '595', '772', '681', '102', '986', '792', '201', '943', '423', '177']
['224', '941', '811', '997', '783', '424']
['793']
['94', '391', '632', '445']
['426', '885', '510', '283', '780', '701', '864', '952', '815', '971', '148']
['497', '420', '35', '554', '799', '394', '58', '215']
['484', '605', '284', '733', '806', '912']
['859', '794', '913', '412', '383', '576', '180', '757', '428', '225', '901', '210', '594', '30']
['649', '196', '493', '258', '50', '585', '157', '958']
['724', '652', '795', '540', '653', '509', '353', '516', '418', '318', '86', '922', '72', '189', '223']
['730', '311', '243', '683', '994', '167', '850', '140']
['297', '459', '788', '362', '314', '746', '188', '547', '245', '625', '970', '673', '949']
['119', '871', '461', '231', '668']
['248', '560', '858', '468', '350', '123', '335', '181']
['688', '869', '39', '443', '566', '440', '919', '601', '217', '194', '655', '972', '343', '128']
['840', '976', '924', '791', '239', '329']
['656', '260', '466', '193', '380', '235', '823', '14']
['709', '463', '294', '816', '340', '643', '628', '54', '475', '108', '83', '911', '211']
['663', '558', '182', '456', '555', '889']
['158', '956', '10', '454']
['372', '105', '305', '136', '12', '650', '790', '755', '918', '222', '863', '447', '192', '246']
['928', '478', '446', '275', '570', '464', '379', '875']
['339', '78', '253', '969', '999', '833', '691', '473', '455', '307', '824', '528', '142', '744']
['356', '237', '495', '763', '591', '66', '857', '832', '657', '453', '270', '564', '631']
['432', '981', '961']
['954', '698', '251', '299', '281', '429', '592', '236', '899', '124', '234', '868', '111', '501']
['153', '472', '728', '826', '121', '310', '615', '930', '942', '267', '702', '53', '932', '692', '921']
['882', '404', '703', '286', '784', '97', '914', '787', '11', '978', '818']
['527', '117', '151']
['49']
['161', '357', '725', '672', '511', '277', '590', '104', '387', '975', '687', '185']
['966', '250', '544', '648', '411', '734', '81', '893', '247', '944', '415', '963']
['612', '99', '801', '496', '689', '388', '358', '773', '399']
['352', '671', '950', '851', '417', '264', '416', '242', '18']
['759', '195', '65', '384', '676', '529', '735', '333', '458', '337', '16']
['890', '376', '150', '964', '257', '629', '707', '120', '80', '907', '348', '532', '207', '183', '238']
['462', '130', '777', '752', '36', '302', '849', '170', '489', '73', '541']
['518', '219', '515', '877', '675', '559', '607', '155', '696', '872', '662']
['282', '855', '289', '345', '331', '401', '517', '764', '268', '271', '431', '107', '298', '156', '483']
['920', '176', '457', '626', '723', '325']
['22', '220', '63', '865', '438', '382', '664', '474', '624', '398', '642', '402', '697', '106', '26']
['430', '197', '613', '351', '273', '530', '98', '658', '870', '334']
['486', '125', '375', '533']
['747', '469', '145', '904', '162', '436', '470']
['552', '152', '693', '442', '587', '354', '37', '190', '635', '425', '895', '259']
['203', '154', '731', '479', '452', '802', '361', '962', '216', '79']
['678', '946', '3', '636', '548', '714', '860', '641']
['0', '936', '588', '174', '852', '77', '708', '467', '319', '369', '47']
['616', '660', '87', '437', '909', '906', '296', '959', '627', '508', '526', '367']
['599', '705', '240', '549', '980', '280', '927', '52', '269', '290', '143', '817', '229', '883', '898']
['835', '550', '460', '583', '41', '665', '716', '685', '19', '521', '69', '256']
['68', '171', '845', '771', '761', '993', '753', '288', '679', '300', '754', '957', '306', '221']
['263', '848', '427', '769', '112']
['798', '505', '490', '939', '880', '385', '837']
['48', '828', '998', '274', '623', '573', '293', '492', '923', '218', '209', '797']
['814', '413', '579', '141']
['287', '917', '482', '55', '31', '750', '732']
['434', '992', '929', '116', '202', '565', '127', '198', '633', '536', '808', '373', '308', '5', '403']
['843', '285', '347', '934', '577', '669', '684', '873', '433', '844', '46', '137', '135', '960', '654']
['905', '680', '129']
['640', '481', '441', '645', '677', '23', '363', '82', '241', '967']
['160', '741', '502', '393', '164', '84', '535', '449', '131', '330', '902', '7', '861', '819']
['812', '542', '317', '568', '51', '89', '561', '847', '768', '608', '485', '796', '336']
['163', '213', '513', '364', '638', '322', '879', '59', '829', '24', '91', '204', '122', '830']
['494', '807', '320', '144', '323', '410', '916', '545', '17', '760', '499', '313', '28', '686', '488']
['187', '586', '487', '265', '834', '839', '291']
['109', '661', '365', '776', '770', '765', '392', '4', '584', '867', '888']
['504', '715', '232', '598', '556', '70', '933', '64', '101', '32', '821', '228', '891', '205']
