['7', '863', '286', '427', '652', '117', '70', '445', '73', '415', '704', '511', '557', '170', '504', '18', '335', '285', '578', '684', '299', '868', '456', '477', '263']
['522', '137', '326', '967', '974', '313', '718', '484', '611', '372', '733', '120', '356', '794', '349', '980', '667', '33', '705', '973', '783', '743', '735', '678', '34', '130', '32', '517', '542', '75', '588', '760', '900', '171', '979', '385', '279', '150', '770', '395', '950']
['337', '873', '88', '563', '471', '502', '214', '481', '675', '241', '129', '947', '573', '254', '309', '914', '673', '990', '996', '629', '95', '656', '104', '727', '799', '168', '801', '6', '789', '238', '439', '50', '597', '417', '26', '899', '148', '351', '258', '383', '552', '955', '251', '338', '233']
['585', '773', '494', '925', '779', '651', '877', '156', '946', '838', '289', '596', '212', '256', '968', '454', '777', '960', '519', '489', '205', '55', '447', '0', '373', '886', '709', '121', '391', '164', '892', '76', '764', '361', '913', '907', '528', '650', '820', '311', '636', '452', '62', '882', '958', '352', '455', '15', '975', '132', '591', '941', '698', '512', '218', '86', '457', '175', '971']
['437', '660', '829', '358', '997', '977', '77', '315', '199', '688', '496']
['541', '670', '225', '714', '521', '422', '109', '495', '93', '766', '250', '87', '576', '725', '908', '961', '20', '357', '207', '22', '614', '85', '122', '468', '316', '915', '918', '329', '574', '14', '295', '229', '161', '23', '935', '397', '587', '234', '841', '165', '966', '469', '839', '791', '893', '334', '155', '13', '181', '41', '124', '758', '638', '869']
['721', '577', '196', '84', '736', '857', '461', '283', '815', '284', '802', '346', '687', '926', '370', '384', '209', '12', '582']
['904', '119', '28']
['498', '215', '479', '761', '934', '174', '620', '595', '320', '364', '846', '362', '224', '480']
['864', '788', '590', '929', '516', '354', '296', '297', '302', '821', '768', '423', '434', '906', '887', '890', '739', '428', '695', '848', '106', '581', '988', '772', '637', '551', '222', '531', '749', '833', '956', '163', '897', '690', '549', '583', '560', '204', '665', '807', '565', '66', '849', '261', '619', '221', '246', '954', '92', '151', '518', '976', '441']
['617', '676', '406', '830', '745', '404', '485', '834', '79', '271', '232', '816', '416', '9', '394', '239', '748', '376', '719', '421', '668', '938', '487', '172', '696', '231', '951', '43', '217', '608', '994', '331', '210', '586', '324', '350']
['3', '197', '835', '465', '602', '778', '776', '410', '723', '681', '108', '843', '118', '191', '998', '332', '744', '237', '811', '201', '259', '389', '293', '916', '101', '793', '702', '707', '867', '952', '623', '896', '44', '928', '497', '885', '377', '812', '677', '38', '825', '847', '58', '257', '194', '579', '264', '818']
['903', '895', '247', '785', '90', '306', '726', '529', '569', '649', '568', '724', '775', '537', '270', '572', '69', '626', '554', '21', '710', '322', '307', '909', '804', '635', '305', '308', '666', '27', '39', '47', '54', '978', '136', '711', '488', '598', '287', '826', '392', '986', '19', '276']
['458', '625', '227', '501', '220', '653', '446', '717', '874', '60', '797', '57', '784', '508', '927', '878', '403', '612', '127', '355', '381', '186', '414', '671', '482', '817', '631', '837', '628', '435', '369', '269', '228', '987', '861', '567', '527', '756', '534', '646']
['844', '450', '674', '2', '575', '99', '202', '411']
['16', '889', '999', '330', '230', '235', '753', '738', '448', '910', '599', '409', '545', '176', '894', '491', '53', '548', '985', '97', '945', '310', '871', '5', '762', '328', '814', '809', '699', '198', '819', '662', '429', '144', '48', '25', '240', '943', '243', '680', '466', '939', '260', '513', '879', '189', '274', '722', '277', '185', '679', '405', '400', '703', '920', '555', '757', '290', '544', '931', '89', '418', '948', '613']
['140', '379', '855', '774', '880', '380', '249', '49', '367', '248', '550', '610', '112', '965']
['730', '301', '627', '828']
['42', '532', '126', '103', '970', '754', '139', '298', '810', '566', '963', '881', '183', '442', '533', '562', '147']
['123', '995', '375', '426', '333', '962', '500', '607', '141', '618', '236', '786', '374', '741', '806', '399', '424', '689', '323', '713', '348', '449', '556', '752', '685', '499', '503', '166', '771', '51', '505', '616', '382', '443', '644', '922', '936', '692', '245', '36', '509', '464', '765', '291', '46', '911', '694', '483', '216', '937', '470', '82', '641', '213', '535', '420', '433', '4', '336', '852', '365', '340']
['672', '272', '876', '292', '715', '393', '515', '100', '780', '759', '746', '371', '319', '854', '146', '924', '288', '8', '192', '712', '850', '64', '143', '344', '862', '80', '750', '179', '972', '451', '436', '728', '933', '589', '630', '253', '858', '102', '708', '506', '853', '664', '152']
['128', '114', '158', '110', '160', '654', '643', '751', '107', '969', '474', '731', '490']
['142', '317', '884', '78', '594', '539', '304', '798', '917', '875', '860', '219', '546', '131', '396', '921', '74', '559', '145', '325', '993', '700', '178', '891', '832', '866', '558', '265', '402', '267', '467']
['339', '413', '195', '159', '493', '244', '59', '888', '273', '845', '831', '17', '540', '65', '883', '398', '600', '982', '303', '275', '115', '790', '603', '45', '30', '105', '659', '460', '543', '949', '431', '134', '162', '992', '492', '624', '805']
['706', '580', '669', '29', '242', '523', '386', '693', '657', '91', '133', '763', '729', '52', '462', '68', '964', '800', '111']
['605', '827', '840', '740', '184', '341', '507', '953', '31', '419', '872', '536', '226', '732', '37', '902', '190', '280', '691', '360', '795', '193', '347', '211', '932', '149', '1', '366', '682', '767', '823', '387', '984', '942', '182', '561', '865', '408', '314', '655', '116', '601', '755', '957', '640', '571', '734']
['803', '592', '639', '615', '520', '930', '663', '438', '35', '345', '621', '747', '353', '300', '83', '401', '318', '940', '697', '912', '412', '200', '208', '792', '514', '526', '634', '98', '312', '553', '440', '606', '72', '388', '173', '901', '584', '647']
['378', '169', '125', '187', '188', '525', '278', '658', '530', '824', '870', '203', '40', '71', '24', '266', '524', '223', '701', '407', '459', '633']
['716', '135', '113', '463', '180', '94', '570', '564', '153', '157', '67', '923', '661', '510', '321', '796', '268', '981', '81', '632', '430', '905', '61', '138', '432', '486', '989', '593', '425', '686', '342', '476', '944', '782', '856', '609', '622', '11', '343', '472', '359', '808', '154', '56', '919', '167', '63', '859', '475', '842', '769', '991', '368', '281']
['645', '282', '787', '604', '648', '742', '959', '781', '96']
['813', '547', '983', '327', '177', '453', '10', '851', '206', '720', '444', '252', '363', '822', '737', '683', '390', '836', '255', '642', '473', '478', '898', '294', '262', '538']
