['529', '367', '870', '629', '969', '938', '352', '179', '129', '971', '285', '292', '385', '462', '415', '995', '571']
['562', '721', '666', '366', '71', '775', '713', '277', '148', '923', '447', '214', '446', '516', '523', '124', '607', '389', '782', '73', '765', '740', '886', '21', '698', '565', '429', '154', '22', '97', '279', '208', '187', '342', '875', '230', '595', '796', '808', '314', '832', '617', '489', '712', '12', '448']
['863', '31', '329', '939', '174', '95', '280', '159', '580', '291', '763', '197', '622']
['74']
['49', '714']
['386', '310', '912', '860', '35', '586', '693', '807', '60', '809', '424', '116', '270', '936']
['654', '178', '134', '438', '605', '402', '828', '942', '39', '146', '848', '117']
['338', '455', '940']
['357', '339', '194', '222', '135', '76']
['830', '128', '99']
['55', '202', '474', '493', '440', '502', '477']
['267', '829', '341', '633', '900', '125', '283', '563', '961', '404', '380', '926', '258', '217', '884', '496', '331', '732']
['584', '421', '253', '503', '537', '3', '317', '510', '905', '114', '38', '16', '882', '260', '783', '335', '161', '158', '817', '24', '23', '558', '300', '589', '706', '520', '82', '711', '227', '582']
['302', '456', '751', '919', '26', '286', '596', '191', '72', '244', '755', '398', '54', '382', '407', '263', '659', '204', '688', '5', '57', '333', '405', '810', '273', '974', '181', '234', '966', '235', '980', '872', '553', '668', '498', '621', '748', '94', '528', '432', '359', '743', '604', '101', '546', '822', '885', '602', '677', '729', '806', '147', '473', '195', '68', '524', '444', '634', '791', '301', '569', '219', '168', '378', '615', '674', '320', '670', '505', '957', '479', '203', '42', '176', '548', '877', '767', '207', '212', '777', '979', '737', '2', '394', '152', '47', '742', '690', '603', '612', '984', '497', '949', '193', '403', '967', '388', '512', '831', '513', '306', '876', '325', '229', '989', '209', '909', '823', '609', '463', '511', '486', '481', '594', '480', '80', '891', '210', '637', '450', '370', '337', '893', '640', '518', '257', '578', '454', '488', '700', '423', '468', '311', '718', '994', '206', '723', '340', '608', '644', '745', '734', '798', '246', '289', '955', '30', '559', '298', '84', '850', '144', '346', '736', '186', '616', '356', '160', '649', '422', '344', '883', '625', '304', '118', '540', '332', '79', '619', '726', '880', '190', '509', '364', '266', '149', '929', '475', '538', '836', '665', '218', '45', '535', '861', '907', '761', '811', '248', '70', '18', '297', '682', '716', '1', '924', '490', '591', '200', '988', '941', '93', '482', '990', '585', '387', '581', '256', '788', '216', '618', '601', '852', '309', '851', '368', '226', '242', '40', '752', '821', '182', '728', '803', '494', '355', '975', '815', '247', '67', '820', '308', '910', '131', '252', '801', '103', '0', '213', '6', '139', '439', '458', '576', '687', '947', '441', '243', '459', '199', '271', '669', '981', '847', '696', '577', '20', '672', '282', '543', '69', '303', '773', '88', '624', '878', '240', '778', '787', '965', '183', '813', '33', '449', '913', '784', '532', '89', '78', '694', '43', '547', '999', '375', '343', '772', '987', '598', '113', '993', '826', '867', '330', '17', '519', '534', '322', '167', '754', '890', '643', '426', '299', '100', '866', '579', '501', '153', '943', '927', '568', '766', '962', '419', '641', '906', '427', '935', '793', '630', '59', '465', '349', '805', '434', '50', '895', '245', '894', '964', '435', '65', '627', '467', '917', '169', '856', '53', '931', '560', '536', '762', '985', '8', '857', '920', '312', '492', '531', '771', '13', '527', '956', '507', '453', '254', '824', '198', '32', '567', '34', '428', '786', '631', '533', '530', '840', '592', '313', '185', '420', '638', '354', '816', '526', '556', '868', '211', '691', '590', '922', '373', '411', '319', '647', '517', '588', '495', '915', '294', '205', '819', '499', '650', '485', '898', '845', '842', '575', '996', '92', '52', '908', '802', '141', '232', '841', '545', '797', '115', '296', '550', '673', '759', '137', '724', '445', '611', '369', '655', '442', '413', '163', '918', '944', '120', '978', '406', '862', '825', '4', '372', '261', '760', '642', '879', '658', '484', '833', '268', '408', '837', '735', '348', '14', '201', '896', '552', '75', '384', '648', '110', '487', '500', '916', '703', '794', '679', '81', '946', '400', '431', '954', '635', '328', '720', '657', '620', '968', '457', '812', '142', '681', '973', '177', '849', '127', '764', '525', '779', '221', '864', '660', '336', '471', '564', '903', '483', '692', '417', '361', '888', '66', '902', '290', '109', '709', '287', '64', '664', '409', '175', '278', '963', '392', '722', '746', '452', '508', '237', '374', '614', '184', '61', '930', '731', '274', '418', '132', '56', '86', '416', '555', '636', '873', '613', '899', '858', '549', '461', '36', '986', '470', '362', '189', '874', '951', '704', '972', '583', '44', '566', '945', '469', '702', '157', '937', '593', '150', '652', '708', '396', '236', '790', '599', '360', '623', '756', '363', '839', '685', '401', '138', '104', '795', '678', '921', '904', '733', '228', '814', '561', '430', '425', '108', '976', '865', '133', ]
['982', '77', '671', '166']
['295', '305', '379', '639', '265', '610']
['991', '476', '251', '170', '318', '276']
['358', '106', '119']
['574', '628', '238', '83', '399', '262']
['689', '741', '506', '953', '855', '697', '223', '381', '597', '437', '719', '397', '321', '259', '145', '196', '393', '656', '853', '171', '491', '173', '410', '960', '224', '269', '288', '515', '41']
['19']
['573', '327', '551']
['414', '707']
['572', '646']
['281', '316', '466', '395', '87', '933', '241', '804', '948', '7', '105', '844', '554', '172', '63', '757', '992', '680', '587', '699', '901']
['928', '715', '998', '521', '542', '780', '156', '932', '239', '111', '121', '272', '315', '684']
['651', '997', '451', '892', '835', '140']
['11', '220', '107', '662', '663']
['600', '255', '192']
['126', '799', '323', '838', '725']
['143', '376', '827', '977', '770']
['326', '925', '29', '653', '606', '383', '85', '96', '739', '264', '443', '284', '843', '970', '911', '130', '626', '645', '136', '10', '155', '514', '504', '180']
['58', '747', '275', '952', '112', '950', '675', '695', '165', '249', '738', '51', '27', '353', '701', '98', '557', '661', '460', '541', '48', '914', '744', '377', '887', '365', '859', '472', '391', '233', '705', '846', '90', '834', '28', '151']
['215', '324', '62', '164', '683', '570']
['122']
['789']
['15', '390', '102', '231', '727', '345', '881', '91', '871', '371', '958', '818']
['412']
['250', '632', '188', '225', '293', '983', '753', '46', '774', '123', '889', '433']
['667', '544', '717', '776', '792', '25', '37', '436', '347', '768', '854', '351', '785', '769', '710', '539', '800', '478', '350', '162', '959', '934', '781', '464', '9', '730', '750', '522', '897', '869', '307', '334', '758', '686', '676', '749']
