['329', '50', '496', '627', '486', '312', '719', '859', '987', '405', '964', '799', '476', '13', '397', '73', '805', '915', '883', '75', '158', '251', '923', '346', '617', '908']
['275', '470', '831', '643', '342', '713', '234', '35', '353', '214', '94', '225', '62', '526', '835', '940', '213', '86', '787', '862', '611']
['48', '169', '14', '205', '298', '348', '801', '653', '376', '706', '96', '913', '738', '896', '107', '956', '144', '490', '326', '978', '762', '854', '615', '864', '411', '16', '982']
['316', '850', '36', '876', '961', '603', '417', '274', '92', '574', '965', '392', '104', '726', '919', '563', '837', '535', '768', '30', '742', '524', '216']
['46', '898', '691', '253', '178', '63', '5', '639', '157', '98', '794', '142', '921', '752', '445', '700', '856', '665', '558', '906', '308', '743', '841', '709', '866', '512', '89']
['491', '624', '384', '248', '825', '117', '183', '468', '164', '670', '191', '694', '471', '327', '656', '265', '293', '499', '123', '446', '851', '135', '920']
['492', '113', '11', '562', '721', '608', '781', '85', '315', '668', '557', '440', '980', '674', '356', '655', '590', '240', '419', '803', '152', '229', '758', '556', '943', '173', '502', '359', '900']
['532', '549', '154', '23', '723', '18', '945', '684', '503', '19', '456', '318', '722', '188', '536', '890', '861', '579', '279', '542', '990', '874', '176']
['916', '335', '88', '257', '436']
['806', '68', '546', '413', '808', '725', '652', '197', '364', '118', '354', '192', '129', '292', '76', '380', '370', '884', '167', '817', '180', '349', '793', '693', '675', '513', '61', '393']
['484', '647', '736', '398', '865', '634', '838', '386', '458', '286', '887', '741', '786', '548', '153', '195', '109', '15', '695', '775', '827', '981', '43', '989', '45', '977']
['196', '165', '895', '863', '489', '55', '747', '711', '204', '90', '310', '290', '462', '389', '390', '300', '840', '223', '748', '790', '939', '120', '235', '769', '974', '918', '519', '336']
['703', '161', '597', '431', '481', '529', '190', '174', '867', '70', '295', '844', '937', '500', '201', '630', '163', '905', '853', '868']
['221', '303', '911', '619', '97', '306', '480', '599', '777', '789', '815', '946', '444', '912', '387', '412', '633']
['83', '409', '991', '872', '210', '351', '159', '575', '124', '669', '728', '610', '184', '928', '282', '914', '894', '628', '613', '218', '888']
['788', '732', '757', '509', '418', '262', '238', '917', '395', '934', '57', '256', '573', '305', '51', '960', '616', '203', '818', '604', '263', '716', '296', '830', '95', '49', '301', '403']
['400', '642', '814', '784', '330', '607', '54', '52', '270', '944', '58', '20', '285', '325', '773', '93', '407', '730', '66', '137', '103', '42', '215']
['829', '810', '553', '105', '779', '963', '761', '254', '74', '857', '378', '332', '798', '569', '681', '764', '564']
['780', '31', '688', '877', '845', '852', '988', '244', '189', '839', '482', '924', '357', '735', '646', '493', '182', '720', '432', '712', '323', '72', '881', '102', '473', '614', '406', '299']
['81', '155', '24', '926', '47', '67', '166', '577', '261', '454', '774', '185', '143', '955', '559', '938', '727', '782', '260', '882', '297', '651', '555', '933', '707', '983', '689', '79']
['792']
['171', '879', '568', '756', '28', '21', '175', '64', '821', '538', '820', '139', '891', '632', '813', '909', '452']
['654', '560', '239', '200', '527', '746', '935', '181', '952', '6', '649', '443', '592', '111', '288', '402', '950', '429', '683', '986', '0', '571', '759']
['339', '268', '539', '302', '112', '187', '972', '488', '733', '26', '343', '313', '350', '696', '842', '690', '629', '186', '451', '334', '595']
['648', '602', '570', '951', '273', '620', '591', '311', '422', '258', '692', '141', '561', '193', '873', '660', '211', '822', '133', '585', '954', '366', '506', '584', '578', '968', '355', '307', '467']
['551', '812', '767', '760', '80', '442', '483', '522', '478', '958', '869', '430', '636', '949', '170', '697', '903', '897', '40', '358', '304', '8', '375', '134', '377', '641', '116']
['671', '84', '222', '702', '740', '78', '434', '663', '645', '289', '650', '832', '718', '677', '463', '507', '552', '666', '922', '281', '433', '930', '682']
['494', '676', '860', '249', '208', '272', '971', '932', '658', '416', '230', '231', '331', '291', '644', '59', '618', '847', '60', '146', '464', '115', '264', '687', '114', '531', '259', '172']
['448', '672', '438', '246', '227', '510', '369', '391', '609', '685', '252', '878', '340']
['704', '479', '783', '714', '823', '447', '745', '925', '379', '56', '367', '979', '550', '127', '836', '910', '517', '565', '140', '621', '778', '352', '362', '941', '44']
['598', '699', '589', '25', '967', '168', '427', '975', '886', '880', '521', '606', '966', '441', '744', '540', '596', '423', '106', '37', '388', '233']
['678', '594', '667', '530', '889', '625', '22', '209', '399', '737', '126', '811', '365', '572', '276', '828', '635', '4', '514', '593', '266']
['3', '344', '236', '523', '2', '601', '138', '294', '833', '846', '394', '755', '631', '800', '547', '858', '927', '797', '217', '724', '415', '770', '680', '132']
['976', '372', '202', '816', '763', '287', '396', '472', '130', '901', '580', '284', '17', '582', '947', '320', '508', '717', '497', '32', '459', '936', '425', '324']
['729', '341', '907', '136', '605', '7', '319', '147', '410', '317', '739', '374', '280', '338', '474', '465', '515', '819', '904']
['269', '753', '101', '237', '9', '414', '962', '424', '38', '149', '662', '969', '41', '99', '337', '581', '128', '435', '207', '156', '179', '734']
['957', '224', '439', '151', '661', '39', '533', '902', '477', '698', '795', '637', '501', '751', '160', '588', '715', '583', '250', '363', '498', '942', '455', '545']
['948', '657', '450', '623', '893', '802', '382', '754', '638', '528', '870', '885', '749', '750', '283', '421', '992', '461', '271', '984', '360', '772', '469', '766', '408', '125', '708', '871', '314']
['765', '544', '219', '420', '554', '328', '931', '785', '69', '504', '162', '220', '131', '457', '855', '228', '640', '322', '110', '985', '148', '705']
['87', '177', '824', '121', '460', '612', '119', '626', '33', '710', '516', '892', '199', '361', '679', '426', '518', '27', '309']
['731', '243', '776', '1', '241', '206', '534', '586', '600', '576', '673', '771', '899', '791', '347', '686', '875', '381', '437', '809', '278', '247', '145']
['333', '12', '466', '277', '212', '401', '848', '804', '796', '520', '194', '453', '475', '232', '449', '487']
['150', '659', '91', '525', '622', '511', '53', '245', '242', '267', '849', '29', '108', '843', '505', '226', '10', '566', '973', '404', '701', '385', '485', '953', '198', '537', '826']
['970', '428', '495', '65', '77', '255', '383', '929', '82', '541', '371', '959', '100', '587', '834', '807', '345', '368', '567', '34', '664', '543', '321', '373', '122', '71']
