['193', '93', '350', '368', '302', '521', '911', '723', '749', '319', '246', '713', '841', '761', '278', '902', '791', '305', '373', '924', '117', '821', '931', '370', '718', '695', '101', '818', '227', '194']
['134', '676', '413', '330', '579', '346', '273', '114', '253', '331', '505', '73', '622', '371', '759', '468', '78', '452', '812', '36', '431', '90', '702', '780', '866', '951', '45', '339', '475', '213', '174', '430']
['155', '416', '682', '594', '129', '366', '54', '798', '671', '465', '512', '154', '441', '624', '832', '289', '379', '22', '738', '340', '684', '548', '257', '542', '839', '316', '547', '332', '617', '221', '502']
['321', '474', '223', '152', '701', '27', '887', '806', '281', '464', '88', '846', '233', '287', '477', '145', '389', '876', '507', '762', '55', '574', '189', '802', '820', '63', '957', '663', '7', '396']
['909', '61', '256', '485', '171', '744', '355', '636', '797', '176', '858', '503', '419', '388', '599', '315', '845', '921', '70', '442', '249', '527', '898', '899', '623', '657', '66', '856', '214', '64', '123', '414']
['586', '847', '480', '211', '28', '192', '107', '303', '927', '294', '458', '835', '934', '190', '787', '390', '796', '488', '166', '187', '804', '643', '848', '840', '392', '698', '71', '783', '587', '232', '930', '280']
['955', '128', '513', '781', '697', '404', '295', '779', '329', '585', '659', '151', '457', '814', '645', '191', '809', '763', '539', '121', '642', '432', '448', '939', '285', '949', '106', '32', '615', '889', '328', '354']
['888', '181', '182', '610', '94', '382', '658', '655', '685', '18', '237', '202', '803', '679', '873', '748', '184', '87', '668', '403', '322', '288', '198', '653', '337', '377', '705', '112', '365', '447', '591']
['666', '961', '126', '144', '411', '216', '570', '789', '717', '588', '314', '234', '774', '733', '611', '467', '515', '13', '860', '893', '150', '929', '760', '595', '715', '895', '560', '0', '782', '901', '161', '84']
['420', '628', '47', '758', '424', '933', '203', '829', '361', '946', '50', '504', '460', '80', '619', '817', '490', '445', '444', '275', '769', '434', '306', '69', '906', '778', '884', '562', '470', '167', '4', '53']
['384', '691', '819', '555', '664', '276', '943', '581', '81', '852', '183', '709', '179', '941', '661', '293', '15', '597', '427', '443', '17', '621', '947', '141', '261', '618', '602', '75', '60', '40', '665']
['385', '1', '765', '605', '394', '704', '469', '138', '956', '51', '669', '89', '95', '672', '74', '122', '395', '456', '830', '478', '753', '8', '438', '236', '170', '334', '741', '471', '752', '874', '397', '528']
['582', '793', '862', '522', '954', '740', '777', '333', '589', '426', '508', '811', '197', '383', '531', '111', '913', '904', '568', '97', '607', '238', '731', '584', '908', '506', '865', '402', '530', '592', '186']
['519', '868', '693', '58', '736', '35', '716', '773', '300', '788', '940', '363', '24', '495', '768', '104', '37', '453', '113', '833', '282', '185', '119', '727', '573', '766', '110', '534', '405', '580', '692']
['894', '108', '263', '299', '206', '552', '344', '688', '609', '755', '407', '526', '564', '99', '65', '750', '772', '124', '318', '264', '473', '91', '583', '196', '31', '415', '493', '168', '255', '854', '660', '324']
['885', '828', '140', '259', '801', '135', '201', '651', '545', '450', '239', '699', '199', '546', '959', '25', '208', '157', '670', '130', '98', '945', '677', '44', '575', '59', '345', '650']
['905', '335', '449', '164', '400', '180', '462', '807', '764', '260', '631', '177', '143', '687', '944', '825', '68', '250', '606', '247', '751', '57', '790', '827', '808', '79', '725', '406', '347', '533', '879']
['952', '707', '831', '10', '649', '958', '290', '231', '920', '726', '422', '896', '489', '399', '652', '694', '596', '728', '228', '510', '178', '169', '351', '662', '472', '517', '207']
['336', '576', '116', '632', '500', '501', '251', '932', '915', '910', '245', '711', '118', '103', '380', '142', '686', '5', '38', '67', '640', '33', '824', '269', '479', '338', '492', '844', '375', '391', '739', '722']
['872', '398', '120', '608', '487', '298', '136', '538', '638', '565', '714', '900', '912', '42', '960', '105', '224', '440', '922', '279', '352', '544', '156', '816', '799', '826', '376', '244', '100', '730', '928']
['372', '326', '863', '158', '511', '423', '439', '270', '284', '267', '857', '308', '518', '353', '304', '838', '3', '86', '925', '139', '2', '162', '914', '362', '543', '743', '800', '634', '147', '805', '159', '786']
['466', '794', '92', '712', '891', '498', '882', '401', '268', '241', '225', '160', '205', '771', '310', '644', '243', '357', '919', '292', '367', '877', '708', '109', '486', '646', '625', '859', '481', '220', '271']
['626', '435', '393', '950', '125', '323', '855', '923', '218', '39', '795', '52', '537', '421', '629', '614', '188', '853', '563', '681', '558', '613', '446', '700', '627', '327']
['559', '520', '880', '875', '343', '62', '647', '550', '926', '277', '554', '496', '633', '20', '146', '878', '30', '719', '235', '635', '578', '549', '673', '735', '378', '455', '266', '219', '429', '654', '536', '721']
['948', '524', '767', '43', '19', '21', '149', '598', '210', '359', '710', '916', '720', '553', '567', '11', '903', '454', '836', '776', '571', '137', '551', '301', '870', '630', '342', '810', '313', '637', '734', '747']
['163', '871', '29', '886', '374', '248', '892', '212', '215', '491', '195', '604', '96', '254', '683', '320', '459', '784', '648', '620', '541', '356', '173', '307', '76', '494', '26', '148', '425', '938', '409', '897']
['849', '48', '842', '529', '437', '483', '601', '153', '476', '890', '770', '680', '325', '364', '566', '16', '864', '867', '689', '77', '408', '131', '514', '823', '436', '523', '509', '412', '296', '690']
['861', '667', '428', '641', '175', '484', '746', '309', '317', '204', '516', '850', '724', '358', '387', '729', '732', '907', '229', '56', '133', '696', '540', '172', '262', '274', '675', '226', '792', '46', '386', '756']
['935', '217', '577', '272', '312', '341', '209', '348', '72', '612', '127', '822', '85', '881', '953', '9', '843', '41', '572', '499', '532', '918', '369', '283', '291', '360', '349', '757', '561', '737', '49', '34']
['656', '265', '639', '83', '706', '674', '252', '242', '745', '82', '815', '775', '834', '12', '23', '556', '433', '883', '525', '603', '165', '742', '535', '102', '616', '785', '381', '942', '297', '311', '937', '600']
['569', '837', '240', '754', '678', '590', '851', '410', '482', '14', '497', '258', '463', '451', '200', '917', '557', '869', '6', '286', '813', '417', '593', '115', '230', '936', '703', '222', '418', '461', '132']
