['80', '151', '54', '266']
['195']
['565']
['0', '34', '512']
['362', '110', '107', '47', '254', '432', '447', '126', '408']
['594', '84', '202', '339', '357', '495', '555', '524', '433']
['228']
['391']
['389']
['546']
['13']
['570']
['263', '136', '182', '310', '292', '311']
['530', '7', '142', '1', '494', '337', '461', '174', '544', '511', '77', '471', '144', '36', '374', '515', '435', '370', '428', '163', '335', '222']
['22']
['264', '473', '169', '246', '334', '122', '395', '45', '404', '237', '418', '347']
['523', '98', '387', '309', '106', '39', '164', '541']
['235']
['531']
['479', '366', '135']
['320', '551', '187', '148']
['183']
['364', '578']
['117', '258']
['508']
['69', '396', '525', '296']
['241', '104']
['175', '180', '177']
['62', '43', '522']
['15', '403', '253']
['451', '48', '402']
['375']
['456', '489']
['380', '561']
['150', '27', '448', '240', '371']
['481', '313']
['260', '196']
['533']
['250']
['415']
['383', '51']
['8']
['353', '557']
['498', '298', '234']
['152', '86', '115']
['214']
['330', '103', '14', '425', '477', '3', '490']
['460', '205', '577', '114', '507']
['119', '208']
['265', '314']
['329']
['105']
['42', '125', '484', '412', '492', '586', '398', '252', '493', '79', '257', '421', '587', '223', '201', '49', '569', '431', '59', '472', '307', '465', '305', '291', '487', '386', '361', '516', '559', '81', '143', '350', '566', '73', '71', '218', '576', '275', '326', '562', '332', '131', '220', '474', '2', '444', '188', '534', '155', '372', '93', '580', '113', '486', '377', '5', '230', '496', '303', '302', '423', '232', '287', '549', '306', '356', '390', '513', '584', '166', '238', '281', '583', '134', '139', '261', '575', '459', '506', '414', '384', '328', '510', '255', '53', '360', '338', '300', '482', '343', '462', '75', '582', '130', '70', '393', '419', '504', '491', '532']
['60']
['368', '545']
['378']
['146', '181', '321', '132']
['211', '550', '138']
['467']
['333']
['284', '268', '179']
['35', '394']
['206']
['547', '127', '23', '497', '567', '483']
['200', '596']
['301', '221', '552']
['285', '161', '426', '543', '121']
['171', '410', '283', '170']
['520', '478']
['317']
['100']
['233']
['502', '505']
['488']
['31']
['574']
['91', '407', '215']
['176', '162']
['466']
['9', '464']
['468']
['437', '588', '369', '427']
['95', '351']
['229']
['327', '224']
['109', '480', '422', '517']
['573']
['354']
['599']
['46', '198']
['501', '158', '165']
['289', '89']
['277', '434', '359', '262', '449', '411']
['231', '542', '85']
['346']
['68', '145']
['579', '82']
['267']
['315', '108', '439']
['399', '363']
['476']
['270', '581', '282']
['413']
['24', '536', '219']
['184', '392', '420', '349']
['445']
['186', '598', '141']
['452']
['589', '199', '203', '50']
['191', '172', '101', '591', '58', '358']
['38']
['572', '430']
['210', '521']
['336', '55', '154', '355', '244']
['272']
['248', '194', '453']
['316', '304']
['308']
['111', '454', '178', '204']
['216', '160', '535']
['26']
['102']
['526']
['528']
['213']
['590', '147']
['273', '209']
['67', '457', '376', '294']
['295']
['96']
['553', '251', '409', '348']
['405', '227', '124', '342']
['88']
['280']
['406', '318', '438', '116', '279', '593', '475']
['500']
['485', '509']
['382', '37']
['112']
['388']
['269']
['185', '197']
['381']
['41', '4']
['64']
['560']
['12']
['17', '239']
['65', '20']
['243']
['120']
['540', '56']
['323', '19', '249']
['61', '190', '207']
['245', '340', '400']
['344', '44', '440']
['78']
['345']
['446', '30']
['274', '319']
['11']
['293']
['156']
['118']
['278', '537']
['556', '417', '57', '87', '6', '469', '137', '373', '157']
['33']
['436', '63']
['597']
['128']
['153']
['416', '83', '592', '470', '367', '99', '123']
['325']
['168', '29', '286']
['463', '94', '225', '322', '527']
['259']
['341', '159', '167']
['563', '558']
['16', '90', '397', '548', '226', '352', '503', '324']
['149']
['189']
['297']
['129', '74']
['458', '76', '217', '72', '192', '499', '441', '568', '312', '40']
['585', '256', '242']
['450', '140']
['429']
['455', '424', '288', '385']
['519', '442', '529']
['539', '276']
['247', '271', '10']
['212', '193']
['595']
['25', '564', '236']
['514', '299', '32', '92']
['97', '52', '331', '554', '379', '571', '365']
['518', '18', '173']
['290']
['133', '401', '28', '66', '443']
['538', '21']
