['989']
['964', '365', '660', '66', '456']
['588', '632', '548']
['727']
['726', '810', '780', '173']
['361']
['423', '729', '809']
['603', '931', '487', '606']
['385', '715', '398', '531', '160']
['220', '889']
['585']
['971', '272', '739', '642']
['14', '424', '879', '198', '789', '302', '232', '554', '558', '895', '640', '503', '443']
['457', '261', '883', '999', '185']
['881', '906', '688']
['834', '888']
['601']
['566', '460', '748', '962', '805', '984', '772', '247', '536']
['925', '959', '563', '306', '169', '526', '795', '64', '960', '87', '686', '283', '409', '334', '638', '103', '808', '618', '416', '634']
['50', '161', '559', '234', '790', '547', '773']
['671', '777', '207', '826', '72']
['495']
['720', '786', '119']
['277']
['28', '480', '501', '425', '351', '45', '266', '75']
['96', '305', '204', '439', '139', '315', '653', '593', '991']
['432', '388']
['115', '88', '695', '132', '604', '735', '543']
['391', '609', '977', '309', '98', '346', '459', '836', '854', '628', '682', '250', '288', '782', '131', '737', '36', '21', '159', '573']
['927', '866', '313']
['252']
['420', '615', '469', '470', '143', '902', '542']
['541', '189', '899']
['793', '212', '647']
['22']
['328', '472', '321']
['390']
['864', '214', '764', '596', '48', '314']
['244', '511', '454', '284', '926', '303', '921']
['516']
['255', '310', '269']
['225', '533', '754', '419', '703', '522', '892', '180', '477', '698', '961', '273', '664', '683', '172', '467', '82', '217', '337', '867', '13', '798', '626', '498', '557', '31']
['832', '740', '620']
['86', '702', '724', '324', '894']
['870', '551', '746', '340', '694']
['616', '719', '151', '822', '519', '474', '312', '358', '970', '292', '631']
['286', '723', '80', '594', '47', '708', '552', '215', '108', '880']
['274', '121', '281', '112', '736', '379', '259', '912', '308']
['492']
['545', '407', '44', '929', '976', '202', '304', '23', '415', '211', '679', '394', '639', '612', '37', '717', '486', '256', '721', '571', '205', '651', '397', '697', '643', '285', '979', '535', '62', '238', '570', '422', '499', '387', '59', '58', '592', '116', '134', '763', '665', '34', '936', '412', '90', '241', '502', '17', '224', '765', '326', '462', '908', '779', '322', '29', '898', '60', '942', '611', '903', '851', '877', '904', '489', '73', '987', '129', '429', '11', '153', '915', '945', '858', '753', '722', '427', '226', '166', '352', '101', '916', '452', '788', '937', '704', '197', '347', '953', '868', '282', '646', '317', '672', '182', '222', '564', '886', '801', '190', '650', '110', '113', '872', '677', '138', '15', '265', '750', '804', '860', '249', '227', '587', '599', '70', '123', '549', '263', '850', '24', '350', '940', '745', '320', '104', '932', '148', '747', '857', '135', '784', '802', '57', '758', '830', '649', '827', '393', '655', '466', '819', '890', '348', '218', '933', '817', '862']
['967']
['464', '325', '821']
['846', '368', '969', '433', '473']
['676', '770', '992']
['974', '847', '56', '512']
['957']
['622', '574', '18', '914', '383', '127', '562', '32', '493', '196', '771', '768']
['438', '287', '578', '20', '188', '69', '46']
['538', '125', '237', '396', '762']
['171']
['126', '811']
['510', '392', '193', '54', '63', '997', '430', '579', '307', '955', '437', '239', '100', '291', '8', '911', '716', '463']
['318', '943', '293', '410', '179', '298', '524', '630', '136', '705', '900', '145', '71', '378', '938', '349', '577']
['357', '537', '408', '776', '111', '141', '572', '887']
['85', '944', '823', '186', '907', '268', '490']
['330']
['295']
['838', '450', '233', '613', '718', '876', '988', '210', '485']
['183', '19']
['262', '195']
['133']
['855', '518', '701', '154', '336', '637', '861', '444', '845', '514', '219', '38', '741', '843', '917', '691']
['332']
['981', '55', '92', '521', '728', '509', '369']
['405', '142', '794', '680']
['27']
['451', '242', '156']
['370', '662', '230', '476', '471', '122']
['206', '633', '751', '264', '497', '144']
['824', '382', '709', '629']
['614']
['41']
['818']
['508', '707']
['494', '442', '364', '952', '448', '835', '852', '998', '200', '600', '546', '61']
['575', '152', '738', '3']
['280', '684', '733', '831', '223', '759', '681']
['251', '515', '555', '761', '4', '386']
['102']
['896', '670', '178']
['792', '395']
['597', '947', '95', '874']
['922', '400']
['2', '341', '807', '158', '1', '128', '948', '114', '791', '656']
['534', '506', '84']
['381', '16', '482', '479', '678', '271', '413', '756', '213', '164']
['956', '376', '668', '403', '455', '301', '783', '848']
['523', '465']
['7', '360', '300', '517', '299', '627', '661', '878', '40', '216', '194', '972', '5']
['769', '544', '700']
['797', '319', '635']
['744']
['421', '690', '973', '344', '581', '327']
['710', '157', '26', '833', '965', '595', '654']
['236', '560', '414', '994', '176', '958', '235']
['248', '167', '610']
['918']
['245', '406', '706', '787', '853', '155', '641']
['149', '667', '147']
['43', '734', '590']
['458']
['844', '229', '333', '267', '94', '875', '118', '359', '505']
['951']
['399', '491', '208', '837']
['975', '553', '607', '478', '175', '766']
['742', '170', '799', '184', '65', '591', '539', '825']
['461', '402', '685', '663', '909', '583', '35', '966', '500', '910']
['863', '384', '820', '162', '9', '816', '978', '42', '569']
['625', '468', '496', '644', '602', '815', '813', '689', '760', '81', '755', '528', '373', '192', '146']
['428', '617', '893', '12']
['983', '411', '714', '290', '374']
['920', '297', '257', '446']
['530', '812', '30', '605']
['52', '228']
['484', '401', '713', '568']
['930', '982', '757']
['645']
['191', '93', '345']
['785']
['338', '814', '934', '995']
['856', '687', '335', '367', '897', '939']
['986', '743', '475']
['372', '434', '389', '712', '353']
['803', '673', '946', '323', '693']
['39', '25']
['417', '913']
['749', '527', '311', '636', '83']
['674', '839', '130']
['404']
['49', '375', '996', '968', '767']
['363', '652', '426', '445', '329']
['842', '278', '120', '107']
['752']
['520', '436', '619', '6']
['550', '89', '584', '905', '435', '140', '829']
['841', '507', '806', '243', '669', '67', '525', '0']
['51', '68', '980', '540', '513', '675']
['950']
['586', '296', '901', '871']
['928', '150', '339']
['692', '730', '362', '778', '355']
['356', '624', '954', '137', '240', '725', '623', '109']
['76']
['449', '963']
['371', '78']
['331']
['657']
['935', '74', '731', '53', '453', '576', '294']
['556']
['203', '79', '529', '270', '447', '366']
['168', '342', '658', '221', '97', '774', '279']
['800', '567', '924', '666', '354']
['891', '532', '941', '33', '289']
['648', '380', '732', '209', '565', '418']
['253', '840']
['561']
['260', '377', '849', '117', '781']
['181', '796', '990', '985', '10', '483', '177', '441', '869', '91', '949', '163', '124']
['828', '106', '276', '993', '258', '882', '99']
['865', '440']
['77', '275', '923']
['199']
['580', '254', '246', '598', '488', '316', '608', '431']
['696', '187', '582']
['859', '873', '174', '504', '165', '885', '343', '699', '659']
['231', '775', '201', '481', '105', '711']
['589', '621', '919', '884']
