['35']
['140', '277', '773', '91', '366', '711', '738', '649', '90']
['71', '648']
['519', '242']
['124']
['531', '170']
['1', '282', '452']
['838', '650', '287', '95', '402', '374', '534']
['610', '597']
['730', '541', '467', '348', '188', '66']
['110', '297']
['398', '160']
['690', '241', '298', '404', '749']
['28', '616', '456', '256', '462', '193', '727', '555', '805', '441']
['724']
['499']
['232', '139', '627', '726', '459', '433', '229', '75', '521']
['111', '347']
['641']
['267']
['94', '806', '615', '165', '41', '737', '580', '407']
['370']
['636', '742', '811']
['473', '270', '239']
['103', '109', '373']
['701', '67', '164', '526', '197']
['747', '273', '732']
['371']
['254', '59']
['364', '330', '657', '220', '307', '635']
['417']
['146', '579', '832']
['489']
['790', '30']
['9', '758', '761']
['561', '31', '656', '369', '304']
['552', '45', '289', '588', '384', '454']
['118']
['80', '429', '50', '760']
['544', '176', '731', '660', '558', '325']
['624', '705', '448', '445']
['401', '739']
['709', '18']
['569', '400']
['439']
['182', '179']
['522', '681']
['623']
['812']
['632']
['184', '645', '743']
['234']
['258', '687', '830', '527', '127']
['296', '535', '589', '292']
['598', '153', '69']
['126', '438', '264', '684']
['383', '125']
['350', '675', '363', '776']
['725', '491', '574', '487', '19', '432', '490', '148', '546']
['682', '169', '497', '434', '455', '771', '693', '211', '382']
['464', '612', '556', '151']
['513', '686']
['463']
['405']
['559']
['586', '673', '829']
['283']
['792']
['224', '335', '557', '181', '42', '11']
['663', '334', '358', '319']
['481', '564', '841', '87']
['599', '651', '532', '587', '420']
['207', '263']
['172', '130', '138', '756', '611']
['628']
['723', '533']
['840', '720', '680', '430']
['825', '710', '677', '471', '391']
['568', '231', '751', '280', '700']
['584', '525']
['52', '515']
['226', '2', '836', '733', '821', '642']
['191', '202', '478', '132', '798', '494', '510', '149']
['784', '173']
['134', '157']
['629', '670', '121', '274', '482', '64', '425', '664']
['652', '413', '703', '236']
['585', '107']
['189', '431']
['166', '388', '218']
['418', '272', '674', '802', '698', '93', '493']
['73', '537', '571']
['477']
['314']
['14', '461', '426', '329']
['230', '285', '247', '488', '578']
['58', '357']
['362']
['646', '56']
['68', '306', '368', '410']
['621', '46']
['839', '536']
['575', '205', '422', '543', '423', '129', '53', '290', '566', '639']
['605', '318', '114']
['83', '831', '748']
['678']
['4']
['260']
['266', '783', '155', '299', '604', '392']
['6', '801']
['750']
['269']
['665', '809', '775', '345']
['815']
['517', '777', '323']
['353', '679', '818', '697']
['567']
['450', '794', '336', '338']
['408']
['225', '192', '308', '603', '480', '647', '152']
['113']
['437']
['381']
['72', '563', '676']
['367']
['390', '251', '23']
['340']
['808']
['803', '714', '159', '707', '593', '343', '524', '800', '618', '715']
['512', '178']
['259']
['171']
['333', '356', '689', '409']
['281']
['61', '607', '49', '706', '389', '328', '786', '227', '506']
['772', '778']
['447', '303', '238', '757', '17', '386', '826']
['428']
['554', '492', '835', '562']
['421', '813', '411', '766', '375', '183', '419', '458', '768']
['753', '581', '692', '326']
['352', '640', '470', '613', '380']
['722', '214', '435', '395']
['592', '40', '3', '294', '104', '78']
['779', '475']
['696']
['240', '834', '625', '120']
['609']
['654', '620', '51', '106']
['312']
['142', '827', '735']
['820']
['672', '427', '528', '770']
['449', '721', '397']
['416']
['223']
['511', '759']
['39']
['822']
['468', '265', '755']
['346', '286', '101']
['451', '34', '443', '54', '520', '268', '573']
['505']
['204', '315']
['741', '278', '219']
['394', '206']
['180', '233', '222', '436']
['796', '162', '123', '795']
['196', '713']
['719']
['514', '77', '5', '523', '158', '542']
['32', '708', '199', '393', '349', '387', '144', '27']
['141', '351', '15', '752', '154', '508', '601', '793', '288']
['671']
['26', '414', '279', '548', '789', '630', '16', '128', '339']
['7', '667', '565', '631', '476', '235', '734', '472', '321']
['313', '174']
['271']
['163', '538']
['8']
['769', '344', '442']
['63', '359', '837', '108', '244', '553', '688', '105', '633', '495']
['824', '617', '659', '529', '479', '372', '209', '98']
['507', '177', '550', '324', '354', '446', '81', '843', '501']
['634']
['740']
['102', '622']
['403', '658', '0', '342', '799', '44', '246', '704']
['590']
['24']
['168', '47', '302', '186', '187']
['250']
['503', '500', '545', '424', '175']
['498', '844', '504', '96']
['695', '84', '746', '85', '465']
['549', '702', '814', '295', '842', '122', '92']
['791']
['79', '810', '782', '823', '13']
['311']
['361', '117', '60']
['638', '133', '606']
['252', '309']
['208', '694', '136']
['327', '377', '787', '643', '253', '195', '194']
['86', '764', '36']
['332', '213']
['89']
['119', '74', '143', '255', '38', '788', '469', '116', '305']
['744', '131']
['785', '257', '301', '212', '683', '135', '331', '718', '736']
['644', '547', '828']
['300', '466', '765', '668', '602', '161', '583', '221']
['310', '185', '261', '530']
['762']
['249']
['293', '572', '781', '10', '460', '717', '55', '655']
['29', '474']
['685', '774', '729']
['245', '614', '516', '484']
['62', '145']
['337', '97', '412']
['551', '817', '216', '819']
['262']
['70', '379', '376', '453', '320', '396']
['190', '816', '754', '486', '100', '341', '653']
['228', '509', '276', '763', '807']
['248', '594', '745', '502', '147', '539']
['76', '156']
['365']
['518', '203']
['485', '767']
['48', '355', '284', '406']
['291']
['215']
['22']
['210', '440']
['33', '217']
['699']
['591', '82', '167', '25']
['608', '691', '496', '150', '797', '88']
['378', '115', '780', '20', '112']
['662']
['243']
['582', '560', '316', '137', '457']
['577']
['716']
['360', '444']
['200']
['600']
['619', '833', '804']
['626', '237']
['661']
['415', '728', '570', '65', '595']
['637', '399', '669']
['317', '198']
['99']
['322', '576', '540', '712', '12', '57', '483', '385', '37']
['201', '275', '596', '21', '43', '666']
