['579', '336', '167', '365', '124', '356', '285', '543', '233', '359', '612', '560', '456', '273', '195', '276', '267', '380', '290', '43', '122', '463', '474', '621', '98', '576', '400', '420', '328', '44', '502', '354', '73', '533', '174', '432', '411', '389', '565', '459', '596', '85', '288', '622', '470', '636', '192', '90', '241', '582']
['442', '162', '229', '198', '341', '269', '169', '625']
['586', '392', '504', '108', '550', '476', '523', '279', '466', '348', '553', '426', '488', '190', '412', '49', '211', '23']
['265', '471', '545', '439', '268', '431', '238', '433', '618', '240', '315', '413', '360', '394', '252', '26', '21', '53', '239', '611', '554', '644', '76', '578', '219', '457', '234', '377', '59', '54', '297', '568', '614', '246', '500', '307', '593', '575', '143', '422', '185', '538', '251', '216', '558', '486', '138', '460', '214', '580']
['151']
['464', '532', '398', '353', '47', '631', '107', '395', '322', '284', '280', '249', '259', '616', '450', '236', '513', '350', '430', '441', '189', '369', '139', '602', '289', '606', '38', '517', '484', '440', '204', '111', '623', '610', '33', '164', '525', '501', '529', '531', '283', '619', '147', '468', '203', '135', '374', '60', '549', '179']
['120']
['121', '77', '511', '12', '515', '493', '366', '27', '281', '547', '64', '637', '641', '103', '134', '391', '83', '526', '306', '339', '115', '536', '2', '608', '399', '332', '110', '287', '37', '539', '490', '518', '314', '402', '208', '119', '454', '645', '15', '409', '97', '270', '544', '6', '639', '514', '303', '199', '18', '330']
['519', '597', '478', '32', '196', '592', '182', '150', '210', '243', '329', '291', '609', '629', '153', '255', '242', '156', '495', '166', '376', '642', '57', '11', '346', '480', '620', '630', '368', '87', '512', '506', '446', '477', '308', '152', '296', '244', '467', '161', '379', '542', '435', '136', '254', '338', '102', '278', '521', '163']
['387', '117', '165', '88', '312', '186', '223', '149', '63', '510', '137', '362', '599', '17', '129', '343', '499', '559', '13', '67', '321', '70', '633', '384', '112', '9', '218', '309', '540', '225', '130', '345', '494', '104', '75', '133', '624', '84', '205', '266', '105', '171', '260', '272', '142', '298', '326', '403', '215', '131']
['79']
['516']
['541', '475', '89']
['220', '201', '528', '170', '173', '148', '282', '0', '473', '452', '588', '30', '22', '175', '300', '55', '126', '325', '447', '286', '271', '94', '335', '370', '66', '154', '256', '157', '425', '587', '202', '465', '313', '449', '503', '634', '524', '145', '617', '193', '562', '570', '191', '331', '489', '50', '479', '567', '347', '590']
['423', '46', '5', '416', '92', '29', '320', '372', '419', '598', '508', '577', '42', '594', '505', '406', '638', '14', '461', '358', '91', '561', '393', '383', '445', '351', '16', '207', '551', '19', '35', '333', '141', '168', '405', '583', '4', '116', '472', '127', '643', '56', '209', '264', '361', '556']
['573']
['235']
['305', '535', '316', '327', '61', '128', '178', '595', '253', '444']
['155', '228', '324', '311', '258', '177', '299', '304', '492', '585', '180', '34', '415', '302', '39', '125', '401', '382', '603', '275', '95', '99', '41', '635', '571', '7', '261', '552', '187', '363', '436', '615', '81', '355', '52', '48', '527', '213', '230', '581', '453', '357', '613', '589', '172', '563', '537', '373', '448', '640']
['100']
['197', '113', '277', '206', '451', '491', '78', '317', '386', '437', '407', '294', '434', '632', '82', '247', '522', '20', '232', '438', '429', '584', '295', '310', '390', '564', '408', '51', '160', '159', '40', '627', '212', '263', '455', '293', '342', '86', '352', '101', '140', '557', '123', '364', '591', '546', '334', '200', '601', '106']
['318', '109', '497', '555', '176', '250', '462', '24', '340', '58', '421', '534', '146', '301', '28', '404', '417', '337', '397', '424', '262', '428', '74', '8', '292', '184', '498', '487', '418', '548', '69', '375', '224', '36', '566', '367', '469', '485', '574', '381', '414', '604', '132', '388', '628', '323', '96', '71', '274', '31']
['349']
['222', '68', '378']
['1', '520', '572', '65', '245', '181', '458', '80', '371', '10', '226', '443', '72', '482', '607', '217', '183', '248', '385', '410', '396', '221', '227', '530', '118', '344', '62', '481', '93', '194', '231', '237', '427', '114', '509', '158', '144', '188', '496', '25', '569', '605', '600', '483', '626', '45', '257', '319', '507', '3']
