['223']
['74']
['372']
['15']
['696']
['194']
['790']
['81']
['156', '392', '124', '202', '43', '698', '321', '384', '13', '306', '147', '730', '695']
['658']
['39', '723', '206', '150', '686', '687', '451', '594', '347', '444', '761', '89', '141']
['432']
['153']
['614']
['137']
['85']
['131']
['377']
['626']
['117', '465', '511', '78', '399', '467', '666', '110', '489', '615', '622']
['326']
['724']
['721']
['400', '781', '551', '712', '525', '414', '597', '693', '205', '543', '519', '173', '523']
['199']
['151', '584', '228', '24', '735', '178', '297', '402', '602', '190', '743']
['61']
['243']
['599']
['130']
['98']
['174']
['759', '266', '577', '459', '549', '143', '704', '3', '366', '803', '354']
['165']
['458']
['324', '107']
['564', '270', '296', '385', '240', '741']
['535', '708', '58', '734', '565', '607', '40', '313', '212', '668', '462', '433', '180', '396', '34', '286', '411', '524', '452', '359']
['46']
['545']
['209']
['749']
['406']
['251']
['740']
['731']
['651']
['736']
['764', '36', '540', '633', '522', '409', '232']
['318']
['593']
['278', '276', '288', '745', '480', '184', '493', '787', '752', '331', '11', '201', '755', '50', '367', '683', '170', '568', '641', '227']
['751']
['181', '52']
['526']
['774']
['441', '118', '494', '115', '362', '508', '273']
['291']
['469']
['516']
['168']
['80']
['72', '767', '280', '275', '570', '720', '569', '771', '766', '320', '513', '4', '426', '503', '742', '689', '332', '197', '588', '420']
['309', '341', '642']
['289']
['448']
['440']
['88', '536']
['2']
['281']
['509', '590', '676']
['99']
['198']
['814']
['63']
['103']
['559']
['725']
['679']
['325', '86', '252']
['463']
['257']
['812']
['455']
['617']
['624']
['207', '373', '330', '335', '429', '329', '224', '265', '497', '537', '159', '344', '148', '669', '660', '576', '187', '682', '653', '220']
['805', '238', '750', '113', '298', '304', '481', '623', '681', '57', '351', '737', '235', '290', '487', '339', '709', '352', '780', '598']
['520']
['139']
['263', '753', '295', '164', '55', '718', '560', '56', '416', '370', '521', '195', '482', '715', '67']
['65']
['19']
['667', '403', '388', '48', '445']
['661', '589', '361', '272', '461', '342', '108', '91', '762', '446', '274', '612', '282', '639', '412', '722', '505', '739', '379', '363']
['449']
['616']
['259']
['225']
['231']
['292', '507', '308', '214', '49', '757', '92', '69', '801', '539', '337', '796', '610', '738', '35', '264', '407', '443', '260', '149']
['256']
['488']
['172']
['672']
['818']
['82']
['744']
['636']
['271']
['157']
['128']
['166']
['45']
['437']
['763', '27', '659', '716', '490', '804', '713', '637', '423', '534', '500', '398', '375', '229', '255', '675', '691', '386', '152', '784']
['382', '654', '381', '126']
['558', '179', '645', '635']
['694']
['544']
['283']
['208']
['808']
['360', '323', '64', '587', '652', '705', '218', '167', '473', '619', '6', '75', '439', '611', '54', '87', '454', '510', '109', '203']
['129']
['237']
['145']
['789']
['146']
['343']
['604']
['474']
['422']
['714', '250', '756']
['395']
['185']
['782']
['5']
['14']
['815']
['66']
['501']
['215', '717', '795', '350', '628', '226', '59', '247', '122', '638', '371', '210', '460', '340', '394', '374', '294', '640', '457', '703']
['127', '70']
['629']
['770']
['245']
['655', '301', '312', '783', '216', '154', '101', '471', '84', '105', '358', '348', '160', '532']
['22', '236', '336', '797', '685', '531', '287']
['470']
['246', '248', '583', '322', '112', '353']
['758']
['793', '515', '727', '719', '418', '383', '357', '609', '427', '581', '305']
['135', '485', '242', '733', '97', '527', '701']
['376']
['442']
['625', '726', '504', '44', '134', '464', '51', '506', '760', '327', '600', '369', '800', '662', '10', '678', '365', '574', '258', '606']
['192']
['111']
['18', '186', '356', '776', '575', '502', '26', '514', '552', '799', '785', '656', '528', '468', '554', '498', '548', '646', '773', '364']
['211']
['37']
['314', '47', '12']
['562']
['707']
['119', '556', '62', '425', '424']
['16']
['647']
['31']
['284']
['768', '684', '200', '279', '436', '380', '7', '397']
['76']
['161']
['204']
['408', '680', '125', '404']
['697']
['419', '387', '188', '571']
['775', '798', '579', '806', '573', '100', '807', '90', '710', '673', '30', '517', '116', '241', '447', '83', '491', '346', '811', '234']
['591', '627', '333', '93', '317', '620', '41', '555', '8', '802', '699', '132', '25', '566', '769', '71', '254', '603', '32', '389']
['311']
['816']
['779']
['300', '529']
['791']
['670', '53', '732']
['319', '29', '355', '690', '621', '368', '596', '728', '183', '434', '630', '792', '38', '542', '438', '21', '772', '643', '496', '114']
['809']
['328', '73', '390', '665', '121', '650', '142', '28', '476', '613', '196', '754', '608', '512', '428', '261', '136', '315', '338', '674']
['495']
['410']
['431']
['794']
['316']
['262']
['533']
['810', '546', '217', '17', '138', '144', '634', '182', '595', '42', '413', '618', '813', '421', '582', '94', '253']
['102']
['592']
['557', '700']
['120']
['303']
['580', '430', '479', '104', '405', '189', '277', '334', '817', '567', '155', '453', '96', '163', '746', '0', '158', '563', '269', '483']
['786']
['349']
['702', '415', '572', '106', '391', '417', '175', '657', '475', '484']
['456']
['310', '518', '285', '450', '663', '605', '466', '222', '95', '472', '267', '706', '765', '477', '20', '307', '9', '230']
['239', '492', '176', '435', '648', '293', '631', '213', '671', '778', '401', '550', '345', '747', '499']
['486', '788', '23', '133', '60', '123', '33', '632', '77', '221', '729', '664', '711', '553', '393', '777', '561', '530', '538', '649']
['547', '692', '193', '249', '378', '244', '79', '299']
['140']
['68', '302', '1', '191', '177', '478', '748', '644', '169', '601', '578', '219', '585', '162', '268', '586', '171', '233', '677', '541']
['688']
