['50', '80', '409', '34', '591', '32', '662', '94', '71', '364', '542', '93', '20', '546', '366', '207', '384', '395']
['613', '44', '691', '430', '26', '120', '555', '658', '136', '630', '421', '522', '670', '236', '310', '314', '651', '520', '337', '66', '509', '155', '354', '217', '238', '67', '698', '340', '157', '184']
['488', '627', '276', '502', '600', '393', '688', '594', '253', '368', '319', '534', '146', '573', '508', '198', '358', '210', '250', '554', '400', '239', '334']
['78', '118', '620', '694', '463', '623', '633', '589', '510', '149', '407', '617', '650']
['679', '693', '300', '117', '6', '666', '637', '268', '116', '235', '549', '47', '571', '257', '33', '639', '505', '106', '124', '490', '194', '279', '189', '179']
['412', '478', '383', '537', '321', '132', '532', '667', '608', '568', '475', '138', '614', '159', '332', '272', '535']
['224', '376', '153', '154', '76', '229', '671', '451', '461', '339', '379', '107', '629', '533', '429', '99', '234', '673', '487', '344', '692', '577', '145', '604', '102', '60', '602']
['274', '584', '565', '237', '46', '699', '605', '172', '355', '518', '4', '291', '191', '338', '304', '683', '396', '303', '362', '689', '621', '657', '38']
['570', '221', '445', '227', '377', '103', '559', '305', '631', '441', '283', '634', '498', '329', '63', '481', '528', '231', '548', '642', '41', '521', '73', '248', '130', '538']
['133', '271', '485', '372', '86', '625', '185', '29', '593', '77', '696', '632', '360', '212', '121', '280', '556', '612', '112', '497', '599', '609', '468', '226', '690', '583', '23', '123', '499', '403']
['426', '92', '606', '51', '659', '294', '401', '527', '128', '31', '567', '483', '201', '503', '311', '246']
['285', '209', '388', '22', '622', '181', '411', '626', '223', '5', '541', '425', '446', '28', '151', '434', '296', '230']
['343', '308', '448', '453', '176', '241', '391']
['350', '240', '249', '242', '628', '65', '431', '352', '408', '587', '472', '638', '437', '682', '588', '170', '197', '324', '486', '464']
['473', '410', '669', '219', '142', '336', '328', '616', '444', '251', '8', '48', '284', '331', '480', '126', '69', '551', '423', '342', '269', '110', '476', '643', '397', '318', '309', '687', '182', '301']
['515', '500', '91', '611', '595', '42', '675', '295', '373', '574', '205', '380', '578', '442', '90', '199', '43', '127', '312', '526', '357', '346', '418', '470', '547', '544', '85', '108', '438', '576']
['261', '512', '259', '147', '293', '575', '365', '363', '21', '135', '156', '668', '322', '320', '273']
['17', '496', '462', '610', '405', '674', '262', '579', '531', '516', '529', '326', '450', '563', '266', '206', '82', '382', '590', '467', '545', '288', '392', '458', '414', '59', '225', '428', '404', '186']
['564', '335', '530', '660', '424', '97', '459', '635', '247', '569', '134', '399', '367', '519', '560', '479', '9', '394', '282', '166', '345', '615', '406', '385', '307']
['290', '137', '686', '232', '664', '202', '432', '275', '45', '325', '566', '95', '35', '211']
['175', '168', '177', '244', '14', '536', '684', '258', '353', '447', '341', '70', '208', '378', '74', '523', '196', '195', '640', '204', '119', '427', '433', '183', '143', '601', '83', '415']
['265', '115', '81', '586', '37', '641', '218', '125', '27', '506', '100', '104', '55', '1', '148', '174', '171', '435', '455', '61', '243', '361', '270', '53', '289', '11', '540', '524']
['173', '390', '277', '558', '685', '663', '517', '389', '57', '484', '167', '52', '581', '398', '180', '348', '624', '88', '452']
['302', '169', '192', '618', '413', '72', '245', '646', '160', '252', '165', '122', '436', '603', '188', '655', '456', '292', '113', '256', '443', '233', '386', '677', '286', '580', '351']
['672', '150', '494', '597', '36', '330', '507', '278', '539', '370', '220', '420', '489', '474', '298', '306', '652', '676', '109', '619', '316', '596', '592', '89', '129', '678', '471', '492']
['228', '152', '495', '40', '349', '75', '267', '64', '648', '369', '511', '178', '222', '15', '665', '101', '402', '84', '582', '3', '347', '493']
['482', '315', '513', '636', '647', '465', '381', '607', '98', '477', '193', '7', '200', '163', '562', '422', '359', '10', '557', '58', '695', '25', '0', '54']
['139', '501', '114', '327', '375', '19', '387', '287', '111', '297', '371', '440', '187', '333', '644', '2', '56', '131', '141', '79', '13', '419', '697', '190', '504', '457', '264', '550', '317']
['525', '514', '216', '215', '214', '105', '263', '491', '649', '158', '87', '24', '654', '585', '299', '656', '140', '661', '417', '12', '374', '164', '30', '543', '552', '680', '281', '313', '416', '356']
['18', '144', '439', '213', '68', '161', '49', '645', '96', '62', '255', '598', '561', '572', '454', '16', '323', '39', '653', '466', '203', '254', '449', '681', '260', '162', '460', '553', '469']
