['226']
['273']
['423', '167', '165', '201', '618', '340', '492', '434', '148', '482', '198', '588', '554', '424', '300', '14', '606', '310', '70', '523', '498', '341', '440', '297', '187', '480', '375', '224', '576', '246', '425', '86', '512', '352', '101', '414', '502', '624', '538', '581', '84', '171', '272', '488', '483', '200', '460', '45', '214', '580']
['640']
['239', '256']
['579', '520', '181', '155', '491', '371', '249', '443', '508', '304', '42', '516', '415', '103', '428', '13', '541', '571', '418', '561', '287', '455', '355', '293', '157', '368', '485', '348', '574', '178', '185', '533', '193', '553', '468', '141', '411', '459', '6', '379', '4', '254', '412', '49', '56', '211', '361', '23', '507', '590']
['1', '365', '88', '493', '458', '107', '395', '450', '350', '430', '21', '385', '221', '134', '517', '55', '219', '234', '481', '339', '358', '484', '231', '111', '463', '568', '159', '33', '120', '490', '52', '367', '158', '87', '119', '144', '140', '557', '133', '188', '168', '389', '591', '589', '138', '435', '136', '562', '643', '199']
['555', '284', '34', '316', '401', '95', '566', '333', '595', '131']
['521']
['471']
['265', '464', '511', '12', '277', '92', '312', '182', '150', '513', '217', '229', '129', '82', '629', '504', '410', '242', '227', '232', '100', '380', '578', '62', '384', '309', '383', '525', '509', '314', '630', '75', '35', '152', '604', '617', '213', '97', '135', '569', '600', '426', '260', '323', '257', '298', '326', '636', '90', '18']
['124', '497', '592', '10', '421', '609', '281', '0', '153', '255', '125', '602', '611', '76', '38', '91', '237', '40', '98', '393', '110', '37', '81', '345', '506', '328', '446', '128', '645', '123', '546', '357', '161', '60', '116', '601', '71', '489', '347', '556']
['121', '77', '197', '387', '442', '433', '543', '223', '320', '372', '317', '311', '149', '305', '437', '577', '183', '189', '108', '522', '638', '644', '74', '457', '642', '408', '7', '43', '94', '548', '9', '399', '68', '621', '332', '66', '279', '130', '16', '207', '381', '354', '422', '496', '296', '405', '583', '558', '338', '264']
['109', '336', '572', '245', '233', '243', '27', '72', '146', '301', '222', '585', '406', '473', '369', '452', '637', '417', '53', '195', '30', '22', '175', '559', '166', '275', '306', '126', '635', '57', '325', '286', '501', '529', '587', '202', '494', '454', '477', '503', '308', '73', '25', '542', '253', '570', '514', '403', '241', '582']
['416']
['196', '528', '360', '58', '510', '535', '526', '271', '449', '551', '270', '605', '105', '85']
['32', '65', '228', '29', '176', '80', '315', '598', '252', '534', '236', '294', '392', '441', '64', '302', '550', '438', '289', '447', '377', '115', '59', '487', '261', '194', '122', '225', '436', '69', '614', '620', '500', '313', '307', '619', '593', '208', '104', '143', '634', '145', '205', '364', '388', '628', '625', '470', '106', '330']
['439', '47', '451', '238', '285', '78', '280', '462', '413', '299', '26', '137', '599', '28', '456', '404', '156', '391', '382', '83', '61', '376', '93', '349', '54', '608', '552', '335', '212', '540', '263', '164', '342', '351', '269', '230', '453', '596', '467', '151', '169', '288', '472', '191', '278', '373', '274', '31', '163', '3']
['206', '356', '24', '170', '419', '63', '118', '67', '623', '370', '154', '147', '19', '174', '132', '486', '209']
['626']
['318', '268', '532', '398', '113', '5', '515', '324', '386', '407', '616', '329', '362', '594', '282', '632', '17', '505', '547', '248', '247', '530', '20', '397', '344', '262', '327', '633', '8', '2', '627', '114', '378', '400', '48', '44', '524', '79', '244', '432', '216', '565', '334', '190', '127', '50', '303', '192', '444', '179']
['545', '46', '431', '250', '240', '210', '259', '359', '235', '343', '39', '139', '495', '276', '267', '429', '603', '584', '41', '321', '390', '290', '461', '292', '564', '218', '363', '615', '539', '36', '466', '475', '469', '420', '15', '409', '527', '251', '89', '544', '613', '639', '563', '96', '622', '319', '549', '479', '448', '215']
['519', '597', '220', '353', '631', '366', '186', '322', '573', '586', '258', '177', '394', '162', '173', '180', '612', '560', '291', '607', '641', '396', '337', '499', '476', '184', '51', '11', '204', '536', '112', '346', '474', '610', '427', '518', '445', '531', '283', '402', '575', '266', '203', '374', '172', '142', '537', '102', '331', '567']
['160']
['478', '117', '295', '99', '465']
