['320', '882', '765', '418', '996', '879', '828', '463', '9', '74', '849', '904', '875', '988', '763', '455', '796', '850', '679', '558', '60', '323', '780']
['3', '361', '595', '556', '697', '412', '136', '403', '296', '564', '468', '304', '648', '792', '822', '450', '868']
['160', '423', '1', '125', '115', '641', '803', '133', '475', '987', '887', '857', '185', '122', '230', '751', '889', '650', '718', '71', '478', '121', '660']
['990', '343', '352', '312', '234', '384', '881', '727', '852', '369', '603', '13', '880', '629', '471']
['909', '645', '546', '620', '274', '788', '972', '642', '507', '744']
['15', '370', '409', '651', '188', '918', '978', '975', '195', '607', '601', '878', '908', '280', '794', '846', '321', '330', '958', '694', '245', '935']
['202', '895', '967', '199', '83', '489', '456', '171', '129', '696', '524', '208', '167', '46']
['806', '551', '277', '948', '72', '465', '259', '669', '573', '876', '844', '998', '670', '971', '219', '204']
['527', '804', '781', '440', '247', '53', '716', '11', '491', '544', '379', '52', '512', '916', '473', '970', '743', '827', '547', '992']
['938', '939', '797', '640', '367', '240', '821', '394', '269', '984', '23', '555', '130', '814', '871', '49', '686', '565', '145']
['563', '897', '383', '435', '539', '932', '400', '399', '355', '342', '325', '41', '439', '138', '12', '114', '50', '687', '832', '63', '310', '863', '317', '790', '223', '829', '653']
['728', '152', '666', '308', '776', '457', '191', '293', '714', '434', '222', '34', '38', '704']
['306', '568', '286', '713', '893', '203', '800', '365', '27', '574', '496', '92', '671', '166', '582', '263', '847', '149', '802', '715']
['407', '732', '225', '96', '200', '90', '733', '775', '834', '526', '699', '721', '438', '633', '462', '297', '649', '749', '75', '246']
['855', '793', '701', '45', '375', '513', '580', '444', '783', '533', '674', '364', '740', '710', '989', '538', '861', '757', '702', '415']
['476', '665', '173', '575', '326', '168', '617', '661', '639', '557', '79', '899', '279', '359', '663', '33', '238', '843', '174', '498', '59', '549', '621', '772', '189', '811', '903', '276', '980', '401', '817', '94', '411', '779', '662', '282', '128', '758', '870']
['950', '144', '421', '922', '983', '98', '80', '176', '692', '466', '150', '488', '940']
['522', '135', '172', '231', '347', '508', '91', '210', '88', '614', '214', '767', '158', '61', '124', '36']
['307', '44', '73', '459', '480', '667', '192', '332', '449', '477']
['17', '495', '4', '659', '196', '216', '431', '554', '986', '472', '690', '372', '132', '709', '823']
['837', '119', '576', '493', '885', '550', '336', '24', '305', '116', '404', '947', '104', '302', '952', '584', '329', '677', '142', '190']
['622', '82', '86']
['165', '275', '436', '358', '637', '597', '859', '840', '161', '737', '518', '109', '182', '506']
['910', '591', '773', '447', '830', '422', '942', '21', '705', '333', '519', '66', '319', '255']
['381', '644', '147', '227', '560', '664', '643', '684', '541', '833', '437', '261', '787', '137', '500', '374', '395', '578', '770', '896', '605', '785', '907', '362', '995', '529', '688', '962', '906']
['67', '78', '982', '486', '194', '267', '528', '682', '292', '131', '536', '658', '691', '28']
['862', '217', '373', '900', '838', '569', '186', '675', '611', '26', '241', '288', '735', '218', '873', '523', '180', '815', '181', '178', '327']
['738', '213', '419', '461', '997', '483', '368', '197', '454', '706', '798', '534', '730', '612', '215', '957', '6', '106', '344', '402', '561', '248', '891', '117', '77', '503']
['782', '311', '520', '886', '42', '143', '944', '739', '154', '764', '945', '760', '226']
['228', '353', '766', '340', '949', '510', '890', '405', '624', '388', '761', '571', '877', '618', '825', '272']
['474', '627', '851', '562', '442', '854', '291', '786', '108', '99', '110', '693', '469', '39', '572', '515', '70', '385', '746', '417', '220', '742']
['499', '390', '211', '146', '262', '345', '592', '599', '134', '29', '428', '836', '632', '820', '289', '179', '363', '537', '676', '5', '842']
['338', '209', '490', '934', '768', '299', '87', '680', '376', '16', '265', '594', '339', '76', '284']
['762', '300', '816', '577', '791', '778', '65', '348', '113', '959', '955', '613', '841', '888', '481', '159', '295', '287']
['943', '244', '429', '835', '408', '941', '445', '221', '414', '313']
['233', '729', '926', '316', '626', '494', '535', '170', '964', '229', '382', '35', '848', '163', '100', '552', '968', '858', '502', '424', '432', '994', '933']
['860', '357', '243', '912', '845', '236', '224', '410', '745', '32', '655', '350', '586', '545', '406', '207', '585', '84', '501', '155', '543', '965', '961', '47', '81', '391', '588', '101', '349', '540', '453', '40', '31']
['360', '386', '566', '484', '927', '260', '812', '464', '351', '251', '969', '678', '979', '283', '377']
['51', '187', '619', '184', '864', '808', '966', '175', '931', '723', '905']
['467', '593', '974', '127', '68', '356', '271', '22', '810', '309', '616', '915', '54', '579', '58']
['446', '354', '387', '497', '57', '266', '630', '883', '331', '451', '872', '946', '315', '777', '25', '628', '884', '281', '999', '771', '314', '720', '963', '638', '346', '867', '609', '257', '448', '120', '839', '237', '232', '105', '482', '56', '254', '991', '583', '596', '741', '452', '608', '901', '635', '587', '919', '201', '985', '205', '928', '393', '754', '610']
['392', '981', '102', '514', '103', '426', '977', '542', '492', '371', '425', '748', '366', '273', '831', '249', '48', '324', '902']
['695', '69', '0', '7', '62', '139', '813']
['752', '433', '581', '256', '177', '865', '89', '685', '458', '396', '55', '126', '700', '18', '250', '8', '530', '929', '521', '107', '672', '826', '750', '898']
['441', '153', '341', '151', '923', '111', '183', '430', '525', '140', '290', '157', '93', '328', '253', '397', '322', '598', '239', '646', '951', '993', '64', '212', '668']
['631', '278', '380', '193', '921', '268', '809', '930', '198', '976', '460', '937', '924', '531', '301', '416', '753']
['600', '759', '956', '936', '294', '413', '517', '470', '156', '318', '799', '532', '689', '657']
['911', '874', '673', '162', '487', '623', '703', '14', '636', '681', '378', '10', '118', '30', '164', '97', '548', '719', '725', '853', '19', '148', '722']
['420', '973', '590', '784', '913', '789', '504', '755', '123', '774', '389', '805', '707', '683', '37', '398', '894', '869', '95', '698', '479', '570', '20', '736', '141', '112', '258', '334', '270', '756', '807', '892', '925']
['801', '769', '335', '866', '708', '511', '602', '516', '303', '818', '285', '954', '731', '724', '960', '953', '795', '747', '634', '914', '264', '505', '920', '625', '824', '652', '252', '615', '206', '337', '604', '2', '567', '712', '559', '734', '298', '656', '711', '819', '606']
['235', '242', '553', '509', '589', '717', '85', '427', '169', '917', '647', '726', '443', '485', '43', '856', '654']
