['575', '307', '75', '140', '822', '558', '701', '0', '98', '523', '945', '990', '680', '359', '626', '175', '67', '351', '661', '631', '428', '529', '651']
['150', '162', '375', '263', '221', '942', '347', '237', '918', '371', '52', '393', '980', '309', '790', '513', '541', '71', '619', '688', '571']
['407', '915', '245', '278', '92', '994', '87', '560', '12', '904', '887', '314', '480', '955', '55', '845', '731', '233']
['979', '315', '489', '635', '117', '776', '115', '133', '805', '525', '753', '294', '786', '350', '627', '978', '968', '229', '226', '716', '943', '374', '817']
['808', '857', '765', '906', '925', '932', '855', '601']
['116', '390', '298', '967', '23', '241', '882', '547', '1', '379', '464', '603', '429', '373', '593', '935', '18', '535', '401']
['920', '532', '166', '910', '524', '203', '355', '674', '153', '970', '190', '198', '597', '100', '745', '514', '4']
['734', '204', '255', '824', '16', '211', '207', '811', '41', '826', '268', '39', '919', '27', '556', '403', '596', '550', '947', '430', '686']
['231', '590', '662', '433', '832', '569', '762', '212', '106', '764', '405', '844', '891', '534', '709', '449', '849', '783', '45', '863', '914', '683', '896', '356', '90']
['868', '545', '202', '316', '650', '127', '461', '780', '633', '555', '218', '274', '413', '691', '829', '772', '804', '296', '177', '17', '889', '613']
['985', '837', '509', '361', '594', '247', '815', '907', '877', '33', '276', '553']
['835', '152', '779', '714', '825', '286', '657', '797', '492', '566', '519', '526', '722', '447', '653', '951', '540', '266', '856', '682', '715']
['378', '777', '325', '343', '602', '875', '370', '796', '944', '570', '901', '548', '95', '453', '639', '422', '679', '104', '34', '502', '595', '225']
['178', '435', '157', '853', '349', '295', '327', '499', '187', '629', '732', '172', '713', '47', '341', '134', '672', '230', '445', '145', '706', '564', '963']
['665', '905', '491', '618', '122', '940', '991', '345', '568', '273', '31']
['735', '470', '376', '256', '367', '426', '717', '475', '562', '109', '998', '893', '718', '663', '730', '507', '128', '318', '272', '781', '224', '252', '960']
['580', '881', '313', '258', '956', '892', '380', '838', '606', '636', '322', '692', '552', '508', '757', '880', '572', '941', '814', '965', '382', '149', '37', '938', '440']
['611', '432', '870', '425', '6', '668', '277', '317', '747', '959', '670', '739', '124', '451', '687', '993', '215', '478', '782', '957', '865', '858', '503']
['615', '364', '511', '57', '981', '592', '954', '79', '899', '49']
['992', '182', '573', '874', '59', '338', '873', '798', '261', '191', '972', '876', '758', '719', '879', '257', '703', '864', '339', '927', '721', '441', '354', '36']
['108', '13', '733', '385', '50', '774', '768', '392', '599', '751', '576', '842', '741', '518', '275', '517', '939', '48', '35', '56', '726', '29', '669', '60', '242']
['582', '301', '414', '784', '236', '131', '311', '584', '638', '136', '898', '895', '506', '973', '637', '742', '948', '63']
['763', '608', '616', '546', '598', '81', '788', '209', '667', '642', '913', '154', '78', '833', '300', '248', '336', '168', '641', '791', '869', '20', '537', '410']
['396', '610', '352', '516', '419', '563', '384', '988', '69', '969', '727', '155', '465', '200', '497', '695', '770', '494', '600', '334', '147', '712', '88', '501', '729']
['587', '477', '235', '512', '493', '238', '538', '291', '293', '342', '766', '113', '737', '481', '186', '720', '114', '922', '111', '620', '952', '70', '219']
['80', '752', '161', '305', '579', '997', '312', '8', '30', '809', '472', '634', '240', '121', '323', '658', '169', '549', '628', '841']
['860', '830', '10', '15', '363', '604', '583', '702', '310', '671', '792', '463', '847', '61', '542', '769', '878', '789']
['262', '890', '885', '648', '173', '244', '458', '21', '148', '983', '812', '220', '666', '902', '420', '707', '84', '270']
['476', '320', '132', '319', '821', '412', '725', '346', '883', '521', '911', '397', '387', '119', '928', '933', '859', '348', '254', '446', '66', '607', '171', '40', '267']
['490', '326', '213', '264', '143', '302', '455', '462', '164', '249', '536', '68', '750', '823', '533', '142', '846', '223', '411']
['500', '554', '888', '391', '101', '693', '423', '82', '649', '930', '834', '504', '54', '647', '183', '64', '331', '42', '559']
['123', '921', '112', '820', '28', '681', '574', '740', '469', '557']
['474', '340', '976', '886', '617', '424', '165', '654', '439', '144', '704', '416', '421', '565', '206', '366', '743', '135', '989', '194', '199', '950']
['73', '632', '290', '408', '232', '280', '785', '771', '643', '539', '243', '2', '91', '831', '329', '961', '460', '398', '585', '372', '471', '457', '624', '289', '14']
['383', '292', '227', '193', '483', '897', '156', '958', '201', '795', '189', '444', '297', '802', '645', '931', '748', '208', '655', '527', '884']
['871', '400', '614', '281', '577', '926', '852', '365', '427', '912', '528', '652', '482', '848', '103', '102', '949', '903', '181', '222', '728', '761']
['861', '415', '851', '690', '3', '755', '982', '46']
['399', '625', '76', '394', '279', '813', '543', '26', '306', '381', '126', '125', '389', '188', '799', '609', '184', '99', '578', '159', '74']
['269', '214', '866', '621', '664', '250', '986', '962', '515', '659', '357', '916', '473']
['623', '995', '640', '83', '767', '700', '333', '25', '908', '163', '77', '589', '217', '118', '544', '684', '94', '402', '827']
['65', '259', '251', '723', '466', '409', '330', '468', '531', '862', '801', '495', '44', '328']
['239', '362', '205', '438', '567', '417', '96', '505', '977', '937', '917', '321', '105', '7', '53', '86', '137', '459', '936', '775', '588', '388', '284', '818']
['488', '62', '22', '151', '803', '999', '685', '646', '160', '38', '561', '622', '705', '754', '360', '605', '85', '987', '975', '107', '377', '756', '794', '179']
['93', '167', '192', '694', '288', '452', '697', '746', '335', '485', '467', '185', '510', '677', '138', '72', '436', '283', '800', '929']
['759', '431', '404', '332', '520', '934', '807', '630', '586', '738', '724', '736', '51', '806', '522']
['900', '180', '984', '923', '358', '228', '287', '369', '9', '299', '749', '530', '689', '454', '158', '966', '839', '282', '19', '303', '678', '324', '894']
['810', '129', '265', '819', '484', '43', '450', '708', '395', '120', '744', '442', '699', '675', '787', '953', '234', '11', '353', '644', '698', '850', '496']
['946', '760', '24', '5', '793', '840', '773', '196', '656', '909', '581', '867', '337', '210', '304', '673', '924', '676', '58', '660', '434', '308']
['97', '146', '964', '32', '710', '448', '246', '996', '443', '139', '344', '406', '437', '854', '130', '498', '216', '836', '418', '197', '195', '872', '176', '551', '816']
['260', '612', '479', '843', '456', '696', '386', '591', '89', '486', '368', '711', '170', '110', '828', '141', '487', '974', '253', '174', '271', '971', '285', '778']
