['165', '632', '600', '387', '379', '25', '286', '846', '961', '367', '568', '403', '612', '225', '328', '627', '857', '997', '733', '689', '265', '142']
['834', '810', '267', '512', '100', '282', '827', '902', '991', '382', '385']
['517', '879', '283', '844', '486', '658', '424', '679', '722', '735', '239', '297', '786', '59', '559', '518', '655', '626']
['799', '927', '629', '595', '325', '766', '85', '918', '350', '1', '621', '526', '698', '87', '664', '763', '933', '730', '688', '490', '815', '782']
['833', '292', '888', '245', '925', '295', '68', '205', '438', '274', '912', '36', '82', '374', '985', '727', '783', '241', '724', '707', '337', '789']
['74', '296', '499', '356', '271', '993', '672', '261', '793', '847', '813', '843', '645', '51', '709', '398', '532', '554', '412', '313', '591']
['285', '255', '269', '796', '454', '865', '551', '86', '52', '649', '365', '676', '222', '484', '854', '684', '15', '922', '237', '355']
['331', '306', '17', '640', '919', '588', '11', '666', '389', '962', '808', '294', '238', '586', '880', '575', '157', '232', '55', '577', '979']
['665', '254', '383', '521', '341', '708', '147', '2', '475', '354', '497', '561', '784', '189', '805', '213', '304', '868', '942', '754', '163']
['90', '774', '426', '212', '948', '858', '884', '120', '146', '150', '999', '842', '278', '140', '217', '98', '366', '122', '728', '423', '995']
['701', '124', '776', '876', '357', '525', '223', '624', '231', '422', '381', '302', '400', '601', '31', '982', '861', '633', '99']
['167', '343', '177', '713', '940', '736', '537', '635', '498', '40', '244', '324', '556', '795', '636', '977', '114', '310', '840', '219', '549', '247']
['349', '284', '473', '597', '268', '505', '463', '470', '299', '515', '494', '88', '903', '173', '451']
['980', '466', '637', '50', '721', '748', '607', '960', '450', '134', '369', '348', '317', '816', '77', '750', '303', '897', '715', '787', '811', '956']
['439', '234', '342', '138', '290', '307', '487', '429', '908', '898', '275', '623', '0', '978', '849', '628', '820']
['615', '817', '23', '248', '581', '191', '6', '806', '651', '291', '972', '370', '872', '81', '837', '957', '49']
['717', '734', '777', '459', '21', '562', '436', '871', '765', '89', '915', '500', '710', '726', '373', '154', '580', '406', '353']
['764', '468', '321', '914', '700', '35', '723', '259', '745', '901', '788', '129', '753', '413', '178', '544', '996', '740', '344', '256', '511', '823']
['72', '984', '371', '831', '869', '135', '364', '524', '974', '240', '111', '608', '662', '609', '781', '886', '850', '569', '16', '131']
['246', '148', '115', '875', '434', '107', '659', '557', '711', '720', '293', '965', '249', '339', '889']
['910', '856', '27', '176', '9', '489', '737', '415', '300', '931', '970', '566', '613', '236', '862', '503', '950', '603', '171', '479']
['43', '691', '215', '835', '312', '882', '172', '252', '540', '582', '630', '455', '594', '281', '924', '719', '975', '376']
['958', '404', '314', '851', '759', '895', '133', '67', '625', '873', '440', '829', '932', '315', '340', '845', '91', '921', '169', '634', '179', '702']
['703', '920', '378', '186', '144', '989', '226', '264', '705', '123', '483', '113', '661', '95', '747', '598', '751']
['69', '686', '738', '207', '538', '652', '963', '866', '519', '674', '752', '289', '767', '648', '864', '110', '257', '695', '229', '347', '260']
['193', '158', '596', '508', '13', '899', '62', '488', '590', '874', '768', '288', '211', '330', '907', '395', '63', '7', '101', '394', '917']
['729', '870', '375', '839', '953', '794', '773', '372', '469', '92', '94', '619', '947', '502', '320', '732', '802', '704', '125', '38', '478']
['396', '716', '198', '792', '410', '116', '657', '828', '527', '981', '863', '60', '334', '182', '936', '48', '892', '47', '571']
['202', '725', '599', '896', '430', '76', '480', '411', '690', '905', '78', '363', '935', '457', '399', '642', '514', '104']
['654', '428', '137', '506', '578', '180', '45', '929', '647', '553', '838', '644', '913', '564', '361']
['934', '762', '102', '5', '203', '460', '108', '461', '360', '643', '841', '19', '681', '276', '323', '807', '218', '452', '445']
['419', '492', '547', '548', '471', '22', '446', '208', '119', '465', '523', '687', '760', '141', '427', '943', '151', '742', '448']
['756', '969', '71', '881', '992', '663', '206', '894', '462', '946', '153', '718', '190', '968', '66', '34', '196', '656']
['951', '534', '848', '170', '118', '121', '804', '930', '746', '660', '149', '592', '769', '28', '739', '675', '744', '175', '414', '156', '61']
['377', '335', '971', '136', '327', '758', '32', '311', '250', '305', '287', '699', '57', '966', '97', '309', '697', '352', '944']
['911', '558', '338', '670', '185', '673', '362', '909', '803', '56', '106', '988', '444', '432', '443', '266', '210', '80', '949', '878', '227']
['945', '770', '779', '449', '573', '570', '574', '771', '563', '964', '790', '477', '41', '159', '785', '887', '346', '130']
['604', '983', '855', '417', '680', '678', '516', '73', '166', '501', '3', '809', '145', '187', '589', '433', '616', '531', '528']
['639', '105', '822', '572', '405', '437', '926', '345', '277', '938', '860', '504', '441', '928', '263', '555', '58', '143', '583', '420', '132', '614']
['495', '308', '298', '409', '84', '546', '391', '976', '867', '618', '542']
['631', '900', '301', '431', '941', '741', '916', '780', '671', '731', '242', '44', '75', '685', '453', '646', '456']
['622', '126', '425', '393', '270', '209', '204', '923', '668', '650', '464', '987', '593', '749', '332', '188']
['491', '329', '128', '800', '682', '316', '258', '214', '273', '683', '973', '509', '513', '541', '228', '83', '388', '955', '109', '535', '904']
['322', '155', '824', '103', '677', '319', '195', '606', '482', '510', '160', '485', '560', '42', '696', '545', '836', '194']
['906', '610', '587', '402', '543', '435', '859', '772', '29', '798', '755', '877', '853', '192', '39', '893', '474', '814', '712', '64', '539', '161']
['481', '408', '693', '529', '852', '407', '986', '216', '761', '152', '952', '990', '112', '775', '390', '30', '602']
['536', '967', '522', '467', '418', '37', '397', '890']
['220', '706', '235', '998', '368', '127', '117', '584', '819', '318', '79', '778', '184', '33', '530', '669', '891']
['825', '65', '181', '93', '251', '567', '812', '336', '199', '243', '667', '791', '821', '253', '692', '883', '280', '401', '18', '520', '611', '617']
['826', '994', '96', '24', '351', '472', '174', '694', '233', '224', '4', '416', '533', '20', '442', '757', '496', '183']
['565', '230', '168', '279', '392', '26', '333', '885', '641', '162', '653', '493', '576', '8', '458', '743', '262', '380', '70', '605']
['272', '53', '954', '552', '638', '139', '447', '939', '818', '164', '384', '797', '476', '200', '46', '830']
['937', '714', '421', '550', '832', '201', '959', '14', '221', '12', '358', '579', '54', '585', '386', '197', '326', '507', '801', '359', '620', '10']
