['174', '686']
['837', '937', '656']
['865', '879', '988', '903', '750']
['793', '859', '169']
['638', '674', '51']
['446', '306']
['546', '357', '207']
['620']
['255', '614', '609', '915']
['855']
['115', '153', '228', '935']
['664']
['328', '691']
['296', '474', '760']
['957', '781']
['213', '758']
['219', '112']
['138']
['652', '428', '8']
['597', '53', '657', '622', '754', '442']
['694', '269', '898', '717', '995', '208', '309']
['76', '587', '515', '110']
['168']
['84']
['31', '155', '443']
['444', '497', '918']
['864']
['403']
['818']
['286']
['782', '327', '514']
['476', '829']
['150', '726']
['715']
['886', '877', '509', '182', '900']
['766', '252']
['368', '373']
['940', '631']
['413']
['848']
['952', '586', '451']
['762', '687', '740', '165']
['851', '699', '160', '924', '703', '696']
['18', '608', '243', '630']
['16', '158', '543', '965']
['460', '258']
['224', '943']
['700', '599', '215']
['479', '116', '180', '776', '487', '146']
['737', '736']
['595', '189', '223', '391', '767']
['163', '308', '734', '729', '527']
['196', '123']
['135']
['749']
['680', '217']
['705', '434']
['690', '360', '899']
['801', '963']
['678', '351', '993', '562', '618']
['761', '615', '304', '930']
['284', '570', '819', '525', '868']
['816', '251']
['266', '173']
['145', '194', '482', '519']
['607', '240', '544', '672', '370', '955']
['50', '166', '854', '517']
['876', '507', '376', '293', '385', '334', '916', '904']
['461', '244', '480']
['71', '534', '847', '89']
['984', '317', '10', '38', '181']
['632', '994', '538']
['464']
['257', '980', '187', '312']
['90', '748', '97', '107']
['920', '658', '505', '989', '991']
['833']
['835', '388', '349', '45', '68']
['481', '82', '209', '379']
['250', '710', '512']
['946']
['448', '735']
['238', '969', '709']
['454']
['520']
['559', '172', '565', '292', '59', '264', '66']
['111', '923', '348']
['827', '230', '811', '152', '345']
['15', '397']
['49', '249', '568']
['211', '303', '73']
['806', '154', '343', '914', '299']
['0', '350', '661', '892']
['416', '627', '117', '248', '889']
['513']
['768', '377', '83', '815']
['588', '225']
['961', '390']
['457']
['347']
['143', '231', '338']
['913', '245', '550', '229']
['974', '203', '477']
['557', '813']
['167', '30', '858']
['415', '676', '572']
['274', '131']
['526', '975']
['465', '986', '22', '662', '234', '613']
['873', '25']
['496', '301', '140', '295', '887']
['132']
['440', '120', '964', '129']
['371', '86', '149', '277']
['232', '643']
['468', '960']
['407', '324', '738']
['394', '449', '272']
['778', '268', '713', '590', '503', '275', '422']
['688', '556', '967', '640', '850']
['193', '714', '681']
['756', '498', '35', '70']
['39', '52']
['890', '932', '862', '948', '561', '185']
['141', '702', '506', '971', '828']
['281']
['708', '856', '666']
['746']
['294', '411']
['26']
['844']
['470', '227']
['555', '906']
['495', '287', '654', '996']
['55']
['450', '536']
['812', '456', '199']
['205', '711', '979']
['763', '629', '367']
['326', '642']
['81', '605', '581', '60', '96', '775', '789']
['941', '846', '170', '420']
['61', '610']
['598', '511', '594']
['956']
['798', '92', '437']
['634']
['93', '552']
['488', '36', '966', '483', '592']
['528', '779', '530', '660', '997']
['374', '256', '322']
['316', '504', '596']
['48', '896', '74', '331', '426', '325', '730', '560']
['335', '130']
['459', '919', '489', '87', '236']
['809', '601', '378']
['127']
['976', '624', '747', '888', '369']
['553', '137', '453', '233', '402', '125']
['178', '289', '922', '364']
['200', '523']
['593', '4', '508', '341']
['19', '706', '380', '366']
['469', '75', '926', '91', '69', '218']
['636', '810']
['822', '777', '651', '79', '336', '541', '843', '804']
['311']
['841']
['128', '47', '441', '962', '484', '383', '320']
['764', '695']
['830', '928', '72']
['344', '692', '874', '616', '665']
['239', '44', '765']
['485', '330', '204']
['375']
['472', '973', '410', '310', '253', '14']
['67', '314', '942']
['157', '365', '156', '337']
['401', '412']
['604']
['261', '784', '202', '267', '315']
['179']
['297', '431', '648', '438', '159', '602']
['718']
['77', '677', '673']
['697', '853']
['897', '183', '650']
['582']
['359', '951', '6', '161']
['148']
['701', '653', '675', '139']
['603', '405', '109', '195', '475']
['905']
['807', '313', '585', '893', '355']
['104', '99', '490', '907', '606', '28']
['722', '226', '260', '542']
['929', '861', '126', '938', '545', '977', '406']
['933', '834', '305']
['771']
['641', '720', '934']
['732', '113', '352']
['682', '744']
['679', '802', '814']
['949']
['427', '41', '867', '12']
['419', '361', '792', '103', '271']
['558', '983', '852']
['399']
['95']
['254', '24', '85', '144']
['80', '925', '136', '704', '29', '516']
['340']
['400']
['755', '667']
['177']
['276']
['398', '151', '773']
['386', '945', '433', '430']
['319', '247', '839']
['566', '539', '689']
['171', '122']
['339', '439']
['645']
['621', '262', '972', '389']
['540']
['724', '206', '445', '62', '742']
['302', '265']
['647', '190', '805']
['908', '970', '384']
['393', '723', '548']
['133', '985']
['842', '725', '486', '685', '381']
['878', '362']
['954', '102', '583']
['866', '936', '280', '785', '707']
['33', '467']
['693', '882']
['574', '857']
['733', '619']
['270']
['382', '698', '783', '162']
['871']
['529', '531']
['98', '435']
['752', '78']
['408']
['321', '978']
['817', '221']
['564', '119']
['436', '772', '912']
['786', '176']
['333', '820', '432', '118']
['387', '278', '880', '655']
['263', '522', '981']
['803', '794']
['417', '222', '17']
['463', '799', '346', '800']
['884', '318', '452']
['838', '788', '731', '931']
['372', '56']
['392', '663']
['259', '883', '958']
['751', '885', '795']
['959', '492', '502']
['823', '27']
['291', '188', '214', '626', '757']
['563', '927', '40', '121']
['186', '43']
['774', '290', '684']
['575', '499']
['282', '743', '895']
['902', '421', '875', '939']
['797', '353', '821']
['184', '216', '57', '670', '589']
['108', '298', '741', '671', '584']
['611', '101', '455', '532']
['20', '628', '891']
['987', '881', '458', '147']
['808', '198', '285', '501']
['719']
['524', '796']
['623']
['644']
['909', '418', '521']
['845', '535']
['551', '54']
['323']
['580']
['42', '579', '212', '242']
['591', '646', '968', '105', '114', '947', '3', '569', '332']
['478', '921', '576', '840', '860', '753']
['63', '571']
['32', '910']
['649', '533', '462']
['577', '769', '911', '721', '9', '872', '64']
['466', '617']
['7', '429']
['425', '944', '356', '300']
['241', '21', '307', '659', '600']
['2', '612', '106', '870', '5']
['567']
['354', '739']
['728', '836', '953', '424']
['491', '832']
['94', '982', '554', '23']
['210', '473', '235', '633']
['894', '175', '683', '625']
['409', '787']
['901', '639', '917']
['191', '825']
['396']
['537', '363', '826', '220', '990']
['201', '329', '510']
['192', '100', '745']
['518', '34', '197']
['547', '414', '358']
['142', '447', '164', '759']
['13', '494', '770']
['573', '134']
['124', '790']
['869', '279', '549']
['1', '37']
['849', '237', '493']
['46', '637']
['992', '712', '404', '863', '727', '791']
['246', '65', '471']
['283', '88', '950']
['423', '716', '780', '635', '342', '578']
['500', '669', '668', '831', '11']
['273']
['58', '288']
['395', '824']
