['246', '18', '492', '683', '967', '39', '838', '470', '524', '303', '995', '339', '882', '679', '137', '921', '580', '709', '753', '771', '755', '810', '243', '982', '76', '682', '884', '617', '151', '874', '713', '266', '463', '367', '601', '677', '401', '42', '994', '283']
['272', '403', '372', '267', '902', '906', '468', '499', '410', '529', '114', '809', '237', '733', '522', '139', '916', '895', '464', '240', '940', '579', '848', '181', '913', '119']
['819', '307', '559', '421', '760', '864', '221', '366', '487', '108', '776', '937', '175', '68', '890', '998', '78', '135', '416', '827', '928', '123', '628', '523', '609', '835', '30', '536', '361', '988', '218', '112', '40', '605', '92', '134', '856', '729', '447', '431']
['251']
['816', '95', '232', '868', '927', '349', '866', '48', '931', '738', '3', '624', '496', '259', '505', '77', '50', '1', '182', '380', '439', '608', '701', '569', '881', '589', '525', '446', '268', '887', '845', '685', '737', '26', '975', '778', '640', '952', '515', '592']
['970', '711', '57', '912', '659', '539', '953', '198', '324', '997', '707', '121', '282', '883', '951', '986', '918', '208', '761', '318', '356', '417', '19', '172', '501', '616', '404', '540', '722', '33', '974', '568', '217', '508', '323', '118', '715', '932', '535']
['81', '97', '142', '125', '527', '960', '129', '2', '399', '476', '630', '495', '747', '500', '440', '70', '392', '651', '578', '907', '22', '879', '166', '38', '207', '329', '783', '926', '531', '999', '281', '992', '10', '963', '479', '512', '199', '357', '364', '744']
['344', '954', '239', '650', '87', '14', '498', '497', '948', '227', '47', '424', '484', '716', '301', '528', '655', '520', '6', '690', '958', '474', '561', '310', '746', '130', '52', '899', '59', '996', '840', '714', '564', '412', '837', '411', '821', '327', '596', '206']
['661', '465', '850', '426', '862', '332', '763', '381', '730', '606', '391', '834', '133', '765', '684', '488', '945', '636', '93', '205', '915', '494', '298', '346', '551', '748', '491', '869', '309', '396', '537', '593', '622', '351', '598', '0', '604', '406', '768', '786']
['348', '9', '917', '402', '839', '629', '797', '957', '165', '769', '794', '273', '943', '647', '187', '326', '654', '855', '585', '435', '635', '668', '828', '961', '200', '708', '826', '79', '689', '305', '158', '122', '143', '726', '249', '919', '518', '583', '619', '418']
['261', '167', '587', '700', '160', '977', '767', '136', '147', '62', '245', '773', '101', '202', '178', '557', '966', '105', '65', '457', '544', '510', '597', '582', '443', '851', '731', '577', '386', '110', '973', '475', '832', '924', '29', '320', '46', '186', '542', '871']
['285', '987', '625', '90', '452', '113', '302', '163', '343', '120', '278', '317', '196', '432', '621', '248', '990', '169', '258', '84', '376', '750', '705', '414', '170', '660', '620', '180', '269', '671', '857', '595', '639', '252', '985', '451', '71', '946', '759', '362']
['720', '944', '284', '188', '262', '434', '126', '174', '140', '735', '612', '860', '694', '395', '936', '978', '460', '795', '152', '813', '644', '757', '450', '696', '445', '442', '779', '991', '784', '545', '398', '387', '718', '743', '154', '652', '777', '762', '891', '800']
['772', '798', '292', '340']
['336', '96', '972', '215', '808', '300', '413', '560', '234', '534', '370', '260', '807', '394', '184', '502', '328', '138', '375', '409', '67', '379', '257', '321', '590', '506', '555', '299', '594', '503', '430', '210', '316', '541', '699', '162', '407', '20', '31', '658']
['894', '15', '858', '910', '549', '703', '469', '55', '448', '274', '17', '353', '863', '984', '193', '131', '614', '288', '350', '787', '128', '24', '461', '56', '645', '312', '433', '190', '938', '611', '253', '968', '458', '483', '600', '7', '159', '466', '572', '949']
['692', '680', '653', '27', '872', '723', '599', '304', '706', '290', '888', '546', '642', '195', '538', '843', '791', '820', '897', '415', '493', '571', '231', '574', '280', '4', '670', '818', '697', '666', '334', '734', '322', '693', '638', '824', '886', '286', '363', '482']
['983', '607', '781', '98', '23', '63', '61', '914', '925', '127', '116', '724', '89', '342', '385', '224', '204', '250', '420', '898', '220', '678', '662', '454', '633', '870', '313', '405', '359', '802', '423', '591', '44', '161', '99', '610', '657', '279', '844']
['717', '236', '939', '782', '842', '400', '102', '889', '369', '333', '554', '905', '32', '256', '383', '507', '643', '94', '238', '41', '480', '25', '929', '230', '104', '354', '822', '264', '459', '901', '615', '516', '425', '959', '209', '51', '904', '16', '908', '144']
['80', '212', '124', '896', '157', '603', '490', '875', '347', '429', '66', '88', '770', '749', '247', '438', '183', '189', '13', '276', '226', '319', '533', '698', '477', '892', '486', '82', '849', '563', '441', '241', '315', '613', '489', '885', '449', '641', '790', '74']
['893', '197', '548', '352', '756']
['543', '586', '741', '177', '455', '854', '519', '64', '306', '514', '780', '287', '485', '270', '289', '192', '830', '203', '21', '294', '623', '911', '829', '801', '792', '107', '632', '532', '676', '219', '11', '331', '825', '920', '265', '631', '933', '472', '831']
['103', '145', '740', '550', '909', '194', '634', '235', '979', '150', '575', '467', '553', '254', '341', '35', '146', '752', '275', '368', '36', '686', '815', '758', '338', '663', '371', '296', '964', '132', '576', '637', '373', '903', '377', '233', '37', '141', '481', '213']
['308', '291', '223', '806', '201', '168', '665', '721', '12', '49', '742', '646', '436', '859', '817', '702', '453', '428', '846', '922']
['83', '971', '179', '556', '602', '211', '805', '880', '45', '517', '980', '153', '993', '710', '941', '408', '473', '86', '618', '803']
['355', '900', '627', '688', '833', '736', '148', '675', '956', '311', '823', '626', '562', '865', '695', '852', '171', '5', '588', '69', '764', '511', '691', '725', '530', '216', '785', '981', '754', '397', '567', '649', '225', '947', '681', '229', '100', '766', '581', '669']
['222', '861', '877', '867', '75', '34', '673', '91', '547', '789', '271', '330', '751', '796', '111', '427', '54', '836', '389', '214', '526', '43', '393', '109', '228', '728', '558', '293', '444', '934', '565', '191', '277', '853', '185', '969', '155', '570', '471', '573']
['509', '799', '390', '337', '732', '176', '437']
['504', '244', '793', '664', '584', '53', '719', '297', '989', '164', '156', '295', '358', '149', '965', '950', '648', '365', '962', '672', '566', '384', '117', '552', '335', '115', '876', '811', '847', '242', '374', '325', '60', '739', '878', '513', '873', '935', '656', '73']
['814', '263', '930', '106', '28', '667', '745', '788', '314', '727', '382', '942', '422', '345', '775', '58', '419', '687', '173', '85', '923', '955', '712', '8', '521', '255', '841', '378', '804', '674', '456', '462', '478', '704', '72', '360', '976', '812', '774', '388']
