['494']
['318']
['215', '58', '390', '750', '313', '127', '710', '184', '668', '422', '818', '611', '233', '689', '347', '45', '500', '581', '524', '65']
['277', '242', '650', '461', '758', '216', '300', '733', '634', '147', '178', '796', '554', '305']
['558']
['515']
['488', '79']
['474', '546', '415', '301', '161', '712', '608', '757', '671', '687', '797', '63', '126', '495', '599', '220', '141', '172', '160', '703']
['749']
['128', '419', '30', '814', '539', '534']
['728']
['614']
['22']
['49']
['692', '570', '817', '284', '549', '35', '358', '700']
['11']
['752']
['329']
['332']
['203']
['414']
['260']
['403', '479', '565', '40', '317', '33', '722', '803', '149']
['520']
['518', '719', '731', '117', '382', '238', '333', '344', '467', '166', '438', '536', '315', '348']
['82']
['74']
['360', '486', '327', '737', '543', '782']
['353']
['408', '311', '535', '810', '684', '788', '134', '383', '776', '801', '6', '699', '742', '179', '765', '432', '386', '641', '397', '359']
['427', '349']
['27']
['96']
['328']
['1', '377', '297']
['90']
['85', '547', '480', '309', '730', '115']
['185']
['751']
['679']
['462']
['445']
['257']
['20']
['637']
['106']
['212']
['720', '812', '43', '304', '698', '66', '47', '522', '16', '473', '586', '697', '566', '80', '707', '379', '602', '691', '568', '209']
['636']
['805', '465', '273']
['516', '499']
['421']
['572', '69', '439']
['521']
['154']
['336']
['320']
['234']
['81', '54', '706', '785', '756']
['492']
['41']
['464']
['84']
['91']
['324']
['417']
['350', '453', '548', '76']
['777']
['406']
['593', '266', '734', '124', '176', '28', '59', '122', '446', '760', '590', '282', '261', '669', '129', '369', '367', '642', '230']
['173']
['120']
['660']
['625']
['151']
['145', '717', '654', '551', '64', '342', '583', '410', '513', '460', '426', '594', '802', '112', '413', '657', '250', '747']
['675']
['285']
['767', '727', '629', '186', '214', '781', '177', '557', '36', '395', '525', '378', '199', '512', '2', '550', '813', '562', '508', '103']
['688', '55']
['648']
['291']
['420']
['196']
['442']
['213']
['591']
['646']
['542']
['440']
['713']
['21']
['330', '283', '319', '655', '113', '211', '456', '295', '652', '210', '289', '144', '517', '808', '26', '87', '487', '240', '225', '501']
['627', '681', '168', '351', '428', '471', '109', '107', '71']
['93', '288', '435', '616', '715', '678', '649']
['775', '275', '118', '472', '503', '454', '264', '443', '491', '346']
['574']
['72']
['523']
['589']
['724', '768', '507', '485', '361', '17', '206', '745', '623', '159', '470', '434', '804', '237', '136', '34', '255', '682', '683', '258']
['247']
['299']
['204', '68', '764', '726', '191', '638', '357', '735', '155', '555', '381', '401', '343', '444', '505', '245', '615', '70', '529', '784']
['716']
['564']
['75']
['418']
['538']
['686']
['146']
['167']
['613']
['73', '39', '156', '29', '192', '193', '296', '219', '183', '502', '148', '205', '800', '772', '97', '362', '780', '281', '483', '606']
['135', '310', '217', '624', '236', '195', '110', '105', '423', '709', '695', '287', '15']
['740']
['468']
['605']
['101']
['224', '298', '48', '578', '303', '5', '222', '475']
['345']
['95']
['667', '259', '469', '121', '169', '626', '370', '175', '755', '799', '739', '407', '254', '676', '374', '94', '496', '743']
['639']
['560']
['497']
['674']
['673']
['292', '198', '137']
['308']
['387']
['665']
['573', '180', '67']
['393']
['411']
['189', '368', '436', '181']
['7']
['294']
['150']
['779']
['265', '262', '556', '409', '645', '425']
['759', '100', '690', '133', '569', '371', '476', '153', '585', '778', '769', '352', '223', '286', '232', '338', '622', '365', '9', '354']
['372']
['251', '809', '584', '511', '326', '108', '762', '312', '783', '391', '77', '4', '235', '704', '561', '139', '62', '582', '12', '31']
['663']
['795', '763', '263', '334', '577', '754', '630', '770', '3', '741']
['256', '394', '588']
['620']
['708', '644', '490', '766', '725', '619']
['335', '455', '226', '736', '633', '162', '416', '92', '595', '375', '541', '227', '635', '364']
['267']
['314', '270', '718', '463', '138', '56', '0', '789', '721', '761']
['659', '322', '331', '610', '662', '656', '643']
['489']
['208']
['38']
['793', '459', '316']
['104', '78', '587', '276', '567', '24', '481', '218', '116', '321', '437', '786', '290', '171', '693', '157', '187', '559', '197', '130']
['617']
['302']
['388', '601', '376', '790']
['677']
['389']
['744']
['815', '429', '431', '164', '448', '705', '506', '612', '647', '53', '672', '651', '738', '477', '50', '531', '811', '194', '89', '484']
['576']
['685']
['373']
['482']
['274']
['702']
['603']
['158']
['83']
['526']
['280', '680', '723', '272', '228', '509', '748', '51', '609', '271', '493', '792', '412', '563', '229', '402', '253', '363', '527', '424']
['544']
['278', '504', '807', '478', '596', '632', '57', '182', '600', '13', '143', '787', '666', '86', '125', '592', '366', '252', '571', '653']
['773']
['774']
['791']
['447']
['771']
['661', '580', '806', '816', '753', '131', '60', '340', '163', '42', '575', '746', '510', '711', '25', '341', '307', '701', '32']
['249']
['696']
['670']
['248']
['664']
['579']
['18', '607', '98', '714', '466', '293', '631', '102', '433', '201', '553', '530', '640']
['400', '658', '618', '794', '152', '52']
['398']
['140']
['399']
['449']
['405']
['552']
['325', '514']
['694']
['99']
['323', '246', '202', '123', '540', '119', '200', '729', '385', '604', '268', '337', '19', '339', '10', '519', '533', '528', '190', '452']
['239']
['23']
['798', '355', '628', '165', '111', '537', '61', '88', '221', '8', '451', '241', '279', '732', '597', '244', '188', '396', '598', '404']
['114']
['14']
['207']
['498']
['142']
['46']
['392', '450', '430', '44', '441', '545', '621', '243', '37', '356', '384', '306', '231', '380', '132', '174', '170', '457', '458', '532']
['269']
