['397', '179', '108', '152', '445', '439']
['304', '376', '50', '166', '249']
['291', '94', '206', '452']
['185', '470', '158', '210', '273', '467']
['429', '373', '39', '441', '399', '295']
['307', '329', '406', '260', '146', '67']
['11', '27', '55', '121', '254', '144']
['448', '425', '168', '281', '430', '8']
['103', '414', '427']
['164', '458', '374', '268', '76']
['162', '62', '245', '145', '127']
['404', '225', '460', '338', '40', '343']
['362', '410', '382', '317', '93', '148']
['378', '35', '115', '438', '454']
['131', '334', '228', '495', '128', '65']
['403', '112', '160', '22', '4']
['472', '232', '368', '200']
['18', '7', '391', '188']
['483', '84', '6', '238', '330', '431']
['275', '480', '88', '435']
['139', '277', '175', '250', '466', '235']
['196', '316', '16']
['224', '482', '375', '123', '381', '402']
['417', '59', '237', '186', '298']
['100', '395', '44', '194', '303']
['301', '122', '176', '332', '390']
['117', '1', '99', '333', '167', '157']
['136', '413', '223', '279', '326']
['41', '335', '208', '352']
['446', '98', '192', '322', '319', '83']
['204', '426', '469', '434', '420']
['386', '239', '234', '73', '285']
['142', '134', '209', '306', '138']
['401', '359', '309', '86', '475', '269']
['32', '72', '400']
['341', '0', '339']
['496', '324', '252', '222', '36', '45']
['464', '499', '433', '233', '310']
['494', '37', '198', '471']
['476', '259', '165']
['75', '231', '257', '411', '213', '308']
['49', '396', '405']
['5', '437', '31', '468', '261', '474']
['107', '102', '82', '183']
['398', '363', '387', '104', '241']
['78', '336', '484', '370', '154', '205']
['111', '365', '129', '226']
['95', '29', '451', '393', '364']
['172', '19', '256', '25', '42', '43']
['473', '57', '106', '30', '383', '54']
['69', '141', '380', '147', '288', '305']
['284', '153']
['377', '490', '10', '415', '342']
['110', '184', '282', '263']
['479', '361', '283', '450', '13', '360']
['292', '68', '92', '354', '244', '418']
['348', '477', '379']
['171', '187', '14', '240', '161', '294']
['449', '118', '215', '416', '190', '461']
['440', '218', '424', '408', '126']
['419', '174', '492', '388', '315', '181']
['80', '347', '81', '313']
['77', '85', '369', '489']
['60', '262', '498', '463', '236', '457']
['271', '149', '143', '221', '242', '280']
['28', '337', '114', '189', '353', '300']
['485', '355', '312', '116', '163', '318']
['227', '155', '366', '26']
['486', '266', '488', '195', '173', '230']
['389', '58', '24', '197', '91', '371']
['328', '321', '276', '247', '258', '150']
['132', '432', '311', '255', '51']
['274', '177', '79', '63', '372', '119']
['358', '216', '193', '109', '428', '66']
['220', '436', '178', '272', '47']
['443', '444', '481', '203', '442']
['2', '299', '56', '169', '52']
['96', '12', '320', '61', '270', '48']
['385', '290']
['296', '264', '331']
['137', '412', '120', '267', '351', '74']
['346', '97', '140', '302', '384', '133']
['101', '407', '394', '3']
['113', '421', '15', '456', '33', '325']
['314', '46', '350', '21']
['344', '202', '453', '423', '199']
['214', '124', '201', '130']
['156', '248', '487', '246', '151', '367']
['289', '191', '349', '53', '34', '422']
['455', '38', '297', '465', '229']
['497', '392', '71', '278', '356', '90']
['87', '9', '182', '462', '265']
['125', '170', '23']
['89', '340', '345', '217', '493']
['105', '286', '219', '478', '20', '207']
['491', '212', '287', '135', '243']
['70']
['159', '251', '357', '323', '327']
['211', '409', '293', '180']
['447', '253', '459', '17', '64']
