['149']
['426', '444', '462', '258', '212', '142', '253', '331', '232', '175', '99', '162', '280', '372', '62', '114', '52', '196', '176', '72', '496', '104', '36', '388', '455', '109', '461', '405', '75', '67', '192', '23', '269', '340', '157', '22', '419', '428', '161', '440', '153', '364', '216', '459', '71', '271', '130', '247', '407', '7', '401', '58', '292', '112', '328', '229', '303', '274', '233', '74', '469', '180', '375', '390', '193', '450', '342', '445', '343', '134', '34']
['417']
['316']
['276']
['255']
['178']
['41', '84', '37', '66', '57', '148', '2']
['431', '100', '221', '256', '12', '488', '494', '39', '357', '472', '145', '305', '315', '424', '493', '329', '111', '93', '122', '471', '273', '97', '400', '439', '378', '352', '138', '186', '156', '454', '425', '8', '411', '26', '334', '464', '0', '346', '16']
['320', '337', '132', '296', '262', '213', '3', '410', '370', '475', '28', '288', '312', '129', '279', '384', '480', '144', '243', '60', '259', '324', '227', '224', '203', '169', '479', '278', '359', '492', '24', '297', '105', '332', '399', '317', '307', '27', '466', '128', '266', '495', '465', '326', '355', '275', '103', '141', '234', '102', '362', '63', '244', '368', '299', '287', '434', '327', '491', '85', '77', '330', '6', '498', '20', '123']
['70']
['360']
['427']
['44', '298', '210', '166', '468', '54', '409', '95']
['55']
['251', '304', '435']
['21']
['159']
['208', '453', '310', '214', '246', '302', '47', '209', '260', '487', '91', '486', '268', '30', '155', '13', '263', '198', '133', '131', '281', '220', '443', '404', '146', '420', '190', '308', '396', '436', '257', '382', '73', '127', '236', '413', '165', '48', '222', '386', '88', '108', '499', '418', '387', '45', '325', '484', '432', '117', '470', '173', '115', '485', '366', '391', '167', '245', '314', '481', '5', '191', '96', '211', '183', '205', '160', '15', '110', '335', '290', '442', '270', '406', '76', '272', '240', '313', '184', '478', '235', '430', '351', '389', '241', '174', '293', '283', '344', '140', '56', '267', '219', '423', '367', '150', '319', '286', '135', '177', '168', '369', '490', '294', '348', '457', '300', '151', '350', '458', '32', '4', '415', '473', '106', '82', '139', '31', '322', '225', '125', '242', '497', '301', '126', '228', '414', '429', '65', '460', '474', '46', '40', '483', '321', '252', '380', '179', '19', '69', '200', '264', '78', '80', '333', '398', '463', '385', '188', '261', '345', '336', '158', '289', '354', '341', '38', '170', '250', '187', '452', '376', '9', '223', '441', '374', '226', '83', '87', '318', '53', '194', '197', '353', '35', '120', '421']
['33', '402', '477', '94', '118', '207', '339', '18', '397', '64', '467', '51', '446', '403', '59', '152', '254', '356', '447', '379', '482', '121', '204', '238', '143', '277', '61', '119', '373', '43', '448', '124', '164', '377', '230', '393', '163', '338', '383', '81', '282', '116', '172', '92', '394', '231', '199', '218', '68', '347', '195', '137', '309', '433', '182', '365', '422', '113', '284', '381', '171', '437', '449', '451', '98', '86', '217', '248', '291', '17', '50', '408', '201', '147', '392', '101', '202', '29', '10', '358', '265', '89', '79', '361', '456', '237', '285', '489', '206', '349', '14', '363', '215', '371', '306', '249', '295', '107', '476', '185', '11', '438', '323', '1', '90', '25', '412', '239', '181', '416', '154', '189', '311', '395', '136', '49', '42']
