['675']
['92', '889', '226', '820', '99', '218', '295', '564', '355', '616', '610', '285', '991', '208', '778', '150', '852', '363', '192', '755', '860', '697', '570', '326', '689', '512', '933', '918', '945', '350', '480', '1', '183', '9', '776', '688']
['100', '930', '197', '925', '855', '172', '204', '632', '493', '302', '409', '956']
['644', '972', '980', '837', '604', '158', '287', '726', '449', '267', '107', '747', '531', '636', '618', '145', '207', '842', '729', '170', '612', '753', '175', '553', '514', '118', '539', '526', '143', '258', '851', '165', '144', '357', '780', '944']
['18', '541', '762', '525', '703', '520', '185', '698', '257', '656', '369', '414', '113', '120', '854', '84', '515', '608', '787', '294', '985', '924', '831', '741', '740', '19', '498', '336', '886', '874', '374', '631', '683', '361', '254', '876']
['253', '536', '864', '871', '31', '95', '26', '584', '51', '915', '403', '49', '491', '922', '354', '441', '174', '647', '791', '699', '29', '869', '555', '359', '420', '3', '472', '674', '731', '110', '81', '111', '166', '402', '123', '707']
['460', '565', '516', '413', '137', '657', '535', '261', '969', '198', '686', '381', '562', '593', '482', '339', '55', '581', '134', '586', '817', '122', '229', '725', '511', '256', '154', '56', '378', '603', '421', '156', '375', '368', '957', '177']
['211', '720', '614', '873', '93', '11', '467', '234', '947', '994', '286', '824', '308', '2', '288', '839', '590', '867', '365', '86', '317', '305', '345', '371', '190', '935', '8', '882', '690', '965', '939', '451', '390', '429', '968', '76']
['905', '25', '900', '630', '667', '230', '481', '827', '664', '794', '598', '679', '715', '760', '42', '340', '601', '133', '433', '627', '432', '40', '289', '838', '572', '963', '966', '348', '342', '718', '418', '235', '228', '919', '311', '394']
['199', '454', '138']
['931', '580']
['928', '734', '382', '36', '487', '34', '660', '379', '325', '452', '468', '53', '543', '850', '479', '45', '320', '550', '517', '788', '888', '306', '821', '626', '613', '739', '948', '534', '735', '376', '463', '473', '885', '142', '424', '346']
['54', '589', '117', '323', '938', '558', '90', '594', '314', '301', '711', '801', '583', '212', '78', '984', '668', '847', '777', '352', '30', '811', '495', '71', '878', '349', '293', '27', '494', '157', '830', '887', '797', '255', '431']
['89', '262', '901', '497', '786', '73', '139', '653', '803', '222', '503', '971', '877', '573', '483', '926', '251', '476', '724', '209', '6', '623', '937', '751', '114', '774', '428', '7', '404', '771', '622', '913', '661', '722', '981', '712']
['74', '600', '813', '184', '767', '912', '528', '773', '798', '563', '875', '828', '364', '800', '995', '15', '444', '950', '430', '237', '440', '556', '162', '807', '338', '426', '775', '344', '356', '469', '781', '232', '265', '952', '998', '895']
['808', '171', '609', '982', '457', '223', '32', '328', '754', '742', '210', '687']
['588']
['263']
['571', '486', '436', '14', '353', '783', '815', '466', '406', '779', '954', '936', '533', '148', '149', '702', '415', '446', '710', '284', '659', '242', '789', '499', '959', '960', '557', '425', '917', '330', '205', '224', '387', '214', '82', '41']
['276', '131', '625', '849', '768', '996']
['974']
['195', '920', '471', '806', '313', '708', '554', '94', '759', '706', '57', '221', '28', '417', '910', '624', '386', '766', '319', '868', '750', '50', '492', '485', '898', '691', '298', '62', '63', '738', '814', '244', '445', '5', '52', '380']
['641', '865', '568', '529', '617', '652', '848', '737', '784', '484', '670', '193', '973', '673', '442', '259', '389', '732', '500', '362', '58', '650', '105', '856', '278', '544', '561', '843', '327', '551', '393', '701', '322', '845', '124', '527']
['283', '397', '782', '66', '643', '160', '213', '880', '772', '651', '373', '104', '180', '87', '191', '714', '178', '130', '908', '103', '902', '464', '756', '866', '48', '795', '312', '181', '399', '620', '723', '899', '395', '997', '453', '518']
['182', '975', '819', '236', '721', '303', '44', '904', '929', '833', '247', '10', '758', '685', '179', '678', '921', '846', '398', '802', '730', '872', '582', '61', '748', '841', '796', '128', '447', '290', '438', '310', '733', '16', '999', '892']
['970', '592', '835', '101', '993', '272', '812', '159', '728', '826', '538', '189', '502', '504', '545', '202', '96', '695', '640', '299', '196', '629', '881', '637', '552', '863', '958', '91', '987', '370', '385', '277', '266', '547', '599', '106']
['126', '655', '560', '705', '282', '914', '897', '23', '408', '269', '943', '818', '941', '250', '510', '275', '121', '200', '816', '141', '309', '665', '17', '238', '127', '329', '700', '578', '663', '377', '422', '217', '942', '669', '654', '243']
['427', '621', '462', '964', '407', '804', '271', '77', '602', '677', '163', '911', '135', '281', '574', '861', '347', '879', '745', '0', '489', '523', '507', '575', '513', '176', '638', '270', '540', '316', '318', '716', '524', '605', '549', '337']
['300', '628', '72', '216', '719', '548', '579', '419', '979']
['435', '844', '662', '681', '173', '59', '129', '292', '75', '423', '239', '976', '916', '80', '233', '743', '894', '639', '400', '203']
['321']
['521', '83', '151', '858', '713', '132', '333', '116', '458', '615', '297', '279', '304', '793', '537', '455', '909', '576', '611', '125', '115', '274', '167', '164', '79', '633', '46', '597', '372', '810', '405', '69', '932', '940', '391']
['955', '951', '862', '98', '822', '248', '607', '619', '477', '792', '21', '727', '461', '332', '496', '351', '109', '39', '60', '606', '577', '746', '519', '410', '136', '448', '366', '749', '857', '68', '906', '439', '983', '220', '883', '268']
['241', '704', '559', '923', '119', '893', '790', '834', '153', '459', '825', '567', '692', '961', '215', '240', '307', '152', '671', '219', '508', '736', '186', '693', '764', '696', '907', '392', '416', '112', '890', '896', '194', '187', '334', '989']
['470', '188', '927', '437', '360', '64', '33', '225', '761', '315', '465', '829', '566', '569', '785', '97', '934', '587', '799', '434', '840', '832', '206', '396', '443', '478', '506', '648', '24', '805', '946', '853', '684', '231', '680', '384']
['977', '836']
['65', '227', '891', '990', '986']
['859', '161', '763', '412', '20', '769', '672', '953', '249', '949', '505', '252', '140', '43', '456', '988', '765', '147', '383', '324', '296', '341', '884', '67', '4', '649', '596']
['146', '168', '770', '595', '13', '646', '757', '411', '542', '532', '102', '169', '388', '752', '978', '809', '992', '658', '291', '38', '280', '47', '201', '88', '367', '450', '585', '823', '108', '676', '666', '501', '591', '273', '962']
['358', '245', '488', '12', '709', '401', '634', '717', '85', '474', '343', '694', '35', '490', '475', '155', '546', '870', '903', '335', '260', '530', '682', '246', '70', '645', '635', '331', '522', '744', '264', '22', '509', '642', '37', '967']
