['709', '292', '610', '494', '287', '47', '417', '599', '835', '484', '232', '674', '469']
['315', '552', '746', '961']
['607']
['439', '733', '194', '313', '433', '290', '992', '533', '400', '955', '975', '334']
['810', '927', '420', '450', '869', '807', '765', '970', '254', '170', '120', '971', '54']
['271']
['144', '266', '986', '340', '658', '991', '949', '403', '673', '365', '132', '134', '171']
['582', '65', '584', '175', '546', '764', '531', '535', '386', '8', '208', '360', '329']
['34', '6']
['204', '211', '723', '115', '692', '486', '80', '743', '923', '894', '729', '897', '38']
['609', '263', '696', '491', '82', '496', '530', '69', '16', '98']
['422']
['27', '224', '118', '18', '49', '933', '397', '281', '401', '890', '565', '359', '445']
['885']
['385', '176', '492', '677', '884', '330', '327', '802', '753', '373', '721', '663', '381']
['559', '630', '362', '136', '286', '948', '319', '370', '465', '314', '341', '843', '854']
['665', '267', '895', '104', '779', '571', '308', '686', '214', '390', '576', '839', '355']
['481', '506', '48', '66', '818', '866', '138', '1', '650', '476', '762', '902', '261']
['532', '311', '856', '248', '661', '683', '473', '210', '633', '79', '470', '892', '813']
['550']
['225', '520', '130', '435', '431', '318', '792', '201', '980', '376', '209', '392', '269']
['354', '188', '851', '404', '57', '179', '205', '936', '775', '760', '379', '272', '931']
['727']
['216', '258', '304', '637', '511', '984', '110', '541', '256', '196', '651', '678', '71']
['108', '827', '608', '369', '504', '183', '29', '36', '133', '518', '41', '207', '387']
['326', '516', '838', '538', '90', '453', '687', '333', '101', '594', '142', '847', '169']
['539', '437', '815', '291', '882', '867', '823', '63', '698', '416', '147', '626', '137']
['786']
['395', '521', '710', '23', '289', '782', '950', '736', '177', '180', '83', '20', '821']
['857', '542', '688', '668', '560', '908', '939', '930', '953', '430', '166', '68', '996']
['432', '10', '22', '163', '720', '106', '173', '348', '278', '763', '221', '711', '636']
['223']
['73']
['418', '46', '220', '309', '645', '570', '603', '498', '544', '444', '965', '573', '508']
['282', '117', '744', '705', '525', '299', '943', '12', '566', '81', '109', '880', '629']
['500', '475', '794', '799', '938', '394', '706', '162', '689', '471', '969', '371', '800']
['294']
['95', '960', '495', '421', '186', '507', '317', '929', '563', '920', '357', '526', '499']
['478', '463', '168', '801', '817', '446', '195', '954', '860', '405', '301', '382', '253']
['302', '554', '59', '230', '785', '596', '714']
['945', '793', '977', '141', '905', '126', '497', '627', '871', '479', '259', '320', '915']
['212', '35', '798', '277', '669', '697', '693', '451', '185', '215', '442', '456', '615']
['229', '153', '649', '457', '900', '167', '181', '119', '644', '928', '412', '411', '140']
['602', '590', '249', '791', '940', '664', '595', '870', '524', '699', '367', '828', '285']
['380', '904']
['849', '377', '814', '62', '632', '598', '512', '97', '604', '464', '622', '102', '509']
['42', '864', '656', '434', '963', '875', '124', '581', '280', '527', '519', '909', '898']
['634', '983', '701', '889', '914', '901', '964', '925', '61', '597', '770', '203', '490']
['198', '427', '135', '85', '652', '951', '245', '638', '325', '551', '628', '114', '691']
['228']
['337', '982', '747', '725', '192', '113', '5', '740', '999', '51', '759', '112', '529']
['96', '623', '103', '624', '15', '873', '826', '76', '855', '997', '625', '842', '796']
['91', '155', '988', '580', '973', '139', '413', '231', '501', '752', '840', '731', '406']
['349', '39', '998', '682', '419', '662', '522', '335', '275', '105', '795', '28', '234']
['924']
['368']
['88', '935', '803', '393', '912', '695', '707', '567', '621', '206', '164', '718', '703']
['72', '646', '87', '199', '886', '460', '790', '172', '461', '56', '910', '9', '806']
['92', '952', '152', '836', '557', '273', '558', '761', '837', '148', '639', '755', '853']
['872', '716', '487', '784', '528', '737', '480', '613', '751', '641', '268', '443', '868']
['283', '850', '994', '157', '587', '738', '972', '946', '197', '235', '338', '347', '876']
['844', '514', '676', '574', '735', '631', '241', '874', '423', '244', '789', '127', '182']
['78']
['279', '515', '979', '771', '671', '350', '70', '399', '158', '64', '424', '987', '750']
['75', '24', '745', '44', '352', '50', '906', '240', '84', '831', '429', '331', '375']
['414', '783', '704', '834', '809', '848', '593', '694', '345', '31', '865', '591', '174']
['89', '921', '911', '13', '600', '45', '510', '238', '25', '778', '717', '332', '833']
['366', '932', '408', '17', '336', '846', '942', '125', '583', '989', '250', '777', '893']
['722', '40', '396', '502', '488', '776', '343', '227', '635', '781', '657', '296', '748']
['131', '742', '303', '858', '300', '896', '2', '452', '474', '193', '200', '804', '218']
['700', '37', '344', '274', '202', '384', '719', '151', '67', '888', '485', '60', '862']
['77']
['579', '653', '178', '774', '617', '640', '378', '33', '316', '3', '685', '363']
['981', '690', '165', '756', '293', '459', '288', '154', '619', '956', '407', '769', '189']
['647', '903', '257', '726', '242', '947', '276', '881', '811', '361', '426', '816', '122']
['825']
['788', '270', '547', '967', '670', '616', '150', '824', '680', '455', '472', '561', '440']
['145', '454', '757', '586', '724', '160', '916', '564', '568', '666', '543', '926', '264']
['213', '353', '517', '243']
['415', '107', '679', '466', '14']
['612', '260', '829', '863', '298', '100', '749', '985', '540', '226', '458', '247']
['409']
['562', '391', '852', '780', '577', '237', '773', '805', '121', '588', '374', '513', '611']
['959', '822', '503', '974', '52', '966', '111', '944', '578', '772', '572', '448', '19']
['569', '389', '505', '606', '323', '184', '358', '754', '549', '74', '222', '398', '534']
['887', '883', '324', '713', '436', '441', '575', '251', '364', '672', '712', '968', '841']
['21']
['297', '284', '4', '356', '879', '146', '310', '307', '808', '819', '339', '123', '601']
['58', '86', '477', '917', '428', '191', '767', '995', '523', '305', '660', '919', '768']
['252', '978', '643', '734', '787', '43', '708', '957', '255', '642', '618', '730', '739']
['295', '878', '922', '388', '797', '346', '265', '149', '899', '684', '766', '483', '702']
['585', '934', '425', '832', '372', '328', '891', '758', '468', '732', '467', '715', '239']
['592', '128', '246', '53', '306', '648', '489', '958', '812', '659', '116', '918', '820']
['99', '654', '233', '907', '312', '976', '667', '614', '462', '30', '342', '830', '589']
['93', '219', '447', '728', '859', '187', '159', '236', '545', '383', '0', '993', '962']
['351', '94', '410', '402', '156', '548', '262', '537', '217', '482', '438', '655', '941']
['620']
['605', '143', '26', '7', '449', '55', '161', '845', '556', '741', '675', '493', '190']
['937', '990', '877', '553', '129', '555', '322', '681', '32', '861', '913', '11', '536']
['321']
