['725', '950', '53', '113', '16', '729', '978', '390', '12', '823']
['333']
['119', '837', '385', '187', '671', '255', '275', '10', '194', '756']
['565', '833', '835', '959', '137', '784']
['602', '696', '282', '85', '157', '122', '764', '783']
['732', '454', '233', '371', '464', '552', '841', '174', '629']
['949', '191', '635', '899', '808', '430', '755', '214']
['234', '969', '885', '100', '815']
['68', '284', '846', '544', '482', '930', '996', '578', '728', '747']
['789', '127', '358', '344', '331', '23', '176']
['347', '849', '926', '478', '265', '135', '860', '105']
['306', '130', '979', '803', '307', '250', '178', '938']
['657', '320', '242', '513', '713', '824', '175']
['774', '424', '643', '516', '196', '322', '201']
['188', '377', '733', '219', '524', '3', '271', '525', '773']
['921', '445', '173', '456', '817', '584', '465']
['522', '142', '708', '894', '159', '363', '852', '369', '96']
['287', '147', '274', '958', '5', '872', '875', '927', '861', '114']
['404', '907', '66', '630', '231', '141', '95', '256']
['757', '260', '517', '640']
['318', '364', '314', '403', '433', '27', '685', '716', '769']
['972', '107', '948', '549', '765', '124', '908', '93', '939', '571']
['133', '468', '61', '900', '953', '832', '873', '167', '455', '81']
['585', '864', '102', '350', '531', '990', '375', '202', '299', '814']
['49', '863', '895', '448', '748', '365', '397']
['912', '210', '155', '590', '520', '819', '945', '881', '581', '937']
['515', '254', '766', '405']
['328', '158', '980', '354', '560', '440']
['253', '913', '658', '663', '309', '677', '166', '759', '869', '338']
['897', '382', '228', '781', '721', '281', '123', '851', '437', '768']
['259', '542', '638', '213', '655', '395', '967', '172', '612', '501']
['1', '743', '587', '32', '355', '451', '277', '183']
['620', '410', '467', '659', '994', '425', '339']
['367', '280', '240', '699', '799']
['532', '258', '63', '490', '391', '134', '718']
['140', '805', '984', '566', '112', '268', '106', '152', '476', '181']
['7', '816', '856', '604', '776', '145', '528', '496', '595', '874']
['128', '561', '13', '652', '170', '631', '915', '598', '956', '493']
['110', '752', '986', '459', '883', '204', '983']
['660', '57', '444']
['828', '626', '479', '802', '463', '818', '71', '693', '84', '982']
['488', '144', '848', '98', '829', '151', '871', '610']
['361', '770', '80', '858', '735', '588', '710', '62', '420', '686']
['480', '42', '709', '36', '731']
['576', '971', '968', '546', '792', '625', '215', '726']
['820']
['24', '136', '60', '825', '557', '206', '38', '880', '556', '974']
['586']
['200', '701', '653', '794', '831', '88', '264', '593', '291', '737']
['47', '29', '161', '678', '336', '109', '909', '673']
['654', '486', '8', '52', '821', '22', '229', '481', '884']
['931', '988', '164', '189', '889', '543', '483', '618', '622', '902']
['129', '854', '993', '669', '668', '370', '632', '564']
['262', '941', '896', '957', '31', '18', '834', '573', '414']
['217', '914', '76', '705', '491', '150', '929', '341']
['504', '337', '887', '149', '286', '526', '944', '461', '727', '111']
['50', '711', '14', '387', '567', '238', '758']
['343', '924', '223', '904', '393', '180', '633', '506', '523', '682']
['952', '45', '293', '247', '892', '965', '165', '681', '499', '90']
['248', '154', '840', '690', '356', '411', '500', '617', '679', '826']
['298', '502', '866', '326', '44', '946', '648', '744', '827', '637']
['719', '558', '672', '989', '555', '115', '101', '650', '797', '554']
['510', '614', '919', '104']
['539', '312', '131', '417', '855', '290', '77', '236', '241']
['911', '751', '413', '497', '75', '487', '197', '83', '901']
['153', '742', '432', '252', '754', '683', '867', '243', '442', '346']
['569', '785', '160', '65', '740', '775', '935', '300', '551', '449']
['698', '409', '997', '272', '226', '323', '922', '746', '386']
['285', '634', '313', '46', '529', '545', '687', '295', '441', '190']
['636', '473', '227', '319', '796', '426', '999', '162', '78', '474']
['332', '345', '707', '540', '793', '674', '570', '329', '882', '649']
['301', '458', '374', '613', '644', '548', '436', '661']
['193', '378', '947']
['741', '611', '704', '108', '429', '964', '396', '304']
['512', '117', '317', '366', '423', '836', '795', '804', '580', '985']
['279', '981', '916', '428', '359', '249', '695', '186']
['69', '169', '574', '666', '335', '822', '221', '406', '992', '572']
['132', '267', '779', '330']
['850', '303', '222', '99', '220', '977', '627', '225', '615']
['368', '862', '146', '20', '942', '601', '739', '297', '519', '498']
['955', '33', '639', '270', '810', '720', '853', '383']
['621', '503', '435', '198', '890', '934', '156', '995']
['628', '251', '991', '722', '963', '17', '788', '235']
['457', '616', '798', '392', '470', '563', '976', '372']
['51', '416', '706', '762', '388', '801', '492', '205', '9']
['962', '39', '966', '380', '589', '600', '680', '778', '689', '623']
['315', '786', '665', '443', '311', '308', '760', '408']
['401', '703', '43', '691', '624', '838', '646']
['712', '905', '790', '647', '910', '530', '208', '550']
['730', '928', '462', '230', '261', '800', '575', '599', '207']
['381', '753', '888', '334', '839', '886', '642', '662']
['224', '244', '447', '717', '597', '537', '143', '811', '609', '521']
['656', '734', '749', '199', '94', '269', '688', '903', '34', '2']
['89', '87', '494', '475']
['472', '348', '761', '697', '421']
['351', '933', '577', '415', '961', '384', '608', '898', '116', '125']
['943', '998', '400']
['596', '495', '360']
['427', '536', '86', '288', '559', '362', '431']
['399', '745', '970', '509', '975', '41', '724', '28', '283']
['511', '74', '218', '139', '466', '278', '469', '619', '138']
['582', '651', '192', '379', '700', '738', '777']
['471', '195', '767', '54', '212', '857', '514']
['91', '310', '891', '723', '870', '547', '316', '70', '568']
['879', '97', '30', '73', '340', '562', '538', '906']
['321', '605', '477', '177', '79', '292', '352', '641', '302', '782']
['434', '702', '940', '171', '118', '603', '876', '37']
['813', '844']
['535', '407', '508', '973', '485', '349', '237', '807']
['419', '418', '121', '26', '787', '353', '4', '877', '56', '325']
['257', '676', '211', '246', '446', '583', '438', '591', '126']
['960', '842', '507', '843', '398', '72', '868', '294', '59', '533']
['518', '917', '772', '847', '239', '460']
['592', '0', '534', '878', '296', '505']
['263', '607', '645', '918', '357', '791', '168', '15', '266']
['670', '289', '489', '342', '664', '780', '120', '209', '163', '327']
['920', '412', '273', '936', '859', '923', '11', '452']
['925', '736', '675', '6', '771', '692', '58', '541', '402']
['232', '806']
['439', '276', '954', '450', '216', '579', '67', '82', '484', '324']
['809', '932', '305', '830', '389', '55', '185', '750', '203']
['184', '865', '714', '48', '763', '373', '422', '40', '951', '715']
['553', '35', '453', '64', '893']
['606', '694', '376', '245', '527', '987', '845', '394', '179', '103']
['684', '19', '667', '594', '25', '812', '148', '182', '92', '21']
