['370', '275', '632', '203', '649', '815', '867', '26', '864', '513', '71', '22', '680', '537', '727', '548', '408', '421', '502', '901', '358', '414', '826', '416', '57', '750']
['684', '834', '810']
['175', '306', '183', '706', '222', '744', '168', '866', '564', '395', '348', '294', '345', '75', '301', '690', '577', '24', '338', '876', '524', '243', '715', '742', '644', '192', '302', '877']
['396', '823', '27', '802', '285', '803', '928', '743', '239', '318', '518', '671', '588', '230', '483', '383', '357', '1', '98', '906', '295', '749']
['590', '393', '86', '647', '340', '426', '507', '610', '504', '194', '678', '322', '51', '147', '80', '850', '185', '122', '687', '244', '885', '2', '448', '920', '501', '10', '440', '729', '227', '492', '332', '197', '180', '822', '108']
['472', '786', '756', '234', '153', '149', '585', '589', '247', '210', '737', '442', '757', '717', '373', '336', '121', '220', '231', '784', '889', '380', '484', '83', '152', '255', '391']
['16', '378', '351', '488', '298', '887']
['368', '127', '428', '870', '730', '133', '827', '837', '236', '578', '268', '619', '793', '30', '179', '341', '384', '792', '125', '278', '159', '698', '263', '511', '337', '300', '629', '642', '804', '430', '184', '714', '420', '9']
['63', '163', '475', '154', '457', '650', '682', '855', '467', '178', '193', '458', '187', '918', '746', '669', '630', '817', '873', '908', '196', '853', '859', '310', '572', '523', '124', '169', '452', '487', '751', '758', '160', '702', '425', '753', '882', '594', '273', '601', '276', '733', '3', '104', '474', '25', '565']
['489', '659', '707', '270', '415', '710', '755', '397', '376', '134', '754', '31', '838', '848', '335', '883', '372', '207', '189', '417', '28', '871', '359', '894', '423', '527', '252', '284', '553', '4', '403', '419', '456', '162', '225', '324', '637', '767', '635', '375']
['435', '909', '805', '195', '399', '916', '320', '592', '914', '591', '432', '856', '219', '254', '60', '904', '381', '258', '704', '672', '573', '90', '398', '455', '141', '735', '316', '521', '582', '897', '709', '907', '422', '639', '923', '411', '787', '917', '312', '593', '450', '92', '713', '633', '346', '330', '245', '248', '40', '667', '530', '256', '571', '289', '857', '87', '626', '235', '367', '546', '93', '473', '129', '516', '365', '778', '282', '724', '135', '445', '137', '797', '772', '34', '539', '407', '898', '575', '712', '323', '705', '0', '819', '120', '620', '485', '854', '237', '732', '694', '514', '212', '164', '816', '76', '612', '151', '747', '580', '598', '251', '677', '167', '355', '311', '846', '526', '221', '616', '131', '224', '88', '726', '605', '325', '654', '363', '494', '56', '319', '38', '132', '638', '7', '579', '874', '552', '913', '522', '566', '140', '615', '486', '176', '775', '67', '545', '663', '441', '48', '847', '293', '288', '477']
['453', '447', '386', '401', '791', '636', '608', '568', '676', '139', '927', '198', '261', '547', '812', '858', '329', '658', '796', '685', '226', '736', '296', '18', '745', '279', '94', '765', '410', '216', '394', '631']
['50', '862', '688', '835', '623', '238', '191', '651', '305', '342', '65', '558', '171', '292', '496', '360', '464', '119', '382', '74']
['418', '574', '752', '825', '555', '506', '377', '308', '611', '206', '583', '497', '824', '118', '561', '740', '570', '800', '863', '693', '20', '881', '36', '719', '554', '100', '115', '436', '264', '695', '110', '560']
['896', '780', '657', '865', '922', '353', '138', '832', '799', '59', '562', '599', '603', '875', '761', '315', '29', '665', '144', '839', '214', '902', '728', '820', '201']
['387', '392', '696', '280', '643', '604', '343', '517', '271', '879', '597', '177', '618']
['782', '926', '670', '77', '852', '722', '813', '771', '240', '437', '910', '660', '389', '95', '253', '788', '748', '721', '886', '188', '911', '72', '246', '37', '249', '586', '912', '915', '662', '868', '543', '674', '760', '701']
['807', '58', '52', '53', '697', '493', '46', '627', '17', '512', '725', '734', '309', '406', '347', '354', '117', '82', '535', '281', '262', '68', '798']
['5', '851', '223', '542', '303', '509', '267', '595', '666', '283', '686', '692', '532', '205', '385', '831', '510', '460', '429', '759', '491', '531', '646', '818', '84', '339', '19', '849', '795', '925', '79', '14', '773', '366', '471', '459', '349', '6', '675', '402', '321']
['661', '299', '768', '89', '111', '621', '161', '260', '789', '15', '213', '405', '766', '625', '103', '362', '519', '404', '549', '334', '136', '126', '891', '116', '806', '409', '269', '708', '645', '102', '165', '634', '215', '480', '170', '443', '209', '78', '23', '174', '762', '900', '449', '468', '62', '466', '811']
['202', '640', '924', '158', '444', '899', '500', '613', '557', '600', '681', '155', '584', '529', '287', '157', '465', '277', '814']
['114', '607', '123', '146', '313', '533', '679', '145', '699', '888', '228', '70', '469', '559', '390', '569', '327', '538']
['13', '113', '259', '769', '617', '581', '781', '929', '700', '379', '606', '563', '481', '424', '317', '96', '181', '550', '567', '718', '12', '844', '241', '845', '257', '388', '42', '172', '551', '352', '33', '39', '809', '199', '628', '884', '878']
['265', '836', '105', '731', '515', '43', '556', '842', '861', '242', '304', '454', '738', '64', '723', '703', '451', '544', '503', '495', '204']
['596', '91', '190', '81', '880', '490', '653', '664', '49', '482', '328', '45', '361', '109', '374', '790', '779', '371', '764', '903', '528']
['622', '333', '107', '142', '656']
['711', '508', '307', '505', '200', '356', '614', '291', '905', '785', '499', '229', '350', '186', '66', '369', '470', '919', '344']
['689', '434', '668', '808', '274', '843', '156', '412', '794', '69', '624', '427', '461', '130', '413', '895', '150', '540', '99', '211', '250', '44', '54', '869', '655', '41']
['478', '314', '400', '776', '462', '218', '763', '232', '11', '8', '770', '777', '143', '576', '829', '101', '439', '85', '35', '840', '47', '720', '828', '272', '266', '498', '128', '783', '602', '97', '648', '774', '841', '872', '217', '536', '652', '433', '739', '233', '290', '476', '801', '893', '921', '431', '860', '821', '106', '641', '173']
['683', '892', '741']
['438', '520', '326', '166', '691', '112', '286', '716', '534', '479', '541', '609', '331']
['833', '61', '673', '297', '525', '148', '182', '587', '364', '32', '55', '463', '21', '890', '446', '830', '73', '208']
