['597', '52', '31', '331', '108', '501', '448', '195', '134', '494', '406', '405', '281', '423', '126', '530', '122', '312', '11', '166', '233', '199', '360', '44', '547', '400']
['120', '403', '143', '161', '164', '118', '40', '202', '112', '367', '555', '462', '168', '460', '381', '374', '476', '550', '333', '49', '47', '402', '43', '557', '383', '42', '347', '379', '391']
['12', '188', '119', '485', '154', '58', '559', '352', '99', '588', '330', '482', '8', '580', '76', '518', '149', '197', '413', '48']
['69', '53', '207', '21', '593', '305', '246', '62', '66', '356', '322', '372', '3', '15', '440', '55', '1', '568', '106', '169', '341', '283', '306', '473', '553', '595', '495', '429']
['304', '27', '167', '415', '480', '466', '125', '439', '227', '254', '389', '343', '182', '22', '205', '158', '229', '278', '309', '542', '72', '421', '366', '502', '153', '136', '584', '18', '355', '579']
['596', '545', '399', '532', '70', '20', '353', '396', '393', '201', '116', '179', '323', '88', '486', '467', '217', '151', '189']
['392', '258', '307', '297', '142', '546', '478', '513', '310', '33', '39', '144', '242', '293', '338', '67', '575', '509', '554', '574', '316', '210', '344', '436', '194', '428', '273', '569']
['238', '130', '0', '354', '340', '454', '96', '385', '562', '200', '510', '435']
['230', '90', '395', '274', '590', '388', '483', '177', '490', '287']
['348', '276', '563', '412', '176', '220', '378', '145', '247', '407', '261', '165', '457', '250', '6', '581', '487', '327', '514', '456', '497', '272', '492', '432', '511', '206', '538', '208', '243']
['349', '196', '180', '404', '524', '434', '183', '450', '77', '257', '26', '32', '290', '481', '452', '390', '351', '471', '155', '29', '334', '469', '465', '159', '507', '292', '318', '221', '147', '430']
['558', '346', '377', '222', '127', '418', '394', '115', '342', '279', '539', '528', '173', '92', '417', '214', '303', '508', '506', '364', '83', '359', '193', '211', '414']
['137', '91', '228', '291', '459', '60', '28', '187', '521', '181', '225', '213', '313', '251', '426', '56', '37', '265', '427', '578', '474', '464', '74', '141']
['598', '551', '51', '302', '371', '35', '376', '504', '45', '36', '561', '268', '174', '519', '599', '289', '531', '591', '296', '86', '240', '150', '337', '68', '358', '534']
['219', '319', '308', '14', '529', '124', '422', '458', '320', '362', '560', '419', '285', '332', '275', '373', '73', '190', '350', '401', '442', '583', '186', '384']
['41', '103', '239', '226', '533', '526', '411', '444', '105', '443', '449', '566', '259', '369', '357', '453', '585', '363', '288', '515', '152', '387', '375', '236', '178']
['339', '71', '38', '277', '140', '30', '109', '271', '280', '535', '34', '299', '232', '565', '315', '370', '540', '95', '416', '78', '269', '5', '94', '335', '46', '328', '110', '10', '218']
['499', '101', '541', '365', '549', '311', '572', '113', '19', '446', '491', '324', '75', '162', '184', '148', '447', '212', '160', '9', '63', '204', '582', '433', '589', '525', '7', '266', '570', '248']
['82', '522', '23', '586', '382', '425', '517', '564', '252', '203', '2', '410', '256', '463', '451', '260', '224', '520', '245', '111', '146', '424', '587', '85', '65', '543', '89', '592', '445', '336']
['215', '397', '516', '536', '300', '468', '505', '80', '270', '185', '284', '107', '386', '472', '556', '237', '117', '267', '171', '131']
['576', '81', '420', '493', '431', '104', '282', '57', '321', '368', '79', '192', '54', '496', '314', '408', '479', '263', '437', '255', '249', '512', '170', '573', '594', '577', '198', '84']
['97', '455', '132', '25', '548', '500', '441', '121', '253', '301', '157', '100', '470', '98', '129', '544', '295', '438', '571']
['191', '4', '139', '231', '461', '133']
['537', '527', '235', '163', '409', '64', '24', '135', '59', '16', '234', '17', '286', '523', '498', '172', '223', '128', '475', '264', '50', '138', '216', '484', '477', '244', '552', '361', '87', '93']
['102', '175', '294', '488', '329', '503', '13', '61', '241', '209', '380', '345', '156', '262', '567', '325', '398', '326', '489', '123', '317', '298', '114']
