['693', '383', '73', '458', '737', '626', '976', '246', '114', '901', '684', '754', '190', '256', '572', '645', '550', '993', '513', '673', '471', '340', '368', '627', '480', '647', '796', '485', '283', '663', '940', '858', '51', '519', '952', '978', '115', '972', '125', '995']
['54', '926', '285', '46', '635', '850', '744', '979', '85', '438', '430', '93', '499', '702', '787', '643', '99', '836', '474', '955', '870', '178', '654', '602']
['152', '332', '900', '490', '897']
['843', '140', '670', '132', '717', '365', '281', '835', '596', '994', '734', '353', '815', '451', '816', '938', '612', '992', '427', '229', '507', '211', '980', '120', '630', '804', '753', '555', '56', '689', '646', '824', '404', '243', '685', '871', '11', '47', '200', '336']
['903', '67']
['257']
['729']
['761', '915', '278', '608', '718', '72', '53', '82', '247', '228', '936', '48', '664', '500', '486', '441', '194', '105', '380', '74', '961', '574', '249', '189', '38', '820', '733', '894', '154', '536', '828', '30', '674', '287', '98', '293', '576', '428', '812', '581']
['50', '10', '927', '137', '182', '396', '887', '727', '288', '118', '369', '329', '183', '759', '63', '9', '803', '290', '698', '935', '338', '163', '600', '888', '168', '653', '420', '541', '951', '782', '476', '601', '720', '929', '853', '220', '136', '779', '917', '215']
['260', '34', '672', '784', '201', '914', '79', '205', '199', '629', '357', '2', '553', '467', '986', '665', '777', '275', '412', '331', '448', '392', '515', '502', '912', '928', '791', '539', '156', '179', '577', '358', '439', '27', '208', '274', '255', '158', '315', '604']
['370', '150', '945', '745', '351', '126', '821', '146', '301', '3', '712', '360', '923', '942', '529', '594', '371', '269', '270', '488', '947', '193', '117', '567', '508', '144', '591', '987', '282', '21', '92', '1', '18', '544', '68', '886', '688', '464', '813', '661']
['965', '846', '248', '424', '535', '893', '355', '723', '300', '953', '459', '913', '962', '472', '715', '597', '251', '695', '837', '23', '650', '378', '681', '435', '279', '334', '162', '495', '841', '31', '724', '95', '436', '892', '159', '504', '84', '217', '14', '138']
['299', '958', '691', '352', '908', '86', '699', '403', '268', '956', '327', '318', '833', '932', '313', '399', '100', '503', '943', '277', '415', '800', '907', '705', '603', '55', '5', '588', '797', '376', '473', '881', '386', '443', '32', '559', '362', '506', '609', '337']
['730']
['798', '151', '80', '291', '272', '70', '781', '622', '195', '585', '316', '614', '461', '106', '884', '222', '569', '419', '966', '829', '57', '808', '530', '863', '570', '954', '937', '139', '184', '239', '990', '341', '7', '864', '522', '456', '523', '971', '834', '304']
['756', '505', '258', '320', '397', '857', '708', '701', '160', '568', '844', '694', '22', '433', '534', '262', '714', '786', '298', '677', '425', '817', '191', '141', '905', '668', '265', '949', '230', '346', '174', '170', '623', '924', '631', '755', '314', '446', '667', '651']
['4', '842', '556', '494', '860', '811', '773', '580', '982', '983', '861', '129', '704', '496', '615', '758', '830', '967', '760', '45', '407', '655', '731', '810', '444', '774', '625', '122', '197', '520', '134', '939', '549', '690', '516', '13', '411', '311', '809', '510']
['565', '221', '166', '763', '379', '709', '743', '985', '931', '395', '747', '620', '78', '790', '339', '875', '849', '721', '297', '899', '462', '19', '968', '181', '354', '253', '107', '263', '713', '738', '895', '40', '726', '742', '157', '198', '573', '823', '533', '866']
['41', '110', '127', '65', '254', '432', '910', '735', '706', '266', '566', '385', '611', '342', '740', '711', '400', '799', '633', '35', '363', '101', '330', '231', '372', '187', '75', '736', '328', '583', '131', '393', '465', '413', '879', '482', '245', '302', '212', '996']
['788', '789', '216', '284', '295', '388', '26', '852', '775', '164', '203', '532', '123', '554', '783', '862', '802', '264', '185', '409', '703', '364', '167', '445', '960', '108', '807', '90', '303', '678', '948', '624', '49', '252', '741', '878', '306', '176', '192', '552']
['130', '375', '822', '196', '725', '169', '468', '770', '957', '128', '271', '470', '832', '143', '762', '638', '175', '869', '487', '214', '356', '124', '616', '240', '883', '492', '710', '540', '795', '537', '103', '551', '563', '204', '801', '87', '934', '543', '401', '652']
['771']
['286', '307', '719']
['429', '511', '155', '571', '964', '767', '644', '658', '764', '509', '648', '637', '517', '60', '671', '498', '36', '77', '542', '478', '746', '104', '232', '521', '595', '675', '528', '575', '501', '921', '484', '294', '367', '148', '545', '350', '749', '219', '722']
['349']
['188', '876', '227', '382', '161', '682', '592', '944', '890', '289', '751', '394', '390', '81', '700', '326', '687', '918', '765', '981', '66', '359', '333', '898', '267', '308', '261', '933', '999', '848', '235', '885', '305', '531', '250', '769', '963', '61', '997', '827']
['855', '882', '59', '716', '172', '865', '225', '851', '97', '607', '434', '548', '33', '29', '96', '417', '656', '186', '481', '867', '998', '12', '920', '919', '447', '696', '778', '489', '697', '590', '42', '538', '347', '546', '366', '805', '310', '557', '452', '391']
['431', '94', '44', '989', '414', '632', '323', '466', '560', '387', '418', '421', '838', '259', '621', '102', '361', '582', '586', '814', '847', '121', '142', '416', '527', '450', '460', '343', '524', '113', '728', '442', '598', '925', '405', '321', '317', '71', '244', '276']
['518']
['794', '584', '526', '324', '739', '16', '873', '579', '806', '145', '453', '874', '37', '640', '165', '133', '149', '768', '210', '348', '497', '408', '618', '676', '941', '345', '906', '930', '619', '234', '973', '112', '440', '52', '6', '826', '732', '426', '0', '974']
['707', '206', '660', '975', '780', '236', '547', '423', '237', '909', '377', '422', '792', '984', '457', '793', '896', '242', '402', '116', '119', '15', '475', '766', '950', '76', '374', '17', '218', '24', '589', '825', '39', '280', '91', '177', '891', '969', '512', '241']
['322', '209', '683', '605', '628', '292', '384', '296', '922', '153', '641', '88', '147', '233', '62', '173', '491', '180', '238', '657', '455', '109', '398', '202', '819', '659', '43', '226', '840', '854', '959', '872', '666', '902', '28', '599', '58', '8', '785', '642']
['634', '845', '207', '564', '617', '889', '680', '469', '223', '587', '381', '970', '389', '636', '64', '493', '83', '639', '479', '911', '946', '344', '449', '772', '752', '686', '319', '561', '613', '748', '988', '20', '273', '916', '454', '578', '111', '525', '171', '406']
['856', '312', '224', '483', '69', '89', '692', '25', '776', '991', '593', '679', '562', '135', '818', '662', '904', '606', '877', '514', '309', '859', '558', '868', '437', '610', '477', '335', '325', '410', '880', '463', '977', '831', '750', '373', '839', '757', '669', '213']
['649']
