['731', '334', '524', '758', '435', '473', '537']
['33', '472', '199', '233', '46', '639']
['173', '335', '277']
['23', '505']
['588', '285']
['654', '605', '663', '507', '295', '11', '651']
['641', '771', '88', '80']
['719', '91', '748', '325', '621']
['206', '262', '389']
['103', '511']
['59', '603', '578', '232']
['465', '579', '384', '634', '139', '523']
['705', '780', '328', '392', '14', '323', '296']
['759', '1', '582', '606', '547', '2']
['302', '253', '225', '764', '674', '405']
['120', '566', '42', '778', '553', '401']
['125', '208', '182']
['767', '426', '339', '424']
['98', '368', '710', '227', '244', '274', '517']
['154', '742', '267', '123']
['789', '419', '72']
['448', '269', '234', '630']
['708']
['691', '90', '542', '147', '6']
['151', '247', '474', '298']
['408']
['493']
['342', '152']
['112']
['432', '738', '594', '551', '0']
['15', '559']
['261', '172', '587', '301']
['311', '636', '714', '510', '190']
['670', '7', '191', '258', '760']
['137', '677', '195', '86', '197']
['721', '135', '729', '43']
['449', '549', '796']
['455', '411']
['374', '163', '795', '410', '406', '10', '454']
['441', '40', '706', '353', '602', '645']
['498', '617', '597']
['189', '363']
['77', '596', '682', '540', '257', '713', '223']
['490', '140', '352', '480', '271', '563', '488']
['515', '379']
['278', '541', '265', '707', '554', '361']
['709', '659', '235', '726', '683']
['652']
['85']
['772', '502', '132', '769', '273']
['50', '616']
['319', '396', '495', '519', '619', '170']
['41', '501', '300', '340']
['344', '48', '202', '229', '382']
['756', '188']
['218', '67', '237', '272']
['735', '794', '38', '642', '427']
['556', '321', '479', '9', '572', '612']
['111', '720', '142', '205', '395', '35', '728']
['290', '625', '558']
['513']
['452', '126', '516', '366']
['219', '478']
['44', '204', '289', '680']
['633', '355', '45', '32', '157']
['52', '118', '565', '637', '238']
['186', '662', '655', '348']
['122', '736', '483', '444', '715', '209']
['689', '29', '453', '716', '564']
['433', '673', '668', '224']
['203', '755', '177', '773']
['243', '763', '30']
['746', '115', '256', '81']
['324', '21', '436']
['646', '697', '169', '165', '761', '740']
['545', '117', '337', '280', '200', '25']
['737', '299']
['622', '124']
['509']
['255', '365', '418', '690', '661', '292', '718']
['412', '539']
['733', '5', '631', '320', '447']
['307', '24', '712', '417', '485', '332', '635']
['143', '675', '387', '108', '194', '187']
['349', '508', '692']
['667', '664']
['358', '644']
['371', '370']
['744']
['116', '150', '514', '583']
['536', '458', '607', '695', '131', '702']
['119', '481', '161', '461', '782', '99']
['322', '65', '372', '434', '724', '529', '380']
['678', '159', '526', '275', '264']
['531', '180']
['53', '753', '574', '128', '688', '326']
['613', '437', '26']
['460']
['533']
['581', '51', '776', '356']
['496']
['543']
['568', '129', '279', '521', '610']
['245', '404', '751']
['666', '70', '686']
['386', '777', '575', '333', '106', '768']
['420', '475']
['166', '168', '538', '598', '766', '615']
['156', '155', '162', '22', '329', '171']
['130', '569', '175', '260', '624']
['506']
['439']
['512', '535', '193', '104']
['445', '730', '470', '703']
['242', '548', '78', '276', '797']
['369', '71', '623']
['754', '684', '722', '787', '16']
['793', '101', '717', '250', '75']
['599', '47', '66', '357', '784', '681', '467']
['669', '362', '611', '438']
['390', '179']
['345', '93', '309', '240', '653', '785', '89']
['57', '457', '791']
['303', '749', '331']
['765', '544', '183', '55', '468', '207']
['367', '699', '580', '210', '107', '466', '618']
['604', '750', '213']
['239', '69', '628', '375', '701', '752']
['463', '584', '330', '184', '185', '4', '442']
['248', '732', '109']
['745', '263', '413', '230', '181']
['192', '585', '3', '164', '37', '407', '61']
['297', '287', '486', '552']
['58']
['727', '266', '19', '17', '95', '241']
['174', '503', '762', '373', '82', '291', '520']
['798', '198', '102', '591']
['430']
['416']
['310']
['351', '63', '567', '428', '570', '657']
['377', '443', '497']
['83', '770', '425', '671', '359', '254', '491']
['650', '649', '214', '268', '546', '534', '555']
['144', '656', '477', '451', '94', '696']
['294', '595', '627', '221']
['500', '660', '614', '121', '421', '343']
['286', '592', '313', '694']
['136', '638', '308', '665', '56', '685', '145']
['350', '398', '364', '499', '560']
['676', '158', '113', '110', '723', '469', '249']
['734', '403', '212', '226', '504', '383', '561']
['376', '316', '196']
['114', '228', '338', '178']
['775', '327']
['378']
['141']
['18']
['492', '786', '34']
['215', '562']
['422', '482', '87', '36']
['20', '698', '459', '222', '672']
['792', '288', '79', '484', '415', '346']
['60', '220']
['27', '318']
['586', '700', '643', '148']
['781', '231', '13', '648', '679']
['571']
['397', '757', '608', '336', '354', '133', '440']
['399', '251', '790']
['609', '31', '76', '388']
['317', '149', '522']
['450', '176', '525', '414', '590', '360', '341']
['281', '49', '92', '476', '39', '12', '28']
['747', '153']
['711', '8']
['725', '431', '394', '282', '305', '527']
['464', '270']
['400', '146', '743', '73', '557']
['693']
['788', '741', '550', '68']
['573', '620', '779']
['774', '315']
['739', '530', '799', '306', '134']
['446', '96', '640', '629', '409']
['489', '647', '284', '687']
['62', '783', '423', '385', '201']
['456', '217', '105']
['304']
['704', '494', '632', '462', '293', '532']
['312', '518']
['658', '138', '74', '252', '391', '429']
['211', '167', '528', '347']
['393', '601', '487', '589', '216', '381']
['84', '402', '626']
['246']
['97', '64', '593', '600', '314', '127', '236']
['100', '160', '577']
['576', '283', '471']
['54', '259']
