['973', '787', '760', '538', '527', '786', '151', '917', '986', '254', '153', '811', '383', '871', '799', '697', '701', '770', '35', '82', '403', '184', '852', '505', '280', '885', '722', '687', '825', '740', '732', '801', '218', '492', '949']
['616', '226', '690', '263', '888', '231', '764', '146', '185', '324', '326', '900', '137', '286', '649', '369', '373', '443', '763', '785', '588', '683', '41', '447', '166', '471', '228', '451', '158', '519', '955', '85', '112', '400', '165']
['574', '461', '635', '236', '566', '660', '589', '473', '24', '632', '962', '171', '366', '234', '194', '976', '841', '819', '275', '349', '344', '747', '248', '223', '597', '241', '585', '354', '671', '152', '363', '37', '297', '441', '208']
['869', '862', '771', '333']
['323', '493', '417', '26', '414', '316', '90', '467', '958', '206']
['598', '490', '104', '362']
['727']
['774', '29', '694', '42', '436', '431', '345', '398', '805', '642', '372', '926', '772', '397', '969', '766', '144', '416', '652', '393', '438', '800', '389', '728', '944', '633', '692', '795', '557', '141']
['126', '99', '611', '539', '249', '40', '71', '52', '437', '822', '285', '905', '656', '80', '484', '696', '609', '601', '78', '93', '950', '435', '883', '870', '270', '174', '50', '277', '81', '750', '606', '989', '402', '676', '890']
['161', '796', '180', '954', '550', '172', '730', '154', '911', '58', '487', '737', '149', '244', '717', '211', '675', '605', '428', '386', '109', '808', '19', '284', '555', '303', '129', '203', '650', '310', '745', '972', '669', '148', '196']
['835', '380', '469', '348', '221', '668', '239', '216', '509', '496', '615', '780', '408', '332', '17', '541', '47', '626', '823', '830', '455', '837', '680', '569', '450', '907', '880', '381', '812', '667', '983', '468', '3', '840', '655']
['681']
['583', '873', '361', '86', '390', '618', '101', '515', '806', '488', '423', '418', '347', '947', '21', '10', '769', '163', '306', '317', '422', '454', '990', '677', '630', '334', '594', '123', '896', '318', '67', '176', '845', '781', '940']
['713', '130', '761', '168', '462', '213', '382', '804', '670', '259', '997', '593', '746', '330', '14', '718', '189', '836', '856', '951', '627', '511', '966', '576', '72', '981', '914', '925', '964', '140', '920', '217', '776', '293', '999']
['33', '921', '685', '659', '798', '866', '814', '463', '237', '790', '682', '127', '507', '224', '273', '119', '352', '411', '714', '638', '465', '729', '874', '113', '66', '444', '255', '581', '767', '902', '936', '479', '76', '974', '199']
['857', '358', '375', '298', '577', '720', '446', '784', '107', '998', '192', '421', '274', '272', '384', '388', '564', '59', '547', '882', '200', '533', '706', '913', '919', '494', '971', '899', '817', '136', '562', '288', '321', '11', '227']
['523']
['351', '849', '214', '54', '401', '654', '483', '133', '338', '503', '711', '580', '525', '156', '657']
['735', '864', '536', '844', '376', '636', '751', '187', '39', '741', '281', '116', '53', '897', '552', '320', '481', '561', '765', '235', '985', '9', '679', '625', '157', '246', '892', '56', '620', '311', '83', '634', '378', '300', '432']
['30', '994', '691', '367', '672', '590', '568', '355', '267', '279', '578', '410', '253', '908', '111', '992', '350', '596', '927', '663', '292', '278', '0', '832', '665', '942', '257', '645', '412', '678', '36', '290', '427', '563', '517']
['710', '851']
['867', '820', '689', '753', '872', '821', '328', '155', '150', '65', '881']
['779', '768', '387', '773', '903', '371', '651', '95', '445', '13', '309', '105', '434', '341', '262', '839', '207', '816', '828', '528', '575', '102', '614', '918', '391', '855', '319', '978', '453', '251', '63', '179', '933', '789']
['599', '44', '73', '456', '916', '252', '28', '307', '49', '586', '409', '554', '2', '733', '448', '945', '570', '975', '121', '100', '204', '826', '98', '592', '32', '938', '512', '470', '106', '988', '535', '287', '500', '532', '177']
['613', '256', '793', '847', '229', '759', '491', '514']
['117', '957', '622', '540', '74', '702', '125', '359', '931', '705', '891', '901', '91', '813', '331', '953', '220', '143', '755', '572', '757', '498', '313', '245', '818', '499', '449', '843', '854', '43', '526', '853', '405', '477', '833']
['243', '27', '824', '551', '210', '516', '197', '688', '982', '396', '653', '339', '778', '608', '173', '993', '419', '124', '859', '198', '193', '968', '276', '952', '748', '529', '775', '209', '268', '698', '70', '600', '979', '459']
['991', '291', '365', '128', '97', '7', '205', '643', '707', '232', '159', '472', '425', '865', '716', '906', '987', '571', '607', '898', '758', '353', '693', '803', '510', '4', '508', '308', '289', '460', '524', '673', '370', '77', '458']
['661', '723', '46', '629', '329', '271', '160', '51', '265', '201', '188', '712', '970', '558', '603', '57', '335', '34', '777', '584', '295', '934', '6', '560', '838', '118', '364', '623', '587', '809', '142', '247']
['850', '967', '886', '482', '191', '64', '744', '84', '233', '868', '48', '565', '429', '631', '379', '269', '749', '377', '548', '406', '522', '12', '202', '827', '910', '304', '648', '322', '553', '5', '45', '242', '922', '782', '240']
['426', '929']
['756', '639']
['831', '162', '662', '537', '619']
['948', '513', '92', '139', '183', '965', '61', '474', '531', '89', '644', '15', '556', '114', '457', '624', '549', '452', '294', '959', '815', '476', '909', '834', '394', '977', '937', '595', '699', '884', '610', '725', '941', '325', '788']
['700', '360', '848', '439', '709', '582', '175', '475', '791', '545', '628', '842', '404', '875', '792', '684', '887', '520', '108', '518', '103', '60', '368', '356', '264', '299', '178', '543', '666', '261', '433', '961', '266', '305', '407']
['315', '664', '703', '996', '915', '858', '219', '904', '502', '893', '742', '646', '62', '69', '336', '374', '721', '23', '424', '357', '302', '420', '752', '31', '327', '695', '94', '810', '604', '960', '794', '314', '829', '258']
['932', '501', '145', '120', '110', '802', '212', '340', '943', '674', '506', '939', '719', '863', '186', '923', '301', '20', '637', '190', '878', '122', '225', '38', '138', '489', '312', '25', '478', '861', '573', '195', '147', '876', '534']
['88', '22', '96', '296', '395', '18', '995', '956', '131', '68', '658', '16', '736', '132', '640', '912', '846', '521', '164', '486', '734', '440', '222', '724', '167', '754', '8', '928', '708', '415', '181', '485', '283', '715', '442']
['704', '617', '55', '495', '612', '413', '731', '980', '877', '230', '738', '87', '75', '346', '591', '641', '466', '385', '579', '79', '647', '935', '602', '250', '497', '739', '464', '343', '544', '260', '392', '504', '879', '743', '963']
['895', '559', '115', '567', '894', '984', '530', '182', '762', '135', '342', '430', '238', '807', '399', '783', '215', '686', '282', '542', '337', '726', '889', '1', '930', '170', '480', '860', '546', '134', '797', '169', '621', '924', '946']
