['221']
['386']
['479']
['712', '127', '131', '817', '785', '43', '699', '787', '521', '248', '811', '305', '482', '449', '214', '79', '387', '464', '302', '402', '44', '406', '823', '609', '226', '450', '747', '369', '293', '200', '146', '629', '654', '234', '136', '751', '786', '771', '820', '175', '592', '2', '215', '466', '285', '120', '28', '501', '704', '373']
['703']
['78', '588', '21', '507', '64', '310', '390', '769', '47', '355', '153', '20', '640', '22', '496', '612', '537', '394', '437', '212', '453']
['205', '130', '183', '23']
['748']
['668', '573']
['756']
['728']
['722', '174', '346', '598', '217', '322', '425']
['755']
['210']
['583', '539', '568', '5', '275', '110', '788', '155', '4', '58', '680', '515', '833', '296', '223', '601', '436']
['326', '462', '766', '142', '412', '358', '555', '484', '421', '60', '89', '342', '260', '414', '439', '687', '83', '671', '246', '8', '819', '789', '410', '411', '806', '487', '571', '291', '327', '777', '182', '713', '667', '519', '721', '621', '731', '211', '121', '524', '239', '184', '471', '76', '88', '468', '108', '319', '711', '333']
['697']
['831']
['565', '173', '645', '762', '262', '115', '154', '608', '13', '117', '495', '109', '624', '301', '298', '752', '525', '324', '105', '491']
['336']
['318', '393', '190', '48', '353', '541', '523', '739', '692', '593', '243', '790', '165', '97', '816', '34', '247', '129', '681', '465', '85', '384', '630', '345', '545', '139', '49', '356', '171', '380', '403', '802', '180', '261', '407', '230', '424', '382', '497', '359', '53', '628', '191', '534', '581', '377', '52', '132', '669', '470']
['156', '582', '152', '10', '229', '257', '133', '188', '308', '145', '227', '644', '594', '398', '647', '431', '80', '761', '349', '558', '429', '396', '791', '75', '643', '35', '194', '159', '360', '46', '55', '158', '143', '725', '440', '276', '12', '542', '122', '24', '522', '776', '694', '177', '603', '511', '659', '635', '204', '685']
['653', '335']
['430']
['639', '420', '278', '176', '168', '700', '824', '527', '760', '551', '231', '186', '266', '773', '362', '691', '636', '744', '834', '107', '737', '144', '706', '730', '166', '135', '461', '185', '161', '502', '505', '456', '253', '112', '11', '765', '51', '427', '104', '280', '564', '124', '810', '498', '611', '323', '767', '718', '179', '613']
['103']
['366', '357', '714', '348', '119', '66', '602', '54', '279', '759', '486', '503', '216', '283', '764', '256', '197', '381', '389', '415', '750', '651', '65', '281', '32', '263', '530', '472', '290', '242', '199', '93', '400', '99', '56', '351', '74', '337', '332', '666', '664', '649', '625', '245', '86', '16', '417', '483', '95', '250']
['50', '818', '292', '476', '836', '549', '559', '500', '586', '193', '441', '372', '91', '237', '391', '778', '70', '72', '715', '435', '615', '574', '202', '277', '795', '433', '209', '716', '514', '688', '575', '170', '77', '395', '235', '610', '835', '567', '589', '804', '803', '316', '813', '287', '195', '364', '702', '140', '265', '113']
['508', '267', '98', '270', '30', '754', '378', '745', '428', '164', '251', '740', '533', '27', '172', '125', '451', '738', '320', '330', '619', '371', '315', '554', '15', '201', '548', '62', '686', '604', '477', '828', '658', '543', '509', '71', '343', '469', '447', '289', '677', '340', '655', '578', '73', '478', '123', '561', '418', '38']
['367', '631', '822', '344', '192', '798', '361', '784', '169', '405', '271', '779', '569', '552', '576', '81', '839', '665', '203', '557', '341', '540', '814', '311', '392', '96', '793', '404', '426', '838', '741', '815', '92', '442', '126', '334', '599', '401', '448', '150', '157', '331', '726', '224', '626', '512', '101', '374', '196', '347']
['648']
['606']
['572', '775', '488', '735', '562', '33']
['799', '269']
['26', '458', '782', '445', '452']
['646', '460', '220', '59', '57', '137', '432', '141', '350', '90']
['134', '783', '705', '18', '743', '151', '422', '520', '244', '313', '14', '138', '492', '597', '809', '763', '37', '553', '338', '463', '812', '494', '733', '544', '474', '660', '675', '473', '546', '434', '457', '454', '167', '423', '591', '547', '579', '459', '701', '538', '587', '800', '499', '284']
['753', '781', '228', '148', '69', '365', '792', '695', '455', '264', '29', '637', '438', '632', '375', '661', '25', '480', '82', '672', '416', '732', '807', '526', '617', '734', '41', '379', '674', '772', '585', '354', '827', '254', '656', '225', '111', '518', '307', '368', '794', '709', '9', '232', '1', '100', '600', '832', '3', '255']
['622', '506', '676', '286']
['40', '233', '684', '162', '317', '118', '19', '87', '443', '0', '529', '563', '213', '36', '720', '444', '614', '774', '689', '724', '106', '650', '605', '312', '510', '207', '294', '566', '45', '304', '446', '746', '149', '642', '238', '236', '742', '475', '42', '550', '222', '399', '67', '770', '68', '114', '206', '719', '736', '376']
['116']
['189']
['409']
['493']
['580']
['252', '297', '531', '61', '829', '590', '768', '489', '7', '300', '306', '830', '128', '328', '821', '163', '513', '690', '397', '6', '240', '683', '352', '63', '219', '321']
['303', '707', '268', '160', '627', '556', '616', '309', '698', '259', '663', '187', '633', '516', '504', '241', '577', '808', '825', '727', '370', '17', '178', '218', '535', '258', '329', '678', '84', '657', '673', '198', '749', '826', '801', '570', '385', '314', '94', '662', '147', '708', '723', '181', '272', '717', '295', '282', '485', '528']
['595', '757', '481', '413', '288', '383', '679']
['710']
['797', '682', '325', '517', '596', '31', '490', '467', '796', '102', '607', '805', '693', '532', '618', '641', '620', '670', '584', '388', '299', '729', '39', '273', '634', '696', '208', '638', '623', '536', '837', '419', '780', '339', '274', '560', '363', '652', '758', '408', '249']
