['738', '722', '2', '605', '455', '457', '297', '375', '6', '801', '882', '123', '498', '699', '534', '191', '95', '326', '241', '526', '650', '799', '600', '921', '761', '348', '617', '764', '285', '399', '642', '850', '606', '584', '366', '536', '726', '508', '915', '177', '925', '251', '783', '938', '144', '555', '879', '543', '80', '411', '775', '200', '911']
['654', '836', '32', '902', '659', '767', '92', '686', '464', '542', '541', '860', '238', '332', '408', '151', '517', '752', '355', '576', '182', '717', '629', '920', '279', '359', '155', '885', '19', '103', '111', '425', '223', '402', '242', '682', '700', '741', '421', '386', '936', '232', '269', '65', '958', '634', '12', '900', '61', '441', '859', '835', '579', '21', '837', '822', '932', '3', '630', '412', '470']
['20', '924', '145', '424', '387', '676', '782', '13', '292', '621', '176']
['690', '461', '180', '430', '593', '39', '390', '328', '664', '308', '363', '278', '423', '702', '418', '658', '601', '898', '502', '504', '240', '777', '823', '248', '892', '916', '572', '205', '890']
['113']
['689', '482', '234', '395', '662', '340', '947', '954', '643', '275', '588', '825', '852', '36', '907', '184', '356', '101', '10', '507', '49', '535', '712', '272', '740', '343', '124', '769', '245', '352', '960', '125', '791', '468', '787', '281', '856', '190', '708', '397', '221', '341', '271', '143', '414', '243', '773', '515']
['120', '135', '401', '141', '540', '294', '333', '413', '334', '320', '484', '106', '167', '284', '644', '705', '224', '235', '703', '853', '895', '748', '46', '210', '866', '683', '346', '905', '581', '44', '31', '772', '501', '587', '876', '166', '531', '509', '312', '512', '110', '59']
['435', '901', '443', '862', '625', '678', '623', '474', '189', '894', '324', '631', '475', '289', '142', '857', '513', '719', '27', '709', '620', '420', '112', '391', '444', '672', '70', '889', '450', '317', '635', '293', '439', '493', '538', '327', '133', '261', '17', '934', '100', '409', '565', '503', '220', '187', '361', '354', '800', '406']
['784', '591', '755', '249', '97', '580', '30', '74', '550', '792', '855', '218', '63', '84', '394', '711', '237', '393', '765', '577', '663']
['529', '952', '884', '109', '194', '616', '377', '604', '939', '582', '24', '522', '494', '158', '22', '94', '1', '849', '172', '463', '826', '429', '918', '102', '548', '520', '57', '667', '28', '518', '595', '496', '830', '677', '342', '530', '673', '779', '827', '570', '724', '899', '476', '798', '734', '500', '178', '16', '9', '426', '602', '923', '212', '843', '912', '718', '651', '66', '86']
['236', '641', '29', '585', '255', '817', '839', '299', '944', '660', '554', '586', '73', '153', '516', '666', '290', '694', '60', '273', '213', '612', '403', '7', '283', '810', '206', '774', '597', '374', '51', '914', '603', '96']
['743', '943']
['287', '942', '434', '222', '674', '134', '505', '598', '909', '250', '607', '645', '367', '583', '85', '760', '362', '382', '447', '695', '917', '204', '270', '291', '407', '558', '739', '671', '816', '804', '256', '105', '175', '50']
['704', '163', '226', '491', '872', '821', '807', '227', '422', '552', '437', '776', '192', '813']
['389', '336', '130', '286', '246', '697', '169', '415', '945', '680', '78', '268', '573', '416', '486', '566', '34', '159', '267', '307', '319']
['179', '871', '288', '201', '841', '162', '519', '215', '456', '58', '93', '136', '490', '926', '310', '545', '247', '596', '53', '640', '132', '427', '757', '851', '589', '551', '951', '639', '754', '193', '803', '571', '762', '54', '737', '207', '569', '575', '756', '40', '927', '946', '539', '473', '865', '574', '661', '64', '780']
['371', '861']
['128']
['174', '265', '126', '721', '160', '259', '527', '481', '79', '714', '257', '197', '881', '495', '99', '349', '869', '360', '47', '560', '665', '547', '90', '778', '499', '746']
['931', '811', '832', '119', '152', '903', '891', '165', '445', '492', '154', '8', '365', '129', '417', '392', '170', '875', '590', '89', '469', '304', '521', '613', '181', '819', '311', '556', '669', '405', '62', '277', '753', '347', '829', '228', '637', '858', '834', '131', '742', '219', '372', '432', '553', '253', '262', '805', '117', '350', '263', '732']
['33', '264', '812', '296', '549', '244', '146', '195']
['230', '72', '956', '274', '388', '410', '794', '656', '626', '35', '305', '692', '216', '282']
['940', '303', '698', '477', '164', '306']
['627', '557', '436', '209', '344', '693', '731', '171', '448', '459', '729', '260', '831', '687', '933', '252', '818', '525', '489', '735', '313', '329', '758', '26', '564', '533', '381', '820', '842', '828', '795', '685', '733', '567', '147', '608', '833', '710', '594', '122', '824', '688', '199', '696', '203', '638', '337', '847', '467', '69', '91', '668', '727', '648', '25', '655']
['928', '913', '848', '636', '471', '338', '781', '462', '116', '788', '770', '592', '725', '87', '681', '321', '298', '771', '633', '675', '258', '887', '98', '315', '449', '632', '322', '11', '814', '622', '624', '118', '797', '376', '749', '323', '896', '652', '233', '611', '301']
['578', '523', '910', '52', '720', '745', '137', '948', '908', '886', '878', '854', '229', '428', '766', '114', '384', '214', '610', '0', '483']
['198', '83', '599', '510', '452', '514', '747', '373', '506', '568', '867', '796', '358', '768', '736', '528', '148', '185', '684', '400', '351', '67', '38', '231', '670', '880', '955', '225', '790', '280', '959', '276', '870', '431', '378', '254', '809', '438', '161', '877', '511', '763', '440', '217', '369', '37', '300', '446', '357', '45', '266']
['957', '559', '906', '139', '202', '751', '618', '453', '806', '460', '883', '211', '82', '108', '239', '845', '331', '396', '544', '649', '904', '115', '140', '759', '168', '657', '919', '76', '77', '487', '368', '750', '458', '744', '104', '14', '713', '302', '815', '107', '314', '893', '628', '121', '497', '454', '785', '81', '950', '183', '370', '786', '43', '385', '488', '941', '563', '873', '723', '716', '706']
['691', '844', '55', '789', '404', '647', '15', '707', '186', '537', '75']
['840', '41', '18', '619', '868', '546', '398', '316', '325', '874', '479', '808', '23', '380', '379', '701', '150', '524', '149', '793', '196', '614', '364', '345', '935', '318', '42', '442', '485', '157', '949', '156', '929', '888', '609', '353', '615', '4', '679']
['88', '173', '561', '71', '295', '846', '653', '937', '127', '188', '465', '728', '5', '472', '562', '532', '138', '339', '451', '68', '863', '953', '208', '56', '922', '48', '730', '715', '433', '864', '646', '335', '897', '802', '838', '309', '480', '383', '466', '330', '478', '419', '930']
