['298', '629', '792', '912']
['705', '88', '606']
['460']
['571', '953', '815']
['808', '39', '122', '204', '227']
['563', '891', '536']
['47', '907', '713', '6']
['94', '669']
['573', '612', '268', '971', '918', '64']
['313', '280', '915', '592', '231']
['844', '465', '404', '810', '181']
['909', '790', '549', '633']
['841', '957']
['920', '876', '199', '903', '520']
['874', '84', '846']
['386', '945', '117']
['580', '226', '770', '26']
['321', '103']
['76', '391', '889']
['598', '823', '519', '996']
['793', '232', '279', '37']
['339', '216']
['365', '274', '997', '25']
['90', '626', '405', '471', '69']
['155', '434', '947']
['756', '168', '135']
['701', '36', '681']
['10', '725', '258']
['33', '774', '83', '726', '341']
['59']
['277']
['366']
['851', '976', '485', '747', '849', '659', '652']
['494', '355', '523', '832']
['833', '740', '522', '588', '50']
['296', '778']
['1', '477']
['442']
['46', '855', '636', '126']
['931']
['813', '766', '943', '412', '133', '56', '337']
['788', '980', '377']
['721', '456', '379']
['495', '554']
['420']
['400', '303', '508']
['617', '856', '149', '990']
['991']
['255', '555', '883', '358', '408']
['79']
['267', '315', '532']
['694', '632', '706', '443']
['40', '387']
['763', '340']
['403', '892']
['100', '453', '934']
['206', '677']
['104']
['367', '574', '625']
['730']
['350', '796', '515']
['870', '345']
['877', '92', '662']
['407', '586', '370']
['335', '735', '553', '772']
['817', '564', '521', '221']
['325', '352']
['780']
['470', '294']
['596']
['230', '863', '95']
['653']
['960', '184']
['840', '217', '179', '650']
['623', '424']
['670']
['431', '224']
['369', '209']
['444', '590', '286', '518', '334', '454', '430']
['719']
['565', '136', '409']
['894', '260']
['388', '170']
['949', '467', '478', '517']
['172', '627', '930', '541', '882', '895']
['448']
['18', '707']
['351', '428', '744']
['250', '202', '985']
['631', '153', '958']
['145', '418', '229', '656']
['19', '603', '615', '842', '952']
['196', '307']
['383']
['158', '299', '512']
['829']
['58', '500', '131', '638']
['98', '397', '928', '438', '342', '174']
['72', '251', '534']
['848', '538', '542', '451']
['292', '390', '284', '487', '560']
['556', '639']
['55', '173']
['776']
['921', '233', '591', '281', '539', '314', '795', '750', '727']
['406']
['777', '537', '175', '375', '457']
['178', '401']
['898', '570', '584', '850', '871']
['148', '474', '275']
['678', '344', '492']
['528', '198', '561', '751']
['461', '904']
['482', '666']
['858', '165']
['396']
['189', '621', '417', '127']
['692']
['577', '922', '458']
['300', '616', '572', '583', '667']
['291', '188', '585', '801', '150', '673']
['940']
['752', '392', '602']
['685', '514']
['728', '861', '951', '349', '214', '814', '787', '73']
['748', '546', '182', '628', '668']
['963', '736']
['427', '800']
['762', '223', '166', '868', '121']
['128', '468', '547']
['769', '682', '11', '119']
['737', '665']
['559', '824', '271', '821']
['835', '552']
['293', '311']
['237']
['843']
['193', '820', '301', '830', '916']
['2', '441', '475']
['192', '329', '432', '698', '955']
['257', '973', '643']
['42', '359', '498']
['917', '765']
['941', '205', '649', '310', '594', '754']
['717', '489']
['687', '304', '647', '908']
['282', '402']
['879', '989', '289', '5', '34', '948']
['759', '526']
['109', '600']
['219', '993', '819', '601', '183']
['509', '134', '995']
['13', '61']
['63', '785', '331', '187', '248', '265', '791']
['605', '529', '620', '138']
['597', '611', '197']
['655']
['347']
['866', '503', '497', '97']
['499']
['761', '712', '264']
['160', '646', '550', '4', '318']
['493', '336', '49', '784', '739']
['589', '745']
['614', '213', '977', '234']
['416', '988', '384']
['447']
['822', '116', '974', '986', '490', '732', '929', '20', '235']
['323', '143', '422', '320']
['326', '111']
['660', '161']
['809', '440', '240']
['579', '43']
['635', '68']
['992', '276']
['715']
['505', '910', '618']
['7', '278', '914']
['987', '704', '644', '242']
['30', '906']
['450', '869', '266', '691']
['333', '794', '899']
['828', '569', '452', '207']
['373', '901', '749']
['506', '760', '887', '54', '502', '51']
['77']
['888', '157']
['393']
['142', '798', '768', '664', '411', '45', '201']
['693', '376', '110']
['139']
['919', '35']
['557', '195']
['99', '548']
['476', '8']
['243']
['102']
['16', '65', '890', '114', '162']
['74', '956']
['551', '491']
['825']
['807', '154', '433']
['755', '435']
['328', '319', '53']
['771']
['676']
['75', '429', '132']
['927', '686']
['595', '48', '530', '516', '783']
['115', '395', '338', '473']
['371', '249']
['360', '356', '445', '634']
['938']
['913', '125', '70']
['190', '619']
['865', '137', '283', '742', '981', '975']
['261', '215']
['734']
['316']
['680', '886', '896']
['22', '775']
['545', '324', '247', '816']
['481', '259', '837', '897']
['852', '273']
['982', '449', '41', '729', '939']
['970']
['881', '364']
['459', '120', '9']
['797', '826', '156', '978']
['708', '873', '44']
['510']
['437']
['151', '864']
['700', '211', '937']
['413', '306', '253']
['425', '256', '185']
['330', '113', '954', '93', '779', '28', '236']
['472', '123']
['246', '322', '346', '805']
['722', '439']
['220', '979', '118', '27']
['697', '62', '567', '87', '176']
['984', '24', '159']
['675', '421', '967', '332']
['96', '91', '900']
['263', '210', '743']
['212', '575', '535', '935']
['645', '67', '637', '309']
['827']
['578', '757']
['806', '415']
['469', '38', '527', '312']
['225']
['180', '746', '859', '672', '52', '804']
['368', '272']
['141', '374', '85', '385']
['378']
['599', '695', '501', '880']
['702', '884', '562', '972', '847']
['543', '362', '610', '862']
['608', '194']
['733']
['654', '66', '540']
['582', '163', '767']
['398', '651', '31', '78']
['167']
['511']
['486', '146']
['177', '191']
['946', '86', '414', '836', '382', '663']
['297', '641', '348']
['108', '269', '60', '327', '287', '462']
['423', '222', '642']
['254', '926', '228']
['885']
['15', '923', '23']
['703', '893', '285', '962', '343']
['936', '200', '82', '14', '3', '568', '613']
['714', '593', '436', '57', '689']
['964', '566', '640']
['533', '854', '218']
['361', '252']
['834', '124', '758', '709']
['782', '838', '21', '463', '164', '107']
['587', '738']
['80', '171', '679', '507', '504', '781', '831']
['363', '106', '773', '203']
['262', '853', '483', '671']
['724', '994', '911', '860']
['496', '394', '658', '105', '480']
['802', '29', '648', '129']
['624', '674']
['357']
['688', '426', '410', '71', '208', '12']
['479', '513', '786', '130']
['925', '372', '245', '716']
['966', '524', '902', '969', '839', '622', '630', '353', '857']
['419']
['0', '718', '290']
['241', '446', '959', '723', '942']
['244', '872']
['933', '112', '484', '720']
['270']
['381', '789', '89']
['905', '302', '488', '961', '764']
['741', '466']
['845', '288', '950', '380']
['144']
['711', '525', '305', '544', '455']
['609']
['581']
['295', '684']
['17', '531']
['464', '968', '604', '186']
['799', '965']
['140']
['924', '661', '818', '238']
['399', '731', '753']
['607', '239']
['812', '32']
['944', '317']
['558', '932', '875', '354']
['690', '576']
['657']
['152', '308']
['81', '878']
['811', '147']
['696', '169']
['983', '389', '683', '101']
['699', '867']
['803']
['710']
