['530']
['207']
['244']
['212', '228', '16', '289']
['137', '3', '512', '206', '219', '255', '260', '53', '300', '121', '40', '208', '196', '108']
['489', '141', '459', '568', '346']
['412']
['516']
['327']
['109', '127', '451', '559', '556', '23', '216', '463', '546']
['249', '254', '203', '495', '468']
['577']
['179']
['414']
['186']
['471']
['479']
['281']
['464']
['106', '388']
['28']
['492']
['523', '566', '73', '231', '297']
['265']
['166', '82', '116', '394', '360', '310', '343']
['100']
['302', '248', '354', '112', '435', '19', '262', '66', '570']
['77', '221', '515']
['407']
['351']
['30']
['39']
['482']
['5', '13', '25', '48', '232', '366', '306', '35']
['449']
['401']
['545', '170', '173', '253']
['305']
['33', '272', '434', '117', '480', '29', '438', '554', '529', '189', '588', '158', '543', '250', '122', '274', '67']
['182']
['14']
['565', '111', '421', '223', '8', '211', '465', '514']
['86']
['368', '246']
['238', '575', '409', '266', '114']
['564']
['124', '288', '593', '321', '135', '439', '504', '531', '128', '304']
['45', '230', '423', '204', '273', '151', '101', '185', '390', '226', '365', '136', '129', '74']
['278', '150', '286']
['1', '499', '490', '118', '99', '342', '443', '283', '162', '313', '177', '433']
['323', '436', '589', '34', '71', '424', '389', '392', '320']
['377', '496', '549', '400', '582', '453', '12']
['425', '268', '466', '11']
['357']
['370']
['195', '54', '375']
['81']
['31']
['51', '294', '491', '532', '209']
['134']
['198', '145', '80', '333', '32']
['169', '322', '90', '188', '452', '534', '309']
['381', '191', '146', '200', '378', '9', '569', '337', '461', '498']
['52']
['261', '148', '27']
['540', '270', '594', '133', '257', '330', '26', '405', '142', '91', '152', '119']
['120', '367', '340', '160', '356', '513']
['484', '380', '481']
['437', '406', '79', '307', '46']
['324', '524']
['161', '62', '72', '359', '298', '314', '315', '542']
['519']
['396']
['159']
['413', '6', '387']
['476']
['563', '252', '587', '431', '585', '69']
['369', '293', '539', '500', '571', '598']
['174']
['192']
['447', '522', '240', '373', '85', '63', '521', '528', '229']
['103', '488']
['58', '64', '347', '371']
['574']
['259']
['472']
['239']
['10']
['441']
['41', '235']
['557']
['470', '580']
['7']
['97', '171', '416', '0', '454']
['113', '395', '55']
['558', '363']
['527', '311', '96', '541']
['42', '415', '586', '49', '581', '458', '362', '399', '361']
['217', '592', '379', '190', '93', '573', '599', '374', '199', '341']
['167']
['163', '43']
['352']
['339', '376', '548', '187', '269', '456']
['139', '525', '535', '338', '325']
['115']
['140']
['428', '276', '149', '506', '317', '243', '432', '402', '510', '312', '197', '503']
['572', '467', '84', '175', '143', '455', '218', '364', '579', '78', '107', '184', '316', '595', '419']
['89']
['584']
['345']
['95', '533']
['299', '284', '256']
['247']
['591', '384']
['303']
['75', '292', '448', '222']
['444']
['486', '427', '457', '478', '469']
['446']
['61', '242']
['172']
['215', '194', '60', '583', '517', '508', '296', '537', '279']
['430']
['201', '494']
['210']
['178', '332']
['164', '50']
['426']
['295', '123', '410']
['138', '567', '348', '104', '505']
['411']
['224']
['17']
['442']
['98', '87', '344', '290', '561', '509', '20', '445', '319']
['291']
['518', '487']
['56', '220']
['553', '154']
['393']
['68']
['450']
['493']
['147']
['520', '477', '227', '287', '258']
['130']
['391']
['398']
['181']
['497', '349']
['475']
['474']
['37']
['550', '285', '329', '156', '131', '47']
['22', '15', '485', '57', '225']
['483']
['44', '420', '193', '176']
['83']
['547']
['308', '328', '404']
['538']
['202']
['245', '386']
['318', '168']
['24', '536', '4', '155', '334', '213', '422', '282']
['331']
['473', '275', '18']
['526']
['336', '237', '383', '183', '236', '335', '385']
['350', '94']
['92']
['110', '501', '417', '102', '460', '326', '562', '511']
['233']
['301', '429', '271', '372', '596', '21', '251']
['590']
['125']
['551', '180', '36']
['205']
['105']
['144']
['88', '264', '382', '65', '403']
['597']
['397', '578', '234']
['157']
['544']
['153']
['408']
['277']
['418']
['38']
['552']
['353']
['70', '358']
['59']
['2']
['267', '576', '241', '263']
['440']
['502', '76']
['355', '462', '165', '126', '280', '560', '132', '555', '507', '214']
