['85', '13', '483', '893', '448', '496', '755', '114', '488']
['228', '493', '234', '970', '968', '537']
['330', '598', '463', '677', '71']
['657', '253', '772']
['142', '308', '195']
['856']
['655', '711', '685', '861', '854', '445', '360', '935', '160']
['536', '648', '389', '838', '977']
['703', '640', '274']
['52', '959', '944', '991', '956', '342', '88']
['642', '49', '769', '317', '492', '984', '884']
['209', '670', '117', '65', '607', '126', '41']
['137']
['197', '504', '773', '880', '539', '145']
['656', '649', '20', '523']
['591', '322', '156', '786']
['254', '289']
['136', '502', '440', '625']
['80', '91', '226', '236']
['442', '641', '183', '127', '250', '194', '35', '319']
['461', '588', '316', '38', '2']
['102', '756', '216', '868', '465', '272', '975', '936', '357', '185', '638']
['157', '776', '303', '431', '69']
['789', '904', '299', '942', '907', '759', '546', '56']
['503', '795']
['44', '922', '780', '627', '808', '595']
['74', '715', '478']
['362', '814', '251']
['897', '337', '929', '584', '575', '131', '280']
['415', '713', '377', '432']
['728', '684', '806', '577', '611', '802', '356', '842', '930']
['169', '59', '305', '256']
['969', '997', '812', '412']
['224', '340', '844', '205', '623', '693', '519', '532', '350', '481', '413']
['95']
['775', '742', '622', '129', '141']
['873', '665']
['674', '211', '872', '158', '637', '203']
['691', '905', '787']
['404', '920', '365']
['456', '933', '579']
['513', '823', '75']
['458']
['630', '153', '518', '913', '67']
['542', '596', '986']
['626', '210', '235']
['450']
['446', '39']
['9', '225', '277', '451']
['191', '22', '669', '99', '694']
['590', '559']
['610']
['229', '159', '835']
['582', '680', '416', '201', '550', '509', '934', '258']
['325', '326', '467']
['171', '12', '816']
['879', '895', '774', '744', '453', '813', '799']
['741']
['125', '612', '409', '843', '867']
['393', '92', '653']
['701', '735', '690', '777', '381', '5']
['130', '192', '162', '892', '860', '6', '853', '961']
['138', '221', '863', '815', '420', '990', '947', '937']
['515', '673', '932', '70', '745', '987', '757', '485']
['667', '890', '26', '602', '925', '949', '33', '881', '996']
['433', '852', '181', '269', '230', '307', '367']
['865', '501', '547', '689', '740', '260', '375', '101']
['170']
['889', '489', '976', '200']
['849', '551', '263']
['558', '468', '386', '304']
['857', '327', '758', '573', '164', '811']
['618']
['615']
['931', '717', '517']
['396', '105', '593', '918', '370', '647', '980']
['524', '279', '988', '262']
['718', '276', '314', '866', '645', '762', '754', '346']
['891', '859', '495']
['421', '620']
['354', '63', '761', '100', '888', '395', '257', '924', '784']
['553', '293', '871', '414', '364', '178', '109']
['910', '864', '54']
['826', '247', '96', '173', '259', '818', '480', '292', '526']
['238', '53', '917', '45', '240', '405', '733']
['352', '398', '516', '161', '534', '541', '846', '397']
['747', '766', '731', '321']
['568', '540', '248', '245', '149']
['521', '366', '663', '108', '548', '152', '967', '81', '820', '710', '213']
['580', '817', '800', '284', '369']
['266', '804', '803']
['139', '833', '472', '371']
['50', '64', '946', '429']
['273', '294', '702', '452', '128', '372']
['400', '829', '252', '23', '878', '193', '736', '494', '443', '662', '438', '199', '177']
['714', '42', '560', '511']
['283', '652', '37', '940', '61']
['801', '779', '473', '471', '476', '603', '470']
['809', '301', '608', '821', '681', '870', '206', '144']
['11', '678', '746', '315', '66', '963', '306', '455']
['215', '186', '527', '459', '298', '926']
['919', '435', '983', '464', '328', '339', '828', '520', '921']
['58', '830', '722']
['220', '887', '911', '204', '19']
['683', '182', '876', '583']
['985', '796', '636', '555']
['908', '916', '361', '738', '32', '531']
['651', '349', '750']
['810', '760', '646', '189']
['894', '514', '721', '562', '311', '549']
['788', '239', '89', '594', '704', '807']
['300', '98', '716', '73']
['941', '25', '47', '333']
['850', '212', '242', '363', '394']
['995', '791', '133']
['589', '487', '134', '877']
['434', '391', '512', '491', '635']
['264', '93']
['686', '734', '886', '552', '475']
['660', '732', '567', '486', '885', '62']
['267', '78']
['477', '208', '331']
['82', '948', '237', '318', '960']
['16', '243', '151', '358', '783', '86']
['771', '353']
['898']
['122', '426', '462', '708']
['57', '858', '903', '430', '291', '764', '437', '666', '287', '417']
['94', '341', '111', '351']
['696', '179']
['752', '17', '557', '848', '964']
['1', '945', '249', '392', '792']
['175', '748', '508', '585', '631', '836', '233', '140', '597']
['699', '77', '695']
['385', '402', '793', '106']
['232', '765', '355', '720', '574', '909', '834', '824']
['869', '723', '705', '668']
['614', '999', '538']
['706', '819', '794', '7']
['278', '241', '198', '724', '246', '347']
['753', '312', '572', '484', '275', '436']
['302', '899', '423', '737', '271', '150']
['882', '490', '499', '120', '900', '167', '387', '957']
['165', '374', '629', '324', '388', '700', '79', '566', '927']
['132', '544', '692', '168']
['466', '687', '841', '270', '227', '604', '21']
['971', '727', '606', '107']
['180', '658', '982']
['313', '29', '163', '119', '390', '118']
['196', '383', '83', '749']
['709', '998', '902', '972']
['632', '654']
['454', '28', '207']
['8', '837', '906', '399', '978', '543', '697', '617', '290', '726']
['831', '335', '576']
['875']
['506', '460', '309', '288', '958']
['48', '507', '172', '556', '3', '310', '147', '952']
['148', '634', '103', '554', '782', '712', '479', '40']
['219', '633', '682', '281', '457']
['979', '345', '359', '223']
['939', '104', '87']
['601', '797', '282', '24', '981', '923', '672']
['76', '605', '329', '498', '767']
['427', '474', '424']
['406', '444', '428', '469', '839', '914', '639', '613', '449']
['425', '827']
['798', '862', '528', '285', '115', '441', '188', '928', '222']
['621', '348', '644', '268', '966', '344', '155', '124']
['525', '190', '847', '84', '143']
['563', '110', '533', '261', '822']
['973', '743', '901', '698', '500']
['571', '768']
['570', '564']
['410', '295', '561']
['578']
['0', '10', '384', '244', '51', '592', '989', '992', '943', '407']
['255', '725', '497', '650', '214', '587', '624']
['43', '27', '609', '116', '121', '729']
['447', '408', '31', '950', '781', '265', '510', '505', '403', '338']
['418', '805', '68', '840', '778', '378', '373']
['938', '202', '46', '790', '679', '14', '419', '97', '522', '763', '529']
['965', '482', '688', '974', '296', '320']
['411', '286', '176', '297', '382', '422']
['915', '600']
['565', '962', '643']
['586', '676', '174', '368']
['832', '379', '55', '951', '994', '332', '896']
['616', '135', '545', '184', '36', '659']
['874', '336', '599', '993', '954', '146']
['18', '883', '123', '739', '334', '851']
['535', '671', '343', '953', '439', '113', '707', '231', '661']
['72', '217', '955']
['218', '380', '154', '719', '730', '34', '912', '4']
['30', '619']
['785', '628', '751', '675', '664', '569', '376']
['166', '112', '187', '15', '845', '825', '770', '530']
['90', '60', '401']
['581', '323']
['855']
