['328', '286', '126', '20']
['110', '301', '275', '483', '441', '249']
['60', '498', '355', '379', '42']
['28', '49', '212', '203', '357']
['10', '415', '362', '85', '223', '208']
['485', '256', '228', '48', '217', '402']
['158', '413', '106', '238', '345', '474']
['55', '241', '425', '384', '36']
['473', '9', '163', '288', '207']
['403', '277', '343', '180', '194']
['125', '476', '401', '191', '338', '37']
['139', '225', '219', '118', '93']
['302', '44', '279', '246', '326', '130']
['19', '276', '53', '460', '230']
['262', '404', '236', '307', '237']
['95', '374', '336', '440', '220']
['472', '80', '424', '147', '395', '294']
['156', '178', '453', '166', '295']
['58', '408', '22', '305', '450']
['62', '480', '429', '92', '7']
['134', '321', '221', '309']
['242', '371', '310']
['320', '61', '370', '121', '157']
['3', '366', '26', '422', '282', '298']
['245', '340', '322', '353', '109', '373']
['299', '97', '414', '400', '40', '66']
['470', '159', '398', '251', '434', '439']
['18', '16', '103', '428', '350', '315']
['75', '120', '164', '122', '205']
['105', '266', '291', '387', '192', '82']
['349', '297', '177', '442', '64']
['11', '27', '496', '94', '145', '135']
['86', '475', '269', '232']
['215', '390', '287', '67']
['89', '155', '333', '128', '65', '229']
['359', '254', '368', '293', '367', '263']
['351', '79', '129', '179']
['132', '311', '419', '72', '484', '493']
['334', '143']
['316', '213', '431', '323', '243', '183']
['464', '231', '239', '436', '381', '201']
['361', '482', '317', '222', '107', '102']
['174', '74', '393']
['446', '312', '117', '116', '25']
['377', '306']
['240', '382', '119', '364']
['271', '0', '136', '30', '383']
['216', '354', '127', '327']
['115', '438', '319', '23', '184', '151']
['284', '253', '17', '258', '396', '405']
['385', '494', '202', '437', '443', '210']
['170', '421', '430', '409']
['169', '365', '6', '462', '4']
['490', '270', '348']
['389', '24', '196', '214', '91', '397']
['190', '76', '456', '33']
['160', '182', '488', '272', '454', '47']
['168', '281', '1', '335', '369']
['411', '388', '303']
['463', '344', '392', '52', '376']
['112', '296', '63', '332']
['187', '154', '148', '372', '467']
['257', '224', '123']
['114', '71', '193', '339', '356', '300']
['195', '394', '461', '427', '161']
['264', '380', '199']
['358', '244', '45', '391', '188']
['162', '252', '234', '54', '466', '308']
['341', '329', '452', '176', '144', '273']
['448', '278', '198', '313', '418']
['449', '83', '352', '423']
['292', '386', '314', '478', '186']
['149', '268', '206', '457']
['458', '101', '304', '261']
['204', '21', '489']
['138', '34', '481', '35', '140', '325']
['486', '96', '68', '346', '471']
['12', '31', '69', '479', '468', '433']
['87', '274', '197', '447', '235']
['218', '331', '124', '51', '15', '399']
['14', '469', '324', '189', '108', '39']
['378', '77', '375', '477', '265']
['70', '432', '59', '165', '173', '73']
['491', '255', '497', '416', '451', '487']
['455', '289', '141', '280', '146', '153']
['5', '88', '113', '267', '499', '363']
['2', '233', '150']
['227', '260', '410', '8']
['111', '171', '100', '290', '98', '175']
['137', '131', '29', '342', '420']
['407', '90', '200', '133', '226']
['465', '406', '99', '459', '247', '318']
['185', '142', '330']
['46', '444', '495', '13']
['412', '84', '56', '250', '445']
['41', '32', '426', '104', '435', '167']
['172', '259', '283', '43', '360']
['78', '57', '209', '492', '347', '248']
['337', '211', '81', '181']
['417', '38', '50', '152', '285']
