['306']
['399']
['793']
['734']
['180']
['576', '724']
['656', '553']
['498', '523', '661', '546']
['382']
['450', '682', '519', '267', '794', '602']
['222']
['787']
['721']
['45', '113']
['594']
['478']
['327']
['232', '261']
['207', '170', '311', '209', '259', '120', '247', '759', '395']
['240', '737']
['499', '492', '279', '135', '745', '424', '398', '338', '539', '136']
['70', '543']
['554']
['464']
['599']
['489']
['616', '2', '266', '189', '788', '54', '494', '96', '536']
['773']
['436', '90']
['169', '235']
['330', '582', '258', '746', '19', '412', '804', '583', '392', '314']
['641', '354']
['254']
['555']
['154']
['470']
['24']
['211']
['168', '0', '454', '356', '752', '698', '644', '186', '292']
['577', '497', '73', '556', '181', '606', '6', '183', '578', '547']
['376']
['768']
['706']
['119', '453', '590', '253', '443', '344', '355', '89', '660']
['506']
['591', '401', '201', '509', '111', '841', '460', '133', '697', '681']
['808']
['821']
['614', '122']
['598']
['340']
['106']
['475']
['95']
['249', '608', '82', '411', '545', '758', '203', '268', '328', '684']
['755']
['699', '840', '772', '677', '718']
['282']
['252']
['609']
['317', '581', '615', '115', '570', '680', '48', '236', '374', '437']
['390']
['797']
['779', '150', '15']
['472']
['4', '678', '549', '500', '298', '233', '463', '749', '762']
['94']
['796', '640', '469', '16', '223', '171', '732']
['21']
['574', '204', '10']
['476']
['702', '358']
['28', '177', '627', '790', '572', '102', '584', '250', '29', '780']
['231', '228', '139', '809', '166', '604', '179']
['667']
['532']
['427']
['280', '744', '612', '324', '803', '17', '264', '653', '501', '23']
['60']
['360', '648']
['522']
['524']
['255', '541', '632', '731', '123', '104', '596', '471', '20', '302']
['116', '603', '215']
['750', '765', '735']
['419']
['451', '337', '798', '717', '44', '676', '442', '819', '288', '700']
['672', '791', '642', '214', '357', '490', '304', '234']
['515']
['550', '783', '763', '213', '366', '557', '729', '580']
['173']
['379', '294', '386', '107']
['708', '429', '210', '87', '776', '69', '278', '11', '704']
['196']
['400']
['155']
['430']
['830', '51', '65']
['285']
['341']
['484']
['361']
['414', '378', '286', '811', '727', '566']
['260', '403', '690']
['730']
['529', '383', '527', '630', '371', '151']
['244']
['820', '176', '5', '607', '432', '316', '573', '307', '795', '528']
['246']
['679']
['146', '784', '665', '117', '348', '178', '807', '347', '817', '326']
['812']
['621', '823', '112', '25']
['548']
['449']
['31']
['542']
['645', '153']
['646', '86', '654', '652', '103', '634', '269', '521', '197', '770']
['32']
['748', '12', '689']
['649', '37']
['245']
['224', '560', '673', '526']
['1', '538', '351']
['303', '76', '218', '480']
['216']
['313']
['836', '485', '138', '42', '777', '482', '696']
['568', '636', '537', '332', '662', '335', '446', '34', '843', '305']
['336']
['629', '300', '388', '188', '805', '433', '610', '43', '114', '145']
['467']
['415', '456', '365', '220', '67', '100', '688', '504', '589', '558']
['271']
['283', '126', '818', '265']
['121', '83', '296', '834', '531', '389', '331', '144', '493', '458']
['349']
['284']
['613']
['160']
['291']
['394']
['827', '459']
['520']
['722']
['202', '84', '837', '334', '39', '800']
['195']
['844']
['377', '564', '18', '786']
['131']
['751', '372']
['434', '455', '52', '832', '593', '53', '397', '75', '713', '152']
['79', '643', '505']
['495']
['822']
['191']
['483']
['38', '130', '174', '741', '835', '438', '562', '474', '219']
['747']
['385']
['813', '164']
['507', '611', '81', '709', '85', '242']
['22']
['301', '623', '325']
['670', '63', '825', '658', '714', '49', '559', '27', '329', '457']
['162', '353', '799', '767', '760']
['9', '781']
['105']
['263']
['628']
['225']
['544']
['182']
['241']
['237']
['61', '601', '13', '410']
['343']
['685', '579']
['262']
['287', '710', '622', '159', '36', '345']
['190']
['651']
['417']
['26', '462', '8', '742', '370', '716', '118', '59', '647', '828']
['205']
['143', '418', '71', '41', '295', '674', '516', '585', '323', '669']
['600', '496', '487', '675', '318', '712', '625', '782', '221', '525']
['839', '55', '774']
['322', '274', '461', '239', '229', '281']
['346', '540', '530', '801', '373', '408']
['571', '64', '510']
['364', '421', '586', '275', '423', '563', '362', '200', '664', '534']
['375', '33']
['420']
['444']
['491']
['663']
['769']
['626', '754', '838', '503', '350', '393', '757', '738', '156']
['163', '132', '387', '402', '206', '452']
['815']
['320']
['824', '199', '488', '99']
['149']
['605']
['40', '802', '158', '711', '671', '50', '194', '440', '157', '175']
['728']
['238', '270', '683', '810', '80', '477', '416', '297', '655', '290']
['435']
['635']
['447', '422', '707', '517', '127', '124']
['212']
['184', '771', '588', '404', '110', '766', '842', '368', '128', '618']
['248']
['473', '816', '693', '479', '47', '187', '595', '715', '465', '826']
['552', '725', '312', '413', '88', '431', '308', '227', '391', '425']
['561']
['831', '513']
['466']
['384', '333', '756']
['511', '686']
['226']
['468']
['575']
['638']
['587']
['695']
['62']
['352', '743', '733', '720', '533', '273', '93']
['785', '310', '486', '108', '272', '814', '396', '740', '66', '694']
['719', '789', '315', '829', '633']
['701', '14', '806', '778', '230', '91', '668', '367', '217']
['74', '147']
['405']
['753', '257', '518', '7', '448', '631', '426', '137', '46']
['512', '172', '277', '165', '167', '369', '319', '363', '637']
['140', '101']
['276', '92', '508', '78', '56']
['359']
['68']
['481']
['569', '3', '30', '192', '703', '58', '381', '445', '428', '125']
['691']
['142', '256', '650', '692', '502', '161', '57', '321', '98', '407']
['243', '657', '775', '833', '134', '535', '380']
['620']
['617', '659', '624', '567', '77']
['141', '705', '289', '72', '129', '764', '441', '339', '639']
['109']
['97', '687', '551', '198']
['208', '592', '293', '739', '565', '736', '666', '439', '35', '409']
['597']
['299']
['309']
['723', '619', '251']
['342']
['514', '193', '726', '185', '792', '761', '148', '406']
