['126', '521', '873', '964', '675', '897', '415', '609', '656', '261', '982', '68', '843', '142', '124', '707']
['621', '770', '923', '782', '769', '491', '808', '257', '43', '833', '351', '888', '745', '386', '778', '546', '577', '678', '575', '15', '363', '611', '582', '699', '913', '426', '154', '552', '691', '47', '472', '733', '742', '346', '957', '649']
['54', '300', '900', '99', '767', '474', '148', '343', '567', '75', '746', '613', '410', '817', '8', '891', '428', '383', '638', '689', '780', '265', '797', '669', '384']
['199', '236', '226', '168', '920', '947', '449', '516', '930', '355', '44', '481', '793', '550', '566', '42', '626', '909', '339', '227', '832', '122', '869', '38', '749', '447', '327', '986', '416', '981', '310', '439', '205', '666', '255', '311']
['844', '653', '70', '741', '648', '511']
['652', '458', '662', '489', '196', '771', '298', '9', '944']
['773', '954', '554', '692', '39', '242', '508', '787', '663', '322', '361']
['211', '245', '704', '325', '763', '184', '804', '617', '602', '505', '698', '574', '417', '879', '801', '109', '931', '442', '138', '180', '96', '192', '164', '753', '534', '294', '440', '924', '270', '514', '19', '330', '524', '224', '845', '400']
['734', '36', '262', '253', '865', '819', '161', '630', '858', '762', '531', '155', '72', '569', '120', '0', '457', '87', '902', '17', '495', '80', '856', '878', '768', '176', '256', '390', '422', '684', '231', '887', '680', '243', '419', '979']
['435', '241', '427', '655', '709', '452', '520', '922', '790', '558', '694', '159', '292', '456', '659', '307', '319', '433', '130', '388', '752', '693', '799', '167', '572', '157', '661', '344', '24', '548', '181', '738', '549', '41', '394']
['536', '436', '864', '406', '497', '77', '535', '949', '938', '483', '317', '345', '306', '362', '502', '58', '519', '105', '432', '169', '736', '125', '587', '789', '756', '959', '578', '296', '331', '701', '885', '62', '76', '776', '654', '518']
['976', '102', '530', '978', '682', '316']
['783', '837', '83', '119', '806', '53', '708', '822', '784', '563', '222', '45', '646', '64', '477', '490', '728', '668', '10', '219', '988', '136', '79', '809', '645', '291', '946', '522', '968', '498', '232', '37', '874', '81', '942', '254']
['905', '358', '74', '820', '25', '604', '560', '994', '677', '163', '94', '213', '281', '171', '710', '373', '673', '198', '200', '647', '751', '434', '513', '965', '907', '860', '557', '480', '69', '421', '450', '217', '712', '585', '781', '983']
['581', '324', '918', '425']
['234', '117', '564', '941', '828', '664', '131', '285', '772', '792', '961', '867', '365', '624', '500', '777', '821', '209', '532', '623', '774', '7', '499', '992', '597', '27', '229', '810', '958', '996', '932', '357', '906', '429', '220', '268']
['486', '14', '565', '185', '977', '877', '461', '732', '991', '842', '141', '903', '504', '811', '545', '371', '398', '542', '665', '802', '299', '233', '629', '32', '443', '372', '725', '743', '348', '88', '387', '890', '547', '235', '596', '391']
['928', '34', '460', '901', '146', '970', '12', '529', '600', '271', '667', '543', '525', '703', '953', '304', '340', '496', '750', '174', '935', '576', '841', '280', '1', '378', '318', '266', '999']
['26', '711', '97', '46']
['975', '559', '303', '681', '403', '2', '284', '929', '715', '86', '215', '766', '995', '482', '30', '190', '204', '170', '696', '71', '175', '485', '118', '128', '539', '526', '143', '469', '886', '493', '409', '52', '895', '431', '187', '876']
['18', '571', '541', '641', '592', '218', '295', '407', '73', '702', '607', '670', '297', '794', '441', '625', '193', '475', '476', '208', '263', '84', '134', '464', '764', '612', '392', '866', '463', '658', '917', '605', '899', '302', '989', '337']
['951', '871', '31', '467', '726', '66', '589', '912', '798', '49', '250', '503', '870', '309', '444', '934', '838', '916', '237', '840', '948', '985', '882', '690', '396', '622', '506', '264', '399', '22', '642', '814', '952', '683', '402', '599']
['195', '644', '470', '848', '914', '634', '880', '827', '279', '225', '788', '973', '121', '969', '78', '984', '389', '381', '921', '50', '239', '448', '540', '329', '376', '321', '56', '719', '851', '112', '723', '166', '16', '892', '4', '210']
['283', '487', '462', '100', '95', '313', '267', '484', '459', '825', '573', '510', '601', '259', '757', '60', '507', '189', '207', '179', '40', '950', '430', '61', '632', '966', '588', '478', '127', '637', '48', '356', '312', '108', '334', '962']
['92', '862', '488', '188', '568', '813', '993', '197', '308', '315', '686', '562', '593', '816', '423', '852', '352', '608', '260', '289', '937', '115', '238', '274', '849', '29', '366', '740', '473', '722', '424', '639', '731', '194', '688', '967']
['397', '721', '595', '657', '116', '139', '288', '28', '320', '926', '800', '685', '191', '868', '650', '627', '202', '515', '178', '791', '147', '206', '748', '807', '831', '718', '418', '561', '405', '201', '420', '244', '501', '997', '106', '453']
['927', '158', '323', '333', '672', '616', '249', '272', '803', '252', '59', '706', '129', '446', '145', '594', '35', '301', '140', '240', '854', '846', '335', '186', '216', '765', '754', '341', '183', '367', '336', '395', '82', '110', '445', '687']
['401']
['955', '614', '980', '786', '737', '713', '160', '528', '717', '615', '619', '153', '971', '33', '369', '455', '133', '411', '739', '278', '162', '755', '960', '338', '494', '796', '933', '635', '795', '451', '144', '674', '884', '67', '177', '998']
['151', '779', '893', '824', '628', '834', '512']
['328']
['735']
['382', '93', '815', '408', '248', '533', '839', '230', '135', '21', '414', '910', '104', '347', '113', '695', '730', '872', '349', '697', '350', '898', '987', '857', '805', '290', '438', '359', '940', '156', '203', '676', '374', '111', '591', '919']
['468', '437', '633', '114', '91', '123']
['20', '276', '107', '583', '523', '305', '150', '908', '939', '63']
['859', '705', '98', '584', '287', '471', '412', '835', '282', '974', '173', '354', '610', '911', '149', '57', '221', '651', '364', '598', '517', '861', '829', '275', '847', '855', '724', '785', '172', '103', '775', '258', '375', '579', '631', '883']
['89', '720', '413', '101', '137', '286', '925', '360', '269', '936', '636', '904', '727', '590', '679', '465', '760', '826', '247', '729', '537', '152', '671', '586', '640', '570', '863', '342', '393', '165', '385', '830', '509', '823', '620', '5']
['889', '972', '379', '51', '643', '132', '915', '454', '85', '943', '747', '13', '818', '759', '875', '618', '90', '314', '212', '758', '55', '580', '963', '404', '492', '551', '370', '853', '894', '3', '603', '368', '277', '744', '896', '228']
['881']
['182', '660', '353', '11', '466', '65', '850', '23', '812', '479', '761', '251', '332', '538', '606', '714', '6', '223', '246', '556', '553', '293', '326', '945', '700', '990', '555', '544', '836', '716', '377', '214', '956', '380', '527', '273']
