['94', '285', '24', '188', '203', '494', '55', '197', '367', '354', '262', '249', '467']
['320', '269', '92', '207', '172', '315', '439', '31', '268', '326', '492', '391', '386', '44', '247', '15', '317', '215', '139', '136', '173', '67', '111', '46', '477', '47', '258', '134', '290']
['229', '204', '421', '149', '453', '62', '38', '311', '418', '435', '377']
['56', '153', '97', '442', '351', '180', '363', '218', '42', '259', '9', '334', '261']
['21', '105', '235', '483', '446', '93', '472', '54', '114', '388', '39']
['73', '314', '158', '449', '107', '495', '374', '488', '155', '166', '28', '484', '416', '462', '80', '335', '2', '228', '108', '32', '163', '337', '225', '395', '431']
['383', '195', '271', '165', '110', '254', '471', '244']
['86', '177', '25', '191', '217', '373', '145', '330', '318', '34', '474']
['33', '121', '403', '49', '480', '152', '460', '450', '353', '81', '192', '232', '122']
['397', '3', '222', '402', '366', '260', '372', '463', '214']
['43', '305', '243', '415', '273', '78']
['71', '193', '469', '398', '470', '425', '245', '124', '422', '125', '82', '233', '361', '328', '223', '162']
['60', '185', '22', '343', '248', '379', '57', '100', '340', '399', '432', '20', '352', '102', '143', '75', '113']
['441', '304', '400', '396', '347', '144', '147', '36', '128', '358', '131', '292', '426', '0', '35', '200', '84', '227', '14', '339', '198', '146', '461', '272', '91', '434', '58', '287', '393', '440', '12', '51', '306', '209', '238', '270', '265']
['250', '394', '350', '380', '132', '4', '302', '322', '445', '52', '443', '264', '156', '414', '183', '253', '448', '489', '390', '407', '126', '279', '66', '237', '478']
['277', '17', '112', '267', '331', '408', '142', '205', '83', '417', '412', '194', '11', '368', '313']
['481', '220', '187', '455', '213', '69', '324', '323', '325', '496', '295', '167', '151', '116']
['473', '89', '230', '456', '184', '64', '375', '378', '365']
['53', '338', '231', '65', '90', '8', '76', '487', '349', '359', '29', '68', '127', '482', '59', '85', '294', '266', '356', '199', '458', '437', '284', '196', '72', '23', '119', '430', '18', '181', '364', '410']
['45', '88', '216', '485', '447', '208', '219', '175', '404', '48']
['308', '74', '319']
['135', '178', '161', '282', '251', '371', '392', '278', '50', '312', '283', '206', '307', '499', '493', '101', '411', '70', '141', '459', '276', '452', '129', '401', '341', '13', '19', '490', '221', '419', '169', '241', '457', '130', '355', '332', '413', '329', '301', '316', '293', '150', '444', '299', '479', '168', '281', '465', '96', '409', '321', '466', '303', '286', '190', '174', '133']
['300', '385', '210', '224', '362']
['1', '369', '475', '310', '454', '157', '257', '357', '5']
['497', '10', '115', '171', '376', '160', '275', '433']
['389', '99', '98', '246', '95', '138', '428', '420', '256', '27', '189', '16', '202']
['298', '345', '382', '120', '476', '103', '40', '360', '296', '164']
['309', '342', '104', '289', '212', '333']
['381', '140', '41', '464', '176', '242', '118', '170', '424', '87', '429', '348', '405']
['498', '148', '182', '255', '26', '234', '61', '226', '186', '240', '384', '263', '109', '344', '486', '30', '63', '370', '159', '451', '406', '79', '154', '297', '427', '327', '387', '137', '106', '438', '280', '346', '436', '236', '211', '423', '491', '123', '468', '288', '239', '117']
['291', '7', '274', '252', '336', '201', '77', '37', '6', '179']
