['42', '44', '45', '82', '95', '184', '206', '207', '208', '209', '211', '212', '215', '216', '217', '218', '221', '266', '287', '331', '368', '370', '376', '383', '396', '408', '431', '444', '446', '453']
['463', '464', '465']
['49', '119', '148', '160', '173', '189', '213', '214', '219', '220', '222', '262', '265', '276', '278', '280', '285', '291', '300', '345', '387', '389', '390', '393', '402', '410', '413', '425', '437', '450']
['15', '16', '17', '20', '21', '22', '23', '24', '25', '34', '51', '100', '141', '142', '163', '183', '185', '190', '230', '238', '241', '321', '327', '334', '391', '400', '405', '422', '435', '451']
['7', '32', '53', '61', '68', '86', '89', '130', '137', '152', '153', '157', '182', '205', '210', '242', '243', '275', '310', '316', '344', '361', '401', '403', '414', '416', '439', '449', '452', '455']
['87', '126', '135', '139', '143', '161', '175', '176', '179', '187', '188', '194', '195', '197', '199', '201', '204', '257', '267', '274', '349', '350', '353', '360', '386', '388', '438', '440', '456', '457']
['29', '93', '105', '155', '186', '277', '283', '289', '290', '356', '359', '364', '460', '471', '480']
['0', '4', '6', '8', '9', '10', '12', '13', '31', '41', '55', '56', '102', '151', '154', '172', '192', '196', '239', '351', '357', '365', '378', '382', '395', '397', '412', '429', '432', '436']
['3', '5', '52', '69', '71', '72', '74', '75', '76', '83', '168', '253', '261', '284', '286', '288', '298', '308', '314', '318', '324', '335', '354', '371', '380', '394', '441', '442', '454', '458']
['57', '487']
['28', '36', '37', '92', '94', '96', '98', '99', '104', '106', '136', '138', '147', '165', '170', '171', '245', '250', '254', '263', '319', '325', '367', '381', '404', '418', '420', '443', '448', '459']
['26', '30', '33', '50', '59', '97', '107', '110', '112', '114', '116', '118', '144', '174', '177', '236', '268', '328', '332', '337', '338', '340', '342', '347', '358', '385', '407', '415', '447', '467']
['355', '469', '485']
['108', '122', '123', '124', '127', '128', '132', '134', '336', '473', '492', '498']
['14', '19', '60', '101', '149', '226', '309', '313', '366', '369', '470', '478', '494']
['1', '27', '46', '54', '73', '81', '85', '91', '120', '129', '159', '178', '180', '233', '260', '270', '272', '281', '330', '339', '341', '343', '346', '399', '406', '411', '424', '427', '430', '434']
['35', '40', '48', '66', '191', '193', '200', '203', '255', '256', '282', '292', '293', '294', '295', '296', '299', '301', '302', '303', '304', '305', '306', '307', '384', '409', '426', '428', '433', '445']
['58', '62', '64', '65', '111', '117', '133', '158', '166', '169', '181', '227', '232', '311', '312', '315', '317', '320', '322', '323', '372', '373', '374', '375', '377', '379', '398', '417', '421', '423']
['63', '103', '125', '297', '326', '476', '489']
['499']
['273', '474', '484']
['2', '84', '88', '156', '167', '223', '224', '225', '228', '229', '231', '234', '235', '240', '244', '246', '248', '249', '251', '252', '271', '333', '348', '352', '362', '363', '392', '419', '481', '491']
['486', '496']
['11', '18', '67', '70', '78', '79', '80', '109', '113', '115', '121', '146', '150', '164', '198', '237', '329', '466', '468', '483', '488']
['38', '39', '43', '47', '77', '90', '131', '140', '145', '162', '202', '247', '258', '259', '264', '269', '279', '461', '462', '472', '475', '477', '479', '482', '490', '493', '495', '497']
