['6', '18', '92', '180', '285', '288', '299', '377']
['309']
['37']
['386']
['97', '120', '127', '137', '146', '153', '170', '296', '375', '393']
['360']
['394']
['181', '380']
['44']
['156']
['2', '119', '303']
['35', '69', '79', '176', '185', '211', '215', '232', '390']
['358']
['349']
['12', '21', '61', '178', '306']
['23', '40', '55', '85', '86', '91', '254', '332']
['7', '171']
['260', '387']
['15', '88', '157', '172', '198', '272', '290', '356', '397']
['3', '87', '103', '148', '196', '246', '266', '325', '352']
['5', '9', '54', '95', '142', '261']
['108', '262', '286']
['298', '314']
['167', '187', '284', '304', '374', '382']
['263', '369']
['53']
['193']
['19', '27', '62', '70', '123', '230', '326', '341']
['305']
['135', '384']
['151', '155', '204']
['80', '188', '245', '335']
['81', '115', '138', '192', '200', '235', '264', '281', '310', '354']
['30', '82', '141', '182', '224']
['36', '90', '274']
['8', '43', '255', '258', '282', '342', '343', '366', '383']
['253']
['31', '147', '208', '212', '317']
['379']
['347']
['76']
['32', '110', '164', '175', '237', '250', '313', '334']
['109', '112', '136', '143', '163', '289', '323']
['22', '28', '45', '221', '228', '238', '252', '320', '333', '344']
['39']
['14', '50', '186', '312', '371', '391']
['63']
['29', '46', '145', '168', '179', '269', '297', '351']
['339']
['158', '361']
['134']
['66', '67', '75', '111', '124', '125', '140', '229', '231', '302']
['26', '94', '105', '131', '247', '315', '316', '324', '340', '381']
['327']
['57', '72', '205', '216', '256', '279', '280', '311', '321']
['273']
['48', '368']
['4', '73', '98', '102', '139', '154', '162', '174', '338', '399']
['33', '65', '96', '191', '265', '278', '287', '376']
['20', '121', '294']
['74', '78', '93', '133', '152', '177', '292', '355']
['16']
['25', '130', '202', '283', '348', '353']
['0', '118']
['236', '319']
['184', '201']
['207']
['106', '378']
['11', '68', '114', '161', '190', '222', '227', '240', '242']
['243', '295']
['1', '183', '359']
['322', '373']
['113']
['52', '173']
['34', '64', '77', '99', '132', '223', '328', '336', '337', '392']
['47', '51', '71', '107', '213', '301', '308', '329', '372']
['24', '41', '100', '150', '249', '300']
['13', '17', '58', '60', '83', '206', '276', '357']
['38', '104']
['257', '364']
['385']
['330', '331']
['10', '42', '56', '122', '199', '218', '244', '248']
['307']
['84', '233', '293', '350']
['165', '210', '219', '239', '291', '318', '395']
['197', '209']
['275']
['89']
['144', '398']
['59', '189', '220', '226', '234', '241', '268', '346', '365', '367']
['49', '116', '169', '225', '251', '267', '270', '362', '363', '370']
['388']
['117', '126', '128', '159', '160', '194', '217', '345', '396']
['149']
['203', '277']
['166', '195', '214']
['101', '259', '389']
['129']
['271']
