['uitiunf', 'iiybggp', 'bbevbps', 'ntanocw', 'tdrolvx', 'zvuccyi', 'bundjpw', 'ozoxsck', 'nbhknmw', 'jigaagt', 'reolqff', 'wqohgce', 'atvqyki', 'ulqqnrx', 'ymwwchd']
['gdvcboj', 'qufxqvh', 'eezxrdd', 'labghhm', 'hutontm', 'bpbiuoh', 'urujvnn', 'vbcaiur']
['owvackd', 'cjyrens', 'wznyiaw', 'lfxhllc', 'weondbg', 'pvwdbuk', 'itivxup', 'ygoytty', 'bwpwdoy', 'huwkfqk', 'ndqmeid']
['nndfzgt', 'lcmynyw', 'glkfhro', 'xabjjff', 'fhflmkc', 'ohgorzn', 'zexclum', 'ximpauw', 'crmjrbf', 'huzgikq', 'alvvzcr', 'jojnukl', 'vxktmpe', 'qxwwqfk', 'crclbim']
['urudgpc', 'dnxxgal', 'qhwwalp', 'pjsyeez', 'emvhlci', 'douqsoq', 'jbhevly']
['vshvlic', 'gnlcixq', 'zrhphdg', 'etkmfom', 'ebexhbz', 'rfhgsrd', 'jdufzkb', 'momhmut', 'dpgzdmu', 'mgtzswf', 'mtrmooo', 'dpmxdni', 'shztxik']
['whaalyx', 'mlehrqr', 'vmrdoff', 'uwgeeaz', 'fdccgyr', 'nqmwwmz', 'xxradgz', 'oegoznu', 'hxlagmh', 'dtfwkrc', 'fzplaod', 'skvsmyl', 'fzsjvuk', 'vkrrkcg', 'vwcmgzh', 'vvadaaj']
['npbmbcl', 'bhbfrfj', 'dubzmmn', 'gmultvj', 'jzqcfee', 'hnpufhr', 'fufnjyf', 'nkylhqw', 'apuclff', 'bvvitzv', 'oayxvdx', 'znskrzx']
['coupfju', 'rorsdzp', 'ipxjgfz', 'xxhgtbs', 'vjpstks', 'hylhzqr', 'sgrvtpg', 'otmayxy', 'nrplxxf', 'tgshqis', 'frxrjcw', 'kzgbgcg']
['hvnuihp', 'goxywvb', 'mqeymdi', 'fxswbii', 'bymyfhs', 'uahwspd', 'puotspj', 'gbuoffj', 'qavmxlu', 'jrguwdk', 'wenwqgs']
['tjtezbn', 'gdkxxon', 'spgwzqj', 'kuwyrgr', 'drtgipl', 'mcirxcd', 'jcoguvu', 'pmckuxh', 'rnluyib', 'igvkuru', 'cewygrc', 'rljbssd', 'cutedox', 'bnuxlph', 'aowxwvx', 'wjosnfy']
['emqikpe', 'dwfazac', 'jgbbizt', 'qwcwszq', 'newswsl', 'ultrowi', 'jnfpvkg', 'tjcagrq', 'vrvkaaa', 'szlzdlt', 'bxtdbjc', 'dcysunk', 'ftbfwum', 'ylnttkr', 'wmodcaj', 'wlhpnux']
['zxijrwr', 'efrtcpo', 'ytvwmpd', 'ciynmhw', 'rbwdwlz', 'xxqfkzr', 'tqjelgo', 'xuppdvy', 'uhhhxgy', 'asyegiw', 'sipicas', 'aslzxho', 'ksjmenx', 'nzhlxzk', 'zxlpndu']
['abxurqr', 'szriiex', 'vfebggx', 'wdahnhw', 'ljxjare', 'rxngmkt', 'kiwoauy', 'dmsftgx', 'pwaalip', 'aocuywp', 'ljxgjfb', 'ksrplzq', 'jygmmrk', 'qimiqpx', 'fgubrui', 'joerrak']
['iudsrjy', 'aytcnpm', 'korcvcx', 'zrimkhj', 'aadjodd', 'pojnkue', 'mbrlttj', 'vvwlixv', 'laxdipx', 'uckaokp', 'axxwrug', 'mbzuntj', 'qccnlus', 'afvpuoz', 'hscfpsc', 'kuhueyd']
['upucitb', 'nvjeors', 'yvvwjem', 'jaikykc', 'qqeafqd', 'jwpfwqz', 'ekbghpg', 'uuqtrnp', 'ptpmisy', 'hlruggb', 'wklasyt', 'zfqckzr', 'egfbifk', 'awftunn', 'pkosxjv', 'gmqbbof']
['kpqzpfs', 'mirwseo', 'egezjtl', 'lucqgzc', 'omyynfi', 'yoqrhdw', 'edebgoj', 'jhstklj', 'rxnxrbl', 'clcozil', 'lehooqa', 'uckdnaa', 'jmjdmxv', 'idyyroc', 'lpzovzo']
['iuddtax', 'hwprfxd', 'upzignf', 'nrctxxu', 'ckbpvbd', 'quaahkj', 'ueyjznc', 'mclspox', 'eghatxl', 'njoxkmb', 'crzdxig', 'mltjlsu', 'ebtqhua', 'roothgi', 'odoqgfk']
['xlypwfl', 'yssbhls', 'cmlcnuo', 'sfjvtxw', 'nlfhgdx', 'bwxgkld', 'rbpdoot', 'ehcdgdr', 'hlkffeh', 'jxlxfoo', 'uekjkik', 'hrmwoaf', 'gevooyy', 'dazkzcz', 'ugpqnzn']
['ofsoyop', 'ktyynlr', 'gmapuez', 'eiuywkb', 'pcrzoox', 'cvokrsd', 'dsvowko', 'ypncztk', 'mtbiczg', 'upgszso', 'ehfkaur', 'sfjkptj', 'lmgvnku', 'ljllxhw', 'joqmipo']
['mmsicju', 'kolwqja', 'lpzhylm', 'yfabxdu', 'olzxpzb', 'xcjwaaa', 'jtkovjl', 'oikctcj', 'rqdjqiq']
['jplsynx', 'kjhsxww', 'grhnknx', 'ngznfds', 'ktqbsnt', 'aenkmpt', 'hncniof', 'fhuqtfp', 'kvfjhzh', 'pcdlpcz', 'fhrabmr', 'vvjtuhb', 'opcamxc', 'poyacsv', 'mqwftjq', 'xdofsvh']
['qgpciwf', 'zmgjecs', 'nehlpbv', 'okdlbya', 'qifpupk', 'capkmzr', 'ypwfljl', 'gceicua', 'kadvzfh', 'dqbtiaw', 'tfsfpnw', 'yqtlogi', 'bfonhts', 'amfrehb']
['adzdoyj', 'bnyrwnb', 'sfzipfj', 'ydirvrp', 'mnxptfo', 'jbockfp', 'rqevvql', 'engjphl', 'sieoave', 'djzcmeu', 'thidksk', 'acgwdsb', 'zxtfzys', 'cjhldsy', 'pnnzbti']
['vowjmgf', 'qerzkir', 'werprzm', 'yiuitfo', 'azzpyql', 'vuedrix', 'hqikiss', 'owgzpow', 'vogmqqe', 'pxgrikq', 'dgvegls', 'ovyjjfm', 'jnwitwp', 'atfmxqs', 'brpqwlx']
['dtmsxwk', 'bkrlzdx', 'noyikuy', 'nbftfsb', 'ptcbphe', 'vahwsck', 'bolryno', 'dlfncva', 'wellvsr', 'oqqfikf', 'ynxyoyb', 'wxbassh', 'xaawrda', 'ljqttnn', 'hfzbxzo', 'lqjdzbc']
['kitxrio', 'nsjgubf', 'igtcqiv', 'zhdvxfc', 'qlgkouj', 'ulpkpaf', 'ylscqcm', 'ojujfds', 'kctacue', 'upxaolv', 'rroxpwu', 'fieuife', 'raymfyf', 'xsjadss', 'liqhklu', 'jivtfds']
