['9860', '9859', '9851']
['54']
['250', '128']
['9999', '30', '9970', '9968', '9953', '9933', '9897', '119', '120', '181']
['9878']
['75', '79', '9921']
['163', '164']
['9936', '9827', '9826', '9825']
['9911', '9910', '9909']
['9929', '9756']
['60', '9831']
['9873']
['90', '91', '9887', '208', '209']
['204']
['9985', '9871', '9870']
['93', '130', '9864']
['9946', '9904', '169']
['85', '95', '96', '97', '9835']
['9991', '9833', '9832', '191', '218']
['9934', '9891', '9890', '9872', '158', '159']
['9955', '9858', '9857']
['8', '9992', '34', '80', '9920']
['9863']
['3', '4', '9930', '9843', '9842']
['9983', '121', '122', '166', '180']
['126']
['1', '6', '16', '35', '48', '70']
['155', '183']
['9786', '9773']
['234']
['27', '9969', '56', '57', '9937']
['141', '9800', '9799']
['205']
['9778', '233']
['9962', '65', '9830']
['28', '58', '59', '9941']
['194']
['201']
['36', '9964', '9792']
['9981', '9924', '134', '9777']
['9', '9877', '9876', '9809']
['44', '45']
['53', '9856', '167']
['9899']
['82']
['153', '198', '228', '229']
['112', '196', '197']
['202']
['9976', '9903', '146', '147', '9776']
['9791']
['210', '219']
['9912', '9869']
['9900', '105', '236']
['61']
['29', '98', '9861', '144', '145']
['9838']
['9993', '9942']
['9960', '52', '9948', '9879', '9874', '9815', '9814', '241']
['39', '235']
['9980', '87', '9836']
['84', '151', '224', '225', '226', '9774', '9761']
['102']
['9844']
['9834', '9771', '9770', '9769', '240']
['43', '81', '9919', '9885', '9884', '9882', '9758']
['21', '9902', '9901', '190', '213', '214']
['9979', '106', '107', '193']
['9998', '9997', '9984', '9898', '9768']
['9974', '76']
['2', '88', '89', '9886', '9862']
['9896', '9895', '9894', '9893', '135', '178']
['103', '9806']
['9880']
['32']
['104']
['94', '223']
['22', '9757']
['9797']
['71']
['99', '9779', '9762']
['42', '9839', '9753']
['9785']
['9908', '9846', '9845']
['7', '150']
['9966', '9965', '9889', '9888', '124', '125', '9850', '154']
['9961', '40']
['9927']
['9947', '9915']
['9987', '239', '247']
['109', '230']
['15', '9963', '108', '9853', '9764', '9763']
['9990', '9959', '9805', '9804']
['9988', '9967', '138', '139']
['9952', '50', '51', '74', '133']
['9950', '9808', '207', '9780']
['9977', '231', '232']
['9971', '77', '9923', '9922', '9868', '9783']
['195']
['9989', '9892', '9866', '9865', '9841', '9840', '185', '186', '187', '9765']
['9907']
['64', '9935', '101']
['18', '41', '9956', '220', '221', '248']
['9954', '9821', '9820', '9775']
['63', '192']
['9914', '9913', '199', '200', '211', '227']
['24', '110', '111', '160', '161', '189']
['9810']
['100', '9782']
['184', '9790', '9789']
['9945', '9944']
['9881', '9803', '9802', '9781']
['86', '92', '9883', '9767', '9766', '9754']
['62', '9918', '9772']
['9819', '9818']
['137']
['9949']
['129']
['23']
['17', '143', '9847']
['9875']
['175', '176']
['9973']
['249']
['131']
['13', '14', '9986', '9972']
['9917', '9916']
['38', '9957', '9760', '9759']
['11', '9958', '9750', '157', '182', '9788', '9787', '217', '242', '243']
['9994', '31', '68', '9926']
['46', '66', '67']
['9940', '9938', '9854']
['165']
['9932']
['9982', '9855']
['9906']
['20', '55']
['9996', '5', '9995', '9848', '9798']
['9928', '136', '9823']
['162', '170']
['168', '9824', '9813', '9752']
['179', '222']
['69', '9931', '115', '116']
['171', '172', '188']
['9925']
['9784']
['212', '238', '244', '245']
['25', '9975', '9905', '123', '215', '216']
['9852']
['9822', '9755']
['19', '9817', '9816', '206']
['12', '9837', '9796']
['47', '9867']
['9978', '26']
['156']
['37', '148', '149', '9829', '9828', '173']
['9811', '9801', '246']
['10', '9807']
['49', '9951', '132', '152']
['33', '78', '140']
['9849', '174', '177']
['9794', '9793']
['9939', '117', '118', '127']
['9943', '9812']
['72', '73']
['83', '113', '114', '9795', '237']
['142', '203', '9751']
