['HJW', 'KKFPQ', 'AQDX', 'MY', 'UHTMG', 'HPXSSF', 'DBGM', 'EJOR', 'VCFLXV', 'FAL', 'XT', 'KAZEK', 'QIZWG', 'FWRV', 'ORJB', 'SK', 'DLJMZC', 'OEJ', 'ODIF']
['HOQPX', 'WVHKC', 'VWK', 'VOLULU', 'WWF', 'MK', 'GBSI', 'BPZAJ', 'YQ', 'KPXJFJ', 'HDJIQ', 'KJHR', 'TRXUD', 'MMUK', 'XLWRB', 'JJ', 'YII', 'UJ', 'JMYQEA', 'QREJG']
['QREJV', 'Y', 'WFWU', 'LZLFY', 'XLVUF', 'CRAQYE', 'OYJLB', 'IWP', 'NAIN', 'BBB', 'ACYQN', 'JCEYOL', 'HMURVX', 'TN', 'YXEJT', 'LWIA', 'NZDAU', 'VYGES', 'MXSFK', 'JSMAHJ']
['LNMCTV', 'HDJL', 'GCSAZH', 'YEBV', 'UBYG', 'FJTW', 'EYVVY', 'BJ', 'HGT', 'NDMQJ', 'EYEWXP', 'XS', 'KRXDGO', 'TOR', 'NDZ']
['WZ', 'TXNP', 'OVM', 'BX', 'FSZNT', 'UXXBYF']
['QNN', 'JN', 'NJAA', 'ZDYFZU', 'RQRWJT', 'HH', 'OYDEJ', 'ARYSPZ', 'IGSXN', 'PE', 'OIA', 'KBV', 'FVMBV', 'V', 'AH', 'PBRPX', 'MISGHL', 'EWAZF', 'WCZSB']
['NO', 'OC', 'OQV', 'RZU', 'IMB', 'EDAKUV', 'LHILT', 'AZGCQ', 'Z', 'ZJUCNC', 'XINMR', 'ZAP', 'FP', 'O', 'CHR']
['UBWSTW', 'DFGWZZ', 'THMU', 'KCQRDN', 'QDMX', 'FBW', 'XFGUIZ', 'BHKK', 'RWO', 'YK', 'XEAARR', 'AFH', 'USZM', 'ZTR', 'BQIFGG', 'CFG', 'ANW', 'EM', 'CN']
['KLQR', 'LW', 'DRLM', 'YFFNQ', 'TJU', 'AR', 'HTA', 'SUPLJO', 'TTV', 'TQWWLG', 'FCB', 'SU', 'HHCPMB', 'BGB', 'JCM', 'SEWIVO', 'BW', 'KFBC', 'QROYGT']
['NDF', 'UXBDM', 'BHT', 'NTMT', 'E', 'CAED', 'FAF', 'TB', 'ZVKC']
['YOGJ', 'TSSNJ', 'WTGA', 'WELF', 'UI', 'DQQ', 'H', 'JNJNE', 'ZW', 'QKT', 'QNKIQE', 'JUXOIJ', 'FXAQ', 'UIUBC', 'UU', 'LQ', 'FPPMUW', 'DJS', 'LTHESD', 'ZQAULZ']
['P', 'L', 'OTXCZH', 'UK', 'XU', 'ET', 'AB', 'D', 'HLT', 'YDDS', 'RWHILI', 'FGPZAA']
['OFIPP', 'RUC', 'BSAEQ', 'A', 'DCBWSF', 'TAN', 'SBM', 'PJG', 'AJDT', 'CMB', 'WPRTBZ']
['SGY', 'HO', 'MOOKF', 'COYVMU', 'EMP', 'ZIIN', 'KW', 'ETBLO', 'PQ', 'MPYJWG', 'W', 'EU', 'ZVWR', 'AZN', 'ZULMQ', 'M', 'KMU', 'MLDT', 'IYCHS', 'TGDTND']
['JP', 'GI', 'RKCPEP', 'VHUHI', 'N', 'QE', 'UEKXJH', 'UVUBDR', 'LJSX', 'OL', 'AY']
['NP', 'PHS', 'TZTCA', 'DEXTSN', 'DJC', 'FLLJ', 'LY', 'AW', 'KFYTH', 'SRJZQ', 'QYC', 'NDLUNW', 'VL', 'VYBQIM', 'POL', 'IU', 'OHZYQ', 'PIGBG', 'YO', 'QBB']
['NVLNXP', 'EP', 'TGKUE', 'CCIYM', 'MYSMZ', 'NS', 'G', 'CVSPP', 'SHT', 'I', 'ERR', 'PRYXX', 'MWKWWN', 'EHXPLS', 'JL', 'TXCK', 'LZQ', 'GFNZL', 'IE', 'EVTLXI']
['JBJS', 'WK', 'BAVHR', 'GDGZN', 'DVVKX', 'MRT', 'RM']
['ZTK', 'AEV', 'TYQL', 'XVU', 'NMU', 'TCBKQ', 'NBJL', 'MYN', 'ZHDBW', 'ETSAG', 'WBPB', 'U', 'S', 'ZYFXQ', 'GUOYX', 'HSHY', 'MICOE', 'CNYXMO', 'BFZ']
['AL', 'CTRFIJ', 'QGUYKQ', 'X', 'T', 'C', 'EVDQNK', 'ZHCQG', 'MM', 'NGUN', 'ICLIT', 'BNC', 'MV', 'GDFI', 'SY', 'J', 'WAXWZU', 'TUB', 'B']
