['126', '128', '173', '196', '418', '419', '428', '442', '443']
['148', '151', '157', '190', '192', '231', '242', '401', '404', '410', '424']
['61', '62', '63', '72', '91', '119', '121', '139', '165', '181', '183', '213']
['451', '454', '466', '468', '473', '474', '478', '481', '486', '488', '496', '497']
['114', '220', '303', '309', '325', '326', '327', '328', '330', '335', '337', '348']
['86', '225', '452', '464', '465', '470', '472', '482', '485', '491', '494', '495']
['112', '117', '301', '305', '307', '311', '314', '315', '317', '333', '338', '340']
['351', '352', '364', '367', '368', '374', '380', '381', '383', '393', '396', '397']
['56', '103', '105', '116', '129', '154', '160', '195', '210', '228', '232']
['98', '120', '123', '143', '217', '237', '265', '275', '455', '463', '487']
['403', '409', '411', '420', '422', '425', '429', '430', '434', '439', '445', '446']
['70', '111', '150', '161', '254', '293', '294']
['85', '450', '456', '459', '460', '467', '475', '479', '484', '490', '492', '498']
['6', '15', '27', '43', '71', '76', '113', '156', '167', '170', '201', '222']
['55', '99', '131', '199', '244', '405', '408', '412', '413', '417', '423', '433']
['205', '354', '363', '365', '366', '376', '377', '384', '387', '390', '391', '394']
['65', '88', '101', '158', '172', '188', '227', '353', '370', '371', '385', '395']
['97', '206', '240', '334', '453', '457', '458', '476', '477', '483', '493', '499']
['35', '51', '58', '118', '133', '175', '176', '191', '193', '246', '382', '399']
['50', '67', '104', '132', '169', '197', '208', '235', '248', '462', '489']
['155', '256', '257', '261', '262', '266', '267', '268', '271', '278', '285', '288']
['52', '59', '64', '142', '164', '236']
['11', '73', '94', '95', '96', '102', '125', '162', '187', '218', '223', '480']
['60', '69', '141', '194', '200', '209', '249']
['130', '134', '203', '250', '258', '272', '276', '279', '290', '291', '299', '347']
['74', '350', '357', '358', '359', '361', '372', '375', '378', '389', '392', '398']
['1', '5', '8', '9', '19', '23', '25', '26', '42', '45', '84', '152']
['87', '146', '251', '253', '259', '264', '269', '281', '283', '284', '286', '298']
['124', '127', '147', '204', '215', '219', '304', '306', '308', '341', '349']
['89', '110', '149', '177', '243', '400', '441', '461']
['54', '300', '302', '310', '312', '321', '324', '332', '336', '339', '343', '345']
['168', '313', '316', '318', '319', '320', '323', '329', '331', '342', '344', '346']
['57', '153', '166', '174', '180', '186', '221', '274', '287', '295', '297', '322']
['2', '7', '10', '20', '24', '28', '29', '38', '46', '47', '48', '79']
['13', '21', '34', '75', '82', '109', '135', '136', '184', '189', '207', '224']
['81', '100', '108', '182', '185', '216', '233', '234']
['83', '416', '421', '426', '427', '431', '435', '436', '440', '444', '447', '448']
['252', '255', '260', '263', '270', '273', '277', '280', '282', '289', '292', '296']
['214', '245', '402', '406', '407', '414', '415', '432', '437', '438', '449']
['37', '66', '107', '137', '159', '198', '211', '230', '239', '469', '471']
['78', '92', '93', '106', '115', '138', '179', '202', '238', '241']
['53', '90', '144', '226', '355', '356', '360', '362', '373', '379', '386', '388']
['68', '77', '80', '122', '140', '145', '212', '369']
['0', '3', '4', '12', '14', '17', '18', '30', '31', '36', '40', '171']
['16', '22', '32', '33', '39', '41', '44', '49', '163', '178', '229', '247']
