['132', '133', '148', '178', '199', '216', '223', '224', '231', '244', '257', '258', '265', '270', '288', '488', '490']
['21', '33', '35', '37', '38', '40', '41', '44', '46', '56', '58', '60', '67', '68', '77', '79', '81', '95', '103', '107', '108', '109', '113', '115', '117', '118', '120', '122', '126', '136']
['101', '125', '146', '163', '198', '204', '246', '248', '255', '272', '273', '293', '489']
['39', '42', '43', '47', '48', '49', '50', '51', '52', '53', '57', '61', '62', '70', '72', '74', '80', '83', '104', '110', '111', '112', '116', '121', '129', '134', '135', '137', '138', '144']
['195', '200', '209', '230', '232', '252', '274', '277', '278', '287', '444']
['364', '369', '370', '374', '377', '381', '383', '384', '385', '387', '388', '389', '390', '391', '413', '423', '426', '435', '441', '446', '450', '453', '454', '456', '458', '459', '461', '462', '465', '474']
['159', '201', '206', '210', '234', '261', '263', '268', '280', '281', '300', '301', '317', '319', '406', '452', '469', '470', '471', '472', '473', '475', '477', '480', '481', '482', '485', '486']
['185', '211', '214', '218', '220', '233', '236', '237', '245', '247', '271', '275', '279', '284', '291', '443', '476', '487']
['338', '339', '341', '343', '345', '347', '349', '354', '357', '360', '361', '363', '366', '367', '372', '373', '380', '386', '394', '405', '407', '416', '417', '420', '421', '424', '429', '431', '432', '436']
['54', '55', '59', '63', '64', '65', '66', '73', '75', '78', '86', '88', '92', '94', '106', '123', '124', '128', '130', '131', '139', '140', '142', '143', '149', '151', '152', '155', '168', '208']
['150', '180', '202', '205', '212', '213', '217', '219', '225', '226', '227', '241', '242', '243', '253', '254', '260', '289', '292', '437', '448']
['156', '174', '176', '207', '239', '250', '256', '264', '283', '464']
['0', '2', '3', '4', '6', '8', '10', '11', '14', '17', '18', '19', '22', '24', '26', '31', '32', '167', '169', '170', '172', '173', '175', '181', '186', '189', '190', '192', '193', '196']
['147', '158', '197', '215', '229', '249', '262', '266', '267', '276', '282', '285', '348', '353', '409', '414', '418', '419', '422', '427', '430', '433', '434', '438', '439', '440', '442', '445', '478', '483']
['294', '295', '296', '297', '298', '299', '302', '303', '304', '306', '307', '312', '358', '362', '371', '379', '382', '392', '393', '447', '449', '455', '457', '460', '463', '466', '467', '468', '479', '484']
['7', '9', '12', '13', '15', '16', '20', '23', '25', '28', '29', '30', '34', '36', '45', '71', '84', '85', '87', '93', '96', '97', '98', '99', '100', '102', '105', '161', '179', '184']
['315', '321', '322', '325', '329', '333', '335', '336', '342', '344', '346', '350', '351', '352', '355', '356', '359', '368', '375', '378', '395', '396', '401', '408', '410', '411', '412', '415', '425', '428']
['145', '153', '183', '194', '203', '221', '222', '235', '238', '251', '269', '286', '451']
['1', '5', '27', '69', '76', '82', '89', '90', '91', '114', '119', '127', '141', '154', '157', '160', '162', '164', '165', '166', '171', '177', '182', '187', '188', '191', '228', '240', '259', '290']
['305', '308', '309', '310', '311', '313', '314', '316', '318', '320', '323', '324', '326', '327', '328', '330', '331', '332', '334', '337', '340', '365', '376', '397', '398', '399', '400', '402', '403', '404']
