['Tessy', 'Shay', 'Tanya', 'Vilma', 'Inna', 'Toni', 'Giselle', 'Barbe', 'Nora', 'Joleen', 'Carline', 'Mina', 'Jessamyn', 'Grazia', 'Keri', 'Leona', 'Merrielle', 'Nolana', 'Paula']
['Jeannie', 'Analise', 'Valerie', 'Shayne', 'Roseann', 'Lillis', 'Dana', 'Misti', 'Alvina', 'Minnnie', 'Jessika', 'Tamarra', 'Tresa', 'Vin', 'Ashely', 'Katalin', 'Ellie', 'Debby', 'Chrystel']
['Shelia', 'Rachel', 'Goldina', 'Charis', 'Chelsea', 'Cammie', 'Karlotta', 'Geri', 'Joly', 'Marcia', 'Therine', 'Laverna', 'Faith', 'Kettie', 'Una', 'Constantia', 'Sallyanne', 'Ortensia']
['Ivie', 'Idalina', 'Brynna', 'Loria', 'Darcee', 'Robena', 'Uta', 'Sophie', 'Lina', 'Sue', 'Jobina', 'Esmaria', 'Lilla', 'Allsun', 'Toma', 'Honey', 'Marlyn', 'Clemmy', 'Camilla']
['Eadie', 'Rasla', 'Drucill', 'Neilla', 'Prudi', 'Ardenia', 'Meggy', 'Ethelind', 'Eddi', 'Nerta', 'Laverne', 'Willabella', 'Liz', 'Noelyn', 'Laura', 'Dulcie', 'Tobi', 'Vonny', 'Lauretta']
['Jeannine', 'Bria', 'Zoe', 'Sheena', 'Nelia', 'Vi', 'Ginger', 'Sherline', 'Ray', 'Chris', 'Kaylyn', 'Claudina', 'Wendeline', 'Trude', 'Rozanna', 'Donella', 'Nerissa', 'Mable', 'Arleyne']
['Elinor', 'Madonna', 'Reeva', 'Lila', 'Bobbie', 'Marylou', 'Delila', 'Christina', 'Paulette', 'Caryn', 'Jaime', 'Lyn', 'Laraine', 'Kacey', 'Amitie', 'Kellen', 'Courtnay', 'Kelcey', 'Romonda']
['Giralda', 'Heidie', 'Gigi', 'Veronike', 'Tybi', 'Ardine', 'Callie', 'Fayina', 'Kassia', 'Shelli', 'Tammy', 'Laureen', 'Dayle', 'Jeralee', 'Pansie', 'Lindsy', 'Trista', 'Yalonda', 'Pollyanna']
['Lorraine', 'Anjanette', 'Mareah', 'Valentine', 'Deeann', 'Starr', 'Bibbie', 'Tova', 'Gayle', 'Elisabet', 'Gaynor', 'Siusan', 'Frankie', 'Kylen', 'Isabelle', 'Matilda', 'Ealasaid', 'Camille', 'Vivia']
['Lia', 'Pavla', 'Madelin', 'Jane', 'Sharron', 'Livia', 'Tamarah', 'Fredelia', 'Leora', 'Rosene', 'Miquela', 'Eula', 'Karisa', 'Gussy', 'Crystie', 'Dulcia', 'Kathlin', 'Kiersten', 'Libby']
['Brandise', 'Sara', 'Leilah', 'Emilee', 'Jenna', 'Andree', 'Fayth', 'Biddie', 'Cordie', 'Sephira', 'Shani', 'Jsandye', 'Ashlen', 'Gwenette', 'Natka', 'Phillis', 'Barbaraanne', 'Gwendolen']
['Licha', 'Pandora', 'Rosina', 'Tatiana', 'Moyra', 'Suellen', 'Sheree', 'Elayne', 'Genni', 'Koressa', 'Kristin', 'Ula', 'Carmelia', 'Jodi', 'Raye', 'Andriette', 'Meris', 'Viva', 'Sheilah']
['Reta', 'Stepha', 'Herminia', 'Thalia', 'Debbie', 'Bell', 'Rebbecca', 'Maryl', 'Erinna', 'Wilow', 'Heather', 'Danell', 'Lanni', 'Annalee', 'Emmalynne', 'Corey', 'Susana', 'Almeda', 'Mia']
['Kata', 'Coral', 'Libbi', 'Evangeline', 'Lita', 'Susi', 'Harrie', 'Gerrilee', 'Phedra', 'Neila', 'Mehetabel', 'Marice', 'Natala', 'Hatty', 'Annie', 'Vallie', 'Harriett', 'Sofia', 'Pippy']
['Serena', 'Maddalena', 'Jasmin', 'Philomena', 'Stefa', 'Melodie', 'Reggi', 'Maryjo', 'Gabriell', 'Nevsa', 'Cayla', 'Geralda', 'Dianna', 'Constantina', 'Rosalinde', 'Tilda', 'Aubrette', 'Cecelia', 'Merline']
['Zita', 'Magdaia', 'Christabel', 'Jeannette', 'Randene', 'Lisabeth', 'Di', 'Jaclyn', 'Cristina', 'Costanza', 'Lorinda', 'Dulcea', 'Linette', 'Corella', 'Marjie', 'Pierrette', 'Jorey', 'Brenn', 'Fawne']
['Carlye', 'Alyce', 'Amabel', 'Jeniffer', 'Lynnett', 'Pia', 'Blake', 'Bonnee', 'AnnaDiane', 'Goldi', 'Freda', 'Nadine', 'Brynne', 'Kippy', 'Laurice', 'Kial', 'Marigold', 'Vanessa', 'Katha']
['Jennica']
['Thomasina', 'Janette', 'Lois', 'Denyse', 'Riannon', 'Kinna', 'Milena', 'Imogen', 'Kania', 'Billy', 'Eve', 'Paulina', 'Essa', 'Johnette', 'Nomi', 'Cinnamon', 'Cherry']
['Katleen', 'Gerianna', 'Avivah', 'Evvy', 'Lori', 'Mariejeanne', 'Lacey', 'Silva', 'Ashli', 'Verina', 'Cordy', 'Penny', 'Flori', 'Zorana', 'Shaina', 'Sayre', 'Helenka', 'Bessy', 'Myrilla']
['Mariette', 'Devinne', 'Hyacinth', 'Arliene', 'Tressa', 'Saundra', 'Patti', 'Tiffani', 'Vickie', 'Feliza', 'Marley', 'Genna', 'Corinna', 'Daisi', 'Catina', 'Cory', 'Janey', 'Kerstin', 'Sheeree']
['Oliy', 'Jada', 'Jess', 'Cynde', 'Betteanne', 'Kalindi', 'SheilaKathryn', 'HelenElizabeth', 'Henriette', 'Brandie', 'Joycelin', 'Madelyn', 'Renae', 'Erma', 'Hendrika', 'Sharla', 'Midge', 'Martguerita', 'Siobhan']
['Garland', 'Brigid', 'AnnaDiana', 'Megan', 'Jolie', 'Anthe', 'Emmy', 'Shelby', 'Terra', 'Idell', 'Winifred', 'Joannes', 'Melva', 'Wilone', 'Lisbeth', 'Christin', 'Tanhya', 'Erna', 'Raven']
['Raine', 'Cate', 'Edeline', 'Emelina', 'Kay', 'Carree', 'Jacquenette', 'Marla', 'Coretta', 'Henrietta', 'Clemmie', 'Lorna', 'Lona', 'Dolores', 'Phil', 'Madalena']
['Ondrea', 'Tersina', 'Clari', 'Anya', 'Edi', 'Lorrin', 'Patience', 'Lettie', 'Shayna', 'Kora', 'Karol', 'Nicoli', 'Lavinia', 'Renelle', 'Natalina', 'Deny', 'Sibylle', 'Lorena', 'Rosalind']
