['347', '290', '271', '148', '400', '86', '245', '187', '62', '318', '316', '168', '169', '210', '58', '114', '302', '307', '153', '399', '44']
['345', '197', '192', '273', '331', '330', '235', '233', '25', '376', '395', '83', '87', '174', '71', '314', '367', '363', '162', '350', '359', '306', '42']
['270', '108', '6', '1', '29', '393', '397', '205', '61', '357', '355', '353', '285', '59', '111', '308', '152', '48', '47']
['279', '30', '337', '238', '144', '82', '247', '179', '253', '182', '203', '209', '128', '317', '369', '365', '388', '389', '67', '166', '212', '213', '286', '266', '117', '300', '223', '222', '154', '158']
['193', '31', '140', '244', '243', '242', '180', '184', '185', '321', '207', '3', '161', '287', '110', '226', '159', '398', '41']
['298', '277', '33', '93', '94', '88', '396', '394', '81', '171', '13', '380', '356', '211', '218', '280']
['343', '191', '339', '338', '237', '145', '392', '7', '329', '165', '358', '289', '269', '119', '118', '228', '224', '220']
['346', '100', '104', '39', '36', '95', '133', '24', '89', '249', '328', '77', '74', '312', '115', '43']
['349', '299', '276', '278', '109', '105', '332', '91', '143', '131', '189', '10', '12', '326', '252', '251', '254', '63', '112', '309']
['190', '146', '134', '139', '20', '186', '16', '201', '79', '121', '319', '257', '354', '219', '268', '55', '304', '390']
['107', '334', '21', '378', '80', '240', '177', '325', '123', '125', '60', '284']
['344', '194', '99', '230', '132', '136', '170', '68', '313', '381', '65', '288', '262', '155', '46', '40']
['102', '96', '176', '75', '73', '311', '362', '360', '261', '54', '57', '56', '301', '305', '151', '150', '156']
['196', '106', '32', '336', '141', '135', '85', '178', '175', '188', '15', '17', '327', '204', '382', '69', '164', '352', '281', '283', '50']
['342', '296', '293', '272', '97', '231', '130', '370', '373', '375', '377', '84', '324', '124', '126', '255', '4', '263', '157', '5']
['348', '295', '103', '92', '239', '149', '22', '173', '202', '72', '366', '384', '385', '217', '215', '282', '265', '51', '113', '391']
['340', '199', '195', '37', '236', '232', '137', '23', '241', '19', '70', '78', '259', '256', '214', '264', '53', '303', '221', '49', '45']
['294', '292', '291', '98', '147', '142', '14', '18', '322', '323', '208', '310', '361', '258', '66', '160', '163', '260', '227']
['275', '90', '234', '28', '379', '371', '172', '181', '11', '320', '200', '206', '2', '122', '127', '129', '368', '364', '383', '386', '387', '64', '351', '52', '116', '229', '225']
['341', '297', '198', '274', '101', '38', '35', '34', '335', '333', '138', '26', '27', '372', '374', '246', '248', '183', '76', '8', '120', '315', '250', '167', '9', '216', '267']
