['369']
['23', '26', '30', '33', '37', '38', '44', '81', '85', '101', '105', '118', '131', '138', '146', '126', '164', '169', '174', '189', '199', '230', '236', '238', '240', '266', '280', '283', '286', '292', '300', '306', '320', '326', '333']
['8', '50', '51', '57', '64', '65', '67', '70', '73', '74', '103', '142', '125', '172', '177', '224', '226', '241', '272', '274', '309', '322', '353', '384', '388', '389', '400', '402', '403', '404', '464', '466', '470', '471', '488']
['187']
['47']
['0', '6', '9', '11', '12', '13', '18', '21', '28', '34', '128', '130', '144', '127', '166', '173', '175', '179', '182', '186', '191', '192', '193', '313', '316', '321', '355', '368', '371', '390', '380', '413', '424', '474']
['46', '87', '129', '134', '152', '155', '165', '282', '298', '405', '443', '452', '467']
['3', '7', '15', '58', '61', '75', '83', '95', '114', '136', '183', '190', '201', '257', '276', '285', '291', '317', '336', '337', '340', '346', '347', '350', '354', '359', '360', '363', '365', '372', '374', '395', '451', '456', '480']
['29', '56', '133', '137', '145', '154', '167', '185', '194', '225', '228', '232', '235', '244', '245', '247', '328', '330', '351', '352', '356', '364', '367', '373', '392', '397', '436', '472', '479', '485', '487', '493', '494', '497', '499']
['25', '27', '36', '48', '53', '92', '100', '104', '106', '110', '113', '115', '117', '119', '122', '123', '151', '168', '170', '197', '263', '271', '250', '314', '332', '407', '408', '410', '414', '415', '418', '420', '422', '430', '489']
['5', '49', '69', '76', '77', '78', '84', '88', '93', '94', '96', '102', '108', '116', '124', '200', '202', '206', '207', '208', '213', '214', '217', '270', '273', '327', '361', '370', '457', '460', '461', '463', '476', '481', '496']
['17', '39', '60', '62', '68', '80', '86', '139', '140', '178', '181', '204', '210', '222', '259', '262', '264', '267', '268', '269', '251', '252', '253', '254', '275', '289', '296', '308', '312', '315', '324', '399', '379', '411', '469']
['43', '158']
['2', '4', '22', '40', '41', '45', '147', '184', '227', '229', '231', '233', '234', '237', '239', '242', '246', '248', '256', '304', '323', '325', '339', '357', '358', '362', '394', '398', '381', '382', '442', '465', '477', '490', '492']
['1', '10', '14', '32', '42', '91', '111', '112', '120', '143', '148', '150', '162', '188', '203', '205', '211', '212', '218', '261', '301', '342', '349', '401', '412', '416', '423', '427', '431', '437', '438', '441', '445', '446', '448']
['16', '20', '54', '55', '59', '66', '72', '90', '121', '149', '157', '196', '198', '220', '221', '223', '277', '279', '281', '284', '287', '288', '290', '293', '294', '295', '297', '299', '375', '376', '428', '475', '484', '486', '498']
['19', '24', '31', '52', '63', '71', '98', '109', '161', '180', '258', '260', '255', '278', '307', '310', '329', '331', '334', '338', '343', '344', '345', '348', '386', '393', '377', '421', '454', '458', '459', '468', '473', '482', '495']
['107', '132', '135', '141', '153', '156', '159', '160', '163', '171', '176', '209', '215', '216', '219', '265', '366', '385', '387', '396', '383', '406', '409', '419', '450', '453', '455']
['483']
['35', '79', '82', '89', '97', '99', '195', '243', '249', '302', '303', '305', '311', '318', '319', '335', '341', '391', '378', '417', '425', '426', '429', '432', '433', '434', '435', '439', '440', '444', '447', '449', '462', '478', '491']
