['344']
['18', '48', '66', '70', '75', '81', '86', '120', '126', '131', '171', '184', '198']
['425']
['46']
['22']
['311']
['407']
['15', '61', '62', '100', '111', '135', '136', '149', '150']
['228']
['333', '441']
['25']
['2', '16', '28', '41', '71', '85', '115', '132', '147', '155', '169', '170', '174', '194']
['423']
['236', '249', '319', '341', '375', '379']
['279']
['214']
['223']
['139']
['231', '242', '264', '270', '325', '340', '362', '380', '408', '429', '435']
['110']
['161']
['266', '315', '374', '401']
['200']
['240', '254', '309', '368', '431']
['53', '142']
['232']
['23']
['398']
['297', '388']
['445']
['188']
['8', '29', '65', '72', '82', '130', '134', '164', '199', '202']
['376']
['49', '68', '77', '106', '107', '122', '123', '165', '206']
['40']
['327']
['87']
['226']
['73', '108', '138', '162', '205']
['207']
['391']
['84']
['54']
['181']
['129']
['263', '369']
['260', '364']
['191']
['342']
['350']
['192']
['222']
['363']
['392']
['360']
['268']
['219']
['31']
['3']
['64']
['105']
['119']
['50', '172']
['417']
['140']
['27']
['78']
['250', '299', '324', '339', '357', '436']
['13', '44', '69', '104', '159', '182', '197', '211']
['168']
['353']
['230', '241', '272', '403']
['175']
['24', '173']
['322']
['144']
['310']
['424']
['359']
['92']
['295']
['55']
['269']
['193']
['60']
['378']
['103']
['34']
['151']
['94']
['316']
['265']
['160']
['153']
['14']
['21']
['117']
['255']
['381']
['101']
['177']
['148']
['98']
['38', '57', '58', '74', '88', '124', '158', '166', '209', '212', '218']
['314']
['11']
['128']
['399']
['37', '116', '186']
['237']
['20', '154']
['405']
['42']
['330']
['320']
['63']
['303']
['351']
['274', '276', '284', '323', '329', '343', '346', '354', '389', '414', '416']
['267']
['67', '163']
['386']
['402']
['1']
['352']
['246']
['304']
['176']
['361']
['79']
['83']
['6', '45', '47', '52', '80', '121', '157', '196', '204', '208']
['229', '238', '277', '302', '313', '317', '318', '370', '372', '382', '383', '409', '438']
['336']
['377']
['183']
['9', '178']
['95']
['215']
['137']
['420']
['251']
['261']
['125']
['91']
['190']
['253']
['252']
['275']
['367']
['349']
['59']
['109']
['221']
['43']
['411']
['114']
['17']
['156']
['51', '224', '225', '234', '239', '245', '247', '257', '278', '286', '287', '307', '331', '337', '355', '371', '387', '400', '406', '412', '413', '415', '427', '432']
['12', '19', '26', '112', '127', '210']
['366']
['102']
['141']
['97']
['187']
['36']
['439']
['273', '293', '358']
['421']
['262', '271', '433']
['99']
['216']
['167']
['118']
['56', '180']
['283']
['76']
['10']
['90']
['39', '185']
['32', '195']
['213']
['30']
['334']
['203']
['179']
['437']
['235']
['89', '143']
['397']
['217']
['201']
['428']
['281', '292', '294', '305', '356', '385', '430']
['332']
['328']
['233', '243', '244', '256', '259', '326', '338', '345', '384', '393', '394', '422', '440']
['5']
['227']
['258', '280', '285', '288', '289', '347', '348', '404', '419', '426', '446']
['152']
['418']
['93']
['444']
['96']
['35', '145']
['133']
['33']
['395']
['306']
['335', '373', '410']
['4']
['308']
['290']
['146']
['220']
['298', '390']
['282', '291', '300', '301', '321', '365', '434', '442', '443']
['7']
['312']
['189']
['113']
['248', '296', '396']
