['43', '70', '79', '95', '96', '98', '122', '124', '141', '142', '144', '168', '190', '192', '196', '208', '209', '231', '233', '248', '252', '256', '263', '264', '265', '266', '267', '269', '292', '297', '311', '318', '323', '341', '343', '345', '405', '420', '431', '449', '462', '471', '479', '482']
['134', '329']
['32', '135', '152', '280', '281', '305', '306']
['458']
['45']
['5', '7', '9', '20', '37', '44', '60', '61', '62', '68', '112', '164', '166', '167', '180', '185', '187', '197', '198', '226', '230', '232', '260', '261', '282', '283', '284', '321', '322', '324', '344', '383', '410', '416', '419', '421', '430', '438']
['33', '76', '82', '94', '99', '105', '146', '254', '303', '312', '316', '326', '327', '328', '330', '386', '461', '466']
['388']
['30', '186']
['218']
['145']
['371']
['243']
['157']
['149']
['163']
['171']
['179']
['1', '2', '3', '4', '6', '8', '50', '51', '75', '77', '78', '81', '83', '84', '85', '97', '100', '101', '108', '109', '111', '125', '127', '147', '178', '202', '211', '240', '247', '270', '286', '307', '334', '366', '370', '374', '375', '376', '391', '399', '406', '423', '434', '436', '437', '439', '440', '441', '442', '443']
['66', '71', '74', '91', '103', '131', '203', '221', '222', '268', '331', '379', '408', '456']
['413']
['177']
['409']
['40', '46', '47', '48', '49', '114', '116', '118', '126', '130', '132', '133', '138', '139', '159', '172', '193', '200', '242', '291', '296', '301', '302', '304', '313', '314', '352', '354', '356', '358', '364', '365', '367', '372', '380', '387', '397', '402', '411', '412', '418', '425', '427', '428', '450', '452', '457', '460', '468']
['104', '465']
['17']
['21', '52', '59', '80', '89', '102', '106', '110', '136', '143', '148', '150', '158', '170', '181', '182', '183', '184', '189', '199', '201', '205', '207', '210', '212', '217', '219', '235', '236', '237', '238', '239', '241', '245', '279', '285', '295', '308', '325', '332', '333', '350', '353', '378', '403', '424', '435', '445', '447', '453']
['246']
['288']
['0', '23', '25', '26', '27', '28', '31', '34', '35', '38', '39', '86', '107', '128', '151', '153', '154', '173', '174', '175', '195', '214', '215', '223', '224', '250', '251', '258', '271', '289', '317', '351', '357', '359', '368', '373', '381', '382', '384', '392', '393', '395', '404', '429', '459', '467', '469', '480', '488', '489']
['315']
['176', '213']
['10', '11', '12', '16', '18', '22', '24', '29', '36', '41', '53', '56', '64', '67', '69', '92', '123', '137', '162', '194', '206', '225', '227', '228', '229', '249', '257', '272', '274', '275', '276', '277', '294', '335', '336', '337', '339', '342', '355', '389', '398', '407', '414', '415', '451', '483', '484', '485', '486', '487']
['165', '259']
['340']
['19', '54', '55', '87', '93', '191', '244', '253', '300', '360', '417', '444', '446', '448', '454', '463', '464', '481']
['432']
['220']
['72']
['287']
['188']
['14']
['119']
['320']
['63', '65', '73', '262', '273', '309', '362', '363', '394', '396']
['319']
['15', '42', '57', '58', '88', '90', '115', '117', '120', '121', '129', '140', '155', '160', '161', '169', '204', '216', '234', '255', '278', '290', '298', '299', '310', '338', '346', '347', '348', '349', '361', '369', '377', '385', '390', '400', '401', '422', '426', '433', '455', '470', '472', '473', '474', '475', '476', '477', '478']
['156']
['13']
['113', '293']
