['147', '25', '240', '195', '99', '127', '459', '156', '232', '46']
['291', '277', '255', '483', '220', '177', '57', '349', '455', '70', '52', '120', '416', '356', '157', '440', '143', '34', '237', '239', '467']
['7', '481', '345', '86', '132', '24', '292', '447', '201', '439', '342', '137', '95', '354', '361', '365']
['185', '304', '425', '131', '359', '205', '310', '402', '191', '246', '159', '175', '228', '373', '422', '108', '412', '136', '299', '67', '448', '348', '168', '463', '321', '303', '262', '78', '214']
['371', '248', '374', '129', '241', '253', '355', '444', '325', '211', '111', '164', '48']
['392', '230', '245', '259', '44', '329', '139', '415', '466', '162']
['121', '498', '231', '234', '442', '269', '172', '186', '41', '315', '493', '464', '421', '344', '336', '486', '411', '271', '339', '370', '79', '154', '217', '427', '414', '64', '106', '438', '280', '196', '436', '423', '491', '319', '468', '288', '5']
['153', '204', '109', '308', '28', '406', '297', '476', '413', '51', '75', '96', '113', '181', '258']
['45', '278', '4', '302', '497', '399', '84', '146', '15', '352', '47', '328']
['320', '397', '21', '384', '208', '341', '58', '151', '364', '116', '270']
['298', '480', '26', '112', '252', '340', '142', '14', '173', '429', '289', '12', '123', '311', '368', '313', '395']
['56', '1', '73', '22', '396', '49', '470', '152', '324', '77', '215', '163', '333']
['400', '312', '92', '31', '68', '227', '74', '20', '316', '458', '103', '360', '6', '306', '254', '474']
['33', '43', '251', '274', '235', '90', '140', '379', '331', '484', '327', '199', '430']
['50', '380', '485', '187', '176', '166', '376', '388', '433', '407', '122', '290']
['135', '441', '193', '282', '182', '283', '383', '97', '206', '128', '307', '446', '426', '267', '101', '218', '29', '30', '268', '141', '366', '482', '326', '184', '54', '260', '59', '300', '401', '91', '490', '37', '221', '387', '169', '457', '130', '87', '332', '293', '150', '437', '479', '145', '390', '236', '102', '334', '281', '465', '194', '190', '238', '478', '377', '133', '431']
['60', '161', '180', '408', '456', '197', '183', '385', '323', '212', '126', '167', '249']
['381', '314', '88', '8', '61', '213', '443', '160', '432', '170', '417', '434', '404', '496', '225']
['338', '495', '445', '98', '198', '294', '124', '81', '346', '405', '38', '418', '66', '174', '265']
['250', '94', '229', '285', '222', '80', '83', '264', '118', '138', '210', '330', '134']
['76', '158', '149', '386', '2', '272', '273', '16', '471', '435']
['394', '343', '216', '226', '487', '382', '367', '72', '39', '295']
['363', '449', '353', '62', '27', '286']
['71', '358', '263', '55', '309', '69', '462', '461', '19', '378', '114', '110', '489', '233', '409', '261']
['403', '350', '499', '188', '242', '93', '171', '335', '13', '375', '419', '165', '119', '318']
['178', '65', '369', '36', '17', '203', '0', '35', '305', '391', '301', '32', '18', '224', '209']
['469', '3', '488', '42', '155', '451', '492', '317', '287', '428', '82', '372', '40', '279', '257', '420', '189', '202', '179']
['144', '351', '89', '219', '275', '393', '125', '362']
['53', '473', '322', '494', '200', '452', '104', '256', '477', '337']
['398', '450', '63', '85', '454', '247', '243', '11', '117']
['148', '105', '347', '475', '207', '389', '107', '100', '10', '460', '472', '115', '276', '9', '453', '266', '424', '284', '23', '192', '296', '357', '244', '223', '410']
