['285']
['47']
['171']
['365']
['51']
['16', '68', '94', '95', '98', '129', '293', '320']
['148']
['72']
['112']
['59', '109', '334']
['41']
['135', '256']
['280']
['100']
['93']
['101']
['211']
['25']
['74', '80', '127', '162', '223', '368', '372', '381']
['178', '288', '317', '367']
['87', '180', '231', '257', '275', '315']
['269']
['7', '369']
['0', '22', '45', '158', '163', '175', '189', '208', '244', '254', '261', '294', '300', '394']
['76']
['333']
['168']
['91']
['246']
['298']
['232']
['217']
['395']
['383']
['15']
['281']
['50', '212', '226', '304', '306']
['52']
['255']
['49']
['252']
['67', '237', '321']
['229']
['363']
['6', '55', '60', '86', '113', '116', '131', '153', '165', '182', '201', '206', '222', '259', '265', '289', '311', '327', '337', '342']
['202', '322']
['43', '123', '204']
['137']
['146', '305']
['110']
['61']
['10', '19', '132', '155', '221', '236', '347', '362', '378']
['286', '290']
['38']
['308']
['122']
['17', '81', '139', '188', '205', '366']
['270']
['271']
['199']
['291']
['203']
['398']
['331']
['238']
['118']
['103']
['328']
['147', '181', '183', '376']
['75', '239', '309', '397']
['145']
['303']
['151']
['28', '89', '99', '170', '174', '179', '240', '247', '390']
['172']
['264']
['142']
['12']
['274']
['167']
['287', '296']
['144']
['227']
['310']
['79']
['197']
['263']
['71']
['335']
['375', '377']
['88']
['34']
['218']
['164']
['329']
['267']
['241', '392']
['105']
['176', '235']
['92']
['326']
['111', '125', '161', '339', '341', '343', '396']
['184']
['106']
['83', '186']
['37', '82', '266', '292', '301', '316']
['104']
['65', '194', '332']
['282', '336']
['133']
['193']
['32']
['314']
['70', '117']
['21', '114', '356']
['27', '84', '121', '128', '134', '138', '192', '225', '242', '284', '302', '330', '358']
['4', '173', '258', '268', '297']
['340']
['214']
['39', '42', '78', '210', '273', '359']
['150']
['348']
['379']
['389']
['382']
['198']
['279']
['11']
['196']
['364']
['325']
['108']
['272']
['97']
['248']
['357']
['361']
['13', '35', '209', '219']
['283']
['14', '24', '66', '352']
['23']
['115']
['216']
['220']
['119']
['54', '143', '200', '371']
['207']
['96']
['243']
['5']
['40', '338', '345', '385']
['253']
['9', '278']
['102']
['63']
['44', '166']
['8', '228', '245']
['141']
['391']
['31']
['177']
['234']
['373']
['2', '57', '156', '169', '353', '399']
['48', '312', '313']
['136']
['3', '299']
['18', '36', '53', '56', '120', '195', '224', '307', '350']
['191']
['351']
['1', '77', '85', '124', '149', '233', '318', '388', '393']
['58']
['20', '276', '319', '349', '384']
['374']
['277']
['62', '64', '126', '160', '230']
['355']
['154']
['215']
['152']
['159']
['370']
['33', '249', '250', '386']
['323']
['29']
['140', '185', '251', '344']
['46']
['346']
['107']
['157']
['26', '73', '190', '260', '360', '380']
['130']
['30']
['354']
['90', '387']
['187']
['295']
['69']
['213', '324']
['262']
