['224']
['45']
['192']
['7']
['87']
['34']
['39']
['37']
['117']
['102', '106', '107', '108', '109', '110', '111', '114', '118', '119', '121', '122', '123', '124', '125', '127', '128', '130', '135', '139', '140', '142', '145', '147', '148']
['141']
['98']
['155']
['250']
['191']
['41']
['218']
['194']
['201']
['2', '3', '4', '8', '9', '11', '16', '17', '18', '22', '23', '28', '30', '31', '32', '35', '38', '40', '47', '48', '49']
['27']
['97']
['126']
['43']
['235']
['44']
['170']
['202', '204', '205', '206', '207', '209', '210', '211', '212', '214', '215', '216', '219', '220', '223', '225', '228', '230', '233', '237', '238', '239', '240', '241', '243', '245', '246', '248']
['56', '67', '69', '72', '83', '85', '90', '93']
['158', '160', '164', '169', '174']
['199']
['226']
['51', '99']
['208']
['50']
['101']
['100', '103', '104', '112', '137', '138', '143', '146']
['190']
['13']
['86']
['42']
['92']
['159']
['62']
['181']
['153']
['55', '65', '77', '88']
['187']
['200']
['133']
['113']
['132']
['33']
['242']
['53']
['197']
['213', '221', '229', '232', '247', '249']
['178']
['105']
['184']
['91']
['227']
['120']
['19']
['6']
['131']
['5']
['231']
['171', '195']
['15', '20']
['144']
['12']
['154']
['236']
['10']
['74']
['134']
['186']
['1', '14', '21', '24', '26', '36']
['116']
['58']
['150', '152', '156', '157', '161', '162', '163', '165', '166', '167', '168', '172', '173', '175', '176', '177', '179', '180', '182', '183', '185', '188', '189', '193', '196', '198']
['151']
['0']
['52', '54', '57', '59', '60', '61', '63', '64', '66', '68', '70', '73', '76', '79', '80', '81', '82', '84', '89', '94', '95', '96']
['75']
['115']
['244']
['78']
['234']
['71']
['129']
['203']
['25']
['217']
['149']
['29']
['46']
['136']
['222']
