['50', '51', '52', '53', '188', '187', '189', '190', '195', '194', '196', '197', '198', '199', '200', '211', '210', '212', '213', '214', '215', '216', '289', '288', '290', '385']
['96', '97', '98', '312', '311', '313', '336', '335', '337', '338', '339', '359', '360', '434', '433', '435', '436', '490', '489', '499']
['1', '88', '89', '90', '91', '121', '122', '123', '124', '125', '126', '127', '260', '261', '262', '263', '264', '265', '297', '296', '298', '328', '327', '329', '330', '331', '464', '465', '466', '467']
['43', '59', '60', '61', '161', '162', '163', '164']
['15', '16', '34', '33', '35', '83', '84', '85', '114', '129', '130', '145', '146', '147', '148', '149', '219', '220', '221', '222', '223', '225', '224', '226', '227', '228', '229', '230', '231', '259', '258', '349', '432', '448', '447', '449', '450', '451']
['36', '37', '72', '71', '73', '74', '75', '128', '143', '142', '144', '277', '420', '419', '421', '422', '498', '497']
['64', '63', '65', '66', '67', '110', '111', '203', '204', '205', '206', '207', '253', '252', '254', '299', '300', '301', '302', '303', '321', '320', '351', '350', '352', '353', '354', '355', '356', '404']
['179', '178', '180', '208', '209', '218', '217', '278', '279', '390', '389', '391', '405', '406', '407', '408', '475', '474']
['44', '45', '46', '47', '172', '171', '173', '174', '175', '176', '177', '202', '201', '280', '358', '357', '409', '410', '411', '458', '459', '460']
['13', '14', '38', '39', '40', '54', '55', '131', '132', '133', '134', '138', '139', '140', '141', '332', '333', '334', '361', '362', '363', '413', '414', '415', '416', '417', '418', '431']
['48', '62', '79', '78', '80', '81', '82', '115', '116', '117', '118', '119', '268', '269', '270', '271', '272', '381', '380', '382', '383', '384', '386', '387', '388', '397', '396', '398', '399', '400', '443', '444', '445', '446']
['0', '28', '29', '30', '31', '32', '112', '113', '291', '292', '293', '294', '295', '305', '304', '452', '453']
['18', '17', '19', '20', '21', '100', '99', '101', '102', '136', '135', '137', '159', '158', '160', '239', '238', '240', '241', '242', '243', '244', '314', '315', '455', '454', '456', '457', '476', '477', '478', '491']
['10', '9', '11', '12', '42', '41', '107', '106', '108', '109', '120', '181', '182', '183', '184', '185', '186', '401', '402', '403']
['151', '150', '152', '235', '236', '237', '343', '342', '344', '345', '462', '461', '463', '492', '493', '494', '495', '496']
['103', '104', '105', '306', '307', '308', '309', '310', '316', '317', '318', '319', '370', '371', '377', '378', '379', '437', '438', '439', '469', '468', '470', '471', '472', '473']
['25', '24', '26', '27', '57', '56', '58', '68', '69', '70', '76', '77', '92', '191', '192', '193', '246', '245', '247', '248', '249', '250', '251', '267', '266', '340', '341', '346', '347', '348', '366', '367', '368', '369', '373', '372', '374', '375', '376']
['2', '3', '4', '5', '6', '7', '8', '22', '23', '49', '282', '281', '283', '284', '285', '286', '287', '392', '393', '394', '395']
['94', '93', '95', '153', '154', '155', '156', '157', '166', '165', '167', '168', '169', '170', '255', '256', '257', '322', '323', '324', '325', '326', '365', '364', '412', '423', '424', '425', '427', '426', '428', '429', '430', '479', '480', '481']
['87', '86', '233', '232', '234', '274', '273', '275', '276', '441', '440', '442', '483', '482', '484', '485', '486', '487', '488']
