['452', '454', '455', '202', '1111', '1112']
['445', '372', '373', '375', '376', '377', '258', '259', '260', '261', '262', '263', '231', '232', '233', '234', '235', '236', '237', '11111', '11112', '86', '87', '88', '89', '90']
['283', '286', '287', '182', '183', '184', '185', '186', '187', '188', '1119']
['220', '223', '196', '199', '201', '172', '147', '148', '149', '150', '151', '153']
['300', '303', '304', '239', '49', '51', '52', '55']
['2', '408', '301', '302', '294', '295', '296', '298', '11117', '271', '275', '6', '191', '192', '193', '194', '195', '77', '78', '80', '81', '70', '74', '1114', '28', '30', '31', '33', '34', '13']
['432', '433', '434', '435', '436', '437', '403', '404', '405', '407', '119', '120', '121', '122', '123', '124', '125', '112', '114', '117', '110', '1116', '7', '8', '10', '11', '12']
['451', '11124', '366', '367', '368', '369', '370', '371', '297', '299', '11128', '168', '169', '170', '171', '173', '174', '63', '64', '65', '66', '67', '68', '69']
['438', '439', '442', '384', '386', '389', '345', '306', '308', '217', '218', '219', '221', '222', '140', '141', '142', '143', '144', '145', '146', '84', '85']
['0', '450', '453', '446', '402', '11123', '342', '343', '344', '346', '347', '272', '252', '254', '255', '256', '257', '11115', '11116', '250', '238', '240', '241', '243', '244', '181', '83', '29']
['414', '415', '416', '417', '418', '419', '391', '395', '385', '387', '374', '11121', '11122', '359', '311', '267', '242', '91', '92', '93', '95', '96', '35', '36', '37', '38', '39', '41']
['3', '443', '325', '326', '318', '319', '320', '321', '322', '224', '225', '197', '198', '200', '11110', '104', '79', '82', '71', '72', '73', '75', '76', '44', '46', '47', '48', '40', '11113']
['388', '378', '379', '380', '381', '382', '383', '324', '327', '329', '245', '246', '247', '248', '249', '251', '203', '189', '190', '161', '162', '163', '164', '165', '166', '1118', '42', '43', '45']
['463', '466', '460', '440', '441', '11125', '11126', '409', '410', '411', '412', '413', '348', '351', '270', '273']
['4', '444', '447', '448', '449', '390', '392', '393', '394', '323', '288', '290', '291', '292', '293', '11127', '176', '178', '14', '15', '16', '17', '18', '19', '20', '11114']
['307', '226', '227', '228', '229', '230', '167', '154', '155', '156', '158', '159', '160', '113', '115', '116', '118', '11129']
['406', '396', '397', '398', '399', '400', '401', '360', '361', '362', '363', '364', '365', '332', '333', '334', '335', '204', '205', '206', '207', '208', '175', '177', '179', '180']
['133', '134', '135', '136', '137', '138', '139']
['350', '352', '353', '313', '282', '284', '285', '264', '265', '266', '268', '269', '212', '126', '127', '128', '129', '130', '131', '132', '1117', '56']
['456', '457', '458', '459', '461', '312', '314', '315', '317', '210', '211', '213', '214', '215', '216', '50', '53']
['426', '427', '428', '429', '430', '431', '420', '422', '423', '424', '425', '354', '355', '356', '357', '336', '337', '338', '339', '340', '330', '331', '328', '11119', '152', '98', '100', '101', '102', '103']
['1', '421', '309', '310', '305', '11118', '277', '279', '280', '253', '209', '105', '106', '108', '109', '111', '61', '54', '1113', '32', '21', '22', '23', '24', '25', '26', '27', '9']
['462', '464', '465', '467', '5', '358', '349', '341', '11120', '316', '289', '276', '278', '281', '274', '157', '107', '99', '94', '97', '1115', '57', '58', '59', '60', '62']
