['WSD', 'LZE', 'EUK', 'LWH', 'EKJ', 'INO', 'UZY', 'OCI', 'RNM', 'AIM', 'NJD', 'ZFO', 'MUL', 'CGD', 'MIE', 'GLR', 'CXP', 'JTZ', 'TBT', 'PAS', 'MJR', 'QAM', 'WMY', 'NGI', 'EBA']
['MVS', 'MJV', 'YKH', 'DMH', 'NOP', 'IEK', 'NUG', 'ACP', 'LWA', 'RJS', 'WLU', 'QMI', 'CRF', 'YYC', 'KMP', 'TWL', 'MUV', 'WWT', 'JME', 'DNE', 'XOE', 'AGI', 'HIG', 'CIH', 'TQM']
['CDW', 'FHI', 'ARM', 'YKF', 'FWA', 'BCI', 'ODG', 'LHQ', 'PDU', 'JHO', 'YYJ', 'KZQ', 'MLH', 'QTQ', 'NNG', 'LOQ', 'IFO', 'QEP', 'YTR', 'MUO', 'CZB', 'SGT', 'JDC', 'QLI', 'JOQ']
['KUO', 'PGE', 'LZP', 'VCY', 'QJK', 'PBP', 'CFP', 'IQJ', 'MCI', 'SCX', 'PZA', 'PTX', 'ABC', 'QIK', 'NDI', 'FQC', 'CGQ', 'KVD', 'XCX', 'MNB', 'ONX', 'DTU', 'BFH', 'AHE', 'MED']
['MYN', 'TFQ', 'XRV', 'SFB', 'LMU', 'SCK', 'RDG', 'PVQ', 'UOM', 'IYH', 'KLM', 'YKQ', 'QCJ', 'FCU', 'NHA', 'ZCF', 'UKF', 'QNG', 'MZP', 'PME', 'HBC', 'UEN', 'IUY', 'CNU', 'GUQ']
['FMU', 'UHE', 'RSG', 'PIL', 'FTI', 'SYQ', 'ZFU', 'SNM', 'LUT', 'TFN', 'EDD', 'YDL', 'PCL', 'TVY', 'CFJ', 'DYU', 'SDF', 'DXK', 'SRB', 'HXF', 'BJR', 'GEF', 'GUE', 'UIO', 'RNU']
['FOW', 'AYK', 'PJW', 'YSM', 'RKO', 'TGH', 'TDJ', 'ZKY', 'HGD', 'UMO', 'PVS', 'HMT', 'FTL', 'XJW', 'FJH', 'OFJ', 'KLS', 'RYT', 'UKO', 'GBL', 'TUK', 'RBJ', 'PGO', 'IPV', 'RUP']
['WCD', 'FTE', 'SCS', 'UTL', 'VQR', 'IPY', 'VMW', 'GPL', 'HZF', 'QRE', 'RXD', 'SAQ', 'FXI', 'NWB', 'YDT', 'GSB', 'LBW', 'QTR', 'WER', 'YNR', 'UCH', 'KAJ', 'RKH', 'IPG', 'BTJ']
['CEY', 'ITN', 'WDF', 'QDB', 'JZA', 'QVI', 'JGS', 'ZGL', 'RYA', 'EPR', 'JSL', 'LJA', 'CJB', 'SNS', 'AQN', 'DHT', 'XKQ', 'JWQ', 'IKN', 'MMS', 'EBY', 'GGM', 'WWL', 'QZB', 'FXH']
['HTW', 'JXZ', 'XIY', 'BLK', 'IPK', 'ELO', 'HPH', 'MLN', 'JZV', 'SDH', 'YWW', 'YER', 'SFJ', 'AJB', 'FWB', 'FEV', 'JII', 'VRD', 'IUE', 'XHQ', 'HNC', 'ZFK', 'RUR', 'HYW', 'KLZ']
['NGH', 'DFW', 'KEQ', 'YSP', 'EAA', 'IKB', 'DAT', 'TMD', 'YEN', 'SRP', 'EBB', 'WIF', 'NXI', 'YPX', 'SUT', 'FWN', 'LZI', 'SCZ', 'HXZ', 'VTH', 'YOA', 'YVQ', 'KJN', 'MBZ', 'CYA']
['FPT', 'KMD', 'TQB', 'DJA', 'THJ', 'BDX', 'TVZ', 'ZBU', 'EWG', 'GUR', 'SFK', 'ALL', 'XDE', 'CUZ', 'WUI', 'LTC', 'VFV', 'NLS', 'MVB', 'EEA', 'OLD', 'XQI', 'MAC', 'GUN', 'WYK']
['SMM', 'MSE', 'WCB', 'FKU', 'ZQN', 'GMF', 'JKL', 'RIX', 'QLH', 'RIA', 'DMN', 'ESU', 'NSI', 'UFK', 'KSW', 'MOH', 'JXM', 'EQX', 'SUP', 'TMR', 'ALG', 'SFD', 'TSS', 'IIT', 'IDO']
['NQL', 'KNO', 'HGF', 'KNZ', 'BEQ', 'BHL', 'OXU', 'SNW', 'GPH', 'VZX', 'HUN', 'RYE', 'QBJ', 'SGO', 'UNW', 'VWX', 'QTJ', 'QFE', 'HQB', 'WED', 'YLS', 'EOF', 'SUQ', 'NDJ', 'CHA']
['YYG', 'POJ', 'LLX', 'PAU', 'BCW', 'JMO', 'XXQ', 'WKY', 'WGY', 'YTQ', 'LXJ', 'HPV', 'BZI', 'GGP', 'YAR', 'GXJ', 'GYM', 'ZPA', 'OVZ', 'IAM', 'APD', 'KXZ', 'QYA', 'NDB', 'ZRO']
['NFI', 'MSC', 'WTX', 'CCY', 'VYF', 'VXB', 'JVR', 'DWU', 'POC', 'EZU', 'ROL', 'BRY', 'WJS', 'HCD', 'WZL', 'JJB', 'FPR', 'ZJU', 'TKB', 'KVY', 'UGW', 'CAO', 'TGW', 'ZCY', 'LHD']
['VAC', 'RSJ', 'BBZ', 'PYK', 'IIY', 'ZNQ', 'ULP', 'OEN', 'DAW', 'XEO', 'VFM', 'POR', 'XVQ', 'ACJ', 'ASO', 'TFT', 'KLV', 'TLC', 'ZIT', 'XFW', 'TBN', 'OON', 'XPW', 'RZW', 'IDJ']
['CHR', 'UHU', 'DMP', 'NLI', 'FUR', 'AZD', 'EDP', 'GFL', 'ALI', 'XWK', 'KDV', 'XEN', 'JMT', 'GGA', 'NTW', 'HHK', 'VWR', 'XVF', 'ELJ', 'PMO', 'YYU', 'MWQ', 'AMV', 'FDS', 'BIN']
['IYD', 'AYJ', 'PKK', 'PON', 'WHJ', 'HJA', 'DTW', 'NPS', 'YHX', 'OII', 'YUG', 'MIN', 'AUL', 'ARV', 'OZT', 'IFU', 'DRX', 'FOD', 'DTS', 'FSW', 'SQS', 'JZY', 'ECG', 'PAX', 'GUT']
['NXU', 'WJI', 'GWT', 'SQR', 'ZBF', 'FJL', 'UZU', 'DOT', 'DZR', 'CDZ', 'JUQ', 'FXX', 'LGP', 'XNY', 'OHR', 'UDD', 'DCZ', 'YSD', 'VMJ', 'IKW', 'QQN', 'AWX', 'QIB', 'FCJ', 'YKR']
