['15', '19', '26', '52', '57', '128', '210', '286', '337', '461', '464', '468', '470', '472', '488', '491', '492', '493', '497', '498', '499']
['476']
['35', '36', '37', '38', '39', '40', '41', '43', '44', '46', '47', '48', '148', '263', '276', '277', '279', '280', '281', '282', '283', '284', '287', '288', '289', '290', '291', '385', '438', '454']
['31', '33', '34', '152', '156', '160', '474', '478', '480', '485']
['54', '62', '84', '85', '87', '88', '90', '109', '162', '179', '183', '189', '240', '258', '259', '260', '262', '264', '265', '267', '269', '272', '273', '383', '386', '389', '392', '393', '431', '434']
['12', '14', '16', '71', '72', '73', '74', '75', '77', '79', '81', '82', '93', '94', '95', '96', '97', '98', '100', '101', '102', '103', '104', '105', '106', '420', '437', '439', '456', '458']
['466']
['471']
['23', '119', '120', '167', '168', '173', '261', '266', '271', '285', '294', '310', '315', '328', '335', '336', '341', '343', '347', '418', '469', '473', '477', '479', '484', '486', '487', '490', '496']
['55', '122', '127', '130', '174', '175', '187', '219', '241', '242', '243', '245', '246', '247', '248', '249', '250', '251', '252', '253', '254', '255', '256', '382', '399', '415', '421', '427', '444', '447']
['4', '13', '42', '137', '142', '244', '293', '298', '301', '302', '307', '364', '365', '366', '367', '368', '369', '370', '371', '372', '373', '374', '375', '376', '377', '378', '379', '400', '426', '443']
['460']
['0', '1', '2', '5', '6', '8', '9', '11', '86', '91', '153', '155', '181', '186', '268', '278', '292', '312', '331', '338', '339', '340', '344', '390', '395', '409', '414', '440', '441', '451']
['32', '99', '135', '139', '146', '149', '169', '180', '190', '191', '192', '193', '194', '195', '196', '197', '198', '199', '200', '201', '202', '203', '204', '359', '380', '391', '404', '408', '412', '455']
['92', '143', '150', '224', '257', '274', '309', '316', '317', '318', '319', '320', '321', '323', '324', '327', '348', '349', '350', '351', '352', '354', '357', '360', '362', '363', '387', '397', '406', '416']
['462', '463', '483']
['10', '53', '64', '136', '138', '140', '213', '465', '494']
['59', '60', '61', '63', '65', '67', '68', '164', '170', '223', '228', '232', '233', '236', '237', '308', '311', '314', '322', '325', '326', '381', '402', '413', '423', '435', '442', '448', '452', '459']
['125', '482', '489']
['3', '24', '69', '70', '76', '78', '80', '83', '107', '108', '110', '111', '112', '113', '114', '115', '116', '117', '118', '121', '300', '306', '333', '388', '396', '403', '410', '422', '429', '467']
['66', '89', '123', '124', '126', '131', '132', '133', '134', '151', '158', '163', '165', '166', '171', '172', '188', '275', '295', '296', '299', '303', '304', '334', '394', '398', '407', '449', '475', '495']
['20', '49', '58', '129', '141', '154', '159', '176', '177', '178', '185', '211', '225', '226', '227', '229', '230', '231', '234', '235', '238', '239', '417', '419', '424', '432', '433', '450', '453', '457']
['7', '17', '18', '21', '22', '25', '27', '28', '29', '30', '45', '50', '51', '56', '144', '145', '147', '270', '297', '305', '353', '355', '356', '358', '361', '384', '405', '411', '430', '446']
['481']
['157', '161', '182', '184', '205', '206', '207', '208', '209', '212', '214', '215', '216', '217', '218', '220', '221', '222', '313', '329', '330', '332', '342', '345', '346', '401', '425', '428', '436', '445']
