['159', '162', '166', '176', '171', '178', '172', '164', '175', '179', '173', '174', '163', '161', '170', '168', '167', '157', '177', '165']
['391', '386', '385', '388', '389', '380', '390', '78', '387', '384', '383', '399', '400', '393', '394', '392', '396', '398', '381', '395']
['317', '309', '310', '303', '304', '314', '312', '301', '319', '302', '313', '320', '318', '315', '305', '316', '306', '307', '397', '311']
['272', '117', '106', '108', '105', '113', '110', '118', '115', '103', '120', '109', '114', '101', '102', '107', '111', '104', '119', '112']
['92']
['369', '366', '368', '376', '372', '370', '364', '365', '373', '379', '367', '374', '378', '362', '382', '361', '377', '375', '371', '363']
['147', '160', '155', '153', '151', '141', '150', '146', '180', '142', '143', '145', '169', '148', '156', '144', '149', '154', '158', '152']
['269', '280', '258', '266', '265', '276', '279', '277', '264', '268', '274', '261', '270', '262', '263', '275', '273', '278', '267']
['341', '352', '359', '347', '358', '345', '342', '343', '353', '360', '337', '355', '349', '356', '348', '346', '354', '344']
['31', '22', '30', '25', '21', '35', '23', '27', '38', '28', '32', '26', '34', '29', '36', '37', '24', '40', '33', '20']
['63', '72', '71', '59', '68', '65', '67', '79', '61', '70', '76', '66', '69', '62', '73', '75', '64', '74', '235', '338']
['350', '271', '357', '351']
['126', '131', '124', '121', '139', '122', '127', '138', '135', '137', '125', '140', '132', '129', '133', '134', '136', '128', '123', '130']
['1', '9', '6', '14', '8', '5', '18', '7', '39', '17', '2', '15', '13', '19', '12', '4', '11', '10', '3', '16']
['185', '197', '189', '198', '183', '191', '188', '200', '195', '182', '190', '186', '181', '194', '184', '193', '187', '192', '199', '196']
['91', '45', '90', '42', '56', '50', '47', '49', '53', '43', '41', '46', '44', '58', '55', '52', '48', '51', '60', '54']
['116', '326', '334', '327', '340', '321', '339', '323', '324', '325', '328', '332', '335', '329', '331', '336', '333', '330', '322']
['206', '207', '214', '210', '212', '215', '209', '208', '220', '204', '218', '203', '205', '202', '213', '211', '219', '201', '216', '217']
['99', '97', '82', '95', '88', '96', '94', '84', '57', '81', '86', '93', '87', '100', '98', '80', '77', '83', '85', '89']
['241', '250', '260', '255', '252', '246', '245', '257', '247', '254', '248', '249', '253', '242', '243', '251', '256', '259', '244']
['290', '299', '285', '294', '289', '282', '298', '297', '300', '288', '296', '295', '291', '287', '293', '284', '281', '292', '286', '283']
['230', '225', '224', '239', '226', '221', '222', '240', '236', '234', '237', '308', '232', '227', '231', '229', '238', '233', '228', '223']
