['40', '149', '213', '273']
['241']
['276']
['36', '77', '100', '137', '146', '169', '239', '310', '343', '361']
['165']
['5', '29', '32', '76', '81', '87', '114', '179', '208']
['106', '115', '117', '140', '167', '173', '181', '256', '308', '329']
['9', '28', '49', '164', '248', '359']
['41', '43', '144', '170', '258', '305', '338', '346', '383', '388']
['47', '63', '95', '132', '139', '161', '180', '222', '242', '287']
['82', '110', '121', '214', '219', '282', '284', '299', '303', '353']
['55']
['331']
['13', '177', '206', '226', '251', '268', '270', '358', '362', '363']
['33']
['159']
['17', '259', '367']
['387', '392']
['70', '290']
['27', '57', '79', '125', '190', '217', '265', '279', '360', '378']
['7', '30', '62', '64', '71', '240', '260', '275', '375']
['168']
['0', '67', '124', '126', '205', '272', '345', '356']
['122', '391']
['183']
['19']
['210']
['218']
['56', '89', '116', '131', '194', '197', '229', '266', '271', '322']
['21', '94', '162', '174', '207', '291', '399']
['366']
['320']
['54']
['24', '31', '58', '101', '109', '129', '147', '250', '389']
['263']
['23', '78', '86', '93', '98', '136', '158', '252', '283', '337']
['18', '288']
['15', '53', '96', '105', '157', '199', '233', '318', '348', '395']
['61', '171', '175']
['295']
['278', '314']
['50']
['45', '90', '123', '153', '249', '294', '327', '351', '373']
['20', '150', '166', '236', '244', '247', '349', '364', '376']
['212']
['243', '261', '342', '350', '372']
['254']
['381']
['68', '135', '163', '184', '192', '196', '201', '264', '379']
['4']
['189']
['269']
['225']
['306', '390']
['237', '324']
['385']
['66', '83', '102', '119', '188', '267', '315', '357']
['148']
['51', '152', '185', '301', '312']
['8', '14', '138', '186', '313', '340', '354', '371', '398']
['88', '120', '127', '155', '172', '204', '232', '316', '396']
['11', '304']
['73', '80', '187', '195', '203', '228', '352', '370', '374', '382']
['2', '108', '111', '142', '224', '293', '334', '393']
['113']
['309']
['35', '145', '193']
['227', '257']
['85', '198']
['37', '69', '99', '103', '141', '209', '215', '311', '336']
['91']
['10', '12', '22', '26', '44', '97', '143', '292', '296', '394']
['3']
['347']
['286']
['176', '230', '307']
['16', '202', '238', '277', '289', '330']
['339']
['221']
['300', '319']
['112', '234', '323', '326']
['191']
['38', '74']
['48', '60', '72', '107', '128', '154', '245', '328', '335', '368']
['130', '386']
['298']
['231']
['25', '151', '211', '246', '325']
['341']
['42', '52', '134', '156', '262', '344', '369', '377']
['39']
['1', '59', '160', '178', '200', '223', '253', '281', '384', '397']
['6', '75', '92', '104', '133', '182', '235', '255', '332', '355']
['274']
['84', '220']
['216']
['317']
['34', '46', '65', '118', '280', '285', '302', '321', '333', '380']
['365']
['297']
