['94', '129', '158', '214', '269']
['2', '47', '57', '66', '70', '73', '81', '83', '88', '95', '115', '123', '141', '150', '207', '212', '223', '247', '255', '256', '267', '279', '287', '292']
['98', '108', '167', '173', '252', '271']
['79', '106', '107', '218', '282']
['3', '4', '13', '29', '42', '113', '117', '142', '151', '154', '162', '163', '164', '168', '175', '182', '242', '244', '249', '258', '260', '272', '274', '286', '289']
['22', '24', '30', '51', '60', '61', '75', '109', '133', '183', '197', '211', '224', '225', '235', '240', '259', '270', '275', '277', '284', '288', '295', '297']
['71', '122', '132', '192', '195', '206', '263', '280', '290']
['26', '85', '138', '153', '215', '248']
['8', '21', '32', '45', '72', '77', '82', '84', '97', '103', '110', '114', '125', '140', '144', '146', '196', '208', '228', '238', '239', '243', '278']
['7', '18', '25', '34', '48', '69', '105', '112', '148', '159', '186', '205', '209', '222']
['15', '23', '40', '41', '67', '80', '100', '102', '119', '171', '174', '198', '201', '202', '213', '219', '246', '251', '253', '261', '265', '285']
['38', '55', '74', '156']
['11', '12', '14', '17', '56', '59', '63', '76', '92', '99', '116', '127', '139', '152', '169', '180', '187', '193', '200', '216', '220', '254', '273', '276', '299']
['6', '16', '58', '134', '149', '234', '250', '268']
['49']
['28', '37', '54', '87', '91', '93', '121', '135', '147', '161', '172', '181', '191', '231', '241', '257', '291', '298']
['52', '65', '78', '111', '128', '165', '176', '179', '210', '221', '227', '245', '283']
['10', '20', '39', '44', '53', '89', '124', '155', '157', '160', '184', '189', '199', '217', '226', '229', '232', '233', '266', '293']
['5', '27', '33', '35', '36', '43', '50', '86', '90', '101', '104', '126', '130', '143', '166', '177', '194', '203', '230', '236', '264', '281', '300']
['1', '9', '19', '31', '46', '62', '64', '68', '96', '118', '120', '131', '136', '137', '145', '170', '178', '185', '188', '190', '204', '237', '262', '294', '296']
