['52', '57', '179', '215', '228', '235', '258', '259', '265', '267', '270', '275', '309', '310']
['5', '14', '82', '99', '117', '135', '171', '227', '234', '246', '286', '299', '304', '308']
['31', '48', '63', '122', '128', '164', '173', '202', '209', '216', '266', '269', '274', '279']
['1', '11', '19', '36', '46', '62', '132', '147', '152', '159', '185', '190', '263', '268', '297']
['34', '60', '83', '87', '88', '103', '134', '142', '184', '194', '208', '232', '261', '306']
['23', '29', '47', '51', '71', '85', '86', '93', '191', '241', '244', '257', '284', '298', '307']
['9', '25', '38', '42', '53', '75', '95', '109', '126', '151', '198', '223', '277', '296']
['15', '37', '108', '113', '154', '169', '187', '205', '236', '242', '243', '260', '264']
['13', '20', '50', '68', '70', '111', '114', '140', '143', '201', '206', '214', '247', '252', '276', '289', '311']
['2', '119', '123', '127', '136', '156', '166', '180', '193', '195', '197', '203', '210', '229', '256', '281']
['3', '7', '16', '30', '59', '76', '79', '110', '175', '178', '188', '189', '212', '239', '245', '283']
['10', '28', '54', '55', '89', '101', '118', '125', '131', '170', '176', '230', '301', '312']
['18', '43', '91', '138', '139', '167', '168', '220', '221', '240', '254', '272', '278', '285']
['6', '49', '58', '65', '97', '112', '130', '149', '155', '158', '222', '271', '280', '291', '305']
['0', '17', '73', '74', '77', '84', '129', '133', '161', '162', '200', '218', '238', '300']
['21', '64', '98', '105', '146', '219', '233', '282']
['40', '144', '292']
['41', '67', '69', '90', '102', '104', '120', '145', '174', '181', '293', '313']
['22', '24', '27', '44', '92', '96', '121', '177', '192', '217', '225', '237', '249', '250']
['4', '12', '32', '35', '72', '80', '124', '137', '141', '157', '165', '196', '213', '273', '294']
['56', '94', '100', '107', '115', '116', '150', '153', '183', '186', '211', '224', '253', '302']
['8', '26', '33', '61', '148', '163', '172', '226', '231', '255', '262', '288', '295', '303']
['39', '45', '66', '78', '81', '106', '160', '182', '199', '204', '207', '248', '251', '287', '290']
