['bkrlzdx', 'dwfazac', 'qgpciwf', 'jgbbizt', 'qwcwszq', 'jnfpvkg', 'nbftfsb', 'tjcagrq', 'engjphl', 'odoqgfk', 'ylnttkr']
['cmlcnuo', 'ypwfljl', 'bhbfrfj', 'bwxgkld', 'edebgoj', 'ehcdgdr', 'jxlxfoo', 'otmayxy']
['npbmbcl', 'gnlcixq', 'etkmfom', 'olzxpzb', 'dubzmmn', 'gmultvj', 'ylscqcm', 'ojujfds', 'hnpufhr', 'wklasyt', 'nkylhqw', 'apuclff', 'bvvitzv', 'joerrak', 'oayxvdx', 'znskrzx']
['kolwqja', 'lpzhylm', 'spgwzqj', 'yfabxdu', 'kuwyrgr', 'drtgipl', 'mcirxcd', 'jcoguvu', 'pmckuxh', 'rnluyib', 'cewygrc', 'rljbssd', 'bnuxlph', 'aowxwvx', 'wjosnfy', 'huwkfqk']
['bnyrwnb', 'sfzipfj', 'korcvcx', 'ydirvrp', 'mnxptfo', 'jbockfp', 'rqevvql', 'axxwrug', 'sieoave', 'thidksk', 'acgwdsb', 'zxtfzys', 'qccnlus', 'cjhldsy', 'pnnzbti']
['hvnuihp', 'iuddtax', 'aytcnpm', 'vfebggx', 'goxywvb', 'qhwwalp', 'fxswbii', 'eghatxl', 'bymyfhs', 'uahwspd', 'puotspj', 'crzdxig', 'djzcmeu', 'gbuoffj', 'jrguwdk', 'wenwqgs']
['upucitb', 'nvjeors', 'iiybggp', 'qqeafqd', 'jwpfwqz', 'mbrlttj', 'ozoxsck', 'ptpmisy', 'hlruggb', 'reolqff', 'wqohgce', 'afvpuoz', 'ljxgjfb', 'egfbifk', 'pkosxjv', 'gmqbbof']
['coupfju', 'clcozil', 'fieuife', 'xsjadss', 'cutedox', 'vwcmgzh', 'ndqmeid']
['xlypwfl', 'vowjmgf', 'qerzkir', 'werprzm', 'yiuitfo', 'vuedrix', 'fhuqtfp', 'owgzpow', 'vogmqqe', 'pcdlpcz', 'vvjtuhb', 'ksrplzq', 'dgvegls', 'ovyjjfm', 'kuhueyd', 'brpqwlx']
['vshvlic', 'mmsicju', 'zrhphdg', 'tjtezbn', 'ebexhbz', 'rfhgsrd', 'jdufzkb', 'xcjwaaa', 'momhmut', 'pcrzoox', 'ljxjare', 'dpgzdmu', 'mgtzswf', 'mtrmooo', 'dpmxdni', 'shztxik']
['dtmsxwk', 'cjyrens', 'zrimkhj', 'aadjodd', 'mclspox', 'lehooqa', 'lpzovzo']
['nsjgubf', 'wznyiaw', 'ktyynlr', 'lfxhllc', 'gmapuez', 'zhdvxfc', 'pvwdbuk', 'cvokrsd', 'dsvowko', 'ypncztk', 'mtbiczg', 'upgszso', 'lmgvnku', 'ljllxhw', 'itivxup', 'ygoytty']
['yvvwjem', 'jaikykc', 'egezjtl', 'bbevbps', 'pojnkue', 'ekbghpg', 'uuqtrnp', 'tdrolvx', 'zvuccyi', 'jigaagt', 'hxlagmh', 'rxnxrbl', 'atvqyki', 'zfqckzr', 'ulqqnrx', 'ymwwchd']
['gdvcboj', 'qufxqvh', 'urudgpc', 'eezxrdd', 'labghhm', 'dnxxgal', 'dmsftgx', 'hutontm', 'bolryno', 'bpbiuoh', 'urujvnn', 'xaawrda', 'rroxpwu', 'lqjdzbc', 'jbhevly', 'vbcaiur']
['adzdoyj', 'emqikpe', 'owvackd', 'ultrowi', 'bundjpw', 'vrvkaaa', 'vahwsck', 'wellvsr', 'oqqfikf', 'szlzdlt', 'ynxyoyb', 'bxtdbjc', 'hfzbxzo', 'ftbfwum', 'wmodcaj']
['mlehrqr', 'hwprfxd', 'upzignf', 'nrctxxu', 'noyikuy', 'ckbpvbd', 'ueyjznc', 'xxqfkzr', 'rxngmkt', 'ptcbphe', 'kadvzfh', 'fhrabmr', 'ksjmenx', 'ebtqhua', 'roothgi', 'vkrrkcg']
['sfjvtxw', 'zmgjecs', 'nehlpbv', 'okdlbya', 'qifpupk', 'capkmzr', 'gceicua', 'nlfhgdx', 'njoxkmb', 'rbpdoot', 'dqbtiaw', 'tfsfpnw', 'yqtlogi', 'bfonhts', 'uekjkik', 'amfrehb']
['yssbhls', 'kpqzpfs', 'mirwseo', 'kjhsxww', 'vvwlixv', 'lucqgzc', 'omyynfi', 'yoqrhdw', 'emvhlci', 'hqikiss', 'jhstklj', 'jojnukl', 'uckdnaa', 'jmjdmxv', 'awftunn', 'idyyroc']
['uitiunf', 'nndfzgt', 'lcmynyw', 'glkfhro', 'ntanocw', 'xabjjff', 'ohgorzn', 'zexclum', 'ximpauw', 'nbhknmw', 'huzgikq', 'alvvzcr', 'mbzuntj', 'vxktmpe', 'qxwwqfk', 'crclbim']
['gdkxxon', 'grhnknx', 'ngznfds', 'jtkovjl', 'uckaokp', 'ktqbsnt', 'aenkmpt', 'igvkuru', 'kvfjhzh', 'crmjrbf', 'opcamxc', 'rqdjqiq', 'poyacsv', 'bwpwdoy', 'mqwftjq', 'xdofsvh']
['abxurqr', 'newswsl', 'szriiex', 'wdahnhw', 'mqeymdi', 'pjsyeez', 'kiwoauy', 'pwaalip', 'hrmwoaf', 'qimiqpx', 'qavmxlu', 'dcysunk', 'ugpqnzn', 'wlhpnux']
['kitxrio', 'igtcqiv', 'iudsrjy', 'laxdipx', 'qlgkouj', 'ulpkpaf', 'xxhgtbs', 'jzqcfee', 'hlkffeh', 'kctacue', 'fufnjyf', 'upxaolv', 'raymfyf', 'liqhklu', 'jivtfds', 'dazkzcz']
['jplsynx', 'eiuywkb', 'rbwdwlz', 'weondbg', 'hncniof', 'sgrvtpg', 'ehfkaur', 'sfjkptj', 'gevooyy', 'pxgrikq', 'jnwitwp', 'atfmxqs', 'joqmipo']
['zxijrwr', 'efrtcpo', 'ytvwmpd', 'ciynmhw', 'azzpyql', 'tqjelgo', 'xuppdvy', 'uhhhxgy', 'asyegiw', 'sipicas', 'douqsoq', 'wxbassh', 'aslzxho', 'nzhlxzk', 'ljqttnn', 'zxlpndu']
['dlfncva']
['ofsoyop', 'fhflmkc', 'rorsdzp', 'quaahkj', 'ipxjgfz', 'oikctcj', 'vjpstks', 'hylhzqr', 'nrplxxf', 'tgshqis', 'frxrjcw', 'mltjlsu', 'hscfpsc', 'kzgbgcg']
['whaalyx', 'vmrdoff', 'uwgeeaz', 'fdccgyr', 'nqmwwmz', 'xxradgz', 'oegoznu', 'aocuywp', 'dtfwkrc', 'fzplaod', 'skvsmyl', 'fzsjvuk', 'jygmmrk', 'fgubrui', 'vvadaaj']
