['90', '174']
['1', '5', '11', '12', '21', '24', '29', '31', '32', '35', '36', '40', '41', '42', '45', '47', '56', '61', '63', '64', '71', '75', '81', '86', '89', '92', '104', '105', '106', '108', '110', '112', '115', '125', '126', '128', '134', '142', '147', '148', '149', '152', '157', '160', '165', '166', '169', '176', '177', '179', '180', '181', '182', '185', '186', '189', '195', '197', '198', '199', '200', '201', '204', '205', '207', '208', '210', '211', '215', '216', '217', '234', '235', '236', '237', '238', '240', '241', '242', '243', '244', '246', '251', '255', '256', '264', '266', '271', '273', '274', '275', '277', '278', '280', '281', '286', '287', '288', '289', '290', '295', '297', '302', '305', '314', '318', '320', '335', '336', '346', '347', '351', '353', '354', '357', '360', '362', '363', '365', '371', '377', '379', '381', '401', '405', '413', '415', '424', '438', '447', '449', '450', '451', '452', '453', '454', '455', '473', '474', '480', '482', '487', '488', '489', '490', '491', '493', '494', '495', '496', '498']
['140']
['3', '114']
['268']
['13', '49', '65', '73', '94', '101', '102', '127', '130', '139', '151', '153', '155', '202', '203', '218', '219', '221', '222', '223', '224', '226', '227', '228', '229', '230', '232', '233', '257', '332', '370', '403', '404', '406', '407', '410', '418', '421', '423', '436', '499']
['7', '19', '20', '34', '43', '143', '158', '308', '309', '321', '358', '364', '375', '428', '434', '437']
['4', '10', '18', '27', '46', '48', '51', '67', '68', '85', '95', '96', '107', '109', '116', '122', '123', '133', '145', '156', '163', '167', '172', '173', '183', '196', '209', '212', '213', '214', '247', '253', '254', '263', '265', '282', '296', '300', '303', '304', '307', '315', '319', '323', '327', '329', '330', '331', '333', '338', '339', '343', '345', '349', '366', '367', '373', '376', '378', '390', '402', '414', '426', '440', '457', '458', '459', '460', '461', '462', '463', '466', '467', '468', '475', '476', '477', '478', '479', '492']
['464']
['50', '164']
['441']
['6', '8', '9', '14', '17', '23', '25', '26', '28', '30', '37', '44', '52', '53', '54', '57', '59', '60', '62', '66', '69', '70', '72', '74', '76', '77', '80', '82', '83', '91', '97', '99', '100', '103', '113', '119', '124', '129', '132', '135', '136', '137', '144', '150', '159', '168', '170', '171', '175', '187', '188', '191', '193', '206', '220', '225', '231', '239', '245', '248', '249', '250', '252', '258', '259', '260', '261', '262', '267', '269', '270', '272', '283', '285', '291', '299', '306', '310', '311', '312', '313', '322', '324', '325', '326', '328', '334', '337', '340', '341', '342', '344', '348', '352', '355', '356', '359', '361', '368', '369', '372', '374', '380', '389', '391', '392', '393', '394', '395', '396', '397', '398', '399', '400', '408', '409', '411', '412', '417', '419', '420', '422', '425', '431', '433', '439', '442', '443', '465', '481', '483', '484', '485', '486', '497']
['117', '120', '469', '470', '471', '472']
['15']
['184', '279']
['55', '84', '118', '138', '192', '316', '382', '383', '384', '385', '386', '387', '388', '416']
['0', '2', '39', '87', '88', '93', '98', '121', '131', '161', '178', '190', '194', '276', '284', '292', '293', '294', '317']
['162']
['22', '33', '38', '78', '111', '444', '445', '446', '448']
['58', '350', '456']
['146', '298']
['16', '79', '141', '154', '301', '427', '429', '430', '432', '435']
