['Courtney', 'Jenna', 'Abby', 'Anastasia', 'Kassidy', 'Cassie', 'Heidi', 'Ivy', 'Elisabeth', 'India']
['Brittney', 'Evelyn', 'Jamie', 'Kasey', 'Ashlynn', 'Brandi', 'Lesly', 'Viviana', 'Cara', 'Litzy']
['Cassidy', 'Ariana', 'Maya', 'Melanie', 'Ellen', 'Colleen', 'Chasity', 'Esperanza', 'Luz', 'Tierra']
['Angel', 'Lily', 'Meredith', 'Annie', 'Carolyn', 'Dana', 'Shayla', 'Genevieve', 'Marilyn', 'Barbara']
['Margaret', 'Audrey', 'Britney', 'Avery', 'Jordyn', 'Tia', 'Layla', 'Krista', 'Janet', 'Alyson']
['Adriana', 'Lillian', 'Kiara', 'Mckenzie', 'Meghan', 'Skylar', 'Angelica', 'Kristen', 'Lauryn', 'Lucy']
['Kimberly', 'Vanessa', 'Bailey', 'Melissa', 'Kaylee', 'Camille', 'Priscilla', 'Deja', 'Tatum', 'Tamia']
['Erin', 'Ashton', 'Zoey', 'Iris', 'Kaleigh', 'Maddison', 'Felicity', 'Taryn', 'Kiley', 'Jaclyn']
['Makayla', 'Shelby', 'Caitlin', 'Yesenia', 'Alexus', 'Tatiana', 'Kristin', 'Kelsie', 'Kiersten', 'Kiera']
['Caitlyn', 'Alicia', 'Jocelyn', 'Gianna', 'Sadie', 'Jaden', 'Leilani', 'Aileen', 'Athena', 'Clare']
['Katelyn', 'Jacqueline', 'Autumn', 'Angela', 'Breanna', 'Briana', 'Macie', 'Lucia', 'Deborah', 'Macey']
['Lindsey', 'Kendra', 'Holly', 'Jasmin', 'Selena', 'Alaina', 'Susan', 'Kaila', 'Sage', 'Nichole']
['Rylee', 'Dakota', 'Imani', 'Tiana', 'Kayleigh', 'Marina', 'Clara', 'Meagan', 'Jacquelyn', 'Lizbeth']
['Danielle', 'Michelle', 'Brooklyn', 'Savanna', 'Guadalupe', 'Nadia', 'Dominique', 'Chyna', 'Regina', 'Cristal']
['Alexa', 'Leslie', 'Molly', 'Alondra', 'Denise', 'Mariana', 'Bryanna', 'Gina', 'Linda', 'Toni']
['Amelia', 'Serena', 'Mallory', 'April', 'Hallie', 'Rose', 'Kailey', 'Mayra', 'Brisa', 'Cora']
['Sasha', 'Tianna', 'Jayden', 'Alanna', 'Malia', 'Angie', 'Carlie', 'Nora', 'Elaina', 'Sonia']
['Asia', 'Ruby', 'Ella', 'Rosa', 'Gillian', 'Destinee', 'Josie', 'Katlyn', 'Georgia', 'Tyler']
['Karen', 'Amaya', 'Maggie', 'Delaney', 'Casey', 'Aaliyah', 'Sandra', 'Haylee', 'Cindy', 'Kassandra']
['Claire', 'Leah', 'Gabriella', 'Tiffany', 'Amy', 'Macy', 'Genesis', 'Julianna', 'Alana', 'Brenna']
['Mikayla', 'Kelly', 'Miranda', 'Josephine', 'Shania', 'Carissa', 'Regan', 'Johanna', 'Justine', 'Paris']
['Catherine', 'Crystal', 'Tessa', 'Jaqueline', 'Carmen', 'Vivian', 'Bridget', 'Perla', 'Eden', 'Miracle']
['Angelina', 'Karina', 'Sophie', 'Sofia', 'Payton', 'Alexia', 'Ariel', 'Esther', 'Daniella', 'Ann']
['Cynthia', 'Theresa', 'Tamara', 'Yasmine', 'Sharon', 'Alice', 'Alayna', 'Bailee', 'Mckayla', 'Ayanna']
['Raven', 'Kristina', 'Valeria', 'Jazmin', 'Rachael', 'Alison', 'Katrina', 'Jazmine', 'Joanna', 'Fatima']
['Kelsey', 'Alexandria', 'Sabrina', 'Erica', 'Cameron', 'Patricia', 'Katelynn', 'Cierra', 'Elena', 'Kyla']
['Kathryn', 'Mia', 'Isabel', 'Ana', 'Sidney', 'Virginia', 'Gisselle', 'Julissa', 'Marie', 'Eleanor']
['Mckenna', 'Kendall', 'Kara', 'Carolina', 'Whitney', 'Celeste', 'Kaitlynn', 'Haleigh', 'Jayda', 'Halle']
['Amber', 'Madeline', 'Sara', 'Faith', 'Mariah', 'Elise', 'Paulina', 'Zaria', 'Emilie', 'Felicia']
['Wendy', 'Tabitha', 'Paola', 'Clarissa', 'Tatyana', 'Brandy', 'Francesca', 'Abbey', 'Aurora', 'Alma']
['Kylee', 'Makenzie', 'Karla', 'Kamryn', 'Cristina', 'Raquel', 'Monique', 'Helen', 'Amari', 'Adrienne']
['Brenda', 'Ashlyn', 'Desiree', 'Nancy', 'Nia', 'Kierra', 'Tiara', 'Kaylie', 'Mikaela', 'Madalyn']
['Kennedy', 'Veronica', 'Isabelle', 'Hayley', 'Michaela', 'Natasha', 'Reagan', 'Lisa', 'Anne', 'Marisa']
['Caroline', 'Kaitlin', 'Diamond', 'Claudia', 'Skyler', 'Kirsten', 'Liliana', 'Deanna', 'Marisol', 'Carrie']
['Marissa', 'Zoe', 'Heather', 'Mya', 'Ava', 'Naomi', 'Juliana', 'Logan', 'Callie', 'Renee']
['Cheyenne', 'Natalia', 'Kate', 'Emilee', 'Kailee', 'Piper', 'Marlene', 'Tayler', 'Lorena', 'Kaley']
['Angelique', 'Irene', 'Janae', 'Madyson', 'Chelsey', 'Eliana', 'Eve', 'Sydnee', 'Melina', 'Arielle']
['Erika', 'Tara', 'Allyson', 'Gracie', 'Mercedes', 'Lacey', 'Yasmin', 'Phoebe', 'Joy', 'Tania']
['Kylie', 'Kiana', 'Alissa', 'Ciara', 'Ashleigh', 'Baylee', 'Heaven', 'Teresa', 'Ruth', 'Krystal']
['Christine', 'Nina', 'Talia', 'Eliza', 'Harley', 'Sylvia', 'Julianne', 'Brooklynn', 'Elisa', 'Devin']
['Kyra', 'Miriam', 'Aliyah', 'Charlotte', 'Eva', 'Kali', 'Lesley', 'Lilly', 'Serenity', 'Jane']
['Katie', 'Cassandra', 'Diana', 'Summer', 'Tori', 'Kenya', 'Shyanne', 'Kelli', 'Madelynn', 'Breana']
['Brittany', 'Bianca', 'Kathleen', 'Jessie', 'Noelle', 'Carla', 'Karissa', 'Precious', 'Lexi', 'Annika']
['Brooke', 'Trinity', 'Chelsea', 'Hope', 'Lydia', 'Bethany', 'Shannon', 'Daniela', 'Kira', 'Anahi']
['Mary', 'Gabrielle', 'Jordan', 'Sierra', 'Andrea', 'Laura', 'Tyra', 'Kaylin', 'Rhiannon', 'Madisyn']
['Jada', 'Giselle', 'Jayla', 'Ashlee', 'Carley', 'Pamela', 'Fiona', 'Alina', 'Skye', 'Larissa']
['Paige', 'Christina', 'Julie', 'Esmeralda', 'Gloria', 'Jenny', 'Charity', 'Annabelle', 'Emely', 'Janelle']
['Jade', 'Gabriela', 'Jillian', 'Madelyn', 'Arianna', 'Riley', 'Adrianna', 'Aubrey', 'Melody', 'Alisha']
['Valerie', 'Monica', 'Peyton', 'Carly', 'Hanna', 'Rebekah', 'Alejandra', 'Addison', 'Cheyanne', 'Martha']
['Daisy', 'Lindsay', 'Camryn', 'Makenna', 'Madeleine', 'Cecilia', 'Ellie', 'Hailee', 'Allie', 'Hunter']
