['28', '29', '236', '238', '239']
['35', '39', '43', '45', '47', '51']
['249', '300', '301', '302', '320', '321', '323']
['103', '191', '248', '250']
['177', '178', '179', '338']
['8', '9', '10', '11', '80', '82', '83']
['224', '225', '226', '272', '273']
['336', '337', '339', '342', '388', '389']
['186']
['354']
['240', '241']
['15', '19']
['363', '364', '366', '367']
['297']
['365', '399']
['97', '210', '264', '265', '267', '271', '274']
['34', '85', '86', '87', '392', '393', '394']
['171']
['96', '98', '99', '133', '134']
['88', '89', '91']
['117', '118']
['60', '62', '63', '348', '349', '350', '351']
['332', '333', '334', '335', '374', '396', '398']
['352', '353', '355', '357', '359']
['180', '182', '183', '304', '305', '306', '307']
['328', '329', '330', '331']
['140', '141', '142', '143', '147', '181']
['72', '73', '74', '75']
['48']
['165', '166', '167', '168', '169', '170']
['148', '149', '151', '155', '159']
['397']
['122']
['216', '217', '218', '219', '344']
['188', '189', '190']
['192', '193', '194', '195']
['172', '317', '319']
['136', '137', '138', '377']
['12', '13', '14', '176']
['212', '213', '280']
['90', '256', '257', '258', '259', '263']
['184', '185', '187', '206', '285', '286']
['66', '312', '313', '314', '395']
['24', '25', '26', '27', '275']
['295', '308', '311', '315', '345', '346', '347']
['209', '277']
['21', '22', '23', '124', '125', '126', '127']
['260', '261', '262']
['156', '157', '158']
['310']
['84']
['144', '145', '146']
['128', '129', '130', '131', '132', '135']
['64']
['37', '38']
['173', '174', '175']
['93', '95', '244', '245', '246']
['290', '291']
['247', '380']
['100', '101', '102', '223', '227', '231']
['309']
['6', '81', '150']
['40', '41', '42', '284', '287']
['20', '30', '31', '162', '371']
['152', '153', '154']
['52', '54', '55', '59', '65', '67']
['33', '61']
['53']
['112', '113', '114', '115', '116', '119']
['276', '278', '279', '281', '282', '283']
['303']
['16', '17', '18', '296', '298', '299']
['107', '108', '109', '110', '111']
['104', '105', '106', '228', '229', '230']
['76', '77', '78', '79', '266']
['69', '70', '71', '160', '161', '163']
['92', '94', '214', '215', '268', '269', '270']
['220', '221']
['139', '204', '205', '207']
['288', '289']
['56', '57', '58', '222', '340', '341', '343']
['36', '356', '358']
['164']
['120', '121', '123', '324', '325', '326', '327']
['251', '368', '369', '370']
['200', '202', '390']
['208', '211', '292', '293', '294']
['252', '253', '254', '255', '316', '318']
['242', '243']
['196']
['0', '1', '2', '3', '4', '5', '7']
['360', '361', '362']
['322']
['68']
['232', '233', '234', '235', '384', '385']
['197', '198', '199', '201', '203']
['44', '46', '49', '50', '237']
['32', '376', '378', '379']
['381', '382', '383', '386', '387', '391']
['372', '373', '375']
