['247']
['398']
['84']
['449']
['308']
['48']
['2', '5', '15', '17', '20', '23', '27', '28', '29', '32', '41', '53', '57', '58', '63', '74', '75', '81', '85', '86', '99', '102', '108', '110', '125', '136', '141', '145', '148', '149', '151', '155', '159', '161', '171', '172', '173', '175', '176', '180', '182', '189', '190', '191', '197', '200', '201', '210', '217', '224', '231', '240', '242', '243', '251', '255', '259', '260', '262', '263', '268', '269', '270', '277', '278', '282', '287', '293', '304', '306', '316', '317', '335', '345', '350', '353', '360', '366', '372', '378', '386', '394', '404', '411', '413', '414', '417', '419', '427', '432', '434', '435', '440', '444', '445', '451', '455', '457', '467', '475', '479', '489']
['118']
['16']
['339']
['332']
['486']
['79']
['162']
['406']
['245']
['59']
['168']
['18']
['122']
['13']
['160']
['290']
['403']
['194']
['253']
['213']
['178']
['472']
['497']
['54']
['33']
['379']
['211']
['0', '3', '4', '6', '7', '8', '9', '12', '14', '19', '21', '24', '30', '35', '45', '49', '50', '52', '55', '56', '65', '66', '68', '72', '76', '80', '82', '83', '87', '88', '90', '91', '94', '96', '103', '104', '105', '109', '112', '115', '116', '117', '119', '128', '131', '138', '140', '150', '157', '169', '174', '185', '188', '193', '195', '202', '203', '205', '206', '207', '212', '214', '215', '220', '227', '228', '229', '230', '234', '236', '237', '246', '249', '254', '256', '257', '258', '265', '271', '273', '274', '275', '276', '279', '284', '291', '295', '297', '301', '305', '311', '320', '321', '322', '323', '324', '325', '326', '334', '336', '340', '342', '346', '354', '355', '369', '371', '373', '375', '382', '383', '387', '393', '395', '396', '397', '401', '405', '407', '410', '415', '420', '421', '422', '423', '425', '426', '429', '431', '433', '436', '437', '439', '442', '446', '452', '453', '454', '459', '461', '464', '465', '466', '468', '469', '470', '473', '474', '476', '477', '481', '482', '485', '487', '490', '493', '494', '495', '499']
['10', '22', '25', '31', '42', '47', '64', '67', '70', '77', '100', '106', '121', '126', '127', '134', '135', '142', '147', '153', '164', '179', '181', '183', '184', '187', '192', '199', '225', '232', '241', '248', '264', '266', '272', '280', '281', '283', '285', '286', '288', '289', '294', '296', '300', '307', '310', '319', '330', '331', '343', '351', '357', '358', '362', '363', '370', '377', '384', '389', '391', '399', '402', '412', '416', '460', '463', '480', '484']
['137']
['408']
['129']
['312']
['235']
['348']
['385']
['478']
['95']
['11', '39', '40', '43', '89', '97', '101', '107', '113', '132', '139', '143', '152', '154', '163', '165', '166', '177', '186', '218', '223', '238', '239', '252', '261', '267', '313', '329', '347', '356', '361', '368', '390', '409', '418', '438', '450', '456', '458', '471', '496', '498']
['327']
['61']
['380']
['1']
['299']
['219']
['46']
['133']
['374']
['170']
['359']
['233']
['352']
['69']
['314']
['120']
['400']
['198']
['365']
['491']
['36']
['338']
['462']
['333']
['44', '73', '93', '328', '344', '349', '424']
['483']
['196']
['130']
['250']
['430']
['392']
['226']
['124']
['71']
['34', '60', '62', '92', '144', '146', '221', '222', '315', '318', '341', '381', '428', '441', '443', '447', '448', '488', '492']
['156', '158']
['298']
['376']
['123']
['216']
['364']
['204']
['38']
['367']
['51']
['244']
['111']
['337']
['78']
['209']
['114']
['26', '37', '98', '167', '208', '292', '302', '303']
['388']
['309']
