['uitiunf', 'nndfzgt', 'lcmynyw', 'glkfhro', 'bbevbps', 'ntanocw', 'ohgorzn', 'zexclum', 'ximpauw', 'nbhknmw', 'huzgikq', 'alvvzcr', 'vxktmpe', 'ulqqnrx', 'qxwwqfk', 'crclbim']
['nsjgubf', 'ktyynlr', 'lfxhllc', 'gmapuez', 'eiuywkb', 'zhdvxfc', 'weondbg', 'pvwdbuk', 'cvokrsd', 'ehfkaur', 'sfjkptj', 'gevooyy', 'ljllxhw', 'itivxup', 'ygoytty', 'joqmipo']
['zrhphdg', 'vmrdoff', 'cjyrens', 'nehlpbv', 'okdlbya', 'ypwfljl', 'olzxpzb', 'gceicua', 'ehcdgdr', 'bfonhts', 'sipicas', 'mgtzswf']
['bkrlzdx', 'jgbbizt', 'hwprfxd', 'upzignf', 'nrctxxu', 'ckbpvbd', 'ueyjznc', 'nbftfsb', 'rxngmkt', 'kadvzfh', 'vrvkaaa', 'fhrabmr', 'ebtqhua', 'roothgi']
['cmlcnuo', 'qgpciwf', 'sfjvtxw', 'zmgjecs', 'qifpupk', 'capkmzr', 'nlfhgdx', 'bwxgkld', 'njoxkmb', 'rbpdoot', 'dqbtiaw', 'tfsfpnw', 'yqtlogi', 'jxlxfoo', 'uekjkik', 'amfrehb']
['adzdoyj', 'bnyrwnb', 'sfzipfj', 'korcvcx', 'mnxptfo', 'qhwwalp', 'jbockfp', 'engjphl', 'sieoave', 'djzcmeu', 'thidksk', 'acgwdsb', 'zxtfzys', 'qccnlus', 'cjhldsy', 'pnnzbti']
['gdvcboj', 'qufxqvh', 'urudgpc', 'eezxrdd', 'ngznfds', 'labghhm', 'dnxxgal', 'hutontm', 'crmjrbf', 'bolryno', 'bpbiuoh', 'urujvnn', 'xaawrda', 'lqjdzbc', 'jbhevly', 'vbcaiur']
['kitxrio', 'iudsrjy', 'aytcnpm', 'ydirvrp', 'rqevvql', 'axxwrug', 'hlkffeh']
['dtmsxwk', 'egezjtl', 'spgwzqj', 'mclspox', 'jtkovjl', 'mcirxcd', 'pmckuxh', 'rnluyib', 'igvkuru', 'cewygrc', 'lehooqa', 'cutedox', 'bwpwdoy', 'lpzovzo', 'ndqmeid']
['abxurqr', 'mlehrqr', 'newswsl', 'szriiex', 'wdahnhw', 'mqeymdi', 'kiwoauy', 'dmsftgx', 'pwaalip', 'hrmwoaf', 'jygmmrk', 'qimiqpx', 'qavmxlu', 'dcysunk', 'ugpqnzn', 'wlhpnux']
['kolwqja', 'lpzhylm', 'tjtezbn', 'gdkxxon', 'yfabxdu', 'kuwyrgr', 'drtgipl', 'jcoguvu', 'rqdjqiq', 'rljbssd', 'afvpuoz', 'bnuxlph', 'aowxwvx', 'ymwwchd', 'wjosnfy', 'huwkfqk']
['efrtcpo', 'ciynmhw', 'noyikuy', 'rbwdwlz', 'xxqfkzr', 'azzpyql', 'xuppdvy', 'asyegiw', 'dlfncva', 'douqsoq', 'wxbassh', 'aslzxho', 'ksjmenx', 'nzhlxzk', 'ljqttnn', 'zxlpndu']
['hvnuihp', 'iuddtax', 'aadjodd', 'jnfpvkg', 'goxywvb', 'fxswbii', 'eghatxl', 'bymyfhs', 'uahwspd', 'puotspj', 'clcozil', 'crzdxig', 'gbuoffj', 'jrguwdk', 'vwcmgzh', 'wenwqgs']
['uwgeeaz', 'fdccgyr', 'vfebggx', 'nqmwwmz', 'bhbfrfj', 'xxradgz', 'oegoznu', 'hxlagmh', 'aocuywp', 'dtfwkrc', 'fzplaod', 'skvsmyl', 'fzsjvuk', 'fgubrui', 'vkrrkcg', 'vvadaaj']
['whaalyx', 'kpqzpfs', 'mirwseo', 'kjhsxww', 'vvwlixv', 'lucqgzc', 'omyynfi', 'pjsyeez', 'yoqrhdw', 'emvhlci', 'rxnxrbl', 'uckdnaa', 'jmjdmxv', 'awftunn', 'idyyroc']
['yvvwjem', 'jaikykc', 'jwpfwqz', 'pojnkue', 'grhnknx', 'uuqtrnp', 'zvuccyi', 'uckaokp', 'ktqbsnt', 'aenkmpt', 'hncniof', 'jigaagt', 'kvfjhzh', 'opcamxc', 'atvqyki', 'poyacsv']
['xlypwfl', 'yssbhls', 'vuedrix', 'fhuqtfp', 'ksrplzq', 'pxgrikq']
['coupfju', 'igtcqiv', 'laxdipx', 'qlgkouj', 'ulpkpaf', 'xxhgtbs', 'jzqcfee', 'kctacue', 'fufnjyf', 'upxaolv', 'fieuife', 'raymfyf', 'xsjadss', 'liqhklu', 'jivtfds', 'dazkzcz']
['hqikiss']
['wznyiaw', 'ytvwmpd', 'ptcbphe', 'tqjelgo', 'uhhhxgy', 'dsvowko', 'ypncztk', 'mtbiczg', 'rroxpwu', 'upgszso', 'lmgvnku', 'odoqgfk']
['vshvlic', 'gnlcixq', 'mmsicju', 'etkmfom', 'ebexhbz', 'rfhgsrd', 'jdufzkb', 'xcjwaaa', 'momhmut', 'pcrzoox', 'ljxjare', 'dpgzdmu', 'mtrmooo', 'dpmxdni', 'shztxik']
['upucitb', 'nvjeors', 'iiybggp', 'qqeafqd', 'ekbghpg', 'mbrlttj', 'ozoxsck', 'ptpmisy', 'hlruggb', 'reolqff', 'wqohgce', 'zfqckzr', 'ljxgjfb', 'egfbifk', 'pkosxjv', 'gmqbbof']
['vowjmgf', 'jplsynx', 'qerzkir', 'werprzm', 'yiuitfo', 'owgzpow', 'vogmqqe', 'pcdlpcz', 'vvjtuhb', 'jojnukl', 'dgvegls', 'ovyjjfm', 'jnwitwp', 'atfmxqs', 'kuhueyd', 'brpqwlx']
['emqikpe', 'dwfazac', 'owvackd', 'qwcwszq', 'ultrowi', 'bundjpw', 'tjcagrq', 'vahwsck', 'wellvsr', 'oqqfikf', 'szlzdlt', 'ynxyoyb', 'bxtdbjc', 'hfzbxzo', 'ylnttkr', 'wmodcaj']
['ofsoyop', 'fhflmkc', 'rorsdzp', 'quaahkj', 'ipxjgfz', 'oikctcj', 'vjpstks', 'hylhzqr', 'sgrvtpg', 'otmayxy', 'nrplxxf', 'tgshqis', 'frxrjcw', 'mltjlsu', 'hscfpsc', 'kzgbgcg']
['zxijrwr', 'xabjjff', 'tdrolvx', 'edebgoj', 'jhstklj', 'mbzuntj', 'mqwftjq', 'xdofsvh']
['npbmbcl', 'zrimkhj', 'dubzmmn', 'gmultvj', 'ylscqcm', 'ojujfds', 'hnpufhr', 'wklasyt', 'nkylhqw', 'apuclff', 'bvvitzv', 'joerrak', 'ftbfwum', 'oayxvdx', 'znskrzx']
