['14', '44', '74', '104', '134', '160', '164', '194', '224', '254', '284']
['1', '23', '31', '53', '61', '91', '113', '121', '143', '151', '173', '181', '203', '211', '233', '241', '263', '271', '293']
['98', '218']
['2', '8', '32', '38', '62', '68', '92', '93', '122', '123', '128', '152', '153', '158', '182', '188', '212', '242', '248', '278']
['11', '41', '71', '101', '131', '161', '191', '221', '251', '281']
['6', '36', '66', '126', '156', '186', '216', '246', '276', '286']
['27', '49', '57', '87', '117', '147', '177', '207', '237', '267', '297']
['19', '79', '109', '139', '169', '199', '229', '289']
['18', '48', '52', '78', '108', '138', '168', '198', '228', '258', '288']
['213']
['81']
['22', '82', '100', '112', '142', '172', '202', '232', '262', '292']
['12', '42', '72', '102', '132', '162', '192', '222', '252', '259', '282']
['124', '256']
['13', '24', '43', '54', '73', '84', '103', '114', '133', '144', '163', '174', '193', '204', '223', '234', '253', '264', '283', '294']
['15', '16', '45', '46', '75', '76', '105', '106', '135', '136', '165', '166', '195', '196', '225', '226', '255', '285']
['17', '47', '77', '107', '137', '167', '197', '227', '257', '287']
['80', '83']
['10', '40', '70', '130', '190', '220', '250', '280']
['35', '155', '215']
['7', '37', '67', '97', '127', '157', '187', '217', '247', '277']
['0', '28', '30', '58', '60', '88', '90', '118', '120', '148', '150', '178', '180', '208', '210', '238', '240', '268', '270', '298']
['115']
['219']
['4', '26', '34', '56', '64', '86', '94', '116', '146', '154', '176', '184', '206', '214', '236', '244', '266', '272', '274', '296']
['20', '21', '50', '51', '96', '110', '111', '140', '141', '170', '171', '200', '201', '230', '231', '260', '290', '291']
['3', '5', '25', '33', '55', '63', '65', '85', '95', '125', '145', '175', '183', '185', '205', '235', '243', '265', '273', '295']
['9', '39', '69', '99', '129', '159', '189', '249', '279']
['275']
['29', '59', '89', '119', '149', '179', '209', '239', '245', '261', '269', '299']
