['121']
['44']
['150']
['0', '1', '2', '4', '5', '6', '135', '136', '141', '143']
['128']
['81', '84', '88', '254']
['12', '25', '43', '52', '70', '75', '76', '83', '85', '94', '104', '114', '116', '131', '132', '137', '148', '155', '157', '166', '181', '184', '195', '204', '213', '217', '224', '226', '235', '249', '258', '270', '274', '275', '279', '285', '290', '295', '299']
['31', '32', '51', '54', '58', '60', '62', '66', '80', '87', '92', '100', '118', '125', '126', '129', '130', '174', '197', '201', '203', '207', '208', '210', '212', '214', '221', '233', '244', '253', '255', '261', '264', '265', '268', '277', '281', '283', '298']
['17', '24', '35', '38', '40', '47', '49', '53', '65', '89', '96', '98', '101', '134', '139', '158', '159', '169', '178', '187', '194', '199', '211', '216', '219', '222', '223', '238', '242', '246', '248', '251', '262', '272', '284', '287', '288', '289', '291']
['108', '112', '115']
['162', '163']
['3', '11', '36', '37', '41', '42', '56', '82', '90', '93', '95', '97', '99', '102', '107', '110', '138', '144', '145', '147', '151', '152', '153', '154', '161', '170', '179', '183', '185', '192', '220', '225', '228', '229', '230', '231', '293', '297']
['164']
['252', '257', '260']
['127']
['59']
['180', '182', '188']
['215']
['45']
['7', '26', '39', '57', '64', '79', '106', '111', '120', '156', '171', '172', '173', '176', '177', '209', '243', '245', '250', '286']
['14', '34', '48', '50', '55', '78', '86', '91', '105', '109', '117', '119', '124', '133', '140', '146', '168', '175', '186', '189', '190', '191', '196', '198', '202', '206', '218', '234', '237', '240', '247', '256', '263', '269', '273', '276', '282', '294', '296']
['227']
['8', '9', '10', '13', '15', '16', '18', '19', '20', '21', '22', '23', '27', '28', '29', '30', '33', '46', '61', '68', '72', '73', '74', '77', '113', '122', '142', '165', '193', '200', '205', '232', '236', '266', '267', '271', '278', '280', '292']
['123']
['160']
['103']
['239', '259']
['167']
['63', '67', '69', '71']
['149', '241']
