['92', '109', '113', '118', '135', '234', '317', '326', '334', '341']
['51', '57', '69', '88', '93', '107', '127', '166', '168', '222', '243']
['52', '63', '68', '87', '99', '167', '183', '203', '248', '450']
['75', '154', '185', '200', '201', '224', '232', '235', '247', '256', '258', '280']
['85', '95', '106', '150', '169', '173', '177', '223', '245']
['400', '402', '414', '431', '432', '433', '434', '437', '441', '442', '445', '446']
['67', '71', '89', '130', '138', '207', '220']
['114', '120', '181', '190', '198', '242', '246', '453', '467', '470', '476', '496']
['451', '454', '458', '460', '462', '465', '466', '471', '477', '480', '485', '486']
['252', '259', '260', '263', '273', '278', '281', '283', '288', '290', '291', '299']
['2', '5', '9', '12', '13', '14', '19', '24', '35', '41', '42', '45']
['60', '83', '108', '136', '149', '156', '158', '206', '221']
['354', '367', '371', '373', '378', '382', '383', '388', '393', '395', '396', '398']
['66', '180', '191', '194', '202', '212', '241']
['61', '72', '102', '148', '152', '160', '164', '192', '211']
['53', '54', '116', '213', '356', '360', '368', '370', '375', '377', '392', '399']
['456', '461', '463', '469', '481', '482', '484', '487', '490', '492', '493', '495']
['8', '10', '18', '20', '31', '34', '48', '84', '124', '125', '143', '182']
['86', '97', '112', '121', '122', '142', '144', '193', '204', '217', '231', '236']
['452', '455', '457', '464', '472', '478', '479', '483', '488', '489', '494', '497']
['56', '105', '131', '132', '161', '170', '172', '244']
['253', '254', '255', '262', '275', '277', '282', '285', '286', '287', '294', '295']
['304', '310', '312', '327', '331', '333', '340', '343', '344', '345', '346', '349']
['3', '39', '62', '64', '82', '141', '188', '208', '209', '320']
['98', '101', '134', '171', '175', '196', '229', '350', '353', '361', '385', '390']
['73', '80', '96', '128', '157', '197', '225', '411', '415']
['300', '303', '307', '313', '315', '318', '319', '323', '325', '337', '342', '347']
['352', '357', '358', '365', '369', '374', '376', '381', '384', '386', '389', '391']
['6', '7', '16', '21', '44', '74', '77', '78', '81', '103', '137', '226']
['403', '413', '416', '418', '420', '421', '423', '424', '425', '426', '435', '436']
['153', '184', '240', '404', '405', '419', '427', '428', '444', '447', '448']
['58', '90', '94', '111', '133', '163', '179', '205', '215', '237', '238', '249']
['301', '302', '306', '308', '311', '314', '316', '328', '330', '335', '338', '348']
['178', '401', '406', '408', '409', '417', '429', '430', '438', '440', '443', '449']
['0', '11', '23', '26', '27', '29', '30', '32', '36', '43', '46', '47']
['65', '151', '159', '162', '186', '189', '214', '233']
['115', '140', '216', '397', '459', '468', '473', '474', '475', '491', '498', '499']
['227', '257', '261', '266', '269', '271', '272', '276', '279', '292', '296', '298']
['1', '4', '15', '17', '22', '25', '28', '33', '37', '38', '40', '49']
['70', '79', '91', '100', '119', '145', '146', '165', '219', '239']
['50', '123', '129', '305', '309', '321', '322', '324', '329', '332', '336', '339']
['250', '251', '264', '265', '267', '268', '270', '274', '284', '289', '293', '297']
['351', '355', '359', '362', '363', '364', '366', '372', '379', '380', '387', '394']
['104', '126', '139', '155', '199', '218', '228', '407', '410', '412', '422', '439']
['55', '59', '76', '110', '117', '147', '174', '176', '187', '195', '210', '230']
