['44', '90', '115', '284', '298', '337', '347', '357', '412', '455']
['22', '33', '170', '194', '266', '274', '361', '382', '464', '469']
['76', '317']
['84', '139', '179', '229', '305', '363', '364', '404']
['73', '128', '175', '238', '376', '422', '471', '500']
['9', '25', '63', '88', '191', '233', '267', '272', '360', '380']
['2', '86', '109', '129', '173', '240', '244', '335', '370', '393']
['35', '42', '82', '176', '218', '250', '294', '320', '391', '470']
['81', '121', '203', '220', '234', '310', '429']
['45', '74', '103', '111', '295', '307', '333', '411', '475', '479']
['32', '137', '190', '210', '251', '340', '366', '480']
['95', '126', '160', '192', '297', '323', '402', '442']
['219', '248', '293', '296', '304', '315', '413', '423', '441', '494']
['108', '120', '140', '204', '241', '253', '311', '353', '420', '488']
['262', '438']
['15', '476']
['34', '107', '154', '169', '183', '236', '242', '300', '371', '384']
['26', '55', '166', '196', '225', '379', '398', '440', '482', '493']
['30', '49', '135', '153', '168', '189', '217', '235', '290', '365']
['17', '65', '152', '301', '313', '405', '409', '410', '457']
['21', '80', '177', '180', '195', '287', '362', '387', '461']
['29', '60', '118', '223', '245', '312', '314', '373', '414', '452']
['53', '146', '157', '172', '269', '273', '332', '425', '447']
['6', '48', '125', '131', '221', '281', '358', '437']
['39', '141', '198', '306', '345']
['37', '41', '70', '85', '116', '205', '336', '368', '383', '436']
['92', '200', '206', '264', '270', '326', '338', '350', '386', '487']
['20', '181', '232', '239', '255', '352', '434', '450', '451', '485']
['4', '8', '54', '114', '147', '377', '431', '459', '498']
['14', '61', '72', '78', '117', '132', '167', '193', '228', '439']
['119', '143', '285', '381', '458', '466', '473']
['18', '40', '83', '151', '268', '280', '327', '351', '378', '456']
['102', '106', '122', '259', '282']
['12', '97', '150', '164', '231', '257', '344', '478', '489']
['51', '91', '93', '101', '237', '254', '396', '462']
['59', '104', '286', '288', '324', '407', '426', '432', '443', '467']
['56', '58', '64', '138', '214', '292', '359', '427', '497']
['395', '491']
['62', '127', '213', '279', '385', '400', '496']
['302', '399']
['208', '265', '289', '299', '394', '428', '445', '468', '481']
['50', '79', '158', '188', '211', '278', '343', '355', '417']
['133', '161', '216', '283', '325', '341', '349', '415', '453', '484']
['36', '46', '105', '149', '163', '178', '224', '227', '392', '490']
['68', '113', '124', '174', '339', '354', '435', '486', '499']
['52', '66', '94', '145', '184', '263', '271', '316', '346', '348']
['7', '96', '112', '249', '388', '406']
['1', '134', '171', '201', '309', '322', '397', '433', '444', '465']
['24', '57', '197', '212', '230', '401']
['148', '165', '187', '246', '277', '331', '448']
['13', '31', '100', '142', '202', '369', '389', '454', '460', '463']
['16', '19', '47', '71', '123', '156', '162', '408', '421', '474']
['10', '27', '89', '98', '182', '207', '222', '275', '303', '342']
['23', '38', '215', '291', '328', '375', '416', '424']
['28', '77', '209', '276', '319', '367', '390', '403', '472']
['5', '67', '75', '130', '256', '258', '261', '329', '334']
['252']
['11', '87', '144', '186', '226', '260', '321', '430', '446']
['243', '418', '419']
['3', '43', '136', '159', '247', '308', '372', '374', '449', '495']
['69', '99', '185', '199', '318', '356']
['110', '155', '330', '477', '483', '492']
