['Rhodia', 'Rivkah', 'Sherrie', 'Agneta', 'Dee', 'Leda', 'Eve', 'Kaitlynn', 'Oralee', 'Meggi', 'Gerry', 'Randie', 'Arlee', 'Valli', 'Kala']
['Stesha', 'Inga', 'Estele', 'Karie', 'Neile', 'Georgiana', 'Babara', 'Fernande', 'Agnes', 'Jen', 'Marcella', 'Annice', 'Stefa', 'Reggi', 'Alyson']
['Alexandrina', 'Estella', 'Winifred', 'Idalina', 'Birgitta', 'Clemmie', 'Tamara', 'Mechelle', 'Josepha', 'Cristionna', 'Starlin', 'Cindie', 'Jemie', 'Bekki', 'Allie']
['Lesly', 'Charita', 'Dorine', 'Alia', 'Elvera', 'Anastassia', 'Tanitansy', 'Mei', 'Jessamyn', 'Debora', 'Lydie', 'Millisent', 'Anabal', 'Thia', 'Ronnica']
['Rowena', 'Tiphanie', 'Morena', 'Doroteya', 'Kathy', 'Anabelle', 'Jesse', 'Risa', 'Marlena', 'Sadye', 'Kathryn', 'Kania', 'Cassondra', 'Lorain', 'Conchita']
['Avivah', 'Patty', 'Vonni', 'Jacqui', 'Danni', 'Peg', 'Latisha', 'Britney', 'Serena', 'Belle', 'Myrtle', 'Lulu', 'Demetria', 'Mella', 'Maddalena']
['Sandie', 'Beatrice', 'Corinne', 'Carla', 'Shoshana', 'Caryn', 'Terese', 'Roxane', 'Rosamond', 'Ingunna', 'Sheila', 'Leanora', 'Melinde', 'Tamra', 'Edith']
['Joelly', 'Vanni', 'Camala', 'Anabel', 'Cristabel', 'Laverne', 'Ansley', 'Eulalie', 'Agatha', 'Nicki', 'Julie', 'Brunhilda', 'Nelie', 'Andromache', 'Bonita']
['Paulina', 'Cherilynn', 'Monique', 'Malva', 'Xylina', 'Faythe', 'Sonni', 'Jolie', 'Tiffy', 'Allene', 'Della', 'Pammy', 'Fredericka', 'Zenia', 'Lisette']
['Orsa', 'Marcie', 'Yovonnda', 'Cristen', 'Nanon', 'Katti', 'Lira', 'Selinda', 'Tani', 'Nedda', 'Kaitlin', 'Aviva', 'Rita', 'Nissie', 'Krissy']
['Row', 'Carri', 'Eran', 'Teddi', 'Gavra', 'Netty', 'Diane', 'Fawnia', 'Sula', 'Korney', 'Brook', 'Matilde', 'Corly', 'Cathryn', 'Anette']
['Kara', 'Tiffany', 'Shanie', 'Jaynell', 'Marijo', 'Dotti', 'Vicky', 'Casi', 'Nicoli', 'Lynnet', 'Tim', 'Cassandra', 'Tallie', 'Noell', 'Haley']
['Moyna', 'Emelda', 'Shirl', 'Mair', 'Adriane', 'Erminia', 'Addi', 'Idelle', 'Yolanda', 'Lorena', 'Brittan', 'Bertie', 'Johanna', 'Yoshi', 'Eolanda']
['Gaby', 'Roslyn', 'Ranice', 'Yetta', 'Frankie', 'Silva', 'Rosana', 'Ulrike', 'Georgeanne', 'Tarra', 'Sada', 'Gianina', 'Lotte', 'Desiri', 'Dyane']
['Austina', 'Ruperta', 'Daphene', 'Clarissa', 'Willi', 'Agnese', 'Hedwiga', 'Fania', 'Marlie', 'Helyn', 'Marris', 'Oliy', 'Mariellen', 'Sile', 'Marabel']
['Carroll', 'Andie', 'Amalee', 'Kiele', 'Veradis', 'Paige', 'Mirna', 'Lani', 'Dominica', 'Antonietta', 'Kellie', 'Stephannie', 'Mufinella', 'Lyda', 'Britteny']
['Cheslie', 'Sileas', 'Jorrie', 'Joanna', 'Hortense', 'Colline', 'Brear', 'Gwennie', 'Vinni', 'Natalya', 'Melloney', 'Kellsie', 'Bernice', 'Delly', 'Collete']
['Doris', 'Rosene', 'Rhody', 'Gae', 'Lorie', 'Erica', 'Stormi', 'Opal', 'Flory', 'Janice', 'Sofie', 'Diahann', 'Nancie', 'Adiana', 'Fran']
['Drusy', 'Brigitte', 'Clemence', 'Claudie', 'Harriet', 'Charmine', 'Missy', 'Quintana', 'Gale', 'Bridgette', 'Chelsy', 'Noreen', 'Athena', 'Dita', 'Marisa']
['Livy', 'Kittie', 'Dena', 'Kathleen', 'Ramonda', 'Briny', 'Gabbie', 'Angelica', 'Zulema', 'Madelena', 'Catha', 'Else', 'Maxie', 'Martina', 'Euphemia']
