['Thomasina', 'Raine', 'Christabel', 'Delila', 'Evangeline', 'Vilma', 'Shelby', 'Kay', 'Ray', 'Uta', 'Kaylyn', 'Leora', 'Laverna', 'Henrietta', 'Esmaria', 'Harriett', 'Yalonda', 'Martguerita', 'Siobhan']
['Lorraine', 'Ondrea', 'Tersina', 'Deeann', 'Jeannette', 'Lia', 'Lettie', 'Marley', 'Dianna', 'Carmelia', 'Corinna', 'Zorana', 'Dulcie', 'Lisbeth', 'Andriette', 'Katha', 'Almeda', 'Vonny', 'Ellie']
['Jeannie', 'Valerie', 'Shayne', 'Veronike', 'SheilaKathryn', 'Cammie', 'Suellen', 'Wilow', 'Siusan', 'Freda', 'Feliza', 'Shelli', 'Trude', 'Kial', 'Toma', 'Annie', 'Corey', 'Gwendolen']
['Shelia', 'Kalindi', 'Tybi', 'Tressa', 'Roseann', 'Fayth', 'Laraine', 'Lorinda', 'Hatty', 'Kylen', 'Nicoli', 'Melva', 'Amitie', 'Emmalynne', 'Sibylle', 'Trista', 'Honey', 'Pollyanna', 'Fawne']
['Lois', 'Nelia', 'Brandie', 'Erinna', 'Joly', 'Harrie', 'Callie', 'Idell', 'Silva', 'Sue', 'Marice', 'Renae', 'Laura', 'Marjie', 'Merrielle', 'Lorena', 'Mia', 'Raven', 'Camilla']
['Brandise', 'Analise', 'Cate', 'Anya', 'Madelin', 'Melodie', 'Caryn', 'Imogen', 'Geralda', 'Sharron', 'Chris', 'Fredelia', 'Constantina', 'Shani', 'Kellen', 'Ashely', 'Natka', 'Marlyn', 'Bessy']
['Lila', 'Heidie', 'Arliene', 'Rebbecca', 'Inna', 'Emelina', 'Cristina', 'Tiffani', 'Eddi', 'Laverne', 'Sophie', 'Phedra', 'Coretta', 'Willabella', 'Ashli', 'Noelyn', 'Katalin', 'Dulcia', 'Kathlin']
['Garland', 'Sara', 'Leilah', 'Emilee', 'AnnaDiana', 'Megan', 'Patti', 'Terra', 'Misti', 'Alvina', 'Jacquenette', 'Therine', 'Tamarah', 'Penny', 'Ealasaid', 'Courtnay', 'Vin', 'Lindsy', 'Chrystel']
['Magdaia', 'Meggy', 'Christina', 'Ethelind', 'Marla', 'Madelyn', 'Winifred', 'Karol', 'Dulcea', 'Joannes', 'Erma', 'Annalee', 'Deny', 'Clemmie', 'Cory', 'Dolores', 'Erna', 'Brenn', 'Ortensia']
['Cynde', 'Zoe', 'Pia', 'Jenna', 'Starr', 'Pavla', 'Chelsea', 'Goldi', 'Toni', 'Sheree', 'Genni', 'Joleen', 'Tamarra', 'Marigold', 'Catina', 'Susana', 'Kelcey', 'Sayre', 'Lauretta']
['Janette', 'Reta', 'Ivie', 'Thalia', 'Jess', 'Blake', 'Loria', 'Bibbie', 'Gayle', 'Edeline', 'Ula', 'Tammy', 'Jsandye', 'Renelle', 'Matilda', 'Rozanna', 'Arleyne', 'Jorey', 'Myrilla']
['Licha', 'Brigid', 'Gerianna', 'Anjanette', 'Randene', 'AnnaDiane', 'Biddie', 'Geri', 'Elayne', 'Gabriell', 'Joycelin', 'Costanza', 'Rosene', 'Claudina', 'Kippy', 'Lavinia', 'Grazia', 'Corella', 'Shaina']
['Zita', 'Kata', 'Denyse', 'Marylou', 'Kinna', 'Lita', 'Susi', 'Jaclyn', 'Ardine', 'Nevsa', 'Cayla', 'Natala', 'Daisi', 'Tilda', 'Una', 'Cecelia', 'Lona', 'Tanhya', 'Paula']
['Mariette', 'Idalina', 'Lynnett', 'Gigi', 'Tatiana', 'Lori', 'Saundra', 'Lillis', 'Gaynor', 'Nora', 'Darcee', 'Gerrilee', 'Nerta', 'Jane', 'Faith', 'Laureen', 'Gwenette', 'Nolana', 'Clemmy']
['Jada', 'Serena', 'Betteanne', 'Clari', 'HelenElizabeth', 'Henriette', 'Frankie', 'Kora', 'Wendeline', 'Jobina', 'Hendrika', 'Jeralee', 'Laurice', 'Lorna', 'Merline', 'Tobi', 'Viva', 'Rosalind']
['Dayle']
['Eadie', 'Goldina', 'Ardenia', 'Anthe', 'Elisabet', 'Mariejeanne', 'Emmy', 'Lorrin', 'Dana', 'Marcia', 'Kania', 'Cordie', 'Lina', 'Eve', 'Aubrette', 'Flori', 'Karisa', 'Sheeree', 'Debby']
['Carlye', 'Madonna', 'Tessy', 'Sheena', 'Lisabeth', 'Ginger', 'Barbe', 'Jessika', 'Lyn', 'Kassia', 'Genna', 'Lilla', 'Raye', 'Miquela', 'Eula', 'Crystie', 'Donella', 'Libby', 'Helenka']
['Alyce', 'Avivah', 'Hyacinth', 'Mareah', 'Reeva', 'Giralda', 'Jolie', 'Giselle', 'Paulette', 'Lacey', 'Sherline', 'Heather', 'Carline', 'Tresa', 'Vallie', 'Midge', 'Ashlen', 'Meris', 'Kerstin']
['Katleen', 'Maddalena', 'Jeniffer', 'Libbi', 'Riannon', 'Bonnee', 'Edi', 'Nadine', 'Brynne', 'Paulina', 'Natalina', 'Johnette', 'Constantia', 'Cinnamon', 'Leona', 'Cherry', 'Janey', 'Camille', 'Vivia']
['Jeannine', 'Rasla', 'Bria', 'Evvy', 'Jasmin', 'Karlotta', 'Tova', 'Vi', 'Vickie', 'Fayina', 'Kettie', 'Verina', 'Liz', 'Rosalinde', 'Mina', 'Pansie', 'Christin', 'Mable', 'Kiersten']
['Valentine', 'Amabel', 'Debbie', 'Andree', 'Charis', 'Moyra', 'Maryjo', 'Billy', 'Sharla', 'Nomi', 'Vanessa', 'Sofia', 'Phillis', 'Barbaraanne']
['Pandora', 'Herminia', 'Rachel', 'Shay', 'Philomena', 'Tanya', 'Milena', 'Stefa', 'Jaime', 'Koressa', 'Patience', 'Shayna', 'Mehetabel', 'Cordy', 'Allsun', 'Essa', 'Keri', 'Pierrette', 'Pippy']
['Elinor', 'Oliy', 'Coral', 'Bobbie', 'Bell', 'Maryl', 'Minnnie', 'Robena', 'Lanni', 'Livia', 'Neila', 'Sephira', 'Isabelle', 'Jodi', 'Gussy', 'Phil', 'Nerissa', 'Romonda', 'Sheilah']
['Devinne', 'Stepha', 'Rosina', 'Drucill', 'Neilla', 'Prudi', 'Brynna', 'Di', 'Reggi', 'Jennica', 'Carree', 'Danell', 'Kristin', 'Kacey', 'Wilone', 'Linette', 'Jessamyn', 'Sallyanne', 'Madalena']
