['Adanna', 'Shahid', 'Aibhilin', 'Yavian', 'Jahlen', 'Tralyn', 'Dyami', 'Ayahna', 'Fox', 'Alieyah', 'Montana', 'Hesham', 'Analiah', 'Selena', 'Kvaughn']
['Camill', 'Mezmariah', 'Ilyn', 'Jaquan', 'Yajahira', 'Jos']
['Mailen']
['Zykerria', 'Adaley', 'Kalum', 'Chanze', 'Demetreus', 'Daxx', 'Sincere', 'Terriona', 'Gertrude', 'Lada', 'Jabes', 'Ganon', 'Antwane', 'Adysen', 'Stafford', 'Katalina', 'Jdan', 'Emilie', 'Spartan', 'Niemah', 'Donnelle', 'Amritha', 'Loni', 'Abriyana', 'Anwesha', 'Nitzia', 'Kaushik', 'Venezia', 'Kay', 'Malaja']
['Zamyah', 'Alainna']
['Khamil', 'Carsten', 'Coraline', 'Avielle', 'Veena', 'Aizik', 'Braeley', 'Elway', 'Azeriah', 'Quentyn', 'Monserath', 'Zuzanna', 'Deriyon', 'Vivica', 'Noami', 'Ishmel', 'Estephanie', 'Keion', 'Anouk', 'Osmin', 'Dajana', 'Casondra', 'Srinath', 'Mircale']
['Caliegh', 'Jesus', 'Salif', 'Bailynn', 'Mylez', 'Soniah']
['Alyze', 'Kaymarie', 'Anastacio', 'Oviya', 'Ron']
['Kenniyah', 'Kenzington', 'Kenzo', 'Vanesa', 'Rayne']
['Tasi']
['Cliff', 'Seleen', 'Saheim', 'Asha', 'Zoiee', 'Dairon', 'Nalaya']
['Kitty', 'Charlize', 'Abdulrehman', 'Sagan', 'Ancel', 'Vedika', 'Rexford', 'Davidjr', 'Amonti', 'Yaire', 'Alison', 'Gor', 'Treyonna', 'Byron', 'Gyzelle', 'Margie', 'Keyvin', 'Tyannah', 'Raphael', 'Soriya', 'Mikaelah', 'Farha', 'Raymir', 'Larry', 'Griffon', 'Shamyia']
['Dereck', 'Alayasia', 'Mykaylah', 'Lauralynn', 'Aleiyah', 'Shakila', 'Jophy', 'Jovey', 'Jakelin', 'Jeremias', 'Rey', 'Jema', 'Eeliyah', 'Deidre', 'Michaell', 'Giannie', 'Kariana', 'Jaleena', 'Cordai', 'Khila']
['Atika', 'Sashya', 'Shanaiya', 'Natasia', 'Casandra', 'Lukis', 'Amr', 'Coulson', 'Nohely', 'Harlem', 'Dashun', 'Coi', 'Abhinav', 'Gwendolynn']
['Kamora', 'Tayseer', 'Jerel', 'Kaleo', 'Alyiana', 'Inaki', 'Benito', 'Guy', 'Leni']
['Akasha']
['Marcellius']
['Giankarlo']
['Takia', 'Abaan', 'Rosalio', 'Tahir', 'Adriene', 'Dainen', 'Jandre', 'Markise', 'Jamaine', 'Dorcas', 'Gunther', 'Sihaam', 'Dea', 'Donnovan', 'Laticia', 'Marck', 'Anadalay', 'Jekeria', 'Ally']
['Kobe', 'Bailei', 'Ori', 'Doyle', 'Miley', 'Jersi', 'Jaleesa', 'Aman', 'Kaeleen', 'Janine', 'Apollonia', 'Shamaiya', 'Tralaya']
['Ettel', 'Trystian']
['Makyra', 'Hugo', 'Azzareya', 'Jeru', 'Katarina', 'Alaija', 'Serra', 'Orren', 'Aanyah']
['Amor']
['Jarem', 'Zolin', 'Khloee', 'Kyston', 'Fabrizzio', 'Bristol', 'Jahred', 'Litsy', 'Crystina', 'Lailani', 'Jaquis', 'Anagha', 'Eleah', 'Stefanny', 'Jaydah', 'Merissa', 'Marifer', 'Joed', 'Serenety', 'Xaviel', 'Ameerah', 'Iris', 'Jacob', 'Sameeha', 'Rock', 'Maude', 'Nakaya']
['Tafari', 'Taigen', 'Mikyla', 'Bright', 'Eddieberto', 'Dhyan', 'Jesalyn', 'Elysha', 'Zayquan', 'Bow', 'Emmanuela', 'Julia', 'Jerriah']
['Artie', 'Nancy', 'Dragon', 'Desteni', 'Haya', 'Gracia', 'Kairy', 'Feven', 'Keni', 'Thaddius', 'Jezzelle', 'Taegan', 'Kensleigh', 'Keemya', 'Quintavious', 'Tayyab', 'Chidi', 'Treyson', 'Leighann', 'Ramses', 'Shannel', 'Natsumi', 'Handsome', 'Nidhi', 'Nakari', 'Citlally', 'Detravion', 'Abdulraheem']
['Anela']
['Chyna', 'Isaak', 'Mykenna', 'Tajuan', 'Cyris']
['Jasiya']
['Kayliann', 'Suri', 'Matt']
['Nethra']
['Brydan', 'Mylie', 'Evia', 'Basha', 'Samauri', 'Carena', 'Lazaria', 'Shardae', 'Nakeya', 'Tobias', 'Rohil', 'Oluwatobi', 'Lamariah', 'Hannelore', 'Zinia', 'Timia', 'Merary', 'Ingrid', 'Zackrey', 'Jirah', 'Hakop', 'Mikelle', 'Trinitey', 'Kaymi', 'Jalyiah', 'Tacori', 'Shalonda', 'Sharlene', 'Asa', 'Mariaelena']
['Jamonte', 'Emmely', 'Dessie', 'Tobechi', 'Quintasia', 'Ryleeann', 'Sevastian', 'Reynaldo']
['Noha']
['Marialy', 'Lealand']
['Nishta', 'Masud', 'Yarithza', 'Kameryn']
['Delisha']
['Halo', 'Jebediah', 'Lizmari', 'Shanell', 'Nayara', 'Sydelle', 'Yarisbel', 'Jarrell', 'Adaisha', 'Derionna', 'Thadius', 'Dell', 'Brinleigh', 'Sabastion', 'Deedra', 'Jamear', 'Denize', 'Abdoulaziz', 'Blaine', 'Arsalan', 'Armita']
['Johnavan', 'Ellarie', 'Marnae', 'Eliziah', 'Tam', 'Liat', 'Marwan', 'Sheniyah', 'Jameisha', 'Delara', 'Aryeh', 'Sinia']
['Zaahir', 'Dominika', 'Siena', 'Danyca', 'Renyah']
['Shelbee', 'Jazir']
['Leilah']
['Kaeley', 'Meryl', 'Jaaziah', 'Olive', 'Larrissa', 'Ricky', 'Cylah', 'Sanae', 'Avigail', 'Tashvi', 'Lilienne', 'Brenya', 'Keyin', 'Taye', 'Zahriyah', 'Andriy', 'Lynia', 'Jaeline', 'Jalilah', 'Daxen', 'Deliany', 'Fidel', 'Vinnie', 'Kinzie', 'Ailene', 'Fe', 'Trenise', 'Cicily', 'Mikea']
['Kyo']
['Jayme', 'Elisah', 'Aarohi', 'Sevren', 'Jatziry', 'Milene', 'Yu', 'Liann', 'Rielly', 'Ahnaya', 'Devaun', 'Mckaylin', 'Marik', 'Raeleigh', 'Salmaan', 'Kaira', 'Dhalia', 'Shy', 'Jomary', 'Aayana', 'Kirrah', 'Lakiyah', 'Kenzlie', 'Jax', 'Antonin', 'Shamiyah', 'Endi', 'Cisco']
['Seiry', 'Mumin', 'Sussy', 'Aley', 'Jasahn', 'Guadalupe', 'Michai', 'Vyncent', 'Dusan', 'Sayd', 'Farah', 'Merlina', 'Khalee', 'Carine', 'Juliano', 'Yonason', 'Evangelyne', 'Satomi', 'Thien', 'Jamaad', 'Kellon', 'Adeleine', 'Keili', 'Jailon', 'Gauge', 'Kirubel', 'Charlett', 'Lilyonna', 'Hayven', 'Azavier']
['Aylana', 'Emree', 'Navia', 'Mylani', 'Zyeir', 'Artyom', 'Shiala', 'Colie', 'Leib', 'Tanyla', 'Jamiyla', 'Britnee', 'Jaimarie', 'Hashem', 'Antrone', 'Marrius', 'Prakruti', 'Marcellino', 'Cynae', 'Kapena', 'Janesha', 'Jemiah', 'Kimball', 'Aysenur', 'Hallei', 'Helaman', 'Ebany', 'Kemily']
