['448', '464']
['15', '17', '41', '43', '69', '76', '106', '124', '213', '214', '216', '220', '223', '245', '246', '247', '248', '249', '251', '253', '254', '256', '257', '258', '259', '260', '261', '294', '330', '335']
['176', '179', '180', '181', '184', '185', '186', '243', '250', '255', '408']
['10', '13', '56', '96', '97', '105', '107', '108', '215', '219', '341', '343', '345', '347', '348', '349', '350', '351', '352', '354', '355', '357', '358', '360', '438', '440', '457', '459']
['8', '16', '20', '21', '24', '25', '26', '46', '86', '94', '110', '111', '112', '113', '114', '115', '116', '117', '118', '119', '120', '123', '173', '178', '182', '188', '211', '333', '381', '451']
['39', '67', '139', '141', '194', '435', '437', '466', '467', '468', '469', '470', '471', '473', '474', '475', '477', '478', '480', '481', '482', '483', '486', '487', '489', '495']
['125', '126', '129', '130', '131', '133', '134', '136', '137', '138', '175', '222', '362', '418']
['0', '158', '298', '299', '409']
['202', '413', '421', '427', '430']
['1', '2', '3', '23', '75', '80', '81', '88', '89', '91', '92', '93', '140', '177', '183', '244', '396', '401']
['68', '71']
['12', '42', '52', '53', '63', '142', '144', '145', '168', '187', '208', '218', '302', '312', '314', '366', '386', '387', '389', '390', '392', '393', '394', '397', '398', '399', '400', '404', '410', '431']
['9', '100', '284', '293', '321', '323', '324', '327', '329', '331', '332', '334', '336', '337', '339', '415']
['82', '127', '174', '190', '191', '195', '196', '197', '199', '200', '201', '204', '205', '228', '229', '231', '232', '234', '235', '236', '237', '238', '239', '241', '242', '269', '375', '420', '425', '426']
['44', '48', '54', '66', '146', '153', '189', '209', '224', '326', '346', '411', '412', '414', '416', '417', '419', '422', '423', '424', '432', '433', '434', '436', '445', '449', '452', '453', '454', '455']
['73', '74', '121', '122', '212', '217', '273', '281', '282', '283', '285', '286', '287', '288', '289', '290', '291', '292', '295', '296', '297', '300']
['34', '35', '58', '85', '193', '227', '276', '301', '304', '307', '309', '310', '311', '317', '318', '319', '342', '344', '353', '476', '479', '484', '485', '488', '491', '493', '494']
['40', '45', '49', '50', '51', '303', '305', '306', '308', '313', '315', '316', '320']
['458', '472']
['14', '47', '156', '225', '226', '230', '233', '240', '262', '263', '267', '268', '274', '356', '361', '363', '367', '368', '369', '370', '371', '372', '377', '379', '380', '382', '384', '385']
['59', '103', '198', '359', '364', '365', '373', '374', '376', '378', '383', '428', '429']
['84', '87', '446']
['4', '192', '206', '272', '275', '280', '322', '340']
['279']
['19', '22', '29', '65', '70', '72', '77', '78', '79', '143', '147', '148', '149', '150', '151', '152', '154', '155', '210', '221', '270', '277']
['55', '62', '95', '98', '99', '101', '102', '104', '109', '157', '159', '160', '161', '162', '163', '164', '165', '166', '167', '169', '170', '171', '172', '252', '264', '265', '266', '271', '490', '492']
['57', '61', '64', '90', '128', '132', '135', '203', '439', '441', '442', '444', '447', '450', '456', '460', '461', '462', '463']
['27']
['5', '6', '7', '11', '18', '28', '30', '31', '32', '33', '36', '37', '38', '60', '83', '207', '278', '325', '328', '338', '388', '391', '395', '402', '403', '405', '406', '407', '443', '465']
