['AFF', 'AFO', 'AFS', 'AGJ', 'AKL', 'ALA', 'ARF', 'ASM']
['ABA', 'ABC', 'ACK', 'ACV', 'AEB', 'AKC', 'AKN', 'AKU', 'AQB', 'AQN', 'AQS', 'AQT', 'ASC']
['ACR', 'ACU', 'ADG', 'ADX', 'AFB', 'AFW', 'AJN', 'ANS', 'AOI', 'APM', 'AQP', 'ATY']
['AAG', 'ABS', 'AEO', 'AEV', 'AEW', 'AFM', 'AHG', 'AHK', 'AHT', 'AKB', 'ALY', 'ANC', 'AOJ', 'ARX', 'ASP']
['AAD', 'AGP', 'ALI', 'AQF']
['ACB', 'ACP', 'ADN', 'AEE', 'AEJ', 'AGG', 'AGL', 'AGQ', 'AHE', 'AHH', 'AIB', 'AKD', 'AKP', 'ALJ', 'AOY', 'APH', 'AQE', 'ARN']
['ADS', 'AFE', 'AFY', 'AIT', 'AJS', 'AJV', 'AJW', 'AQH', 'AQV', 'ART', 'AST']
['AAH', 'ABG', 'ABJ', 'ABN', 'ADP', 'AFL', 'AHO', 'AJT', 'AMQ', 'APN', 'AQU', 'ASF', 'ATR']
['AAA', 'AAI', 'AAM', 'AHU', 'AII', 'AIL', 'AIU', 'AJJ', 'AJM', 'AKG', 'ALR', 'AQL', 'ATB', 'ATL', 'ATW']
['AAY', 'ABB', 'ACI', 'ACM', 'AFH', 'AJD', 'AJO', 'AKJ', 'AKW', 'ALC', 'AMX', 'ANN', 'AQW', 'ARB', 'ARD', 'ASA', 'ATE']
['AAF', 'AAU', 'ACO', 'AFQ', 'AFU', 'AIH', 'AJA', 'AJY', 'AKA', 'ALK', 'APU', 'ARC']
['ACW', 'ADL', 'AEC', 'AFX', 'AIS', 'AMB', 'AMD', 'AMY', 'AND', 'AOC', 'AOK', 'APL', 'APW', 'AQC', 'ATN']
['ABF', 'ABU', 'ACE', 'ACJ', 'ACL', 'ADO', 'AJB', 'ALD', 'AMK', 'AMR', 'APE', 'APK']
['AAK', 'AAN', 'AAP', 'ABE', 'AFR', 'AHJ', 'AIY', 'AJP', 'AKT', 'ALX', 'ANG', 'AOD', 'APQ', 'APV', 'ASO', 'ASR', 'ATD', 'ATJ']
['AAR', 'AAW', 'ABL', 'ABX', 'ACD', 'ACN', 'AJC', 'AJR', 'AKO', 'ANJ', 'ANO', 'APD', 'AQX', 'ARQ', 'ARW', 'ASX']
['AAC', 'ABT', 'ACH', 'ADD', 'ADI', 'AEK', 'AEU', 'AFD', 'AIR', 'AIW', 'AJK', 'ALT', 'AOM', 'AQG', 'ARH', 'ASE', 'ATA']
['AHC', 'ARE', 'ARL']
['AAQ', 'AAT', 'ACA', 'ADR', 'AES', 'AFK', 'AHF', 'AHS', 'AIE', 'AJF', 'AKQ', 'AMH', 'APR', 'ATV']
['ABW', 'ACS', 'AED', 'AEY', 'AFA', 'AHM', 'AHV', 'AIO', 'AJI', 'AKI', 'ALE', 'ALO', 'AMU', 'AOU', 'APG', 'ARO', 'ARS']
['AAO', 'ADM', 'AEG', 'AIJ', 'AIX', 'AKY', 'ALP', 'AMM', 'AOO', 'AOP', 'AOX', 'ATM', 'ATO']
['ADC', 'AEN', 'AFV', 'AGO', 'AIC', 'AIG', 'AKH', 'AKS', 'ANX', 'AOG', 'AQM', 'ARR', 'ASK', 'ASV']
['ABI', 'ADH', 'AFN', 'AGC', 'AGH', 'AJG', 'AJH', 'ALQ', 'ALS', 'ANV', 'APC', 'APF', 'ASN']
['ABR', 'AEF', 'AGM', 'AIK', 'AKM', 'AMF', 'AMW', 'ANL', 'APA', 'APJ', 'AQI', 'ARY', 'ASJ', 'ASW', 'ATC']
['ABD', 'ACG', 'ADK', 'ADY', 'AEI', 'AEQ', 'AGK', 'AHX', 'AIN', 'AJQ', 'ALB', 'ALH', 'AMC', 'ANA', 'APT', 'AQR', 'ASQ', 'ASU']
['AAX', 'ADT', 'AME', 'AMJ', 'AOE', 'AOF', 'AOH', 'AQA', 'ARI']
['AAV', 'ADV', 'APO']
['AAB', 'AAJ', 'AGE', 'AGI', 'AHL', 'AIM', 'AKX', 'ALG', 'AMS', 'ANK', 'ANW', 'AOA', 'AOR', 'AQO', 'ARK', 'ASS', 'ATF', 'ATH']
['ADB', 'ADE', 'AEL', 'AHA', 'AIQ', 'AMG', 'APX', 'ATK']
['AGN']
['ACF', 'ACY', 'AGF', 'AGR', 'ALV', 'AMO', 'AOB', 'AOL', 'APP']
['ABK', 'ABQ', 'AHD', 'AIF', 'AKE', 'ALL', 'ANF', 'ARM', 'ASG', 'ASI']
['ABP', 'ADJ', 'AGS', 'AIP', 'AJE', 'ALN', 'ANE', 'AOQ', 'APS', 'APY', 'ATX']
['AAE', 'ABY', 'ADU', 'AFG', 'AFI', 'AFJ', 'AFT', 'AGV', 'AGW', 'AHB', 'AKR', 'ALU', 'ALW', 'AOV', 'AQY']
['AAS', 'AFP', 'AGA', 'AGT', 'AGX', 'AHP', 'AHR', 'AHY', 'AKF', 'ALM', 'AML', 'AMP', 'ANY', 'AOS', 'AQJ', 'ATG', 'ATQ', 'ATS']
['ACC', 'ACQ', 'ACX', 'ADA', 'AEM', 'AGY', 'AIA', 'AMA', 'AMN', 'AMV', 'ANU', 'APB', 'ARV', 'ASB', 'ASD', 'ASY', 'ATI', 'ATT']
['ABH', 'ABO', 'ADQ', 'ADW', 'AEA', 'AEX', 'AGB', 'AGU', 'AJU', 'AKK', 'ANQ', 'ANR', 'ANT', 'AON', 'AQQ', 'ARA', 'ARU', 'ASH']
['AHI', 'AJL', 'ARP']
['ABV', 'ACT', 'ADF', 'AEP', 'AFC', 'AGD', 'AHN', 'AHQ', 'AHW', 'AJX', 'AMT', 'ANB', 'ANH', 'ANP', 'AQD', 'AQK', 'ATP']
['AEH']
['AAL', 'ABM', 'AER', 'AET', 'AID', 'AIV', 'AKV', 'ALF', 'AMI', 'ANI', 'ANM', 'AOT', 'AOW', 'API', 'ARG', 'ARJ', 'ASL', 'ATU']
