['154', '156', '164', '165', '167', '169', '170', '176', '177', '179', '184', '185', '186', '189', '192', '193', '195', '197', '200', '201', '202', '205', '206', '207', '209', '212', '214', '216', '221', '222']
['477', '478', '479', '480', '482', '483', '484', '485', '486', '487', '489', '490', '492', '493', '494', '495', '496', '497', '498', '500']
['329', '331', '332', '333', '334', '335', '336', '337', '338', '339', '340', '341', '344', '345', '347', '348', '349', '354', '356', '357', '359', '362', '364', '365', '370', '371', '372', '373', '374', '375']
['227', '228', '229', '232', '233', '237', '239', '240', '241', '242', '244', '245', '250', '252', '253', '254', '256', '258', '259', '260', '261', '263', '264', '266', '267', '268', '269', '270', '271', '272']
['476', '481', '499']
['153', '155', '157', '158', '159', '160', '161', '162', '172', '173', '175', '178', '180', '181', '182', '191', '194', '198', '199', '203', '204', '208', '213', '215', '217', '218', '219', '223', '224', '225']
['4', '5', '7', '9', '13', '14', '15', '16', '20', '24', '27', '29', '30', '31', '33', '39', '46', '58', '59', '60', '61', '62', '63', '64', '65', '68', '70', '71', '73', '75']
['95', '473', '488', '491']
['358', '378', '389', '390', '396', '399', '404', '405', '412', '422', '423']
['295']
['76', '78', '79', '80', '81', '82', '85', '86', '89', '92', '101', '102', '106', '108', '113', '114', '115', '118', '123', '124', '125', '129', '130', '138', '139', '141', '142', '145', '148', '150']
['196']
['10', '18', '21', '25', '34', '36', '42', '47', '49', '53', '54', '56', '72', '151', '152', '163', '166', '168', '171', '174', '183', '187', '188', '190', '210', '220']
['377']
['1', '2', '3', '6', '8', '11', '12', '17', '19', '22', '23', '26', '32', '35', '37', '38', '40', '41', '43', '44', '45', '48', '50', '51', '52', '55', '57', '67', '69', '74']
['211', '276', '277', '282', '283', '285', '287', '290', '296', '300', '305', '307', '308', '316', '317', '321', '322', '323', '324']
['77', '83', '84', '87', '88', '93', '94', '96', '97', '98', '99', '103', '105', '107', '110', '112', '116', '117', '120', '121', '126', '128', '131', '133', '134', '137', '143', '144', '147', '149']
['28', '439']
['451', '452', '453', '454', '455', '456', '457', '458', '459', '460', '461', '462', '463', '464', '465', '466', '467', '468', '469', '470', '471', '472', '474', '475']
['226', '230', '231', '234', '235', '236', '238', '243', '246', '247', '248', '249', '251', '255', '257', '262', '265', '273', '274', '275']
['90', '91', '100', '104', '109', '111', '119', '122', '127', '132', '135', '136', '140', '146']
['326', '327', '328', '330', '342', '343', '346', '350', '351', '352', '353', '355', '360', '361', '363', '366', '367', '368', '369', '376', '382', '386', '391', '409', '421', '425']
['66', '293', '385', '416', '426', '427', '428', '429', '430', '431', '432', '433', '434', '435', '436', '437', '438', '440', '441', '442', '443', '444', '445', '446', '447', '448', '449', '450']
['379', '380', '381', '383', '384', '387', '388', '392', '393', '394', '395', '397', '398', '400', '401', '402', '403', '406', '407', '408', '410', '411', '413', '414', '415', '417', '418', '419', '420', '424']
['278', '279', '280', '281', '284', '286', '288', '289', '291', '292', '294', '297', '298', '299', '301', '302', '303', '304', '306', '309', '310', '311', '312', '313', '314', '315', '318', '319', '320', '325']
