['Heide', 'Elena', 'Earnest', 'Fanny', 'Sheldon', 'Camelia', 'Chester', 'Stanley', 'Jesus', 'Marion', 'Lyn', 'Isabel', 'Loria', 'Jama', 'Clarice', 'Tanisha', 'Neida']
['Ron', 'Frederic', 'Kirstin']
['Deana', 'Helene', 'Lana', 'Kyung', 'Joanne', 'Hershel', 'Loren', 'Chance', 'Joye', 'Elliott', 'Danial', 'Elvie', 'Angella', 'Clyde', 'Hyun', 'Shaun', 'Marcos', 'Anabel']
['Darnell', 'Tiffani', 'Madison', 'Dong', 'Jan', 'Lucas', 'Son', 'Laticia', 'Alton', 'Winford', 'Stephani', 'Carolee', 'Marvis', 'Rolando', 'Rosalee', 'Vivien', 'Theo', 'Rosalba', 'Grant', 'Travis', 'Ella', 'Wes', 'Florencio', 'Hortense', 'Lucia', 'Elfrieda', 'Dagmar', 'Lashay', 'Vada', 'Leonida']
['Horace', 'Eustolia', 'Marquis', 'Tamisha', 'Emmanuel']
['Marquitta', 'Martin', 'Elvia', 'Annamarie', 'Aretha', 'Kim', 'Randall', 'Rita', 'Susan', 'Nohemi', 'Easter', 'Dorthea']
['Ema', 'Freddie', 'Percy', 'Sharla', 'Alexandra']
['An', 'Kay', 'Sherwood', 'Naida', 'Trey', 'Antonina', 'Lisa', 'Junior', 'Jae', 'Christiane', 'Esperanza', 'Deirdre', 'Tammi', 'Tyisha', 'Brendon']
['Tameika']
['Refugio', 'Danita', 'Vernia', 'Rodrigo', 'Flavia', 'Glenna', 'Dion', 'Spencer', 'Almeta', 'Oma']
['Darwin', 'Irma', 'Rachael', 'Kitty', 'Chun', 'Tamala', 'Houston']
['Yevette', 'Byron', 'Ok', 'Piedad', 'Annabel', 'Kristopher', 'Eugene', 'Alexa', 'Tina', 'Xuan', 'Inga', 'Gerardo', 'Kasey', 'Garland', 'Tracie', 'Marcella', 'Hillary', 'Debora', 'Leilani', 'Alvin', 'Lauren', 'Marilynn', 'Logan', 'Verona', 'Clara', 'Porter', 'Chang', 'Sharilyn', 'Renetta', 'Altagracia']
['Cortney', 'Ryann', 'Toya', 'Eve', 'Glenda', 'Irena', 'Adah', 'Delmar', 'Eufemia', 'Enola', 'Cleotilde', 'Marcie', 'Russell', 'Kareem', 'Florinda', 'Audie', 'Artie', 'Latoya', 'Leontine', 'Osvaldo', 'Elenora']
['Millicent', 'Oscar', 'Miranda', 'Treena', 'Marlo']
['Carson', 'Nicole', 'Hilario', 'Chan', 'Kristi', 'Pinkie', 'Oneida', 'Randa', 'Retta', 'Arcelia', 'Kimbra', 'Harvey', 'Cristi', 'Terry', 'Jennie']
['Princess', 'Doyle', 'Caitlyn', 'Lasonya', 'Shonda', 'Reita', 'Gisela']
['Alethia', 'Allena', 'Ambrose', 'Shavon', 'Herlinda', 'Leonard', 'Stanford', 'Jeanette']
['Bonnie', 'Rima', 'Garret', 'Milissa', 'Pa', 'Susannah', 'Juliet']
['Eloisa', 'Lezlie']
['Clifton', 'Hayden', 'Riley', 'Gerard', 'Lola', 'Griselda', 'Pearlie', 'Jay', 'Murray']
['Ocie']
['Jeremy', 'Carmon', 'Hiroko', 'Loura', 'Bertha', 'Jami', 'German', 'Merrill', 'Hui', 'Naomi', 'Alfred', 'June', 'Vincenzo', 'Dora', 'In']
['Zena', 'Raul', 'Valorie', 'Joan', 'Elicia', 'Jefferey']
['Sharlene', 'Tressa', 'Angeline', 'Clinton', 'Lamonica', 'Sharell', 'Cassie', 'Dusti', 'Michaela', 'Hassan', 'Nieves', 'Louise', 'Darrel', 'Janetta', 'Clarinda', 'Nickolas', 'Mariah', 'Selma', 'Tai', 'Renea', 'Vernon', 'Lyndon', 'Taneka', 'Antonette', 'Mariano']
['Marci', 'Clarence', 'Kendall', 'Louella', 'Jade', 'Lorelei', 'Savanna', 'Lilly', 'Lue', 'Robert', 'Alicia', 'Dewayne', 'Charisse']
['Felix', 'Jeffrey', 'Alane', 'Joelle', 'Leila']
['Olevia', 'Kylie', 'Claretha', 'Laraine', 'Amada']
['Xavier', 'Kelly', 'Kris', 'Jacque', 'Johnny', 'Lizabeth']
['Kurtis', 'Mariette', 'Dorene', 'Saul', 'Beverley', 'Clarissa', 'Destiny', 'Phylis', 'Margart', 'Odell', 'Antoinette', 'Latia', 'Shelton', 'Aaron', 'Dewitt', 'Roxane', 'Edmond', 'Imogene', 'Sharan', 'Nathalie', 'Nadia', 'Oswaldo']
['Zoraida', 'Marvin', 'Tarah', 'Rachel', 'Whitney', 'Claudie', 'Alvera', 'Raleigh', 'Honey', 'Chas', 'Charmaine', 'Jina', 'Trena', 'Orval', 'Meagan', 'Alex']
