['70', '71', '72', '73', '74', '79', '300', '303', '304', '305']
['59', '400', '402', '403', '404', '405', '406', '407']
['118', '174', '175', '237', '356', '423', '457']
['185', '186', '187', '188', '384', '450', '451', '452', '453', '455', '465']
['244', '331', '344', '345', '346']
['20', '21', '22', '23', '24', '25', '27', '28', '297', '382', '383']
['50', '52', '53', '316', '463', '464']
['130', '133', '134', '135', '136', '137', '277', '278', '279']
['340', '342', '343', '347', '348', '349', '433', '434']
['131', '132', '139', '250', '255', '256', '257', '258', '259', '339']
['8', '375', '376', '443']
['128', '227', '260', '261', '262', '263', '264', '266', '267', '268', '269']
['1', '9', '14', '15', '16', '116', '126', '275', '426', '427']
['321', '329', '330', '332', '333', '334', '335', '444', '445', '446']
['220', '224', '225', '226', '280', '284', '285', '286', '287', '466', '467']
['166', '167', '221', '241', '249', '265', '408', '409', '458', '459']
['60', '62', '66', '67', '90', '93', '94', '95', '96', '97', '138']
['271', '272', '365', '394', '474']
['100', '101', '107', '108', '109', '115', '142', '143', '178', '214', '228']
['68', '91', '92', '98', '99', '158', '288', '289', '341', '355']
['301', '310', '313', '314', '315', '317', '318', '319']
['47', '281', '294', '295', '296', '336', '337', '338', '494']
['230', '231', '232', '233', '234', '235', '380', '385', '387', '388', '389']
['104', '105', '106', '487', '491', '492', '493']
['129', '236', '390', '391', '392', '393', '396', '397', '398', '399']
['127', '386', '420', '421', '422', '428', '429', '460', '461', '462', '469']
['210', '211', '212', '215', '216', '217', '218', '219', '238', '239', '293']
['40', '42', '43', '44', '45', '46', '48', '49', '51']
['87', '102', '103', '240', '242', '243', '246', '248']
['456', '470', '471', '472', '473', '475', '476', '479']
['35', '141', '155', '320', '322', '323', '324', '327', '328', '442']
['31', '41', '54', '55', '56', '57', '58']
['120', '121', '122', '123', '124', '290', '291', '292', '298', '299', '312']
['29', '125', '222', '223', '490', '495', '496', '497', '498', '499']
['30', '32', '33', '34', '36', '37', '38', '39', '61', '75', '213']
['430', '435', '436', '437', '438', '439']
['182', '183', '184', '302', '401', '416', '417', '418', '424', '477', '478']
['270', '273', '276', '410', '411', '412', '413', '414', '415', '419', '425']
['114', '190', '191', '193', '194', '195', '196', '197', '198', '199', '372']
['26', '145', '353', '354', '370', '371', '373', '374', '377', '378', '379']
['0', '2', '5', '6', '7', '168', '251']
['200', '204', '205', '206', '207', '208', '209', '245']
['4', '480', '481', '482', '483', '484', '485', '486', '488', '489']
['3', '76', '77', '78', '229']
['192', '201', '311', '325', '326', '440', '441', '447', '448', '449']
['306', '307', '360', '361', '362', '363', '364', '366', '367', '368', '369']
['80', '81', '82', '83', '84', '85', '86', '88', '89']
['308', '309']
['170', '171', '172', '173', '176', '177', '179', '454', '468']
['140', '144', '148', '149', '160', '161', '162', '163', '164', '169']
['10', '11', '12', '13', '17', '19', '202', '203', '381', '395']
['63', '64', '65', '147', '180', '181', '189', '252', '253', '254']
['150', '151', '152', '153', '154', '156', '157', '159', '165', '274']
['247', '282', '283', '350', '351', '352', '357', '358', '359']
['18', '69', '110', '111', '112', '113', '117', '119', '146', '431', '432']
