['47', '71', '85', '91', '116', '124', '197', '200', '228', '239', '246', '247', '265', '266', '277', '308', '313', '326', '346', '349', '407', '447', '450', '462', '481', '488']
['5', '20', '41', '45', '120', '140', '146', '151', '185', '221', '240', '301', '350', '353', '356', '381', '399', '425', '426', '427', '451', '464', '482', '491', '499']
['18', '28', '39', '92', '106', '127', '129', '130', '142', '152', '179', '212', '218', '226', '230', '243', '253', '302', '327', '345', '378', '385', '433', '479']
['22', '25', '52', '56', '73', '74', '76', '83', '86', '148', '183', '188', '252', '296', '334', '394', '400', '409', '414', '423', '457', '463', '467', '477', '480']
['29', '79', '96', '107', '163', '177', '224', '229', '234', '257', '258', '264', '269', '290', '363', '392', '441', '446', '470', '487', '495']
['1', '4', '35', '69', '95', '128', '171', '201', '204', '215', '284', '315', '320', '338', '361', '371', '380', '382', '401', '403', '417', '428', '444', '486', '496', '498']
['2', '10', '87', '103', '110', '117', '132', '138', '143', '149', '166', '172', '196', '235', '288', '298', '360', '366', '376', '405', '432', '434', '453', '455', '466', '485']
['6', '37', '46', '108', '112', '126', '156', '187', '189', '223', '248', '249', '256', '292', '303', '305', '329', '355', '357', '367', '369', '375', '386', '393', '469', '484']
['11', '23', '50', '53', '77', '81', '94', '114', '161', '271', '281', '300', '304', '310', '311', '316', '322', '328', '331', '332', '358', '412', '421', '431', '438', '456']
['8', '14', '26', '70', '93', '111', '141', '192', '198', '202', '203', '238', '270', '299', '318', '379', '387', '410', '413', '416', '418', '468', '474']
['9', '12', '19', '33', '42', '68', '72', '82', '89', '123', '145', '157', '210', '274', '343', '388', '396', '411', '436', '448', '459', '471', '473', '475', '492']
['3', '7', '15', '17', '57', '63', '67', '78', '115', '118', '154', '167', '176', '182', '190', '194', '205', '209', '222', '282', '294', '347', '352', '402', '443', '476']
['31', '49', '61', '75', '133', '135', '136', '137', '165', '168', '174', '181', '191', '199', '208', '211', '245', '254', '267', '287', '289', '319', '330', '340', '368', '478']
['24', '62', '88', '99', '100', '102', '121', '131', '169', '233', '237', '251', '261', '262', '268', '273', '285', '309', '324', '372', '373', '430', '437', '472', '483']
['64', '80', '119', '180', '213', '232', '236', '241', '260', '278', '307', '317', '323', '339', '348', '354', '364', '395', '408', '415', '440', '454']
['32', '36', '38', '43', '44', '55', '65', '84', '113', '158', '207', '214', '227', '279', '280', '295', '333', '335', '337', '342', '359', '374', '406', '422', '435']
['30', '105', '139', '144', '147', '160', '164', '178', '193', '206', '219', '225', '275', '283', '321', '341', '370', '383', '384', '390', '398', '419', '461', '493', '494', '497']
['0', '27', '59', '60', '66', '97', '122', '125', '162', '186', '242', '259', '286', '291', '325', '336', '351', '365', '389', '404', '420', '439', '442', '449', '458', '465']
['16', '40', '48', '51', '58', '90', '98', '109', '150', '159', '170', '175', '220', '231', '244', '306', '312', '314', '377', '391', '397', '424', '445', '452', '460']
['13', '21', '34', '54', '101', '104', '134', '153', '155', '173', '184', '195', '216', '217', '250', '255', '263', '272', '276', '293', '297', '344', '362', '429', '489', '490']
