['81', '83', '84', '240', '245', '246']
['43', '99', '117', '124', '173']
['226', '227', '231', '232', '234', '235']
['46', '167', '242']
['51', '55', '56', '57', '59', '224']
['176', '177', '180', '181', '182', '184']
['58', '94', '187', '223']
['20', '68', '218']
['6', '8', '9', '71', '183']
['100', '102', '106', '108', '109', '200']
['145', '197', '228', '239', '241']
['26', '27', '31', '32', '34', '35']
['44', '222']
['47']
['151', '153', '164', '165', '166']
['36', '37', '38', '76', '80', '82']
['172', '192', '220', '221']
['152', '156', '157', '158', '159', '160']
['33', '139', '140', '141', '170']
['75', '146', '210', '211', '212', '213']
['0', '23', '45', '155', '243', '249']
['201', '202', '206', '207', '208', '209']
['24', '147', '171', '174', '195']
['19', '203', '204', '214', '215', '216']
['21', '53', '64', '65', '66', '194']
['101', '103', '114', '115', '116', '219']
['119', '129']
['7', '10', '11', '12', '13', '205']
['39', '67', '77', '193']
['17', '60', '61', '62', '63', '72']
['48', '244']
['126', '128', '130', '131', '154', '248']
['52', '93', '120', '229', '230']
['70', '92', '185', '186', '188']
['18', '175', '179', '196']
['25', '96', '125', '198']
['42', '49', '142', '169', '199']
['78', '79', '89', '90', '91', '247']
['50', '98', '121', '236', '237', '238']
['28', '29', '30', '40', '41', '144']
['22', '54', '69', '143', '148', '149']
['3', '4', '14', '15', '16']
['107', '110', '111', '112', '113', '150']
['73', '74', '118', '136', '137', '138']
['122', '123', '217']
['97', '161', '162', '163']
['95', '178', '189', '190', '191', '233']
['127', '132', '133', '134', '135', '225']
['85', '86', '87', '88', '168']
['1', '2', '5', '104', '105']
