['64', '66', '68', '70', '72', '200']
['173', '175', '177', '179', '244', '246', '248', '250', '252']
['55', '57', '59', '61', '63', '172', '174', '176', '178', '180']
['65', '67', '112', '114', '253', '255', '257', '259', '261']
['91', '93', '95', '97', '99', '164', '166', '168', '170']
['32', '60', '62', '110', '190', '192', '194', '196', '198', '242']
['26', '56', '58', '100', '102', '104', '106', '108', '188']
['69', '98', '109', '111', '113', '115', '117', '197', '227']
['1', '3', '5', '7', '9', '28', '30', '34', '36']
['208', '210', '212', '214', '216', '247', '249', '251']
['37', '39', '41', '43', '45', '137', '139', '148', '150', '152']
['42', '44', '199', '201', '202', '203', '204', '205', '206', '207']
['73', '75', '77', '79', '81', '123', '125', '245']
['2', '4', '6', '8', '46', '48', '50', '52', '54']
['92', '94', '181', '183', '185', '187', '189', '191', '193', '195']
['22', '24', '220', '229', '231', '233', '254', '256', '258']
['101', '103', '105', '107', '182', '184', '186', '236', '238', '240']
['136', '138', '140', '142', '144', '222', '224', '260']
['83', '85', '87', '89', '135', '145', '147', '149', '151', '153']
['146', '217', '218', '219', '221', '223', '225']
['29', '31', '33', '35', '163', '165', '167', '169', '171']
['74', '76', '78', '80', '141', '143', '209', '211', '213', '215']
['38', '40', '262', '264', '268', '270']
['116', '128', '130', '132', '134', '154', '156', '158', '160', '162']
['11', '13', '15', '17', '20', '118', '120', '122', '124', '126']
['47', '49', '51', '53', '96', '263', '265', '267', '269']
['10', '12', '14', '16', '18', '235', '237', '239', '241', '243']
['19', '21', '23', '25', '27', '71', '119', '121']
['127', '129', '131', '133', '226', '228', '230', '232', '234']
['82', '84', '86', '88', '90', '155', '157', '159', '161', '266']
