['Rhonda', 'Pinto', 'Danuloff', 'Hannover', 'Formenti', 'Acacia', 'Swanhilda', 'Eilis', 'Tessy', 'Marina', 'Vonni', 'Won', 'Prince', 'Cherry', 'Clea', 'Stephenson', 'Mansoor', 'Starinsky', 'Sheeran', 'Merola', 'Halimeda', 'Cutty', 'Proudfoot', 'Livingston', 'Girovard', 'Glenn', 'Biggs', 'Saylor', 'Oscar', 'Holton', 'Damon', 'Dearman', 'Neva', 'Saudra', 'Fifine']
['Bhayani', 'Latimer', 'Burkhart', 'Woodhead', 'Grimona', 'Shanly', 'Chae', 'Ber', 'Akeyla', 'Corkhill', 'Balling', 'Lenhart', 'Cardwell', 'Matthew', 'Barby', 'Aviv', 'Uta', 'Nance', 'Barnett', 'Colly', 'Fairfax', 'Hardej', 'Toh', 'Renick', 'Les', 'Jestude', 'Nisse', 'Cristiona', 'Rocray', 'Nessy', 'Winer', 'Coumas', 'Meras', 'Kimon', 'Dulcea']
['Klute', 'Padget', 'Anuska', 'Risteau', 'Lombardi', 'Everick', 'Flieger', 'Hakim', 'Celestyn', 'Elihu', 'Ginzburg', 'Eudocia', 'Doroteya', 'Leod', 'Vaish', 'Karlise', 'Nafis', 'Volkan', 'Converse', 'Shea', 'Hako', 'McIntosh', 'Dett', 'Alf', 'Australia', 'Newton', 'Wunder', 'Edrick', 'Lunetta', 'Fokos', 'Darrow', 'Fitz', 'Derinna', 'Druce', 'Ebba']
['Jason', 'Brazee', 'Malo']
['Zelma', 'Hittel', 'Flemming', 'Mokas', 'Tillford', 'Hamlin', 'Udell', 'Ammadis', 'Janaya', 'McKinney', 'Nanette', 'Perloff', 'Nestor', 'Busey', 'Dedric', 'Jillana', 'Danna', 'Griffin', 'Hett', 'Turrell', 'Scherman', 'Holey', 'Bounds', 'Basso', 'Hook', 'Matthaeus', 'Rani', 'Myrvyn', 'Polish', 'Utica', 'Candyce', 'Janenna', 'Towne', 'Jehiel', 'Jimmy']
['Caines', 'Delila', 'Cerracchio', 'Beebe', 'Tiphane', 'Tennes', 'Dotson', 'Knute', 'Serafine', 'Davidde', 'Tristam', 'Lentha', 'Karon', 'Clovah', 'Enid', 'Uchida', 'Adaurd', 'Montagna', 'Clymer', 'Morville', 'Willis', 'Erlewine', 'Ubana', 'Shelby', 'Holms', 'Rooke', 'Midian', 'Epstein', 'McCullough', 'Vevay', 'Mathur', 'Meingolda', 'Tonya', 'Ace', 'Danita']
['McCoy', 'Cicely', 'Gowrie', 'Worlock', 'Brittnee', 'Kassi', 'Shannah', 'Ruyle', 'Ursola', 'Haldane', 'Cristoforo', 'Placido', 'Ragland', 'Pappas', 'Jeniece', 'Mitchiner', 'Ashling', 'Love', 'Debera', 'Noyes', 'Marijo', 'Elmira', 'Osrick', 'Crean', 'Reste', 'Hawger', 'Dole', 'Verras', 'Jobyna', 'Blondell', 'Sievert', 'Bello', 'Barsky', 'Groh', 'Gloriana']
['Cloots']
['Emelia']
['Kerianne', 'Elburr', 'Sumer', 'Bran', 'Eleni', 'Salomi', 'Micheal', 'Jessalin', 'Jori', 'Ashford', 'Sigsmond', 'Avril', 'Monahan', 'Cavallaro', 'Farro', 'Rodolphe', 'Yarvis', 'Saville', 'Woo', 'Nicolis', 'Pippo', 'Ludovico', 'Fredkin', 'Chaddie', 'Adolphus', 'Kudva', 'Costin', 'Vikky', 'Atkins', 'Lynett', 'Crompton', 'Cheria', 'Lorilyn', 'Willetta', 'Auroora']
['Lacy', 'Hatch', 'Gillian', 'Selma', 'Yim', 'Deni', 'Melisa', 'Hillel', 'Moonier', 'Halstead', 'Nannette', 'Larry', 'Shelbi', 'Ultun', 'Felicie', 'Cal', 'Ardys', 'Japeth', 'Hermon', 'Foulk', 'Ng', 'Jorgenson', 'Feinstein', 'Questa', 'Higgs', 'Janerich', 'Dott', 'Nari', 'Grochow', 'Lamb', 'Groos', 'Quitt', 'Till', 'Alvinia', 'Fadiman']
['Safire', 'Winebaum', 'Mauchi', 'Hadleigh', 'Charin', 'Summons', 'Sinnard', 'Schreck', 'Delinda', 'Odin', 'Sosanna', 'Bruns', 'Hayyim', 'Wistrup', 'Birck', 'Hillegass', 'Jenness', 'Gunn', 'Milore', 'Arianna', 'Manaker', 'Lou', 'Arel', 'Tuttle', 'Fausta', 'Krystalle', 'Prebo', 'Clere', 'Wight', 'Balliett', 'Larson', 'Puklich', 'Hanway', 'Carter', 'Catherin']
['Tine', 'Elberta', 'Letta', 'Ashman', 'Buxton', 'Coh', 'Merth', 'Lauree', 'Antonino', 'Faunia', 'Darsie', 'Gombosi', 'Carrillo', 'Buckler', 'Griswold', 'Gerianne', 'Ottinger', 'Katzir', 'Chancellor', 'Chemush', 'Fruin', 'Earlene', 'Dumas', 'Ebneter', 'Genie', 'Evangeline', 'Lynnelle', 'Stearns', 'Leanna', 'Dimitry', 'Schnabel', 'Gwenette', 'Lotus', 'Carlick', 'Adriane']
['Beaver', 'Tarkany']
['Smukler', 'Mikol', 'Thorman', 'Firman', 'Kinzer', 'Dietrich', 'Berneta', 'Antonetta', 'Jenkel', 'Hankins', 'Henrique', 'Franek', 'Zandt', 'Cyd', 'Dowlen', 'Holofernes', 'Masterson', 'Baldridge', 'Grath', 'Billy', 'Harriet', 'Mushro', 'Weirick', 'Binette', 'Ciapas', 'Kile', 'Raynor', 'Neveda', 'Ted', 'Ches', 'Rue', 'Lenes', 'Rombert', 'Sandstrom', 'Behlau']
['Yerxa', 'Zobe', 'Tavy', 'Sandeep', 'Bui', 'Joed', 'Kaufmann', 'Agosto', 'Bevon', 'Girardo', 'Augustina', 'Hong', 'Berner', 'Ratcliffe', 'Benilda', 'Sachi', 'Hudis', 'Harmony', 'Wing', 'Dare', 'Fillender', 'Blasius', 'Minda', 'Florentia', 'Danais', 'Karie', 'Eldwen', 'Lyle', 'Utas', 'Plantagenet', 'Kronick', 'Saxen', 'Bluhm', 'Margeaux', 'Raul']
['Ardehs', 'Minier', 'Lawler', 'Hotze', 'Lamson', 'Javler', 'Ursi', 'Emmer', 'Maye', 'Galligan', 'Fabrice', 'Watson', 'Desi', 'Pryce', 'Lux', 'Ferullo', 'Melburn', 'Kerwon', 'Derril', 'Demetria', 'Ainslee', 'Koetke', 'Kylah', 'Durante', 'Kanya', 'Gibun', 'Uzzia', 'Pontius', 'Freddy', 'Astto', 'Fast', 'Leiser', 'Paulita', 'McClimans', 'Wendye']
['Donn']
['Vesta', 'Dela', 'Velda', 'Marilou', 'Marijn', 'Robbin', 'Roanna', 'Maribel', 'Tay', 'Melda', 'Harland', 'Bernj', 'Ferro', 'Felise', 'Klapp', 'Favian', 'Neille', 'Maude', 'Norean', 'Shepp', 'Cataldo', 'Emelita', 'Lindell', 'Eno', 'Lon', 'Nath', 'Rik', 'Fidelio', 'Yasu', 'Balcer', 'Moyers', 'Ruhnke', 'Flo', 'Tutankhamen', 'Mackenzie']
['Virginia', 'Oakes']
