['7', '217', '205', '234', '69', '54', '284', '64', '243', '184', '37', '110', '144', '16', '300', '61', '30', '298', '317', '393', '335', '131', '396', '163', '370']
['379', '325', '250', '125', '340', '103', '77', '106', '289', '159', '316', '180', '359', '31', '212', '59', '156', '97', '218', '66']
['176', '53', '146', '341', '132', '265', '299', '114', '345', '310', '365', '358', '241', '366', '350', '312', '153', '203', '57', '86', '40', '286', '385', '390']
['232', '323', '271', '361', '189', '313', '291', '293', '49', '319', '342', '25', '320', '171', '371', '80', '399', '260', '5', '124', '70', '137', '303', '43', '202']
['253', '268', '83', '273', '331', '337', '267', '336', '134', '142', '247', '229', '329', '308', '179', '382', '135', '151', '167', '198', '46']
['100', '3', '158', '355', '34', '68', '242', '87', '377', '296', '360', '51', '101', '269', '175', '378', '192', '200', '99', '226', '215', '22', '327', '266', '193']
['14']
['155', '380', '23', '206', '190', '104', '397', '207', '122', '213', '256', '160', '364', '249', '75', '255', '149', '263', '111', '239', '139']
['324', '76', '79', '224', '9', '338', '127', '4', '394', '374', '196', '141', '283', '145', '353', '295', '197', '85', '118', '195']
['0', '199', '67', '35', '280', '113', '261', '88', '227', '395', '248', '274', '219', '2', '346', '129', '119', '281', '328']
['92', '349', '15', '84', '282', '109', '41', '225', '150', '194', '166', '297', '108', '277', '42', '230', '276', '272', '39', '375', '117', '252', '208', '47', '74']
['1', '107', '8', '318', '244', '314', '315', '188', '332', '287', '89', '169', '216', '209', '21', '45', '264', '95', '147', '81']
['388', '285', '181', '138', '182', '201', '254', '98', '228', '60', '389', '116', '62', '168', '334', '381', '121', '32', '305']
['220', '165', '240', '204', '154', '29', '222', '93', '387', '311', '13', '373', '115', '162', '136', '27', '91', '352', '73', '50', '63', '383', '343']
['52', '191', '172', '178', '58', '133', '140', '12', '187', '173', '288', '302', '28', '363', '362', '26', '309', '321', '17', '354', '275', '186', '48', '326', '368']
['38', '72', '258', '231', '238', '236', '102', '174', '384', '257', '177', '152', '398', '130', '10', '36', '369', '348', '259', '78']
['233', '279', '246', '376', '157', '372', '56', '386', '391', '44', '148', '344', '82', '294', '105', '306', '161', '290', '292', '6', '351']
['170']
['94', '262', '183', '245', '347', '96', '392', '367', '126', '357', '18', '339', '322', '278', '301', '304', '251', '120', '128', '24', '143', '11', '221']
['333', '19', '210', '235', '185', '223', '112', '123', '356', '307', '214', '270', '330', '211', '65', '55', '20', '33', '71', '90', '164', '237']
