['91', '915', '339', '800', '53', '85', '95', '592', '718', '412', '112', '351', '572', '352', '881', '971', '490', '88', '173', '142', '613', '548', '803', '89', '942', '488', '221', '278', '847']
['72', '891', '591', '413', '571', '145', '775', '606', '28', '151', '400', '810', '714', '502', '495', '967', '922', '669', '195', '662', '362', '32', '986', '599', '537', '300', '559', '625', '499', '841', '366']
['197', '74', '730', '812', '908', '889', '357', '573', '822', '783', '155', '516', '503', '480', '621', '607', '438', '793', '930', '501', '618', '950', '338', '128', '182', '976', '601', '330', '652', '178', '815']
['165', '133', '309', '270', '353', '624', '27', '498', '877', '742', '277', '584', '879', '464', '896', '705', '899', '832', '16', '284', '453', '327', '629', '301', '78', '885', '96', '489', '217', '378']
['444', '709', '86', '936', '588', '162', '978', '410', '526', '304', '179', '313', '804', '403', '831', '222', '372', '361', '129', '18', '34', '756', '280', '68', '817', '813', '789', '334', '628', '227', '973']
['645', '172', '130', '711', '427', '253', '466', '320', '175', '972', '568', '189', '305', '152', '469', '792', '103', '454', '646', '752', '767', '563', '640', '1', '187', '148', '522', '287', '482', '664', '24']
['907', '727', '296', '123', '115', '391', '126', '921', '180', '565', '939', '913', '449', '443', '778', '668', '994', '458', '529', '758', '406', '673', '192', '763', '569', '912', '894', '754', '567', '844', '514']
['614', '866', '644', '557', '946', '396', '723', '322', '437', '174', '186', '773', '678', '17', '135', '262', '321', '995', '620', '534', '451', '67', '985', '562', '474', '144', '585', '493', '394', '134', '440']
['755', '411', '680', '399', '836', '980', '540', '11', '247', '878', '660', '55', '258', '954', '910', '81', '146', '583', '455', '401', '184', '377', '901', '805', '122', '937', '374', '519', '136', '382', '508']
['161', '856', '984', '422', '99', '325', '307', '426', '848', '216', '478', '791', '212', '632', '544', '260', '224', '949', '7', '710', '430', '594', '359', '190', '739', '684', '689', '158', '389', '528', '918']
['365', '938', '472', '868', '119', '732', '677', '47', '249', '248', '729', '610', '859', '104', '234', '459', '919', '328', '722', '10', '282', '75', '436', '44', '93', '587', '201', '829', '811', '434', '111']
['312', '990', '203', '38', '898', '348', '887', '842', '554', '140', '659', '30', '699', '676', '536', '3', '358', '634', '826', '553', '500', '965', '556', '331', '273', '317', '828', '672', '923', '13']
['546', '20', '336', '310', '497', '138', '900', '834', '713', '156', '57', '423', '888', '851', '210', '58', '131', '524', '149', '958', '356', '100', '52', '87', '992', '97', '393', '37', '368', '110', '26']
['183', '379', '622', '343', '363', '933', '782', '318', '695', '602', '605', '675', '564', '90', '295', '429', '897', '425', '79', '688', '653', '862', '242', '281', '39', '23']
['698', '73', '838', '240', '658', '473', '598', '323', '735', '92', '428', '846', '268', '728', '904', '977', '733', '580', '417', '703', '749', '550', '447', '409', '101', '650', '806', '906', '238', '771', '470']
['674', '22', '766', '745', '9', '237', '414', '988', '701', '416', '795', '725', '347', '746', '895', '947', '340', '590', '62', '639', '306', '337', '345', '283', '196', '777', '513', '70', '170', '636', '561']
['740', '683', '555', '682', '483', '854', '647', '643', '911', '408', '446', '784', '941', '956', '874', '762', '720', '860', '830', '759', '809', '960', '871', '35', '663', '578', '600', '819', '150', '996']
['291', '702', '983', '982', '33', '231', '442', '750', '315', '535', '612', '48', '541', '118', '40', '518', '630', '204', '496', '371', '687', '198', '241', '928', '467', '147', '481', '593', '863', '615', '968']
['435', '80', '31', '666', '719', '484', '679', '342', '671', '276', '176', '335', '65', '515', '388', '181', '113', '452', '390', '785', '681', '627', '369', '531', '491', '235', '654', '367', '823', '533']
['858', '456', '376', '486', '157', '21', '772', '642', '193', '989', '370', '468', '168', '706', '509', '2', '272', '236', '798', '209', '275', '940', '266', '485', '753', '511', '543', '308', '966']
['41', '794', '206', '360', '692', '595', '463', '424', '837', '961', '611', '993', '964', '462', '299', '604', '948', '893', '214', '796', '43', '924', '979', '787', '799', '461', '776', '311', '69', '387', '697']
['265', '880', '108', '917', '808', '213', '117', '596', '873', '786', '853', '764', '407', '109', '716', '505', '77', '244', '329', '638', '566', '744', '818', '523', '83', '760', '219', '693', '589', '953', '865']
['49', '931', '864', '582', '402', '475', '471', '465', '807', '927', '239', '525', '50', '6', '892', '344', '520', '494', '890', '970', '285', '867', '820', '694', '124', '623', '76', '545', '333', '132', '141']
['955', '997', '269', '84', '521', '211', '715', '261', '609', '250', '743', '395', '120', '510', '125', '324', '530', '843', '29', '12', '59', '626', '884', '263', '781', '153', '246', '504', '839']
['54', '649', '538', '14', '167', '708', '774', '314', '751', '944', '821', '835', '289', '208', '925', '574', '998', '704', '909', '833', '734', '975', '870', '886', '655', '603', '169', '420', '852', '542']
['957', '741', '991', '290', '667', '354', '25', '969', '355', '987', '259', '768', '827', '934', '726', '661', '364', '547', '633', '721', '696', '790', '686', '245', '757', '154', '916', '797', '576']
['121', '251', '929', '952', '577', '914', '46', '316', '66', '375', '902', '188', '974', '883', '431', '373', '616', '386', '177', '570', '380', '267', '920', '651', '882', '200', '779', '855', '64']
['218', '8', '527', '512', '824', '107', '770', '98', '700', '608', '935', '51', '905', '233', '951', '82', '780', '532', '761', '230', '597', '163', '635', '63', '460', '326', '346', '243', '288', '71', '194']
['492', '252', '202', '302', '166', '319', '332', '825', '617', '457', '558', '450', '271', '724', '421', '579', '845', '143', '191', '551', '945', '102', '581', '981', '903', '215', '869', '712', '476', '962', '840']
['298', '850', '691', '114', '292', '769', '229', '418', '42', '816', '685', '303', '731', '575', '171', '747', '765', '397', '349', '404', '670', '433', '205', '717', '398', '926', '517', '415', '60', '139']
['220', '256', '350', '737', '116', '586', '5', '814', '293', '690', '199', '232', '185', '872', '552', '432', '507', '383', '384', '405', '738', '341', '419', '257', '875', '641', '381', '223']
['297', '160', '255', '637', '963', '279', '56', '19', '479', '61', '802', '801', '4', '736', '861', '441', '286', '631', '707', '294', '15', '106', '943', '876', '959', '665', '164', '648', '439', '560', '656']
['228', '857', '105', '657', '506', '94', '392', '264', '849', '487', '448', '226', '207', '274', '539', '137', '619', '45', '225', '445', '0', '788', '748', '36', '159', '477', '385', '549', '932', '127', '254']
