['91', '569', '46', '95', '960', '62', '773', '17', '151', '208', '148', '381', '114']
['656', '873', '70', '494', '890', '465', '564', '382']
['771', '66', '195', '251', '335', '138', '209', '185', '234']
['559', '22', '263', '859', '984', '764', '394', '631', '214', '455', '411', '527', '730']
['922', '803', '974', '181', '215', '576', '169']
['783', '292', '90', '159', '617', '737', '173', '207', '755']
['857', '885', '298', '505', '514', '882', '948', '698', '597', '766', '727', '519']
['100', '709', '306', '522', '524', '627', '67', '614', '438', '268', '739']
['786', '848', '188', '567', '233', '503', '933', '419', '247', '762', '342']
['194', '152', '129', '237', '619', '52', '197', '963', '285', '703', '316']
['849', '959', '23', '115', '308']
['216', '182', '81']
['37', '716', '279', '88', '832', '908', '464', '706', '348', '759', '278', '272', '371']
['688', '669', '899', '386', '472', '989', '800']
['722', '459', '497', '416', '638', '950', '919', '423', '458', '205', '365', '711', '987']
['707', '510', '35', '939', '489', '894', '942', '259', '33', '678', '467', '134', '109']
['198', '53', '153', '705', '860', '753', '236']
['92', '349', '713', '50', '291', '502', '76', '443', '105', '795', '68', '893']
['258', '168', '738', '319', '479', '778', '968', '685']
['39', '756', '912', '372', '271', '434', '300', '312', '565', '501', '785', '269', '611']
['389', '86', '838', '694', '496', '51', '409', '969', '813', '341', '841']
['794', '911', '397', '719', '488', '164', '526']
['34', '226', '541', '622', '373', '865', '955', '179', '360', '566', '636', '424']
['981', '506', '324', '431', '396', '266', '154', '741', '699', '125', '833', '876']
['585', '726', '48', '206', '940', '683', '640', '779', '325', '828', '41', '30', '132']
['176', '903', '988', '447', '175', '901', '992', '5', '370', '101', '715', '961', '583']
['297', '427', '784', '661', '405', '925', '697', '581', '280', '909']
['542', '872', '18', '951', '55', '531', '861', '594', '239', '228', '490', '830', '14']
['608', '249', '219', '983', '433', '905', '621', '507', '160', '119', '746', '180', '137']
['605', '637', '801', '238', '938', '321', '255', '686', '635', '545']
['414', '520', '437', '979', '358', '474', '681', '400', '338', '123', '253', '674', '918']
['282', '242', '202', '413', '708', '550', '56', '347', '702', '77']
['344', '311', '648', '184', '900', '957', '808', '782', '976', '639', '731']
['478', '630', '815', '553', '954', '192', '167', '953', '599', '888', '824', '913', '69']
['690', '516', '937', '557', '949', '825', '429', '618', '843', '261']
['590', '89', '742', '696', '107', '133', '558', '277', '944', '760', '768', '536']
['131', '72', '73', '352', '94', '598', '734', '776', '740', '193', '74', '387', '971']
['700', '10', '864', '128', '13', '303', '682', '408', '924', '235', '680', '468', '142']
['289', '384', '523', '993']
['391', '97', '380', '113', '111', '578', '533', '461', '902', '203']
['775']
['42', '130', '435', '704', '187', '350', '972', '563', '717', '122']
['93', '388', '399', '607']
['283', '103', '393', '540', '547', '720', '761', '999', '752', '601', '796', '513']
['647', '165', '487', '25', '525', '660', '407', '244', '83']
['671', '80', '146', '805', '518', '330', '231', '929', '966', '823', '6', '573', '714']
['96', '4', '309', '906', '450', '343', '345', '552', '684', '162', '596', '842']
['934', '79']
['144', '58', '791', '852', '24', '749', '421', '346', '402', '412', '222', '398', '64']
['733', '463', '973', '907', '867', '923', '675', '904', '301', '772', '679', '750']
['895', '163', '651', '789', '471', '9', '499', '691']
['500', '492', '555', '357']
['927', '369', '652', '836', '747', '967', '787', '644', '729', '451', '0']
['582', '886', '654', '362', '401', '376', '642', '892', '166', '853']
['539', '735', '835', '147', '392', '329', '406']
['515', '653', '643', '658', '591', '689', '781', '120', '375', '20']
['351', '665', '317', '928', '1', '250']
['945', '183', '554', '790', '672', '314']
['827', '75', '863', '883', '592', '415', '676', '323', '217', '275', '482', '112', '177']
['844', '366', '881', '767', '603', '426', '243', '127', '445', '422', '456', '862', '363']
['584', '337', '921', '29', '273', '201', '353', '837', '946', '816', '846', '102']
['418', '410', '45', '104', '59', '110', '449', '305', '535', '61', '378', '875', '625']
['354', '117', '985', '877', '570', '891', '367', '430', '655', '806', '839']
['284', '246', '139', '141', '511', '486', '604', '294', '332', '712', '19']
['155', '145', '793', '481', '914', '84', '595', '870', '232', '470', '448', '140', '821']
['252', '788', '532', '135', '178', '932', '822', '818', '136', '964', '339', '462', '534']
['15', '49', '807', '310', '774', '457', '2', '871', '568', '485', '509', '38', '589']
['878', '982', '428', '328', '995', '765', '743', '364', '571', '650', '383', '189', '748']
['204', '274', '952', '728', '7', '896', '548', '417', '543', '975', '54', '98', '880']
['257']
['998', '593', '990', '546', '649', '281', '491', '374', '770', '466', '941']
['810', '44', '453', '82', '517', '31', '530', '997', '483', '777', '962']
['623', '624', '211', '947', '143', '724', '616', '196', '171']
['645', '436', '265', '986', '126', '361', '556', '256', '320', '812', '847', '561', '615']
['108', '326', '935', '710', '315', '799', '460', '299', '296', '379', '170']
['454', '40', '248', '43', '156', '544']
['869', '245', '659', '190']
['612', '814', '276', '446', '36', '240', '662', '574', '613', '610', '633', '926', '469']
['850', '866', '340', '149', '718', '943', '331']
['85', '302', '600', '223']
['620', '521', '477', '695', '420', '186', '792', '213', '106', '121', '124', '657', '551']
['78', '744', '817', '512', '404', '287', '751', '3', '996']
['609', '917', '677', '701', '441', '230', '484', '32', '641', '666', '264']
['439', '887', '723', '856', '780', '288', '958', '916', '663', '210', '736', '628', '116']
['368', '118', '99', '270', '889', '826', '670', '290', '336', '390', '476', '218', '629']
['224', '504', '587', '991', '802', '480', '444', '965', '970', '572', '334', '854']
['580', '307', '721', '819', '920', '221']
['994', '267', '313', '356', '855']
['385', '260', '65', '588', '956', '804', '71', '529']
['395', '475', '586', '978', '495', '577', '664', '262', '537', '874', '897', '840', '254']
['225', '562', '634', '538', '831', '327', '687', '758', '931', '508', '868']
['377', '191', '811', '725', '668', '560', '333', '158', '915', '174', '355']
['809', '858', '528', '212', '57', '820']
['602', '829', '220', '403', '693', '732', '8', '440']
['757', '318', '322', '286', '473', '930', '452', '241', '549', '936', '11', '763', '626']
['646', '26', '575', '798', '493']
['579', '229', '87', '27', '834', '606', '977', '797', '845', '150', '200', '910']
['432', '295', '425', '304', '692', '745', '879', '293', '884', '498', '769', '442']
['199', '632', '157', '63', '172', '673', '12', '898']
['161', '980', '851', '47', '227', '754', '21', '359', '667', '28', '16', '60']
