['645', '92', '4', '44', '344', '218', '76', '517', '519', '80', '47', '615', '455', '264', '981']
['956', '61', '712', '245', '629', '440', '841', '909', '299', '313', '431', '521', '527', '719', '679', '501', '678', '692', '792', '822', '294', '40', '163', '187', '750', '957', '758', '744']
['494', '418', '130', '761', '317', '265', '866', '714', '850', '95', '339', '619', '260', '539', '367', '126', '931', '691', '595', '448', '933', '721', '6', '415', '972', '702', '223']
['161', '684', '802', '780', '695', '421', '716', '54', '829', '321', '350', '214', '575', '794', '804', '559', '443', '57', '230', '690', '357', '445', '338', '641', '395', '399', '542', '904', '961', '574', '910', '149', '224', '875', '227', '116', '120', '608']
['309', '768', '219', '980', '373', '380', '832', '78', '584', '877', '239', '985', '874', '801', '382', '979', '274', '846', '84', '701', '437', '531', '960', '268', '292', '56', '177', '74']
['771', '241', '134', '638', '604', '573', '672', '939', '708', '536', '709', '405', '892', '108', '7', '682', '612', '715', '553', '636', '296', '514', '601', '478', '927', '825']
['469', '180', '838', '861', '159', '450', '713', '762', '83', '87', '385', '115', '97', '273', '70', '940', '147', '675', '586', '800', '633', '248', '705', '460', '603', '290', '398', '353', '231', '776', '327', '352', '994', '703', '920', '839', '65', '438', '624']
['680', '660', '306', '336', '176', '967', '906', '60', '518', '928', '360', '515', '1', '326', '346', '790', '984', '765', '941', '173', '711', '49', '318', '901', '935', '102', '735']
['869', '571', '449', '818', '362', '512', '283', '215', '983', '153', '58', '621', '475', '845', '31', '687', '793', '310', '402', '105', '774', '71', '304', '396', '952', '434', '55', '423', '697', '693', '498', '337', '533', '2']
['976', '485', '232', '770', '46', '387', '772', '480', '919', '101', '201', '911', '99', '788', '255', '370', '685', '731']
['100', '997', '178', '413', '646', '490', '784', '900', '986', '122', '763', '925', '867', '637', '499', '856', '534', '213', '21', '778', '66', '728', '197', '412', '403', '489', '384', '26', '654', '429', '234', '524', '157', '902', '11', '572', '481']
['817', '600', '324', '110', '753', '9', '504', '509', '734', '694', '148', '48', '323', '640', '506', '699', '930', '566', '329', '864', '442', '51', '473', '569', '814', '251', '585', '560', '114', '465', '905', '77', '52', '840', '249', '582', '8', '128', '746']
['663', '457', '154', '91', '896', '953', '607', '427', '779', '973', '987', '363', '855', '496', '281', '226', '717', '497', '676', '188', '738', '417', '785', '50', '270', '27', '990', '878', '777', '145', '862', '677', '35', '688', '247', '946', '668', '272', '164', '320']
['516', '819', '409', '118', '757', '259', '183', '408', '958', '319', '811', '720', '848', '474', '657', '830', '375', '882', '718', '880', '723', '809']
['609', '669', '282', '198', '175', '368', '596', '851', '625', '707', '511', '681', '477', '879', '456', '439', '17', '67', '343', '291', '325', '68', '381', '592', '706', '781', '618', '799', '805', '86', '220', '655', '833', '503', '271', '143', '579', '971', '464', '152']
['795', '311', '564', '853', '886', '150', '889', '252', '288', '975', '484', '537', '53', '978', '942', '555', '789', '982', '549', '823', '508', '293', '12', '623', '129', '366', '907', '547', '217', '444', '948', '826', '378', '391', '253', '262', '90', '432', '943']
['441', '991', '966', '647', '747', '842', '400']
['392', '20', '495', '340', '37', '162', '552', '627', '815', '606', '849', '349', '733', '42', '563', '597', '726', '860', '351', '447', '865', '330', '667', '93', '411', '831', '172', '787', '263', '453', '39', '959', '88', '698', '160', '837', '393', '236']
['821', '341', '683', '285', '963', '666', '562', '406', '287', '567', '949', '246', '179', '123', '578', '168', '529', '322', '599', '916', '895', '742', '696', '452', '15', '520', '630', '674', '69', '243', '917', '923']
['185', '828', '156', '470', '19', '653', '139', '755', '222', '127', '121', '89', '974', '532', '743', '996', '554', '38', '14', '64', '280', '312', '565', '543', '85', '898', '540', '965', '760', '947', '550', '589', '210', '199']
['797', '505', '62', '820', '649', '581', '240', '642', '664', '18', '190', '238', '639', '868', '33', '759', '798', '10', '30', '416', '43', '546', '922', '482', '165', '921', '576', '233', '899']
['993', '918', '551', '117', '277', '483', '998', '767', '926', '196', '659', '751', '124', '796', '614', '995', '885', '146', '632', '167', '970', '725', '752']
['430', '992', '881', '590', '13', '870', '275', '297', '254', '250', '836', '884', '548', '704', '112', '587', '835', '365', '812', '937', '404', '258', '3', '298', '428', '302', '945', '397', '425', '570', '369', '803', '951', '22', '764', '491', '492', '689', '724']
['673', '890', '107', '665', '458', '141', '530', '426', '371', '523', '791', '872', '420', '577', '626', '736', '82', '138', '242', '136', '103', '631', '466', '34', '436', '276', '924', '950', '205', '834', '729', '859', '561', '94']
['454', '36', '451', '756', '816', '32', '463', '328', '934', '279', '342', '256', '286', '394', '594', '611', '876', '598', '109', '144', '237', '374', '617', '843', '332', '806', '968', '29', '170', '96', '355', '289', '203', '212', '158', '284']
['989', '269', '208', '944', '893', '194', '267', '333', '335', '111', '739', '207', '769', '225', '314', '783', '182']
['195', '410', '588', '151', '873', '525', '386', '613', '745', '605', '193', '79', '359', '135', '106', '535', '652', '662', '737', '671', '389', '471', '388', '686', '28', '661', '903', '315', '45', '181', '462', '73', '556', '486', '568']
['113', '59', '722', '522', '545', '858', '775', '891', '610', '244', '754', '622', '119', '75', '308', '278', '303', '908', '137', '955', '383', '171']
['593', '888', '300']
['401', '133', '376', '140', '962', '700', '472', '125', '541']
['635', '377', '502', '732', '476', '602', '658', '727', '954', '929', '847', '229', '964', '390', '883']
['98', '749', '977', '786', '824', '710', '155', '988', '969', '202', '487', '41', '871', '459', '24', '211', '266', '915', '479', '424', '72', '104', '186', '461', '372', '938', '174', '507']
['670', '316', '348', '580', '558', '23', '305', '538', '914', '810', '364', '827', '628', '913', '206', '228', '166', '295', '591', '200', '331', '488', '863', '358', '513', '184', '748', '936', '189']
['773', '468', '192', '897', '204', '782', '912', '808', '433', '932', '844', '216', '361', '813', '730', '347', '301', '446', '25', '644', '500', '345', '422', '307', '544', '656', '435', '526', '0', '131', '583', '807', '191']
['16', '5', '999', '510', '356', '620', '209', '493', '643', '354', '740', '379', '894', '407', '854', '235', '467', '557', '651', '334', '169', '766', '852', '419', '528', '648', '414', '221', '261', '634', '857', '132', '81', '257', '142', '741', '887', '650', '63', '616']
