['265', '497', '176', '451', '631', '317', '10', '612', '456', '291', '430', '302', '125', '424', '262', '377', '271', '564', '349', '487', '548', '627', '455', '500', '531', '402', '158', '143', '409', '123', '411', '596', '260', '412', '191', '127', '636']
['464', '439', '117', '80', '285', '462', '170', '243', '294', '255', '559', '61', '517', '234', '2', '164', '383', '355', '445', '400', '619', '207', '593', '75', '645', '272', '488', '379', '253', '639', '211', '131']
['186', '450', '17', '350', '505', '21', '629', '239', '118', '539', '15', '200', '643']
['76', '345']
['197', '618', '148', '482', '607', '391', '644', '526', '55', '41', '297', '40', '154', '314', '104', '269', '477', '25', '600', '591', '169', '570', '71', '298', '214']
['318', '471', '545', '511', '520', '532', '398', '124', '238', '320', '210', '419', '362', '516', '611', '83', '561', '466', '454', '617', '605', '435', '460', '23']
['268', '113', '155', '196', '228', '407', '508', '28', '585', '189', '641', '103', '134', '300', '275', '286', '498', '194', '568', '623', '94', '370', '225', '69', '449', '485', '381', '141', '136', '331', '489', '90', '199']
['387', '47', '442', '223', '311', '146', '513', '638', '306', '578', '74', '13', '457', '95', '67', '476', '7', '120', '157', '503', '133', '496', '213', '483', '373', '274', '326', '241']
['577', '369', '552', '432', '45', '448']
['433', '24', '236', '535', '198', '415', '452', '247', '108', '20', '499', '635', '390', '633', '463', '114', '378', '576', '342', '354', '188', '266', '403']
['150', '258', '315', '26', '162', '492', '281', '183', '473', '248', '221', '550', '606', '481', '68', '335', '375', '256', '469', '48', '569', '216', '546', '6', '472', '257', '549', '31', '567', '507', '347', '556']
['32', '515', '555', '92', '395', '182', '371', '372', '322', '586', '360', '598', '42', '137', '594', '441', '195', '602', '382', '429', '327', '8', '408', '59', '11', '363', '610', '614', '506', '119', '19', '140', '502', '230', '193', '583', '558', '544', '171', '613', '467', '580']
['121', '245', '5', '284', '249', '394', '173', '229', '406', '397', '428', '57', '358', '261', '440', '224', '16', '308', '333', '553', '589', '486', '625', '479', '361']
['493', '592', '233', '340', '510', '301', '217', '235', '153', '380', '126', '376', '642', '447', '346', '465', '494', '422', '459', '138', '542', '85', '626']
['543', '177', '64', '22', '175', '289']
['1', '356', '573', '222', '282', '547', '385', '276', '310', '184', '332', '480', '328', '414', '581', '203', '97', '595', '334', '190', '514', '56']
['528', '458', '107', '366', '250', '149', '437', '58', '27', '392', '39', '337', '522', '232', '38', '295', '70', '204', '111', '37', '246', '425', '87', '551', '144', '35', '251', '161', '628', '209']
['86']
['46', '431', '491', '386', '0', '637', '30', '267', '219', '339', '159', '9', '399', '309', '36', '279', '130', '368', '348', '574', '557', '296', '270', '562', '4', '254', '288']
['365', '220', '572', '201', '88', '416', '206', '78', '129', '504', '588', '396', '242', '401', '227', '554', '166', '325', '484', '43', '160', '540', '615', '66', '620', '587', '475', '313', '44', '145', '389', '405', '132', '388', '426', '192', '179']
['519', '277', '29', '324', '280', '226', '413', '534', '72', '180', '632', '404', '584', '321', '461', '341', '54', '237', '263', '525', '490', '518', '208', '634', '524', '538', '174', '168', '357', '151', '60', '338', '142', '601', '3']
['579', '478', '167', '305', '63', '252', '359', '434', '599', '609', '139', '100', '571', '290', '292', '115', '231', '91', '393', '212', '287', '283', '101', '73', '453', '278', '521', '444', '106', '590']
['423', '336', '165', '353', '312', '240', '299', '616', '560', '273', '410', '316', '495', '530', '603', '344', '62', '99', '93', '122', '536', '608', '474', '621', '33', '110', '293', '52', '529', '367', '202', '630', '512', '147', '128', '624', '185', '533', '244', '565', '364', '374', '96', '537', '102', '622', '319', '215', '163', '18']
['597', '109', '65', '181', '443', '421', '304', '329', '34', '82', '343', '417', '156', '541', '523', '51', '384', '112', '187', '98', '427', '81', '501', '509', '566', '420', '352', '575', '178', '527', '89', '79', '84', '205', '468', '105', '116', '563', '49', '50', '303', '264', '582']
['77', '12', '259', '53', '438', '14', '418', '218', '436', '351', '307', '446', '152', '604', '135', '172', '323', '470', '640', '330']
