['419']
['181']
['585']
['271']
['776']
['182']
['166']
['580']
['49', '784']
['820']
['86', '113']
['471']
['328']
['410']
['637']
['386', '711', '560', '930', '882']
['822', '309', '764']
['448', '226']
['686', '39']
['766']
['782', '591']
['755']
['791']
['403']
['295']
['65', '229', '129']
['279', '444', '339', '816']
['596', '854']
['167', '562']
['573']
['332', '786', '535']
['867', '421', '559']
['797', '476', '593', '788', '225']
['608', '619']
['818']
['771', '349', '198', '367']
['633', '385']
['402', '478']
['750']
['870']
['441', '512', '527', '41']
['232']
['323', '611']
['457']
['663', '6']
['659']
['275', '642', '620', '640', '653', '75', '413', '122']
['213', '416', '60']
['915']
['192', '837', '197', '908', '25', '250']
['36', '361', '695', '823', '598']
['432', '769', '169']
['997']
['397']
['810']
['891']
['934']
['50', '626']
['494']
['721']
['132', '759', '378']
['252', '514', '550']
['699']
['189']
['636']
['497', '185']
['542', '703', '40']
['48']
['672', '218', '747', '227']
['231', '848', '424', '679']
['143', '331', '15', '400', '442']
['622']
['98']
['481', '928', '303', '557']
['149']
['761', '261', '707', '851']
['409']
['958', '952', '460']
['879']
['256', '648', '205', '963']
['731', '54']
['926', '301', '29']
['576', '66']
['705']
['575', '763']
['445']
['849']
['581', '724']
['632']
['604', '10', '383', '84']
['346', '902']
['613', '157']
['95']
['191']
['483', '382', '390']
['739']
['363']
['977']
['675']
['888']
['740', '793', '134', '438']
['868']
['873', '754']
['127']
['804', '377', '414', '704', '808', '161']
['190', '57', '941']
['932', '730']
['160', '993', '484']
['290']
['614']
['838', '27', '34', '335', '712', '436']
['470']
['179']
['967', '265']
['111', '939', '106', '345']
['144', '901', '752']
['819']
['601', '960', '137']
['19']
['946']
['340', '688']
['701', '398']
['805', '979', '388', '933']
['779']
['223']
['860', '630', '314', '538']
['337', '99', '775']
['519']
['856']
['802']
['609', '116']
['368', '727']
['778', '76', '770', '983', '288', '174']
['355']
['120', '178']
['63']
['258']
['215', '431', '685', '58', '415']
['534', '858']
['156']
['767', '287', '338']
['353']
['435', '168']
['548', '973']
['553']
['141', '212']
['199', '530']
['757', '749']
['61']
['507']
['796']
['220']
['449']
['488', '670']
['222']
['369']
['91']
['92']
['799']
['480']
['173']
['875', '70']
['102']
['147', '53']
['890']
['929', '473', '152', '43']
['896', '600', '561']
['671', '155', '294', '316']
['195']
['664']
['88', '910']
['407']
['482']
['521', '35']
['572', '219']
['81', '389', '463']
['153']
['669', '617']
['693']
['477']
['900']
['475']
['11']
['30']
['974', '379', '696', '162', '694', '347', '373']
['72']
['845', '459', '807']
['319']
['304']
['308', '662', '692', '584']
['881', '647']
['24']
['555']
['194', '165', '282', '666', '725', '969']
['430']
['352', '522', '937']
['100']
['949', '978']
['455', '940', '235', '914', '372']
['744']
['466']
['852', '589']
['732']
['259', '625']
['315']
['18']
['392']
['894']
['943']
['267']
['916', '429']
['728', '139']
['588']
['186', '420', '298']
['172', '680', '836']
['984', '523', '85']
['210', '586']
['453']
['922']
['803']
['68']
['395', '713', '678']
['563', '289', '717', '260', '811']
['533', '263', '794', '37', '773']
['412', '889']
['13']
['121']
['525', '631', '846']
['863', '104', '342']
['777']
['284']
['720']
['458']
['206']
['297', '0']
['93', '427']
['547', '787', '177']
['154']
['128']
['7']
['956', '639', '456']
['634', '991']
['577', '876']
['380', '140']
['552']
['492']
['334']
['722', '971']
['649']
['738']
['999', '467']
['595', '843']
['370']
['612', '839', '904', '246']
['123', '285']
['237', '320', '571', '980']
['105']
['618', '468', '792', '312', '305', '77', '885']
['59']
['293', '610', '343', '762', '245']
['748', '364']
['566', '22', '405']
['234', '536', '79']
['684', '760']
['242', '479', '356', '855']
['73', '814', '568', '244']
['840']
['426', '880']
['404', '657', '645', '605']
['452']
['506', '972', '887']
['517']
['919', '257', '742']
['216']
['311']
['151', '578']
['690', '411']
['579']
['461', '357', '193']
['683', '697']
['322', '158']
['549', '628', '187']
['20']
['266']
['269', '954']
['487']
['469', '224', '325']
['877']
['313', '800', '995', '502', '893', '2', '667', '26']
['518']
['307', '689']
['387']
['115']
['913']
['582']
['654']
['358']
['110', '844']
['998', '513']
['781', '641']
['375', '950', '32', '360', '564']
['90', '907']
['871', '590']
['150']
['296', '146', '948']
['362', '638']
['715']
['734']
['33', '74']
['351', '450']
['196']
['831', '592', '214']
['253']
['180']
['500', '516', '268', '230', '42', '509']
['201']
['490']
['45', '175']
['795']
['511']
['184', '989', '71', '911', '119']
['714', '970']
['597']
['746']
['944', '391', '31']
['264']
['454', '853']
['300']
['565']
['556']
['729', '677']
['126']
['872', '207']
['955']
['925', '965']
['817', '489', '607', '8', '866', '931', '921', '176', '354', '202', '3', '306', '976', '526', '862', '996', '546', '850', '273', '988', '233', '376', '78', '957', '809', '743', '171', '101', '736', '46', '830', '710']
['574', '825']
['291', '97']
['968']
['554', '247', '51', '474', '344', '504', '906', '681']
['774']
['884']
['874']
['961']
['433']
['702']
['82']
['594']
['741']
['981', '80']
['239']
['324']
['381', '801', '951']
['806']
['531', '751']
['64', '451', '142', '96', '990']
['966', '623', '827', '188']
['735']
['602', '274', '938', '399']
['164']
['947', '299']
['465', '917']
['962']
['583']
['21']
['462']
['716', '621']
['826', '898']
['829', '650', '238', '878']
['133']
['12']
['422']
['673', '892']
['318']
['567', '832']
['524']
['321']
['447', '236', '359', '5']
['9', '847', '365']
['540']
['936']
['652', '745', '278']
['486', '895', '945']
['909', '992', '317', '16']
['131']
['501', '737']
['756']
['783']
['865']
['661', '789']
['674']
['624']
['520']
['83']
['551']
['254', '682']
['109']
['350']
['733']
['687']
['371']
['780']
['280']
['348']
['655', '515']
['1', '545']
['117', '912']
['135']
['498']
['942', '440', '987', '508']
['824', '211', '644', '14', '406']
['959']
['145']
['204', '17', '396']
['499', '472', '241', '927']
['425']
['994']
['125']
['719']
['341', '330', '924']
['765', '283', '272']
['437', '923']
['326', '708', '495', '985']
['4']
['815', '706', '87', '240']
['541', '491']
['543', '434']
['209', '496', '718']
['393', '327']
['47', '44']
['529']
['812']
['660', '336', '813']
['493', '864']
['842', '651']
['183']
['587']
['903', '384']
['163', '709', '130']
['94']
['758']
['643']
['869']
['423', '38']
['55']
['935', '635', '676', '691']
['658']
['821']
['616']
['138', '443']
['56']
['723']
['532', '790']
['975']
['861']
['503', '243', '859']
['886', '62', '262']
['118', '558', '136', '828']
['798', '374', '108', '857', '170']
['394', '329', '28']
['277', '464']
['302', '753']
['292']
['52']
['665', '248', '114']
['203']
['428']
['69']
['964', '417', '606', '539', '700']
['982', '833']
['698']
['615', '276']
['418', '569']
['772', '89', '446']
['255']
['103']
['897', '310', '899']
['544']
['23']
['603']
['333']
['249']
['768']
['439']
['905']
['656', '627', '408']
['107', '286', '510', '148', '67']
['366']
['785', '883', '918']
['841', '726']
['528', '200']
['281']
['986', '505']
['401', '270']
['251']
['668', '953', '485', '221', '217', '208', '124', '112', '835']
['599']
['834']
['629', '920', '537', '570']
['646', '228']
['159']
