['509', '251', '557', '603', '184', '105', '847', '216', '367', '420', '33', '404', '590', '321', '271', '361', '693', '201', '100', '72', '391', '471', '313', '850', '382', '483', '619', '546', '274', '365', '22', '684', '567']
['637', '801', '729', '373', '206', '8', '177', '390', '478', '712', '281', '290', '669', '548', '240', '133', '199', '256', '152', '394', '674', '125', '575', '68', '366', '675', '154', '642', '589', '759', '725', '358', '427', '38']
['169', '464', '574', '677', '686', '505', '380', '697', '485', '698', '155', '52', '613', '814', '737', '496', '261', '511', '363', '754', '292', '726', '62', '339', '821', '409', '103', '42', '2', '727', '767', '736', '241', '526', '242']
['229', '41', '203', '804', '328', '695', '543', '90', '294', '519', '320', '185', '244', '398', '138', '194', '353', '584', '285', '523', '757', '247', '318', '769', '156', '841', '289', '499', '580', '322', '317', '160', '492', '131', '204']
['815', '622', '377', '355', '616', '696', '735', '780', '761', '723', '601', '132', '654', '36', '59', '43', '245', '405', '61', '416', '411', '352', '797', '326', '591', '798', '385', '491', '168', '3']
['283', '231', '303', '685', '397', '163', '282', '578', '639', '142', '327', '742', '810', '538', '513', '128', '146', '360', '529', '839', '407', '174', '102', '39', '97', '110', '376', '700', '745', '641', '565', '705', '719', '268', '809']
['236', '79', '226', '530', '69', '354', '678', '844', '793', '481', '713', '782', '807', '688', '582', '704', '656', '836', '576', '218', '333', '663', '627', '238', '470', '638', '158', '435', '494', '371', '518', '77', '193', '753']
['0', '219', '747', '743', '340', '25', '172', '671', '181', '426', '239', '116', '196', '750', '560', '527', '378', '80', '164', '170', '403', '148', '384', '252', '837', '401', '323', '31', '306', '522', '88', '475', '395', '438']
['628', '586', '118', '777', '559', '818', '311', '715', '658', '594', '632', '12', '91', '393', '466', '195', '634', '820', '581', '772', '300', '54', '147', '143', '101', '73', '418', '786', '178', '846', '119', '275', '490', '255', '335']
['781', '149', '644', '208', '775', '789', '708', '57', '260', '78', '348', '571', '237', '835', '450', '672', '670', '710', '136', '37', '482', '243', '19', '82', '150', '657', '838', '829', '191', '312', '500', '288', '812', '135', '50']
['372', '709', '94', '448', '63', '770', '345', '739', '453', '436', '442', '351', '689', '368', '267', '171', '604', '114', '579', '32', '186', '386', '465', '794', '144', '467', '223', '784', '34', '852', '53', '819', '851', '334']
['720', '121', '9', '845', '617', '349', '127', '109', '70', '388', '699', '795', '369', '771', '800', '20', '811', '848', '202', '457', '612', '749', '849', '375', '741', '10', '413', '415', '190', '731', '58', '47', '469', '27', '392']
['278', '740', '792', '766', '659', '552', '145', '631', '141', '134', '551', '507', '516', '198', '417', '462', '220', '610', '293', '16', '765', '501', '732', '254', '124', '824', '60', '668', '660', '790', '23', '629', '706', '96', '266']
['599', '585', '402', '833', '463', '6', '832', '540', '661', '301', '305', '248', '487', '115', '646', '250', '120', '434', '162', '362', '284', '763', '746', '35', '93', '1', '89', '515', '493', '549', '161']
['74', '166', '108', '495', '106', '40', '503', '588', '425', '694', '456', '506', '724', '655', '611', '357', '139', '598', '451', '633', '319', '607', '259', '249', '215', '325', '424', '682', '263', '175', '566', '4', '788', '192']
['45', '123', '297', '691', '502', '276', '762', '235', '310', '721', '400', '44', '211', '359', '673', '608', '752', '842', '383', '370', '331', '734', '389', '224', '773', '683', '667', '433', '825', '314', '461', '498']
['630', '593', '49', '783', '75', '14', '126', '308', '666', '182', '635', '555', '11', '221', '799', '508', '643', '225', '379', '477', '484', '472', '449', '343', '233', '165', '687', '84', '748', '595', '92', '329', '597', '51', '98']
['711', '787', '592', '234', '446', '176', '827', '441', '246', '99', '624', '117', '444', '71', '653', '153', '776', '614', '277', '7', '791', '514', '316', '298', '717', '122', '113', '232', '24', '680', '517', '764', '625', '137', '525']
['468', '437', '570', '828', '399', '430', '550', '347', '443', '823', '81', '716', '279', '623', '544', '826', '210', '406', '302', '733', '460', '545', '536', '432', '280', '217', '620', '228', '423', '474', '83', '853', '473', '344', '504']
['692', '76', '173', '855', '547', '324', '569', '332', '587', '419', '756', '287', '421', '140', '286', '573', '291', '785', '342', '180', '535', '64', '718', '55', '111', '583', '779', '651', '707', '497', '350', '5', '439', '679', '315']
['531', '13', '480', '714', '816', '338', '554', '447', '412', '520', '662', '702', '87', '486', '189', '532', '104', '65', '572', '408', '476', '831', '207', '167', '822', '728', '640', '722', '605', '452', '768', '265', '18', '374', '187']
['665', '356', '341', '647', '459', '273', '621', '701', '648', '227', '489', '46', '222', '510', '528', '562', '843', '541', '66', '213', '197', '130', '636', '805', '85', '606', '15', '431', '307', '253', '270', '330', '558', '561', '428']
['802', '346', '817', '157', '596', '29', '205', '269', '760', '299', '730', '151', '387', '664', '568', '808', '28', '479', '21', '129', '272', '563', '539', '48', '17', '854', '258', '410', '537', '840', '751', '56', '336', '257', '542']
['429', '264', '159', '455', '488', '615', '645', '86', '107', '364', '512', '626', '304', '521', '556', '650', '755', '676', '649', '396', '600', '834', '564', '179', '738', '758', '652', '553', '618', '774', '440', '577', '200', '681', '830']
['183', '533', '778', '230', '112', '337', '295', '458', '309', '262', '188', '67', '214', '422', '454', '209', '690', '212', '744', '609', '703', '803', '95', '445', '813', '524', '602', '414', '381', '296', '30', '796', '26', '534', '806']
