['728', '708', '260', '192', '875', '691', '878', '809', '348', '518', '654', '220']
['278', '386', '934', '489', '882', '812', '541', '303', '494', '68', '185', '268', '782', '0', '88', '730', '512', '699', '741', '363', '449', '962', '175', '272', '246', '94', '149', '415']
['845']
['736']
['171']
['696']
['173', '152', '447', '95', '637', '305', '74', '824', '105', '157', '402', '761', '47', '767', '204', '477']
['17', '886']
['183', '529', '577', '815', '56']
['476', '631', '860', '665', '78', '467', '243', '380', '326', '193', '307', '738', '461', '381', '912', '354', '236', '910', '387', '591', '745', '926', '57', '266', '974', '331', '451', '626', '759', '801', '769', '361', '168', '335', '474', '557', '899', '412', '209', '490', '495', '4', '768', '732', '913', '511', '752', '433', '256', '865', '89', '383', '695', '685', '458', '568', '943', '627', '602', '956', '664', '127', '400', '399', '456', '911', '403', '874', '673', '162', '486', '487', '238', '525', '843', '140', '789', '806', '551', '990', '343', '830', '755', '277', '389', '707', '628', '355', '498', '342', '53', '325', '549', '11', '562', '544', '379', '948', '115', '350', '803', '535', '553', '545', '37', '398', '96', '200', '90', '987', '909', '869', '797', '893', '203', '833', '621', '772', '189', '903', '276', '731', '960', '251', '244', '356', '336', '271', '163', '616', '915', '100', '857', '45', '858', '502', '429', '444', '783', '862', '454', '275', '401', '706', '751', '365', '293', '437', '597', '431', '55', '690', '261', '787', '41', '217', '395', '421', '442', '733', '914', '367', '69', '999', '771', '91', '18', '311', '7', '214', '849', '770', '20', '785', '141', '362', '995', '258', '714', '916', '370', '636', '188', '615', '922', '473', '975', '372', '852', '132', '709', '369', '823', '603', '129', '519', '524', '257', '448', '620', '237', '499', '240', '290', '821', '211', '681', '378', '12', '592', '478', '186', '2', '675', '121', '195', '54', '134', '438', '62', '682', '218', '873', '523', '180', '536', '181', '353', '50', '766', '455', '687', '688', '408', '274', '63', '796', '332', '949', '850', '607', '601', '619', '46', '579', '813', '794', '846', '482', '328', '930', '840', '239', '646', '951', '116', '344', '405', '624', '66', '254', '65', '302', '583', '970', '710', '952', '596', '941', '989', '108', '680', '635', '330', '99', '587', '983', '98', '530', '23', '977', '85', '555', '80', '929', '466', '712', '371', '428', '27', '831', '814', '558', '283', '289', '60', '924', '259', '49', '538', '298', '179', '107', '294', '413', '517', '156', '672', '750', '64', '318', '825', '515', '113', '749', '75', '488', '385', '955', '574', '391', '540', '329', '31', '985', '77', '841', '205', '842', '669', '503', '677', '143', '427', '169', '154', '945', '940', '184', '287', '864', '648', '792', '931', '906', '97', '844', '998', '670', '531', '971', '532', '109', '219', '725', '853', '928', '917', '668', '485', '653', '393', '972', '642', '689', '902', '61', '819', '319', '255', '265', '744', '124', '704', '905', '182', '506', '722', '715', '411', '339', '76', '245', '779', '662', '742', '935', '128', '702', '870', ]
['227', '614', '114', '561', '740', '760', '808']
['233', '359', '133', '848', '892', '611', '155', '827', '273', '28', '647']
['457', '48']
['51', '308', '406', '87', '963', '139', '991', '537', '799']
['3', '640', '5']
['83', '496']
['497', '522', '576', '225', '508', '879', '638', '756', '509', '262', '735', '102', '42', '462', '693', '317']
['837', '32', '306', '341', '33', '938', '701', '554', '817', '569', '907', '978', '337', '267', '340', '832', '679', '992', '694', '521', '959', '613', '117', '888', '876', '164', '711', '847', '145']
['982', '410', '866', '320', '25', '643', '170', '382', '35', '550', '392', '165', '347', '652', '834', '333', '835', '104', '743', '161', '542', '748', '820', '618', '10', '40', '221', '158', '148']
['575', '804', '729', '997', '286', '202', '927', '151', '683', '493', '229', '979', '480', '126', '281', '634', '250', '904', '52', '839', '232', '660', '207', '908', '543', '253', '514', '778', '469', '248', '572', '118', '414', '606', '757']
['666', '774', '230', '15', '667', '500', '264', '838', '651', '528', '131', '737', '178', '72', '734', '871', '30', '481', '933', '856']
['513', '210', '470']
['315', '697', '539', '484', '59', '191', '71', '604', '310', '322', '460', '8', '323', '936', '142', '223']
['986']
['446', '351', '919', '891', '723']
['360', '703', '174', '713', '296', '727', '434', '942', '567', '84', '404', '547', '492', '937', '443', '671']
['762', '639', '560', '242', '504', '196', '570', '609', '432', '501', '598', '388', '249', '788', '686', '301', '594']
['818', '197', '996', '720', '564', '138', '650', '705', '92']
['213', '483', '773', '883', '967', '441', '123', '491', '22', '678', '968', '881', '884', '135', '137', '479', '896', '270', '546', '390', '984', '26', '288', '976', '947', '16', '366', '993', '349', '445', '377']
['630', '946', '659', '581', '177', '136', '153', '663', '475', '894', '953', '969', '580', '800', '463', '9', '854', '605', '520', '394', '468', '510', '280', '571', '633', '901', '692', '425', '836', '150', '70', '159', '994', '656', '754', '19', '417']
['527', '44', '423', '644', '440', '316', '617', '79', '435', '300', '923', '430', '125', '586', '698', '724', '358', '981', '900', '418', '505', '222', '409', '918', '34', '167', '93', '526', '658', '863', '859', '297', '452', '110', '965', '961', '101', '471', '790', '507', '582', '282']
['988', '187', '198', '86']
['925']
['600', '895', '793', '1', '645', '795', '215', '957', '889', '867', '208', '120', '146', '304', '548', '36', '802', '758']
['566', '352', '373', '798', '21', '176', '38', '212', '780', '263']
['357', '921', '964', '285', '144', '625', '292', '791', '608', '739', '822', '861']
['661', '851', '396', '612', '676']
['944', '719']
['784', '312', '82']
['419', '368', '781', '593', '235', '777', '765', '516', '885', '811', '24', '424', '700', '472', '231', '374', '578', '807', '422', '346', '345', '599', '397', '106', '890', '589', '632', '588', '746', '898', '573', '622', '226', '726', '657', '753']
['67', '407', '338', '655', '556', '119', '684', '939', '216', '828', '206', '241', '13', '29', '465', '880']
['872', '829']
['224', '973', '855', '563', '199', '932', '623', '14', '299', '464', '887', '810', '674', '234', '172', '747', '314', '920', '334', '721', '228', '58', '958', '103', '717', '559', '649', '966', '450', '416', '313', '565', '166', '284']
['309', '291', '763', '194', '426', '81', '629']
['269', '201']
['160', '641', '552', '585', '786']
['595', '279', '420', '950', '805', '247', '716', '459', '439', '6', '364', '376', '453', '868', '610']
['897', '111', '375', '122', '436', '534', '112', '718', '327', '324', '584', '43']
['73', '954', '776', '877', '190', '764']
['147', '384']
['590', '980', '533', '252', '775', '816', '321', '130', '826', '39', '295']
