['921', '140', '779', '915', '717', '873', '251', '696', '275', '241', '981', '8', '809', '321', '250', '449', '680', '357', '572', '738', '957', '686', '963', '219']
['108', '615', '214', '117', '946', '509', '173', '133', '166', '621', '512', '96', '543', '1', '333', '945', '906', '908', '770', '377', '952', '806', '410']
['985', '13', '819', '763', '604', '350', '196', '148', '930', '293', '949', '515', '659', '413', '453', '933', '240', '467', '403', '864', '230', '14', '496']
['868', '262', '662', '511', '338', '627', '317', '332', '508', '507', '12', '833', '596', '658', '372', '19', '356', '948', '401', '850', '179']
['734', '979', '885', '760', '926', '419', '319', '286', '261', '664', '746', '939', '136', '859', '334', '585', '907', '872', '896']
['890', '777', '852', '956', '569', '805', '851', '912', '109', '444', '3', '555', '815', '220', '565', '206', '366', '941', '801', '339', '712', '676', '742']
['545', '614', '407', '367', '888', '227', '825', '156', '201', '867', '306', '141', '119', '53', '530', '45', '904', '142', '597', '457', '90']
['352', '425', '365', '426', '797', '247', '552', '389', '766', '154', '831', '64', '481', '42']
['10', '57', '594', '987', '186', '960']
['735', '364', '65', '165', '654', '751', '106', '570', '795', '520', '972', '48', '919', '87', '174', '799', '787', '677', '418', '44', '273', '445', '353', '595', '789']
['810', '776', '343', '412', '279', '998', '69', '408', '189', '526', '268', '379', '387', '548', '2', '285', '198', '224', '865', '683', '11', '729']
['202', '316', '762', '298', '371', '685', '697', '102', '928', '451', '982', '270', '688', '660']
['752', '623', '458', '663', '66', '308']
['396', '590', '489', '733', '59', '302', '999', '576', '909', '448', '499', '209', '765', '882', '299', '592', '699', '713', '880', '639', '323', '968', '168', '927']
['399', '923', '848', '977', '120', '646', '291', '718', '164', '802', '421', '754', '771', '329', '460', '533', '257', '965', '899', '501', '36', '613']
['80', '476', '256', '598', '439', '472', '7', '645', '758', '674', '737', '382', '300', '955', '678']
['123', '470', '830', '835', '394', '228', '694', '312', '983', '131', '670', '901', '750', '163', '216', '303', '884', '619', '731', '841', '651']
['89', '486', '246', '969', '98', '940', '39', '318', '630', '271', '695', '989', '190', '351', '973', '195', '673', '541', '428', '889']
['477', '558', '808', '866', '235', '414', '435', '838', '656', '41', '327', '493', '692', '443', '397', '465', '653', '854', '823', '130', '498', '527', '70', '223', '34']
['433', '178', '577', '207', '325', '753', '725', '462', '9', '847', '666', '755', '422', '348', '199', '99', '84', '502', '950', '644', '20', '4']
['376', '62', '244', '161', '491', '618', '840', '466', '144', '657', '538', '980', '86', '691', '589', '971', '863', '724', '628', '60', '266', '578', '856', '40', '33']
['610', '167', '900', '75', '16', '616', '861', '606', '798', '290', '170', '203', '633', '521', '232', '344', '954', '687', '783', '153', '440', '637', '354']
['129', '400', '73', '340', '263', '665', '221', '602', '21', '395', '236', '187', '330', '322', '883', '893', '828', '913', '534', '137', '672', '282', '147', '846', '283']
['580', '870', '450', '842', '442', '876', '27', '556', '437', '743', '158', '922', '94', '31']
['995', '964', '193', '811', '346', '518', '103', '30', '638', '622', '719', '272', '485', '118', '373', '100', '480', '46', '436', '71', '684', '698', '529', '63']
['115', '532', '714', '292', '391', '277', '579', '704', '744', '274', '605', '761', '406', '586', '429', '609', '953', '398', '550', '947', '568', '430', '924', '794', '715']
['112', '582', '301', '313', '384', '310', '990', '506', '961', '655', '782', '669', '336', '72', '176', '551', '571']
['587', '239', '759', '701', '636', '405', '561', '487', '925', '932', '341', '720', '641', '79', '51', '544', '553']
['432', '326', '361', '151', '897', '741', '249', '917', '517', '342', '172', '603', '85', '849', '790', '454', '549', '877', '49']
['180', '648', '456', '821', '773', '944', '996', '812', '311', '722', '757', '125', '647', '175', '600', '185', '510', '514', '411', '535', '894']
['162', '774', '528', '0', '649', '468', '26', '191', '381', '749', '978', '994', '895', '243', '855', '18', '624', '943', '559', '473', '564', '374']
['490', '575', '182', '192', '668', '617', '874', '392', '599', '475', '690', '562', '386', '581', '700', '937', '393', '360', '200', '974', '169', '107', '111', '304']
['837', '383', '50', '942', '237', '483', '702', '910', '455', '788', '566', '826', '245', '934', '911', '278', '92', '970', '902', '966', '775', '17', '252', '441']
['269', '976', '608', '281', '803', '83', '591', '958', '519', '667', '337', '504', '931', '539', '78', '748', '494', '420', '67', '836', '540', '818', '800']
['488', '820', '205', '132', '28', '547', '986', '914', '975', '703', '284']
['424', '259', '349', '423', '767', '368', '671', '584', '464', '862', '229', '879', '177', '248', '331', '138', '37', '631', '513', '935', '402', '816', '537']
['93', '307', '385', '822', '213', '461', '629', '38', '536', '355', '181', '184', '134', '878', '721', '869']
['474', '24', '152', '612', '516', '984', '81', '918', '452', '52', '732', '280', '113', '726', '829', '215', '478', '740', '104', '736', '55', '88']
['611', '438', '563', '390', '988', '417', '288', '747', '369', '634', '962', '542', '77', '149', '858']
['294', '723']
['150', '375', '260', '573', '524', '792', '160', '287', '297', '218', '68', '929']
['204', '905', '484', '892', '127', '105', '642', '124', '705', '95', '188', '335', '54', '887', '114', '495', '593', '756', '234', '58', '845']
['554', '211', '427', '567', '380', '583', '143', '404', '492', '370', '780', '523', '727', '844', '126', '447', '709', '643', '210', '993', '804', '469', '197', '522', '682']
['97', '362', '824', '886', '832', '525', '212', '222', '309', '781', '226', '254', '242', '233', '267']
['231', '22', '305', '546', '347', '82', '482', '711', '505', '155', '891', '728', '135', '991', '194', '574', '772', '314', '745', '171', '601', '324', '225']
['265', '378', '320', '431', '793', '853', '813', '295', '710', '857', '875', '796', '739', '253', '497', '121', '208', '814', '936', '620', '916', '159', '503', '276']
['146', '881', '479', '625', '967', '708', '652', '110', '807', '531', '834', '675', '47', '560', '689', '951', '183', '679', '345', '839', '778', '74', '434', '827', '817']
['871', '860', '315', '640', '15', '6', '363', '258', '784', '122', '632', '463', '416', '785', '730', '61', '91', '626', '446', '769', '661', '557', '791', '706', '289']
['992', '500', '116', '843', '415', '101', '157', '768', '76', '786', '32', '358', '409', '23', '764', '959', '139', '128', '296', '388', '607', '938', '716']
['635', '920', '255', '5', '264', '693', '43', '650', '997', '238', '681', '903', '898', '25', '35', '56', '29', '359', '217', '459', '707', '588', '471', '328', '145']
