['434', '130', '653', '704', '453', '280', '382', '604', '363', '475', '289', '378', '525', '380', '926', '73', '427', '851', '908', '54', '317', '133', '725', '89', '556', '30', '787', '321', '393', '824', '437', '216', '560', '187', '57', '553', '253', '64', '213', '782', '579', '892', '292', '86', '50']
['191']
['435', '236', '846', '316', '559', '436', '211', '328', '582', '959', '585', '142', '150', '1', '849', '588', '396', '702', '745', '567', '569', '115', '181', '416', '819', '138', '451', '485', '63', '394', '56', '397', '332', '217', '925', '298', '927', '473', '47', '665', '354', '789', '742', '744', '936', '269', '634', '785', '895', '21', '243', '16', '652', '679']
['942', '505', '18', '173', '286', '937', '662', '340', '605', '832', '801', '731', '593', '494', '513', '709', '294', '94', '643', '345', '129', '562', '318', '649', '571', '413', '666', '327', '565', '613', '550', '922', '433', '291', '220', '708', '813', '464', '408', '251', '946', '633', '775', '229', '369', '663', '661', '700', '958', '81', '683', '914', '835', '118', '515', '718', '263', '587', '301']
['244', '120', '401', '551', '444', '267', '753']
['529', '362', '325', '747', '790', '474', '39', '522', '112', '8', '310', '591', '249', '42', '122', '34', '688', '502', '703', '303', '899', '441', '483']
['126', '334', '36', '311', '898', '866']
['645', '452', '506', '811', '472', '163', '654', '391', '137', '450', '590', '893', '497', '143', '11', '602']
['760', '295', '619', '395', '906', '202', '95', '29', '947', '141', '313', '193', '803', '762', '170', '10', '740', '463', '877', '855', '335', '226', '821', '227', '80', '99', '359', '844', '228', '675', '386', '357', '107', '43', '916', '205', '323', '31', '615', '509']
['812', '336', '721', '198', '510', '901', '806', '194', '498', '534', '443', '924', '171', '136', '461', '365', '423', '533', '825', '737', '124', '826', '469', '573', '694', '960', '74', '218', '850', '864', '548', '872', '692', '765', '543', '691', '677', '347', '458', '157', '480', '232', '183', '466', '477', '723', '467', '810', '597', '322', '572', '376', '746']
['848', '174', '398', '259', '957', '139', '185', '722', '297', '693', '625', '424', '324', '857', '954', '719', '489', '944', '348', '764', '596', '640', '544', '733', '940', '70', '172', '484', '442', '78', '917', '486', '601', '68', '730', '305', '856', '32', '771', '411', '577', '878', '629', '869', '361', '55', '111', '887', '121', '91', '7', '478', '774', '96', '943', '932', '44', '843', '233', '888', '470']
['287', '222', '179', '33', '840', '41', '230', '674', '134', '598', '549', '909', '931', '250', '607', '367', '528', '684', '400', '351', '231', '225', '656', '809', '438', '392', '617', '935', '53', '132', '589', '285', '754', '642', '644', '897', '838', '102', '341', '659', '76', '440', '686', '860', '151', '517', '277', '752', '355', '214', '537', '829', '750', '195', '816', '637', '90', '834', '131', '949', '432']
['831', '252', '147', '902', '128', '539', '182', '854', '671', '713', '25']
['296', '85', '928', '781', '796', '456', '189', '933', '492', '255', '817', '239', '331', '743', '399', '608', '635', '535', '272', '769', '304', '268', '580', '208', '776', '221', '319', '404', '186', '383', '638', '570', '780', '426', '655', '353', '501']
['20', '146', '88', '689', '471', '728', '546', '234', '808', '257', '751', '867', '736', '670', '626', '884', '375', '6', '678', '165', '616', '459', '445', '631', '818', '592', '650', '799', '594', '101', '507', '387', '945', '711', '836', '536', '726', '919', '407', '542', '541', '938', '766', '360', '103', '558', '262', '65', '414', '900', '905', '206', '624', '923', '929', '531', '59']
['246', '868', '448', '664', '447', '526', '907', '792', '204', '349', '19', '242', '454', '786', '648']
['627', '71', '465', '794', '862', '377', '278', '758', '845', '600', '720', '759', '77', '915', '886', '717', '223', '827', '912']
['701', '161', '852', '538', '352', '48', '190', '865', '574', '45', '346']
['636', '149', '26', '299', '833', '343', '495', '566', '763', '235', '800', '476', '3', '630']
['527', '288', '72', '109', '420', '697', '381', '820', '491', '807', '300', '449', '815', '777', '859']
['871', '127', '482', '481', '162', '410', '460', '699', '623', '390', '27', '540', '333', '329', '545', '564', '418', '755', '320', '106', '167', '532', '177', '46', '210', '622', '500', '9', '176', '651']
['338', '479', '641', '201', '768', '430', '939', '154', '735', '948', '639', '207', '17', '409', '681', '521', '669', '429', '62', '511', '520', '384', '667', '830', '224', '628', '950', '724', '706', '403', '330', '374', '350']
['913', '160', '79', '5', '83', '841', '148', '956', '38', '388', '952', '578', '2', '152', '882', '82', '891', '687', '24', '839', '254', '247', '951', '685', '439', '261', '712', '169', '290', '84', '646', '270', '422', '657', '767', '576', '885', '595', '647', '256', '402', '682', '911', '370', '748', '941', '778', '266', '581', '603', '814', '175', '499', '13', '406', '212', '732', '110']
['583', '265', '514', '35', '371', '276', '22', '196', '904', '828', '493', '503', '159', '676', '92', '113', '114', '547', '518', '804', '858', '530', '315', '104', '853', '698', '668', '727', '0', '749', '512']
['462', '197', '67', '955', '260', '180', '788', '516', '842', '695', '672', '710', '284', '281', '199', '920', '279', '504', '37', '240', '847', '248', '51', '117', '621', '772', '611']
['135', '874', '599', '373', '883', '209', '690', '524', '158', '921', '339', '584', '918', '756', '368', '488', '69', '797', '890', '282', '419', '412']
['714', '557', '455', '784', '431', '490', '275', '586', '49', '680', '658', '97', '791', '606', '715', '309', '552', '168', '271', '487', '60', '144', '555', '342', '425', '707', '739', '105', '98', '741', '337', '896', '66', '876', '4']
['264', '618', '358', '119', '93', '123', '729', '770', '870', '23', '379', '417', '910', '889', '293', '575', '87', '192', '273', '40', '696', '428', '203', '15', '372', '14', '314', '873', '306', '716', '798', '609', '312']
['457', '523', '344', '145', '326', '614', '660', '153', '757', '795', '934', '100', '184', '356', '875', '881', '307', '468', '953', '237', '802', '200', '28', '75', '446', '219', '421', '302', '385', '164', '612', '283', '61', '610', '837', '178', '156']
['389', '58', '52', '705', '155', '563', '734']
['561', '188', '568', '738', '519', '880', '274', '215', '903', '116', '894', '108', '308', '241', '620', '793', '364', '554', '861', '761', '140', '245', '415', '125', '405', '863', '366', '508', '238', '783', '879', '496', '258', '673', '779', '12', '805', '823', '632', '822', '773', '166', '930']
