['9', '105', '356', '307', '725', '866', '180', '915', '790', '508', '297', '809', '949', '897', '749', '189', '527', '732', '823', '247', '995', '496']
['565', '910', '906', '481', '499', '271', '993', '17', '640', '487', '447', '261', '285', '521', '197', '916', '501', '244', '253', '692', '37', '451']
['139', '919', '963', '405', '146', '415', '624', '31', '688', '477', '42', '928', '544', '363', '399', '104', '787', '20', '10']
['779', '322', '404', '766', '5', '342', '23', '951', '21', '367', '450', '750', '398', '224', '684', '807', '842', '744', '275', '452', '257', '479']
['629', '517', '538', '682', '524', '621', '106', '988', '519', '107', '266', '503', '100', '647', '441', '3', '323', '372', '553', '775']
['552', '439', '466', '941', '721', '345', '134', '635', '29', '895', '696', '905', '303', '873', '728', '132', '617']
['934', '638', '444', '659', '482', '708', '424', '512', '882', '862', '129', '554', '923', '416', '145', '849', '943', '60', '633', '648', '182']
['43', '654', '449', '774', '652', '36', '948', '612', '985', '798', '739', '64', '337', '802', '576', '539', '7', '747', '785', '196', '18']
['408', '762', '343', '128', '568', '258', '277', '625', '784', '907', '310', '878', '801', '695']
['777', '108', '248', '998', '912', '745', '529', '579', '930', '662', '731', '986', '98', '175', '256', '981', '440', '122']
['729', '177', '841', '881', '844', '215', '548', '148', '737', '374', '119', '516', '722', '671', '210', '575', '232', '957', '978', '159', '339', '628']
['632', '491', '409', '135', '574', '50', '223', '221', '500', '236', '393', '490', '853', '593', '324', '704', '697', '355', '757']
['615', '329', '714', '1', '319', '368', '585', '711', '375', '264', '964', '13', '627', '209', '505', '815', '15', '724', '242', '152', '63']
['937', '954', '734', '826', '925', '752', '190', '166', '694', '586', '59', '114', '781', '623', '507', '361', '30', '265', '304', '634', '944']
['396', '377', '74', '670', '419', '570', '716', '848', '254', '680', '763', '300', '567', '369', '540', '956', '611']
['69', '693', '155', '246', '85', '713', '999', '486', '434', '267', '305', '522', '718', '483', '797', '733', '668', '973', '70']
['272', '298', '292', '198', '391', '454', '430', '214', '870', '660', '40', '997', '950', '39', '650', '830', '571', '887', '142']
['858', '959', '14', '231', '422', '336', '117', '287', '153', '77', '735', '683', '465', '582', '535', '91']
['600', '426', '118', '378', '678', '967', '946', '561', '987', '761', '156', '845', '334']
['856', '314', '643', '534', '170', '384', '150', '432', '812', '710', '268', '715', '476', '636', '996', '616', '47']
['325', '22', '871', '160', '348', '57', '498', '661', '395', '219', '549', '932', '125', '382', '420', '131', '917']
['770', '168', '911', '72', '958', '202', '672', '677', '727', '965', '467', '808', '67', '675', '840', '262', '143', '448', '55', '376']
['387', '220', '971', '364', '506', '974', '259', '164', '365', '431', '32', '989', '525', '839', '674', '140', '533', '922', '83', '455', '642', '991']
['833', '235', '572', '245', '918', '87', '357', '663', '504', '406', '330', '112', '493', '110', '229', '751']
['622', '26', '295', '333', '172', '769', '580', '187', '75', '141', '559', '33', '836', '414', '366', '200', '564', '742', '237', '169', '754', '891']
['468', '71', '185', '792', '52', '666', '825', '240', '563', '566', '746', '590', '299', '814', '883', '591', '344', '555', '921', '478', '394']
['607', '89', '791', '270', '101']
['35', '274', '403', '667', '783', '788', '233', '217', '829', '789', '864', '347', '531']
['824', '817', '308', '831', '800', '301', '65', '587', '835', '875', '111', '54', '699', '45', '592', '81', '497', '353', '630', '913', '227', '890']
['279', '980', '68', '588', '759', '804', '147', '819', '966', '326', '192', '530', '380', '427', '99', '385']
['701', '604', '939', '546', '900', '6', '736', '972', '312', '705', '982', '494', '66', '619', '401', '942', '179', '602', '445']
['167', '756', '90', '550', '706', '290', '473', '651', '471', '115', '543', '664', '730', '76', '294', '485', '157', '952', '955', '605']
['360', '96', '193', '191', '665', '484', '933', '877', '80', '154', '249', '609', '178', '151', '315', '340', '520']
['349', '460', '673', '822', '796', '758', '120', '489', '510', '116', '2', '772', '273', '653', '278', '707', '518', '309', '423']
['945', '379', '86', '637', '962', '606', '926', '894', '515', '872', '509', '712', '528', '213', '979', '656']
['459', '176', '461', '138', '793', '581', '865', '846', '438', '876', '526', '400', '149', '171', '523', '313', '861', '194', '811', '719', '646']
['764', '558', '417', '976', '818', '286', '195', '446', '276', '302', '597', '780', '874', '204', '464', '354', '412', '228', '46', '346', '702']
['738', '124', '84', '429', '25', '255', '327', '618', '212', '351', '859', '293', '843', '536', '532', '753', '241', '133', '513', '886', '767', '828']
['296', '495', '203', '136', '492', '56', '681', '222', '174', '480', '462', '318', '282', '184', '786', '218', '94', '458', '263', '924', '442', '260']
['610', '700', '421', '27', '283', '909', '691', '992', '961', '884', '806', '186', '291', '813', '726', '289', '373', '411', '78', '457', '589', '183']
['799', '969', '362', '573', '599', '551', '645', '857', '463', '778', '332', '795', '188', '161', '542']
['338', '896', '24', '908', '578', '676', '435', '358', '584', '931', '418', '488', '123', '852', '239', '709', '413', '44', '502', '511', '281', '669']
['703', '847', '851', '93', '437', '381', '601', '250', '658', '206', '885', '470', '211', '216', '92', '644', '58', '359', '892', '620', '868']
['914', '126', '284', '428', '867', '649', '832', '201', '698', '226', '443', '410', '657', '860', '4', '556', '743', '903', '173', '594', '352']
['331', '595', '165', '748', '854', '341', '199', '970', '537', '641', '773', '880', '88', '947', '740', '49', '34', '130']
['717', '723', '311', '402', '251', '243', '690', '79', '469', '990', '977', '95', '626', '577', '569', '975', '163']
['53', '103', '425', '234', '994', '350', '269', '144', '960', '596', '328', '794', '603', '827', '545', '837', '390', '388', '280', '863', '38', '614']
['927', '686', '983', '888', '389', '898', '82', '181', '225', '12', '899', '62', '252', '475', '51', '97', '560', '893', '655', '805', '0', '48']
['371', '855', '776', '547', '608', '208', '386', '816', '679', '28', '397', '407', '689', '61', '41']
['879', '869', '205', '127', '810', '938', '901', '953', '238', '113', '755', '288', '760', '935', '902', '8', '889', '850', '453', '456']
['230', '121', '834', '803', '316', '940', '720', '158', '741', '821', '968', '162', '541']
['335', '102', '207', '137', '436', '920', '472', '317', '73', '474', '687', '782', '109', '514', '583', '598', '936', '16', '820']
['631', '321', '306', '639', '392', '19', '984', '562', '11', '383', '557', '771', '765', '370', '613', '929', '768', '838', '320', '433', '904', '685']
