['79', '971']
['481', '127', '600', '794']
['18', '159', '523']
['50']
['252']
['987', '383']
['605']
['640']
['173', '630']
['976', '278']
['909', '419', '593']
['13', '573', '324', '791']
['944', '703', '143', '525']
['421']
['242', '89']
['607']
['806']
['552', '273']
['477']
['145', '678', '787', '948']
['828', '497', '299', '119']
['964', '860', '64']
['866', '20', '752']
['359', '498', '170', '54']
['374', '153']
['467', '759', '900']
['81', '601', '267']
['128']
['35', '345']
['994']
['233', '53', '901', '340', '981']
['851', '58', '945', '782', '496', '575', '636', '612', '388', '966', '450', '731', '637', '494', '281', '556', '213', '150', '648', '187', '249', '539', '742', '790', '179']
['595', '189', '316', '7', '732', '192', '551', '659', '968', '232', '638', '463', '103', '990', '707']
['466', '144', '889']
['730']
['883', '334', '362', '592']
['704']
['294', '803']
['740', '650']
['728', '1', '673', '343']
['0', '904', '750']
['428', '622']
['832']
['472', '205', '560']
['102', '751']
['898', '10']
['848']
['590', '329', '765', '872']
['879', '503']
['219', '869']
['618']
['596']
['241', '614', '652', '574', '129', '514']
['417', '66', '691', '815']
['468', '513', '460', '978', '685']
['988', '894', '609', '985']
['246', '626', '204']
['167', '529', '783']
['774', '226', '504', '389', '816', '341']
['646', '195']
['46', '664']
['141', '365', '65']
['852', '203', '862', '871']
['696', '185']
['686']
['386']
['798', '225']
['960', '566']
['280']
['418', '604', '285', '369']
['813', '47', '722', '222', '770', '891', '947']
['100', '858', '332']
['373']
['647']
['398', '553']
['563', '45', '683', '132']
['710', '86', '717', '462']
['14']
['842']
['524', '123', '23', '236']
['178', '941', '139']
['297', '907', '131', '74', '543', '121', '277', '379']
['104', '855', '645', '94', '350', '257', '876', '397', '401', '358', '698', '229', '458', '655', '492', '215', '804']
['22', '251']
['134', '268', '77', '584', '265']
['688', '893', '937']
['402', '149']
['154', '125', '715']
['979', '176']
['485', '289', '3', '875', '666', '28', '73']
['303']
['490']
['747']
['905', '699', '845', '577', '711']
['507', '867']
['194']
['538', '209', '897', '639']
['911']
['148', '861', '107']
['624', '155', '198']
['521']
['399', '486', '746', '515']
['476']
['694', '982', '549', '885']
['536']
['42']
['253']
['21', '142', '376', '474', '41', '161']
['991', '917']
['76']
['834']
['925', '610', '227']
['576', '378']
['700', '585']
['621', '996']
['484']
['108', '71']
['954', '202', '487']
['603', '190']
['355', '83']
['838', '980', '767', '709', '517']
['827', '571', '511', '627', '963', '744', '314', '208', '12']
['632', '526']
['97']
['927', '270', '400', '902', '518', '962', '545', '734', '442']
['237', '581', '631', '505', '52', '181']
['441', '218']
['305', '8']
['371', '506', '99', '293', '182', '164', '110', '451']
['748', '49', '959', '9', '749', '346']
['579']
['48', '300', '548']
['283', '331', '287', '260', '420']
['434', '801', '908']
['193']
['90', '488', '558', '292', '478', '530', '725', '541', '965', '916', '589']
['835', '118']
['793', '527']
['844', '812', '105', '443']
['163', '140', '997', '146']
['628']
['301', '117']
['263', '661', '829']
['431', '126']
['16', '319', '156', '221', '243']
['470', '36']
['80', '949', '416', '387', '4', '168', '174']
['762', '291', '625']
['809', '557', '349', '516', '367', '561', '207']
['961', '653', '914', '502']
['841']
['111', '736', '489']
['403', '318']
['833', '313', '363', '279', '72']
['33', '87']
['24', '483', '217']
['913', '70']
['693', '201']
['642']
['200', '231']
['657', '676']
['846']
['817', '864', '957', '926', '361', '152', '435', '723', '895', '165', '271', '795']
['651', '395']
['5']
['755', '706', '32', '385', '754']
['175']
['214', '323', '457', '138']
['910', '805']
['679', '39', '847']
['372', '671']
['718', '796', '535']
['758', '520']
['67']
['212', '690', '304', '870', '943', '799']
['769', '562', '337']
['586']
['629', '449', '950', '308']
['62']
['500']
['865', '261', '298', '547', '778', '658', '482', '446', '405', '186', '306', '677', '881', '310']
['255', '188']
['877', '177', '396']
['856', '635']
['84', '820', '112', '432', '366', '364', '51']
['348']
['169', '843']
['75']
['760']
['773', '641']
['321', '469', '788', '63', '958', '133', '674']
['993', '248']
['347']
['807', '269']
['223', '662', '882']
['896', '779', '6', '689', '312']
['840', '800', '821']
['2', '282', '60', '327', '438', '266', '912', '406']
['555', '491']
['423', '37']
['727']
['335', '623', '695', '531']
['680', '411', '519', '931']
['918']
['356']
['613']
['617', '952', '824']
['792']
['936', '903', '382', '772', '295', '977']
['729']
['768', '802']
['702', '130']
['286']
['713']
['825']
['955']
['781', '191', '975']
['284', '426', '91', '475']
['785', '939', '667']
['741']
['984']
['240', '250', '307', '429']
['924', '427', '921', '797', '634', '101']
['919']
['479', '465', '275']
['464', '611', '422', '338']
['597']
['180', '136', '447', '660', '789']
['151', '440', '570', '546', '643', '510', '380']
['31']
['391', '868', '681']
['317', '567', '633']
['974', '756']
['444', '887']
['849', '540']
['989']
['808', '210', '826', '68']
['256', '333', '615', '328', '946', '890', '620', '38', '594']
['344', '171', '884', '920', '705', '771', '644', '550', '831', '381', '473', '235', '234']
['244', '720']
['453']
['124', '390', '670']
['259', '288', '414', '654', '672']
['522', '137']
['115', '859']
['413', '934', '583']
['537', '29', '375', '43']
['82', '471', '542']
['712', '11']
['114']
['763', '973', '276', '682', '532']
['888', '56']
['360', '737', '668', '932', '311', '69', '569', '320']
['238', '34', '57', '17', '247', '602']
['899', '512']
['701', '564', '409', '721', '572', '810']
['160', '878', '935']
['766']
['956']
['302', '814']
['509', '220', '764', '922', '437', '726', '578', '942']
['157', '88', '854', '352', '857']
['733']
['649']
['330', '554']
['30', '580', '953']
['228']
['262', '258', '780', '880', '342']
['850']
['368']
['761', '786', '351', '599', '106', '873', '393', '738']
['687', '454', '863']
['499', '162']
['534']
['274', '823', '967', '739']
['407', '245', '619', '357', '656']
['495', '322', '353']
['565', '392']
['501']
['25']
['992']
['116', '122', '166', '544', '452']
['811', '272', '95']
['929', '663']
['598', '508']
['254', '995', '354', '745']
['19', '459', '436']
['777', '40', '930', '183']
['26']
['836']
['915', '568']
['587', '44']
['93']
['433', '384']
['448', '394', '158', '85', '669', '970', '404']
['445']
['559', '735', '830', '147', '27']
['874', '415']
['296', '533']
['211', '109', '665']
['461']
['425', '528', '196', '336', '61', '616', '264', '309']
['933', '708', '906', '606']
['928', '757']
['837']
['983', '892', '753']
['290']
['15']
['886', '591', '972']
['784']
['608']
['339']
['938', '59']
['582', '493', '120', '206', '951', '224', '853', '969', '96', '315', '370']
['719', '78', '775']
['410']
['184']
['239', '716', '743']
['455']
['940', '430']
['408']
['692', '325']
['822', '326']
['230']
['923', '412']
['480']
['819', '98', '439', '684']
['986', '377']
['697', '724', '55', '675', '714']
['456', '197']
['199']
['172', '588', '113', '776', '818', '216', '92', '424', '839', '135']
