['15', '944', '103', '584', '465', '349', '867', '290', '343', '426', '791', '724', '956', '341', '897', '585', '787', '368', '668', '85', '137', '551', '968', '785', '334', '996', '30', '459', '992', '832', '360', '7', '155', '935', '351', '592', '800', '388']
['625', '106', '872', '967', '97', '234', '274', '212', '259', '495', '805', '385', '108', '686', '70', '276', '93', '670', '764', '611', '310', '884', '525', '516', '591', '44', '161', '100', '0', '340', '572', '831']
['543', '559', '28', '868', '599', '267', '534', '260', '538', '547', '875', '505', '467', '730', '164', '883', '775', '275', '765', '427', '651', '865', '665', '329', '733', '79', '510', '322', '408', '565', '423', '309', '456', '60', '756', '593', '362', '186', '669', '471']
['814', '188', '63', '372', '782', '914', '864', '56', '636', '114', '962', '169', '270', '258', '708', '450', '376', '701', '725', '827', '589', '685', '277', '579', '812', '286', '848', '233', '367', '581', '481', '542']
['700', '953', '14', '902', '227', '747', '806', '133', '419', '36', '24', '67', '365', '4', '980', '319', '645', '750', '457', '811', '779', '59', '849', '600', '681', '610', '466', '411', '652', '821', '732', '31', '16', '658', '535']
['894', '711', '284', '808', '854', '745', '539', '624', '353', '127', '278', '989', '254', '694', '147', '311', '223', '295', '358', '796', '1', '68', '38', '298', '926', '480', '993', '170', '728', '835', '436', '947', '112', '959', '373', '449', '42', '922', '431']
['9', '653', '126', '179', '706', '960', '603', '498', '476', '763', '271', '201', '438', '342', '248', '905', '321', '923', '153', '371', '115', '238', '892', '523', '822', '325', '567', '901', '563', '674', '859', '316', '489', '251', '518', '181', '913', '952', '570', '279']
['244', '793', '627', '177', '300', '102', '129', '424', '435', '684', '375', '204', '200', '690', '439', '966', '526', '569', '507', '818', '228', '253', '710', '597', '443', '660', '545', '180', '792', '577', '82', '210', '532', '451', '71', '949']
['246', '27', '688', '455', '90', '866', '113', '514', '556', '150', '553', '381', '330', '995', '614', '635', '389', '416', '530', '404', '52', '123', '33', '536', '840', '240', '249', '513', '759', '583', '598', '604', '364']
['504', '261', '692', '215', '740', '413', '877', '957', '306', '889', '780', '979', '948', '197', '131', '282', '820', '499', '500', '184', '828', '226', '662', '533', '105', '771', '830', '243', '378', '191', '853', '619', '786']
['861', '741', '927', '939', '142', '163', '942', '675', '211', '654', '301', '138', '392', '815', '379', '237', '590', '836', '299', '616', '582', '999', '293', '639', '323', '817', '412', '739', '72', '29', '656', '932', '774', '641']
['910', '81', '629', '470', '794', '767', '770', '880', '350', '520', '189', '84', '207', '503', '41', '130', '491', '623', '486', '359', '702', '976', '185', '134', '74']
['983', '348', '344', '954', '839', '48', '602', '47', '339', '562', '182', '231', '852', '168', '915', '663', '335', '753', '955', '588', '501', '76', '139', '107', '386', '646', '483', '143', '743', '613', '940', '266', '512', '657', '790', '871', '573']
['917', '858', '307', '912', '434', '736', '931', '727', '997', '490', '391', '751', '918', '487', '175', '506', '433', '938', '135', '65', '643', '748', '442', '899', '104', '851', '911', '784', '874', '10', '218', '676', '975', '159', '969', '199', '946', '640', '596', '768']
['403', '308', '972', '262', '39', '140', '519', '198', '842', '400', '75', '673', '760', '303', '429', '196', '156', '224', '178', '380', '384', '78', '876', '531', '928', '754', '974', '558', '649', '988', '475', '252', '473', '428', '777', '846', '803', '908']
['680', '560', '187', '502', '576', '118']
['717', '720', '909', '17', '642', '896', '863', '798', '77', '752', '333', '250', '173', '409', '937', '695', '256', '594', '696', '705', '94', '847', '414', '305', '12', '158', '444', '671', '564', '265', '677', '92', '482', '213']
['816', '648', '761', '907', '338', '445', '698', '637', '699', '162']
['272', '772', '195', '843', '291', '496', '422', '347', '789', '287', '606', '834', '855', '58', '208', '898', '312', '555', '69', '697', '269', '638', '315', '462', '154', '407', '856']
['452', '971', '738', '527', '120', '193', '136', '621', '655', '366', '965', '493', '757', '166', '721', '19', '172', '477', '544', '21', '294', '682', '242', '354', '857', '132', '398', '446', '425', '886', '873', '766', '320', '447', '206', '744']
['661', '607', '492', '232', '469', '797', '55', '3', '634', '612', '421', '34', '394', '62', '395', '146', '951', '882', '245', '13', '117', '5', '43', '8', '25', '666', '929', '628', '841', '264', '895', '217', '458', '478', '453', '618', '119', '418']
['285', '96', '402', '893', '900', '664', '57', '703', '799', '80', '125', '124', '807', '66', '88', '468', '528', '986', '548', '328', '183', '795', '961', '202', '672', '578', '494', '383', '982', '881', '568', '824', '615', '541', '704', '605', '46', '904', '406']
['987', '263', '18', '98', '549', '683', '667', '735', '194', '64', '370', '324', '943', '317', '707', '297', '647', '410', '488', '773', '460', '111', '921', '280', '809', '580', '192', '214', '552', '783', '511', '691', '268', '122', '352', '802', '508', '726', '209', '631']
['781', '930', '586', '236', '788', '862', '630', '571', '220', '826', '958', '734', '941', '801', '609', '110', '934', '26', '919', '837', '715', '337', '778', '920', '20', '933', '51', '73', '357']
['355', '222', '174', '314', '546', '273', '906', '221', '484', '716', '936', '823', '626', '679', '440', '554', '517', '318', '54', '205', '417', '190', '755', '430', '540', '292', '151', '964', '731', '390', '241', '845', '924', '86', '878', '40', '622', '363', '327']
['145', '723', '550', '925', '977', '2', '369', '415', '978', '101', '950', '6', '356', '557', '257', '998', '678', '296', '521', '991', '887', '718', '219', '11', '331', '141']
['509', '160', '165', '87', '91', '345', '432', '45', '687', '776', '813', '566', '289', '608', '712', '474', '689', '230', '281', '617', '313', '49', '742', '361', '714', '229', '825', '472', '729', '176', '283']
['970', '587', '61', '53', '304', '659', '850', '719', '888', '235', '157', '399', '148', '288', '749', '247', '50', '128', '945', '420', '529', '990', '879', '561', '454', '522', '216', '397', '405', '869', '441', '713', '225', '99', '985', '479', '885', '396', '537', '994']
['336', '819', '167', '23', '83', '833', '239', '524', '769', '860', '575', '326', '89', '644', '574', '758', '485', '22', '746', '810', '203', '255', '633', '374', '829', '620', '693', '804', '632', '387', '464', '973', '737', '903', '377', '515', '601', '37', '144', '437']
['95', '838', '650', '448', '302', '382', '332', '497', '116', '984', '121', '35', '149', '152', '461', '890', '32', '171', '709', '393', '109', '346', '981', '722', '870', '916', '595', '963', '463', '762', '401', '891', '844']
