['690', '94', '105', '363', '843', '441']
['582', '776', '752', '130', '497', '487', '761', '482', '127', '974', '901', '914', '935', '32', '523', '877', '118', '763']
['393', '748', '944', '132', '664', '666', '986', '811', '881']
['59']
['451']
['817', '357']
['196', '353', '85', '932', '339', '226', '605', '883', '229', '401', '4']
['852', '878', '762', '551', '390', '370', '786']
['804', '405', '75', '814', '770', '290']
['65', '848']
['89', '967']
['889', '28', '651', '23', '780', '101']
['618', '886', '498', '608']
['215', '96', '946', '323', '298', '782', '937', '479', '549']
['439']
['0', '882', '971', '100', '358', '740']
['175', '856', '643', '628', '184', '244', '796', '233']
['53', '555', '928', '750']
['469']
['341', '447', '529']
['207', '970']
['996']
['571', '335', '861', '279', '793']
['219']
['785', '10', '337', '705', '880', '62', '963']
['805', '657', '17']
['308', '724', '510', '539']
['254', '330', '259', '595', '206', '373', '729', '146']
['593']
['352', '483']
['667', '406', '239', '687', '867', '474', '287', '981']
['249', '557']
['380', '120', '599', '894', '610', '615']
['931', '460', '609', '912', '258']
['922']
['418', '969', '953', '123', '698', '443', '943', '424', '222']
['48']
['656', '285']
['228']
['703']
['680', '111', '280']
['771', '857', '64', '584', '842', '517', '470', '124', '455']
['238', '550', '755', '144']
['572', '911', '99', '92']
['471', '669', '697']
['336', '933', '437', '720', '361', '738', '591', '934', '694', '449', '767']
['674', '859', '203', '977']
['354', '445']
['686', '742', '311']
['216', '717']
['138', '221', '872', '535', '468', '80', '183', '465', '480', '527', '78', '35', '37', '909', '543', '245']
['477', '641', '299', '49', '493', '297', '995', '677', '820', '546', '429']
['601', '210', '43', '199']
['428', '214', '570', '951', '773', '819', '263', '999', '772', '407']
['411', '300', '507', '860', '294', '51', '491', '635', '994', '141']
['473', '519', '83', '195', '145']
['362', '278', '713', '70', '985', '419', '150', '731']
['76', '103', '168']
['136']
['798', '588']
['102', '302', '454', '567', '246', '790', '137', '721', '115', '578', '338']
['864']
['63', '54']
['919', '29', '760', '55', '68', '841', '119', '528', '620', '351', '485']
['756', '863', '646', '511', '436', '961']
['288']
['580', '670', '629', '854', '384', '714', '22', '225', '948', '744', '217', '699', '759', '659', '395', '200', '749', '438', '710', '412']
['52', '252', '47', '314', '333', '704', '378', '359', '223']
['187', '850', '383', '165', '186', '633', '163', '394', '930', '952']
['208', '980']
['626', '515', '1', '874', '560', '269', '918', '367', '446', '34', '326', '924', '213', '251']
['243', '979', '658', '915', '936', '978', '71']
['586', '706', '689', '520', '307', '413']
['110', '44', '312', '91', '568', '450', '649', '540', '972', '800', '114', '274', '888', '481', '164', '538', '990', '319', '177']
['205', '402', '929', '583', '851', '807']
['521', '499', '27', '476', '391', '512', '853', '830', '140']
['108', '317', '809', '871', '696', '227', '574', '73', '345', '617', '833']
['684']
['122', '506', '20', '149']
['50', '826', '113']
['466', '107', '522', '257', '672']
['247', '93', '589', '734', '998', '987', '350', '98', '399', '968', '835', '597', '457']
['423', '416', '459', '992', '475']
['57', '13', '328', '707']
['899', '347', '544']
['774']
['663', '494', '322']
['637', '611']
['518']
['533', '745']
['695']
['154']
['945', '198', '369', '318']
['940']
['255', '9', '25', '685', '868', '650', '732', '636', '988']
['607']
['565', '840', '156']
['382', '310']
['941', '630', '348', '355', '462', '603', '676', '702', '410', '870']
['180', '942', '464', '828', '133', '128']
['366', '286', '309', '781', '562', '372']
['847', '693', '754']
['993', '839', '365']
['129']
['513', '678']
['415', '984', '917', '849', '46', '592', '604', '947', '375']
['190', '671', '902', '325']
['891', '775', '869', '158', '176', '647']
['701', '289', '282', '14', '230']
['614', '248', '376', '960']
['837']
['72', '189']
['268']
['553', '802', '500', '342']
['478', '60']
['490', '836', '148', '746', '777', '975', '106', '531']
['642', '398', '276', '855', '426', '212', '430', '303', '514', '237', '526']
['831', '117']
['508', '495', '472']
['661']
['788']
['320']
['331', '758', '26', '606', '873', '178', '155', '964']
['142', '377']
['162']
['397']
['904', '962', '926', '787']
['456']
['313', '556']
['939', '644', '569', '594', '204']
['893', '385', '240']
['561']
['496']
['728', '153', '764', '431', '284', '231']
['425']
['88']
['272']
['558', '585', '876', '388', '803']
['157', '973', '845', '823']
['264']
['983', '169', '484', '159', '179', '722', '12', '40']
['545', '991']
['709', '598', '906', '427', '812', '966', '81', '97', '681', '256']
['211', '489', '266', '324', '18', '548', '892', '956', '778', '147', '613', '896', '625']
['648', '421', '910', '898', '920', '270', '321']
['675', '552']
['332']
['503', '74', '581', '783', '440', '295', '505', '712']
['875', '711']
['903', '524', '151']
['700', '825', '139']
['769', '275', '273', '739', '559', '766', '976', '579', '834', '784']
['753']
['660', '938', '343', '818', '723', '691', '242', '95', '152', '596', '364', '957', '662', '799', '467', '768']
['486', '277']
['374', '16', '866', '172', '220', '181', '305', '452', '622', '121', '304', '2']
['789', '396', '232', '192', '458', '250', '58', '281', '730', '188', '982']
['655', '112', '810', '858', '673', '890', '463', '161', '547', '885', '31', '989', '334', '921']
['224']
['400', '741', '751', '90', '743', '813', '87', '792', '537']
['166', '11', '444', '542', '30', '715', '301', '126', '808', '344', '346', '923', '371']
['386', '590', '827', '66', '253', '654', '653']
['409', '884', '167', '422']
['638']
['235', '42']
['379', '434', '824']
['502', '639']
['448', '887']
['621', '15', '623', '688', '682', '997', '283', '38', '795']
['576']
['865', '86']
['747', '846']
['897', '135', '182', '202', '408', '632', '645', '193', '79', '293', '925', '838', '716', '116', '260', '624']
['725', '536', '501', '134', '306']
['209']
['616', '683', '201', '82', '727', '267', '45', '900', '587', '271', '554', '414', '679', '296', '356', '708', '236', '392', '816']
['822']
['577']
['104', '143']
['949', '131']
['525', '197', '908', '461', '627', '349', '403']
['959', '573']
['8', '173', '566', '56']
['170', '261', '453', '109']
['316', '665']
['844']
['563', '534', '602', '21']
['435', '879', '640', '862', '950', '77', '420', '488', '530']
['191', '718', '433', '965', '832', '504', '84', '532', '737', '234', '389', '575', '794', '185', '7', '265', '954', '33', '668', '368']
['125', '404', '541', '619', '292', '69', '174', '958', '757']
['3']
['218', '735', '564', '329', '36', '815', '24', '387', '955', '417', '262', '19']
['797', '692', '39']
['442', '779', '895', '634', '509', '360', '913', '733', '719', '791', '67', '5']
['736', '41']
['516']
['631', '829', '916', '194', '821', '381', '905', '726']
['765', '340', '241', '801', '806', '160']
['612', '907', '327', '492', '291', '6', '600', '315', '432', '171', '927', '61']
['652']
