['598', '339', '137', '524', '302', '145', '191', '135', '227', '246', '468', '301', '3', '423', '390', '213', '251', '454', '8', '88', '210', '272', '363', '414', '464', '461', '430']
['82', '377', '319', '434', '415', '238', '19', '406', '419', '253', '374', '550', '293', '330', '29', '278', '364', '269', '289', '211', '582', '512', '347', '490', '595', '221', '243']
['219', '563', '412', '103', '277', '371', '119', '23', '115', '462', '209', '28', '182', '559', '352', '99', '262', '285', '184', '351', '229', '502', '497', '427', '510', '361', '435', '110']
['348', '102', '132', '548', '257', '70', '560', '498', '354', '386', '313', '95', '398', '129', '199', '76', '326', '136', '553', '292', '474', '583', '569', '287']
['527', '404', '226', '307', '35', '195', '60', '165', '457', '231', '225', '155', '447', '542', '437', '160', '554', '421', '580', '1', '43', '486', '590', '204', '151', '317', '7', '337', '178', '358']
['41', '196', '392', '501', '545', '394', '57', '59', '491', '324', '181', '6', '530', '471', '388', '401', '383', '244', '594', '355', '387', '571', '236', '413', '547']
['12', '300', '26', '58', '33', '476', '252', '139', '451', '50', '11', '323', '568', '573', '306', '296', '438']
['397', '64', '109', '478', '61', '121', '407', '16', '62', '389', '2', '370', '245', '259', '424', '63', '557']
['276', '558', '403', '228', '500', '279', '34', '80', '320', '517', '565', '405', '250', '92', '162', '172', '519', '440', '309', '98', '357', '574', '159', '436', '86', '543', '44']
['308', '13', '321', '77', '367', '113', '526', '353', '187', '504', '144', '284', '479', '566', '303', '556', '9', '531', '85', '295', '194', '152']
['596', '27', '31', '175', '14', '529', '154', '32', '393', '158', '174', '55', '402', '316']
['349', '38', '522', '499', '291', '365', '183', '532', '572', '446', '362', '75', '417', '107', '224', '214', '520', '212', '117', '267', '334', '465', '42', '149', '525', '186', '74', '592', '336', '391']
['101', '431', '378', '126', '268', '369', '169', '5', '544', '200', '507', '150', '189', '400']
['551', '516', '493', '593', '329', '140', '142', '466', '24', '202', '305', '261', '523', '274', '47', '260', '37', '122', '508', '575', '166', '96', '94', '193', '587', '432', '515', '10', '429']
['576', '346', '207', '455', '91', '90', '163', '282', '459', '439', '536', '450', '345', '528', '322', '130', '314', '449', '487', '179', '73', '509', '562', '283', '131', '591', '240', '206', '379', '273']
['304', '215', '222', '235', '143', '104', '480', '494', '112', '422', '45', '444', '395', '15', '332', '472', '470', '506', '265', '255', '453', '477', '492', '65', '445', '579']
['71', '503', '125', '546', '376', '441', '124', '254', '380', '539', '168', '521', '256', '105', '157', '340', '482', '483', '341', '335', '584', '248', '141']
['120', '597', '51', '108', '420', '409', '418', '118', '30', '311', '535', '310', '356', '17', '22', '36', '496', '264', '237', '456', '518', '46', '217', '473', '511', '538']
['52', '176', '368', '555', '425', '290', '333', '426', '128', '416', '249', '428', '577']
['180', '331', '488', '297', '485', '342', '396', '481', '270', '281', '581', '78', '514', '467', '106', '359', '216', '344', '469', '360', '442', '197', '218', '133', '84', '114', '93']
['53', '81', '97', '541', '25', '299', '20', '192', '564', '173', '463', '312', '146', '366', '484', '489', '89', '198']
['69', '161', '21', '258', '220', '533', '4', '586', '79', '458', '156', '205', '0', '452', '588', '443', '325', '100', '263', '385', '170', '171', '123', '589', '578', '318', '375', '495', '298', '384']
['167', '127', '549', '399', '280', '343', '232', '460', '372', '315', '201', '56', '67', '72', '327', '233', '350', '83', '138', '288', '552', '147', '68']
['239', '164', '40', '188', '134', '271', '247', '513', '382', '39', '381', '203', '410', '540', '567', '561', '148', '338', '475', '190', '585', '18', '266', '87', '570', '534']
['537', '294', '230', '448', '241', '505', '66', '411', '234', '286', '54', '49', '242', '185', '408', '275', '116', '223', '373', '599', '111', '433', '328', '153', '177', '208', '48']
