['797', '879', '182', '712', '351', '858', '257', '332', '601', '901', '100', '304', '604', '900', '415', '811', '32']
['847', '682', '926', '546', '670', '874', '425', '678', '708', '821', '36', '23', '694', '294', '611', '308', '469', '812']
['328', '895', '3', '803', '849', '997', '386', '862']
['800', '697', '844', '544', '523', '537', '322', '318', '782']
['180', '518', '161', '536', '389', '382']
['31', '836', '681', '11', '490', '175', '700', '215', '691', '429', '445', '871', '772']
['142', '178', '638', '552']
['225', '737', '68']
['381', '773']
['284', '625', '566', '613', '848', '484']
['695', '378', '755', '401', '438']
['627', '129', '870', '234', '644', '377', '117']
['373', '270', '963', '248', '390', '72', '17', '967', '170', '932', '751', '527', '723']
['832', '262', '266', '607', '97', '488', '508', '54', '815', '859', '820', '50']
['128', '950', '290', '645', '160', '311', '754', '585', '933', '150', '679', '482', '530', '281']
['919', '656', '327', '542', '350', '888', '70', '567', '105', '82', '184', '333', '683', '288', '91', '824', '101', '541']
['103', '699', '246', '7', '306', '42', '584', '630', '197', '993', '141', '525', '684', '78', '785', '837']
['619', '39', '958', '702', '455', '790', '975', '855', '760', '79', '823', '648', '312', '569', '937', '863', '794', '404']
['479', '437', '196', '866', '808', '923']
['56', '922', '107', '575', '634', '220', '647', '310', '253', '905', '779', '981', '249', '940', '667', '599', '526', '388']
['728', '65', '204', '427', '942', '662', '675', '337', '93', '852', '827', '774', '741', '88', '356', '231', '941', '717']
['169', '936', '116', '731', '913', '267', '978', '218']
['362', '140', '939', '76', '593', '850', '841', '202', '861']
['512', '483', '340', '872', '124', '113', '641', '259', '397', '194']
['295', '608', '28', '729', '69']
['273', '347', '971', '188', '740', '247', '146', '957', '629', '162', '793', '278', '181']
['405', '383', '309', '320', '369', '222', '387', '554', '550', '275', '977']
['478', '676', '612', '166', '453', '22', '233', '361', '511', '432', '655', '60', '668', '865', '538', '348', '951', '15']
['943', '90', '805', '984']
['921', '226', '915', '720', '190', '286', '594', '384', '721', '689', '767', '788', '654', '999', '707', '313', '155']
['151', '35', '746', '828', '439', '59', '730', '952', '195', '0', '857', '910', '920', '792', '693', '139', '368', '321']
['114', '810', '551', '154', '572', '761', '298', '296', '63']
['171', '216', '969', '589', '637', '27', '37']
['283', '894', '461', '744', '465', '498', '705', '560', '276', '889', '99', '829', '110', '798', '238', '372', '516']
['237', '47', '719', '112', '843']
['588', '724', '640', '706', '336', '430', '985', '173', '925', '748', '407', '873', '548', '632', '687']
['470']
['104', '145', '359', '258', '540', '532', '882', '610', '753', '902', '877']
['456', '385', '198', '759', '127', '371', '529', '513', '274', '417', '391', '424']
['962', '317', '665', '961', '355', '582', '786', '260']
['736', '591', '319']
['931', '354', '651', '912', '242', '212']
['830', '81', '688', '576', '132', '375', '602', '96']
['208', '87', '506', '229', '468', '887', '433', '801', '363', '775', '671']
['875', '840', '33', '235', '899', '842', '379', '6']
['209', '349', '617', '250', '325', '58', '531', '597', '462', '239', '342', '789', '639', '130', '394', '201', '302', '277']
['756', '991', '924', '710', '269', '979', '38', '230', '672', '633', '172', '14', '496', '487', '73', '241', '928', '906']
['666', '713', '856', '157', '825', '291', '83']
['718', '598', '631', '642', '606', '46', '776', '880', '210', '568', '867', '500', '547', '795', '549', '555']
['123']
['735', '578', '934', '205', '954', '481', '988', '491', '592', '243']
['199', '331', '119', '441', '395', '45']
['965', '428', '517', '338', '316', '111', '543', '165', '504']
['495', '769', '733', '845', '419', '374', '501', '663']
['685', '228', '21', '778', '143', '605', '26', '451', '636', '315']
['974', '908', '408', '535', '122', '914', '643', '307', '41', '159', '414', '955']
['95', '524', '136', '13', '25', '464', '458', '412', '944', '583', '574', '443', '353', '193', '393', '609', '323']
['442', '802', '192', '115', '410']
['447', '603', '947', '463', '376', '649', '561', '494', '255', '67', '949', '329', '200', '673', '595', '703', '878']
['558', '449', '814', '396', '570', '457', '819']
['966', '838', '964', '553', '177', '659', '677', '265', '515', '126', '219', '807', '466', '510', '579', '890', '519']
['326', '916', '945', '758', '131', '696', '9', '822', '51', '473', '121', '615', '885', '53']
['739', '738', '435', '839', '467', '64', '74']
['565', '2', '164', '628', '300', '716', '996', '339', '147', '853', '55']
['77', '398', '289', '66', '452', '499', '292', '701', '109', '94', '492', '34', '183', '44', '960', '907', '534']
['163', '976', '898', '224', '206', '600', '586', '766', '596', '240', '30', '833', '626', '221', '806']
['995', '179', '254', '809', '203', '48', '261', '40', '826', '564', '557', '287', '989', '868', '777', '422', '144', '930']
['345', '893', '752', '252', '213', '804', '400']
['4', '831', '8', '903', '851', '411', '413', '959', '440', '661', '787', '71', '970', '881', '80', '102', '156']
['653', '62', '864', '635', '660', '624']
['43', '444', '818', '762', '174', '725', '796']
['52', '134', '454', '846', '556', '434', '167', '120', '358', '5', '227', '664', '367', '904', '279', '763', '711', '770']
['18', '135', '272', '75', '749', '446', '520', '420', '621']
['138', '474', '314', '587', '232', '84', '722', '835', '714', '176', '49', '280', '392', '909', '680', '244']
['303', '987', '324', '365', '727', '580', '980', '956', '509', '10', '214', '709', '992', '399']
['897', '341', '616', '743']
['98', '503', '938', '715', '223', '409', '892', '869', '207', '148', '152', '834', '497', '330']
['191']
['953', '436']
['747', '406', '505']
['263', '189', '982', '559', '990', '285', '20', '750', '692', '471', '472', '305']
['92', '346', '480', '185', '360', '917', '891', '514', '450', '19', '918', '686']
['521', '854', '765', '493', '929', '817', '732', '884', '118', '622', '344', '268', '545', '403']
['431', '539']
['85', '581', '380', '448', '416', '780', '972', '301', '187']
['896']
['125']
['533', '927', '704', '256', '571', '153', '158', '168', '698', '334']
['973']
['364', '485', '16', '883', '618', '366', '577', '245', '742']
['149', '489', '614', '421', '57', '423', '816', '768', '370', '876', '674', '590', '734', '236', '106', '477', '946', '486']
['968', '459', '935', '764', '418', '528', '476', '986', '563', '983']
['813', '251', '426', '771', '781', '186', '217', '86', '297', '282', '402', '89', '620', '133']
['998', '24']
['657', '886', '271', '357', '652', '573', '784', '623', '948', '211', '29', '502', '799', '137', '352', '460']
['650', '343', '690', '646', '299', '726', '264', '108', '12', '911']
['658', '61', '791', '994', '860', '475', '507']
['783', '562', '293', '522', '335', '669', '757', '1', '745']
