['152', '953', '225', '851', '418', '664', '759', '849', '637', '264', '838', '606', '896', '912', '31', '117', '778', '720', '310', '401', '757', '669']
['34', '166', '458', '285', '281', '592', '739', '931', '901', '815', '3', '923', '22', '554', '970', '359', '792', '67', '657', '277', '415', '681', '398', '340', '279', '799', '35', '906', '519', '619', '870', '578', '963', '826', '886', '604']
['180', '308', '848', '363']
['221', '693', '248', '227', '272', '560', '762', '266', '256', '233', '547', '837', '517', '562', '378', '19', '407', '480', '719', '193', '527', '868', '460', '437', '854', '218', '184', '902', '386', '174', '405', '311', '544', '839', '446', '525', '995']
['511', '300', '828']
['292', '927', '903', '296', '182', '466', '246', '596', '857', '143', '203', '700', '63', '145', '938', '783', '129', '487', '275', '389', '259', '673', '582', '820', '911', '539', '710', '782', '139', '959', '250', '748', '280', '454', '654', '749', '200']
['843', '565', '965', '915', '505', '46', '635', '692', '85', '780', '908', '16', '852', '403', '986', '183', '417', '636', '120', '242', '817', '586', '968', '162', '142', '949', '895', '797', '319', '103', '878', '973', '609', '192', '337']
['188', '382', '155', '88', '962', '268', '680', '37', '594', '377', '514', '74', '740', '603', '121', '107', '485', '283', '372', '872', '208', '463', '512', '482', '552', '996', '510']
['794', '784', '384', '172', '691', '976', '964', '118', '390', '712', '223', '884', '498', '135', '210', '425', '655', '400', '156', '863', '305', '540', '366', '158']
['322', '151', '94', '397', '295', '69', '556', '271', '776', '775', '369', '695', '360', '64', '455', '12', '45', '108', '447', '546', '940', '501', '376', '367', '131', '598', '47', '293', '465', '6', '68', '302', '0', '813', '244']
['683', '605', '258', '206', '608', '127', '388', '873', '698', '133', '714', '961', '499', '907', '731', '55', '733', '497', '791', '588', '742', '252', '452', '30', '92', '84', '631', '755', '87', '212', '866']
['54', '634', '278', '893', '429', '352', '394', '620', '147', '597', '687', '423', '679', '833', '492', '521', '950', '235', '528', '697', '524', '774', '589', '504', '690', '287', '198', '750', '176', '219', '667', '661']
['535', '355', '723', '128', '353', '747', '195', '228', '26', '387', '754', '326', '694', '427', '765', '900', '867', '998', '457', '83', '502', '202', '57', '933', '787', '591', '825', '952', '157', '341', '7', '916', '516', '13', '831', '823', '917', '642']
['370', '707', '140', '850', '682', '709', '571', '944', '205', '470', '25', '638', '699', '607', '991', '160', '932', '909', '616', '380', '109', '253', '445', '555', '508', '570', '663', '987', '122', '726', '358', '99', '685', '393', '801', '722']
['4', '882', '320', '628', '914', '72', '737', '468', '887', '2', '913', '806', '9', '874', '267', '888', '261', '493', '814', '354', '659', '226', '76', '449', '17', '954', '601', '948', '330', '730', '897', '243', '769', '234', '623', '545', '255', '977', '576', '522']
['424', '73', '201', '626', '644', '434', '764', '318', '453', '942', '62', '983', '992', '529', '534', '186', '364', '711', '119', '808', '408', '231', '477', '473', '39', '273', '563', '111', '71', '138', '406']
['431', '10', '910', '744', '975', '751', '467', '78', '175', '648', '982', '96', '478', '960', '420', '885', '675', '590', '738', '436', '929', '24', '346', '531', '939', '32', '549', '411', '314', '217']
['876', '763', '323', '153', '727', '734', '564', '869', '515', '141', '905', '488', '841', '561', '613', '91', '573', '315', '523']
['286', '789', '718', '65', '835', '660', '811', '735', '706', '568', '329', '327', '251', '469', '173', '106', '412', '513', '77', '167', '729', '676', '450', '575', '51', '345', '239', '220', '159', '27', '988', '20', '177', '599', '934', '785']
['926', '383', '716', '82', '289', '585', '617', '658', '236', '715', '981', '422', '462', '368', '479', '919', '416', '101', '21', '325', '49', '520', '969', '204']
['945', '196', '958', '89', '708', '612', '123', '93', '381', '645', '385', '802', '419', '486', '542', '496', '392', '830', '627', '475', '303', '230', '713', '197', '294', '930', '75', '741', '373', '651', '974', '827']
['375', '207', '641', '190', '48', '956', '33', '816', '214', '569', '662', '966', '116', '5', '941', '795', '282', '736', '391', '440', '241']
['798', '41', '130', '150', '756', '396', '743', '494', '114', '301', '86', '803', '491', '550', '704', '66', '650', '898', '503', '702', '677', '639', '168', '920', '810', '999', '43', '95', '42', '689', '921', '643', '871', '274', '148', '924', '955', '18', '215', '997']
['822', '132', '622', '438', '430', '229', '356', '338', '105', '102', '309', '786', '766', '753', '558', '653', '263', '772', '476', '646', '187', '404', '557', '674', '321']
['855', '788', '414', '745', '432', '483', '79', '957', '701', '593', '60', '899', '262', '333', '807', '265', '113', '40', '257', '824', '536', '443', '978', '583', '990', '880', '836', '178', '506', '14', '732', '426', '8', '213']
['299', '846', '110', '922', '284', '97', '889', '548', '472', '532', '433', '290', '237', '777', '656', '238', '194', '298', '471', '435', '928', '840', '444', '595', '696', '179', '678', '881', '666', '134', '11', '170', '518', '474', '879', '809', '602', '349', '336']
['672', '222', '818', '211', '967', '793', '249', '348', '104', '946', '410']
['80', '842', '216', '717', '725', '169', '979', '316', '579', '918', '313', '185', '448', '399', '621', '124', '768', '877', '758', '760', '270', '829', '38', '705', '15', '90', '947', '374', '56', '894', '490', '559', '581', '58']
['989', '137', '632', '53', '70', '332', '312', '288', '357', '247', '773', '164', '614', '500', '566', '771', '572', '935', '342', '409', '574', '269', '847', '191', '181', '402', '495', '567', '796', '937', '610', '686', '136', '28', '864', '812', '834', '61', '304', '464']
['44', '526', '781', '844', '339', '600', '668', '344', '439', '442', '779']
['845', '856', '584', '865', '224', '985', '351', '126', '860', '629', '451', '81', '875', '23', '862', '297', '307', '331', '441', '165', '36', '481', '984', '904', '703', '980', '819', '859', '343', '347', '853', '484', '154', '328', '972', '428', '306', '971', '652']
['260', '761', '553', '790', '587', '29', '671', '611', '100', '647', '541', '489', '951', '624', '892', '362', '456', '171']
['209', '324', '770', '994', '936', '461', '721', '665', '507', '371', '746', '943', '800', '724', '144', '728', '925', '115', '98', '52', '413', '533', '688']
['59', '670', '365', '890', '146', '395', '459', '684', '580', '509', '861', '993', '640', '615', '149', '361', '883', '189', '630', '334', '633', '752', '625', '858', '335', '805', '891', '649']
['50', '161', '291', '379', '254', '821', '199', '767', '832', '421', '163', '240', '804', '232', '618', '530', '538', '577', '537', '551', '1', '112', '350', '317', '245', '543', '125', '276']
