['366']
['440', '334', '455', '108']
['150']
['591', '18', '344', '631', '600']
['319', '690', '260']
['292', '486', '720', '456', '459', '210', '705', '212', '289', '473', '267', '46', '683', '641']
['579']
['303', '439']
['350', '119', '604', '722']
['351', '594']
['49']
['629', '753', '184', '672']
['611']
['134', '771', '123', '205', '676', '273']
['135', '39', '283', '238', '465', '601', '766', '419', '312', '754', '4', '709', '449', '425', '614', '307', '782', '386', '397', '149']
['518', '202', '84']
['305']
['104', '52']
['648', '62']
['361', '17', '340', '279']
['82', '370']
['665', '40', '162', '38']
['446', '445', '581']
['607', '187']
['539']
['438']
['490', '756']
['724', '73', '503', '197', '530']
['277', '193', '567', '371', '435', '14', '37', '463', '791', '166', '752', '125', '552', '402', '31', '230', '32', '520']
['717', '760', '632', '2', '566', '635', '524']
['22', '228', '25']
['759', '775', '218', '33', '470', '175']
['564', '806']
['44', '575']
['382']
['634', '637', '491']
['461', '196', '687']
['381', '404']
['478']
['81', '331', '201', '501', '703']
['488']
['57', '116', '746', '195', '660', '229', '253']
['68', '156', '189', '511', '326', '466', '482', '281']
['805']
['723', '301', '391', '799', '643']
['727']
['798', '546', '654', '464', '271', '437', '801', '699', '514', '548']
['263', '241', '505', '232']
['584', '655', '472', '6', '666', '685']
['132']
['206', '510', '550', '115']
['113', '127', '663', '528', '701', '103']
['179']
['694']
['494']
['0', '394', '562', '682', '15']
['628', '668', '297']
['543']
['29', '565', '142', '433', '502', '541']
['341']
['809', '356']
['145']
['278', '214', '427', '45', '349', '353']
['778']
['328', '336', '689']
['670', '147', '7', '568']
['379']
['117', '100', '416', '377', '442', '738', '223', '483']
['139']
['474', '27', '216', '662', '599']
['215', '323', '545', '712', '718', '586', '107', '407', '495', '141']
['367', '457']
['558', '120', '737', '471', '704', '678', '411']
['688']
['308', '1', '249']
['248', '399', '730', '347', '352', '374']
['320', '384', '496']
['280', '429', '572']
['28', '669', '536']
['311', '91', '585', '213', '556', '447', '110', '286', '225']
['593', '504', '551', '276', '647', '417', '140', '803']
['314', '731', '23', '636', '51', '714', '779', '561', '656', '533', '348']
['408']
['625', '710', '290', '658', '531']
['734', '167', '814', '96', '671', '426']
['639', '529']
['748', '168']
['480', '138', '221', '776', '389']
['239', '395', '243', '236', '219', '183', '293', '369', '105', '508']
['112', '477', '741']
['430', '182', '695']
['793', '509', '497', '664']
['325', '388', '784']
['418', '686', '88', '337', '615', '811', '65']
['788']
['310', '131', '740', '59', '247', '652', '60', '448', '537', '783', '512', '804', '309', '487', '794', '180', '592', '516', '499']
['553', '264', '338']
['679', '317']
['24', '476', '274', '83', '339', '789', '715']
['270', '613', '16', '11', '532']
['462']
['330', '763', '275', '101', '233', '244', '576', '777', '398', '194']
['424']
['547', '732', '158', '396']
['98', '588', '152', '452']
['515']
['302', '321', '792', '597', '697', '616', '489', '523']
['72']
['436']
['288', '590', '154', '234']
['373', '79']
['392', '176', '163', '696', '649', '484']
['257', '272', '191', '578', '633', '610', '772', '332', '173', '252', '653']
['719', '401']
['186', '231', '71', '458']
['522']
['667']
['177', '807', '716', '129']
['612', '742']
['764', '403', '266', '630', '372', '3', '598', '76']
['684', '122', '178', '170']
['587', '26']
['224', '322', '460', '80', '188', '346', '747']
['364']
['335', '750', '226', '621', '153', '282', '250', '136', '443', '582', '258']
['816', '368', '378']
['507', '692', '569', '800', '97', '126', '34', '365', '640', '172']
['797', '761', '359']
['602']
['795', '577', '169', '54', '765', '70']
['428']
['204', '708', '124', '265', '644', '560', '542', '412']
['802']
['246', '55', '406']
['217', '400', '48', '376', '19']
['164', '30', '626', '385', '42', '711', '519']
['198']
['342', '13', '160']
['58', '787', '769']
['573', '161', '410', '53', '808', '380', '245']
['768', '493', '255', '743']
['200']
['762', '95', '363']
['733', '619']
['90', '171', '409', '813', '700']
['726', '650', '300', '467', '299']
['624', '651']
['659']
['469', '609', '620', '87']
['745']
['329', '78', '165', '92']
['235', '10', '181']
['815', '85', '74', '109', '468']
['583', '677']
['128']
['192']
['41', '774', '222', '729', '387', '618', '35', '67', '622', '146']
['580', '431', '638', '657', '130', '287']
['355', '479', '304', '673', '144', '451', '254']
['450', '557', '36', '327', '155', '61', '8', '318', '563', '20', '227']
['86', '50']
['810']
['589', '608', '786', '375']
['441', '475', '785', '362', '89']
['333', '242', '93', '383']
['781', '423', '358']
['360', '118', '111', '159']
['259', '698', '66', '345']
['661', '357', '237', '603']
['554']
['549', '534']
['106', '203']
['485', '211', '199', '422', '521', '755', '343', '432', '209', '646', '606', '354']
['680', '390', '99', '744', '137', '9']
['285', '121', '262', '69', '414', '693', '393', '739']
['706', '421']
['812', '256', '526', '269']
['296', '12']
['133', '413']
['143']
['725']
['313']
['64']
['735', '749', '525', '185']
['251', '415', '736', '555', '559', '174', '538', '571', '642', '498']
['645']
['681', '617', '517', '500']
['21']
['540', '773']
['623', '77', '47']
['691']
['151', '315', '790']
['674']
['757', '420']
['298', '75', '63']
['268', '240']
['702', '605', '595']
['405', '208', '102', '818', '721', '190']
['713']
['570', '481', '157', '707']
['43', '513', '148', '770', '444', '675']
['751', '817', '453', '306', '114']
['544']
['767', '5', '796']
['506', '324']
['294', '527']
['56', '780']
['316']
['284', '574']
['207', '627', '758']
['261']
['434', '220']
['535', '492', '295', '596', '728', '291', '454', '94']
