['240', '314', '492', '319', '81']
['464', '216', '1', '428', '140', '201']
['446', '176']
['434', '30', '326']
['233', '261', '166']
['131', '149', '268', '339', '220', '409']
['113', '244', '452', '127', '253']
['260', '481', '304', '179', '33']
['455', '9', '92', '212', '335', '119']
['191', '219', '479', '425', '272', '399']
['139', '490', '189', '181', '493']
['404', '494', '227', '22', '247', '200']
['27', '275', '160', '317', '408']
['470', '142', '215', '411', '186', '343']
['320', '329', '483', '10', '23']
['70', '59', '134', '222', '313', '350']
['267', '347', '47']
['58', '341', '477', '246', '393']
['2', '397', '356', '421']
['297', '296', '279', '441']
['299', '239', '221', '21', '36', '439']
['120', '465', '354', '53', '375', '451']
['328', '234', '173', '129', '474', '395']
['472', '231', '197', '402', '135', '42']
['258', '332', '436', '376', '8']
['171', '110', '16', '257', '334', '318']
['389', '57', '190', '148', '453']
['118', '291', '104', '37']
['95', '440', '245', '443', '121', '102']
['185', '385', '105', '459', '4', '302']
['28', '480', '499', '72', '39', '323']
['292', '62', '170', '124']
['55', '71', '462', '167', '144', '423']
['311', '349', '361', '193', '366', '293']
['289', '34', '284', '273', '305']
['11', '238', '20', '90', '471']
['417', '491', '485', '255', '114', '454']
['19', '337', '79', '309', '85', '489']
['87', '14', '467', '130']
['262', '321', '388', '342', '150']
['225', '77', '91', '338', '198']
['132', '274', '116', '169', '63']
['432', '469', '12', '256', '52', '416']
['137', '80', '406', '50', '43', '360']
['449', '162', '35', '438', '145', '300']
['476', '437', '49', '155', '99', '391']
['158', '84', '264', '147', '379', '327']
['498', '403', '237', '168', '175', '133']
['41', '115', '107', '331', '364', '295']
['252', '182', '407', '242', '285']
['358', '429', '351', '365', '478', '430']
['112', '324', '458']
['463', '159', '122', '128']
['204', '435', '73', '456', '265']
['344', '286', '281', '433', '228']
['496', '336', '6', '13']
['202', '89', '460', '184']
['146', '235', '263']
['488', '103', '461', '178', '157']
['100', '322', '123', '143', '3', '371']
['210', '26', '25', '418', '108', '67']
['68', '254', '495', '400', '396', '64']
['301', '348', '368', '217']
['138', '195', '248', '380', '367']
['468', '405', '153']
['236', '88', '392', '98', '282', '390']
['32', '448', '369', '315', '82']
['424', '223']
['60', '48', '372', '384', '294']
['271', '362', '269', '450', '249', '7']
['205', '208']
['363', '413', '270', '66', '381']
['276', '78', '177', '163', '156', '65']
['172', '283', '106', '373']
['426', '136', '340', '69', '370', '383']
['111', '196', '266', '31', '298']
['0', '218', '387', '192', '211', '188']
['378', '17', '154', '230', '243']
['117', '280', '226', '229']
['497', '174', '214', '94', '447', '93']
['419', '206', '74', '51', '445']
['5', '346', '250', '152']
['290', '310', '420', '288']
['386', '316', '278', '475', '442']
['398', '306', '359', '353']
['46', '29', '414', '352']
['312', '86', '330', '54', '466', '45']
['307', '224', '165', '303', '325']
['24', '164', '213', '83', '194']
['377', '355', '259', '241', '484', '382']
['75', '410', '180', '151']
['18', '473', '415', '487', '15', '183']
['125', '187', '101', '444', '109', '394']
['486', '96', '401', '412', '457', '199']
['251', '38', '482', '422', '287']
['209', '126', '427', '40', '76']
['277', '61', '141']
['431', '308']
['374', '56', '207', '44', '357']
['232', '345', '97', '203', '333', '161']
