['862', '26', '604']
['680', '744']
['556']
['363', '859', '262', '359']
['354', '281']
['724', '167', '249', '168', '468']
['98', '79', '71']
['807', '783', '540']
['494', '404']
['791', '561']
['585', '948']
['337', '261', '563', '743']
['173', '784', '255', '293', '899']
['118']
['782']
['812']
['236']
['663', '324', '211', '323', '835']
['550']
['484', '88', '865', '621', '858', '316', '41', '516', '814', '947']
['660', '761', '376', '570']
['7', '562', '541']
['389', '792', '227', '669', '63', '465', '805', '383', '640', '911', '382']
['921', '823', '662', '549', '108']
['786']
['672', '504', '115', '885', '161', '273', '91', '344']
['76', '409']
['693', '268']
['155', '514', '196', '595', '841']
['22', '536']
['126', '111', '728']
['849']
['937', '940', '375']
['100']
['667']
['373']
['531', '955', '710']
['922']
['912', '228', '652', '598', '125', '523', '520', '327', '416', '271', '339', '637', '917', '502']
['736', '452', '116']
['304', '616']
['530', '193', '343', '951']
['95', '943', '683', '614', '86', '309', '923']
['908', '10', '433', '179', '855', '413', '711']
['572', '75', '487', '816', '644', '183', '266', '260', '686']
['874', '442']
['613', '480']
['664', '474', '820']
['584', '836', '251', '597', '650']
['430', '732', '392', '887']
['828', '734', '365']
['405']
['677', '205', '257', '421', '490']
['750', '207', '342', '295', '74', '149', '221', '679', '634']
['397', '276', '903', '945', '636']
['590', '246', '806']
['128', '61', '240', '305', '297', '599', '635', '671', '848']
['817']
['278', '444', '446']
['270', '222', '453']
['436', '44', '70', '834', '553', '192', '789']
['935']
['190', '208', '138', '250', '524', '901']
['745', '399', '420', '135', '900', '953', '28', '826', '122', '415', '92', '467', '247', '854']
['447', '303']
['819']
['773', '698', '277']
['85']
['234']
['571', '695', '657', '406', '223']
['124', '263', '555']
['52']
['408', '932', '565', '688', '875', '653', '434', '219', '576']
['566']
['833']
['708', '14']
['313']
['910', '731', '538', '492', '345', '825']
['16', '1']
['926', '822', '839', '432', '107']
['84', '914', '830']
['20', '66']
['374']
['242', '352', '62', '3']
['69']
['358', '770', '280', '755', '758', '845', '558', '808', '132', '735', '610', '419', '198', '863', '815', '694', '214', '944', '928', '299', '587', '102', '790', '670', '568', '209', '290', '715', '449', '82', '225', '364', '357', '495', '577', '493', '532', '210', '2', '27', '733', '119', '853', '31', '213', '163', '454', '510', '478', '272', '386', '141', '50', '850', '158', '742', '283', '946', '439', '701', '279', '511', '8', '341', '410', '459', '169', '285', '924', '460', '237', '333', '509', '331', '191', '318', '142', '455', '685', '881', '204', '311', '393', '594', '109', '544', '154', '700', '485', '864', '140', '771', '730', '350', '929', '48', '528', '539']
['235']
['673', '793', '645', '186']
['145', '253']
['127']
['89', '942', '377']
['130', '9', '838']
['21', '244', '230', '47', '500', '857', '611', '824', '777']
['513', '521', '133', '332']
['842', '407', '197', '54', '551', '705', '428', '870', '918']
['535', '757', '486']
['795', '869', '866', '248', '206', '879']
['369', '361', '445', '482', '898', '888', '638', '529', '464', '712', '229', '284']
['301', '690']
['861']
['282']
['398', '13', '574', '906', '622', '461', '847']
['463', '245', '846']
['934', '232', '772', '909', '623']
['147', '809', '32', '65']
['72', '472', '60']
['360', '241', '747', '289', '552']
['603']
['507', '902', '426']
['920', '589']
['837', '939']
['411', '5', '697', '780']
['77']
['559', '366']
['927', '619', '90', '150']
['877', '852', '152']
['292', '542', '314', '627', '717', '674', '414', '746']
['658', '64', '215', '741']
['462']
['601', '560', '586']
['548']
['367', '403', '212']
['322', '176', '681', '178', '691', '440']
['533', '189', '631', '522', '471', '891']
['872', '351']
['371', '860', '476', '18', '473', '800', '518', '34', '4', '258', '583', '326', '317', '0', '355']
['188', '633', '867']
['429', '547', '740', '933']
['53', '17', '24', '456']
['501', '334']
['11']
['726', '803', '915', '892', '112', '321']
['329']
['696', '756', '602', '851', '642']
['254']
['751', '45']
['821', '443', '641']
['348', '748', '489', '328', '739', '895']
['164', '779', '370', '582', '655', '797']
['537', '200', '666', '656', '625']
['170', '174', '479', '216']
['798', '451', '475', '718']
['288']
['78', '893']
['35']
['873', '801', '882', '781', '778', '496', '776']
['143']
['889']
['569']
['925', '675', '682']
['720', '950']
['37', '580']
['878', '372']
['707', '608', '753']
['831', '648', '123', '217', '609', '25', '349']
['785', '195']
['378', '832', '626', '325', '775', '810', '274', '346']
['804']
['401', '39', '315', '704', '165']
['231', '387']
['591']
['296', '890', '714', '67', '42']
['458', '68', '483', '884']
['87', '243', '203', '151', '182', '856', '201', '379', '592']
['184', '678', '417', '768', '120', '380', '139']
['80', '651', '422']
['699', '259', '194', '719', '129', '709', '137']
['175', '843', '526', '302']
['612', '525']
['632']
['722', '952', '291', '897', '136']
['58', '534', '941', '687', '503', '385', '871', '171', '883']
['581', '593']
['256', '517']
['643', '320', '335', '105']
['307', '676']
['131', '83', '312', '59', '308', '894', '905']
['269', '381', '144']
['220', '818', '97', '527']
['338', '55', '716', '226']
['275', '607', '431', '606', '185', '557', '450']
['794', '689', '368', '395', '336', '153']
['575', '907', '30', '388', '519', '319']
['96']
['931', '81', '103', '703', '787', '868', '394']
['886', '752', '802', '497', '423', '573', '6', '418', '38', '287', '896', '796']
['769', '470']
['766', '224']
['880']
['267']
['99']
['713', '362']
['51']
['162', '618']
['499']
['505', '508', '134', '630', '233', '605', '665', '457', '629', '913', '177', '481', '725', '238', '265', '356', '330']
['543', '654', '615']
['829']
['306', '117']
['620', '400', '101']
['110']
['412', '40', '93']
['286', '469', '402', '435', '33', '596', '767', '199']
['646', '564', '121']
['252', '19', '546', '763', '729', '844']
['515', '396', '579']
['56']
['498']
['156', '12']
['146', '723', '264', '506', '588', '811', '218', '353', '491', '300', '764', '919', '239', '545']
['840', '649', '684', '567']
['659']
['46']
['148', '727', '187']
['930', '754', '181', '166', '738', '578', '57', '310', '15', '347', '441']
['600', '94', '437', '647']
['390']
['23']
['788', '159', '172']
['639']
['938']
['916', '424']
['73']
['628', '762', '29', '949']
['104']
['294']
['340', '936', '759', '114', '721', '749', '488']
['617']
['661']
['954', '180', '692']
['202', '438', '737', '427', '157', '876', '668', '774']
['799', '956', '706', '765', '512', '448', '466', '49']
['298', '827', '477', '106', '554']
['43']
['904']
['702', '624']
['113']
['384', '36', '160', '391', '760']
['813', '425']
