['286', '268', '67', '104', '478']
['180', '277']
['98', '214', '279', '166', '685', '273']
['317', '749', '785', '127']
['545', '582', '245', '160', '188']
['558']
['459', '315', '350']
['338', '133']
['165', '275']
['791', '309', '534']
['599', '794', '412', '102']
['44', '153', '537']
['697', '142', '541', '129', '613', '614', '433']
['566', '444', '601', '272', '593', '94', '14']
['377', '515', '482', '175', '679', '251']
['371', '24', '47', '418']
['75', '675', '194', '260']
['628', '729', '625', '550', '384']
['136', '641', '306']
['278', '657', '197']
['388', '572']
['730', '764', '769', '467', '255']
['474', '739', '97', '58', '724', '360']
['512', '253', '720', '457', '447']
['503', '177']
['446', '320', '361']
['500', '669', '511']
['455', '419']
['193', '621', '473']
['462', '358', '758', '154', '155', '440']
['737', '311', '609', '491', '340', '513', '170']
['770', '589', '595', '88', '327']
['686', '708', '352', '417', '11']
['524', '555']
['362', '280', '597', '353']
['375']
['531', '333', '274', '37']
['26', '79', '293', '404']
['658', '59', '323']
['370', '568', '736', '605', '63', '41', '162']
['663', '357', '23', '678', '661']
['302', '242', '567', '85', '249']
['87', '387', '606']
['146', '339', '635', '408', '627', '523']
['596', '579', '65', '118', '665', '451', '112']
['270']
['332', '546', '356']
['654', '234', '479', '560', '587']
['698', '163', '642', '171', '31']
['322', '15', '299', '782', '35', '100', '181']
['262']
['460', '183', '656', '27', '747', '310']
['130', '10', '409']
['344', '475', '13', '647', '690']
['788', '20', '243', '414', '200', '99']
['271']
['184', '622', '585', '732']
['312', '607', '540', '623']
['290', '416', '364', '426']
['226', '425', '359', '784', '486', '292']
['231', '709', '263', '385', '230', '282']
['751', '796']
['74', '458', '250', '30', '538', '128']
['331', '535', '439', '1', '436', '726', '257']
['151', '494', '461', '107', '454', '36']
['215', '410', '481', '664', '372']
['465', '549', '497', '703', '346', '561']
['342', '517', '80', '651']
['42', '778', '565']
['70', '772', '208', '237', '591', '740', '602']
['559', '771', '264', '297', '295']
['300', '6']
['125', '464']
['8', '178', '775']
['324', '581', '716', '672', '291']
['789', '256']
['576', '258']
['22', '753']
['793', '542']
['21', '393', '466', '64']
['798', '755', '93']
['472', '618', '570', '598']
['792', '477', '303', '212', '450', '702']
['407']
['213', '379', '529', '207']
['783', '452', '687']
['569', '395']
['228', '211', '766', '519', '552']
['734', '304', '33', '521', '267', '179', '298']
['646', '578']
['795', '631']
['499']
['420', '276']
['266', '62', '281', '222', '696', '718']
['691', '617', '246', '655']
['742']
['584', '756', '73', '495', '123']
['389', '787', '366', '713', '488']
['147', '616', '394', '325']
['135', '536', '316']
['456', '677', '336', '468', '216', '224', '204']
['288', '463', '562', '143', '682', '760']
['403', '763', '108', '145', '187', '518']
['122', '441', '719', '321', '533']
['247', '611']
['19']
['397', '406']
['650', '644', '556', '72', '564', '240']
['588', '308', '229', '652', '485', '164']
['4', '283', '55']
['391', '780', '32', '516', '507', '236', '527']
['319', '376', '2']
['429', '445', '390', '115', '624', '61', '577']
['252', '368', '39', '508', '484', '134']
['235']
['16']
['124']
['367', '167', '223']
['57', '202', '453', '547']
['351', '711', '544', '156', '218', '575', '620']
['670']
['38', '530', '284', '314', '3', '715']
['83', '754', '522', '773', '553']
['219', '190', '505']
['116', '220', '195', '345', '132', '159']
['492', '731', '369', '438']
['496', '326']
['667', '489', '233', '673', '209']
['506', '498', '676', '640', '776', '428', '343']
['430', '636', '745', '728', '81', '639']
['90', '34', '797', '381', '232']
['648', '82', '471']
['161', '199', '590', '157', '296', '653']
['105', '287']
['334', '101', '573', '752']
['705', '49']
['0', '717', '56', '768']
['225', '723']
['704', '126', '668']
['733', '205', '354', '619', '612']
['53', '689', '46', '169', '610', '89', '221']
['96', '201']
['399', '586', '695', '149', '470', '630', '139']
['633', '261']
['192']
['137', '5', '551', '710', '608', '674', '25']
['84', '594', '335', '680']
['120', '259', '285']
['744', '78', '722', '196', '493', '248', '583']
['748', '615']
['761']
['448', '174']
['437', '743', '693', '480', '392', '799']
['629', '688']
['400', '189', '510', '762']
['158', '396']
['700', '7', '185', '152', '203', '532']
['91', '52', '557', '750', '348']
['741', '405', '328', '148', '301', '626']
['17', '45', '349', '543']
['117', '539', '48', '110']
['554', '735', '706', '227', '382', '502']
['265', '604', '210', '106', '694', '520']
['721']
['60', '355', '671', '66', '442', '431', '9']
['111', '138', '659', '113', '373', '563']
['525']
['402', '707', '580', '424', '76', '683']
['413', '365']
['173', '759', '337', '423', '490', '318', '383']
['738', '632', '767', '254']
['150', '50', '514']
['501', '241', '779']
['114', '182', '411', '712']
['330', '307', '660', '571', '244', '435', '289']
['757', '777', '398', '71']
['765', '144', '476', '29', '662', '12']
['774', '86']
['634']
['786', '684', '692', '305']
['504', '443', '378', '526']
['422', '40', '746', '121', '681', '186']
['666', '141', '643', '790', '109', '401', '645']
['483', '714', '176', '103']
['548']
['374', '217', '51', '386', '487', '600']
['54']
['329']
['432', '43', '92']
['269', '781']
['699', '131']
['239', '119', '434', '528', '347', '341']
['28', '603']
['294', '701']
['198', '206', '649', '727', '725', '380', '469']
['69', '77', '592', '637', '168', '415', '172']
['363', '449', '509', '427', '140', '313']
['421']
['95', '191', '238']
['638', '18', '574', '68']
