['283', '253', '641', '901', '655', '783', '12', '161', '602', '762', '116', '784', '670', '45', '829', '569', '982', '476', '207', '307', '613', '410', '202', '130', '17', '495', '878', '338', '405', '1', '439', '385', '684', '999', '243', '384']
['486', '460', '709', '920', '592', '65', '288', '794', '193', '21', '842', '97', '136', '612', '891', '945', '795', '316', '473', '557', '290', '996', '214', '5', '956', '997', '967']
['14', '871', '95', '26', '782', '516', '525', '458', '454', '943', '607', '563', '706', '297', '651', '414', '601', '833', '109', '263', '562', '575', '530', '223', '278', '796', '356', '68', '719', '447', '663', '62']
['951', '234', '994', '589', '543', '915', '897', '44', '491', '818', '281', '971', '28', '64', '225', '275', '461', '240', '852', '785', '411', '339', '515', '237', '392', '27', '841', '635', '990', '544', '480', '420', '142', '509', '254', '394']
['36', '487', '262', '905', '462', '721', '468', '437', '595', '73', '808', '173', '252', '59', '145', '365', '10', '659', '586', '730', '186', '164', '840', '985', '622', '426', '32', '881', '154', '344', '342', '843', '986', '906', '244', '493']
['972', '815', '947', '703', '528', '708', '248', '477', '72', '510', '362', '141', '504', '750', '178', '838', '611', '79', '294', '383', '175', '939', '648', '539', '700', '321', '561', '890', '220']
['813', '617', '737', '713', '149', '619', '279', '351', '778', '502', '627', '810', '298', '639', '361', '187']
['241', '188', '600', '83', '559', '835', '893', '717', '230', '446', '692', '867', '879', '78', '0', '800', '816', '335', '787', '902', '736', '916', '640', '46', '898', '425', '69', '368', '367', '399', '983', '16', '194', '654', '311']
['427', '970', '705', '773', '135', '743']
['560', '119', '101', '308', '790', '94', '496', '172', '238', '693', '907', '341', '37', '884', '52']
['93', '406', '158', '412', '401', '914', '333', '732', '758', '58', '432', '448', '492', '70', '19', '81']
['358', '521', '704', '25', '467', '471', '652', '249', '185', '354', '129', '664', '441', '314', '373', '757', '847', '138', '671', '714', '444', '114', '324', '960', '56', '851', '742', '780', '830', '277', '968', '124', '337', '419']
['382', '236', '568', '848', '272', '803', '747', '941', '171', '825', '465', '455', '724', '133', '696', '428', '638', '697', '293', '597', '691', '836', '932', '156', '886', '108', '41']
['865', '435', '975', '54', '980', '271', '481', '13', '213', '221', '301', '121', '332', '868', '242', '227', '80', '856', '162', '438', '390', '957', '666', '235', '892']
['571', '837', '99', '466', '413', '657', '160', '313', '474', '977', '590', '984', '180', '309', '934', '682', '534', '572', '735', '645', '637', '524', '674', '346', '585', '781', '203', '266', '67', '596', '876']
['126', '497', '407', '993', '132', '850', '520', '355', '702', '222', '475', '483', '715', '251', '673', '212', '678', '777', '352', '870', '988', '582', '765', '965', '506', '328', '551', '378', '894', '605', '940', '375', '231', '823']
['199', '734', '584', '77', '858', '531', '618', '90', '285', '760', '969', '386', '371', '239', '802', '434', '216', '513', '329', '416', '917', '330', '998', '518']
['660', '720', '864', '168', '726', '779', '634', '953', '554', '839', '57', '364', '567', '788', '155', '43', '729', '84', '811', '748', '570', '348', '869', '393', '24', '63', '845', '336', '9', '896', '527', '106']
['436', '859', '974', '930', '139', '759', '304', '131', '389', '577', '423', '921', '532', '935', '774', '809', '741', '376', '143', '201', '680', '210']
['89', '541', '604', '303', '49', '628', '922', '936', '517', '347', '929', '583', '305', '306', '457', '96', '581', '363', '789', '540', '118', '725', '38', '312', '3', '723', '874', '445', '944', '688', '649']
['763', '197', '653', '189', '50', '8', '647', '739', '963', '122', '522', '322', '422']
['325', '630', '295', '107', '598', '761', '507', '686', '626', '6', '169', '817', '388', '752', '229', '296', '946', '676', '631', '501']
['862', '954', '812', '340', '995', '87', '903', '846', '147', '91', '548', '472', '814']
['767', '533', '250', '159', '292', '417', '490', '961', '931', '60', '215', '606', '546', '345', '179', '950', '274', '61', '633', '966', '771', '366', '372', '866', '48', '863', '603', '183', '166', '895', '942', '669']
['34', '470', '379', '184', '117', '403', '574', '42', '150', '537', '699', '553', '756', '701', '144', '359', '421', '205', '22', '642', '776']
['488', '770', '287', '565', '923', '806', '662', '2', '938', '257', '909', '134', '125', '115', '849', '755', '749', '429', '744', '88', '82', '302', '255', '334', '707']
['226', '31', '98', '20', '912', '824', '505', '484', '911', '148', '625', '609', '772', '792', '801', '247', '695', '430', '832', '485', '350', '418', '331', '885', '310', '738', '217', '887', '76', '883']
['182', '146', '529', '449', '282', '535', '677', '925', '85', '681', '267', '269', '875', '153', '827', '459', '710', '728', '926', '745', '624', '545', '7', '299', '514', '831', '128', '918', '552', '110', '391', '453']
['323', '53', '564', '23', '408', '610', '888', '317', '855', '209', '219', '650', '665', '576', '799', '233', '256', '318', '112', '111', '549']
['245', '844', '137', '479', '877', '113', '198', '259', '746', '191', '260', '542', '174', '192', '440', '396', '555', '919']
['644', '873', '769', '286', '694', '503', '456', '685', '152', '30', '204', '170', '882', '499', '206', '807', '451', '258', '165', '722', '981', '400', '952', '683', '599', '591']
['820', '667', '798', '320', '573', '369', '315', '489', '208', '500', '821', '55', '289', '908', '176', '775', '291', '387', '431', '402', '4']
['92', '195', '614', '900', '672', '822', '834', '904', '828', '140', '826', '766', '593', '190', '623', '587', '246', '924', '349', '860', '992', '512', '157', '857', '280', '47', '377', '224', '450', '395', '579', '547', '273']
['558', '880', '594', '910', '679', '120', '523', '105', '978', '167', '327', '264', '498', '123']
['211', '100', '452', '218', '786', '616', '415', '343', '698', '646', '550', '75', '973', '200', '668', '102', '751', '791', '556', '478', '127', '718', '987', '733', '620', '380', '268']
['928', '18', '819', '927', '51', '675', '643', '276', '360', '949', '35', '284', '727', '861', '711', '86', '538', '519', '398', '608', '103', '764', '580', '948', '29', '270', '511', '805', '357', '712', '962']
['872', '959', '899']
['955', '889', '11', '163', '636', '33', '656', '104', '566', '442', '991', '381', '854', '753', '632', '71', '588', '913', '326', '689', '578', '661', '754', '370', '853', '424', '797', '177']
['536', '621', '151', '964', '804', '615', '793', '15', '319', '433', '508', '196', '404', '768', '629', '443', '494', '740', '933', '463', '526', '181', '716', '409', '989', '687', '228']
['397', '300', '353', '74', '66', '261', '39', '482', '40', '976', '937', '464', '690', '658', '958', '469', '232', '731', '265', '374', '979']
