['102', '373', '805', '663', '70', '83', '792', '991', '889', '739', '930', '154', '284', '169', '644', '240', '809', '877', '662', '563', '613', '48', '783', '949', '467', '295', '714', '32', '552', '80']
['104', '608', '252', '894', '111', '346', '813', '551', '953', '937', '900', '767', '85', '4', '866', '980', '985', '441', '816', '642', '844', '162', '286', '421', '18', '609', '438', '139', '828', '651', '764', '214']
['53', '338', '850', '597', '178', '512', '31', '298', '347', '585', '559', '167', '142', '379', '378', '515', '158', '163', '370', '73', '19', '882', '706', '784', '508', '237', '655', '604', '881', '955']
['404', '371', '497', '336', '382', '715', '289', '459', '539', '603', '581', '109', '207', '185', '8', '268', '553', '263', '869', '9', '206', '67', '249', '255', '54', '647', '437', '868', '58', '712', '254', '474']
['344', '247', '696', '13', '478', '141', '665', '870', '270', '865', '267', '679', '420', '339', '445', '810', '356', '465', '902', '406', '656', '649', '17', '899', '455', '482', '462', '159', '675', '447', '103', '320']
['375', '324', '460', '705', '875', '123', '579', '180', '554', '131', '738', '845', '836', '720', '811', '204', '96', '572', '250', '580', '943', '219', '181', '433', '2', '99', '431', '358', '160', '672', '690']
['862', '812', '307', '994', '590', '248', '97', '531', '466', '904', '833', '95', '408', '215', '583', '806', '291', '773', '208', '140', '37', '874', '848', '55', '137', '63', '368', '166', '5', '733', '403', '999']
['587', '678', '20', '23', '184', '578', '278', '311', '76', '222', '157', '260', '191', '701', '288', '274', '435', '363', '276', '150', '65', '895', '898', '757', '978', '827', '966', '972', '503', '724', '90', '362']
['61', '623', '849', '520', '777', '231', '414', '920', '144', '410', '471', '748', '589', '234', '94', '722', '423', '205', '114', '499', '156', '402', '543', '622', '413', '468', '304', '399']
['500', '52', '829', '786', '680', '626', '186', '41', '464', '493', '25', '106', '630', '771', '179', '246', '411', '987', '29', '510', '711', '939', '621', '954', '741', '948', '202', '745', '372', '781', '271', '75']
['565', '301', '983', '256', '592', '251', '354', '995', '536', '127', '47', '264', '648', '230', '802', '457', '550', '494', '901', '107', '800', '544', '27', '638', '524', '227', '859', '16', '735', '345', '765', '211']
['332', '759', '960', '538', '961', '919', '873', '361', '14', '153', '760', '527', '620', '210', '182', '507', '388', '878', '88', '117', '519', '193', '667', '397', '45', '426', '632', '116', '742', '418', '221', '697']
['124', '803', '838', '822', '218', '713', '934', '33', '982', '795', '203', '352', '990', '736', '688', '171', '224', '84', '641', '133', '969', '751', '51', '62', '477', '941', '323', '518', '605', '761', '366', '130']
['480', '826', '657', '147', '390', '684', '200', '658', '935', '337', '232', '317', '369', '483', '842', '476', '386', '815', '91', '128', '747', '196', '300', '322', '861', '867', '819', '326', '768', '661', '522', '316']
['791', '269', '452', '797', '885', '30', '243', '93', '717', '798', '315', '12', '341', '360', '744', '434', '174', '635', '87', '892', '7', '984', '996', '148', '440', '694', '367', '654', '101', '35', '726']
['257', '136', '223', '674', '789', '734', '893', '681', '779', '691', '992', '896', '387', '119', '922', '165', '26', '380', '851', '743', '973', '427', '976', '68', '537', '617', '950', '569', '533', '911', '659', '143']
['909', '164', '907', '566', '677', '331', '46', '253', '220', '555', '588', '818', '309', '28', '198', '498', '804', '607', '209', '979', '977', '923', '448', '10', '652', '461', '832', '293', '727']
['456', '39', '839', '187', '98', '305', '640', '796', '125', '624', '453', '415', '383', '766', '929', '872', '951', '853', '161', '449', '428', '129', '261', '310', '308', '400', '297', '668', '78', '330']
['335', '419', '629', '429', '57', '981', '921', '228', '964', '633', '586', '89', '15', '151', '279', '436', '239', '817', '988', '50', '756', '486', '997', '577', '957', '72', '334', '277', '314', '432', '409', '475']
['860', '100', '59', '965', '846', '530', '915', '926', '329', '669', '450', '556', '489', '824', '481', '890', '509', '173', '516', '299', '962', '830', '359', '325', '914', '755', '634', '529', '528', '38', '660']
['42', '940', '121', '625', '501', '238', '952', '496', '392', '1', '177', '886', '707', '56', '110', '596', '698', '262', '959', '906', '385', '928', '258', '903', '351', '108', '381', '763', '172', '443', '199', '66']
['197', '653', '64', '82', '241', '916', '598', '938', '673', '194', '60', '963', '192', '627', '643', '880', '602', '521', '183', '931', '725', '785', '599', '770', '401', '687', '910', '855', '769', '280', '34']
['956', '574', '36', '703', '740', '132', '746', '514', '424', '273', '333', '794', '302', '444', '856', '391', '245', '676', '636', '135', '891', '671', '290', '778', '321', '287', '463', '229', '416', '398', '365', '858']
['646', '517', '947', '693', '24', '282', '547', '664', '689', '534', '92', '852', '790', '364', '731', '319', '470', '970', '709', '584', '863', '989', '593', '374', '484', '422', '175', '723', '567', '917', '967', '732']
['328', '313', '558', '145', '272', '546', '225', '700', '631', '353', '190', '506', '548', '242', '666', '212', '285', '913', '628', '871', '396', '854', '0', '737', '831', '793', '393', '488', '44', '571', '430', '236']
['864', '513', '835', '799', '879', '505', '685', '189', '532', '541', '840', '683', '216', '942', '275', '473', '349', '719', '292', '958', '615', '752', '417', '619', '612', '168', '730', '472', '925', '561', '487']
['933', '6', '924', '841', '343', '884', '22', '918', '986', '888', '639', '11', '704', '115', '575', '897', '650', '601', '782', '945', '412', '670', '327', '823', '932', '112', '912', '71', '775', '21', '801']
['357', '776', '492', '946', '201', '682', '750', '825', '134', '120', '686', '485', '405', '502', '787', '213', '306', '772', '908', '618', '525', '883', '695', '820', '754', '155', '265', '710', '927', '718', '138']
['542', '753', '377', '821', '975', '495', '847', '570', '244', '944', '259', '582', '170', '340', '611', '81', '395', '562', '780', '637', '69', '146', '971', '699', '591', '560', '77', '454', '576', '692', '728']
['511', '758', '491', '807', '283', '974', '535', '545', '594', '857', '564', '837', '394', '876', '645', '610', '606', '126', '425', '774', '458', '318', '105', '936', '526', '808', '43', '296', '600', '762', '749', '479']
['40', '549', '504', '540', '74', '993', '376', '118', '348', '342', '442', '355', '86', '568', '573', '384', '149', '3', '195', '469', '905', '843', '788', '152', '350', '439', '303', '721', '595', '716', '281']
['407', '122', '226', '266', '708', '702', '312', '616', '451', '113', '887', '998', '814', '389', '490', '614', '446', '176', '834', '49', '233', '217', '235', '523', '968', '557', '188', '294', '729', '79']
