['577', '562', '30', '225', '80', '160', '594', '436', '895', '226', '766', '568', '139', '393', '775', '934', '343', '921', '662', '527', '10', '765', '816', '740', '730', '129', '975', '114']
['706', '385', '20', '220', '367', '559', '891', '70', '92', '150', '863', '221', '465', '460', '152']
['108', '578', '357', '803', '679', '742', '851', '161', '265', '400', '464', '88', '258', '618', '638', '24', '169', '652', '210', '379', '608', '873', '725', '732', '260', '77', '684', '970', '248', '584', '475', '789', '576', '12', '906', '689', '267', '908', '887', '629']
['134', '331', '31', '183', '988', '668', '25', '497', '444', '476', '381', '68', '588', '587', '811', '289', '517', '503', '163', '910', '42', '819', '931', '963', '951', '846', '916', '40', '85', '627']
['763', '344', '982', '933', '287', '631', '651', '858', '519', '809', '512', '167', '941', '805', '564', '312', '897', '112', '282', '938', '687', '125', '82', '313', '135', '223', '321']
['317', '980', '528', '605', '983', '384', '446', '761', '600', '884', '380', '14', '128', '658', '78', '197', '252', '535', '890', '909', '382', '69', '546', '450', '837', '255', '15', '630', '300', '815', '590', '976', '831', '235', '597', '646', '964']
['726', '610', '336', '288', '986', '840', '168', '491', '950', '561', '959', '850', '46', '194', '1', '784', '804', '94', '616', '930', '513', '232', '103', '720', '680', '565', '219', '494', '750', '663', '489', '441', '647', '556', '566', '722', '989']
['131', '729', '55', '245', '883', '412', '415', '0', '271', '526', '929', '787', '149', '947', '727', '101', '807', '820', '894', '699', '794', '19', '901', '26', '721', '870', '841', '913', '833', '406', '154', '308', '813', '283']
['195', '142', '28', '76', '628', '102', '270', '875', '383', '899', '790', '602', '523', '914', '453', '38', '995', '878', '746', '620', '292', '810', '44', '728', '176', '199', '278', '414', '637', '67', '200', '935', '96', '849', '675', '172']
['677', '796', '36', '191', '369', '888', '993', '158', '71', '106', '911', '362', '325', '601', '462', '538', '315', '645', '124', '376', '9', '814', '525', '79', '17', '540', '371', '918', '133', '228', '879', '118', '694']
['428', '59', '22', '917', '440', '534', '222', '435', '262', '469', '900', '246', '671', '417', '83', '162', '333', '812', '762', '698', '65', '859', '862', '342', '66', '835', '277', '991', '656', '477', '104', '117', '230', '32', '45', '596', '463', '227', '614', '563']
['886', '238', '693', '710', '120', '338', '634', '611', '928', '736', '860', '739', '272', '208', '792', '632', '148', '518', '821', '953', '768', '773', '105', '273', '782', '492', '715', '416', '945', '240', '695', '58', '778', '3', '448', '685']
['977', '724', '719', '348', '530', '905', '121', '956', '882', '536', '985', '738', '327', '981', '711', '203', '21', '304', '644', '643', '249', '330', '595', '924', '506', '483', '39', '843', '650', '696', '205', '457', '700', '800', '877', '54']
['641', '599', '842', '401', '301', '87', '127', '215', '769', '390', '53', '354', '504', '27', '144', '709', '681', '213', '482', '398', '328', '705', '717', '432', '438', '723', '586', '234', '855', '175', '75', '759', '449', '857', '817', '979']
['648', '355', '772', '165', '437', '340', '335', '174', '244', '669', '943', '254', '186', '865', '405', '49', '217', '35', '268', '874', '845', '180', '521', '204', '89', '233', '359', '654', '433', '374', '368', '731', '593', '214', '484', '276', '458', '7', '290', '364']
['978', '507', '356', '339', '688', '442', '626', '431', '470', '767', '116', '41', '146', '5', '468', '786']
['541', '281', '421', '751', '592', '649', '33', '115', '622', '889', '326', '202', '322', '734', '454', '797', '552', '179', '571', '555', '264', '836', '430', '138', '781', '209', '56', '353', '984', '674', '702', '954', '818', '137', '351', '545', '966']
['926', '316', '764', '892', '714', '896', '832', '113', '524', '132', '159', '847', '676', '253', '387', '496', '973', '207', '323', '853', '259', '822', '806', '257', '572', '4', '923', '550', '948', '802', '567', '269', '111', '770', '965', '881', '256', '848', '920', '451']
['164', '942', '690', '296', '606', '551', '686', '302', '960', '151', '184', '707', '795', '408', '171', '673', '771', '826', '691', '955', '291', '48', '480', '919', '508', '439', '490', '389', '939', '828', '403', '224', '752', '617', '284', '456', '547', '263', '422']
['791', '839', '827', '241', '109', '829', '229', '361', '311', '145', '749', '363', '173', '783', '776', '949', '404', '529', '397', '295', '445', '274', '612', '573', '57', '580', '471', '735', '155', '861', '712', '178', '63', '314', '852', '754']
['642', '239', '799', '718', '583', '345', '187', '548', '667', '372', '86', '452', '23', '423', '373', '479', '621', '499', '360', '755', '309', '177', '409', '293', '757', '73', '201', '375', '542', '402']
['434', '793', '95', '365', '275', '653', '869', '188', '657', '701', '753', '539', '329', '713', '940', '509', '443', '107', '604', '927', '498', '16', '395', '8', '251', '569', '488', '425', '218', '962', '737', '692', '774', '502', '280', '915', '968']
['777', '639', '91', '748', '824', '350', '250', '510', '655', '758', '136', '760', '825', '420', '306', '72', '607', '216', '623', '936', '893', '478', '99', '871', '598', '243', '474', '704', '43', '110', '672', '682', '744', '659', '575', '537', '733', '798', '990', '126']
['455', '609', '511', '932', '320', '2', '581', '189', '181', '50', '472', '974', '957', '868', '633', '429', '81', '823', '122']
['522', '557', '299', '52', '242', '867', '418', '854', '332', '514', '844', '196', '319', '801', '582', '876', '391', '466', '516', '967', '756', '664', '661', '589', '543', '212', '74', '93', '635', '18', '386', '485', '904', '6']
['266', '636', '666', '261', '958', '358', '237', '903', '579', '347', '780', '912', '396', '515', '992', '665', '34', '830', '285', '743', '11', '346', '170', '615', '370', '902', '487', '140', '294', '570', '349', '377', '388']
['334', '60', '907', '424', '922', '399', '247', '544', '624', '130', '297', '785', '13', '994', '64', '100', '286', '143', '946', '500', '185', '961', '619', '937', '944', '703', '558', '29', '574', '683', '61', '157', '193', '531', '279', '495', '410', '62']
['788', '305', '678', '493', '467', '84', '872', '310', '47', '394', '741', '198', '952', '153', '307', '549', '411', '585', '779', '97', '856', '553', '190', '51', '459', '481', '640', '625', '560', '838', '236', '324', '192', '37', '603', '426', '716']
['613', '392', '864', '303', '554', '880', '119', '141', '337', '745', '987', '352', '532', '885', '747', '708', '156', '206', '182', '505', '231', '533', '520', '866', '419', '969', '461', '366', '318', '898', '834']
['697', '591', '447', '413', '211', '501', '808', '925', '427', '670', '90', '972', '98', '166', '123', '298', '147', '473', '660', '407', '341', '971', '486', '378']
