['274', '285', '388', '424', '26', '597', '267', '46', '594', '632', '76', '146', '135', '198', '10', '617', '417', '552', '194', '460', '311', '95', '264', '395']
['228', '209', '622', '40', '262', '465', '658', '321', '62', '507', '27', '506', '160', '82', '223', '52', '254', '588', '576', '356', '211']
['261', '445', '448', '600', '245', '569', '440', '255', '532', '104', '24', '654', '208', '489', '329', '589', '314', '545', '99', '124', '521', '362', '30', '366', '186', '324', '601']
['564', '512', '173', '610', '606', '627', '375', '693', '136', '432', '559', '628', '247', '258', '685', '134', '585', '587', '57', '484', '429', '131', '298', '528', '59', '170', '164', '217', '73', '281']
['302', '308', '383', '177', '574', '694', '300', '516', '111', '142', '684', '591', '7', '393', '518', '539', '696', '648', '665', '23', '345', '386', '317']
['390', '249', '647', '502', '413', '283', '472', '116', '236', '527', '568', '56', '609', '250', '567', '419', '583', '197', '438', '83']
['686', '216', '118', '584', '607', '635', '522', '153', '561', '637', '220', '43', '562', '74', '16', '128', '196', '39', '66', '243', '364', '698', '400', '524']
['265', '120', '513', '192', '295', '287', '37', '645', '408', '481', '358', '541', '342', '418', '31', '456', '542', '348', '151', '233', '119', '162', '403', '535', '189']
['44', '691', '674', '373', '409', '278', '4', '55', '423', '526', '71', '468', '269', '79', '398']
['17', '271', '175', '92', '405', '565', '68', '491', '649', '349', '297', '529', '268', '560', '310', '590', '436', '195', '85', '13', '316', '566', '404', '0', '279', '309', '416', '384']
['168', '675', '51', '421', '578', '77', '411', '299', '480', '155', '286', '307']
['139', '496', '664', '575', '213', '579', '558', '158', '371', '355', '187', '69', '656', '45', '651', '63', '166', '652', '692', '509', '93', '483', '41', '113', '546', '592', '492']
['150', '259', '430', '494', '618', '14', '19', '531', '218', '328', '616', '453', '32', '467', '466', '346', '231', '203', '577', '505', '624', '543', '695', '391', '273', '11', '54', '493', '179', '464']
['515', '613', '18', '277', '81', '293', '161', '6', '442', '623', '65', '266', '252', '171', '551', '323', '474', '629', '167', '425', '234', '226', '222', '292', '20', '130', '538', '486']
['488', '530', '485', '181', '439', '90', '663', '631', '441', '644', '291', '662', '174', '331', '70', '357', '15', '106', '615', '503', '650']
['91', '350', '525', '620', '679', '478', '242', '625', '275', '370', '368', '517', '451', '165', '304', '422', '94', '112', '178', '458', '58', '676', '396', '260', '241', '602']
['335', '426', '611', '137', '244', '224', '96', '75', '380', '193', '185', '253', '1', '389', '21', '653', '599', '394', '511', '210', '455', '344', '457', '582', '553', '301']
['133', '290', '221', '42', '263', '148', '399', '498', '191', '359', '642', '201', '614', '108', '272', '351', '183', '239', '60']
['105', '377', '98', '646', '533', '596', '204', '678', '230']
['215', '555', '327', '97', '463', '125', '154', '593', '48', '608', '61', '682', '354', '207', '35', '38']
['595', '459', '49', '117', '72', '251', '353', '572', '352', '534', '235', '571', '612', '497', '392', '306', '661', '470', '668', '188', '548', '655', '639', '303', '640', '434', '347', '102']
['473', '80', '501', '412', '202', '636', '537', '365', '360', '284', '626', '140', '320', '449', '690', '697', '325', '427', '504', '182']
['570', '672', '315', '641', '237', '132', '8', '454', '633', '280', '156', '379', '374', '88', '248', '3', '89', '452', '157']
['50', '462', '169', '227', '372', '536', '630', '305', '100', '29', '450', '667', '634', '64', '573', '556', '523', '176', '557', '361', '689', '680', '313', '385']
['147', '387', '605', '688', '206', '319', '163', '382', '121', '435', '337', '257', '33', '603', '110', '581', '322', '138', '180', '109', '643', '28', '428', '402', '84', '550', '334']
['22', '514', '240', '276', '214', '376', '294', '172', '563', '447', '401', '519', '341', '369', '212', '510', '339', '149', '407', '282', '141', '683', '544', '443', '270', '657', '289', '296', '499', '415']
['482', '343', '152', '115', '144', '330', '381', '103', '219', '87', '444', '326', '367', '461', '338', '363', '420', '520', '256', '397', '604', '677', '554', '580', '687', '129', '540', '246']
['495', '78', '586', '86', '659', '34', '598', '431', '200', '333', '229', '671', '2', '127', '47', '446', '547', '476', '619', '145', '101', '190', '53', '238']
['232', '410', '669', '114', '336', '378', '549', '312', '508', '638', '437', '122', '5', '475', '673', '487', '414', '12', '225', '159', '490', '332', '67', '25', '406', '143', '340', '471', '184']
['500', '660', '36', '205', '477', '699', '670', '666', '199', '126', '479', '288', '107', '9', '681', '123', '318', '433', '621', '469']
