['201', '202', '205', '207', '211', '213', '216', '219', '221', '227', '228', '237', '240', '242', '254', '255', '262', '275', '276', '278']
['295']
['1', '23', '28', '31', '35', '37', '40', '43', '49', '50', '54', '69', '74', '79', '83', '87', '88', '91', '94', '98']
['173', '298']
['7', '8', '22', '30', '32', '33', '34', '39', '44', '46', '48', '53', '56', '61', '65', '71', '76', '77', '82', '89']
['104', '107', '114', '119', '123', '126', '135', '140', '144', '147', '151', '154', '160', '166', '172', '194', '197', '198']
['25', '47']
['113', '121', '122', '129', '130', '133', '139', '143', '146', '158', '161', '164', '165', '167', '170', '178', '179', '184', '192', '200']
['3', '4', '5', '11', '14', '15', '16', '19', '24', '55', '57', '63', '66', '70', '72', '73', '75', '84', '86', '93']
['277', '279', '299']
['2', '10', '12', '13', '18', '21', '27', '29', '36', '38', '41', '42', '59', '64', '67', '68', '80', '85', '95', '99']
['6', '9', '17', '20', '26', '45', '51', '52', '58', '60', '62', '78', '81', '90', '92', '96', '97', '100', '152']
['108', '110', '128', '132', '136', '141', '142', '153', '156', '162', '163', '169', '176', '183', '189', '190', '191', '193', '196', '199']
['105', '106', '111', '116', '120', '124', '125', '127', '134', '148', '149', '150', '155', '171', '175', '177', '180', '181', '182', '195']
['281', '282', '283', '284', '285', '286', '287', '288', '289', '290', '291', '292', '300']
['101', '102', '103', '109', '112', '115', '117', '118', '131', '137', '138', '145', '157', '159', '168', '174', '185', '186', '187', '188']
['293', '297']
['203', '210', '215', '220', '223', '224', '230', '232', '234', '236', '241', '247', '249', '256', '257', '260', '265', '266', '268', '274']
['204', '208', '209', '212', '217', '218', '226', '229', '235', '238', '239', '243', '244', '251', '252', '259', '263', '267', '269', '271']
['206', '214', '222', '225', '231', '233', '245', '246', '248', '250', '253', '258', '261', '264', '270', '272', '273', '280', '294', '296']
