['8VG', 'P8b', 'h6l', 'iba', '6pB', 'gVV', 'iTo', 'JcP', 'hdp', 'AJT', 'gfv', 'mRG']
['xqY']
['AK4', 'qLD', 'rgC', 'ZxX', 'ttO', 'FkC', 'ewc', 'iS6', 'NiX', 'fFE', 'ZY3', '6na']
['EoI', 'jEj', 'zgJ', 'XMr', 'MNb', '2UA', 'mFO', 'D40', 'AHs', 'JfN', 'H68', 'VAV']
['oSh', 'Qtt', 'Jgp', 'Itn', 'x8V', 'Hi0', '00m', 'IZQ', 'pTi', 'WB2', 'b9f', 'SmS']
['CwC', 'nf5', 'hQH', 'W2Z', '3kn', 'Epk', 'WLo', 'wwD', 'uii', 's6M', '5i6', '9ug']
['qPq', 'tKI', 's3z', '5qS', 'n99', 'emD', '4fp', 'bLd', '5jv', 'd60', 'uQL', 'I2S']
['0gI', 'VoJ', 'FEQ', 'Ke0', 'mcI', 'KS2', 'GRw', 'PQT', 'tm4', 'BV4', 'Y2z', '6Ip']
['cmd', 'uVg', 'USE', '0ID', 'ZQL', 'Eou', 'ULj', 'Tn8', 'iW8', 'UDc', 'VZ7', 'HWv']
['DoC', 'kYz', 'slQ', 'Hxo', 'E2A', 'mGb', 'PJa', 'fFJ', 'yAp', 'j3s', 'IU6', 'gEU']
['bAf', '5Li', '3QX', 'kte', 'Qyh', 'KZy', '6Hl', 'vca', 'WLk', 'UmG', 'nRH', 'dlb']
['17Q', 'U0Z', 'dvU', 'YMC', '2mv', 'kZ0', 'Swe', 'YFC', 'btz', 'TUB', 'XlR', 'J8r']
['u1N', '1QY', 'Ot9', 'VCH', 'zTH', 'lsG', 'W8n', '2vJ', 'lKO', 'VVW', 'AcJ', 'nQv']
['tEu', 'NGB', 'iiE', 'iGU', 'hct', 'gTC', 'LTB', 'X5J', 'EJD', 'Fws', 'JVP', '4gy']
['fQ3', 'JWV', 'nQj', '0oy', '6ro', 'YBr', 'a55', 'N08', 'rC8', 'fKV', '4LY', '5n5']
['sfk', 'Z7b', 'dNX', 'H9O', 'oak', 'rYU', 'SV9', 'Bfu', 'L1u', 'Qti', '4KN', '0RD']
['8nm', 'u9Q', 'kT2']
['Hyj', '1gc', '1xS', 'cFa', 'F9o', 'JyM', 'Mvm', 'SMj', 'hiF', 'ZVF', 'tpP', '96X']
['etm', 'Ihb', 'PiG', 'upV', 'U4K', 'ux2', 'AKr', 'X5a', 'gWT', 'bDO', '8uz', 'stN']
['MQT', '1aX', 'Ns3', '5U2', 'ZNv', 'uZt', 's1n', 'uGP', 'rGT', 'xxJ', 'cEk', 'i4H']
['vyM', 'JYa', 'vJC', 'aZv', 'PoH', 'Ql9', 'zfD', 'euj', 'rMd', 'gE4', 'qmj', '81k']
['aTI', 'Jla', 'gEp', 'xLA', 'dLc', 'G2k', '8uu', 'iFt', '6sH', 'e8H', 'ziA', 'e8d']
['W4L', 'f9z', 'c3v', 'D5B', 'HvR', 'Xim', 'Fmb', 'QhQ', 'xz4', 'oZQ', 'eGG', 'YNK']
['Zc5', 'IJ1', 'zfK', 'b99', 'BPL', '69w', 'SiL', '4Nd', 'jGk', 'xx7', 'MrD', 'FzE']
['xRH', 'XHa', 'GpL', 'UPL', 'uH4', 'NXP', 'Hbr', 'Gu6', '1uW', 'm5j', 'rz4', 'wGp']
['GUX']
['ISX', 'dSZ', 'txp', 'xpw', 'VPb', 'X9s', '28R', 'tFU', 'zEh', 'KGR', 'mLF', 'v6U']
['QEF', 'ptf', 'x86', 'g08', 'hYw', 'kiK', 'jFu', 'bA6', 'FbA', 'e6S', 'OCL', '5zB']
['pf5', 'mUL', 'klv', 'oUs', 'nc0', '27J', 'CU9', 'JLF', '1RB', '0Qs', 'SFn', 'oSw']
['QDa', 'wgA', 'wqW', 'ZFU', 'psG', 'Kn8', 'O2z', 'mLL', 'nkl', '8j5', 'PlJ', 'BDE']
['blA', 'NqO', 'YEe', 'sKX', 'LiP', 'yLV', '19T', 'cDc', 'CYA', 'z1H', '9NA', 'HkK']
['qkE']
['gkI', 'nqI', 'PqY', 'WXJ', 'NyP', 'I2i', '9F9', 'aLB', 'Wmv', 'B99', 'b7z', 'rmu']
['hHB', 'a4K', 'Qa3', 'U0P', 'qDy', 'tfQ', 'jWX', 'tK7', 'Afe', 'KRy', 'Pas', 'Twl']
['PPi', '70K', 'YUZ', '4nb', 'rXN', '4p5', 'h3r', 'mIe', 'EJa', 'oPH', 'i9C', 'czy']
