['Ara', 'Ambur', 'Alejandra', 'Blanche', 'Bibbie', 'Andrea', 'Bobby', 'Annora', 'Benetta', 'Angelina']
['Aubine', 'Cesya', 'Carmel', 'Caro', 'Carlee', 'Andi', 'Analiese', 'Alvira', 'Catlee']
['Anthiathia', 'Bobette', 'Cherye', 'Brier', 'Anallese', 'Anastassia', 'Beverie', 'Angil', 'Cammy', 'Caren']
['Amanda', 'Barbabra', 'Caralie', 'Ashlie', 'Avis', 'Aurelea', 'Barbaraanne', 'Calla', 'Arlene']
['Cherise', 'Anet', 'Camella', 'Babbette', 'Allissa', 'Ardella', 'Ardra', 'Bethany', 'Bunny', 'Asia']
['Alexandrina', 'Cammi', 'Anabelle', 'Anatola', 'Annabel', 'Alie', 'Callida', 'Barbra', 'Babette', 'Casie']
['Calida', 'Allegra', 'Astrix', 'Annadiane', 'Bobbye', 'Ashli', 'Alice', 'Brigid', 'Berty', 'Belva']
['Abra', 'Christye', 'Adoree', 'Berni', 'Austina', 'Bryna', 'Brittaney', 'Caroljean', 'Berna', 'Babara']
['Billie', 'Charmion', 'Alys', 'Blancha', 'Aveline', 'Chelsy', 'Anne', 'Brandise', 'Cody', 'Adelice']
['Catharine', 'Andree', 'Cathrine', 'Billy', 'Ashlen', 'Carrissa', 'Ardene', 'Barbey', 'Almeda', 'Aimil']
['Camel', 'Agatha', 'Candis', 'Charity', 'Bonnee', 'Caryl', 'Annabela', 'David', 'Chiquia', 'Babs']
['Carlyn', 'Bess', 'Cariotta', 'Amy', 'Athena', 'Catlaina', 'Caron', 'Abby', 'Carmelita', 'Adorne']
['Charlot', 'Angie', 'Cele', 'Bertine', 'Bernete', 'Aaren', 'Amargo', 'Alissa', 'Aubrette']
['Caryn', 'Brandie', 'Audy', 'Anastasia', 'Billi', 'Carlynn', 'Aile', 'Aliza', 'Arlie']
['Bobinette', 'Carena', 'Allix', 'Cacilia', 'Agace', 'Carolina', 'Alexi', 'Arlina', 'Calli', 'Aili']
['Casandra', 'Alverta', 'Chanda', 'Carmine', 'Anni', 'Benita', 'Carole', 'Catriona', 'Brandea', 'Bride']
['Charyl', 'Annabelle', 'Bettine', 'Bessy', 'Ailene', 'Augusta', 'Agnola']
['Angel', 'Bernardine', 'Bellanca', 'Carlye', 'April', 'Cassondra', 'Athene', 'Chelsey']
['Brandi', 'Antoinette', 'Christan', 'Angela', 'Candra', 'Bobbee', 'Alix', 'Cami', 'Brandy', 'Cheslie']
['Adelheid', 'Caril', 'Addi', 'Celie', 'Amabel', 'Ada', 'Cal', 'Penny', 'Babbie', 'Ali']
['Celestyn', 'Bliss', 'Carina', 'Bill', 'Betti', 'Annamaria', 'Christabella', 'Cassy', 'Andriana']
['Berri', 'Bobbie', 'Alikee', 'Carri', 'Blinnie', 'Alisun', 'Anica', 'Alanah', 'Ardeen', 'Cherrita']
['Bridgette', 'Bernardina', 'Belita', 'Christel', 'Ariela', 'Babita', 'Alexia', 'Betteann', 'Arliene', 'Bren']
['Bert', 'Alyda', 'Catie', 'Beatrice', 'Catherine', 'Aeriel', 'Auroora', 'Betty', 'Annelise', 'Celestine']
['Brigida', 'Christyna', 'Charleen', 'Alysa', 'Christal', 'Chiarra', 'Blythe', 'Anjela', 'Cherilyn', 'Alicea']
['Anabal', 'Charin', 'Carolyn', 'Alayne', 'Berta', 'Bernadine', 'Bamby', 'Binni', 'Bunni', 'Aurore']
