['329', '407', '409', '410']
['64', '66', '250', '251', '308']
['115', '116', '358', '361']
['222', '223']
['155', '158', '238', '383', '384']
['105', '322']
['33', '34', '86', '212', '336']
['304', '305', '371', '390', '391']
['140', '318', '319', '369', '370']
['119', '146', '365', '366', '367']
['224']
['0', '42', '252', '280']
['162', '163']
['78', '79']
['40', '41', '120', '121', '122']
['295', '296']
['25', '380']
['7', '245', '285', '286']
['65', '111']
['56', '91', '373']
['15', '16', '17', '18']
['21', '85', '87', '88']
['22', '23', '214', '313', '314']
['127', '128', '129', '154', '261']
['260', '262', '263']
['131', '132', '197', '199', '200']
['180', '337', '338', '340', '375']
['27', '241', '242', '341', '342']
['5', '6', '75', '76']
['26', '208', '209', '400', '402']
['320', '321']
['176', '178', '179', '271', '272']
['113', '114', '311', '312']
['70', '253', '254', '255']
['38', '39', '230']
['392', '414', '416', '417']
['98', '299', '300']
['161', '411', '412']
['29', '30', '231']
['103', '104']
['198', '267', '268', '269', '376']
['301']
['189', '266', '421', '422', '423']
['156']
['303']
['141', '143', '144', '425', '426']
['206', '207', '335', '348', '349']
['62']
['13', '67', '204', '205']
['49', '68', '69', '107']
['126', '351', '353', '354']
['164', '165', '182', '193', '350']
['142', '257', '258', '275']
['89', '185', '186', '339']
['84', '215', '287', '393', '394']
['211', '213', '397', '398']
['46', '148', '149', '294']
['92', '94', '278', '279']
['82', '83', '229']
['218', '219']
['201', '202']
['160', '225', '226', '227']
['330', '332', '333']
['54', '55', '118', '239', '240']
['10', '11', '145', '264', '359']
['47', '48', '61', '147']
['195']
['125', '259', '270']
['274', '277']
['138', '139', '159', '316', '317']
['36', '37', '363']
['403', '420']
['1', '3', '265', '273']
['256', '352']
['43', '44', '45', '396']
['77', '95', '298']
['14', '401']
['93', '175', '399']
['96', '97']
['28', '331']
['57', '60', '306', '307']
['50', '51', '379', '381', '382']
['221', '228', '288', '291', '368']
['2', '323', '324', '325']
['133', '232', '233', '234', '235']
['190', '191', '192']
['8', '9', '290']
['243', '244']
['362']
['357']
['35', '177']
['90', '102', '170', '372', '374']
['281', '282', '283', '284']
['134', '135', '136', '137', '395']
['99', '100', '101', '297', '334']
['220', '418', '419']
['73', '150', '355', '356']
['4', '377']
['58']
['123', '130', '360']
['246', '248', '249']
['151', '302', '327', '328']
['157', '344', '346', '347', '424']
['71', '72', '74', '276', '413']
['216', '378', '387', '404', '405']
['196', '247', '289', '343', '345']
['236', '237']
['152', '153', '168', '217']
['106', '108', '109', '117', '326']
['112']
['19', '20', '63', '203', '315']
['110', '167', '181']
['364', '386', '388', '389']
['12', '173', '174']
['124', '309', '310', '385']
['31', '32', '194', '406']
['24', '169', '171', '172', '408']
['52', '53', '187', '188', '415']
['292', '293']
['80', '81', '166', '210']
['183', '184']
['59']
