['91', '92', '110', '111', '112', '113', '130', '131', '132', '133', '150', '151', '152', '153', '170', '171', '172', '173', '206', '207', '226', '227', '246', '247']
['306', '412', '413']
['14', '15', '16', '17', '34', '35', '36', '37', '55', '56', '57', '75', '76', '77', '96', '97', '220', '221', '240', '241', '260', '261', '262', '263', '276', '277', '282', '283', '296', '297', '316', '317', '336', '337', '357']
['120', '121', '122', '123', '124', '140', '141', '142', '143', '144', '145', '160', '161', '162', '163', '164', '165', '180', '181', '182', '183', '184', '185', '205']
['203', '222', '223', '224', '225', '242', '243', '244', '245', '327', '328', '347', '348', '349', '350', '367', '368', '369', '370']
['166', '167', '186', '204', '401']
['5', '6', '7', '8', '25', '26', '27', '28', '46', '47', '48', '65', '66', '67', '116', '117', '126', '127', '134', '135', '136', '137', '146', '147', '154', '155', '156', '157', '174', '175', '200', '201', '202', '211', '231', '232', '251', '252', '253', '254', '255', '265', '272', '273', '274', '275', '292', '293', '294', '295', '314', '315', '324', '325', '333', '334', '335', '353', '354', '355', '358', '359', '366', '373', '374', '375', '377', '378', '379', '394', '395', '398', '399', '400']
['356']
['63', '64', '83', '84', '103', '104', '414', '415', '416', '417']
['208', '209', '228', '229', '230', '248', '249', '250', '268', '269', '270', '271', '387', '407', '410', '411']
['98', '118', '119', '138', '139', '158', '159', '236', '256', '264']
['284', '285', '304', '305']
['0', '20', '49', '50', '51', '52', '53', '54', '68', '69', '70', '71', '72', '73', '74', '88', '89', '90', '235', '351', '352', '360', '361', '362', '363', '371', '372', '380', '382', '383', '390', '391', '392']
['9', '10', '11', '12', '13', '29', '30', '31', '32', '33', '38', '39', '58', '59', '78', '79', '312', '313', '326', '332']
['344', '345', '346', '364', '365', '402', '403']
['406']
['93', '94', '95', '114', '115']
['18', '19', '99', '176', '177', '178', '179', '197', '198', '199', '217', '218', '219', '237', '238', '239', '257', '258', '259', '289', '290', '291', '309', '310', '311', '329', '330', '331', '339', '376', '381', '384', '385', '386', '388', '389', '393', '396', '397']
['85', '86', '87', '105', '106', '107', '108', '109', '125', '128', '129', '148', '149', '280', '281', '300', '301', '302', '303', '320', '321', '322', '323', '340', '341', '342', '343']
['168', '169', '187', '188', '189', '190', '195', '196', '210', '215', '216', '266', '267', '286', '287', '288', '307', '308', '418', '419']
['1', '2', '3', '4', '21', '22', '23', '24', '41', '42', '43', '44', '45', '61', '62', '80', '81', '82', '100', '101', '102', '278', '279', '298', '299', '318', '319', '338']
['40', '60', '191', '192', '193', '194', '212', '213', '214', '233', '234', '404', '405', '408', '409']
