['107']
['175', '174']
['439', '438', '437', '436', '434', '433', '432', '431', '430', '429', '428', '427', '426', '425', '424', '423', '422', '421', '420', '419', '418']
['482', '481', '479', '478', '477', '476', '475', '474', '473', '472', '471', '470', '469', '468', '467', '466', '465', '463', '462']
['285', '284', '282', '281', '280', '279', '277', '276', '275', '274', '273', '272', '271', '269', '268', '265', '264', '32']
['322', '315', '283', '278', '270', '267', '266', '41', '21', '20', '19', '18', '17', '16', '15', '14', '13', '12', '11', '10', '9', '8', '7', '6', '5', '4', '3', '2', '1', '0']
['307', '306', '305', '303', '301', '300', '299', '298', '297', '295', '294', '293', '292', '291', '290', '288', '287', '206', '188', '171', '164', '87', '86', '85', '84', '83', '82', '81', '80', '79', '78', '77', '76', '75', '74', '73', '72', '71', '70', '69', '68', '67', '66']
['411']
['404', '373', '372', '370', '369', '368', '367', '366', '365', '364', '363', '362', '361', '360', '359', '358', '357', '356', '355', '354', '353', '352', '247', '109', '108', '106', '105', '104', '103', '102', '101', '100', '99', '98', '97', '96', '95', '93', '92', '91', '90', '89', '88']
['253']
['398']
['392', '329', '328', '327', '326', '325', '324', '323', '321', '320', '319', '318', '317', '316', '314', '313', '312', '311', '310', '309', '308', '250', '197', '196', '195', '194', '190', '189', '187', '186', '185', '184', '183', '182', '181', '180', '179', '178', '177', '176']
['480', '417', '416', '415', '413', '412', '410', '409', '408', '407', '406', '405', '403', '402', '401', '399', '397', '396', '131', '130', '129', '128', '127', '126', '125', '124', '123', '122', '121', '120', '119', '118', '117', '116', '115', '114', '113', '112', '111', '110']
['414', '351', '350', '349', '348', '347', '346', '345', '344', '343', '342', '341', '340', '339', '338', '337', '336', '335', '334', '333', '332', '331', '330', '246', '193', '192', '94']
['286']
['219', '218', '217', '216', '215', '214', '213', '212', '211', '210', '209', '208', '207', '205', '204', '203', '202', '201', '200', '199', '198']
['435', '400', '395', '393', '391', '390', '389', '388', '386', '385', '384', '383', '381', '380', '379', '378', '377', '376', '375', '289', '241', '240', '239', '238', '237', '236', '235', '234', '233', '232', '231', '230', '229', '228', '227', '226', '225', '224', '223', '222', '221', '220', '191']
['449', '55', '50', '43', '42', '40', '39', '38', '37', '36', '35', '34', '33', '31', '30', '29', '28', '27', '26', '25', '24', '23', '22']
['483']
['461', '460', '459', '458', '457', '456', '455', '454', '453', '452', '451', '450', '448', '447', '446', '445', '444', '443', '442', '441', '440', '394', '387', '382', '374', '263', '262', '261', '260', '259', '258', '257', '256', '255', '254', '252', '251', '249', '248', '245', '244', '243', '242']
['371', '153', '152', '151', '150', '149', '148', '147', '146', '145', '144', '143', '142', '141', '140', '139', '138', '137', '136', '135', '134', '133', '132']
['464', '304', '302', '296', '173', '172', '170', '169', '168', '167', '166', '165', '163', '162', '161', '160', '159', '158', '157', '156', '155', '154', '65', '64', '63', '62', '61', '60', '59', '58', '57', '56', '54', '53', '52', '51', '49', '48', '47', '46', '45', '44']
