['280']
['62', '133', '438']
['71', '92', '142', '324', '332', '334', '3', '54']
['197', '342', '413', '136', '374', '146', '463']
['445', '208', '242', '475']
['283']
['59']
['78', '84', '145', '237']
['314']
['407']
['279', '120', '181', '206', '281', '375', '410', '486', '24', '166', '190']
['223']
['4', '23', '74', '91', '104', '472', '48', '193', '16', '38', '88', '319', '378', '132', '19', '139', '214', '301', '325', '33', '165', '352', '461']
['421', '169', '194', '219', '251', '307']
['388', '96', '419', '265', '286']
['224', '344', '365', '416', '443', '441', '340', '455', '384', '380', '292']
['449', '32', '63', '98']
['27', '230', '234', '376', '28', '45', '105', '235', '350', '144', '456', '149', '80', '161', '170', '485', '462', '52', '453', '7', '46', '8', '61', '124', '203', '244', '308', '315', '158', '444', '428', '128', '109', '176', '182', '297', '357', '14', '15', '17', '160', '287', '321', '385', '487', '430', '296']
['99', '356']
['153', '411']
['439', '72', '126', '178', '211', '276', '377', '467', '95', '347', '409', '454', '35', '348', '470', '73', '351']
['289', '209', '305', '354', '398', '129', '188', '271', '232', '220', '110', '184', '207', '326', '349']
['309']
['469', '42']
['259', '85', '335', '9', '49', '25', '50', '312', '429', '412', '431']
['47', '81', '121', '277']
['29', '198', '393', '130']
['100', '192']
['5']
['185']
['118', '436', '459']
['370']
['196']
['236', '471', '12', '366', '492', '493']
['97', '177']
['369', '387', '57', '82', '117', '495', '51', '175', '217', '361', '422', '20', '164', '300', '337', '405', '499', '58']
['345', '77', '86', '489', '302', '355', '476', '163', '155', '156', '452', '171']
['240']
['294']
['215', '491']
['186', '21', '168', '205', '246', '434']
['66', '87', '1', '53', '64', '253', '183', '226', '406', '90', '102', '148', '202', '247']
['55', '159', '258', '341', '397']
['498', '0', '138', '228', '371']
['189', '116', '134', '464']
['111']
['241', '396', '399']
['41']
['60', '125']
['76', '252']
['468']
['418', '494', '433', '392', '216', '113', '123', '127', '290', '10', '31', '285', '477', '478']
['284']
['310', '389']
['34', '39', '262', '37', '243', '250', '426']
['167', '30', '395', '424']
['394', '229', '401']
['135', '299', '338', '474', '200', '79', '465']
['75', '227', '331', '386']
['151', '317', '322', '353', '400', '482', '427', '26', '89', '346', '383', '420']
['112', '483', '172']
['122', '339', '107', '204', '402', '451', '272', '191', '460', '466', '248', '69', '94', '238', '446', '497']
['18']
['327']
['114', '106', '131', '303', '480']
['404', '180', '212', '257', '417']
['174', '239', '195', '268', '447', '256', '381']
['364']
['270']
['157', '291', '358']
['147', '304']
['152', '367']
['222', '260', '316', '329', '481']
['293']
['56', '254', '255', '288', '372', '440', '450', '408', '267']
['11', '115', '330', '457']
['40', '162', '423', '496']
['263']
['101', '484', '249', '336', '108', '150', '154', '360', '435']
['273']
['65', '432']
['187', '218', '320', '425']
['22', '275', '373']
['278', '282', '359', '403', '36', '490']
['269']
['437', '328', '140']
['448']
['221', '323', '333']
['2', '210', '264', '415']
['43', '201', '368', '274', '343', '391', '473', '6', '414', '479']
['141']
['68', '173', '179', '233', '318', '362', '458']
['93', '306', '379', '67', '295', '382', '390', '488', '266', '298', '245']
['13', '119', '143', '199', '225', '231', '311']
['70', '83']
['313', '442']
['261', '363']
['213', '137']
['44', '103']
