['11', '48', '53', '70', '109', '121', '158', '190', '191', '192', '194', '196', '198', '199', '200', '203', '235', '260', '265', '267', '279', '309', '333', '352', '391', '400', '420', '429', '440', '449']
['33', '88', '89', '90', '113', '115', '120', '148', '181', '204', '233', '300', '303', '353', '361', '469', '474', '485']
['467', '473', '477']
['21', '25', '36', '38', '46', '49', '110', '126', '129', '171', '174', '178', '180', '182', '184', '187', '193', '197', '248', '251', '276', '284', '390', '392', '408', '409', '410', '434', '447', '455']
['26', '28', '29', '30', '31', '34', '43', '72', '73', '74', '78', '140', '145', '168', '169', '172', '202', '239', '349', '360', '379', '436', '461', '471', '476', '479', '483', '491']
['107', '117', '156', '157', '244', '293', '295', '297', '298', '301', '302', '304', '305', '306', '307', '314', '329', '330', '331', '342', '346', '366', '382', '402', '403', '421', '422', '424', '428', '458']
['289', '355', '363', '462', '466', '470', '486']
['163', '478', '492']
['0', '1', '3', '4', '5', '6', '8', '9', '10', '12', '14', '15', '23', '57', '85', '186', '205', '206', '218', '219', '241', '242', '247', '250', '252', '256', '386', '415', '437', '450']
['58', '59', '60', '65', '67', '91', '112', '114', '119', '132', '138', '142', '150', '164', '179', '188', '195', '215', '223', '278', '286', '296', '315', '321', '362', '427', '430', '433', '442', '459']
['44']
['100', '189', '263', '316', '482']
['472', '490', '494']
['489']
['18', '116', '166', '175', '176', '185', '240', '243', '245', '246', '249', '253', '257', '258', '271', '275', '277', '280', '282', '283', '285', '287', '291', '374', '375', '460', '463', '465', '480', '495']
['52', '62', '64', '69', '75', '76', '86', '108', '122', '123', '124', '125', '128', '131', '133', '134', '135', '229', '288', '308', '334', '336', '389', '393', '394', '397', '406', '407', '454', '484']
['493']
['2', '7', '27', '41', '68', '84', '87', '94', '136', '137', '141', '146', '154', '159', '162', '211', '226', '230', '237', '238', '281', '332', '337', '405', '423', '432', '443', '451', '457', '481']
['127', '130', '149', '151', '183', '208', '221', '259', '261', '262', '264', '266', '268', '269', '270', '272', '273', '274', '328', '335', '339', '340', '341', '343', '344', '347', '356', '359', '444', '496']
['19', '24', '37', '40', '42', '45', '82', '106', '118', '143', '177', '225', '227', '231', '232', '234', '236', '255', '294', '313', '318', '323', '327', '383', '398', '399', '419', '439', '453', '456']
['13', '16', '17', '22', '32', '51', '55', '56', '93', '95', '96', '97', '101', '102', '165', '167', '201', '228', '322', '324', '325', '345', '348', '369', '372', '380', '381', '417', '446', '448']
['35', '47', '50', '54', '61', '80', '81', '83', '111', '147', '338', '354', '364', '365', '367', '368', '370', '371', '373', '376', '378', '385', '401', '404', '414', '426', '438', '441', '445', '452']
['39', '66', '79', '92', '98', '99', '104', '105', '144', '170', '207', '209', '210', '213', '214', '216', '217', '220', '222', '290', '350', '357', '358', '388', '396', '418', '425', '431', '475', '488']
['20', '63', '103', '139', '153', '155', '160', '161', '173', '212', '224', '254', '292', '299', '310', '311', '312', '317', '319', '320', '326', '351', '384', '387', '395', '411', '412', '413', '416', '435']
['71', '77', '152', '377', '464', '468', '487', '497', '498', '499']
