['124']
['167']
['1', '3', '9', '23', '24', '35', '100', '129', '164', '186', '233', '290', '358', '362', '396', '399', '417', '420', '428']
['313']
['247']
['67']
['12', '31', '65', '96', '102', '103', '120', '126', '253', '256', '288', '304', '373', '418', '419', '427', '444', '437', '461']
['20', '32', '44', '47', '53', '81', '97', '108', '245', '297', '345', '364', '368', '376', '409', '416', '425', '442', '494']
['13', '37', '43', '151', '223', '234', '249', '268', '284', '323', '331', '347', '382', '395', '431', '434', '448', '467', '480']
['39', '42', '52', '109', '150', '154', '156', '171', '252', '263', '318', '320', '322', '327', '363', '375', '378', '487', '490']
['26', '55', '68', '110', '133', '169', '173', '196', '220', '264', '265', '291', '299', '309', '328', '349', '361', '475', '496']
['295']
['180']
['17', '60', '70', '83', '107', '113', '121', '143', '175', '182', '195', '197', '216', '227', '289', '307', '390', '400', '432']
['30', '61', '85', '89', '92', '93', '87', '94', '98', '122', '183', '188', '212', '316', '324', '383', '393', '407', '413']
['424']
['157']
['446']
['387']
['112']
['11', '27', '90', '116', '176', '217', '228', '240', '243', '248', '257', '333', '359', '394', '426', '439', '458', '497', '499']
['4']
['33', '56']
['41', '86', '127', '174', '225', '230', '279', '303', '326', '335', '341', '385', '406', '450', '452', '453', '481', '482', '491']
['14', '19', '22', '71', '117', '160', '185', '189', '194', '198', '222', '294', '298', '329', '334', '352', '354', '412', '479']
['8', '40', '46', '88', '125', '205', '207', '208', '215', '238', '254', '255', '258', '321', '348', '353', '372', '374', '462']
['63', '69', '72', '73', '76', '104', '106', '161', '165', '168', '181', '190', '200', '210', '250', '287', '343', '388', '435']
['6', '7', '28', '29', '54', '77', '78', '105', '118', '153', '159', '235', '259', '311', '330', '386', '408', '457', '488']
['314']
['16', '21', '48', '59', '75', '128', '132', '141', '149', '162', '203', '204', '377', '391', '397', '471', '473', '477', '493']
['18', '66', '95', '123', '163', '193', '237', '239', '244', '270', '286', '301', '315', '317', '360', '398', '421', '451', '485']
['2', '82', '137', '142', '201', '236', '241', '231', '272', '338', '350', '370', '389', '384', '392', '401', '403', '465', '498']
['134', '170', '184', '206', '213', '218', '274', '285', '312', '332', '344', '380', '404', '430', '436', '441', '456', '470', '484']
['25', '62', '91', '101', '135', '179', '219', '266', '267', '273', '277', '280', '276', '306', '365', '366', '454', '460', '468']
['158']
['5']
['429']
['15', '36', '49', '80', '172', '192', '221', '260', '293', '308', '310', '319', '342', '371', '405', '410', '438', '476', '483']
['38', '45', '79', '84', '111', '114', '140', '146', '187', '211', '242', '246', '269', '283', '325', '340', '414', '443', '464']
['10', '34', '57', '74', '214', '261', '282', '296', '305', '337', '369', '423', '433', '440', '463', '469', '486', '489', '495']
['50', '51', '58', '64', '136', '138', '145', '148', '199', '226', '271', '302', '367', '379', '402', '411', '415', '445', '459']
['209']
['152']
['0', '119', '115', '166', '177', '178', '224', '229', '232', '251', '346', '355', '356']
['191']
['278', '336']
['147', '155', '275', '381', '449']
['447']
['339']
['99', '130', '131', '139', '144', '202', '262', '281', '292', '300', '351', '357', '422', '455', '466', '472', '474', '478', '492']
