['259', '260', '263', '264', '265', '288']
['1', '15', '20', '29', '64', '71', '78', '92', '99', '120', '127', '141', '155', '165', '225', '232', '246', '253', '274', '316', '322', '323', '324', '325', '327', '328', '344', '372', '386', '393', '400', '421', '435', '484']
['93', '136', '242']
['326', '463']
['5', '40', '75', '82', '89', '110', '145', '159', '161', '166', '167', '173', '180', '229', '231', '233', '234', '236', '243', '245', '248', '250', '251', '257', '271', '285', '292', '294', '295', '296', '298', '299', '306', '341', '397', '404', '406', '411', '412', '418', '453', '456', '460', '467', '473', '487']
['280', '281', '282', '283', '286', '452']
['119', '123', '125', '349', '357', '358', '359', '361', '362']
['118', '238', '239', '240', '241', '389']
['0', '2', '4', '206', '244']
['7', '9', '10', '11', '13', '109', '112', '114', '115', '154', '156', '158', '160', '273', '275', '278', '279']
['56', '57', '58', '61', '392', '394', '395', '398']
['140', '146']
['480']
['14', '16', '17', '18', '70', '72', '76', '116', '193', '348']
['172', '197', '276']
['74', '152', '189', '190', '194', '329', '331', '334', '335']
['35', '38', '39', '41', '188', '308', '309', '310', '312', '314', '442']
['363', '396']
['147', '148', '149', '332']
['34', '67', '247', '407', '481']
['37', '86']
['153', '336', '337', '340', '342', '470']
['49', '50', '55', '105', '106', '111', '184', '266', '267', '268', '269', '270', '272']
['42', '43', '47', '48', '182', '183', '186', '187', '350', '351', '353', '355', '370']
['168', '170', '171', '333', '338']
['230']
['90', '203', '204', '205', '208']
['65']
['12', '53', '447']
['107', '302']
['399', '401', '403', '405']
['32', '410']
['44', '163', '413', '415', '416', '417', '419', '422', '429', '455', '457', '458', '459']
['79']
['196', '198', '199', '201', '202']
['59', '373', '377', '483', '485', '486', '488', '489']
['26', '36', '175', '176', '177', '179']
['352', '434', '436', '438', '439', '491']
['21', '23', '24', '27']
['144', '490', '492', '495', '496']
['448', '450', '451']
['103', '174', '200', '223', '301', '303', '304', '307', '493']
['63', '66', '68', '69', '408', '441', '443', '445', '446', '454', '461']
['249', '252', '254', '255', '256', '258']
['221', '364', '365', '366', '367', '368', '369']
['169', '209']
['313', '385', '387', '390', '391']
['84', '85', '88', '142', '354', '414']
['22', '60', '339']
['51', '476', '477', '478', '482']
['8', '134', '305']
['62', '235', '330']
['117']
['121', '210', '211', '212', '213', '214', '215', '216']
['28', '30', '31', '33', '113']
['371', '375', '376']
['129', '343', '345', '347']
['6', '19', '185']
['25', '191', '195']
['54', '108']
['494']
['126', '130', '131', '132', '237', '449']
['3', '45', '52', '73', '77', '80', '81', '83', '87', '101', '122', '143', '150', '157', '164', '178', '192', '262', '284', '311', '318', '346', '360', '374', '381', '388', '402', '409', '437', '444', '465', '472', '479']
['128', '181', '261', '469', '471', '474']
['440']
['151']
['124', '462', '464', '466', '468']
['91', '94', '95', '96', '97', '133', '135', '137', '138', '139', '277', '287', '290', '291', '293', '380']
['320']
['46', '356', '427', '428', '430', '431', '432', '433']
['224', '226', '227', '228', '289', '475']
['98', '100', '102', '104']
['217', '218', '219', '220', '222', '297', '420', '423', '424', '425', '426']
['162', '207', '300', '315', '317', '319', '321', '378', '379', '382', '383', '384']
