['52', '56', '73', '100', '114', '136', '148', '164', '193', '206', '275', '277', '280', '293', '303', '305', '328', '331', '365', '383', '384', '409', '415', '417', '428', '436', '442', '481', '490', '497']
['42', '55', '64', '74', '79', '122', '138', '172', '183', '192', '203', '208', '251', '263', '274', '304', '330', '338', '342', '351', '368', '380', '406', '407', '438', '454', '458', '461', '466', '467']
['110', '198', '221', '223', '243', '333', '464']
['5', '27', '37', '61', '88', '91', '142', '157', '163', '178', '212', '236', '254', '264', '309', '311', '315', '317', '378', '398', '420', '448', '456', '479', '484', '491']
['15', '22', '54', '70', '76', '84', '101', '156', '177', '179', '184', '197', '224', '241', '245', '287', '312', '324', '337', '344', '356', '413', '441', '463', '476']
['10', '18', '24', '35', '78', '81', '92', '99', '107', '119', '120', '158', '218', '285', '302', '313', '358', '373', '374', '377', '382', '386', '394', '427', '435', '445', '477', '496']
['3', '23', '29', '38', '41', '49', '71', '86', '94', '113', '123', '124', '127', '155', '219', '234', '260', '261', '322', '323', '349', '353', '387', '404', '405', '421', '443', '470', '485', '498']
['13', '34', '51', '60', '65', '72', '82', '90', '97', '109', '125', '133', '152', '209', '210', '269', '281', '320', '326', '340', '381', '390', '400', '414', '419', '457', '472', '474', '475']
['0', '176', '352', '396']
['11', '17', '19', '39', '63', '77', '89', '98', '104', '118', '130', '146', '167', '182', '190', '268', '321', '325', '335', '371', '385', '395', '412', '416', '433', '455', '462', '471', '480', '486']
['7', '31', '53', '57', '102', '144', '165', '181', '187', '188', '199', '214', '225', '238', '278', '296', '316', '332', '334', '343', '366', '399', '422', '425', '430', '434', '440', '447', '453', '482']
['25', '44', '68', '95', '134', '139', '149', '174', '229', '267', '289', '300', '341', '355', '364', '369', '376', '401', '423', '432', '465', '473', '483', '488', '493', '495']
['2', '33', '46', '83', '140', '143', '169', '180', '205', '207', '237', '240', '244', '248', '255', '258', '270', '271', '282', '284', '295', '297', '298', '310', '314', '347', '348', '372', '389', '391']
['6', '9', '20', '21', '36', '85', '108', '141', '145', '150', '151', '170', '173', '196', '227', '235', '239', '257', '279', '290', '299', '327', '350', '370', '388', '392', '439', '446', '468', '499']
['14', '48', '62', '93', '106', '116', '121', '160', '175', '189', '211', '226', '228', '232', '246', '250', '252', '253', '283', '318', '362', '363', '367', '375', '444', '449', '451', '459', '478', '489']
['45', '50', '69', '112', '115', '135', '194', '201', '202', '222', '256', '266', '292', '306', '357', '379', '402', '424', '450', '492']
['30', '66', '154', '204', '272', '286', '308', '319', '339', '346', '487']
['1', '16', '26', '28', '32', '67', '96', '103', '111', '128', '129', '147', '171', '220', '262', '288', '294', '301', '354', '408', '410', '418', '431', '460', '494']
['8', '12', '43', '75', '80', '117', '132', '137', '159', '162', '168', '185', '186', '191', '200', '233', '249', '265', '273', '307', '345', '360', '361', '393', '397', '403', '411', '452', '469']
['4', '40', '47', '58', '59', '87', '105', '126', '131', '153', '161', '166', '195', '213', '215', '216', '217', '230', '231', '242', '247', '259', '276', '291', '329', '336', '359', '426', '429', '437']
