['25', '47', '76', '147', '149', '150', '159', '188', '239', '270', '306', '325', '378', '383', '404', '487']
['110', '114', '120', '235', '246', '250', '288', '343', '370', '372', '452', '454']
['41', '65', '68', '73', '115', '121', '131', '155', '168', '231', '281', '319', '326', '353', '371', '393', '396', '444', '447', '479']
['34', '52', '59', '119', '221', '255', '258', '260', '266', '271', '278', '291', '299', '349', '389', '410', '428', '449']
['4', '8', '20', '74', '85', '166', '183', '218', '373']
['1', '62', '66', '145', '180', '211', '226', '245', '268', '286', '296', '304', '335', '336', '354', '367', '429', '431', '477', '493']
['118', '285', '344', '411']
['42', '54', '57', '60', '101', '126', '138', '199', '200', '249', '254', '317', '321', '387', '412', '424', '427', '486', '497']
['88', '95', '108', '132', '140', '174', '179', '212', '222', '265', '277', '348', '360', '363', '364', '388', '390', '405', '482']
['6', '37', '48', '128', '243', '272', '309', '313', '358', '361', '368', '379', '394', '409', '438']
['3', '82', '91', '186', '209', '402', '423', '433']
['43', '153', '154', '236', '238', '287', '302', '374', '397', '399', '419', '440', '450', '464', '465', '480']
['7', '19', '21', '39', '100', '143', '146', '172', '175', '223', '228', '234', '264', '295', '307', '324', '352', '382', '391', '492']
['69', '92', '182', '207', '257', '275', '289', '292', '327', '337', '339', '345', '376', '384', '395', '416', '443', '446', '459']
['26', '28', '112', '135', '165', '167', '208', '216', '237', '359', '442', '462', '498']
['50', '61', '80', '97', '129', '134', '151', '157', '192', '217', '232', '262', '273', '303', '318', '346', '400', '415', '434', '468']
['12', '16', '18', '32', '40', '51', '83', '144', '219', '220', '229', '230', '269', '323', '351', '362', '439', '485', '490']
['104', '162', '191', '279', '290', '305', '320', '392', '403', '432', '445', '456', '470', '489']
['23', '55', '64', '86', '94', '102', '103', '111', '113', '152', '215', '240', '311', '338', '386', '441', '478']
['14', '38', '56', '58', '124', '156', '171', '189', '256', '263', '312', '315', '316', '366', '401', '474', '484', '494', '495']
['17', '45', '75', '78', '125', '177', '181', '187', '190', '196', '225', '233', '241', '267', '298', '300', '331', '350', '496']
['29', '53', '96', '109', '117', '163', '184', '198', '210', '213', '224', '283', '297', '381', '420', '422', '436', '466', '483']
['5', '67', '71', '77', '81', '185', '214', '242', '247', '308', '322', '334', '341', '407', '448', '457', '467', '472', '476', '481']
['11', '24', '84', '137', '148', '206', '227', '261', '274', '280', '282', '284', '330', '377', '385', '406', '418', '426', '430']
['36', '79', '105', '123', '130', '139', '141', '195', '202', '252', '259', '357', '365', '380', '414', '425', '435', '488', '491']
['10', '15', '27', '70', '122', '158', '160', '194', '203', '244', '310', '314', '329', '347', '369', '413', '421', '453', '461', '475']
['2', '13', '31', '93', '107', '142', '161', '201', '251', '332', '375', '398', '455', '469', '499']
['33', '46', '63', '90', '99', '116', '127', '170', '197', '204', '276', '333', '356', '417', '458']
['0', '22', '89', '136', '164', '169', '173', '176', '178', '205', '248', '328', '340', '355', '408', '437', '451', '463', '471', '473']
['9', '30', '35', '44', '49', '72', '87', '98', '106', '133', '193', '253', '293', '294', '301', '342', '460']
