['cmlcnuo', 'qgpciwf', 'sfjvtxw', 'zmgjecs', 'hwprfxd', 'nehlpbv', 'qifpupk', 'gceicua', 'nrctxxu', 'bwxgkld', 'njoxkmb', 'dqbtiaw', 'ehcdgdr', 'uekjkik', 'fhrabmr', 'roothgi']
['yssbhls', 'qufxqvh', 'labghhm', 'dnxxgal', 'vfebggx', 'hutontm', 'vuedrix', 'bolryno', 'bpbiuoh', 'urujvnn', 'xaawrda', 'rroxpwu', 'ksrplzq', 'jbhevly', 'vbcaiur', 'xdofsvh']
['hvnuihp', 'iuddtax', 'upzignf', 'jnfpvkg', 'goxywvb', 'fxswbii', 'eghatxl', 'bymyfhs', 'hxlagmh', 'puotspj', 'douqsoq', 'dtfwkrc', 'crzdxig', 'fzplaod', 'gbuoffj', 'wenwqgs']
['mlehrqr', 'vmrdoff', 'uwgeeaz', 'fdccgyr', 'nqmwwmz', 'bhbfrfj', 'oegoznu', 'aocuywp', 'alvvzcr', 'skvsmyl', 'fzsjvuk', 'jygmmrk', 'fgubrui', 'vkrrkcg', 'vvadaaj']
['uitiunf', 'glkfhro', 'bbevbps', 'ntanocw', 'ohgorzn', 'nlfhgdx', 'zexclum', 'ximpauw', 'rbpdoot', 'hncniof', 'nbhknmw', 'kvfjhzh', 'jxlxfoo', 'ulqqnrx', 'poyacsv', 'crclbim']
['coupfju', 'igtcqiv', 'laxdipx', 'jbockfp', 'qlgkouj', 'ulpkpaf', 'rqevvql', 'hlkffeh', 'dsvowko', 'kctacue', 'fufnjyf', 'upxaolv', 'djzcmeu', 'raymfyf', 'zxtfzys', 'dazkzcz']
['nvjeors', 'qqeafqd', 'jwpfwqz', 'ekbghpg', 'gmultvj', 'engjphl', 'wklasyt', 'zfqckzr', 'nkylhqw', 'ljxgjfb', 'egfbifk', 'apuclff', 'pkosxjv', 'oayxvdx', 'pnnzbti', 'gmqbbof']
['kolwqja', 'lpzhylm', 'cjyrens', 'gdkxxon', 'zrimkhj', 'drtgipl', 'kadvzfh', 'rnluyib', 'jhstklj', 'rxnxrbl', 'cewygrc', 'rqdjqiq', 'rljbssd', 'bwpwdoy', 'ymwwchd']
['nsjgubf', 'wznyiaw', 'ktyynlr', 'lfxhllc', 'gmapuez', 'eiuywkb', 'zhdvxfc', 'weondbg', 'cvokrsd', 'ypncztk', 'mtbiczg', 'ehfkaur', 'sfjkptj', 'lmgvnku', 'ljllxhw', 'ygoytty']
['npbmbcl', 'nndfzgt', 'lcmynyw', 'yiuitfo', 'xabjjff', 'tdrolvx', 'hqikiss', 'ojujfds', 'hnpufhr', 'vxktmpe', 'qxwwqfk', 'brpqwlx']
['xlypwfl', 'vowjmgf', 'qerzkir', 'werprzm', 'fhuqtfp', 'owgzpow', 'vogmqqe', 'pcdlpcz', 'vvjtuhb', 'jojnukl', 'dgvegls', 'ovyjjfm', 'jnwitwp', 'atfmxqs', 'kuhueyd']
['abxurqr', 'gdvcboj', 'qwcwszq', 'newswsl', 'eezxrdd', 'szriiex', 'kiwoauy', 'dmsftgx', 'jzqcfee', 'dpgzdmu', 'pwaalip', 'ynxyoyb', 'qimiqpx', 'ugpqnzn', 'wmodcaj', 'wlhpnux']
['efrtcpo', 'ytvwmpd', 'urudgpc', 'ciynmhw', 'noyikuy', 'xxradgz', 'azzpyql', 'tqjelgo', 'xuppdvy', 'asyegiw', 'dlfncva', 'wxbassh', 'aslzxho', 'ksjmenx', 'ljqttnn', 'zxlpndu']
['dtmsxwk', 'kpqzpfs', 'kjhsxww', 'egezjtl', 'vvwlixv', 'lucqgzc', 'omyynfi', 'yoqrhdw', 'emvhlci', 'clcozil', 'uckdnaa', 'awftunn', 'vwcmgzh', 'idyyroc', 'lpzovzo', 'ndqmeid']
['vshvlic', 'pjsyeez', 'edebgoj', 'jmjdmxv']
['upucitb', 'yvvwjem', 'etkmfom', 'jaikykc', 'pojnkue', 'zvuccyi', 'ozoxsck', 'jigaagt', 'ptpmisy', 'hlruggb', 'wqohgce', 'atvqyki', 'afvpuoz']
['ckbpvbd', 'ueyjznc', 'dubzmmn', 'ylscqcm', 'xsjadss', 'bvvitzv', 'pxgrikq', 'joerrak', 'odoqgfk']
['grhnknx', 'ngznfds', 'ptcbphe', 'uckaokp', 'ktqbsnt', 'crmjrbf', 'opcamxc', 'kzgbgcg', 'mqwftjq']
['emqikpe', 'bkrlzdx', 'whaalyx', 'owvackd', 'jgbbizt', 'bundjpw', 'tjcagrq', 'vrvkaaa', 'vahwsck', 'wellvsr', 'oqqfikf', 'szlzdlt', 'bxtdbjc', 'ftbfwum', 'ylnttkr']
['ofsoyop', 'rbwdwlz', 'fhflmkc', 'rorsdzp', 'vjpstks', 'hylhzqr', 'sgrvtpg', 'otmayxy', 'nrplxxf', 'tgshqis', 'frxrjcw', 'mltjlsu', 'hscfpsc', 'lqjdzbc', 'znskrzx']
['gnlcixq', 'mmsicju', 'iiybggp', 'jdufzkb', 'olzxpzb', 'xcjwaaa', 'momhmut', 'mbrlttj', 'pcrzoox', 'uuqtrnp', 'aenkmpt', 'reolqff', 'dpmxdni', 'shztxik']
['bnyrwnb', 'sfzipfj', 'aytcnpm', 'korcvcx', 'ydirvrp', 'mnxptfo', 'qhwwalp', 'axxwrug', 'sieoave', 'thidksk', 'acgwdsb', 'qccnlus', 'cjhldsy']
['tjtezbn', 'spgwzqj', 'yfabxdu', 'kuwyrgr', 'jtkovjl', 'mcirxcd', 'jcoguvu', 'pmckuxh', 'igvkuru', 'cutedox', 'bnuxlph', 'aowxwvx', 'wjosnfy', 'huwkfqk']
['aadjodd', 'mqeymdi', 'mclspox', 'xxqfkzr', 'ipxjgfz', 'oikctcj', 'uhhhxgy', 'sipicas', 'hrmwoaf', 'lehooqa', 'nzhlxzk', 'qavmxlu', 'dcysunk']
['adzdoyj', 'jplsynx', 'zxijrwr', 'okdlbya', 'wdahnhw', 'quaahkj', 'ljxjare', 'pvwdbuk', 'uahwspd', 'huzgikq', 'mbzuntj', 'upgszso', 'gevooyy', 'itivxup', 'jrguwdk', 'joqmipo']
['kitxrio', 'iudsrjy', 'zrhphdg', 'ebexhbz', 'rfhgsrd', 'rxngmkt', 'xxhgtbs', 'tfsfpnw', 'yqtlogi', 'mgtzswf', 'fieuife', 'mtrmooo', 'liqhklu', 'jivtfds']
['dwfazac', 'mirwseo', 'ultrowi', 'capkmzr', 'ypwfljl', 'nbftfsb', 'bfonhts', 'amfrehb', 'ebtqhua', 'hfzbxzo']
