['163']
['14', '21', '34', '35', '36', '37', '42', '44', '52', '61', '71', '78', '95', '116', '123', '124', '131', '154', '158', '161', '165', '173', '177', '183', '194', '196', '197', '211', '214', '229', '247', '258', '271', '283', '289', '291', '293', '295', '299']
['185']
['4', '198', '204', '252', '254', '259']
['7', '16', '22', '28', '46', '56', '67', '73', '79', '94', '101', '113', '133', '140', '147', '148', '168', '171', '174', '176', '180', '181', '187', '199', '200', '212', '225', '227', '232', '251', '256', '260', '263', '264', '273', '278', '286', '288', '296']
['2', '17', '19', '41', '47', '50', '65', '66', '83', '89', '90', '91', '92', '93', '96', '111', '132', '139', '142', '145', '146', '166', '170', '175', '179', '184', '186', '208', '230', '253', '266', '270', '272', '277', '282', '285', '287', '294', '297']
['141', '162', '231']
['15', '18', '25', '31', '38', '51', '53', '58', '70', '77', '80', '87', '97', '100', '104', '109', '110', '130', '155', '164', '169', '178', '188', '191', '192', '201', '233', '238', '243', '244', '246', '250', '268', '279', '281', '284', '292', '298']
['43', '117', '121']
['30', '54', '62', '88', '107', '125', '160', '167', '189', '190', '193', '210', '222', '226', '234', '235', '236', '239', '240', '241', '257', '290']
['122']
['118']
['129']
['13', '20', '33', '55', '60', '68', '126', '134', '216', '218', '219', '220', '221', '223', '249', '261', '267', '280']
['8', '9', '11', '27', '248']
['1', '5', '156']
['85']
['127', '149']
['23', '39', '40', '48', '81', '82', '84', '86', '105', '108', '112', '115', '119', '182', '202', '206', '213', '237', '269', '276']
['10']
['99', '102', '103', '262']
['228']
['72', '74']
['203', '205']
['45']
['245']
['75', '242']
['63', '64', '69', '144', '150', '151', '152']
['26']
['0', '3', '6', '12', '24', '29', '32', '49', '57', '59', '76', '98', '106', '114', '120', '128', '135', '136', '137', '138', '143', '153', '157', '159', '172', '195', '207', '209', '215', '217', '224', '255', '265', '274', '275']
