['HB', 'DB']
['IG', 'KP']
['FK', 'KT', 'IL', 'BI', 'EN', 'DF', 'GN', 'LG', 'SD', 'FO']
['QU']
['CA', 'K', 'KO', 'GS', 'QJ', 'IT', 'CY', 'FD', 'NW', 'RN']
['KH', 'HS', 'OF', 'FA']
['DH']
['PK', 'EJ', 'OV', 'KG', 'RI', 'JQ', 'QD', 'PO']
['KE', 'DK', 'GJ', 'MN', 'RZ', 'DW', 'JZ', 'JX']
['NM']
['W']
['HJ', 'EU', 'RD']
['OB', 'MH']
['PZ', 'NP', 'MG', 'JH', 'MM', 'CO']
['NX', 'GW', 'FU', 'CL', 'LD', 'GD', 'R']
['KX', 'MX', 'EP', 'OU', 'BN', 'N', 'FW', 'IN', 'HV']
['LS', 'HM', 'BF', 'OZ']
['OR']
['RW', 'KI', 'HW', 'RM', 'CE', 'IR', 'BD', 'PE', 'RX']
['CN']
['NV', 'TF', 'NO', 'BZ', 'IP', 'FH', 'JJ', 'EM', 'IZ']
['MU', 'KA', 'II', 'IQ', 'OE', 'JN', 'LR', 'HX', 'RO', 'QZ']
['FY', 'Z', 'OS', 'CP', 'NI', 'RR', 'GE', 'Q', 'HU']
['TB', 'EO']
['LW', 'PU', 'A', 'CR', 'GQ', 'HT', 'EY', 'ED', 'LP']
['CD', 'PY', 'IY', 'ON', 'MI', 'BR', 'JI', 'PB', 'LO', 'J']
['ND', 'JD', 'JV']
['CQ', 'BL', 'PL', 'LB']
['KD']
['X', 'Y', 'MW', 'H', 'RV', 'SF', 'GP', 'NN', 'HL', 'QC']
['OP', 'OD', 'P', 'NT', 'BY', 'KK', 'EC', 'NE', 'HK', 'D']
['MA', 'CB']
['JF', 'PT']
['F']
['FQ']
['QH']
['FS', 'DP', 'RP', 'PA', 'BU']
['MT', 'MJ', 'BQ', 'NL', 'SE', 'OO', 'SR', 'TD', 'CK']
['DG']
['IO']
['DT']
['EV', 'NJ', 'SG', 'CF', 'PD', 'HO', 'EE', 'HD', 'SB']
['SY']
['RK', 'ER']
['EW', 'CC', 'FJ', 'RG', 'PQ', 'CW', 'JC', 'LX', 'IC', 'QN']
['LK', 'OY', 'SH', 'RQ', 'FE', 'KQ', 'LZ', 'T', 'OM']
['NY']
['RE', 'HI', 'HP', 'PV', 'DZ', 'M', 'EK']
['SP', 'MZ', 'SO', 'GO', 'BO', 'FZ', 'MP']
['QG', 'SC', 'DC', 'FF', 'ME', 'BK', 'NR', 'HQ', 'DQ', 'BP']
['HG']
['LI', 'OG', 'KZ', 'BE', 'HE', 'SN', 'JS', 'C', 'NH']
['SJ']
['OC', 'BA', 'LU', 'MK', 'QQ', 'ES', 'SK', 'GT', 'OT', 'GF']
['JW', 'CT']
['FP']
['PG']
['LH', 'MV', 'B']
['IW', 'RY']
['JA', 'MO', 'SU', 'BB', 'IF', 'BV', 'KL', 'ML', 'E']
['SV', 'PN', 'QI', 'FX']
['BJ', 'JG']
['QT', 'DD', 'OQ', 'GX', 'LA', 'NK', 'BX', 'IV', 'QP', 'DA']
['EF', 'HY', 'DI', 'PH', 'FL', 'PW', 'FN', 'TC']
['PJ']
['JY', 'EL', 'O', 'QA', 'FT', 'DE', 'NB', 'EX', 'JO', 'MC']
['BM', 'KR', 'IK', 'RB', 'FB', 'SS', 'FV', 'KS']
['OW']
['MF', 'IS', 'HN']
['GH', 'G', 'HC', 'LQ', 'EZ', 'GC', 'LL']
['JK', 'BS', 'RF', 'OJ', 'PM', 'JL', 'SI', 'GK']
['GR', 'NC', 'QW', 'V', 'NS', 'EB', 'RT', 'KU', 'FR', 'KN']
['MD']
['GV', 'LT', 'LY', 'BW', 'BG', 'KB', 'DR', 'NA', 'CG', 'CS']
['CH', 'GY']
['JU', 'ST', 'GA', 'RC', 'BC', 'FC', 'LC', 'IM', 'TE', 'KC']
['OH', 'OK', 'KW', 'JT', 'HF', 'HR']
['JB', 'NZ', 'GM', 'CZ', 'NF', 'RL']
['MY', 'FI', 'QS', 'PF', 'L']
['EG', 'EQ']
['PI']
['TA', 'LE', 'JM', 'IE', 'LM', 'DL']
['KM', 'SL', 'HH', 'GG', 'OX', 'ID', 'ET', 'IU', 'QF', 'EA']
['RJ']
['LN']
['DV', 'KV', 'SQ', 'FM', 'DJ', 'BT', 'QB', 'PC', 'HZ', 'QE']
['SX']
['KJ', 'I', 'FG', 'DM', 'CM', 'QR', 'HA', 'DU', 'PR']
['GB', 'GI', 'LV', 'CJ', 'IH', 'QM', 'JE', 'CX', 'KF', 'QL']
['DY']
['DS', 'MB', 'DX', 'QX', 'PS', 'OL', 'PX', 'IA', 'QY', 'GZ']
['S']
['RH', 'NG', 'NU', 'SZ', 'OI', 'RA', 'IJ', 'RS', 'DN', 'JR']
['MQ']
['IX']
['CI', 'DO', 'CU', 'KY', 'QV', 'U', 'SW', 'EI', 'MR']
['OA', 'GU', 'IB', 'PP', 'MS', 'LJ']
['RU']
['SM', 'BH', 'QK', 'EH', 'GL', 'JP', 'NQ', 'QO', 'LF', 'SA']
['CV']
