['0', '19', '23', '29', '37', '59', '79', '84', '103', '104', '126', '141', '147', '167', '180', '204', '209', '232', '246', '254', '284', '288', '359', '364', '398', '410', '433', '453', '495']
['1', '11', '22', '28', '97', '149', '193', '200', '210', '214', '218', '235', '250', '257', '274', '280', '338', '339', '367', '392', '407', '412', '437', '441', '468', '480', '483', '493', '499']
['25', '32', '82', '83', '86', '92', '110', '117', '124', '136', '171', '172', '206', '243', '248', '263', '390', '439', '481', '482']
['85', '99', '125', '134', '151', '168', '179', '185', '195', '199', '225', '247', '251', '266', '272', '279', '291', '320', '329', '351', '365', '373', '428', '435', '447', '460', '470']
['3', '10', '16', '51', '55', '64', '87', '111', '113', '139', '142', '143', '154', '212', '217', '227', '237', '252', '255', '278', '304', '360', '362', '372', '381', '417', '419', '452', '469', '478']
['80', '130', '153', '281', '283', '286', '305', '327', '416', '457', '476']
['33', '48', '50', '53', '94', '119', '137', '163', '190', '213', '226', '229', '231', '242', '269', '270', '292', '298', '333', '336', '348', '352', '368', '380', '399', '402', '403', '415', '431', '445']
['5', '34', '45', '88', '95', '105', '120', '127', '132', '176', '188', '201', '208', '221', '258', '267', '285', '289', '307', '313', '324', '328', '343', '356', '383', '386', '394', '413', '472', '490']
['9', '13', '43', '46', '91', '115', '169', '173', '238', '303', '321', '331', '337', '350', '379', '382', '391', '406', '434', '442', '446', '479']
['17', '21', '35', '40', '44', '60', '65', '69', '73', '93', '101', '109', '146', '162', '165', '177', '178', '198', '240', '290', '294', '297', '349', '409', '411', '462', '463', '475', '486', '491']
['20', '27', '61', '81', '90', '164', '174', '207', '260', '424', '443', '444', '459']
['24', '39', '42', '96', '107', '183', '184', '191', '244', '265', '271', '302', '316', '322', '369', '376', '395', '397', '408', '422', '432', '448', '454', '498']
['15', '38', '41', '62', '77', '123', '145', '181', '222', '228', '309', '318', '319', '340', '342', '347', '363', '375', '384', '388', '405', '414', '426', '449', '458', '471', '489']
['4', '6', '7', '57', '71', '76', '78', '135', '155', '157', '159', '170', '186', '233', '261', '273', '293', '300', '301', '312', '330', '335', '345', '393', '396', '404', '418', '451', '494']
['2', '12', '14', '30', '52', '63', '67', '106', '150', '166', '175', '187', '192', '211', '216', '234', '239', '275', '276', '308', '315', '317', '325', '341', '344', '357', '465', '466', '487', '497']
['18', '31', '74', '128', '129', '148', '152', '160', '161', '196', '203', '205', '245', '334', '354', '358', '370', '389', '421', '427', '436', '438', '450', '464', '467', '473', '484', '492', '496']
['58', '72', '138', '158', '182', '230', '256', '311', '326', '353', '355', '366', '371', '456']
['26', '36', '68', '70', '112', '114', '118', '121', '122', '133', '194', '197', '202', '224', '262', '268', '282', '296', '332', '361', '374', '400', '425', '430', '440', '461', '477', '488']
['56', '66', '75', '100', '108', '140', '156', '189', '259', '264', '310', '314', '346', '377', '378', '423', '429', '455', '485']
['8', '47', '49', '54', '89', '98', '102', '116', '131', '144', '215', '219', '220', '223', '236', '241', '249', '253', '277', '287', '295', '299', '306', '323', '385', '387', '401', '420', '474']
