['79']
['9']
['18', '64', '78', '92', '100', '111', '116', '121', '200', '205', '230', '238', '254', '266', '337', '363', '380', '388', '390']
['336']
['270']
['375']
['36']
['186']
['346']
['77']
['198']
['391']
['87']
['16', '80', '157', '234', '249', '313', '329', '372', '396']
['365']
['151']
['212']
['333']
['43']
['3', '23', '26', '49', '61', '72', '74', '75', '83', '90', '122', '123', '143', '149', '160', '178', '179', '192', '196', '202', '203', '224', '244', '251', '255', '256', '267', '273', '287', '293', '305', '307', '308', '312', '322', '327', '378', '382', '383', '393']
['226']
['27']
['283']
['118']
['221']
['184']
['295']
['167']
['384']
['264']
['63']
['10', '12', '21', '34', '46', '48', '52', '53', '57', '59', '81', '84', '89', '96', '99', '104', '109', '113', '125', '134', '146', '161', '163', '164', '166', '172', '185', '201', '220', '222', '225', '229', '236', '248', '262', '265', '272', '281', '282', '284', '286', '298', '328', '330', '331', '334', '367', '373', '379', '392']
['227']
['159']
['76']
['369']
['153']
['51']
['33']
['302']
['193']
['190']
['232']
['4']
['69']
['1']
['354']
['207']
['154']
['259']
['183']
['124']
['24']
['13', '15', '31', '35', '40', '66', '73', '85', '86', '88', '93', '98', '102', '105', '133', '140', '162', '171', '174', '210', '211', '213', '218', '245', '269', '271', '285', '304', '326', '345', '348', '357', '366']
['321', '370']
['114']
['194']
['145']
['128']
['5']
['228']
['135']
['195']
['137']
['310']
['106']
['97']
['358']
['258']
['142']
['279']
['351']
['68']
['315']
['214']
['147']
['395']
['294']
['349']
['129']
['237']
['130']
['32']
['182']
['0', '2', '19', '22', '25', '28', '30', '54', '55', '56', '62', '94', '110', '117', '138', '148', '156', '165', '170', '173', '175', '176', '199', '216', '217', '219', '231', '242', '274', '278', '288', '291', '297', '301', '317', '318', '320', '325', '338', '340', '343', '347', '350', '352', '371', '376', '377', '381', '385', '397']
['243']
['342']
['263']
['60']
['108']
['50']
['95']
['241']
['38']
['71']
['82']
['332']
['39']
['6']
['168']
['324']
['290']
['101']
['131']
['386']
['399']
['277']
['368']
['197']
['47']
['355']
['103']
['107']
['44']
['127']
['250']
['268']
['177']
['252']
['8', '14', '17', '41', '45', '65', '67', '91', '115', '119', '136', '139', '141', '150', '152', '155', '169', '181', '187', '188', '189', '191', '209', '215', '233', '235', '239', '246', '253', '257', '261', '275', '280', '289', '296', '299', '306', '309', '314', '323', '335', '339', '344', '353', '356', '359', '362', '374', '389', '398']
['158']
['303']
['42']
['300']
['20']
['112']
['311']
['292']
['206']
['37']
['7']
['126']
['394']
['360']
['364']
['58']
['29']
['120']
['247']
['341', '387']
['319']
['11']
['223']
['276']
['361']
['70']
['144']
['316']
['204']
['132', '180', '208', '240', '260']
