['202']
['118', '154', '328', '498', '350', '124', '87', '447', '296', '189', '306', '98', '234', '303', '21', '424', '48', '185']
['207']
['260']
['343']
['187', '192', '217', '293', '106', '156', '84', '22', '331', '381', '439', '40', '311', '181', '12', '135', '105', '71']
['69', '183', '56', '478', '2', '353', '358', '428', '376', '480', '357', '78', '386', '482', '354', '143', '300', '458']
['4', '75', '113', '216', '266', '191', '273', '378', '42', '95', '110', '158', '195', '224', '263', '211', '218', '349']
['166']
['7', '13', '67', '160', '237', '249', '77', '126', '294', '492', '443', '43', '96', '178', '348', '145', '279', '174']
['317']
['11', '86', '94', '360', '5', '398', '418', '209', '243', '315', '473', '228', '239', '25', '205', '380', '286', '396']
['61', '244', '437', '165', '148', '26', '351', '57', '347', '371', '63', '59', '138', '173', '401', '496', '38', '394']
['261', '461', '64', '128', '130', '275', '419', '231', '427', '62', '404', '27', '85', '446', '66', '312', '79', '307']
['104', '35', '449', '45', '184', '136', '101', '486', '414', '450', '223', '292', '431', '116', '153', '99', '454', '186']
['44']
['285']
['301', '335', '369', '155', '210', '232', '327', '93', '305', '488', '451', '340', '489', '490', '241', '253', '152', '29']
['89']
['72', '111', '384', '433', '329', '363', '422', '3', '65', '121', '150', '440', '460', '374', '125', '6', '190', '365']
['257', '213', '321', '80', '107', '200', '333', '344', '227', '389', '176', '479', '456', '390', '212', '168', '356', '322']
['391', '395', '199', '309', '88', '330']
['477']
['332']
['47']
['52', '120', '146', '345', '387', '445', '73', '122', '272', '290', '411', '245', '188', '295', '385', '426', '10', '412']
['60', '112', '487', '92', '308', '370', '278', '8', '41', '229', '304', '115', '254', '339', '494', '399', '149', '167']
['0', '49', '252', '338', '362', '382', '407', '432', '18', '9', '334', '476', '208', '483', '423', '251', '17', '91']
['264']
['415']
['23', '240', '259', '30', '436', '147', '219', '323', '324', '230', '474', '198', '297', '468', '236', '32', '400', '114']
['31', '81', '164', '169', '203', '310', '250', '175', '373', '119', '267', '163', '220', '444', '139', '268', '142', '299']
['280', '442', '270', '277', '430', '453', '470', '495', '179', '346', '129', '151', '316', '409', '497', '248', '140', '127']
['475']
['282']
['367']
['314']
['161']
['37', '194', '459', '361', '392', '132', '123', '180', '491', '34', '397', '337', '410', '28', '281', '467', '108', '291']
['265']
['1', '341', '421', '177', '215', '403', '336', '15', '24', '226', '355', '131', '242', '82', '36', '50', '326', '287']
['70', '283', '325', '471', '225', '388', '201', '159', '271']
['434']
['464']
['196']
['222', '137', '393', '469', '157', '379', '465', '269', '109', '103', '402', '457', '319', '383', '493', '74', '438', '463']
['289', '364', '408', '484', '499', '372', '368', '53', '320', '420', '441', '97', '14', '425', '472', '16', '204', '452']
['274', '284', '141', '162', '193', '171', '197', '405', '416', '39', '466', '134', '172', '133', '481', '182', '19', '313']
['342']
['117', '359', '83', '413', '352', '246', '318', '448', '485', '20', '76', '90', '102', '144', '429', '366', '51', '238']
['377']
['298']
['214']
['170', '288', '406', '256', '375', '455', '435', '462', '262', '206', '247', '302', '33', '68', '258', '235', '255', '55']
['58', '233']
['276', '46', '221', '417']
['54']
['100']
