['158', '171', '187', '203', '216', '254', '259', '262', '266', '271', '275', '278', '289', '428', '443', '473']
['69', '70', '74', '75', '76', '77', '78', '79', '81', '82', '91', '92', '93', '94', '95', '97', '108', '142', '145', '146', '148', '151', '153', '155', '156', '157', '159', '160', '163', '166']
['184', '200', '210', '214', '230', '232', '233', '235', '252', '261', '270', '279', '292', '457']
['345', '347', '350', '352', '356', '357', '358', '359', '360', '363', '364', '365', '366', '368', '369', '373', '400', '403', '424', '425', '426', '430', '432', '433', '435', '436', '439', '440', '444', '447']
['43', '44', '46', '47', '48', '49', '50', '51', '54', '55', '56', '60', '68', '72', '83', '116', '119', '121', '123', '127', '128', '129', '130', '131', '134', '135', '136', '139', '140', '227']
['327', '328', '329', '331', '335', '337', '339', '341', '342', '344', '346', '349', '351', '353', '354', '361', '362', '390', '395', '396', '398', '399', '401', '416', '417', '418', '419', '420', '422', '423']
['298', '300', '302', '303', '307', '308', '310', '311', '312', '313', '314', '315', '316', '320', '322', '324', '326', '475', '476', '477', '478', '480', '481', '482', '483', '484', '485', '487', '488', '490']
['161', '162', '167', '193', '201', '206', '209', '224', '225', '229', '234', '238', '263', '277', '427', '453', '465', '486', '489']
['372', '374', '376', '377', '378', '379', '380', '382', '383', '384', '385', '386', '388', '389', '392', '410', '413', '421', '429', '434', '437', '438', '441', '442', '446', '448', '450', '468', '469', '471']
['218', '242', '243', '245', '260', '264', '272', '282', '431', '479']
['120', '149', '165', '169', '202', '205', '213', '236', '241', '257', '265', '267', '268', '273', '280', '452', '474']
['57', '58', '59', '61', '63', '64', '65', '66', '67', '71', '73', '86', '88', '89', '90', '96', '115', '122', '124', '125', '132', '133', '137', '141', '143', '144', '147', '150', '152', '154']
['294', '295', '296', '297', '299', '301', '304', '305', '306', '309', '370', '371', '375', '381', '387', '391', '449', '451', '454', '455', '456', '459', '460', '461', '462', '463', '464', '466', '467', '470']
['317', '318', '319', '321', '323', '325', '330', '332', '333', '334', '336', '338', '340', '343', '348', '355', '367', '393', '397', '402', '404', '405', '406', '407', '408', '409', '411', '412', '414', '415']
['117', '181', '199', '217', '220', '221', '248', '250', '251', '269', '288', '394', '445']
['17', '21', '23', '25', '34', '35', '37', '39', '40', '41', '45', '52', '53', '62', '80', '84', '85', '87', '98', '103', '104', '105', '106', '107', '109', '111', '112', '113', '114', '118']
['7', '13', '18', '19', '20', '22', '24', '26', '27', '28', '29', '30', '31', '32', '33', '36', '38', '42', '99', '100', '101', '102', '110', '178', '190', '191', '192', '194', '195', '196']
['197', '198', '208', '212', '219', '222', '223', '231', '237', '239', '240', '246', '255', '274', '281', '284', '285', '286', '287', '290', '291', '293']
['0', '1', '2', '3', '4', '5', '6', '8', '9', '10', '11', '12', '14', '15', '16', '164', '168', '170', '172', '173', '174', '175', '176', '177', '179', '182', '183', '185', '188', '189']
['126', '138', '180', '186', '204', '207', '211', '215', '226', '228', '244', '247', '249', '253', '256', '258', '276', '283', '458', '472']
