['109', '339', '337', '336', '186', '19', '18', '323', '161', '287', '112', '221', '155', '159']
['232', '22', '379', '174', '203', '204', '129', '369', '386', '389', '64', '357', '355', '284', '59', '117', '110', '300', '154', '158']
['108', '235', '144', '149', '133', '132', '28', '374', '82', '247', '246', '209', '387', '251', '211', '266', '119', '302', '225', '156', '40', '5']
['103', '36', '331', '238', '237', '375', '88', '243', '170', '121', '124', '318', '315', '362', '383', '226', '224']
['340', '106', '31', '37', '94', '146', '145', '142', '24', '373', '242', '185', '15', '207', '71', '125', '65', '358', '289', '286', '262', '111', '228', '47', '43']
['343', '349', '274', '101', '104', '39', '38', '147', '148', '130', '134', '171', '189', '79', '367', '363', '384', '254', '167', '283', '260', '264', '269', '55', '57', '118', '301', '304']
['298', '293', '191', '273', '100', '34', '335', '95', '97', '231', '1', '143', '140', '81', '84', '7', '178', '180', '360', '380', '258', '162', '353', '261', '229', '41']
['197', '271', '272', '338', '6', '136', '249', '321', '327', '202', '123', '319', '385', '165', '58', '305', '391']
['193', '32', '330', '26', '370', '245', '244', '126', '127', '359', '281', '56', '227', '220']
['344', '299', '236', '131', '138', '12', '326', '201', '388', '252', '257', '169', '4', '115', '398', '48']
['345', '195', '196', '190', '105', '233', '21', '400', '176', '128', '313', '310', '60', '168', '356', '214', '280', '282', '265', '50', '53', '303', '307', '390', '44']
['92', '230', '141', '25', '395', '394', '83', '175', '173', '172', '2', '314', '69', '217']
['98', '139', '85', '248', '183', '16', '75', '68', '122', '364', '9', '212', '54', '114', '49', '45']
['346', '192', '275', '30', '80', '86', '177', '10', '329', '365', '215', '218', '51', '306']
['296', '295', '291', '270', '278', '91', '137', '23', '396', '181', '184', '322', '328', '120', '317', '382', '256', '255', '160', '351', '213', '113', '308', '399', '46', '42']
['292', '276', '33', '90', '93', '96', '392', '240', '325', '368', '352', '288', '263', '268', '152']
['347', '341', '342', '290', '277', '107', '87', '241', '253', '187', '11', '13', '14', '324', '76', '316', '259', '163', '210', '222']
['294', '194', '279', '334', '333', '239', '376', '393', '200', '77', '74', '72', '312', '366', '381', '285', '116', '151']
['297', '102', '35', '332', '27', '29', '378', '371', '89', '397', '179', '182', '62', '320', '208', '78', '8', '311', '3', '361', '250', '166', '354', '216', '52', '309', '157']
['348', '199', '198', '99', '234', '135', '20', '372', '377', '188', '17', '205', '206', '73', '70', '61', '66', '67', '164', '350', '219', '267', '63', '223', '150', '153']
