['2', '39', '74', '84', '114', '157', '173', '226', '320', '390']
['26', '32', '122', '131', '154', '174', '196', '216', '219', '327', '355', '384']
['6', '14', '20', '38', '52', '160', '195', '252', '268', '272', '306', '333']
['48', '96', '111', '132', '148', '214', '276', '309', '337', '360', '378', '395']
['8', '77', '101', '115', '133', '134', '175', '305', '308', '310', '336', '381']
['58', '95', '153', '165', '211', '292', '328', '334', '376', '399']
['19', '51', '79', '192', '202', '225', '331', '345', '352', '372', '375', '385']
['89', '147', '222', '227', '259', '296', '317', '342', '367', '386']
['121', '158', '163', '204', '209', '233', '279', '299', '357', '361']
['35', '49', '50', '99', '152', '191', '220', '228', '230', '282', '373', '387']
['34', '72', '90', '142', '150', '170', '178', '231', '234', '245', '366']
['1', '3', '22', '43', '69', '81', '189', '213', '232', '294']
['23', '57', '123', '136', '143', '169', '224', '258', '314', '356', '369', '393']
['25', '40', '45', '108', '130', '155', '176', '293', '300', '343', '347']
['253']
['29', '73', '106', '112', '124', '137', '144', '208', '240', '241', '365', '382']
['103', '205', '206']
['75', '102', '113', '190', '251', '256', '304', '346', '359', '368', '370']
['4', '28', '64', '76', '82', '107', '140', '182', '246', '288', '311', '400']
['9', '11', '13', '18', '41', '117', '138', '199', '338', '350', '394']
['201', '302']
['47', '118', '120', '164', '238', '244', '330', '362', '383', '388', '396']
['267']
['5', '62', '68', '183', '185', '236', '274', '351']
['55', '70', '87', '146', '194', '207', '218', '257', '277', '287', '364']
['30', '37', '53', '67', '161', '184', '203', '243', '262', '265', '273', '363']
['15', '56', '83', '125', '149', '159', '166', '186', '229', '270', '326']
['7', '17', '80', '93', '187', '188', '223', '275', '301', '307', '323', '325']
['33', '85', '100', '105', '171', '221', '242', '250', '290', '303', '312', '354']
['86', '92', '104', '128', '181', '212', '264', '313', '315', '316', '397']
['12', '54', '71', '127', '162', '217', '260', '278', '291', '329', '349', '374']
['44', '94', '141', '145', '179', '200', '248', '263', '281', '332', '380']
['61', '91', '110', '167', '172', '177', '295', '319', '377', '398']
['10', '24', '109', '135', '193', '197', '249', '255', '283', '284', '335', '358']
['129', '139', '156', '198', '261', '271', '321', '339', '348', '353', '371', '391']
['42', '65', '116', '180', '215', '269', '318', '340', '341', '379']
['21', '31', '36', '63', '88', '239', '266', '280', '285', '289', '298', '392']
['66', '235', '254']
['27', '46', '78', '119', '126', '151', '168', '237', '286', '297']
['0', '16', '59', '60', '97', '98', '210', '247', '322', '324', '344', '389']
