['Paul']
['Natalie']
['Margaret']
['Winnifred']
['Freda']
['Marcelino']
['Bethany']
['Tim', 'Rosie', 'Harold', 'Ralph', 'Pablo', 'Nelson', 'Craig', 'Raeann', 'Clayton', 'Janene']
['Ryan', 'Roy', 'Thomas', 'Joseph', 'Douglas', 'Evelyn', 'Charles', 'Dawn', 'Kaitlyn', 'Karren', 'Pat', 'Irving', 'Kirk', 'Jose', 'Fernando', 'Mike', 'Stanley', 'Bobby', 'Warren', 'Marie', 'Dennis', 'Beverly', 'Donna', 'Cory', 'Stephanie', 'Lena', 'Barbara', 'Jessica', 'Hugh', 'Eric', 'Christopher', 'Carl', 'Kristine', 'Frank', 'Carmen', 'Tracy', 'Jennifer', 'Brenda', 'Melanie', 'Derrick', 'Moses', 'Deanna', 'Carol', 'Adele', 'Linda', 'Annette', 'Constance', 'April', 'Ursula', 'Marion', 'Justin', 'Darlene', 'Stacy', 'Gladys', 'Fredrick', 'Terry', 'Inez', 'Beth', 'Matt', 'Polly', 'Fredda', 'Kisha', 'Janet', 'Nancy', 'Anthony', 'Peter', 'Larry', 'Raymond', 'Daniel', 'Tommy', 'Gail', 'Peggy', 'Kenneth', 'Jorge', 'Jayme', 'Wallace', 'Carlos', 'Alice', 'Joshua', 'Domingo', 'Cassandra', 'Mildred', 'Dawna', 'Esther', 'Lucie', 'Lana', 'Rebecca', 'Jeanine', 'Cecile', 'Cassie', 'Alexander', 'Bernard', 'Ingeborg', 'Alfred', 'Erik', 'Timothy', 'Caridad', 'Beulah', 'Theresa', 'Monica', 'Matthew', 'Raphael', 'Sofia', 'Sherri', 'Seth', 'Kristin', 'Lawrence', 'Kim', 'Clarissa', 'Selma']
['Gloria']
['Margarito']
['Diana']
['Pauline']
['Carmelita']
['Marjorie']
['Angelica']
['Shirley']
['Andre']
['Cornelius']
['Karen']
['Samuel']
['Michael']
['Kylie', 'Wayne', 'Hedwig', 'Jimmy']
['Ellen']
['Nola']
['Rosalyn']
['George']
['Bessie']
['Helen']
['Ana']
['Richard', 'Debra', 'Myron', 'Rolf', 'Troy', 'Martin', 'Christian', 'Anna', 'Mae', 'Melissa', 'Robyn', 'Bonnie', 'Lorraine', 'Virginia', 'Loraine', 'Cindy', 'Tamika', 'Robert', 'Alvin', 'Morgan', 'Olivia', 'Jeffrey', 'Berta', 'Ollie', 'Gordon', 'Krysten', 'Elizabeth', 'Emily', 'Scot', 'Lillian', 'Geraldine', 'Judy', 'Elsie', 'Wanda', 'Paula', 'Therese', 'Andrew', 'Wesley', 'Curtis', 'Thelma', 'Derek', 'Jeff', 'Marcella', 'Tuan', 'Herbert', 'Joanne', 'Veronica', 'Deborah', 'Roger', 'Andres', 'Jean', 'Eugenia', 'Wendy', 'Tanya', 'Ellis', 'Theodore', 'Amos', 'Suzie', 'Frederick', 'Lahoma', 'Jacque', 'Gilda', 'Nina', 'Calvin', 'Rhonda', 'Ashley', 'Ricky', 'Miles', 'Willis', 'Laurence', 'Grant', 'Lewis', 'Dean', 'Jonathan', 'Danny']
['Victor']
['Emery']
['Maria']
['Teresa']
['Brandon']
['Louis']
['Rafael']
['Lucille']
['Garrett', 'Viola']
['Christine']
['Kelly']
['Laurie']
['Belinda']
['Kerri']
['Michele', 'Rachel', 'Booker', 'Ernest', 'Connie', 'Mireya', 'Annalee', 'Audrey', 'Quintin', 'Harvey']
['Danielle']
['Gertrude']
['Clyde']
['Stephany']
['Crystal', 'Selina', 'Patrick']
['Juan', 'Martha', 'Mark', 'Miguel', 'Lane', 'Susan', 'Antonio', 'Leona', 'Kevin', 'Lydia', 'Eugene']
['Elia']
['Rosa']
['Chris']
['Phyllis']
['Norman']
['Kathleen']
['Norma']
['Robin']
['Eleanor']
['Arturo']
['Lucy']
['Willie']
['Marlin']
['Sylvester']
['Dorothy']
['Stacie']
['Dorothea']
['Everett']
['Walter']
['Christina']
['Raul']
['Darrell']
['Susanna']
['Jesse']
['Lessie', 'Doris']
['Sheryl']
['Patricia']
['Pamella', 'Ray', 'Gary', 'Adam', 'Shannon', 'Albert', 'Corey', 'Vella', 'Tony', 'Travis', 'Bradley', 'Francisco', 'Blair', 'Reuben', 'Dana', 'Irene', 'Leigh', 'Jane', 'Stephen', 'Maureen', 'Josephine', 'Lonnie', 'Clarence', 'Glennie', 'Randolph', 'Kerrie', 'Emmie']
['Catherine']
['Philip']
['Ronald', 'Mario', 'Mary', 'Roberto', 'Alison', 'Angela', 'Ida', 'Katherine', 'Alicia', 'John', 'Gerald', 'Steven', 'Edwin', 'Edward', 'Jo', 'Mabel', 'Pete', 'Cheryl', 'Leticia', 'David', 'Ruth', 'James', 'Lynne', 'Mack', 'Joni', 'Ruby', 'Glen', 'Lisha', 'Donald', 'Morris', 'Joann', 'Glenna', 'Brian', 'Latisha', 'Bertha', 'Sylvia', 'Sharon', 'Reginald', 'Roberta', 'Eura', 'Guy', 'Reinaldo', 'Roosevelt', 'Dale', 'Pamela', 'Jodi', 'Phillip', 'Sarita', 'Betty', 'Lloyd', 'Del', 'Steve', 'Don', 'Cesar', 'Wilma', 'Kellie', 'Kathryn', 'Carole', 'Georgette', 'Jacob', 'Eva', 'Gwen', 'Ernestine', 'Ivonne', 'Fred', 'Ouida', 'Rosalee', 'Michelle', 'Imogene', 'Andrea', 'Reggie', 'Rick', 'Lilian', 'Margert', 'Wilson', 'Jeffery', 'Alex', 'Gerardo', 'Keri', 'Mable', 'Lyle', 'Laura', 'Sam', 'Marco', 'Jeremy', 'Lulu', 'Marquerite', 'Sally', 'Ward', 'Maryann', 'Leanne']
['Kimberly']
['Ann']
['Toni']
['Burl']
['Jesus']
['Cathy', 'Will']
['Nicole']
['Ronda']
['Juanita']
['Jason']
['Joe']
['Priscilla']
['Molly']
['Lori']
['Cecilia']
['Myriam']
['Winifred']
['Gregory']
['Judith']
['Marian']
['Charlotte']
['Heather']
['Marilyn']
['Amy']
['William']
['Bruce']
['Tara']
['Marlene']
