['ANZ', 'AMQ', 'ANY', 'ANK', 'AJC', 'AKT', 'AMA', 'AOL', 'ANA', 'AKZ', 'AKA', 'ANM', 'AJE', 'AOI', 'AKX', 'AML', 'ALT', 'AJS', 'AKM']
['ALM', 'AOD', 'AMM', 'AKP', 'AMT', 'AKI', 'AKD', 'AMP', 'AKQ', 'AKH', 'AIZ', 'ANE', 'AKS', 'AJI', 'AOG', 'ALD', 'ALB', 'ALH', 'AKE']
['AEG', 'AET', 'ADL', 'ADW', 'ADN', 'AFD', 'AED', 'ADU', 'AFN', 'AFI', 'ADY', 'AFF', 'AFG', 'AER', 'AEX', 'AEJ', 'AFK', 'AEA', 'AEW']
['APN', 'AOX', 'APC', 'APG', 'AQL', 'AQK', 'ABA', 'AAX', 'AAV', 'APB', 'APY', 'ABC', 'APP', 'APL', 'AQB', 'AOO', 'AOU', 'AOS', 'APU']
['AAW', 'AIP', 'ABH', 'AIU', 'AIH', 'AAY', 'AHC', 'ABB', 'AAZ', 'AGJ', 'AGG', 'AFZ', 'AGP', 'AFP', 'ABE', 'AGI', 'AHG', 'AGS', 'ABD']
['ALQ', 'ALO', 'AJL', 'AOH', 'ANL', 'AMO', 'AJV', 'AKU', 'ALV', 'ALZ', 'AJK', 'AJD', 'AOE', 'ANV', 'ALS', 'ANW', 'AKK', 'AJW', 'ALE']
['AKB', 'ANH', 'ANF', 'ANU', 'ALR', 'AKW', 'ALI', 'ANJ', 'AJM', 'ANB', 'ALN', 'ALL', 'AJA', 'AMZ', 'AJN', 'AOC', 'ANC', 'ALY', 'AMG']
['AMY', 'AMJ', 'ANT', 'AJT', 'ALW', 'AOK', 'AJG', 'AKC', 'ALA', 'ANI', 'ANX', 'ANG', 'AJO', 'AMW', 'AOJ', 'ANR', 'AKN', 'AMH', 'AMF']
['ANO', 'AMB', 'AJJ', 'AJQ', 'AMR', 'AME', 'AJU', 'ALP', 'AMV', 'AKY', 'AJZ', 'AKJ', 'AJX', 'ANP', 'ALF', 'AOF', 'ALG', 'AMX', 'AND']
['AIK', 'AIE', 'AIC', 'AIG', 'AII', 'AIX', 'AFX', 'AGF', 'AHH', 'AFY', 'AHB', 'AGL', 'AHV', 'AGA', 'AHD', 'AGU', 'AFR', 'AGX', 'AGV']
['ADP', 'AFH', 'AEC', 'AFB', 'AFE', 'ADR', 'AFC', 'AFM', 'AEQ', 'AFA', 'AEL', 'AEI', 'AEN', 'ADT', 'AEE', 'ADZ', 'ADS', 'ADM', 'AEO']
['ACM', 'ACV', 'ADK', 'ACI', 'ACT', 'ADF', 'ADG', 'ACS', 'ACJ', 'ACN', 'ACK', 'ACU', 'ACQ', 'ACW', 'ACO', 'ACF', 'ADA', 'ACX', 'ACH']
['AAG', 'AJH', 'ANN', 'AMN', 'AMK', 'AAH', 'AAB', 'AKG', 'AJF', 'AKO', 'ABK', 'ALJ', 'AMD', 'ALU', 'ALK', 'AAF', 'AAL']
['AHK', 'AHM', 'AGO', 'AHX', 'AGT', 'AGH', 'AHY', 'AHU', 'AIA', 'AHP', 'AGZ', 'AGK', 'AHE', 'AHF', 'AFV', 'AFT', 'AGW', 'AFW', 'AIR']
['AOQ', 'APJ', 'AQD', 'APK', 'AQA', 'AQH', 'APW', 'APF', 'APT', 'API', 'APX', 'AQC', 'AQG', 'APH', 'AOY', 'AQO', 'AQF', 'AOV', 'APM']
['ACD', 'AGN', 'AAK', 'AAJ', 'AEU', 'AAC', 'ACZ', 'AAM', 'ADB', 'ADD', 'AAI', 'ADH', 'AAA', 'ABF', 'ABG']
['AEY', 'AEF', 'AQI', 'AEB', 'ADX', 'AFJ', 'ADQ', 'AFL', 'AEM', 'ABO', 'AEH', 'ADV', 'AEP', 'ADO', 'AES', 'AEZ', 'ACL', 'AEK', 'AEV']
['APD', 'AQN', 'AOW', 'AQJ', 'AQE', 'APE', 'AOT', 'AQM', 'APQ', 'APA', 'AOP', 'AON', 'APS', 'APO', 'AOZ', 'APV', 'APR', 'AOR', 'APZ']
['AHA', 'AFS', 'AIB', 'AHN', 'AFU', 'AGY', 'AGQ', 'AHQ', 'AIY', 'AID', 'AIF', 'AHZ', 'AHT', 'AIL', 'AIQ', 'AGR', 'AFO', 'AIW', 'AIN']
['ABZ', 'ABX', 'ABM', 'ACC', 'ABT', 'ABS', 'ABP', 'ABL', 'ABQ', 'ABI', 'ABR', 'ABV', 'ABN', 'ABU', 'ABJ', 'ACB', 'ABW', 'ABY', 'ACA']
['AGE', 'AIV', 'AIM', 'AHW', 'AGB', 'AHS', 'AIJ', 'AGM', 'AFQ', 'AHI', 'AHO', 'AIT', 'AGD', 'AGC', 'AHL', 'AHJ', 'AIO', 'AHR', 'AIS']
['AJR', 'ANS', 'AKR', 'AKL', 'ALC', 'AMI', 'AMU', 'AOM', 'AOB', 'ALX', 'AMS', 'ANQ', 'AMC', 'AJP', 'AKF', 'AJB', 'AOA', 'AKV', 'AJY']
['ACP', 'AAD', 'AAS', 'AAR', 'AAE', 'AAT', 'ACG', 'AAN', 'ADJ', 'AAO', 'ADE', 'ADI', 'ACR', 'AAU', 'AAQ', 'ACE', 'ADC', 'ACY', 'AAP']
