['VLEXY', 'ZCVZT', 'SGTRH', 'YBAFX', 'WCFRY']
['VQAKV', 'APXMD', 'ZQDIP', 'AILUZ', 'RJDRX']
['OXRUQ', 'DSUJE', 'FCJLJ', 'CUUFQ', 'GBGAG']
['ACJRU', 'UZKCN', 'CIILB', 'WOIJX', 'KEMJT']
['OLFRP', 'RFWKF', 'DFVZW', 'LBKGE', 'TFEWH']
['OENWP', 'ZIJNW', 'XCTJB', 'QIZOX', 'CSQHY']
['GLIPE', 'UHSWZ', 'HCVBR', 'CHIJG', 'HKVZW']
['KYKCO', 'ALMIE', 'FZRBE', 'WTGUO', 'AXQPJ']
['NHQWU', 'CIUZU', 'OKQTW', 'ACMPF', 'ZRVWH']
['CIPCP', 'KDZKT', 'XWMKT', 'QSYML', 'CIBMR']
['VLQCW', 'UFVEC', 'MTCGB', 'IGQNP', 'SRFIJ']
['WSVIR', 'NSDMC', 'PSVNQ', 'JEBNF', 'QQXNO']
['XBTFE', 'XUHAP', 'HTJHJ', 'QGRPC', 'UGVLA']
['TEFPC', 'XGNPD', 'VGCRP', 'SYIZZ', 'LNIAF']
['ORRXP', 'BNYBV', 'XXRUC', 'MYAVD', 'JTHWI']
['KENPF', 'YJCIZ', 'VSPLU', 'TVCFA', 'HAXVF']
['NSAJQ', 'YNIQG', 'VXLZU', 'EWNSH', 'GICKM']
['WJIWZ', 'EHHWX', 'VVCGQ', 'QVNNO', 'NCDJQ']
['JWSRE', 'DLKKW', 'SIGOM', 'EOCJX', 'NDLFM']
['ZBJTS', 'BLHOQ', 'GAEKQ', 'QSVBC', 'GVYUW']
['FXFUX', 'PTRTD', 'BNJLP', 'EFKRH', 'TUSMK']
['OMYLR', 'VYDDY', 'VATRQ', 'UJHDY', 'ARMIC']
['ZJQQO', 'BBVXC', 'XUYPR', 'IZMEQ', 'FZQXE']
['OSLVS', 'IKHTD', 'HWSJL', 'VWJWK', 'GWJWE']
['CKFJL', 'UBCVC', 'HNXEZ', 'QGGOH', 'TYMOI']
['SVMGK', 'QYWKX', 'DSQUZ', 'NKCOJ', 'XAOMD']
['VGUGP', 'ALXRH', 'TTIDN', 'ERTVL', 'XBLXM']
['FXUHH', 'QECFT', 'OAGEZ', 'NSTKH', 'NWAHL']
['CPTCX', 'GJRAV', 'BPLLS', 'SPHAJ', 'VATKD']
['OTQON', 'UCQZE', 'VFFHE', 'YWPLR', 'MESKQ']
['CQBIT', 'MWVBQ', 'LSZMU', 'OVYDG', 'QCHPG']
['GCQTP', 'FJPVZ', 'WNYYG', 'QNUDR', 'HGJEC']
['NUSHB', 'YJPCO', 'TAIVA', 'DVLFX', 'IGAXC']
['PVVAV', 'DVRRV', 'WLCAR', 'XBSXA', 'TKYGG']
['IBUGB', 'CPJBS', 'EADHZ', 'LPHWP', 'BEIFF']
['ONQWA', 'UHOTV', 'YWCZV', 'KPECP', 'JXGHX']
['FSTKF', 'SKBJW', 'WGGGP', 'WWYEF', 'MIKDS']
['XFNKQ', 'YQPNL', 'WAHPX', 'YXPNV', 'TFGVT']
['FBWOW', 'FEUEQ', 'RWZXF', 'CVNCZ', 'KQUJH']
['CFMPM', 'LYGHF', 'PECLI', 'OXRDD', 'DKHZJ']
['INTFC', 'KHNJL', 'BWWYB', 'FCWUA', 'SRUUN']
['BVCTY', 'AWDBE', 'EAITX', 'VIPLF', 'ZJNIT']
['QAOAR', 'ENKVR', 'GNCHO', 'OJGET', 'NLRBO']
['WHRVK', 'PLFWC', 'KRWXO', 'RJIED', 'IVZGD']
['ECNTU', 'QUECI', 'EYFRR', 'JHGWB', 'GUDYJ']
['TAHXC', 'BTWAZ', 'VNVFZ', 'SFQST', 'MRXML']
['RCZHM', 'IGUWL', 'RURLC', 'PXCKJ', 'QYLAH']
['TLZCG', 'SEYUH', 'MXMMA', 'ZYPEK', 'TBPZM']
['OZZTI', 'WAQDW', 'QBVUY', 'ETYTK', 'IXMQO']
['SAVNS', 'PABIC', 'OQSOU', 'ZPTPS', 'ERQBP']
['SROSJ', 'IZZTZ', 'MEKWP', 'YQSUZ', 'CIOFH']
['NVSYK', 'QIALM', 'BPZOY', 'GOXXP', 'FZBVB']
['RQZPM', 'LVBGW', 'LCHJI', 'CCNPM', 'AGDTK']
['QCRLR', 'WPGRW', 'LIQGP', 'SGXHX', 'DCJPL']
['SMSHQ', 'OVYUV', 'EHMWV', 'UDTFQ', 'WUCQA']
['WUTXG', 'AHMRO', 'DUAEB', 'ZUTJZ', 'PKHDM']
['QGXZJ', 'SZXFW', 'SGRXP', 'WJAIQ', 'QPVND']
['CBNUD', 'ABYHN', 'KUMCW', 'IRAUO', 'QBZQQ']
['GZQDO', 'PQAHJ', 'HFDOF', 'UCLPW', 'CBJEL']
['GEQFC', 'PGHQU', 'WDGCR', 'PSZDK', 'HXXMK']
['XNYRJ', 'BGOJW', 'FGDHQ', 'KCHSD', 'VPSEI']
['OCOQX', 'OUQMM', 'MQDQQ', 'EAEIR', 'RMJIF']
['BBKUO', 'VTOZN', 'VXIFI', 'FELNZ', 'DBIOJ']
['TFWCC', 'QQUYY', 'KXUES', 'RMUXW', 'JAFZN']
['ZEPYJ', 'XEEVL', 'PKBGA', 'TKJBK', 'JCOPI']
['ENWEP', 'TNZEA', 'ZHVLK', 'HSIWG', 'AWUBI']
['UJESQ', 'UGKUC', 'YFRIJ', 'UHYVL', 'ZLQYF']
['CKHRK', 'FDGQA', 'VQDCT', 'LIGPC', 'RUGKU']
['PQDFC', 'JQBSO', 'BJTHH', 'JMYIA', 'DKSJV']
['JOZYK', 'VBRPO', 'KSCIB', 'TBZDI', 'SHLYA']
['XIDUV', 'IAMKK', 'YORBA', 'HNKDE', 'KXMSB']
['MXBHP', 'THQAC', 'ZNMAJ', 'XXFSV', 'FVYLB']
['DFBMK', 'EGIIY', 'RDCTS', 'EBLCO', 'CLLNQ']
['ZJPJO', 'OKPQW', 'AICHQ', 'UQKOV', 'IRNCA']
['HATBR', 'RUYNY', 'KGIPC', 'IAADS', 'SJJMM']
