['284']
['286', '236', '235', '234', '375', '4', '136', '374', '41', '275', '200', '277', '303', '240', '262', '52', '33', '112', '419', '60', '62', '233', '109', '213', '198', '472', '368', '47', '104', '293', '22', '338', '468', '278', '218', '208', '328', '167']
['292']
['376']
['289']
['257']
['379', '310', '106', '80', '488', '75', '210', '5', '326', '89', '229', '42', '479', '108', '495', '61', '197', '27', '147', '287', '245', '140', '77', '78', '43', '352', '462', '396', '123', '71', '494', '497', '63', '260']
['309']
['88', '177', '308', '456', '228', '306', '160', '96', '91', '482', '448', '263', '190', '364', '205', '146', '393', '487', '439', '141', '113', '192', '122', '49', '90', '125', '469', '94', '127', '311', '268', '243', '54', '403', '207', '355', '2']
['296']
['139', '312', '217', '70', '222', '121', '276', '241', '191', '73', '325', '132', '76', '31', '370', '461', '319', '212', '248', '144', '387', '35', '64', '118', '290', '489', '383', '359', '226', '50', '356', '143', '341', '369', '299', '201', '388']
['238', '412', '150', '156', '74', '305', '111', '87', '247', '460', '189', '59', '6', '206', '215', '279', '316', '86', '223', '485', '498', '423', '365', '426', '443', '46', '180', '37', '29', '100', '486', '372', '23', '179', '249', '334', '300']
['315', '187', '253', '457', '138', '183', '25', '401', '378', '324', '467', '424', '347', '402', '9', '478', '161', '380', '349', '437', '36', '499', '340', '346', '354']
['353']
['175', '115', '102', '101', '430', '329', '442', '258', '92', '294', '20', '69', '256', '440', '83', '261', '454', '323', '389', '181', '193', '411', '214', '15', '274', '99', '280', '432', '45', '463', '21', '8', '107', '224', '209', '186', '171', '231']
['166', '435', '345', '429', '281', '219', '66', '266', '72', '185', '133', '82', '321', '103', '137', '361', '425', '377', '51', '413', '32', '400', '466', '322', '53', '422', '126', '130', '385', '165', '26', '373', '142', '366', '159', '170']
['239', '28', '451', '16', '477', '363', '433', '250', '417', '110', '367', '470', '272', '194', '288', '357', '116', '358', '418', '237', '476', '188', '381', '483', '164', '85', '491', '168', '255', '135', '484', '371', '317', '382', '390', '298', '410', '337']
['174', '473', '149', '344', '259', '301', '392', '409', '450', '428', '404', '342', '335', '360', '331', '169', '10', '348', '56', '39', '67', '124', '471', '453', '57', '415', '98', '297', '405', '114', '464', '384', '148', '119', '202', '414', '19', '399']
['246', '93', '220', '394', '438', '459', '480', '55', '24', '465', '431', '244', '44', '270', '152', '203', '304', '391', '285', '492', '254', '225', '351', '427', '397', '129', '252', '333', '14', '283', '271', '18', '386', '458', '84', '230', '295', '444']
['474', '162', '416', '336', '434', '332', '350', '128', '493', '407', '158', '178', '40', '313', '314', '227', '97', '282', '173', '58', '65']
['131', '211', '221', '455', '318', '406', '163', '34', '446', '265', '242', '0', '157', '81', '269', '421', '408', '302', '13', '445', '496', '155', '441', '420', '1', '95', '7', '11', '17', '196', '267', '204', '3', '447', '398', '154', '395', '79']
['199', '145', '436', '452', '117', '291', '151', '120', '449', '362', '475', '68', '195', '184', '153', '320', '330', '307', '48', '481', '176', '327', '264', '490', '105', '134', '232', '38', '339', '273', '30', '343', '12', '172', '182', '251', '216']
