['0', '359', '376', '378', '414', '480']
['24', '31', '77']
['11', '41', '49', '230']
['192']
['16', '69', '98', '122', '136', '143', '229', '240', '242', '248', '279', '315', '317', '343', '380', '388', '389', '396', '408', '417', '426', '450', '451', '465', '481']
['96', '97', '99', '127', '316']
['214']
['287']
['444']
['1', '74', '89', '120', '254', '255', '262', '266', '268', '292', '325', '333', '335', '412', '427']
['147']
['35', '40', '55', '66', '67', '70', '80', '81', '164', '165', '166', '178', '200', '204', '205', '219', '221', '222', '223', '239', '250', '252', '261', '271', '272', '273', '274', '275', '277', '283', '291', '313', '332', '361', '363', '392', '413', '415', '424', '432', '449', '456', '457', '458', '466']
['111', '195', '256', '258', '298', '393']
['309', '374']
['344', '355']
['15', '32', '34', '42', '63', '64', '65', '123', '130', '131', '138', '184', '203', '234', '304', '305', '306', '310', '312', '347', '350', '379', '390']
['176', '404']
['45', '224']
['57', '289', '294', '296', '463', '488']
['27', '201', '206', '208', '210', '227', '391', '482', '484']
['455']
['13', '47', '59', '83', '110', '117', '135', '137', '140', '148', '150', '151', '152', '155', '156', '158', '159', '174', '193', '194', '202', '209', '218', '267', '278', '280', '284', '285', '286', '288', '297', '302', '308', '322', '334', '340', '341', '358', '375', '410', '416', '418', '431', '438', '447', '462', '464']
['486', '487']
['73', '124']
['116']
['19', '21', '58', '60', '72', '78', '102', '106', '121', '128', '129', '149', '173', '180', '183', '196', '216', '220', '232', '260', '282', '314', '321', '323', '324', '366', '367', '370', '372', '377', '382', '386', '433', '435', '440', '445', '459', '470', '477', '479', '483']
['141', '162', '247', '330', '453', '473', '474', '475']
['54', '82', '132', '134', '211', '213', '233', '259', '436', '476']
['10']
['4', '7', '8', '22', '28', '29', '48', '51', '86', '87', '91', '93', '101', '115', '139', '153', '172', '187', '188', '189', '215', '217', '226', '231', '243', '245', '246', '249', '257', '331', '336', '337', '339', '351', '362', '364', '365', '368', '371', '373', '384', '385', '387', '397', '398', '406', '428', '467', '469', '478']
['411']
['107']
['198', '238']
['303', '326', '327', '328']
['50', '52']
['75']
['405']
['5', '6', '9', '37', '44', '53', '94', '95', '108', '109', '163', '177', '185', '235', '236', '244', '263', '265', '276', '311', '319', '342', '345', '346', '356', '357', '369', '419', '434', '437', '439', '441', '443']
['23', '25', '26', '61', '71', '119', '191', '264']
['68', '92', '144', '181', '182', '212', '251', '253', '348']
['300']
['2', '12', '17', '36', '56', '76', '79', '84', '85', '88', '90', '104', '112', '113', '114', '118', '125', '175', '190', '199', '207', '225', '269', '270', '290', '299', '301', '318', '320', '329', '338', '352', '353', '354', '360', '394', '399', '407', '420', '421', '423', '425', '429', '430', '442', '460', '461', '468', '472', '485']
['3', '105', '157', '167', '241', '281', '383', '400', '401', '402', '403', '409', '454', '489']
['18', '349', '381', '446', '448']
['39']
['46', '100', '170', '171', '179', '197', '237', '293', '295', '471']
['33', '146', '452']
['126', '186']
['103']
['14', '20', '30', '38', '43', '62', '133', '142', '145', '154', '160', '161', '168', '169', '228', '307', '395', '422']
