['8', '433']
['480', '206', '56']
['391', '120', '81', '94']
['324', '326', '1', '416']
['452', '337', '331', '181']
['487', '288', '42', '116', '267', '50', '295', '439']
['45']
['208']
['315', '261', '460', '184', '448']
['10']
['482', '451', '135', '19', '484', '271', '16', '171']
['95', '297', '322']
['444', '470', '445', '157']
['198', '268', '158', '67', '467']
['58', '138', '160', '190', '186', '302', '51', '126', '372', '386', '188']
['354', '100', '233', '258', '313', '356', '486', '150', '364']
['121', '429']
['209', '197', '32', '5', '447', '243', '11', '146', '80']
['180', '409']
['492', '66', '265']
['245', '412', '316']
['459', '376', '450', '446', '174', '240', '278']
['137', '298', '252', '41', '263', '490']
['237', '54', '355']
['300', '434', '357', '426', '328', '119', '453', '320', '68']
['458', '398', '82', '104', '381', '284']
['236', '489', '149', '89']
['422', '262', '189', '241', '123', '152', '27', '249', '323']
['226', '330', '175', '343', '18']
['59', '260']
['64', '269', '110', '128', '276']
['179', '28', '476', '205', '3', '22']
['461', '367', '133', '191', '97', '477', '93', '346', '279']
['167', '178', '195', '273', '203', '187']
['124', '385', '308', '234', '23', '403']
['107', '418', '77']
['306', '360']
['393', '379', '78', '347', '134', '254']
['143', '88', '40', '202']
['274']
['220', '432', '142', '106', '287', '408', '109', '478', '435', '99', '37']
['34', '312', '329', '31']
['248', '176', '232', '159', '114']
['216', '304']
['139', '211', '442', '286']
['405', '21', '345', '334', '218', '339', '388', '425', '318']
['43', '303']
['283', '257', '473', '55', '63']
['4', '440', '113', '213', '118', '404', '29']
['413', '69']
['437', '73', '499', '169', '488', '201']
['217', '497']
['250', '84', '348', '229', '443']
['358', '402', '281', '132', '373', '421', '399']
['307', '238', '495']
['102', '247', '390', '407', '105', '397']
['112', '183', '290']
['92', '163', '75', '129', '215', '420']
['366', '332', '481', '131', '335', '230', '374']
['264']
['212']
['185', '387', '26', '20', '472']
['207', '485', '242', '228', '471', '352', '299']
['172', '85', '166', '182', '311', '25', '301', '71', '406']
['15', '72', '456', '319']
['417', '353', '96', '227']
['74', '7', '194', '468', '294', '359', '351', '282', '49', '394', '423']
['2', '293']
['350', '193', '401', '454', '199', '285']
['369', '414']
['441', '70']
['155', '98', '52', '90', '340']
['13', '363', '396', '192', '122', '154', '341', '9', '223']
['256', '60', '130', '493', '255']
['400', '6', '349', '145', '86']
['164', '463', '291', '125', '53', '62', '253', '17']
['244', '428']
['465', '395', '30', '251', '222']
['317', '108', '500']
['101', '411', '415', '111', '430', '377', '431', '177', '38', '272', '457', '33', '449', '392', '419']
['47', '375', '115', '144', '136', '483', '266', '296']
['117', '76', '204', '289', '57', '384']
['427', '210', '469']
['103', '368', '165', '325', '44']
['491', '336', '389', '475', '231', '156', '162', '438', '259', '275']
['225', '498', '479', '214', '127', '147', '496']
['371', '39', '277', '46']
['436', '83']
['24', '327', '474', '168']
['310', '365', '235', '321']
['219', '173', '61', '455', '48', '280', '221']
['91', '196', '170', '305', '153']
['494', '309']
['14', '292', '382', '333']
['65', '239', '361']
['344']
['370', '410', '314', '200', '424', '224']
['338', '79', '36', '161', '141', '270', '342', '362', '35', '12', '151']
['462', '148', '378', '380', '466']
['464', '87', '383', '140', '246']
