['24', '390', '391']
['28', '103', '113', '115', '255']
['369', '394']
['3', '4', '302', '303', '359']
['26', '341', '342']
['316', '318']
['168', '209', '384', '418', '419']
['43', '174']
['205', '227', '317', '329']
['292', '293', '310']
['51', '140', '364', '393']
['172', '239', '240', '331', '340']
['64', '66', '215', '250']
['68', '173', '343']
['39', '121', '203', '266', '392']
['33', '34', '335', '363']
['162', '164', '165', '199', '313']
['6', '194', '425']
['37', '287', '327', '328', '409']
['286', '422']
['35', '50', '69']
['170', '249', '406', '423', '424']
['78', '82', '282']
['198', '232']
['155', '157', '196']
['118', '188']
['212', '288']
['40', '41', '101', '102', '357']
['134', '136', '153']
['62', '130', '201', '202', '378']
['44', '105', '254']
['107', '274', '276', '277', '408']
['225', '228', '229', '319']
['30', '235', '404', '405']
['138', '295', '297']
['204']
['150', '151', '265', '267']
['260', '262']
['2', '159', '320', '355']
['52', '53', '160', '231']
['117', '179', '261', '402']
['307']
['18', '48', '77', '397', '398']
['95', '139', '346', '388']
['141', '143']
['181', '356']
['145']
['106', '108', '109', '125', '234']
['226', '253', '256', '304', '377']
['0', '131', '132', '193']
['176', '178', '323', '325', '326']
['7', '152']
['42', '213', '321']
['144', '158', '263', '386']
['248', '385', '413']
['322', '403']
['91', '127', '180', '367', '368']
['49', '207', '382', '410']
['14', '142', '314', '336']
['197', '200', '220', '426']
['114', '236', '373']
['74', '135', '243', '244', '285']
['186']
['29', '337', '339', '407']
['187', '247', '347']
['94']
['294']
['208']
['20', '163', '242', '259', '370']
['57', '58', '76', '289', '315']
['8', '9', '96', '97', '238']
['70', '98', '169', '171', '271']
['45', '75', '182', '372', '374']
['61', '133', '214', '334']
['55', '71', '72', '73', '351']
['112', '183', '184', '185', '352']
['217', '281', '284', '366']
['15', '17', '237', '299']
['5', '63', '252', '362']
['306', '412']
['258']
['126', '272', '309', '312']
['175', '189', '273']
['278', '279', '358', '360', '371']
['283', '338', '353', '354']
['19', '211', '245', '246']
['85', '87', '88', '257', '395']
['59', '60', '241', '268']
['301']
['129', '166', '167', '195', '308']
['104', '137', '177', '417']
['21', '47', '230']
['86', '233']
['36', '38', '324', '361', '375']
['46']
['128', '251']
['110', '111', '330']
['1', '31', '32']
['156', '280', '376']
['161', '270', '298']
['296', '348', '349', '387']
['16', '27', '122', '123']
['224', '305', '399']
['124', '191', '300', '420']
['56', '216']
['206', '290', '421']
['190', '192', '400', '401', '414']
['218', '221']
['67', '81']
['99', '100', '264', '269', '275']
['148', '149', '219', '222', '223']
['146', '332']
['65', '210', '379', '380', '381']
['22', '25', '333', '411']
['119', '120', '147']
['23', '54', '389']
['80', '116', '154', '344', '345']
['10', '79', '291', '416']
['83', '311', '415']
['84', '89', '90', '350']
['13', '92', '93', '365', '396']
['11', '12', '383']
