['36', '55', '56', '208', '209', '210', '211', '228', '229', '247', '248', '249', '250', '274', '293', '294', '360', '402', '410', '411']
['140', '160', '180', '219', '239', '373', '374', '394', '408', '409']
['207', '313', '314', '333', '347', '348', '367', '368', '387']
['15', '35', '61', '62', '242', '243', '296']
['28', '48', '68', '88', '89', '353', '355', '356', '375', '376', '412', '413']
['6', '7', '8', '26', '27', '200', '201', '221', '292', '312', '359', '378', '379']
['12', '13', '14', '33', '34', '53', '54', '74', '120', '174', '194', '195', '214', '215', '230', '231', '234', '235', '254', '255', '304', '324', '382', '390', '401']
['277']
['45', '164', '165', '315', '316', '334', '335', '336', '337', '354', '357', '358', '377']
['9', '10', '11', '137', '157', '278', '279', '414', '415']
['16', '17', '18', '19', '37', '38', '39', '57', '58', '59', '78', '79', '99', '118', '119', '130', '131', '132', '138', '139', '150', '173', '179', '192', '193', '199', '212', '213', '258', '259', '280', '285', '286', '287', '306', '307', '308', '319', '338', '339', '380', '381', '385', '386', '395', '396', '397', '398', '403']
['3', '4', '23', '24', '43', '44', '103', '104', '186', '196', '197', '216', '217', '236', '237', '238', '256', '257', '267', '268', '269', '270', '288', '289', '320']
['232', '233', '251', '252', '253', '271', '272', '404', '405', '418', '419']
['158', '178', '185', '198', '205', '206', '326', '327', '328', '346', '406', '407']
['0', '1', '2', '20', '40', '60', '145', '161', '162', '163', '181', '182', '183', '184', '202', '203', '400']
['63', '64', '65', '83', '84', '108', '109', '127', '128', '129', '147', '148', '149', '159', '176', '177', '275', '276', '295']
['110', '111', '112', '113', '133', '222', '321', '322', '342', '362', '363', '383']
['134', '135', '136', '154', '155', '156', '175', '191', '260', '261', '281', '300', '301', '305', '323', '325', '343', '344', '345', '364', '365', '384']
['75', '76', '77', '85', '95', '96', '105', '106', '114', '115', '116', '125', '126', '204', '223', '224', '225', '226', '244', '245', '246', '265', '266', '388']
['263', '264', '284', '297', '298', '299', '317', '318', '331', '332', '351', '352', '370', '371', '372', '391', '416', '417']
['5', '25', '31', '32', '51', '52', '70', '71', '72', '73', '90', '91', '92', '93', '94', '97', '98', '117', '167', '329', '330', '349', '350', '369', '389', '392', '393']
['21', '22', '29', '30', '41', '42', '46', '47', '49', '50', '66', '67', '69', '80', '81', '82', '86', '87', '100', '101', '102', '107', '121', '122', '123', '124', '141', '142', '143', '144', '146', '151', '152', '153', '166', '168', '169', '170', '171', '172', '187', '188', '189', '190', '218', '220', '227', '240', '241', '262', '273', '282', '283', '290', '291', '302', '303', '309', '310', '311', '340', '341', '361', '366', '399']
