['VAC', 'TQB', 'NQL', 'THJ', 'TMD', 'ZBU', 'UZY', 'OCI', 'PBP', 'SCX', 'RYE', 'YDT', 'VFV', 'BZI', 'GSB', 'DNE', 'YLS', 'KVD', 'EEA', 'XCX', 'PAX', 'GUN', 'ZRO', 'CYA', 'WYK']
['SMM', 'KNZ', 'RDG', 'NLI', 'ZKY', 'GPL', 'YKQ', 'PDU', 'NWB', 'KDV', 'XEN', 'QTJ', 'NDI', 'LBW', 'VWR', 'JJB', 'YNR', 'TKB', 'ALG', 'TGW', 'ZFK', 'IPG', 'AMV', 'FDS', 'BIN']
['DFW', 'AYJ', 'BCW', 'IEK', 'BCI', 'RYA', 'LJA', 'RNM', 'CJB', 'AZD', 'XDE', 'WUI', 'UKF', 'QTQ', 'XKQ', 'GBL', 'FWN', 'AWX', 'FQC', 'DXK', 'OVZ', 'XFW', 'EBY', 'YOA', 'CHA']
['WCD', 'YSM', 'ITN', 'WDF', 'WTX', 'JZA', 'VMW', 'JGS', 'ZGL', 'SNS', 'CUZ', 'NJD', 'NLS', 'DCZ', 'MMS', 'QIB', 'MVB', 'CAO', 'QAM', 'GEF', 'ZCY', 'GUE', 'CIH', 'UIO', 'FXH']
['NFI', 'RKO', 'SCK', 'UOM', 'TDJ', 'WGY', 'FKU', 'QJK', 'HGD', 'VYF', 'PTX', 'ROL', 'OFJ', 'LTC', 'CXP', 'WWT', 'MZP', 'FPR', 'JXM', 'ZJU', 'KAJ', 'PGO', 'MAC', 'MBZ', 'JOQ']
['FPT', 'HTW', 'MSE', 'SCS', 'ARM', 'TGH', 'QVI', 'SYQ', 'UMO', 'NPS', 'LUT', 'FJH', 'YDL', 'AJB', 'KMP', 'TVY', 'VWX', 'CFJ', 'QTR', 'JMT', 'YYU', 'TSS', 'RUP', 'NDJ', 'BTJ']
['CHR', 'CDW', 'XRV', 'FHI', 'IPK', 'DMP', 'ULP', 'SQR', 'GUR', 'SFK', 'QRE', 'RJS', 'SAQ', 'GFL', 'JTZ', 'NNG', 'WER', 'HHK', 'QEP', 'XVF', 'MNB', 'HXZ', 'SGT', 'RUR', 'AHE']
['EUK', 'TFQ', 'LWH', 'KUO', 'PGE', 'OEN', 'ZQN', 'JKL', 'YWW', 'NHA', 'ALI', 'QLH', 'FEV', 'SUT', 'TBT', 'HBC', 'UFK', 'KSW', 'MUO', 'MJR', 'IAM', 'FSW', 'EBA', 'TQM', 'GUQ']
['IYD', 'IIY', 'ZNQ', 'LMU', 'LZP', 'HPH', 'ZBF', 'JMO', 'WKY', 'KLM', 'QCJ', 'CCY', 'XEO', 'AIM', 'LGP', 'DHT', 'MUL', 'UDD', 'UEN', 'IFO', 'TBN', 'APD', 'ONX', 'DTU', 'MED']
['FOW', 'LZE', 'KNO', 'HGF', 'QDB', 'FJL', 'OXU', 'SRP', 'SNW', 'UZU', 'GPH', 'VZX', 'LXJ', 'FTL', 'HUN', 'SGO', 'RYT', 'QFE', 'HQB', 'EOF', 'SUP', 'TMR', 'SUQ', 'IPV', 'KLZ']
['YYG', 'LLX', 'EKJ', 'INO', 'PAU', 'MJV', 'WHJ', 'CRF', 'AQN', 'NXI', 'GGP', 'YAR', 'GXJ', 'PME', 'GYM', 'IKN', 'ELJ', 'KVY', 'LZI', 'IUE', 'LHD', 'GGM', 'RZW', 'QYA', 'NDB']
['UHU', 'SFB', 'VCY', 'YKF', 'CFP', 'MCI', 'JZV', 'QMI', 'EDP', 'LHQ', 'ABC', 'RIA', 'QIK', 'ACJ', 'ARV', 'NSI', 'OZT', 'TFT', 'IKW', 'SRB', 'VRD', 'SFD', 'NGI', 'MWQ', 'BFH']
['UHE', 'PJW', 'RSG', 'DJA', 'DMH', 'TVZ', 'VQR', 'FTI', 'SNM', 'FUR', 'HMT', 'JVR', 'TFN', 'VFM', 'XJW', 'POC', 'PCL', 'DMN', 'ESU', 'DYU', 'ZIT', 'BJR', 'XPW', 'RKH', 'RNU']
['NXU', 'AYK', 'NGH', 'KMD', 'CEY', 'YKH', 'NOP', 'EPR', 'VXB', 'GMF', 'RXD', 'DWU', 'ZCF', 'XVQ', 'CGD', 'WIF', 'GLR', 'LOQ', 'PAS', 'SDF', 'KLV', 'OLD', 'WWL', 'QZB', 'IDO']
['MYN', 'PYK', 'PKK', 'PON', 'DAT', 'HJA', 'XXQ', 'JSL', 'JUQ', 'YHX', 'OII', 'SDH', 'XWK', 'MIN', 'AUL', 'FOD', 'ZPA', 'UCH', 'TLC', 'PMO', 'SQS', 'JZY', 'IIT', 'GUT', 'QLI']
['FMU', 'BBZ', 'ELO', 'MSC', 'GWT', 'UTL', 'PIL', 'EWG', 'BHL', 'HZF', 'DZR', 'EDD', 'FXX', 'YER', 'POR', 'KLS', 'OHR', 'YSD', 'IFU', 'VMJ', 'EQX', 'HXF', 'OON', 'HNC', 'KXZ']
['POJ', 'RSJ', 'PVQ', 'DTW', 'FWA', 'LWA', 'ZFU', 'DOT', 'PZA', 'PVS', 'FCU', 'RIX', 'EBB', 'WJS', 'QNG', 'MLH', 'UKO', 'GGA', 'QQN', 'RBJ', 'DTS', 'XQI', 'IUY', 'CNU', 'YVQ']
['JXZ', 'XIY', 'IYH', 'MLN', 'QBJ', 'HPV', 'SFJ', 'ZFO', 'UNW', 'XNY', 'TWL', 'BRY', 'FWB', 'MIE', 'JME', 'JII', 'WED', 'NTW', 'TUK', 'UGW', 'XHQ', 'WMY', 'JDC', 'HYW', 'KJN']
['WSD', 'FTE', 'MVS', 'WJI', 'IQJ', 'NUG', 'YTQ', 'ACP', 'ALL', 'WLU', 'ODG', 'FXI', 'JHO', 'YYC', 'KZQ', 'MUV', 'HCD', 'WZL', 'JWQ', 'XOE', 'MOH', 'FCJ', 'CZB', 'ECG', 'IDJ']
['KEQ', 'BLK', 'YSP', 'EAA', 'WCB', 'IKB', 'BDX', 'YEN', 'BEQ', 'IPY', 'DAW', 'CDZ', 'YUG', 'EZU', 'YYJ', 'YPX', 'ASO', 'DRX', 'YTR', 'CGQ', 'SCZ', 'YKR', 'VTH', 'AGI', 'HIG']
