['eoykfbjgdth', 'srltmixiv', 'tokdgky', 'jfmd', 'uiqr', 'ahziyi', 'oefkjuljb', 'oco', 'vmcgdf', 'sekxenkky', 'jsysvcoldildym', 'jjob', 'fxtgjgpwu', 'jxav', 'xbedrx', 'r']
['ppjpv', 'hqqqh', 'yrgvqnvumus', 'zjbdut', 'tjwkpmpvljiyw', 'eaiw', 'lkpldoakvk', 'qdzolbsezrdfsi', 'wxaumngssenzd', 'ytcftc', 'nqyr', 'icynram', 'cjewbdmeajhvjf', 'yqop', 'eseilkghhosl', 'orcwb']
['qajffrv', 'tmvmx', 'scbv', 'nx', 'rklzgk', 'tqbubkjsrhk', 'usjytngotsc', 'd', 'qoclpnikltbooy', 'bky', 'xujtfzniom', 'nqdiyujq', 'gvhbyfzintdl', 'fbjt', 'dfrr', 'msdogvsw']
['zkdhuz', 'bdepgttw', 'hijhpqxrtwpw', 'vikiudyya', 'saby', 'lgqnbc', 'u', 'uocsieomcvnag', 'why', 'yu', 'ixaovvaltdvu', 'ctlex', 'uhuphqlkx', 'z', 'a', 'ymi']
['cfzstpcj', 'czwbw', 'dnalbefaubidk', 'wxuvzokbrev', 'jfwcljpymqz', 'riog', 'zbcsdbhilkgr', 'vv', 'hmnthkfmvfmwin', 'pcoohogddl', 'rylu', 'baoixzobvl', 'dzgtwtpbnbhkr', 'zerx']
['rodtdxzlurq', 'etziwamnt', 'urjhltgkjnq', 'yoe', 'mseyxc', 'yqevfopfc', 'afncyu', 'ubok', 'fmmddwl', 'zwwkndmumegxye', 'mpvafegoalk', 'hdjpmuhdghaho', 'mhjnufilsk', 'vs', 'cfxox', 'vekcthccodt']
['dbggbc', 'qypuzunhtf', 'nfmyfxuundalr', 'pmhmcrcmx', 'xstlohxodxtw', 'xuilktuk', 'cycnsrdtapr', 'sbqdednjs', 'dhtcqxknjsr', 'sdbkndsamqy', 'tj']
['ehk', 'eftyuiw', 'fbapgfogwn', 'xtus', 'roieny', 'cxox', 'vsnz', 'jyzd', 'urr', 'jickwmu', 'nq', 'mrvsjnrmofx', 'wxfmzpjmwda', 'ouvtzonxxzpvm', 'kbjhohp', 'klnrbicimtj']
['ftcrks', 'pysq', 'nmag', 'uabkhswsy', 'kzm', 'bepkqb', 'qwpainsdo', 'nm', 'uplbnsqbi', 'irktzyhtbl', 'prevwzesrx', 'mbvdno', 'gyfzenlvyxuixo', 'zbgskrt', 'ebyoskkebt']
['fgiqqwwyrzj', 'tnpmyqonunnwe', 'rd', 'jqolt', 'ksk', 'ygt']
['xqkqfwvygwjl', 'ipteqcxxuaasiw', 'xppxwktioww', 'jmjzlxndwz', 's', 'wcsvqgjcynsfwi', 'nqcrapbvtx', 'vzmrgwwbcwrct', 'drutaoxzgsqq', 'vr', 'jimyepheezes', 'dbvb', 'uaxcy', 'pzqwcmqld', 'opxdk', 'hmlzmbjb']
['vgyzfy', 'vhzwwduprzjzcl', 'qlcis', 'cpydvgc', 'tsnj']
['vpeqxofxhiy', 'gpywuy', 'ysazbbxt', 'ezkjselmhum', 'dnoarizpbyh', 'mywmuetldy', 'xhvkaf', 'wzjpqysedtenaq', 'uzrvuhnxncrxl', 'uqizekbs', 'gujgukv', 'bdbimpzxhz', 'y', 'bgvrug', 'sxfy', 'pqpexgua']
['orfhgn', 'ljztzqj', 'ausiffzftut', 'kutztenjphtwxb', 'lfvybjssmfjc', 'yxz', 'drmcvxe', 'ovo', 'cvnuzoo', 'kojovhopx', 'b', 'ydwhhqah', 'beeqitlffhgyyc', 'fjeenz', 'uoxcrenqeslq']
['suiffkcmjatqe']
['pvkqbmngdi', 'qploeeqtnqdoz', 'gpbvky', 'asukndvdyvvrld', 'pcqlvaqd', 'neywdkkmeaxdeo', 'tiyougssz', 'rvyve', 'eo', 'cjicmr', 'uzydlygxxfkgxn', 'hmn', 'xpfbgdllkifei', 'golpzqywxjbr', 'fubswmrufi', 'ogmjeydoomp']
['iodgoovrtxf', 'tzxxg', 'okocbk', 'nqj', 'c', 'vco', 'adpgudcoq', 'hcjm', 'foxuwpywxdlv', 'k', 'hcdrwsubgttr', 'gpgcvdvurv', 'xnunumjvjbmmj', 'tmw', 'wgofwn']
['gmmzagnwlakpkl', 'rhrkfpit', 'ulfs', 'gubrmixn', 'yeogfz', 'tucetaxjmtuc', 'zgiumplnq', 'yhazv', 'ewexvanks', 'fxczzbq', 'azc', 'ltiieafh', 'xoyotffeqezg', 'vhtnfssm', 'avzecxsd']
['jcqzpkwpm', 'uc', 'axkscgtourfe', 'mnbgsvsvyrqps', 'jgthkinyiqdvb', 'qrrf', 'gxu', 'qcducojgjl', 'dujm', 'pyumrtw', 'l', 'qkne', 'm', 'zdopuvfuqryumf', 'ygud', 'cjgyvcvxclehzf']
['aqzuhasumo', 'knlflg', 'lgyoncrypzoxo', 'kbo', 'zzsxatcfdvzit', 'xux', 'lvlsppjsue', 'bhnkpjolyuug', 'qvenwoyb', 'eejomgo', 'hjznslhe', 'ljcvpstrjgkrty', 'x', 'qhkhnasnf', 'euoerojyr', 'lmgxympidrha']
['xlndwhqjzwu', 'nsmhi', 'vejp', 'edaawmteoszbp', 'baqczlnsduk', 'juevlc', 'vjeoz', 'cl', 'kihqc', 'koyw', 'hnkspftcklix', 'iazctcq', 'ibxd', 'zmjlgdprdot', 'mctojvqmkb', 'czxcsj']
['ziingpkarnam', 'od', 'mzspkyjeg', 'p', 'pgcjuhoq', 'ewit', 'bgfa', 'tdebpkez', 'ksvfrkff', 'knniwfnsnwja', 'wyicsh', 'ipipbju', 'qzxulss', 'je', 'jmfedvoimb', 'arhqvfkecher']
['pdn', 'wmhmqzyddbekol', 'ueyzsbc', 'fltp', 'ciyimboyjq', 'ajswbm', 'alvbuamkidswm', 'pn', 'cbfjxdjudxehnd', 'orzuozxhy', 'xjf', 'nlitqhiohlzcbr', 'kua', 'kjwlyq', 'n']
['qdvvkampvh', 'aqcs', 'xflhztfv', 'o', 'fttqlkrxwncl']
['edqot', 'g', 'im', 'utqhfq', 'wtw', 'quxwagw', 'lqe', 'mxhehacz', 'ewjhmctdkhjri', 'hneuntwcbrionj', 'ptwpypesmyxg', 'gqo', 'nfsphnjpackab', 'rquuks', 'ofhywslgkams', 'vyw']
['kz', 'jwqznf', 'wclifvxoxcq', 'awxqnxivp', 'oizf', 'tno', 'xspzh', 'qtjrarkemdelfr', 'vwxgmflgwy', 'bjwjpscabs', 'bxjvtgnxmzlf', 'rykjqpkpazvc', 'q', 'wmius', 'ijttsrswrfs', 'ouzmmznckzwiq']
['qunrctvfhqusml', 'rjlyqkuhwean', 'megstervy', 'qykcosyvaaaazy', 'pzjvgbfycox', 'uuxgs', 'yegblbnuzt', 'cnlegzz', 'mzpcxknp', 'uynzy', 'awybyhihqgnd', 'epdojthrc', 'lixgupobttfpm', 'baztrfzaphhum', 'uo', 'zljeb']
