['97', '94', '252', '90', '142', '370', '313', '87', '251', '129', '100', '34', '33']
['183', '63', '72', '71', '368', '68', '78', '65', '79', '61', '70', '323', '62', '73', '58', '75', '187', '80', '77', '54']
['317', '207', '210', '326', '345', '208', '327', '353', '340', '321', '324', '332', '335', '329', '331', '336', '330', '338', '322']
['92', '341', '225', '352', '95', '347', '385', '226', '390', '342', '240', '236', '234', '392', '396', '355', '382', '397', '231', '395']
['178', '172', '376', '175', '179', '180', '163', '168', '233', '371', '177']
['126', '310', '57', '56', '320', '50', '47', '53', '66', '41', '46', '308', '132', '44', '64', '55', '136', '306', '52', '51']
['189', '280', '124', '272', '265', '215', '271', '59', '303', '279', '282', '45', '42', '261', '270', '275', '60', '273']
['369', '366', '359', '358', '380', '343', '372', '360', '364', '365', '373', '367', '374', '378', '362', '361', '356', '377', '348', '363']
['131', '139', '5', '122', '127', '138', '135', '137', '125', '140', '133', '134', '128', '123', '130', '16']
['147', '159', '160', '155', '153', '151', '141', '143', '145', '148', '156', '174', '144', '149', '154', '158', '346', '157', '152', '165']
['230', '224', '239', '221', '222', '218', '203', '213', '349', '237', '379', '232', '227', '238', '351', '235', '244', '228', '223', '217']
['1', '9', '8', '18', '7', '399', '17', '15', '398', '13', '19', '12', '4', '11', '10', '3', '20']
['185', '197', '191', '31', '188', '200', '195', '22', '30', '182', '190', '186', '181', '35', '194', '184', '26', '193', '192', '196']
['39', '25', '69', '21', '23', '27', '38', '28', '32', '29', '74', '36', '37', '24', '40']
['116', '117', '106', '108', '105', '113', '110', '115', '103', '120', '109', '114', '101', '102', '111', '104', '119', '354', '112']
['391', '250', '386', '388', '389', '255', '387', '384', '383', '247', '254', '248', '400', '249', '393', '242', '394', '243', '381', '259']
['206', '214', '198', '212', '209', '220', '204', '150', '146', '205', '202', '211', '219', '201', '325', '328', '216', '199']
['162', '166', '176', '171', '121', '298', '164', '173', '169', '161', '170', '281', '357', '167', '292', '375']
['269', '241', '350', '258', '266', '260', '276', '246', '245', '277', '257', '264', '268', '274', '253', '262', '263', '256', '278', '267']
['290', '299', '285', '294', '289', '334', '67', '300', '288', '339', '296', '295', '337', '291', '287', '293', '333', '286', '283', '344']
['309', '6', '14', '304', '314', '312', '297', '301', '319', '302', '318', '2', '315', '305', '316', '284', '307', '311']
['99', '82', '88', '96', '84', '81', '91', '86', '93', '49', '76', '118', '43', '98', '83', '48', '107', '229', '85', '89']
