['122', '317']
['1', '50', '71', '99', '176', '246', '288', '323', '337', '365', '367', '403', '410', '414', '428', '448', '449', '454', '456', '458', '477', '482', '494']
['16', '242', '339', '366']
['78', '109', '112', '116', '117', '119', '120', '124', '125', '204', '235', '407']
['34', '273', '276', '277', '278', '384', '496']
['251', '350', '353', '354', '355', '446']
['256', '307', '471']
['321', '329', '330', '331', '332', '335', '356', '393']
['107', '260', '266', '312', '351', '452']
['77', '80', '81', '83', '111', '123', '151', '293']
['12', '42', '96', '279', '421']
['146', '460']
['84', '89', '175', '177', '178', '180', '181', '184', '217', '221', '222', '223', '319']
['48', '94', '441', '444']
['49', '51', '52', '229', '299', '439']
['56', '57', '154', '157', '159', '160', '274']
['91', '95', '185', '485', '495']
['61', '65', '74', '371', '372']
['5', '19', '33', '54', '82', '103', '110', '118', '138', '145', '164', '187', '196', '200', '201', '202', '334', '341', '347', '390', '418', '432']
['97', '131', '382']
['67', '248', '310', '377', '387', '391', '430', '434', '436', '437', '438', '440']
['58', '69', '148', '225', '426']
['43', '62', '86', '189', '190', '191', '193', '210', '213', '215', '280', '281', '282', '352', '362', '417', '450']
['98', '104', '140', '142', '144', '344', '408']
['63', '76', '115', '199', '397', '412']
['231', '232', '233', '239', '373']
['7', '8', '10', '13', '93', '102', '389', '451', '476', '480', '481']
['0', '2', '468']
['55', '132', '216', '322', '324', '385', '388']
['23', '155', '392', '396', '398']
['14', '20', '218', '370', '422', '423']
['75', '88', '275', '427', '429', '431', '461', '492']
['59', '135', '245', '247', '466']
['11', '27', '150', '409']
['161', '163', '166', '167', '238', '244', '268', '401', '469', '470', '472', '473', '474']
['165', '205', '206', '262', '325']
['87', '226', '259', '265', '305']
['4', '173', '340', '376', '435', '463']
['41', '45', '126', '127', '128', '413', '415', '420']
['44', '101', '214', '254', '263', '328', '378', '379', '380', '381', '383']
['47', '172', '197']
['302', '314']
['36', '192', '249', '406', '411']
['46', '188', '264', '336', '342', '484']
['345', '419']
['90', '234', '240', '267']
['70', '72', '73', '195', '236', '320', '425', '433']
['9', '21', '24', '68', '287', '289', '292', '301', '303', '304', '308', '309', '490', '491', '493']
['28', '29', '30', '32', '40', '220', '227', '343', '346', '349', '364', '368']
['105', '108', '130', '258', '363']
['113', '212', '219', '315', '316', '318']
['174']
['25', '114', '252', '253', '255', '257', '270', '271', '313']
['143', '156', '272', '394']
['134', '333', '404', '453', '483', '486', '487', '489']
['294', '296', '297', '298']
['15', '92', '290', '357', '358', '360', '361']
['6', '79', '141', '158', '168', '169', '207', '386', '462', '467']
['182', '183', '186', '286', '291']
['3', '17', '31', '38', '66', '106', '129', '133', '136', '139', '153', '171', '250', '269', '283', '374', '395', '465']
['22', '224', '228', '230', '300']
['121', '359', '369']
['100', '147', '149', '152']
['170', '203', '208', '209', '237', '284', '326', '478']
['179', '327', '479']
['137', '285', '306']
['35', '39', '85', '402']
['60', '295', '442']
['243', '261', '400', '455', '457', '459']
['53', '338', '348', '445', '488']
['18', '375', '399', '405']
['241', '447', '464']
['26', '37', '194', '443', '475']
['64', '162', '198', '211', '311', '416', '424']
