['20', '62', '65', '149', '178', '210', '242', '258', '259', '279']
['5', '10', '24', '36', '41', '89', '90', '199', '228', '232', '246', '271', '275', '293', '297']
['6', '16', '45', '49', '111', '112', '134', '148', '154', '179', '180', '186', '212', '234', '268']
['206']
['2', '13', '43', '94', '118', '123', '143', '151', '162', '168', '182', '207', '286', '287', '291']
['56', '70', '71', '104', '127', '169', '188', '262', '294', '300']
['7', '27', '33', '50', '67', '76', '101', '132', '147', '155', '166', '172', '189', '190', '191', '203', '233', '235', '240', '251', '266', '267']
['4', '15', '102', '113', '119', '219', '244', '260', '272']
['28', '74', '97', '98', '106', '107', '108', '167', '173', '194', '218', '252', '257', '264']
['29', '34', '52', '53', '69', '73', '95', '105', '117', '124', '159', '170', '213', '223', '247', '296']
['25', '46', '58', '82', '129', '146', '158', '205', '214', '299']
['75', '80', '83', '85', '96', '116', '122', '125', '133', '136', '137', '138', '140', '153', '156', '195', '211', '215', '224', '237', '248', '290']
['11', '37', '88', '91', '121', '128', '161', '176', '200', '227', '241', '283']
['3', '9', '14', '31', '61', '63', '68', '100', '120', '145', '157', '164', '171', '185', '201', '202', '229', '261', '265', '288']
['12', '22', '26', '30', '32', '51', '54', '59', '72', '84', '87', '93', '114', '126', '135', '144', '163', '181', '187', '193', '204', '225', '238', '243', '298']
['39', '92', '99', '152', '174', '198', '216', '249', '253', '254', '269', '276', '285', '295']
['1', '18', '19', '23', '42', '47', '55', '64', '66', '131', '142', '175', '197', '209', '220', '226', '256', '270', '273', '274', '281', '284', '289']
['8', '17', '21', '35', '44', '77', '81', '103', '110', '130', '160', '165', '177', '184', '196', '208', '217', '231', '236', '239', '263', '277', '278']
['40', '48', '57', '60', '86', '109', '115', '139', '141', '150', '183', '192', '221', '222', '230', '255', '280', '292']
['38', '78', '79', '245', '250', '282']
