['0', '17', '19', '37', '73', '74', '77', '84', '129', '133', '152', '161', '162', '200', '218', '238', '290', '300']
['15', '23', '29', '71', '108', '113', '134', '154', '165', '169', '187', '196', '205', '236', '243', '260', '264']
['39', '45', '78', '81', '106', '156', '160', '182', '199', '204', '223', '248']
['43', '91', '117', '138', '139', '167', '168', '193', '220', '221', '227', '234', '272', '278', '281', '285', '308']
['3', '6', '34', '110', '136', '173', '188', '245']
['5', '58', '65', '82', '97', '99', '130', '135', '155', '171', '246', '271', '280', '286', '299', '304', '305']
['8', '24', '26', '33', '61', '148', '163', '177', '212', '226', '231', '255', '262', '288', '295', '303']
['13', '50', '70', '112', '114', '140', '143', '158', '206', '214', '247', '252', '276', '289', '291']
['40']
['10', '28', '55', '101', '125', '131', '170', '176', '230', '266', '301', '312']
['31', '36', '48', '63', '122', '128', '164', '202', '209', '269', '274', '279', '297']
['21', '30', '62', '64', '79', '98', '105', '111', '201', '219', '222', '233', '239', '282']
['4', '12', '32', '35', '72', '80', '124', '137', '141', '157', '213', '273', '294']
['41', '66', '67', '69', '90', '102', '104', '120', '145', '174', '181', '207', '229', '251', '293', '313']
['9', '38', '53', '144', '216', '242', '298']
['25', '42', '75', '83', '109', '126', '151', '184', '194', '198', '261', '277', '292', '306']
['7', '54', '56', '89', '94', '100', '107', '115', '118', '150', '153', '183', '186', '211', '253', '302']
['18', '20', '68', '116', '224', '240', '254']
['22', '27', '44', '49', '92', '96', '121', '149', '192', '217', '225', '237', '249', '250']
['16', '47', '51', '59', '76', '85', '86', '93', '175', '178', '189', '191', '241', '244', '257', '283', '284', '307']
['2', '60', '87', '88', '103', '119', '123', '127', '142', '166', '180', '195', '197', '203', '208', '210', '232', '256']
['1', '11', '14', '46', '95', '132', '147', '159', '185', '190', '263', '268', '275', '287', '296']
['52', '57', '146', '172', '179', '215', '228', '235', '258', '259', '265', '267', '270', '309', '310', '311']
