['Ava', 'Alana', 'Carmen', 'Liliana', 'Clara', 'Alanna', 'Angie', 'Carrie', 'Shyanne', 'Eve']
['Brittany', 'Vanessa', 'Karen', 'Holly', 'Jasmin', 'Selena', 'Camille', 'Priscilla', 'Esther', 'Heaven']
['Kaitlin', 'Sofia', 'Diamond', 'Julie', 'Esmeralda', 'Dana', 'Brandy', 'Alisha', 'Francesca', 'Madisyn']
['Jordan', 'Andrea', 'Paige', 'Trinity', 'Anne', 'Kristin', 'Marisa', 'Gina', 'Linda', 'Virginia']
['Madeline', 'Skyler', 'Kirsten', 'Tessa', 'Kiana', 'Makenna', 'Jacquelyn', 'Karissa', 'Malia', 'Kailee']
['Michelle', 'Jillian', 'Alicia', 'Heather', 'Angelica', 'Cameron', 'Macie', 'Sage', 'Ann', 'Nichole']
['Amy', 'Mikayla', 'Kelly', 'Caitlyn', 'Jocelyn', 'Summer', 'Celeste', 'Perla', 'Eden', 'Miracle']
['Shelby', 'Hope', 'Yesenia', 'Alexus', 'Vivian', 'Rosa', 'Teresa', 'Gloria', 'Jenny', 'Ellen']
['Faith', 'Makayla', 'Bailey', 'Melissa', 'Daniela', 'Jaqueline', 'Bridget', 'Josie', 'Bryanna', 'Lizbeth']
['Erin', 'Caroline', 'Lillian', 'Meghan', 'Daisy', 'Gianna', 'Tatiana', 'Marie', 'Deborah', 'Breana']
['Jamie', 'Jessie', 'Noelle', 'Kali', 'Lesley', 'Kelsie', 'Kiersten', 'Justine', 'Paris', 'Amari']
['Jazmin', 'Patricia', 'Katelynn', 'Elena', 'Reagan', 'Aliyah', 'Rylee', 'Mikaela', 'Hailee', 'Serenity']
['Courtney', 'Jacqueline', 'Payton', 'Lindsay', 'Emilee', 'Mckayla', 'Lucia', 'Genevieve', 'Kenya', 'Barbara']
['Gabriela', 'Angel', 'Lily', 'Cynthia', 'Delaney', 'Casey', 'Aaliyah', 'Mallory', 'Meagan', 'Chasity']
['Melanie', 'Mckenna', 'Kendall', 'Kara', 'Sidney', 'Litzy', 'Melody', 'Hunter', 'Iris', 'Emely']
['Catherine', 'Lydia', 'Julissa', 'Eleanor', 'Kierra', 'Talia', 'Susan', 'Kiera', 'Sydnee', 'Toni']
['Ariana', 'Madelyn', 'Adriana', 'Rebekah', 'Julianna', 'Elise', 'Alaina', 'Cristina', 'Raquel', 'Rhiannon']
['Katelyn', 'Angela', 'Briana', 'Kate', 'Tara', 'Allyson', 'Gracie', 'Shania', 'Lorena', 'Leilani']
['Mckenzie', 'Juliana', 'Carolyn', 'Shayla', 'Julianne', 'Aileen', 'Athena', 'Clare', 'Kelli', 'Madelynn']
['Jenna', 'Kiara', 'Skylar', 'Rachael', 'Alison', 'Macy', 'Joanna', 'Fatima', 'Sylvia', 'Melina']
['Kristen', 'Kylee', 'Claudia', 'Abby', 'Kassandra', 'Nia', 'Anastasia', 'Brenna', 'Ashlee', 'Brooklynn']
['Breanna', 'Cassidy', 'Margaret', 'Christine', 'Asia', 'Nina', 'Nancy', 'Yasmin', 'Janae', 'Chelsey']
['Amelia', 'Alissa', 'Hallie', 'Rose', 'Kailey', 'Kaitlynn', 'Haleigh', 'Ashlynn', 'Lesly', 'Marisol']
['Aubrey', 'Natasha', 'Mercedes', 'Josephine', 'Kira', 'Deja', 'Eliza', 'Layla', 'Zoey', 'Kaleigh']
['Kylie', 'Ellie', 'Anahi', 'Gisselle', 'Cheyanne', 'Martha', 'Abbey', 'Janelle', 'Skye', 'Larissa']
['Isabelle', 'Sandra', 'Ruby', 'Ella', 'Katlyn', 'Georgia', 'Regan', 'Johanna', 'Marlene', 'Eliana']
['Miranda', 'Logan', 'Addison', 'Tiana', 'Kayleigh', 'Ashton', 'Tiara', 'Kaylie', 'Jaden', 'Madalyn']
['Shannon', 'Sadie', 'Carolina', 'Whitney', 'Tatyana', 'Joy', 'Angelique', 'Irene', 'Madyson', 'Arielle']
['Erika', 'Britney', 'Kennedy', 'Chelsea', 'Veronica', 'Imani', 'Carla', 'Jane', 'Jaclyn', 'Kaila']
['Marissa', 'Peyton', 'Genesis', 'Miriam', 'Lisa', 'Mariana', 'Theresa', 'Tamara', 'Tatum', 'Tamia']
['Mariah', 'Autumn', 'Jada', 'Ariel', 'Adrianna', 'Charlotte', 'Meredith', 'Eva', 'Harley', 'Fiona']
['Amber', 'Danielle', 'Dakota', 'Kassidy', 'Bailee', 'Taryn', 'Kiley', 'Sonia', 'Esperanza', 'Tierra']
['Serena', 'April', 'Tia', 'Krista', 'Janet', 'Carissa', 'Alayna', 'Maddison', 'Felicity', 'Alina']
['Jordyn', 'Amaya', 'Maggie', 'Kyra', 'Cierra', 'Kyla', 'Madeleine', 'Cecilia', 'Jayda', 'Phoebe']
['Angelina', 'Karina', 'Sophie', 'Alexia', 'Raven', 'Kristina', 'Valeria', 'Brandi', 'Viviana', 'Adrienne']
['Claire', 'Kelsey', 'Alexandria', 'Leah', 'Katie', 'Cassandra', 'Evelyn', 'Camryn', 'Natalia', 'Colleen']
['Mary', 'Gabrielle', 'Sierra', 'Hayley', 'Michaela', 'Carlie', 'Nora', 'Marilyn', 'Macey', 'Luz']
['Maya', 'Deanna', 'Wendy', 'Tabitha', 'Paola', 'Lucy', 'Gillian', 'Clarissa', 'Daniella', 'Tyler']
['Sara', 'Lauryn', 'Katrina', 'Jazmine', 'Guadalupe', 'Nadia', 'Dominique', 'Jayla', 'Tori', 'Renee']
['Monique', 'Carley', 'Tyra', 'Kaylin', 'Tania', 'Alyson', 'Cora', 'Elisa', 'Devin', 'Cristal']
['Sabrina', 'Audrey', 'Naomi', 'Haylee', 'Cindy', 'Ciara', 'Cara', 'Lilly', 'Aurora', 'Alma']
['Gabriella', 'Tiffany', 'Erica', 'Bethany', 'Bianca', 'Makenzie', 'Karla', 'Kathleen', 'Halle', 'Elaina']
['Valerie', 'Monica', 'Avery', 'Brooklyn', 'Destinee', 'Denise', 'Kamryn', 'Helen', 'Lacey', 'Ayanna']
['Laura', 'Leslie', 'Diana', 'Hanna', 'Ashlyn', 'Desiree', 'Alondra', 'Allie', 'Mayra', 'Brisa']
['Caitlin', 'Zoe', 'Savanna', 'Ashleigh', 'Baylee', 'Ruth', 'Marina', 'Ivy', 'Kasey', 'Pamela']
['Cheyenne', 'Lindsey', 'Arianna', 'Crystal', 'Paulina', 'Zaria', 'Emilie', 'Felicia', 'Chyna', 'Regina']
['Alexa', 'Kathryn', 'Mia', 'Ana', 'Mya', 'Charity', 'Annabelle', 'Sasha', 'Tianna', 'Jayden']
['Brooke', 'Christina', 'Molly', 'Riley', 'Brittney', 'Carly', 'Alejandra', 'Piper', 'Tayler', 'Kaley']
['Kaylee', 'Jade', 'Kendra', 'Giselle', 'Annie', 'Callie', 'Krystal', 'Cassie', 'Heidi', 'Annika']
['Kimberly', 'Isabel', 'Brenda', 'Elisabeth', 'India', 'Yasmine', 'Sharon', 'Alice', 'Precious', 'Lexi']
