['13', '14', '37', '83', '84', '85', '98', '99', '116', '117', '118', '119', '120', '132', '133', '146', '147', '250', '321', '322', '326']
['34', '35', '36', '139', '157', '161', '162', '163', '240', '274', '275', '312', '323', '324', '325', '331', '332', '354']
['38', '39', '40', '41', '42', '60', '100', '101', '102', '103', '112', '113', '257', '265', '305']
['3', '4', '5', '15', '16', '17', '29', '30', '31', '32', '79', '80', '81', '89', '134', '135', '151', '167', '168', '186', '239', '297', '298', '334', '335', '338', '339']
['25', '43', '44', '45', '46', '49', '173', '213', '218', '234', '341']
['6', '27', '28', '55', '56', '72', '87', '226', '227', '235', '236', '246', '247', '276', '277', '363', '364', '365', '366', '396', '397']
['67', '68', '92', '110', '136', '137', '138', '187', '214', '215', '216', '217', '223', '224', '225', '263', '264', '291', '292', '293', '316', '317', '333']
['26', '88', '166', '202', '203', '204', '205', '206', '290', '340']
['73', '122', '123', '140', '153', '237', '238', '260', '261', '282', '283', '303', '307', '308', '309', '315', '318', '329', '343', '344', '345', '346', '347', '355', '356', '358', '359', '360', '361', '384']
['23', '24', '52', '53', '126', '127', '128', '129', '149', '191', '231', '232', '233', '262', '302', '306', '320', '377']
['124', '125', '154', '196', '197', '198', '266', '267', '268', '269', '270', '271', '288', '289']
['0', '1', '141', '142', '148', '158', '159', '160', '177', '178', '179', '189', '190', '209', '210', '211', '242', '243', '244', '245', '286', '287', '398', '399']
['11', '12', '71', '93', '164', '165', '174', '175', '176', '188', '207', '212', '251', '301', '313', '314', '330', '336', '337', '380', '381', '382', '389', '390']
['61', '62', '63', '64', '65', '66', '86', '104', '105', '106', '145', '150', '155', '156', '193', '194', '208', '284', '285', '299', '310', '311', '327', '349', '350', '351', '352', '353', '379']
['47', '48', '50', '51', '143', '144']
['18', '19', '70', '75', '76', '77', '111', '114', '115', '172', '248', '249', '252', '253', '254', '255', '256', '258', '259', '295', '296', '300', '304', '378', '385', '386', '395']
['20', '21', '22', '57', '58', '59', '69', '82', '96', '97', '109', '180', '181', '182', '183', '195', '241', '357', '367', '368', '369', '370', '371', '372', '373', '374', '375', '376', '387', '388']
['2', '7', '8', '9', '33', '54', '90', '91', '121', '184', '185', '192', '219', '220', '221', '222', '278', '279', '280', '281', '319', '348', '362']
['78', '94', '95', '130', '131', '199', '200', '201', '228', '229', '230', '294', '342']
['10', '74', '107', '108', '152', '169', '170', '171', '272', '273', '328', '383', '391', '392', '393', '394']
