['47', '59', '119', '150', '196', '224', '253', '266', '296', '339', '346', '354', '380', '386', '418', '420', '435', '475', '483']
['15', '78', '104', '154', '202', '226', '233', '245', '302', '329', '367', '464', '497']
['24', '70', '79', '92', '100', '160', '207', '244', '304', '309', '324', '395', '413', '427', '458', '466', '467']
['11', '67', '85', '117', '118', '129', '210', '215', '251', '263', '264', '344', '391', '397', '428']
['0', '35', '71', '108', '176', '177', '186', '205', '213', '246', '331', '341', '364', '379', '381', '429']
['28', '54', '105', '238', '242', '313', '314', '321', '361', '375', '398', '409', '421', '438', '447', '455', '462', '478', '488', '498']
['25', '30', '36', '139', '140', '162', '166', '216', '223', '275', '393', '424', '444', '459']
['1', '14', '16', '93', '122', '174', '178', '211', '219', '220', '237', '247', '286', '299', '363', '388', '403', '408', '442', '471']
['8', '81', '95', '130', '183', '218', '222', '280', '308', '377', '399', '401', '405', '426', '433', '479', '481']
['34', '56', '88', '124', '132', '243', '256', '306', '311', '316', '318', '333', '394', '411']
['20', '65', '69', '72', '87', '91', '109', '153', '163', '272', '293', '353', '371', '374', '382', '410', '431', '443', '480']
['10', '55', '62', '83', '84', '191', '236', '315', '343', '389', '450', '499']
['66', '82', '97', '141', '145', '165', '173', '180', '249', '252', '342', '402', '473']
['27', '103', '110', '115', '126', '131', '134', '136', '147', '151', '152', '270', '322', '325', '338', '340', '355', '359', '404', '460']
['43', '120', '159', '268', '289', '372', '378', '423', '425', '446', '491', '492']
['49', '74', '77', '142', '158', '194', '248', '279', '294', '305', '320', '328', '454']
['51', '80', '106', '143', '175', '203', '209', '217', '262', '292', '303', '334', '337', '356', '369', '376', '407', '415', '434', '461']
['37', '90', '111', '116', '127', '179', '190', '204', '241', '265', '267', '277', '317', '348', '390', '392', '465', '486']
['5', '195', '212', '288', '327', '345', '360', '370', '437', '448', '451', '457', '472']
['12', '29', '48', '148', '164', '184', '193', '198', '250', '368', '432', '440', '445', '469', '485']
['2', '21', '38', '39', '58', '75', '94', '112', '128', '135', '156', '182', '206', '232', '257', '312', '441']
['9', '17', '42', '99', '138', '149', '185', '187', '188', '189', '239', '254', '301', '412', '430', '476', '482', '489', '493', '494']
['3', '19', '53', '102', '114', '125', '133', '228', '278', '284', '290', '291', '310', '347', '349', '385', '422', '449', '452', '484']
['31', '33', '45', '63', '76', '101', '168', '170', '199', '231', '259', '260', '273', '298', '332', '365', '383', '456', '468', '470']
['13', '22', '44', '96', '123', '146', '192', '225', '283', '295', '297', '307', '350', '352', '373', '406', '463']
['6', '86', '89', '98', '113', '169', '171', '366', '453', '495']
['18', '50', '144', '181', '201', '221', '255', '269', '271', '287', '300', '358', '416', '419', '439', '477', '490']
['4', '7', '32', '41', '57', '60', '157', '197', '200', '214', '229', '230', '276', '285', '351', '396', '400', '474', '487']
['23', '40', '52', '61', '64', '107', '161', '172', '208', '240', '258', '319', '323', '326', '335', '336', '362', '387', '414', '496']
['26', '46', '68', '73', '121', '137', '155', '167', '227', '234', '235', '261', '274', '281', '282', '330', '357', '384', '417', '436']
