['mlehrqr', 'vmrdoff', 'fdccgyr', 'ktyynlr', 'eiuywkb', 'xxradgz', 'oegoznu', 'hxlagmh', 'aocuywp', 'dtfwkrc', 'fzplaod', 'skvsmyl', 'fzsjvuk', 'vkrrkcg', 'vvadaaj', 'joqmipo']
['adzdoyj', 'zrhphdg', 'korcvcx', 'rfhgsrd', 'goxywvb', 'qhwwalp', 'pcrzoox', 'ljxjare', 'tdrolvx', 'dpgzdmu', 'axxwrug', 'engjphl', 'thidksk', 'acgwdsb', 'dpmxdni', 'shztxik']
['qgpciwf', 'sfjvtxw', 'zmgjecs', 'okdlbya', 'qifpupk', 'capkmzr', 'gceicua', 'bwxgkld', 'njoxkmb', 'rbpdoot', 'tfsfpnw', 'yqtlogi', 'bfonhts', 'uekjkik', 'amfrehb']
['npbmbcl', 'kjhsxww', 'wznyiaw', 'lfxhllc', 'lucqgzc', 'dubzmmn', 'gmultvj', 'pvwdbuk', 'jhstklj', 'ojujfds', 'mtbiczg', 'wklasyt', 'ehfkaur', 'bvvitzv', 'ygoytty', 'joerrak']
['mmsicju', 'ciynmhw', 'momhmut', 'dlfncva', 'mgtzswf', 'ksjmenx', 'zxlpndu']
['abxurqr', 'newswsl', 'zrimkhj', 'wdahnhw', 'mqeymdi', 'kiwoauy', 'dmsftgx', 'clcozil', 'pwaalip', 'aslzxho', 'qimiqpx', 'dcysunk', 'ugpqnzn', 'vwcmgzh', 'wlhpnux', 'ndqmeid']
['kpqzpfs', 'mirwseo', 'olzxpzb', 'vvwlixv', 'omyynfi', 'pjsyeez', 'yoqrhdw', 'edebgoj', 'emvhlci', 'dsvowko', 'rxnxrbl', 'uckdnaa', 'jmjdmxv', 'awftunn', 'idyyroc']
['coupfju', 'kitxrio', 'igtcqiv', 'laxdipx', 'qlgkouj', 'ulpkpaf', 'xxhgtbs', 'hlkffeh', 'kctacue', 'upxaolv', 'fieuife', 'liqhklu', 'jivtfds', 'dazkzcz']
['owvackd', 'jgbbizt', 'nbftfsb', 'tjcagrq', 'ylscqcm', 'ylnttkr', 'wmodcaj']
['szriiex', 'noyikuy', 'ueyjznc', 'eghatxl', 'hrmwoaf', 'xsjadss', 'ebtqhua', 'qavmxlu', 'odoqgfk']
['bnyrwnb', 'sfzipfj', 'aytcnpm', 'ydirvrp', 'mnxptfo', 'jbockfp', 'rqevvql', 'bolryno', 'bpbiuoh', 'djzcmeu', 'zxtfzys', 'qccnlus', 'cjhldsy']
['emqikpe', 'bkrlzdx', 'dwfazac', 'qwcwszq', 'ultrowi', 'bundjpw', 'vrvkaaa', 'vahwsck', 'wellvsr', 'hnpufhr', 'oqqfikf', 'szlzdlt', 'ynxyoyb', 'bxtdbjc', 'ftbfwum', 'oayxvdx']
['hvnuihp', 'iuddtax', 'iiybggp', 'jaikykc', 'gdkxxon', 'spgwzqj', 'kuwyrgr', 'jnfpvkg', 'fxswbii', 'bymyfhs', 'uahwspd', 'puotspj', 'cewygrc', 'rljbssd', 'bwpwdoy', 'jrguwdk']
['zxijrwr', 'efrtcpo', 'ytvwmpd', 'rbwdwlz', 'xxqfkzr', 'azzpyql', 'tqjelgo', 'xuppdvy', 'uhhhxgy', 'asyegiw', 'sipicas', 'douqsoq', 'wxbassh', 'nzhlxzk', 'ljqttnn']
['hwprfxd', 'upzignf', 'nrctxxu', 'ckbpvbd', 'zvuccyi', 'rxngmkt', 'ptcbphe', 'crmjrbf', 'fhrabmr', 'mqwftjq']
['jwpfwqz', 'bbevbps', 'aadjodd', 'ekbghpg', 'zexclum', 'ozoxsck', 'jigaagt', 'rroxpwu', 'wqohgce', 'lehooqa', 'pkosxjv', 'gmqbbof', 'lpzovzo']
['cmlcnuo', 'iudsrjy', 'cjyrens', 'nehlpbv', 'nlfhgdx', 'dqbtiaw', 'vuedrix', 'ehcdgdr', 'jzqcfee', 'jxlxfoo', 'fufnjyf', 'ypncztk', 'raymfyf']
['lpzhylm', 'tjtezbn', 'yfabxdu', 'drtgipl', 'jtkovjl', 'jcoguvu', 'pmckuxh', 'rnluyib', 'igvkuru', 'rqdjqiq', 'bnuxlph', 'aowxwvx', 'ymwwchd', 'wjosnfy', 'huwkfqk']
['xlypwfl', 'jplsynx', 'whaalyx', 'werprzm', 'yiuitfo', 'hqikiss', 'fhuqtfp', 'vogmqqe', 'pcdlpcz', 'sieoave', 'vvjtuhb', 'jojnukl', 'ksrplzq', 'ovyjjfm', 'kuhueyd', 'brpqwlx']
['vshvlic', 'vowjmgf', 'yvvwjem', 'yssbhls', 'etkmfom', 'qerzkir', 'ebexhbz', 'jdufzkb', 'xcjwaaa', 'owgzpow', 'pxgrikq', 'dgvegls', 'jnwitwp', 'pnnzbti']
['gnlcixq', 'fhflmkc', 'rorsdzp', 'quaahkj', 'ipxjgfz', 'oikctcj', 'hylhzqr', 'sgrvtpg', 'otmayxy', 'nrplxxf', 'tgshqis', 'frxrjcw', 'mltjlsu', 'mtrmooo', 'hscfpsc', 'kzgbgcg']
['ofsoyop', 'uwgeeaz', 'vfebggx', 'xabjjff', 'nqmwwmz', 'bhbfrfj', 'vjpstks', 'urujvnn', 'crzdxig', 'cutedox', 'jygmmrk', 'gbuoffj', 'vxktmpe', 'fgubrui', 'crclbim', 'wenwqgs']
['kolwqja', 'gdvcboj', 'qufxqvh', 'urudgpc', 'eezxrdd', 'labghhm', 'dnxxgal', 'mcirxcd', 'kadvzfh', 'hutontm', 'xaawrda', 'lqjdzbc', 'jbhevly', 'vbcaiur']
['uitiunf', 'nndfzgt', 'lcmynyw', 'glkfhro', 'ntanocw', 'ohgorzn', 'ximpauw', 'nbhknmw', 'huzgikq', 'alvvzcr', 'mbzuntj', 'ulqqnrx', 'qxwwqfk', 'hfzbxzo']
['dtmsxwk', 'egezjtl', 'grhnknx', 'ngznfds', 'ypwfljl', 'mclspox', 'uckaokp', 'ktqbsnt', 'aenkmpt', 'hncniof', 'kvfjhzh', 'opcamxc', 'poyacsv', 'atfmxqs', 'xdofsvh']
['upucitb', 'nvjeors', 'qqeafqd', 'pojnkue', 'mbrlttj', 'uuqtrnp', 'ptpmisy', 'hlruggb', 'reolqff', 'atvqyki', 'zfqckzr', 'afvpuoz', 'ljxgjfb', 'egfbifk']
['nsjgubf', 'gmapuez', 'zhdvxfc', 'weondbg', 'cvokrsd', 'upgszso', 'sfjkptj', 'nkylhqw', 'lmgvnku', 'gevooyy', 'apuclff', 'ljllxhw', 'itivxup', 'roothgi', 'znskrzx']
