['113', '186', '238', '256', '260', '287', '298', '321', '350', '416']
['92', '120', '200', '284', '337', '367', '407', '428', '455', '482']
['122', '129', '148', '174', '237', '244', '251', '254', '357', '446']
['11', '144']
['34', '135', '169', '183', '198', '227', '323', '349', '380', '489']
['58', '64', '77', '83', '133', '171', '173', '197', '201', '334']
['63', '356', '399', '418', '429']
['59', '62', '74', '84', '101', '111', '286', '462', '475']
['65', '119', '152', '190', '193', '240', '278', '299', '361']
['54', '81', '158', '215', '220', '232', '291', '341', '343', '485']
['95', '202', '246', '283', '289', '304', '405', '413']
['70', '393', '404', '449']
['139', '229', '231', '250', '262', '363', '364', '368', '370', '438']
['75', '339']
['57', '136', '159', '212', '279', '320', '451', '458', '464', '495']
['20', '21', '67', '97', '164', '257', '306', '355', '431', '498']
['52', '66', '99', '205', '263', '316', '346']
['17', '36', '46', '90', '118', '315', '386', '406', '410', '457']
['157', '269', '326', '387', '425', '434', '447', '453', '460']
['121', '126', '160', '192', '297', '362', '426', '442']
['12', '103', '104', '134', '182', '252', '312', '443', '487']
['22', '42', '82', '196', '210', '239', '272', '420', '440', '480']
['7', '138', '143', '249', '293', '379', '401', '466', '473']
['141', '145', '181', '214', '303', '324', '331', '332', '467', '469']
['18', '19', '38', '71', '116', '151', '161', '259', '294', '481']
['94', '184', '271', '390']
['24', '110', '488']
['50', '89', '109', '245', '314', '373', '395', '491']
['29', '60', '130', '154', '258', '330', '490', '492', '497']
['117', '165', '175', '222', '422']
['35', '105', '125', '155', '241', '274', '310', '317', '411', '427']
['80', '247', '313', '338', '382', '408', '474']
['127', '170', '207', '213', '224', '266', '329', '461', '476']
['14', '16', '79', '96', '107', '112', '230', '352', '483']
['30', '32', '114', '147', '209', '305', '340', '365', '366', '409']
['26', '185', '226', '261', '414', '430', '432', '456', '484']
['124', '166', '177', '327', '354', '391', '435', '450', '493']
['9', '88', '199', '234', '478']
['91', '153', '219', '285', '296', '311', '345', '421', '477', '499']
['13', '195', '325', '381', '415']
['2', '86', '150', '359']
['40', '72', '167', '228', '242', '268', '280', '347', '351', '472']
['28', '47', '156', '179', '243', '290', '301', '419', '486']
['51', '102', '106', '223', '335', '396', '452', '479']
['4', '369', '378', '385', '389', '463', '496']
['1', '33', '87', '236', '402']
['10', '55', '178', '206', '225', '307', '348', '398', '412']
['41', '44', '137', '282', '295', '318', '336', '360', '383', '397']
['3', '39', '43', '163', '191', '218', '308', '353', '372', '441']
['8', '53', '115', '142', '172', '208', '288', '377', '444', '468']
['93', '108', '140', '149', '180', '253', '281', '358', '388', '392']
['48', '123', '211', '277', '292', '328', '417', '459']
['146', '168', '188', '189', '233', '248', '255', '342', '465', '494']
['25', '98', '100', '221', '267', '276', '319', '400', '433']
['5', '448']
['78', '132', '176', '216', '300', '423', '439']
['6', '37', '131', '204', '309', '322', '394', '437', '445']
['31', '61', '73', '162', '265', '270', '454', '500']
['69', '128', '194', '333', '374', '376', '471']
['27', '45', '275', '371', '375', '384']
['49', '56', '68', '85', '187', '217', '235', '302', '436', '470']
['15', '23', '76', '203', '264', '273', '344', '403', '424']
