['2', '22', '62', '82', '95', '122', '142', '157', '162', '222', '242', '243', '262', '302', '314', '322', '326', '342', '362']
['11', '28', '31', '48', '71', '88', '108', '128', '148', '188', '208', '248', '268', '288', '308', '311', '328', '348', '354', '388']
['67', '107', '112', '114', '127', '147', '154', '167', '187', '207', '214', '227', '234', '247', '264', '267', '287', '294', '307', '367']
['3', '23', '43', '63', '83', '103', '123', '143', '163', '183', '203', '223', '283', '303', '363', '383', '390']
['13', '33', '72', '73', '93', '113', '133', '173', '193', '252', '253', '272', '273', '281', '284', '292', '293', '301', '333', '352']
['15', '35', '53', '55', '75', '115', '135', '153', '155', '175', '192', '195', '215', '235', '295', '313', '315', '335', '355', '395']
['6', '24', '26', '46', '66', '86', '94', '106', '126', '166', '184', '186', '204', '206', '226', '266', '274', '286', '306', '346']
['4', '9', '29', '49', '69', '129', '144', '164', '169', '170', '189', '209', '229', '249', '289', '309', '344', '349', '369', '384']
['10', '21', '27', '30', '50', '61', '90', '110', '137', '150', '172', '190', '210', '221', '228', '230', '250', '270', '310', '350']
['44', '57', '64', '77', '117', '177', '217', '224', '237', '277', '297', '304', '317', '324', '337', '357', '364', '377', '382', '397']
['5', '8', '25', '45', '65', '68', '85', '125', '130', '145', '168', '205', '263', '265', '285', '305', '343', '345', '368', '385']
['14', '34', '51', '74', '91', '111', '131', '134', '151', '171', '191', '194', '211', '231', '251', '271', '291', '334', '351', '371']
['36', '56', '96', '116', '136', '156', '176', '216', '236', '276', '296', '316', '320', '323', '327', '330', '331', '336', '376']
['7', '16', '76', '87', '165', '196', '245', '255', '256', '275', '353', '356', '387', '389', '391', '393', '396', '398']
['1', '41', '54', '81', '101', '109', '121', '141', '158', '161', '174', '181', '241', '254', '261', '321', '341', '361', '374', '381']
['47', '99', '100', '105', '185', '225', '240', '280', '290', '299', '339', '360', '365', '380', '394', '399']
['38', '58', '98', '102', '118', '178', '182', '198', '218', '238', '258', '278', '282', '298', '318', '325', '338', '347', '358', '378']
['0', '20', '40', '60', '80', '89', '104', '120', '140', '149', '160', '180', '200', '220', '260', '269', '300', '329', '340']
['12', '17', '32', '37', '42', '52', '92', '97', '124', '132', '152', '197', '201', '212', '232', '257', '312', '332', '392']
['70', '84', '146', '213', '233', '244', '246', '366', '370', '372', '373', '375', '386']
['18', '19', '39', '59', '78', '79', '119', '138', '139', '159', '179', '199', '202', '219', '239', '259', '279', '319', '359', '379']
