['50', '118', '123', '187', '286', '291', '327', '359', '369', '396', '421', '458', '482', '487', '490']
['9', '15', '39', '79', '88', '168', '189', '231', '348', '362', '364', '391', '456', '468', '470', '472', '481']
['1', '25', '92', '104', '128', '146', '154', '199', '210', '274', '312', '374', '405', '428', '441']
['0', '20', '52', '58', '84', '153', '175', '205', '214', '296', '366', '413', '419', '457']
['27', '68', '127', '136', '148', '156', '225', '256', '285', '323', '347', '363', '398', '424', '438', '453', '484']
['16', '24', '26', '33', '91', '152', '174', '196', '280', '308', '329', '399', '403', '448', '464', '485', '491']
['60', '83', '90', '139', '142', '163', '165', '200', '240', '300', '310', '373', '483', '486']
['46', '54', '85', '122', '202', '221', '222', '228', '262', '273', '289', '341', '427', '431', '437', '454', '473']
['5', '21', '41', '130', '218', '232', '238', '241', '243', '246', '251', '254', '267', '313', '380', '404', '459']
['44', '69', '74', '75', '87', '138', '178', '179', '195', '213', '226', '344', '353', '365', '372', '378', '430']
['12', '110', '126', '193', '219', '239', '283', '349', '379', '383', '410', '445', '471', '479']
['22', '59', '70', '76', '94', '166', '172', '182', '183', '197', '220', '250', '311', '320', '326', '392']
['53', '145', '216', '236', '244', '245', '255', '336', '342', '385', '400', '402', '418', '462', '478']
['7', '30', '48', '98', '102', '103', '114', '137', '247', '297', '389', '406', '412', '415', '466', '476', '497']
['2', '37', '107', '108', '112', '121', '129', '181', '191', '235', '248', '295', '345', '381', '408', '440', '480']
['13', '64', '86', '120', '147', '188', '190', '206', '260', '304', '322', '334', '393', '420', '433', '499']
['124', '135', '171', '211', '224', '234', '242', '281', '317', '321', '356', '371', '390', '414', '451', '489', '495']
['3', '4', '17', '28', '55', '105', '109', '119', '141', '150', '151', '157', '161', '204', '272', '319', '360']
['11', '40', '56', '101', '186', '203', '207', '269', '307', '314', '354', '377', '422', '488', '498']
['38', '42', '51', '67', '73', '96', '159', '162', '177', '194', '292', '298', '299', '303', '351', '368', '387']
['19', '23', '29', '31', '57', '72', '93', '215', '230', '287', '328', '352', '407', '449', '465']
['34', '63', '82', '89', '131', '134', '192', '212', '259', '294', '302', '305', '367', '429', '435', '455']
['47', '95', '100', '132', '170', '263', '301', '316', '331', '335', '423', '434']
['45', '80', '97', '133', '143', '185', '209', '217', '227', '279', '325', '337', '343', '350', '382', '409', '432']
['106', '144', '164', '167', '169', '176', '261', '293', '309', '318', '338', '340', '355', '395', '444', '447', '496']
['18', '36', '43', '62', '160', '180', '201', '253', '266', '290', '346', '375', '401', '450', '463']
['14', '71', '77', '99', '125', '184', '229', '249', '271', '324', '330', '357', '394', '426', '452']
['35', '65', '111', '117', '223', '264', '284', '386', '397', '411', '416', '439', '442', '469', '494']
['10', '32', '66', '78', '81', '115', '116', '208', '237', '252', '282', '425', '475']
['8', '49', '113', '140', '149', '173', '257', '258', '265', '270', '277', '278', '332', '339', '370', '376', '384']
['61', '155', '268', '288', '315', '333', '361', '436', '460', '461', '467', '477', '492', '493']
['6', '158', '198', '233', '275', '276', '306', '358', '388', '417', '443', '446', '474']
