['307']
['0', '1', '2', '6', '19', '37', '54', '57', '58', '61', '67', '69', '70', '74', '87', '88', '89', '90', '91', '92', '94', '95', '96', '97', '98', '99', '100', '101', '102', '103', '105', '106', '107', '109', '110', '113', '114', '115', '116', '117', '118', '119', '120', '121', '122', '123', '124', '126', '128', '130', '132', '133', '135', '136', '137', '138', '140', '141', '142', '143', '145', '146', '147', '148', '150', '151', '153', '154', '155', '156', '157', '160', '161', '163', '164', '166', '167', '168', '170', '171', '172', '173', '175', '176', '178', '179', '180', '183', '185', '186', '187', '188', '189', '191', '192', '193', '194', '195', '198', '199', '200', '201', '202', '203', '204', '205', '206', '207', '208', '209', '211', '212', '213', '216', '219', '221', '222', '223', '224', '225', '226', '227', '228', '229', '230', '231', '232', '234', '236', '237', '238', '239', '241', '250', '254', '255', '259', '330', '382', '438', '439', '449', '450', '461', '474', '475', '478', '479', '480', '484', '485', '488', '490', '497', '499']
['9', '465']
['263', '466', '470', '472', '473', '477', '493', '496']
['469']
['24', '27', '32', '35', '36', '38', '40', '42', '44', '59', '77', '111', '244', '248', '262', '296', '299', '300', '305', '312', '313', '315', '316', '320', '321', '322', '325', '327', '329', '331', '332', '333', '334', '336', '337', '341', '342', '343', '345', '348', '350', '351', '352', '353', '354', '356', '357', '358', '359', '360', '361', '362', '364', '366', '370', '372', '374', '375', '376', '379', '380', '381', '383', '384', '386', '387', '388', '389', '392', '393', '394', '395', '397', '398', '401', '402', '403', '404', '407', '408', '409', '411', '413', '414', '415', '417', '418', '420', '421', '422', '423', '425', '426', '427', '428', '430', '431', '434', '441', '444', '452', '458', '467', '476', '486']
['79']
['64', '66', '71', '75', '86', '104', '112', '276', '308', '311', '440', '442', '482']
['368']
['3']
['306']
['495']
['463']
['7', '8', '10', '11', '12', '13', '14', '15', '18', '20', '21', '22', '23', '25', '26', '29', '31', '33', '34', '39', '41', '43', '46', '47', '48', '49', '50', '51', '76', '81', '264', '265', '266', '267', '268', '270', '271', '272', '273', '274', '275', '277', '278', '279', '280', '281', '282', '283', '284', '285', '286', '287', '288', '290', '292', '293', '294', '298', '301', '310', '432', '446', '448', '451', '454', '457', '468', '491', '492']
['243', '347', '365', '367', '391', '410', '429', '433', '435', '437', '443', '445', '453', '460', '462']
['28']
['53', '56', '68', '80', '93', '108', '125', '127', '129', '131', '134', '139', '144', '149', '152', '158', '159', '162', '165', '174', '177', '182', '184', '190', '210', '214', '215', '217', '218', '220', '233', '235', '240', '242', '261', '269', '295', '302', '303', '447', '455', '494']
['456']
['4', '5', '16', '17', '30', '45', '52', '55', '60', '62', '63', '65', '72', '73', '78', '82', '83', '84', '85', '169', '181', '196', '197', '247', '249', '251', '252', '253', '256', '257', '258', '260', '289', '291', '297', '304', '309', '314', '317', '318', '319', '323', '324', '326', '328', '335', '338', '339', '340', '344', '346', '349', '355', '363', '369', '371', '373', '377', '378', '385', '390', '396', '399', '400', '405', '406', '412', '416', '419', '424', '436', '459', '464', '471', '481', '483', '487', '489', '498']
['245', '246']
