['Terry', 'Allan', 'Roger', 'Aline', 'Marcy', 'Bruno', 'Marty', 'Dario', 'Leroy', 'Effie', 'Tonia', 'Wanda', 'Mario', 'Major', 'Randi', 'Adela']
['Bryce', 'Katie', 'Wendy', 'Debra']
['Bryan', 'Mikel', 'Casey', 'Holly', 'Brady', 'Jamel', 'Brock', 'Leann', 'Tyron', 'Moshe']
['Jaime', 'Donny', 'Dixie', 'Kayla', 'Melba', 'Lyman', 'Wendi', 'Freda', 'Brent', 'Sheri', 'Tessa', 'Dusty', 'Linda', 'Audra', 'Mitch', 'Sonny', 'Pedro', 'Deann', 'Pearl', 'Jason']
['Della', 'Jonah', 'Tracy', 'Mitzi', 'Britt', 'Jamar', 'James', 'Nikki', 'Odell', 'Danny', 'Maude', 'Chong', 'Marci', 'Ronny', 'Kathy', 'Fritz', 'Rusty', 'Leila', 'Alton', 'Robyn', 'Hyman', 'Olive', 'Terri', 'Pansy']
['Becky', 'Nelda', 'Marla', 'Lauri', 'Ebony', 'Bobbi', 'Ahmad', 'Claud', 'Essie', 'Tasha', 'Queen', 'Louis', 'Chase', 'Jared', 'Patti', 'Sandy', 'Annie', 'Sammy', 'Shaun', 'Dante', 'Mason', 'Flora', 'Ruben', 'Tammi', 'Julio', 'Karen', 'Brant']
['Julia', 'Chris', 'Avery', 'Buddy', 'Clyde', 'Homer', 'Tanya', 'Tonya', 'Benny']
['Sybil']
['Steve', 'Ervin', 'Felix', 'Moses', 'Josie', 'Cyrus', 'Hazel', 'Helga', 'Ilene', 'Corey', 'Janis', 'Lanny', 'Elvia', 'Timmy', 'Clint', 'Nancy']
['Adele', 'Ernie', 'David', 'Janet', 'Tommy', 'Erika', 'Davis', 'Lorna', 'Merle']
['Maria', 'Kevin']
['Maura', 'Ellen', 'Myron', 'Josef', 'Quinn', 'Trent', 'Margo', 'Wally', 'Staci', 'Chang', 'Basil', 'Alvin', 'Gayle', 'Wilma', 'Amado', 'Aaron', 'Peter', 'Fidel', 'Sonja', 'Teddy', 'Billy', 'Cliff', 'Kelly', 'Berta', 'April', 'Twila']
['Lydia', 'Ollie', 'Vicky', 'Cindy', 'Irvin', 'Laura', 'Perry', 'Elsie', 'Rhett', 'Darin', 'Hilda', 'Sally', 'Betsy', 'Elena', 'Orval', 'Clara', 'Grant', 'Misty', 'Roman', 'Micah', 'Sofia']
['Zelma', 'Naomi', 'Elmer', 'Issac', 'Karin', 'Leona', 'Daisy', 'Bryon', 'Renee', 'Ariel', 'Bette', 'Kirby', 'Shane', 'Robin', 'Amber', 'Rufus', 'Randy', 'Verna']
['Doris']
['Sadie', 'Greta', 'Elias', 'Rhoda', 'Erica', 'Emily']
['Lucio', 'Barry', 'Mable', 'Jayne', 'Wyatt', 'Joyce', 'Arlen', 'Lacey', 'Donna']
['Emery', 'Malik', 'Clark', 'Roxie', 'Monty', 'Joann', 'Daron', 'Garry', 'Nadia', 'Percy', 'Elvin']
['Devin', 'Candy', 'Viola', 'Carly', 'Edwin', 'Brian', 'Erick', 'Dwain', 'Willy', 'Craig', 'Jacob', 'Alice']
['Lorie', 'Cesar', 'Carla', 'Vilma', 'Paige', 'Mandy', 'Mamie', 'Eddie']
