['41', '81', '187', '202', '240']
['136']
['59']
['22', '154', '160', '184', '205', '217']
['51', '85', '124', '213', '242']
['113', '114', '143', '153', '182', '226']
['3', '29', '94', '105', '162', '237']
['24', '77', '161', '197', '212', '219']
['10', '149', '179', '185']
['4', '37', '83', '92', '155', '198']
['6', '17', '38', '135', '188', '214']
['56', '67', '90', '150', '151', '223']
['12', '21', '45', '175', '191', '222']
['172']
['2', '145', '168', '174', '204']
['9', '82', '110', '130', '181', '239']
['5', '43', '146', '156', '165', '250']
['166', '186']
['104', '138', '141', '163', '199']
['64', '84', '87']
['27', '72', '99', '125', '210']
['15', '44', '142', '221']
['61', '167', '178', '183', '201', '208']
['42', '96', '100', '132']
['23', '91', '97', '144', '227', '230']
['58', '107', '111', '158', '220', '238']
['14', '70', '115', '139', '192', '246']
['16', '19', '93', '176', '231', '243']
['0', '1', '26', '52', '66', '235']
['20', '39', '50', '78', '157', '190']
['73', '79', '128', '131', '140', '249']
['13', '120', '169', '196', '244', '248']
['31', '65', '117', '148', '189', '229']
['46', '86', '118', '232', '247']
['25', '80', '89', '101', '173', '180']
['33', '48', '75', '106', '116', '203']
['18', '95', '109', '121', '127', '177']
['7', '35', '54', '55', '98', '123']
['11', '126', '207', '225']
['62', '69', '74', '129', '134']
['194']
['47', '60', '63', '112', '152']
['32', '40', '137', '170', '193', '206']
['8', '30', '36', '122', '133', '147']
['68', '200', '211', '215', '224', '241']
['102', '103', '108', '164', '218', '234']
['28', '71', '88', '171', '245']
['49', '57', '216', '228', '233', '236']
['76']
['34', '53', '119', '159', '195', '209']
