['104', '168', '226', '229', '250', '275', '301', '303', '307', '316', '361', '397']
['1', '46', '51', '87', '225', '242', '314', '337', '347', '360', '396']
['80', '366']
['56', '148', '237', '245', '249', '255', '296']
['19', '82', '331', '353', '372', '385']
['5', '73', '96', '108', '112', '140', '180', '183', '198', '310', '386']
['29', '62', '71', '146', '194', '207', '241', '257', '330', '382']
['49', '90', '111', '147', '162', '178', '228', '230', '234', '259', '308', '342']
['41', '79', '93', '117', '123', '185', '187', '265', '338', '363', '390', '400']
['38', '42', '59', '151', '216', '224', '236', '247', '306', '315', '348', '371']
['15', '18', '85', '95', '110', '132', '153', '188', '244', '276', '340', '368']
['74', '83', '135', '142', '143', '171', '205', '206', '354', '364', '379']
['10', '65', '101', '144', '215', '298', '309', '365', '381']
['3', '32', '53', '67', '125', '149', '167', '219']
['50']
['34', '94', '109', '150', '170', '283', '284', '305', '318', '332', '377', '399']
['24', '25', '45', '58', '155', '197', '248', '260', '263', '328', '336', '389']
['11', '129', '131', '138', '189', '192', '199', '221', '292', '312', '375']
['35', '99', '126', '141', '196', '273', '280', '282', '299', '323', '384']
['57', '88', '115', '134', '145', '152', '160', '182', '217', '218', '324', '380']
['2', '44', '130', '173', '175', '176', '320', '351', '352', '383']
['16', '136', '156', '223', '258', '279', '343', '369', '388']
['36', '61', '63', '78', '124', '201', '222', '235', '311', '317', '367', '392']
['14', '31', '54', '105', '113', '128', '166', '270', '277', '286']
['66', '81', '127', '202', '208', '213', '232', '272', '334', '339']
['8', '48', '77', '97', '177', '214', '376']
['13', '30', '64', '68', '103', '184', '191', '227', '243', '262']
['4', '23', '26', '33', '86', '100', '154', '169', '181', '220', '327', '373']
['27', '28', '72', '102', '157', '186', '190', '261', '304', '322', '325', '346']
['20', '40', '70', '89', '98', '121', '195', '209', '289', '293', '335', '358']
['9', '39', '69', '231', '268', '269', '294', '297', '344', '350', '393']
['12', '133', '159', '163', '211', '246', '287', '291', '333', '357', '374', '394']
['21', '116', '165', '193', '200', '274', '290', '295', '329', '341', '391']
['37', '47', '120', '161', '179', '239', '253', '254', '264', '281', '362']
['84', '119', '137', '139', '158', '238', '251', '300', '319', '345', '349', '395']
['0', '17', '22', '43', '114', '118', '256', '267', '387']
['6', '52', '75', '76', '106', '164', '240', '252', '266', '285', '359']
['55', '60', '92', '172', '174', '212', '302', '313', '326', '356', '378', '398']
['203', '204']
['7', '91', '107', '122', '210', '233', '271', '278', '288', '321', '355', '370']
