['ABY', 'AFT', 'AGV', 'AKR', 'ALW', 'AOH']
['ABA', 'ABC', 'ABT', 'ACK', 'ACV', 'ADT', 'AEB', 'AKC', 'AKN', 'AKU', 'AQB', 'AQN', 'AQQ', 'AQT', 'ATA']
['AAA', 'AAL', 'ABM', 'AEH', 'AEO', 'AFO', 'AFS', 'AHP', 'AID', 'AIV', 'AKV', 'AML', 'ANT', 'AOJ', 'AOP', 'AOT', 'AOW', 'ARW']
['AAG', 'AIF', 'ANC', 'AOE', 'APY', 'AQS', 'ARJ', 'ASC', 'ATU']
['AAJ', 'ADS', 'AEL', 'AFE', 'AFV', 'AFY', 'AGN', 'AHA', 'AHF', 'AIQ', 'AIT', 'AJV', 'AJW', 'AOG', 'AQF', 'AQH', 'AQM', 'AQV']
['ABN', 'ADD', 'ADI', 'ADK', 'AEI', 'AIN', 'AIU', 'AKJ', 'ALL', 'AQG', 'ARH', 'ATR']
['ADF', 'AGF', 'AGQ', 'AHS', 'AIE', 'AJF', 'AJR', 'AMB', 'AMG', 'AMH', 'APR', 'APW', 'ARA', 'ARG', 'ASX', 'ATV']
['AFN', 'AHI', 'AJG', 'AKD', 'ALI', 'APF', 'APS', 'ARP']
['ABK', 'ADV', 'ALV', 'AMO', 'ANQ', 'ARX', 'ASK']
['ABU', 'ACE', 'ACP', 'AEE', 'AEJ', 'AGL', 'AHE', 'AJB', 'AKT', 'ALJ', 'AMK', 'AMR', 'APE', 'ARN', 'ASL']
['AAV', 'ACA', 'ACR', 'ADX', 'AFB', 'AJD', 'AJL', 'AJM', 'AJO', 'AOQ', 'APM', 'AQP', 'AQX']
['AEN', 'AHU', 'AIC', 'AIG', 'AIL', 'AJJ', 'AKW', 'ANX']
['AAS', 'AAY', 'ADU', 'AGT', 'AHO', 'AHY', 'ALB', 'ALH', 'AMC', 'ASQ']
['AAO', 'ADM', 'AFR', 'AIX', 'AKS', 'ALU', 'AOX', 'APQ', 'ARF', 'ART', 'ATD']
['AAE', 'ABI', 'ADH', 'AGC', 'AGH', 'AIP', 'ALN', 'ALS', 'AOI', 'APA', 'APC', 'ASI', 'ASN', 'ATX']
['ABQ', 'ADE', 'AFF', 'AGJ', 'AIA', 'AMV', 'ANN', 'ANU', 'ASM', 'ATI']
['ACC', 'AGW', 'AGY', 'AMA', 'AME', 'AMN', 'ANH', 'APX', 'ARI', 'ARV', 'ASB', 'ASD', 'ATT']
['ABO', 'ABW', 'ACX', 'ADQ', 'AEA', 'AEP', 'ALE', 'ALO', 'ANR', 'APP', 'AQE']
['AAD', 'ABD', 'ACB', 'ACS', 'AEQ', 'AFA', 'AHM', 'AHX', 'APG', 'APH', 'AQR', 'ARL']
['ACG', 'AEU']
['AAP', 'ADA', 'ADC', 'AEM', 'AFD', 'AFG', 'AFJ', 'AMP', 'ANE', 'AOD', 'APB', 'AQY', 'ASO']
['AAN', 'ABE', 'ACN', 'ACO', 'AEY', 'AFQ', 'AGA', 'AJP', 'ALX', 'AOS', 'APD', 'ASR']
['AAQ', 'AEC', 'AIS', 'ALR', 'ALY', 'AMY', 'AOB', 'AOC', 'AOK', 'ARE', 'ATL', 'ATN']
['AAR', 'AAW', 'ABX', 'ACD', 'ACF', 'ADB', 'AHB', 'AJC', 'AKL', 'AKO', 'ALG', 'ANJ', 'ANO', 'APV', 'AQO', 'ARQ']
['AAB', 'ABL', 'AGI', 'AGP', 'AHL', 'AIM', 'AKX', 'AMS', 'AOA', 'ARK', 'ASP']
['ABP', 'ADJ', 'AED', 'AGO', 'AGS', 'AHD', 'AHV', 'AIO', 'AJE', 'AJI', 'AMF', 'AMU', 'AOU', 'ARO', 'ARS']
['AAK', 'AAT', 'ABF', 'ACJ', 'ACU', 'ADG', 'ADO', 'ADR', 'AFK', 'AFW', 'AHJ', 'AIY', 'AJN', 'AKI', 'ANB', 'ANS', 'ATC', 'ATJ']
['ABR', 'ACW', 'AEF', 'AFX', 'AGM', 'AIJ', 'AKM', 'AMD', 'AMM', 'ANL', 'ANP', 'APJ', 'APT', 'AQI', 'ARR', 'ASJ']
['ADL', 'ADW', 'AEX', 'AFL', 'AGB', 'AGG', 'AGU', 'AJT', 'AJU', 'AKK', 'ALQ', 'AMX', 'AON', 'AQC', 'AQU', 'ARU', 'ASH', 'ATE']
['AAC', 'ACH', 'ACI', 'AEK', 'AIR', 'AIW', 'AJK', 'ALC', 'ALT', 'ANG', 'AOM', 'AOV', 'ARB', 'ARM', 'ASE', 'ATY']
['AES', 'AEV', 'AEW', 'AGX', 'AHC', 'AHG', 'AKB', 'ATG', 'ATQ']
['ABS', 'AEG', 'AFM', 'AHK', 'AHT', 'AIK', 'ALP', 'AMW', 'ANF', 'AOO', 'ARY', 'ASG', 'ASW', 'ATM', 'ATO']
['ABH', 'AHH', 'AHR', 'AIB', 'AJH', 'AKG', 'ANV', 'AOY', 'APL', 'AST', 'ATW']
['AAI', 'AAM', 'AAX', 'ABB', 'ACM', 'ACY', 'AFH', 'AII', 'ALA', 'AOL', 'AQL', 'AQW', 'ARD', 'ASA', 'ATB']
['AER', 'AET', 'AGR', 'ALF', 'AMI', 'AND', 'ANI', 'ANM', 'ATK']
['ABV', 'ADY', 'AFC', 'AFI', 'AGK', 'AHQ', 'AJS', 'AKY', 'ALD', 'AMT', 'ANA', 'AQK', 'ASU', 'ASY', 'ATF']
['ACL', 'ACQ', 'ACT', 'AGD', 'AGE', 'AHN', 'AHW', 'AJQ', 'AJX', 'AKH', 'AMJ', 'ANK', 'API', 'APK', 'AQD', 'ASS', 'ASV', 'ATP']
['AAF', 'AAU', 'AFU', 'AJA', 'AJY', 'AKA', 'ALK', 'ANW', 'APO', 'ARC', 'ATH']
['AAH', 'ABG', 'ABJ', 'ADN', 'ADP', 'AIH', 'AKP', 'AMQ', 'APN', 'APU', 'ASF']
['AFP', 'AKE', 'AKF', 'AKQ', 'ALM', 'ANY', 'AOF', 'AOR', 'AQA', 'AQJ', 'ATS']
