['116']
['122', '242', '187', '85', '31', '295', '134', '0', '338', '205', '446', '448', '54', '190', '211', '329', '149', '380', '49', '442', '90', '145', '373', '414', '479', '461', '301', '261', '216', '336']
['13', '11', '45', '348', '222', '376']
['396', '195', '39', '395', '356', '123', '359', '385', '197', '383', '441', '175', '259', '73', '129', '208', '350', '250', '353', '33', '337', '288', '79', '60', '357', '67', '196', '293', '269', '44']
['159', '127', '400', '207', '140', '368', '444', '404', '425', '280', '152', '221', '478', '217', '124', '248', '244', '82', '382', '223', '27', '210', '268', '435', '467', '394', '115', '32', '345', '344']
['296', '215', '148', '234', '158', '198', '43', '346', '102', '403', '255', '168', '327', '219', '388', '165', '130', '226', '256', '271', '264', '411', '97', '465', '57', '241', '194', '470', '307', '30']
['89', '151', '21', '188', '341', '397', '80', '473', '172', '252', '349', '243', '266']
['200', '138']
['182', '52', '100', '253', '104', '181', '199', '351', '4', '101', '340', '109', '290', '317', '212', '179', '191', '246', '469', '452', '9', '178', '292', '5', '64', '61', '401', '270', '62']
['299', '360', '117', '306', '12', '7', '29', '69', '362', '412', '251', '147', '375', '230', '59', '274', '153', '453', '155', '136', '384', '3', '310', '369', '112', '163', '407', '443', '434', '449']
['436']
['46', '156', '77', '88', '157', '25', '206', '419', '120', '240', '354', '423', '220', '302', '462', '361', '463', '457', '174', '15', '438', '40', '34', '8', '176', '422', '454', '335', '10', '128']
['433', '379', '389', '305', '91', '324', '272', '110', '63', '275', '103', '427', '387', '287', '70', '37', '339', '213', '267', '279', '365', '262', '328', '111', '392', '238', '177', '402', '281', '235']
['430', '318', '133', '96', '406', '413', '53', '322', '381', '108', '432', '113', '355', '214', '192', '364', '320', '471', '135', '472', '393', '303', '429', '87', '334', '459', '229', '308', '150', '2']
['74', '424']
['260', '154', '118', '58', '330', '236', '316', '126', '161', '105', '137', '81', '367', '164', '183', '475', '405', '326', '48', '17', '68', '107', '285', '331', '6', '291', '408', '218', '332', '92']
['233', '460']
['431', '298', '186', '283', '204', '289', '254', '358', '232', '445', '170', '421', '315', '247', '47', '202', '377', '239', '71', '386', '84', '447', '416', '119', '294', '23', '209', '450', '72', '309']
['16', '456', '313', '282', '26', '139', '224', '121', '312', '464', '455', '65', '203', '352', '468', '28', '193', '415', '391', '231', '132', '225', '189', '265', '36', '257', '180', '1', '237', '249']
['99', '440', '56']
['277', '41', '55', '263', '185', '437', '125', '409', '76', '333', '14', '370', '347', '439', '311', '114', '18', '94', '184', '476', '466', '66', '451', '342', '314', '366', '297', '276', '143', '78']
['477', '399', '372', '458', '474', '35', '131', '42', '95', '160', '19', '325', '141', '273', '300', '144', '106', '83', '286', '38', '93', '323', '374', '98', '284', '321', '201', '420', '245', '418']
['86', '171', '166', '227', '371', '228', '162', '50', '426', '51', '75', '142', '169', '258', '173', '410', '417', '398', '390', '319', '167', '278', '146', '363', '304', '378', '20', '428', '24', '343']
['22']
