['Felix', 'Xavier', 'Gerardo', 'Beverley', 'An', 'Kelly', 'Kris', 'Jacque', 'Johnny', 'Lizabeth', 'Sharilyn', 'Imogene', 'Jay', 'Trey', 'Antonina', 'Junior', 'Jae']
['Clarence', 'Cassie', 'Lorelei', 'Savanna', 'Lue', 'Tai', 'Renea', 'Vernon', 'Lyndon', 'Tamala']
['Ryann', 'Eufemia', 'Enola', 'Darrel', 'Mariano', 'Allena', 'Oma', 'Elliott']
['Chan', 'Zoraida', 'Marvin', 'Darwin', 'Eugene', 'Horace', 'Tiffani', 'Dusti', 'Danita', 'Rachael', 'Naida', 'Eustolia', 'Marquis', 'Marvis', 'Rolando', 'Meagan', 'Alex', 'Eloisa', 'Renetta', 'Kirstin', 'Taneka', 'Antonette', 'Spencer', 'Almeta']
['Hilario', 'Princess', 'Doyle', 'Caitlyn', 'Lasonya', 'Shonda', 'Arcelia', 'Kimbra', 'Irma']
['Rachel', 'Alexa', 'Reita', 'Gisela', 'Raleigh', 'Honey', 'Jefferey', 'Tracie', 'Marcella', 'Hillary', 'Debora']
['Amada', 'Randa']
['Kurtis', 'Saul', 'Olevia', 'Pinkie', 'Kendall', 'Son', 'Laticia', 'Dewitt', 'Roxane', 'Kylie', 'Claretha', 'Laraine', 'Retta', 'Robert', 'Alicia', 'Dewayne', 'Charisse', 'Alvera']
['Clarissa', 'Kitty', 'Chun', 'Ocie', 'Kasey', 'Garland', 'Carolee', 'Verona', 'Nathalie', 'Nadia']
['Zena', 'Xuan', 'Eve', 'Raul', 'Valorie', 'Lauren', 'Marilynn', 'Pearlie', 'Artie', 'Latoya', 'Leontine', 'Osvaldo', 'Elenora', 'Loren', 'Chance', 'Joye', 'Neida', 'Harvey', 'Cristi', 'Christiane']
['Joan']
['Ok', 'Dong', 'Tina', 'Travis', 'Ella', 'Wes', 'Hassan', 'Leilani', 'Alvin', 'Lisa']
['Kristi', 'Claudie', 'Elvia', 'Alethia', 'Bonnie', 'Easter', 'Vada', 'Leonida', 'Herlinda', 'Leonard', 'Stanford', 'Susannah', 'Juliet']
['Joanne', 'Theo', 'Altagracia', 'Edmond', 'Hyun', 'Shaun', 'Marcos', 'Anabel']
['Millicent', 'Madison', 'Ema', 'Oscar', 'Miranda', 'Treena', 'Marlo', 'Jeffrey', 'Rosalee', 'Vivien', 'Gerard', 'Fanny', 'Freddie', 'Percy', 'Sharla', 'Alexandra']
['Carson', 'Nicole', 'Yevette', 'Byron', 'Sharlene', 'Piedad', 'Annabel', 'Kristopher', 'Jeremy', 'Tressa', 'Clinton', 'Clifton', 'Toya', 'Hiroko', 'Loura', 'Lola', 'Griselda', 'Cleotilde', 'Marcie', 'Russell', 'Kareem', 'Florinda', 'June', 'Vincenzo', 'Dora', 'In', 'Esperanza', 'Deirdre', 'Tammi', 'Tyisha']
['Orval', 'Nohemi', 'Milissa']
['Whitney', 'Joelle', 'Chas', 'Charmaine', 'Jina', 'Trena']
['Angeline', 'Oneida', 'Ron', 'Louise', 'Terry', 'Jennie', 'Frederic', 'Murray', 'Selma', 'Dorthea']
['Sharell', 'Lilly', 'Alane', 'Lezlie', 'Dagmar', 'Nickolas', 'Mariah', 'Jeanette']
['Tarah', 'Refugio', 'Marquitta', 'Jan', 'Lucas', 'Kyung', 'Rodrigo', 'Annamarie', 'Aretha', 'Kim', 'Oswaldo', 'Florencio', 'Hortense', 'Lucia', 'Elfrieda', 'Hershel', 'Tameika', 'Lashay', 'Naomi', 'Alfred', 'Tanisha', 'Houston', 'Dion', 'Danial', 'Elvie', 'Angella', 'Clyde', 'Pa']
['Deana', 'Cortney', 'Kay', 'Sherwood', 'Lana', 'Rima', 'Garret', 'Leila', 'Glenda', 'Irena', 'Delmar', 'Riley', 'Brendon']
['Mariette', 'Dorene', 'Elena', 'Destiny', 'Phylis', 'Margart', 'Odell', 'Antoinette', 'Latia', 'Sheldon', 'Stanley', 'Jesus', 'Marion', 'Lyn']
['Shelton', 'Elicia', 'Sharan']
['Heide', 'Earnest', 'Michaela', 'Camelia', 'Chester', 'Merrill', 'Hui', 'Isabel', 'Loria', 'Jama', 'Clarice']
['Marci', 'Louella', 'Jade', 'Adah', 'Rosalba', 'Grant', 'Nieves', 'Logan', 'Ambrose', 'Shavon']
['Aaron', 'Flavia', 'Glenna']
['Darnell', 'Helene', 'Lamonica', 'Alton', 'Winford', 'Audie', 'Janetta', 'Clarinda']
['Inga', 'Tamisha', 'Emmanuel', 'Stephani', 'Clara', 'Porter', 'Chang', 'Hayden']
['Carmon', 'Martin', 'Vernia', 'Bertha', 'Jami', 'German', 'Randall', 'Rita', 'Susan']
