['205', '231', '285', '334', '376', '444', '458', '466', '478']
['13', '36', '61', '246', '252', '341', '434']
['84', '85', '115', '194', '195', '211', '215', '294', '304', '313', '315', '323', '347', '348', '472', '479']
['3', '16', '57', '62', '110', '177', '179', '388', '451']
['8', '20', '41', '107', '248', '325', '370', '425', '480', '494', '498']
['120', '226', '256']
['174', '234', '249', '299', '321', '372', '454']
['76', '134', '172', '206', '330', '332', '485']
['2', '15', '26', '27', '28', '65', '68', '79', '90', '121', '164', '187', '220', '257', '262', '272', '346', '377', '428', '438', '445', '461']
['11', '14', '39', '43', '190', '210', '314', '350', '426', '431', '446', '450', '493']
['73', '91', '92', '135', '155', '186', '224', '237', '335', '424']
['67', '154', '160', '171', '203', '242', '250', '277', '286', '302', '354', '369', '407', '465', '496']
['96', '265', '326', '390', '399', '408']
['51', '63', '64', '66', '180', '280', '307', '368', '375', '387', '427', '463', '473']
['287', '290', '436', '467']
['48', '106', '133', '176', '266', '336', '476']
['6', '49', '58', '93', '118', '122', '124', '166', '183', '264', '270', '278', '331', '404']
['22', '30', '97', '144', '165', '173', '217', '301', '305', '317', '361', '490']
['12', '17', '113', '119', '127', '329', '353', '415', '435', '440']
['189', '243', '260', '343', '405', '423']
['78', '83', '87', '181', '191', '218', '225', '273', '306', '310', '312', '318', '357', '373']
['228', '230', '269', '379', '383', '414', '420', '448', '453', '468', '471', '487']
['21', '77', '82', '125', '147', '244', '311', '351', '393', '442', '499']
['50', '60', '146', '163', '221', '222', '227', '251', '253', '275', '295', '320', '381', '441', '456']
['23', '44', '46', '104', '105', '114', '129', '131', '394', '418', '430', '455']
['123', '150']
['18', '34', '130', '204', '271', '303', '308', '340', '459', '474', '482']
['42', '53', '70', '158', '214', '232', '235', '259', '360', '366', '371']
['69', '169', '209', '284', '352', '411']
['7', '32', '52', '95', '102', '267', '337', '358', '365', '401']
['37', '75', '88', '117', '136', '178', '182', '198', '199', '208', '233', '238', '258', '288', '319', '378', '385']
['9', '31', '55', '112', '142', '149', '240', '255', '355', '364', '386', '395', '432', '497']
['25', '71', '98', '103', '108', '145', '153', '281', '322', '338', '452', '464', '484']
['35', '89', '99', '159', '213', '216', '297', '374', '389', '403', '419', '483']
['56', '101', '197', '356', '382', '488']
['5', '33', '74', '100', '192', '236', '492']
['59', '168', '309', '359', '384', '413', '416', '421', '449', '457', '462']
['54', '137', '157', '161', '184', '185', '200', '219', '247', '333', '339', '363', '409', '437', '486']
['24', '94', '132', '188', '202', '396', '489']
['38', '40', '45', '116', '143', '156', '296', '397', '410', '443', '447', '481', '495']
['29', '223', '293', '300', '316', '349', '380', '402']
['170', '175', '196', '263', '292', '398']
['109', '138', '345', '392', '491']
['10', '162', '201', '245', '279', '362', '406']
['0', '140', '148', '241', '291', '400']
['111', '139', '212', '261', '342', '391']
['128', '193', '207', '268', '276', '417', '477']
['4', '81', '86', '151', '152', '167', '229', '274', '283', '344', '429', '439', '460', '469', '475']
['1', '47', '72', '80', '126', '239', '254', '289', '327', '367', '422', '433']
['19', '141', '282', '298', '324', '328', '412', '470']
