['270', '340', '341', '384']
['94']
['78', '81', '131', '156', '157', '163', '311', '312', '321', '385', '445']
['57', '101', '134', '143', '230', '231', '249', '308', '309', '366', '455', '479']
['106', '107', '269', '297', '298', '369', '388', '463']
['10', '11', '45', '164', '187', '188', '279', '352', '396', '425']
['239', '240']
['142', '147', '234', '364', '404']
['23', '204', '397', '451', '452', '466', '467', '499']
['74', '98', '99', '116', '139', '210', '299', '314', '331', '334', '428', '432', '433', '434', '436', '447', '478']
['160', '175', '202', '203', '300', '307', '394', '448', '482', '483']
['24', '35', '69', '205', '206', '207', '257', '258', '260', '261', '319', '373', '419']
['8', '89']
['31', '90', '93', '95', '96', '158', '195', '196', '228', '305', '399', '409', '410']
['129', '165', '192', '214', '217', '382', '417', '427']
['12', '13', '43', '46', '115', '117', '118', '166', '273', '274', '275', '277', '289', '293', '313', '405', '408', '454', '464', '474', '496', '497']
['253', '254', '392']
['1', '34', '80', '267', '460']
['58', '71', '110', '135', '184', '288', '395']
['19', '20', '42', '136', '152', '171', '317', '345', '358', '380', '441', '457', '465']
['65', '66', '180', '185', '229', '271', '420', '421', '422', '437', '443', '444']
['64', '84', '137', '138', '151']
['113', '286', '389']
['36', '70', '72', '82', '108', '114', '123', '193', '200', '201', '215', '235', '255', '285', '426', '456']
['3', '18', '75', '148', '295', '304', '367', '371', '374', '486']
['2', '33', '140', '168', '212', '251', '262', '264', '278', '325', '344', '347', '348', '356', '361', '362', '370', '383', '401', '402', '403', '414', '442', '449', '453']
['4', '85', '102', '177', '191', '280', '296', '323', '324', '406', '429']
['0', '59', '63', '88', '100', '170', '213', '219', '220', '243', '248', '250', '268', '338', '418', '480', '481']
['22', '174', '318', '357', '413', '490', '491']
['326', '327', '333', '468']
['40', '41', '263', '294', '316', '387', '393', '493']
['76', '79', '86', '87', '127', '128', '186', '198', '242', '301', '343', '349', '355', '386', '470', '488']
['44', '61', '73', '119', '121', '169', '284', '328', '368']
['60', '178', '223', '232', '236', '237', '372', '424', '435']
['103', '145', '146', '222', '259', '303', '336', '487']
['25', '159', '265', '272', '290', '337', '375', '376', '381', '390', '391']
['7', '21', '29', '30', '97', '111', '199', '208', '266', '302', '306', '332', '363', '458', '459', '471', '477', '489', '494', '495']
['211']
['26', '37', '38', '39', '50', '54', '55', '105', '120', '130', '155', '209', '350', '423', '438']
['124', '216', '282', '283']
['5', '17', '28', '77', '83', '122', '179', '233', '247', '492']
['32', '47', '68', '287', '360']
['27', '53', '109', '133', '189', '190', '194', '241', '244', '245', '281', '291', '292', '330', '377']
['56', '91', '92', '161', '167', '183', '224', '226', '227', '256', '342']
['51', '67', '112', '144', '176', '252', '276', '315', '353', '354', '378', '446']
['6', '62', '104', '141', '149', '150', '153', '154', '172', '218', '221', '335', '339', '407', '412', '440', '462', '469', '472', '484', '485']
['15', '48', '52', '197', '225', '246', '329', '365', '398', '400', '461', '473', '475', '476']
['162', '173', '238', '322', '346', '351', '379', '415', '416', '498']
['125', '126', '359', '439']
['9', '14', '16', '49', '132', '181', '182', '310', '320', '411', '430', '431', '450']
