['0', '24', '27', '59', '60', '89', '132', '162', '196', '205', '242', '286', '291', '351', '360', '420', '434', '436', '442', '449', '458', '465', '475']
['30', '33', '68', '82', '88', '97', '121', '123', '180', '197', '244', '296', '329', '339', '346', '388', '397', '432', '443', '447', '481', '492']
['25', '29', '43', '52', '54', '87', '96', '117', '148', '153', '165', '198', '203', '213', '216', '258', '276', '362', '379', '405', '416', '441', '474', '477']
['10', '44', '50', '71', '100', '103', '110', '115', '143', '189', '228', '237', '246', '261', '277', '278', '279', '281', '319', '357', '431', '437', '453', '484', '485']
['9', '12', '32', '38', '78', '109', '149', '170', '182', '209', '210', '222', '229', '253', '269', '300', '306', '314', '342', '406', '411', '412', '424', '469', '482', '490']
['5', '41', '45', '72', '120', '140', '146', '151', '185', '191', '221', '240', '265', '274', '287', '301', '334', '340', '349', '381', '399', '451', '464', '473', '491']
['21', '91', '94', '102', '105', '112', '116', '139', '144', '147', '164', '169', '187', '218', '298', '308', '331', '344', '370', '384', '398', '419', '438', '462', '483', '488']
['2', '15', '36', '55', '70', '90', '163', '207', '214', '224', '227', '234', '252', '318', '321', '335', '350', '352', '359', '402', '425', '435', '495', '499']
['40', '51', '53', '77', '150', '159', '172', '178', '220', '284', '294', '310', '312', '316', '322', '325', '328', '332', '358', '372', '377', '421', '445']
['13', '73', '85', '154', '160', '188', '217', '219', '232', '241', '251', '260', '307', '315', '323', '336', '365', '366', '389', '404', '428', '433', '439', '486', '496', '497']
['76', '81', '83', '86', '122', '125', '158', '161', '183', '186', '204', '235', '356', '374', '392', '394', '400', '414', '415', '423', '450', '457', '463', '467', '480']
['19', '34', '47', '48', '49', '65', '74', '84', '101', '113', '155', '184', '195', '200', '247', '250', '255', '263', '280', '292', '297', '326', '333', '417', '422', '429']
['1', '22', '31', '39', '56', '69', '138', '166', '174', '199', '201', '245', '266', '272', '288', '345', '371', '376', '383', '390', '403', '407', '409', '455', '489', '498']
['16', '35', '64', '95', '98', '104', '171', '175', '192', '193', '206', '215', '225', '259', '275', '283', '320', '338', '341', '361', '380', '382', '401', '413', '444', '493']
['4', '8', '11', '14', '26', '93', '111', '118', '119', '141', '173', '202', '238', '270', '299', '303', '317', '337', '367', '369', '386', '387', '395', '410', '418', '468']
['6', '37', '46', '63', '108', '126', '128', '156', '167', '194', '223', '231', '248', '256', '290', '295', '305', '355', '364', '375', '393', '440', '452', '454', '460']
['42', '61', '62', '67', '99', '124', '131', '145', '157', '211', '226', '233', '262', '268', '273', '285', '309', '324', '343', '396', '448', '459', '471', '472']
['20', '23', '58', '168', '181', '190', '249', '254', '289', '293', '302', '330', '347', '348', '353', '373', '391', '408', '426', '427', '430', '456', '461', '466', '476', '478']
['7', '18', '28', '75', '92', '106', '114', '129', '130', '133', '134', '135', '136', '137', '142', '152', '208', '230', '243', '267', '271', '304', '313', '327', '368', '385']
['3', '17', '57', '66', '79', '80', '107', '127', '176', '177', '179', '212', '236', '239', '257', '264', '282', '311', '354', '363', '378', '446', '470', '479', '487', '494']
