['0', '20', '50', '57', '60', '80', '110', '116', '160', '166', '170', '172', '176', '220', '260', '261', '262', '266', '267', '280', '293', '296', '297', '298', '299', '310', '320', '340', '350', '380', '400', '420', '450', '470', '490']
['356']
['81', '82', '89', '135', '136', '156', '311', '317', '318', '319', '321', '322', '323', '325', '327', '328', '329']
['51', '141', '143', '146', '148', '149', '382', '383', '389', '401', '403', '404', '406', '409']
['1', '3', '5', '263', '264', '265', '268', '384', '484', '486', '487', '489']
['255', '281', '412']
['41', '43', '94', '187', '188', '294', '393', '397', '402']
['6', '7', '301', '304', '308', '309']
['2', '4', '8', '100', '210', '211', '213', '214', '215', '216', '217', '230', '236', '250', '251', '253', '254', '300', '302', '410']
['77', '78', '121', '122', '123', '124', '127', '128', '129', '292']
['154', '155', '162', '169', '212', '218', '219']
['175', '204', '353', '355', '436', '499']
['313', '351', '352', '354', '357', '358', '359', '471']
['21', '22', '24', '28', '54', '243', '330', '331', '332', '335', '336', '337', '338', '339', '381', '387', '388']
['241', '246', '247', '341', '343', '407', '408', '441', '442', '443', '445', '446', '447', '448', '449']
['12', '17', '19', '191', '195', '198', '199', '377']
['90', '120', '140', '277', '290', '370', '390', '392', '394', '395', '396', '398', '399', '461', '465', '481']
['13', '68', '201', '208', '234', '237', '238', '239', '391']
['10', '11', '14', '15', '16', '18', '30', '40', '70', '180', '190', '200', '240', '252', '270', '360', '431', '435', '440', '460', '469', '480', '482', '483', '485', '488', '492', '496', '497']
['31', '32', '97', '203', '378']
['106', '221', '222', '223', '224', '225', '226', '228', '232']
['181', '411', '413', '414', '415', '417', '418', '419', '491']
['42', '47', '312', '316']
['108', '142', '151', '152', '153', '157', '159', '334']
['132', '193', '272', '273', '274', '275', '279']
['405', '454', '455', '462', '473', '477', '479', '493', '494']
['92', '93', '95', '126', '209', '231', '233', '235', '315', '372', '375', '438']
['150', '182', '183', '184', '185', '186', '245', '248', '333', '386', '463', '464', '466', '467', '468', '498']
['33', '34', '35', '36', '38', '39', '87', '144', '145', '147', '227', '278', '361', '363', '364', '365', '366', '369', '428']
['71', '74', '75', '79', '112', '113', '117', '118', '119', '256', '324']
['44', '45', '46', '48', '49', '289', '423', '426', '430', '432', '433', '434', '437', '439']
['257', '258', '259', '385', '444']
['163', '271', '276', '295', '421', '422', '424', '427', '429']
['9', '373', '376', '379']
['130', '131', '133', '134', '137', '139', '425']
['52', '53', '62', '205']
['229', '269', '472', '474', '475', '476', '478']
['282', '283', '284', '285', '286', '287', '288', '326']
['56', '59', '202', '206', '207']
['58', '189', '242', '244', '249', '291']
['23', '25', '26', '27', '29', '101', '102', '103', '105', '107']
['362', '367', '368']
['55', '73', '76', '91', '96', '98', '99', '115', '161', '164', '165', '167', '168', '194', '196', '197', '347', '374']
['83', '84', '85', '86', '88', '104', '125', '171', '173', '174', '177', '178', '179']
['371', '416']
['158', '495']
['63', '64', '65', '66', '67', '69', '303', '305', '306', '314', '342', '344', '345', '346', '348', '349']
['111', '114', '192']
['307', '451', '452', '459']
['453', '456', '457', '458']
['37', '61', '72', '109', '138']
