['292', '435', '149', '312', '217', '409', '82', '276', '191', '137', '309', '132', '76', '203', '31', '261', '169', '157', '81', '351', '212', '413', '248', '466', '64', '223', '290', '327', '441', '385', '486', '114', '398', '373', '410', '159', '388']
['150', '175', '429', '430', '477', '329', '456', '228', '258', '87', '460', '294', '59', '215', '440', '404', '263', '357', '323', '389', '393', '411', '192', '118', '498', '125', '423', '359', '443', '99', '29', '432', '45', '179', '249', '382', '107']
['117', '10']
['239', '28', '451', '433', '417', '110', '20', '89', '256', '288', '347', '342', '197', '303', '360', '418', '237', '476', '400', '188', '483', '164', '85', '168', '255', '274', '11', '38', '135', '100', '484', '71', '372', '390', '384', '337', '328', '58']
['204']
['345', '70', '222', '416', '336', '332', '73', '325', '350', '461', '319', '493', '407', '387', '193', '158', '86', '35', '40', '462', '396', '376', '15', '180', '50', '143', '227', '97', '21', '23', '8', '224', '209', '186', '171', '346']
['297']
['88', '412', '177', '221', '406', '438', '442', '34', '374', '160', '446', '96', '272', '449', '364', '242', '370', '254', '269', '262', '289', '330', '113', '445', '485', '155', '420', '7', '3', '447', '18', '54', '403', '154', '201', '395', '2', '79']
['131', '93', '199', '16', '452', '111', '270', '120', '362', '240', '475', '195', '408', '302', '307', '381', '48', '481', '176', '496', '490', '105', '283', '130', '17', '232', '37', '196', '267', '165', '273', '299', '30', '172', '298', '182', '231']
['286', '296', '236', '106', '25', '5', '24', '42', '41', '424', '275', '200', '358', '109', '214', '213', '198', '271', '47', '293', '22', '463', '468', '202', '167']
['238', '246', '235', '344', '234', '375', '101', '259', '74', '4', '480', '305', '189', '69', '206', '431', '103', '152', '277', '265', '190', '27', '287', '52', '316', '112', '322', '78', '60', '62', '233', '104', '12', '334', '260', '399', '300']
['311']
['487']
['166', '473', '156', '219', '266', '72', '301', '185', '392', '133', '450', '321', '428', '361', '335', '377', '184', '279', '51', '56', '32', '39', '53', '126', '471', '453', '491', '46', '98', '405', '497', '26', '464', '142', '148', '366', '170']
['211', '379', '310', '80', '318', '66', '210', '136', '326', '108', '495', '61', '425', '0', '421', '124', '13', '469', '415', '1', '338', '278', '119', '218']
['419']
['315', '187', '139', '253', '220', '457', '183', '363', '163', '324', '121', '241', '244', '391', '402', '9', '492', '68', '161', '397', '252', '437', '320', '144', '36', '489', '383', '226', '14', '356', '369', '230', '340', '295', '216', '354']
['94']
['251']
['474', '145', '281', '102', '436', '459', '247', '92', '55', '284', '465', '44', '83', '331', '285', '245', '225', '454', '427', '129', '153', '181', '67', '353', '333', '264', '426', '280', '341', '339', '458', '84', '208', '444', '257']
['115', '138', '488', '401', '75', '162', '378', '291', '434', '467', '229', '479', '147', '478', '128', '140', '380', '349', '77', '422', '43', '141', '352', '178', '313', '314', '95', '472', '123', '494', '371', '282', '386', '499', '63', '414', '173', '65']
['174', '394', '308', '455', '250', '367', '306', '151', '470', '91', '482', '6', '194', '448', '304', '116', '205', '146', '348', '33', '439', '122', '49', '90', '365', '57', '134', '127', '368', '268', '317', '343', '243', '207', '19', '355']
