['79', '94', '103', '163', '170', '179', '189', '195', '218', '231']
['58', '61', '128', '168']
['167']
['31', '186', '249']
['210']
['27']
['185']
['68']
['75', '164']
['0', '12', '13', '15', '30', '50', '62', '100', '160', '245']
['10', '78', '106', '150', '199']
['70', '239']
['117', '222']
['45', '77', '130', '132']
['63']
['17', '22', '25', '44', '93', '105', '121', '192', '193']
['108']
['174']
['19', '143', '224']
['203', '259']
['5', '24', '40', '98', '123', '126', '153', '215', '235']
['151']
['129']
['85']
['254']
['20', '69', '265']
['196']
['112', '197', '221', '263']
['26', '71', '181', '194', '204']
['18', '21', '180', '225', '233', '238', '243', '257']
['124', '252', '262', '267', '269']
['36']
['110']
['81', '111', '217']
['67', '256']
['2', '87', '118', '136', '152', '165', '177', '198', '219']
['7']
['37', '47', '92', '101', '109', '176', '183', '216', '250']
['29', '57', '72', '73', '133', '159', '261']
['74', '141']
['39', '173']
['8', '80', '82', '86', '116', '134', '182', '226', '236', '247']
['251']
['114']
['3', '135', '139', '146', '187', '207', '258']
['14', '104', '155']
['84']
['88', '137', '220']
['51', '53', '113', '120', '162', '175', '190', '206', '212', '268']
['91', '102', '202', '214']
['38']
['6', '76', '89']
['66', '97', '140', '145', '154', '156', '172', '200', '232', '242']
['11', '83', '148', '205', '223']
['55', '119', '227']
['43', '213']
['42']
['4', '157']
['16']
['211']
['229']
['32', '41', '46', '48', '96', '138', '147', '209']
['248']
['28']
['49', '65']
['131']
['188']
['60']
['228']
['184']
['90', '95', '122', '230', '246']
['241']
['142']
['1', '34', '64', '99', '127', '166', '237', '244', '260', '266']
['9', '35', '178', '191']
['56']
['52', '59', '171', '264']
['33', '54', '144', '234', '255']
['107', '149', '201']
['161', '169']
['23', '115', '125', '158', '208', '240', '253']
