['Bernardine', 'Celestyn', 'Agace', 'Carolina', 'Astrix', 'Annadiane', 'Ambur', 'Alejandra']
['Caro', 'Carlee', 'Cherise', 'Abby', 'Carmelita', 'Billi', 'Carlynn', 'Adelice', 'Augusta', 'Agnola']
['Alysa', 'Christal', 'Chiarra', 'Blythe', 'Adoree', 'Anastassia', 'Beverie', 'Blinnie', 'Alisun', 'Anica']
['Christyna', 'Charlot', 'Adelheid', 'Caril', 'Betti', 'Annamaria', 'Abra', 'Christye', 'Brandy', 'Cheslie']
['Carrissa', 'Ardene', 'Bobby', 'Bethany', 'Bunny', 'Asia', 'Arlina', 'Calli', 'Aili']
['Babbette', 'Andi', 'Analiese', 'Alvira', 'Bobinette', 'Arlene', 'Ariela', 'Berna', 'Babara', 'Bren']
['Alverta', 'Chanda', 'Catlaina', 'Bamby', 'Binni', 'Bunni', 'Aurore', 'Bibbie', 'Barbey', 'Almeda']
['Angie', 'Cele', 'Bertine', 'Ashlie', 'Beatrice', 'Catherine', 'Aeriel', 'Bobbee', 'Alix', 'Cami']
['Aaren', 'Carmine', 'Anni', 'Barbabra', 'Caralie', 'Auroora', 'Betty', 'Annelise', 'Andrea']
['Camella', 'Antoinette', 'Christan', 'Angel', 'Caryl', 'Calida', 'Alayne', 'Catlee', 'Allix', 'Cacilia']
['Agatha', 'Candis', 'Brigida', 'Catharine', 'Andree', 'Bellanca', 'Ardeen', 'Cherrita', 'Aveline', 'Chelsy']
['Berni', 'Austina', 'Anjela', 'Cherilyn', 'Alicea', 'Bridgette', 'Benita', 'Carole', 'Brandise']
['Candra', 'Anabal', 'Charin', 'Carolyn', 'Anthiathia', 'Bobette', 'Brandea', 'Bride', 'Alexi', 'Cody']
['Allegra', 'Casandra', 'Celestine', 'Angela', 'Christabella', 'Cassy', 'Andriana', 'Adorne', 'Caryn', 'Brandie']
['Amanda', 'Amargo', 'Alissa', 'Ashlen', 'Avis', 'Aurelea', 'Barbaraanne', 'Calla', 'Alanah']
['Addi', 'Celie', 'Catie', 'Charity', 'Bonnee', 'Charmion', 'Alys', 'Blancha', 'Amabel', 'Callida']
['Charyl', 'Annabelle', 'Allissa', 'Ardella', 'Caren', 'Berta', 'Bernadine', 'Arliene', 'Anastasia']
['Aubrette', 'Blanche', 'Billie', 'Cammi', 'Anabelle', 'Anatola', 'Annabel', 'Alie', 'Belita', 'Christel']
['Ailene', 'Bert', 'Alyda', 'Annora', 'Bobbye', 'Ashli', 'Alice', 'Aimil', 'Benetta', 'Angelina']
['April', 'Annabela', 'David', 'Chiquia', 'Babs', 'Bernete', 'Cherye', 'Brier', 'Babita', 'Alexia']
['Ardra', 'Alikee', 'Carri', 'Charleen', 'Ara', 'Angil', 'Cammy', 'Athene', 'Chelsey', 'Barbra']
['Berri', 'Bobbie', 'Bliss', 'Carina', 'Bill', 'Cal', 'Penny', 'Babbie', 'Ali', 'Alexandrina']
['Brandi', 'Carena', 'Carlye', 'Anallese', 'Bryna', 'Brittaney', 'Caroljean', 'Cathrine', 'Billy', 'Betteann']
['Anet', 'Carlyn', 'Bess', 'Cariotta', 'Amy', 'Anne', 'Caron', 'Babette', 'Casie', 'Catriona']
['Bettine', 'Bessy', 'Camel', 'Brigid', 'Berty', 'Belva', 'Bernardina']
['Aubine', 'Cesya', 'Carmel', 'Ada', 'Athena', 'Audy', 'Cassondra', 'Aile', 'Aliza', 'Arlie']
