['46', '47', '66', '73', '74', '75', '94', '95', '96', '143', '144', '163', '164', '182', '183', '184', '203', '204', '224', '283', '284', '303', '304']
['22', '42', '88', '89', '212', '213', '214', '232', '233', '234', '267', '287', '288', '307']
['235', '236', '255', '256', '351', '352', '353', '371', '372', '373', '390', '391', '392', '404', '405']
['114', '134', '154', '155', '156', '174', '175', '176', '177', '178', '194', '195', '215', '216', '217', '218', '237', '238', '257', '367', '368', '386', '387']
['7', '8', '9', '10', '11', '23', '28', '29', '43', '112', '132', '133', '152', '153', '172', '230', '258', '278', '297', '298', '305', '306', '317', '318', '325', '326', '337', '338', '345', '346', '357', '358', '359', '379', '408', '409']
['30', '35', '36', '37', '57', '327', '328', '347', '348', '360', '361', '362', '363', '380', '406', '407']
['48', '49', '68', '69', '333', '354', '374', '375', '394', '395', '410', '411', '414', '415']
['223', '252', '253']
['44', '45', '64', '65', '83', '275', '276', '277', '294', '295', '296']
['19', '39', '125', '126', '145', '146', '166', '179', '202', '220', '221', '222', '240', '241', '259', '260', '279', '280', '299', '319', '339', '376', '377', '381', '385', '388', '389', '393', '396', '397']
['115', '135', '180', '242', '261', '262', '281', '282', '300', '301', '302', '320', '321', '322', '323', '340', '341', '342', '365', '366', '416']
['2', '3', '4', '5', '6', '12', '13', '20', '21', '25', '26', '27', '31', '32', '40', '41', '50', '51', '52', '60', '61', '62', '63', '70', '71', '72', '80', '81', '82', '92', '93', '100', '101', '102', '103', '113', '116', '117', '118', '121', '122', '123', '124', '130', '131', '137', '138', '139', '150', '151', '157', '158', '159', '160', '171', '191', '192', '193', '210', '211', '231', '250', '251', '264', '265', '266', '285', '286', '309', '310', '311', '329', '330', '331', '332', '349', '350', '369', '370', '378', '398', '399']
['14', '18', '24', '33', '34', '38', '53', '54', '55', '56', '58', '59', '77', '78', '79', '97', '98', '136', '140', '141', '142', '162', '173', '239', '343', '344', '364']
['15', '16', '308', '324']
['0', '1', '67', '86', '87', '106', '107', '127', '128', '129', '147', '148', '254', '273', '274', '293', '312', '313', '315', '316', '334', '335', '336', '355', '356', '402', '403', '412', '413']
['99', '119', '120', '382', '383', '384']
['149', '167', '168', '169', '170', '185', '186', '187', '188', '189', '190', '205', '206', '207', '209', '226', '227', '246']
['90', '91', '108', '109', '110', '111', '314']
['196', '197', '198', '417']
['208', '228', '229', '248', '249', '268', '271', '272', '290', '291', '292', '400', '401']
['76', '161', '165', '181', '200', '201', '225', '243', '244', '245', '247', '263', '269', '270', '289', '418', '419']
['17', '84', '85', '104', '105', '199', '219']
