['3', '10', '29', '42', '78', '99', '103', '118', '150', '151', '154', '204', '238', '262', '354', '381', '383', '388', '399', '447', '455']
['17', '60', '73', '109', '157', '166', '171', '172', '189', '199', '213', '214', '256', '259', '265', '285', '340', '345', '366', '370', '412']
['102', '122', '128', '188', '207', '209', '221', '303', '306', '307', '338', '359', '365', '373', '390', '405', '417', '420', '437', '454']
['2', '5', '6', '43', '54', '55', '57', '105', '134', '142', '147', '184', '185', '187', '228', '266', '371', '396', '416', '432', '438']
['61', '63', '125', '135', '136', '152', '163', '167', '169', '194', '215', '218', '237', '311', '347', '360', '372', '389', '421', '430', '435']
['14', '22', '36', '37', '72', '82', '116', '121', '138', '149', '160', '174', '177', '196', '208', '222', '229', '242', '255', '424', '452']
['0', '47', '67', '77', '93', '114', '119', '124', '127', '130', '155', '158', '173', '190', '195', '243', '252', '304', '335', '343', '387']
['27', '79', '96', '117', '126', '141', '159', '165', '176', '200', '233', '247', '277', '279', '284', '308', '319', '326', '353', '411', '441']
['40', '144', '217', '219', '305', '349', '414']
['9', '11', '13', '44', '49', '56', '75', '76', '112', '120', '267', '321', '350', '352', '367', '385', '407', '418', '431', '434', '439']
['21', '74', '113', '140', '178', '183', '223', '227', '251', '275', '283', '300', '332', '337', '362', '391', '395', '406', '413', '425', '442']
['19', '71', '91', '100', '108', '161', '170', '201', '202', '210', '216', '226', '244', '270', '280', '312', '323', '374', '382', '419', '443']
['4', '25', '26', '30', '41', '48', '83', '86', '156', '250', '269', '286', '310', '316', '328', '331', '348', '375', '409', '426', '440']
['52', '94', '206', '212']
['423']
['15', '69', '89', '97', '111', '153', '162', '197', '236', '239', '240', '245', '258', '276', '318', '334', '357', '376', '402', '433', '445']
['45', '87', '95', '101', '139', '181', '192', '260', '268', '295', '317', '339', '341', '346', '351', '364', '393', '398', '401', '448', '450']
['32', '38', '84', '123', '143', '175', '205', '220', '230', '253', '257', '296', '297', '325', '336', '363', '368', '408', '410', '415', '444']
['12', '18', '33', '35', '58', '59', '70', '145', '179', '186', '225', '271', '278', '281', '290', '309', '313', '400', '403', '422', '453']
['8', '31', '64', '106', '129', '137', '146', '198', '211', '249', '263', '272', '299', '301', '329', '330', '342', '344', '356', '386', '446']
['7', '16', '53', '88', '98', '164', '180', '191', '193', '203', '232', '234', '261', '264', '282', '291', '292', '380', '449', '451', '456']
['23', '50', '274', '392', '428']
['1', '20', '46', '51', '80', '81', '92', '104', '168', '182', '231', '293', '302', '314', '322', '327', '333', '355', '379', '394', '404']
['28', '39', '62', '68', '90', '107', '115', '131', '235', '248', '254', '287', '288', '315', '324', '361', '377', '384', '397', '427', '436']
['24', '34', '65', '66', '85', '110', '132', '133', '148', '224', '241', '246', '273', '289', '294', '298', '320', '358', '369', '378', '429']
