['88', '189', '361']
['262', '337']
['60']
['0', '27', '85', '174', '289', '316', '326', '393']
['307']
['22', '26', '150', '309', '321', '368']
['112']
['212', '295']
['102']
['18', '125', '188', '211', '343']
['75', '115', '120', '181', '235', '328', '331', '357', '387', '397']
['121', '159']
['304']
['13']
['7', '12', '73', '135', '140', '143', '222', '249', '377', '379']
['84', '231', '296', '349']
['312']
['17', '166', '179', '199', '201', '206', '351', '355', '392']
['80']
['98', '107', '108', '132', '161', '396', '399']
['59', '137', '162', '175', '180', '359', '369']
['284']
['43', '48', '97', '110', '124', '148', '164', '228', '248', '278']
['122', '160', '218', '243', '308', '310', '314', '323', '372', '391']
['275']
['54', '280', '374']
['1', '57', '178', '216', '223', '266', '313', '318', '358']
['151']
['259']
['52']
['38']
['8', '15', '44', '49', '283', '305', '373']
['21', '24', '63', '94', '207', '234', '242', '253', '376', '389']
['91']
['100', '277', '286', '335']
['89']
['4', '42', '95', '142', '191', '269', '292', '378']
['139', '154', '317', '339']
['165', '185', '194', '254', '344']
['76', '82', '226', '244', '263', '270', '303']
['205']
['16', '69', '196', '282', '366']
['152', '220', '385']
['11', '92', '290', '315']
['29', '255', '346']
['5']
['74', '157', '203', '287', '288', '333', '340', '380']
['14']
['360']
['6', '208']
['55', '190', '325']
['204']
['118', '217', '345']
['47', '53', '149', '167', '173', '354']
['213']
['3', '9', '127', '215', '311']
['56', '72', '106', '170', '250', '256', '320', '356']
['83']
['145', '176', '195', '298', '375', '382']
['268']
['62', '65', '79', '96', '105', '111', '153', '197', '265', '341']
['35', '146', '155', '210', '239', '293', '370']
['371']
['36', '61', '64', '238', '299', '330', '364', '398']
['306']
['272', '322']
['271']
['245']
['25', '224']
['193']
['319', '327', '352']
['39', '71', '114', '172', '187', '240', '261', '363']
['394']
['23', '40', '86', '93', '103', '119', '202', '229', '348']
['131', '169', '232', '362', '388', '390']
['37']
['109', '386']
['32', '33', '126', '133', '156', '177', '279', '334']
['10', '51', '113', '183', '186', '291', '300']
['46', '99', '225']
['129']
['19', '68', '123', '236', '251', '257', '264', '267', '294', '329']
['138', '192', '200', '350']
['58']
['81']
['78', '128', '147', '163', '182', '285']
['28', '30', '87', '158', '171', '247', '260', '381']
['227']
['230']
['144']
['66', '101', '117', '209', '214', '219', '241', '246', '273', '297']
['45', '237', '301', '324', '367']
['31', '134', '136', '198', '233', '342', '365']
['20', '116', '168', '258', '281', '347', '353', '383', '384', '395']
['252']
['2', '34', '130', '141', '184', '221', '276', '336']
['41']
['274']
['70', '77', '90', '104', '302', '332', '338']
['50', '67']
