['337']
['30', '195', '201', '213', '274', '291', '308', '332', '334', '335', '341', '349', '379', '399', '402', '435', '456', '481']
['40', '71', '173', '464', '470']
['4', '472']
['343', '426']
['43', '49', '96', '106', '107', '118', '233', '260', '319', '358', '359', '368', '416']
['20', '26', '62', '99', '133', '142', '189', '212', '281', '361', '362']
['340']
['0', '25', '38', '57', '69', '82', '122', '125', '126', '145', '169', '190', '288', '298', '331', '423', '485', '486']
['37', '83', '88', '100', '129', '155', '208', '219', '293', '294', '347', '375', '425', '495']
['3', '46', '61', '94', '111', '112', '203', '204', '228', '235', '239', '333', '346', '354', '392', '413', '443', '462', '492', '499']
['115', '187', '466', '497']
['12', '93', '110', '153', '156', '185', '243', '246', '306', '342', '345', '371', '418', '429', '438', '440']
['36', '79', '192', '199', '352', '465']
['48', '53', '73', '116', '143', '144', '154', '162', '168', '177', '252', '271', '312', '315', '373', '386', '404', '411', '454', '473']
['259', '360', '364', '388']
['63', '78', '85', '131', '148', '151', '167', '198', '249', '272', '278', '282', '321', '326', '330', '365', '437', '439', '468']
['18', '50', '191', '254', '370', '378', '405', '430', '436']
['7', '90', '236', '276', '279', '289', '292', '323', '377', '382', '393', '394', '395', '406', '412', '432', '444', '460', '489', '491']
['14', '182', '215', '258', '262', '273', '304', '329', '369', '410', '421', '448', '455', '463', '475', '488', '498']
['255']
['248']
['2', '35', '76', '97', '108', '138', '149', '186', '194', '240', '266', '269', '305', '328', '403', '417', '451', '477', '483']
['23', '29', '58', '105', '132', '150', '179', '180', '225', '238', '245', '257', '297', '301', '311', '327', '351', '363', '381', '494']
['11', '24', '47', '86', '89', '91', '103', '141', '165', '222', '224', '244', '309', '324', '348', '372', '453', '469', '482']
['84', '140', '431']
['64', '164', '318']
['10', '15', '34', '44', '52', '109', '113', '120', '127', '135', '175', '247', '284', '299', '357', '383', '396', '397', '441', '461']
['16', '28', '81', '87', '202', '205', '250', '264', '290', '295', '314', '338', '391', '493']
['101', '117', '210', '220', '302', '387', '490']
['77', '137', '170', '193', '197', '211', '230', '231', '232', '234', '265', '322', '398', '400', '428', '433', '446', '478', '480', '487']
['1', '21', '174', '178', '184', '196', '200', '209', '268', '452', '476', '484']
['55']
['17', '33', '75', '134', '166', '172', '176']
['136', '320']
['9', '31', '66', '80', '92', '123', '275', '339', '389', '414', '420', '459']
['67']
['51', '68', '98', '171', '471', '474']
['8', '13', '104', '139', '157', '242', '366', '415', '424', '458']
['65', '70', '72', '114', '124', '300', '390', '442', '447', '450']
['60', '263']
['5', '22', '41', '183', '188', '206', '214', '221', '226', '229', '261', '267', '286', '296', '336', '385', '401', '407']
['19', '42', '59', '130', '146', '181', '207', '217', '251', '253', '277', '280', '303', '325', '355', '374', '380', '384', '457', '496']
['54', '216', '422']
['32', '128', '283', '316', '376']
['45', '159', '161', '163', '218', '227', '256', '270', '313', '317', '419', '467']
['27', '39', '56', '102', '121', '285', '287', '344', '356', '445']
['6', '223', '307', '310', '350', '367', '408', '449', '479']
['74', '95', '119', '147', '152', '160', '237', '241', '353', '427', '434']
['158', '409']
