['0', '16', '20', '22', '31', '43', '78', '90', '106', '109', '126', '135', '158', '168', '173', '187', '193', '203', '206', '231', '249', '250', '271', '276', '277', '279', '291', '293', '296', '299', '300', '301', '315', '343', '350', '356', '359', '363', '391', '396', '399', '400', '407', '408', '409', '411', '417', '418', '422', '423', '425', '427', '430', '431', '432', '433', '437', '441', '442', '443', '480', '481', '482', '485', '486', '490', '499']
['248']
['28', '36', '37', '45', '56', '60', '71', '79', '82', '84', '86', '91', '102', '103', '107', '111', '115', '125', '171', '192', '204', '207', '210', '211', '213', '214', '216', '219', '220', '221', '222', '223', '226', '227', '232', '233', '257', '258', '259', '274', '275', '294', '352', '357', '367', '368', '369', '376', '379', '383', '385', '386', '387', '397', '404', '406', '410', '413', '414', '415', '421', '424', '435', '444', '447', '449', '451', '452']
['9', '73', '83', '137', '155', '159', '196', '218', '229', '260', '265', '269', '282', '306', '312', '320', '322', '326', '335', '341', '354', '382', '388', '436', '466', '475', '483', '484']
['1', '47', '51', '52', '59', '61', '66', '70', '80', '81', '92', '128', '162', '180', '201', '208', '244', '253', '254', '263', '281', '285', '287', '288', '290', '298', '302', '347', '405', '440', '450', '453', '454', '455', '496']
['10', '19', '54', '127', '230', '426', '428', '434']
['5', '34', '49', '129', '342', '374', '445', '446', '448']
['41', '235', '236', '238', '242', '243', '349', '373', '378', '419', '420']
['14', '15', '46', '74', '75', '77', '95', '96', '163', '172', '177', '197', '212', '307', '310', '316', '318', '327', '330', '331', '332', '333', '340', '438', '457', '458', '459', '461', '492', '493']
['122', '133']
['2', '48', '120', '132', '141', '303', '304', '308', '338', '339', '345', '366', '390', '429', '469', '470', '471', '472', '476', '477', '479', '488']
['6', '35', '119', '130', '143', '246', '251', '255', '256', '264', '266', '268', '319', '321', '337', '401', '491']
['7', '12', '13', '30', '53', '63', '65', '123', '131', '145', '146', '148', '156', '165', '175', '182', '195', '245', '247', '270', '286', '346', '364', '372', '377', '380', '389', '392', '393', '394', '498']
['38', '67', '136', '284', '289', '295', '297', '463', '467', '468']
['44', '50', '69', '93', '100', '139', '150', '170', '261', '267', '272', '325', '328', '329', '348', '361', '395']
['4', '39', '58', '62', '88', '161', '205', '252']
['365']
['33', '140', '157', '186', '189', '225', '273']
['8', '21', '25', '26', '40', '99', '105', '124', '142', '151', '153', '154', '174', '176', '198', '202', '237', '239', '283', '309', '323', '384', '439', '497']
['11', '17', '23', '27', '72', '97', '113', '117', '199', '209', '280', '311', '313', '324', '334', '336', '344', '351', '355', '362', '370', '462', '465', '473', '474', '478']
['3', '24', '29', '32', '42', '64', '76', '87', '98', '101', '104', '108', '110', '114', '118', '134', '138', '149', '152', '160', '166', '169', '181', '184', '188', '190', '194', '224', '228', '234', '240', '241', '262', '278', '305', '314', '353', '358', '360', '371', '381', '402', '403', '412', '416', '456', '460', '487', '489', '494', '495']
['18', '55', '57', '68', '85', '89', '94', '112', '116', '121', '144', '147', '164', '167', '178', '179', '183', '185', '191', '200', '215', '217', '292', '317', '375', '398', '464']
