['105', '320', '361', '363']
['3', '7', '185', '187', '191', '208', '209']
['69', '70', '71', '89', '103', '107']
['108', '110', '111', '281', '289']
['58', '219']
['134', '135', '190', '264']
['198', '266', '267', '328', '329', '330', '384']
['52', '54', '196', '279', '313']
['182', '301']
['120', '260', '261', '262', '263', '284', '285']
['244', '272', '273', '276', '302']
['85', '95']
['98', '144']
['152', '154']
['116', '269', '271', '275', '314']
['245', '246', '256', '259']
['68', '321', '322', '338']
['57', '65', '280', '282', '341', '342']
['18', '19']
['173', '216', '393', '394']
['385']
['143', '147', '217']
['117', '119', '218', '286', '304', '305']
['4', '5', '104', '106', '131', '249']
['122', '123', '192', '332', '333', '334', '335']
['141']
['96', '97', '99', '193', '195', '380', '382']
['43', '265']
['6', '45', '46', '60', '61', '62', '270']
['240']
['316', '318', '387', '388', '389', '391']
['136']
['310', '311', '312', '315', '372', '375']
['79', '83', '87', '101', '102']
['84', '392', '395']
['23', '25', '26', '27', '31', '377', '378']
['205', '206', '355']
['283', '287']
['293', '294', '379', '381', '383']
['13', '14', '226']
['28', '30', '72', '75']
['86', '222', '253', '255']
['300']
['252', '254', '295']
['24', '55', '59', '63', '288']
['362']
['36', '37', '38', '39', '214', '215']
['233', '234', '235', '292', '345', '374']
['290', '291', '347', '349', '351', '376']
['21']
['29', '221', '257', '258']
['33', '232']
['40', '224', '225', '227', '308']
['150']
['100', '128', '156', '158', '354']
['188', '189', '277', '278', '344', '346', '359']
['140', '319', '323', '326', '327', '331']
['9', '12']
['142', '336', '337', '339', '396']
['73', '157']
['113']
['112', '114', '115', '164', '165', '166', '309']
['20', '22', '130', '168', '169', '170', '171']
['11', '15', '368']
['53', '64', '66', '67', '118']
['8', '10', '49', '109', '172', '174', '241']
['297']
['44', '47', '348', '350']
['197']
['176', '177', '178', '307']
['160', '162']
['48', '90', '91', '121', '212', '213', '248']
['360']
['0', '2', '186', '356']
['220', '223', '366', '390']
['32', '34', '35', '88']
['201']
['306', '398', '399']
['76', '77', '78', '200', '202']
['16', '17', '41', '42', '148']
['56', '132']
['93', '94', '163', '303', '324', '325']
['92', '124']
['194']
['129', '237', '239']
['125', '126', '127', '153', '167']
['184', '397']
['268', '296', '298']
['1', '133', '161', '247', '250', '251', '274']
['340']
['317', '352', '353']
['155', '159', '228', '229', '230', '231']
['80', '82', '299', '343']
['74', '149', '151', '175', '179']
['81', '180', '181', '183', '357', '358']
['137', '138', '139', '199', '203', '204', '207']
['146', '236', '238']
['145', '364', '365', '367', '386']
['210', '211', '242', '243']
['50', '51', '369', '370', '371', '373']
