['RG', 'DE', 'KP', 'DR', 'OF']
['LE', 'K', 'DQ', 'GN', 'IS', 'BP', 'HN', 'DN']
['BH', 'FU', 'CL', 'HH', 'ES', 'EH', 'KU']
['EP', 'JM']
['BM', 'BL']
['BA', 'NZ', 'RB', 'EU', 'JT', 'NB', 'RE', 'HP', 'HF']
['GH', 'QE']
['OP', 'CF', 'D', 'HU']
['G', 'SO', 'LA', 'BZ', 'PX', 'RD']
['LS', 'SV', 'FK', 'B', 'MG', 'GP', 'FV']
['PJ', 'DC', 'ME']
['PZ']
['LW', 'JD', 'A', 'GQ']
['RH', 'FG', 'CM', 'OI', 'NF', 'HA', 'GT', 'FQ', 'OT']
['NM', 'OO']
['EW', 'KI', 'DU', 'EE', 'LF', 'OM']
['IO']
['JN', 'JQ']
['SJ', 'OK', 'KW', 'MF', 'BT']
['KE', 'OD', 'CP', 'ET', 'QJ', 'JJ', 'KK', 'CY', 'FD', 'NA']
['OB', 'BV', 'NJ', 'JC', 'FH', 'FO', 'EA']
['KT', 'BI', 'MS', 'FM', 'LG', 'EM']
['MB', 'MI', 'MX', 'PB', 'MC', 'RN', 'HO', 'KS']
['GI', 'CD', 'OY', 'IR', 'PE', 'RX']
['SX', 'GK']
['IN']
['QG', 'HW', 'GX', 'HQ', 'CW', 'LX', 'SK', 'PC']
['NV', 'GR', 'CA', 'EO', 'BU']
['PG', 'HG', 'SF']
['KA', 'LH', 'BN']
['CT', 'SG', 'CH', 'KG', 'RU', 'SQ', 'DF', 'S']
['CI', 'JB', 'SP', 'EV', 'SW', 'PQ', 'GM', 'IL', 'MP', 'HD']
['HJ', 'CQ', 'PT', 'NG', 'JG', 'HM', 'JE', 'BC', 'HV', 'W']
['JF', 'QT', 'QS', 'LT', 'BX', 'HZ', 'QP', 'CG', 'CS', 'DA']
['DM', 'QW', 'BQ', 'EX', 'V']
['GJ']
['KX', 'IK']
['ID', 'IX', 'NQ']
['O', 'QA', 'EZ', 'GF']
['KZ', 'BE']
['GA']
['LK', 'ND', 'QK', 'LZ', 'F', 'QY', 'IC', 'IW']
['FZ']
['DS', 'RK', 'SN', 'NH']
['LC']
['SL', 'DB', 'NT', 'NP', 'FP']
['KR', 'QM']
['CB']
['KD', 'MH', 'DP', 'LY', 'RR', 'QL']
['QF']
['MT', 'HC', 'QV', 'SC', 'RP', 'DW', 'SS', 'JZ']
['HB', 'PK', 'MA', 'RT']
['KH', 'KB', 'IZ', 'M', 'FA']
['MJ', 'LM']
['RO']
['CV']
['TF', 'NS']
['NY', 'FY', 'NO', 'DV', 'PH', 'IG', 'FL', 'GL', 'DJ', 'EC']
['TA', 'IE', 'HL', 'LB', 'IM']
['EJ', 'II', 'NK', 'FB']
['Y', 'LQ', 'MD', 'GG', 'BS', 'OX', 'PN', 'HI', 'RY', 'GZ']
['PL', 'SZ', 'GD', 'HS', 'EK']
['MY', 'PF', 'BO', 'NL', 'BF', 'JV', 'JR']
['IY', 'JY', 'FJ', 'LD', 'LO', 'ER', 'OJ', 'QR', 'SI', 'R']
['OR', 'BB', 'DO', 'IQ', 'RV', 'GY', 'HX', 'KF', 'PA', 'OW']
['TB', 'QD']
['MN', 'SR']
['OV', 'EL', 'HY', 'GS', 'BK', 'FT', 'KV', 'RI', 'TC']
['JI', 'MV']
['DT']
['MK', 'NR', 'GO', 'JH', 'HK', 'LJ', 'TE']
['MQ']
['KJ', 'BR', 'NN']
['EG', 'PV', 'DZ']
['RW', 'I', 'PR', 'QZ', 'TD', 'SY']
['MZ', 'ST', 'DD', 'RC', 'KC', 'PO', 'CK']
['PS']
['PP', 'EN', 'Q', 'J', 'CO']
['LV', 'PI', 'PW', 'QI', 'QN', 'QO']
['ON', 'SU', 'NI', 'C', 'GE']
['X', 'GV', 'CE', 'MW', 'DH']
['QU']
['OH', 'U', 'OS', 'NE', 'NW', 'HR', 'DL']
['EF', 'CC', 'NU', 'CX', 'RA', 'QB', 'IJ']
['LI', 'CJ', 'OG', 'DK', 'LN', 'FI', 'CU', 'KN', 'IV', 'MR']
['JK', 'OA', 'IB', 'RF', 'CZ', 'GC', 'JL', 'MM']
['MO', 'JU', 'DX', 'KY', 'QX', 'IT']
['PU', 'QQ', 'KQ', 'FC', 'BD', 'LL', 'SB']
['ED']
['DG', 'OQ', 'PM', 'FW', 'IP', 'QH', 'OZ']
['PD', 'RJ', 'CR', 'HT', 'EY', 'FR', 'LP', 'L']
['LU', 'DI', 'JP']
['PY', 'IH', 'P', 'RZ', 'RL', 'T', 'SD', 'JX', 'FX']
['MU', 'NC', 'GU', 'JS', 'KL', 'CN', 'EB']
['JW', 'NX', 'RM', 'GW', 'Z', 'JO', 'RS']
['JA', 'EI', 'DY', 'IU', 'E']
['OC', 'KM', 'HE', 'OU', 'EQ', 'BY', 'N', 'SE', 'SA']
['IF', 'SM', 'OE', 'H', 'LR', 'ML', 'QC']
['GB', 'BJ', 'KO', 'BW', 'BG', 'OL', 'IA', 'FN']
['FS', 'FF', 'SH', 'RQ', 'FE']
