['5', '31', '64', '67', '78', '80', '109', '116', '118', '123', '130', '131', '136', '139', '147', '152', '161', '170', '205', '213', '214', '231', '233', '239', '247']
['157']
['7', '19', '42', '43', '69', '102', '113', '115', '125', '134', '148', '151', '158', '165', '172', '174', '182', '184', '190', '218', '219', '220', '225', '236']
['57']
['105']
['2', '3', '8', '20', '22', '24', '25', '28', '32', '35', '50', '51', '53', '74', '85', '95', '99', '106', '121', '135', '141', '178', '181', '199']
['90']
['11', '15', '16', '38', '46', '63', '68', '71', '76', '82', '87', '93', '124', '143', '146', '167', '201', '204', '210', '226', '229', '234', '238', '241', '243']
['91']
['0', '21', '41', '58', '75', '81', '84', '100', '111', '127', '142', '168', '186', '192', '194', '197', '209', '222', '228']
['248']
['62']
['6', '12', '14', '18', '23', '34', '45', '56', '59', '60', '70', '88', '94', '96', '103', '117', '119', '179', '185', '198', '208', '217', '230', '246', '249']
['4', '10', '27', '30', '36', '37', '39', '47', '66', '110', '120', '132', '137', '138', '144', '149', '154', '164', '171', '173', '189', '200', '212', '224', '232']
['97']
['13', '29', '44', '48', '49', '54', '65', '77', '86', '89', '108', '114', '122', '153', '159', '163', '166', '175', '183', '187', '191', '193', '196', '237', '240']
['1', '33', '61', '79', '98', '101', '104', '129', '133', '140', '145', '150', '155', '169', '177', '203', '211', '215', '221', '223', '235', '242', '245']
['9', '17', '26', '55', '72', '73', '83', '92', '107', '112', '126', '128', '156', '160', '162', '176', '180', '188', '195', '202', '206', '207', '216', '227', '244']
['52']
['40']
