['Alexandrina', 'Stesha', 'Karie', 'Sandie', 'Gavra', 'Mirna', 'Terese', 'Gerry', 'Sula', 'Marris', 'Lynnet', 'Brear', 'Johanna', 'Cindie', 'Belle']
['Tiffany', 'Dotti', 'Fania', 'Patty', 'Marlie', 'Rosamond', 'Mei', 'Jolie', 'Sofie', 'Diahann', 'Della', 'Brook', 'Melloney', 'Noell', 'Delly']
['Brigitte', 'Kara', 'Beatrice', 'Cherilynn', 'Quintana', 'Monique', 'Nicoli', 'Selinda', 'Georgiana', 'Jen', 'Aviva', 'Adiana', 'Serena', 'Gianina', 'Corly']
['Cheslie', 'Claudie', 'Dee', 'Eve', 'Kaitlynn', 'Shoshana', 'Gae', 'Jacqui', 'Nedda', 'Tamara', 'Jessamyn', 'Nancie', 'Arlee', 'Tallie', 'Britteny']
['Gale', 'Jesse', 'Nanon', 'Anabel', 'Faythe', 'Lorie', 'Anastassia', 'Hortense', 'Brittan', 'Natalya', 'Cassandra', 'Nelie', 'Lotte', 'Bekki', 'Collete']
['Winifred', 'Camala', 'Teddi', 'Oralee', 'Cristabel', 'Birgitta', 'Babara', 'Reggi', 'Lorain', 'Jemie', 'Andromache', 'Haley', 'Cathryn', 'Anette', 'Lisette']
['Row', 'Carla', 'Andie', 'Hedwiga', 'Neile', 'Caryn', 'Risa', 'Silva', 'Clemmie', 'Danni', 'Peg', 'Melinde', 'Lulu', 'Edith', 'Eolanda']
['Carroll', 'Austina', 'Jaynell', 'Leda', 'Sonni', 'Fawnia', 'Randie', 'Zulema', 'Rita', 'Nicki', 'Catha', 'Krissy', 'Anabal', 'Martina', 'Thia']
['Gaby', 'Emelda', 'Corinne', 'Amalee', 'Rhody', 'Paige', 'Lira', 'Ramonda', 'Yolanda', 'Lorena', 'Lani', 'Yoshi', 'Stephannie', 'Mufinella', 'Lyda']
['Moyna', 'Dorine', 'Katti', 'Jorrie', 'Elvera', 'Joanna', 'Diane', 'Sada', 'Tiffy', 'Britney', 'Nissie', 'Leanora', 'Antonietta', 'Millisent', 'Euphemia']
['Marcie', 'Drusy', 'Yovonnda', 'Cristen', 'Adriane', 'Alia', 'Bridgette', 'Stormi', 'Flory', 'Angelica', 'Brunhilda', 'Else', 'Kellsie', 'Maddalena', 'Ronnica']
['Tiphanie', 'Charita', 'Morena', 'Kathleen', 'Shanie', 'Harriet', 'Idalina', 'Missy', 'Noreen', 'Athena', 'Gabbie', 'Bertie', 'Cristionna', 'Marisa', 'Valli']
['Carri', 'Avivah', 'Vanni', 'Ranice', 'Yetta', 'Meggi', 'Debora', 'Eulalie', 'Latisha', 'Sheila', 'Matilde', 'Myrtle', 'Dyane', 'Demetria', 'Alyson']
['Roslyn', 'Shirl', 'Mair', 'Rhodia', 'Agneta', 'Eran', 'Netty', 'Rosana', 'Kathryn', 'Georgeanne', 'Tarra', 'Josepha', 'Julie', 'Desiri', 'Mella']
['Orsa', 'Paulina', 'Daphene', 'Clarissa', 'Kiele', 'Charmine', 'Erminia', 'Vicky', 'Rosene', 'Chelsy', 'Frankie', 'Tani', 'Agnes', 'Kala', 'Bonita']
['Livy', 'Lesly', 'Ruperta', 'Doroteya', 'Clemence', 'Agnese', 'Vonni', 'Sadye', 'Mechelle', 'Dita', 'Cassondra', 'Oliy', 'Kellie', 'Sile', 'Allie']
['Doris', 'Kathy', 'Sherrie', 'Addi', 'Ansley', 'Roxane', 'Kania', 'Colline', 'Kaitlin', 'Annice', 'Agatha', 'Janice', 'Korney', 'Stefa', 'Starlin']
['Estella', 'Kittie', 'Dena', 'Rivkah', 'Helyn', 'Idelle', 'Briny', 'Ingunna', 'Madelena', 'Tamra', 'Conchita', 'Fredericka', 'Maxie', 'Marabel', 'Zenia']
['Rowena', 'Joelly', 'Sileas', 'Anabelle', 'Veradis', 'Malva', 'Xylina', 'Marlena', 'Tanitansy', 'Ulrike', 'Marcella', 'Lydie', 'Allene', 'Dominica', 'Pammy']
['Inga', 'Estele', 'Willi', 'Marijo', 'Casi', 'Laverne', 'Erica', 'Opal', 'Fernande', 'Gwennie', 'Vinni', 'Fran', 'Mariellen', 'Tim', 'Bernice']
