['294']
['8']
['189']
['112']
['177']
['140']
['333']
['113']
['156']
['154']
['250']
['65']
['60']
['29', '34', '123', '137', '159', '300', '383', '385']
['226']
['94']
['181']
['133']
['103']
['1', '19', '23', '44', '69', '71', '87', '90', '91', '117', '129', '206', '225', '242', '263', '289', '302', '365']
['218']
['387']
['288']
['321']
['24', '39', '57', '86', '108', '265', '316', '388']
['355']
['36', '38', '40', '58', '59', '82', '101', '139', '150', '151', '180', '184', '187', '194', '213', '220', '236', '238', '299', '351', '353', '362', '377', '381', '396']
['81']
['179']
['270']
['54']
['207']
['43', '77', '78', '93', '130', '183', '200', '251', '267', '272', '293', '314', '336', '340', '371', '378']
['280']
['42']
['208']
['125']
['106']
['282']
['214']
['9']
['2', '4', '7', '14', '20', '25', '33', '41', '47', '52', '85', '88', '96', '104', '116', '118', '121', '122', '147', '149', '170', '196', '199', '203', '234', '240', '241', '243', '247', '260', '278', '279', '281', '286', '287', '291', '295', '298', '301', '310', '315', '318', '326', '337', '344', '346', '367', '375', '379']
['107']
['319', '335']
['144']
['5', '6', '32', '45', '110', '115', '128', '135', '161', '237', '248', '258', '273', '305', '331', '395']
['73']
['68']
['290']
['16']
['228']
['252']
['18']
['27']
['10', '15', '21', '26', '35', '48', '63', '76', '95', '97', '105', '142', '145', '146', '166', '175', '185', '191', '197', '223', '224', '245', '264', '274', '284', '308', '309', '312', '327', '345', '354', '356', '360']
['271']
['13', '28', '56', '99', '124', '172', '190', '216', '229', '232', '317', '320', '342']
['235']
['70', '111']
['49', '74', '83', '307']
['254']
['141']
['349']
['89', '98', '120', '153', '209', '210', '231', '256', '261', '292', '330', '339', '364']
['201']
['160']
['143']
['17', '92']
['368']
['399']
['366']
['178']
['221']
['134', '148', '162', '171', '205', '266', '283', '323', '325', '347', '352', '357', '363', '370', '393']
['324']
['53']
['61']
['30']
['212']
['132']
['67']
['269']
['285']
['246']
['380']
['303', '306', '313']
['361']
['169']
['259']
['12', '114', '211', '268', '397']
['328']
['11']
['398']
['138']
['22']
['109']
['174']
['390']
['3']
['244']
['332']
['136']
['0', '31', '46', '50', '64', '80', '84', '102', '157', '158', '167', '173', '188', '192', '193', '198', '217', '222', '227', '239', '249', '277', '296', '297', '334', '341', '348', '359', '372', '373', '374', '386', '389']
['72']
['176']
['322']
['311']
['168']
['329']
['51', '262']
['276']
['164']
['195']
['127']
['215']
['338']
['75']
['394']
['155']
['152']
['165']
['119']
['37']
['79']
['350']
['376']
['163', '230', '382']
['62']
['253']
['55']
['126']
['392']
['233']
['384']
['304']
['204']
['255']
['257']
['66']
['358']
['391']
['202']
['182']
['275']
['369']
['186']
['219']
['131']
['100']
['343']
