['Mylie', 'Elisah', 'Bailei', 'Jasiya', 'Bristol', 'Milene', 'Yu', 'Hannelore', 'Rielly', 'Merary', 'Eleah', 'Jaydah', 'Merissa', 'Kenzington', 'Jirah', 'Hakop', 'Trinitey', 'Soriya', 'Xaviel', 'Dhalia', 'Jomary', 'Julia', 'Jacob', 'Shalonda', 'Gauge', 'Maude', 'Nakaya', 'Abhinav']
['Quintasia']
['Demetreus', 'Jaaziah', 'Lukis', 'Cicily']
['Zykerria', 'Adaley', 'Nancy', 'Lada', 'Haya', 'Gracia', 'Oluwatobi', 'Kairy', 'Keni', 'Ganon', 'Taegan', 'Keemya', 'Inaki', 'Treyson', 'Loni', 'Abdulraheem', 'Antonin', 'Tralaya']
['Sussy', 'Shakila', 'Alyze', 'Derionna', 'Bailynn', 'Shamaiya', 'Serra', 'Alieyah', 'Jekeria', 'Akasha', 'Soniah', 'Montana', 'Hesham', 'Kvaughn']
['Janine']
['Zyeir', 'Artyom', 'Elysha', 'Tanyla', 'Britnee', 'Hashem', 'Marcellino', 'Aysenur', 'Shamyia']
['Keyvin']
['Aizik', 'Jamiyla', 'Jdan', 'Donnelle']
['Marcellius']
['Rexford', 'Yaire', 'Yonason']
['Takia', 'Abaan', 'Kalum', 'Tahir', 'Adriene', 'Jasahn', 'Kyston', 'Jamaine', 'Fabrizzio', 'Makyra', 'Dea', 'Dairon', 'Carine', 'Jaquis', 'Laticia', 'Joed', 'Kaeleen', 'Thien', 'Jamaad', 'Kellon', 'Mikaelah', 'Tajuan', 'Sevastian', 'Jameisha', 'Ailene', 'Anadalay', 'Fe', 'Helaman', 'Hayven']
['Dereck', 'Kitty', 'Zolin', 'Lauralynn', 'Jophy', 'Dhyan', 'Ahnaya', 'Brinleigh', 'Tayyab', 'Deidre', 'Emmanuela', 'Sameeha']
['Alayasia', 'Aylana', 'Aleiyah', 'Jovey', 'Jakelin', 'Jeremias', 'Jema', 'Eeliyah', 'Michaell', 'Alaija', 'Giannie', 'Kariana', 'Jerriah', 'Khila']
['Carsten', 'Avielle', 'Khloee', 'Veena', 'Emmely', 'Braeley', 'Ancel', 'Jaquan', 'Dominika', 'Marifer', 'Byron', 'Danyca', 'Tyannah', 'Ameerah', 'Iris', 'Larry', 'Anouk', 'Griffon', 'Mircale']
['Gunther', 'Tralyn', 'Raymir']
['Tashvi', 'Brenya', 'Evangelyne', 'Amritha', 'Kay']
['Chanze', 'Samauri', 'Lazaria', 'Ricky', 'Atika', 'Nakeya', 'Tobias', 'Taye', 'Rohil', 'Lamariah', 'Nayara', 'Timia', 'Jaeline', 'Leib', 'Shanaiya', 'Natasia', 'Zackrey', 'Mikelle', 'Tacori', 'Sharlene', 'Jemiah', 'Kenzlie', 'Coi']
['Meryl', 'Olive', 'Larrissa', 'Zaahir', 'Navia', 'Zahriyah', 'Lynia', 'Jaleesa', 'Jalilah', 'Daxen', 'Nethra', 'Deliany', 'Siena', 'Nohely', 'Kinzie', 'Cynae', 'Trenise', 'Detravion', 'Hallei', 'Renyah']
['Bright', 'Colie', 'Chidi', 'Suri', 'Ryleeann']
['Seleen', 'Tafari', 'Taigen', 'Cylah', 'Amor', 'Dessie', 'Mylani', 'Shahid', 'Jesalyn', 'Kaleo', 'Donnovan', 'Quintavious', 'Zayquan', 'Kenzo', 'Leighann', 'Bow', 'Benito', 'Kapena', 'Mylez', 'Janesha', 'Kameryn', 'Sinia', 'Rayne']
['Jarem', 'Mumin', 'Masud', 'Lizmari', 'Jahred', 'Yarisbel', 'Adaisha', 'Jersi', 'Crystina', 'Lailani', 'Kaymi', 'Abriyana', 'Arsalan']
['Aarohi', 'Guadalupe', 'Sevren', 'Gertrude', 'Dusan', 'Sayd', 'Farah', 'Merlina', 'Tam', 'Juliano', 'Stafford', 'Jos', 'Raeleigh', 'Antrone', 'Adeleine', 'Keili', 'Kirrah', 'Matt']
['Nishta', 'Emree', 'Anela', 'Litsy', 'Yarithza', 'Anagha', 'Prakruti']
['Khamil', 'Kobe', 'Coraline', 'Mezmariah', 'Giankarlo', 'Ilyn', 'Jabes', 'Sashya', 'Azeriah', 'Quentyn', 'Monserath', 'Yajahira', 'Zuzanna', 'Azzareya', 'Emilie', 'Jeru', 'Serenety', 'Vivica', 'Shannel', 'Nakari', 'Anwesha', 'Keion', 'Kaushik', 'Nalaya', 'Aanyah']
['Caliegh', 'Liann', 'Jalyiah', 'Ebany', 'Asa']
['Seiry', 'Sincere', 'Aley', 'Markise', 'Dorcas', 'Vedika', 'Vyncent', 'Sydelle', 'Miley', 'Khalee', 'Gor', 'Jaimarie', 'Jailon', 'Aayana', 'Charlett', 'Lilyonna', 'Jaleena', 'Trystian', 'Mailen', 'Lealand', 'Ally', 'Azavier']
['Kaeley', 'Cliff', 'Sanae', 'Avigail', 'Lilienne', 'Andriy', 'Aman', 'Amr', 'Fidel', 'Coulson', 'Vinnie', 'Mikea']
['Brydan', 'Adanna', 'Marialy', 'Ellarie', 'Basha', 'Carena', 'Shardae', 'Abdulrehman', 'Sagan', 'Dainen', 'Zinia', 'Rey', 'Amonti', 'Ingrid', 'Alison', 'Tasi', 'Kaymarie', 'Margie', 'Sheniyah', 'Jazir', 'Kirubel', 'Rock', 'Lakiyah', 'Oviya', 'Selena', 'Endi', 'Ron']
['Isaak', 'Eddieberto', 'Jerel', 'Thaddius', 'Thadius', 'Sabastion', 'Deedra', 'Denize', 'Marrius', 'Abdoulaziz', 'Blaine', 'Anastacio']
['Jandre', 'Desteni', 'Sihaam', 'Doyle', 'Noami', 'Apollonia']
['Evia', 'Terriona', 'Marnae', 'Shiala', 'Davidjr', 'Hugo', 'Adysen', 'Casandra', 'Katalina', 'Spartan', 'Niemah', 'Shelbee', 'Farha', 'Dashun', 'Orren', 'Venezia', 'Noha', 'Armita', 'Gwendolynn', 'Malaja', 'Mariaelena']
['Treyonna']
['Chyna', 'Keyin', 'Mykenna']
['Daxx', 'Tobechi', 'Jamear', 'Harlem', 'Reynaldo']
['Johnavan', 'Liat', 'Estephanie', 'Delara', 'Shamiyah']
['Jamonte', 'Jebediah', 'Kenniyah', 'Dragon', 'Shanell', 'Ettel', 'Jarrell', 'Feven', 'Devaun', 'Jezzelle', 'Dell', 'Mckaylin', 'Delisha', 'Ramses', 'Katarina', 'Nidhi', 'Vanesa', 'Citlally', 'Jax', 'Analiah']
['Handsome']
['Asha', 'Michai', 'Elway', 'Leilah', 'Zoiee', 'Salmaan', 'Alainna', 'Satomi', 'Casondra']
['Artie', 'Charlize', 'Kyo']
['Mikyla', 'Jesus', 'Jatziry', 'Antwane', 'Eliziah', 'Salif', 'Marik', 'Kaira', 'Zamyah', 'Marwan', 'Shy', 'Nitzia', 'Kimball', 'Cisco', 'Aryeh', 'Kemily']
['Jayme', 'Camill', 'Rosalio', 'Mykaylah', 'Aibhilin', 'Yavian', 'Kayliann', 'Jahlen', 'Deriyon', 'Dyami', 'Ayahna', 'Fox', 'Ishmel', 'Marck', 'Osmin', 'Dajana', 'Srinath']
['Saheim']
['Kamora', 'Tayseer', 'Alyiana', 'Guy', 'Leni', 'Cordai']
['Halo', 'Ori', 'Stefanny', 'Gyzelle', 'Raphael']
['Cyris']
['Kensleigh', 'Natsumi']
