['David', 'Lucille']
['Wilma', 'Lulu']
['Tracy']
['Roy', 'Ann', 'Robyn', 'Raeann']
['Reginald', 'Lydia', 'Sofia']
['Corey', 'Cecilia', 'Molly']
['Charles', 'Ingeborg']
['Martin', 'Anna', 'Joann']
['Gerald', 'Steven', 'Norman', 'Donna', 'Glenna', 'Melanie', 'Stacy', 'Timothy']
['Tim']
['Theodore']
['Nola', 'Alvin', 'Ruby', 'Eric']
['Laurie', 'Brian', 'Dean']
['Leticia']
['Connie', 'Kevin', 'Amy', 'Burl']
['Carmen']
['Mabel', 'Pablo']
['Diana']
['Ronald', 'Michael', 'Booker', 'Loraine', 'Robert', 'Kristine', 'Brenda', 'Justin', 'Guy', 'Bradley', 'Cornelius', 'Ernestine', 'Esther', 'Michelle', 'Matthew', 'Eugene']
['Thomas', 'Deborah']
['Kylie']
['Emery']
['Douglas', 'Belinda', 'Terry', 'Tommy', 'Stephen', 'Grant']
['Fredrick', 'Natalie']
['Scot']
['Audrey', 'Curtis', 'Alfred']
['Georgette', 'Jeremy']
['Jeffery']
['Juan']
['Warren', 'Eleanor', 'Latisha', 'Quintin', 'Andrea']
['Rolf', 'Teresa', 'Janet', 'Nelson', 'Veronica', 'Rhonda']
['Jeff', 'Doris']
['Joni', 'Deanna', 'Phyllis', 'Cassie', 'Kerrie']
['Herbert']
['Shirley']
['Helen', 'Clyde', 'Lonnie', 'Susanna']
['Cory']
['Angela', 'Stanley', 'Joe', 'Brandon', 'Lillian']
['Dennis', 'Charlotte', 'Harvey', 'Garrett']
['Catherine', 'Sylvia', 'April', 'Wendy']
['Marlene']
['Nicole']
['Alison', 'Kim']
['Katherine', 'Kathryn', 'Dawna']
['Carole', 'Christina']
['Debra']
['Edwin', 'Joanne', 'Maureen']
['Mack', 'Rosalyn']
['Ollie', 'Tuan', 'Louis']
['Kathleen', 'Frank']
['Cathy']
['Mae', 'Cindy', 'Adele', 'Clarissa']
['Shannon', 'Elizabeth', 'Fred']
['Jacob']
['Paula', 'Roger', 'Andres', 'Tanya', 'Alexander', 'Viola']
['Lorraine', 'Freda', 'Reinaldo', 'Calvin', 'Stacie']
['Adam', 'Cassandra']
['Selma']
['William', 'Melissa', 'Bessie', 'Marjorie', 'Lisha', 'Marion', 'Marco']
['Judith']
['Jeffrey', 'Francisco', 'Willie']
['Gail', 'Angelica', 'Clarence']
['Lessie']
['Dawn', 'Miguel', 'Selina', 'Derrick', 'Marian', 'Daniel', 'Cesar', 'Ivonne', 'Ouida', 'Gilda', 'Emmie']
['Patricia', 'Kelly', 'Jesse', 'Annalee', 'Josephine', 'Winnifred', 'Stephany']
['Mario', 'Seth']
['Michele', 'Juanita']
['Roberto']
['Pauline', 'Travis', 'Elsie', 'Rick', 'Lawrence']
['Jodi', 'Don', 'Caridad']
['Rebecca']
['Richard', 'Irving', 'Maria']
['Beth']
['Alicia']
['Troy', 'Paul', 'Hugh', 'Robin', 'Dale', 'Polly', 'Phillip', 'Leigh', 'Eugenia', 'Sam', 'Theresa', 'Maryann']
['Rosa']
['Gwen']
['Dorothea']
['Marquerite']
['Marilyn', 'Virginia', 'Margaret', 'Morris', 'Gladys', 'Lahoma', 'Jonathan', 'Norma']
['Myron']
['Berta', 'Philip', 'Inez', 'Matt', 'Eva', 'Danny']
['Lynne']
['Mike', 'Jean']
['Christine', 'Nancy']
['Pamella', 'Danielle']
['Craig']
['Ray', 'Karen', 'Vella', 'Victor', 'Dorothy', 'Keri']
['Ryan', 'Martha', 'Joseph', 'Evelyn', 'Rachel', 'Mark', 'Mary', 'Tara', 'Rosie', 'Kaitlyn', 'Karren', 'Kerri', 'Jose', 'Ida', 'Fernando', 'Gary', 'John', 'Gregory', 'Edward', 'Jo', 'Beverly', 'Pete', 'Cheryl', 'Lane', 'Susan', 'Stephanie', 'Ronda', 'Crystal', 'Morgan', 'Jessica', 'George', 'Glen', 'Harold', 'Donald', 'Everett', 'Christopher', 'Carl', 'Bertha', 'Moses', 'Samuel', 'Gordon', 'Sharon', 'Wayne', 'Tony', 'Carol', 'Linda', 'Emily', 'Raul', 'Annette', 'Leona', 'Ralph', 'Ursula', 'Hedwig', 'Roberta', 'Jesus', 'Sylvester', 'Judy', 'Jason', 'Wanda', 'Darrell', 'Roosevelt', 'Pamela', 'Peter', 'Larry', 'Blair', 'Toni', 'Reuben', 'Patrick', 'Dana', 'Sarita', 'Betty', 'Jane', 'Lloyd', 'Kenneth', 'Steve', 'Bruce', 'Andre', 'Jorge', 'Kellie', 'Carlos', 'Priscilla', 'Alice', 'Joshua', 'Ana', 'Mildred', 'Myriam', 'Rosalee', 'Marcelino', 'Ellis', 'Amos', 'Elia', 'Suzie', 'Lana', 'Imogene', 'Carmelita', 'Frederick', 'Reggie', 'Gertrude', 'Clayton', 'Margert', 'Jacque', 'Alex', 'Lucy', 'Mable', 'Lyle', 'Bernard', 'Laura', 'Glennie', 'Bethany', 'Ricky', 'Janene', 'Beulah', 'Randolph', 'Willis', 'Monica', 'Laurence', 'Lori', 'Chris', 'Lewis', 'Raphael', 'Kimberly', 'Sherri', 'Kristin', 'Will', 'Leanne']
['Erik']
['Constance', 'Arturo']
['Ernest', 'Del', 'Lucie']
['Bobby', 'Bonnie', 'Heather', 'Gerardo']
['Lena', 'Olivia', 'Marlin', 'Krysten']
['Ashley', 'Sally']
['Antonio', 'Darlene', 'Irene', 'Jeanine']
['Andrew']
['Winifred', 'Anthony', 'Sheryl']
['Geraldine', 'Thelma', 'Jimmy', 'Jayme']
['Raymond', 'Wallace', 'Gloria']
['James']
['Christian']
['Marie', 'Albert', 'Therese', 'Fredda']
['Ruth', 'Margarito', 'Eura', 'Derek', 'Peggy', 'Ellen', 'Cecile', 'Rafael', 'Miles']
['Domingo']
['Kirk', 'Barbara', 'Kisha', 'Lilian', 'Ward']
['Walter']
['Pat', 'Marcella', 'Nina']
['Tamika', 'Jennifer']
['Wesley', 'Wilson']
['Mireya']
