['122', '213', '255', '111', '106', '31', '218', '64', '243', '184', '110', '144', '16', '300', '61', '30', '298', '393', '131', '396', '163', '370']
['38', '231', '236', '102', '384', '257', '177', '152', '398', '130', '10', '36', '369', '348', '259', '92', '349', '390', '394']
['380', '279', '246', '376', '157', '372', '386', '391', '148', '344', '294', '105', '306', '161', '290', '292', '351', '235', '185', '330', '164', '387']
['160', '135', '56', '82', '6', '367', '39']
['287', '354', '215', '70', '137', '303', '165', '7', '276', '143', '272', '217', '205', '234', '43', '375', '117', '202', '252', '11', '208', '47', '54', '74']
['232', '274', '273', '336', '247', '308', '116', '15', '286', '84', '282', '109', '41', '225', '194', '166', '297', '385', '108', '277', '42', '230', '76', '197']
['176', '146', '341', '132', '265', '114', '345', '310', '358', '241', '366', '312', '153', '203', '57', '86', '121', '150', '27']
['53', '299', '365', '350', '199', '67', '35', '280', '19', '113', '261', '88', '395', '248', '219', '2', '346', '281', '328', '40', '186', '326', '97']
['0', '361', '189', '313', '293', '49', '342', '25', '371', '80', '399', '260', '5', '388', '181', '201', '98', '228', '60', '62', '168', '334', '381', '32', '305']
['8', '244', '264', '17', '99', '94', '262', '183', '245', '347', '96', '126', '357', '18', '339', '46', '278', '301', '304', '251', '128', '24', '72', '69']
['3', '233', '377', '192', '200']
['1', '318', '314', '315', '188', '332', '89', '169', '216', '209', '21', '45', '95', '147', '81', '325', '180', '359', '238', '285', '138', '254', '240', '193']
['227', '289', '316', '156', '223', '79', '224', '9', '338', '127', '4', '374', '196', '141', '283', '145', '353', '295', '85', '118', '170', '195']
['355', '139', '226', '275', '22', '124', '327', '48', '266', '368', '210', '123', '356', '307', '214', '270', '211', '65', '55', '20', '33', '71', '90', '237']
['23', '206', '190', '104', '397', '207', '256', '364', '249', '75', '149', '263', '239', '379', '250', '125', '340', '103', '77', '159', '212', '59', '66']
['100', '158', '34', '68', '242', '87', '296', '360', '220', '51', '101', '269', '175', '378', '129', '182', '389', '112', '14', '221']
['119', '392', '322', '120', '204', '154', '29', '222', '93', '311', '13', '115', '162', '136', '91', '352', '50', '63', '343']
['271', '171', '44', '373', '73', '383', '284', '317', '335']
['52', '191', '172', '178', '58', '333', '133', '140', '12', '187', '173', '288', '302', '28', '363', '362', '26', '309', '324', '321', '37']
['323', '291', '319', '320', '155', '107', '253', '268', '83', '331', '337', '267', '134', '142', '229', '329', '179', '382', '151', '167', '198', '258', '174', '78']
