['97', '102', '126', '132', '156', '184', '201', '223', '262', '267']
['1', '30', '35', '56', '67', '75', '86', '116', '140', '144', '147', '161', '169', '180', '187', '204', '208', '211', '220', '235', '237', '238', '275', '276', '278']
['10', '19', '74', '81', '93', '176', '236', '256', '263', '293']
['5', '15', '16', '17', '38', '41', '47', '51', '53', '76', '80', '107', '113', '115', '120', '153', '159', '165', '172', '196', '222', '230', '245', '266']
['29', '34', '50', '70', '177', '190', '213', '234', '252', '273']
['6', '25', '57', '71', '94', '166', '174', '203', '214', '215', '216', '224', '244', '257', '295', '296']
['83', '283', '292']
['44', '49', '63', '79', '95', '145', '186', '194', '206', '227', '272', '284', '286', '287', '291', '294', '297']
['7', '27', '42', '43', '85', '99', '124', '127', '138', '160', '189', '205', '232', '239', '240', '247', '249', '264', '285']
['45', '54', '60', '69', '111', '121', '123', '131', '133', '135', '158', '162', '178', '182', '200', '210', '229', '243', '246', '248', '253', '254', '261']
['4', '58', '90', '122', '146', '221', '226', '228', '299']
['3', '9', '11', '12', '36', '59', '87', '88', '106', '110', '137', '149', '155', '173', '183', '219', '225', '231', '241', '250', '255', '259', '268']
['89', '92', '103', '117', '139', '168', '171', '218', '265', '270', '289']
['21', '33', '39', '46', '64', '65', '66', '82', '108', '119', '125', '129', '130', '134', '136', '150', '151', '185', '191', '209', '269', '271', '280', '288']
['13', '23', '31', '48', '55', '62', '78', '91', '101', '118', '181', '195', '217', '290']
['8', '26', '61', '68', '73', '100', '109', '141', '143', '163', '192', '281']
['18', '37', '98', '105', '114', '128', '142', '154', '157', '170', '175', '193', '198', '199', '207', '258', '274', '277', '279', '282', '298']
['2', '20', '22', '24', '28', '52', '77', '152', '164', '167', '179', '197', '212', '242', '251', '300']
['72', '148']
['14', '32', '40', '84', '96', '104', '112', '188', '202', '233', '260']
