['10', '23', '156', '201', '204', '255']
['7', '16', '97', '107', '132', '135', '145', '146', '166', '176', '181', '185', '202', '203', '251']
['6', '126', '127', '131', '190', '224', '225', '257']
['11', '22', '61', '66', '95', '96', '128', '215', '227', '236', '272', '293', '298']
['32', '40', '42', '51', '52', '91', '92', '123', '124', '157', '164', '188', '195', '242', '288', '289', '297', '305']
['0', '17', '24', '44', '73', '74', '77', '84', '121', '129', '161', '177', '192', '200', '218', '238', '249', '250']
['28', '30', '47', '76', '80', '138', '154', '160', '206', '207', '231', '292']
['18', '20', '85', '88', '173', '183', '198', '210', '219', '230', '239', '252', '258', '278', '296', '304']
['25', '26', '33', '49', '50', '69', '153', '168', '169', '170', '208', '216', '247', '248', '254', '277', '307']
['14', '34', '35', '37', '41', '45', '82', '99', '103', '133', '142', '175', '180', '186', '212', '217', '280', '285']
['9', '15', '53', '62', '68', '172', '222', '233', '240', '253', '265', '271', '275', '284', '309', '313']
['46', '60', '104', '147', '150', '171', '232', '241', '245', '273', '294', '295']
['3', '4', '8', '13', '27', '105', '113', '119', '196', '279', '311']
['2', '54', '55', '65', '67', '94', '111', '112', '116', '136', '140', '159', '189', '220', '237', '261', '268', '301']
['5', '38', '90', '100', '178', '274']
['56', '101', '106', '120', '139', '151', '235', '259', '310']
['39', '83', '114', '179', '182', '199', '223', '226', '308']
['1', '36', '110', '122', '144', '162', '163', '165', '184', '187', '197', '211', '246', '256', '264', '282', '287', '306']
['19', '43', '48', '70', '81', '93', '143', '194', '228', '283']
['29', '31', '57', '63', '102', '115', '130', '149', '191', '193', '234', '243', '267', '290']
['12', '58', '64', '87', '98', '109', '134', '152', '174', '205', '229', '262', '266', '291', '299', '303', '312']
['59', '71', '72', '89', '117', '118', '137', '141', '155', '167', '209', '214', '221', '260', '269', '270', '276']
['21', '75', '78', '79', '86', '108', '125', '148', '158', '213', '244', '263', '281', '286', '300', '302']
