['Marla', 'Dario']
['Sadie', 'Erika', 'Trent', 'Irvin', 'Vilma', 'Wendi', 'Queen', 'Maude', 'Dusty', 'Hilda', 'Erica', 'Dante', 'Tyron', 'Hyman', 'Deann', 'Debra', 'Randy']
['Della', 'Tessa', 'Roxie', 'Pearl']
['Jayne', 'Myron', 'Janet', 'Tracy', 'Mitzi', 'Roger', 'Lauri', 'Cyrus', 'Marty', 'Bryon', 'Avery', 'James', 'Hazel', 'Rhett', 'Marci', 'Kirby', 'Mamie', 'Wanda', 'Flora', 'Randi', 'Garry', 'Roman', 'Emily', 'Tonya']
['Emery', 'Lydia', 'Laura', 'Elias', 'Amado', 'Rhoda', 'Brady', 'Rusty', 'Mason', 'Rufus', 'Adela']
['Zelma', 'Lorie', 'Casey', 'Wally', 'Basil', 'Odell', 'Homer', 'Major', 'Kelly']
['Jaime', 'David', 'Karin', 'Viola', 'Aaron', 'Sheri', 'Billy', 'Sybil', 'Alton', 'Robyn', 'Daron']
['Lucio', 'Mable', 'Maura', 'Naomi', 'Candy', 'Ellen', 'Steve', 'Issac', 'Doris', 'Tommy', 'Josie', 'Leona', 'Margo', 'Kayla', 'Melba', 'Carly', 'Staci', 'Bobbi', 'Gayle', 'Daisy', 'Carla', 'Helga', 'Maria', 'Ilene', 'Danny', 'Brent', 'Kevin', 'Brian', 'Patti', 'Bette', 'Peter', 'Erick', 'Sandy', 'Corey', 'Fidel', 'Sonja', 'Arlen', 'Teddy', 'Annie', 'Willy', 'Linda', 'Clara', 'Ruben', 'Jacob', 'Cliff', 'Pedro', 'Alice', 'Clint', 'Sofia', 'Twila']
['Terry', 'Allan', 'Britt', 'Greta', 'Perry', 'Elvia', 'Nancy']
['Adele', 'Mikel', 'Freda', 'Sammy', 'Tonia', 'Craig', 'Nadia', 'Donna']
['Ariel', 'Chase', 'Jared', 'Bryce', 'Wendy', 'Tanya', 'Berta']
['Wyatt']
['Devin', 'Vicky', 'Dixie', 'Holly', 'Elsie', 'Monty', 'Betsy', 'Julio', 'Amber']
['Barry', 'Julia', 'Jonah', 'Bryan', 'Felix', 'Moses', 'Marcy', 'Claud', 'Chris', 'Lyman', 'Darin', 'Joyce', 'Clyde', 'Lorna', 'Brock', 'Kathy', 'Dwain', 'Shane', 'Mitch', 'Janis', 'Pansy', 'April', 'Brant', 'Benny']
['Josef', 'Cesar', 'Ebony', 'Bruno', 'Jamar', 'Nikki', 'Tasha', 'Chong', 'Davis', 'Fritz', 'Shaun', 'Audra', 'Mario', 'Lacey', 'Tammi', 'Lanny', 'Moshe', 'Percy', 'Verna', 'Jason']
['Ernie', 'Ervin', 'Aline', 'Malik', 'Alvin', 'Renee', 'Buddy', 'Louis', 'Mandy', 'Jamel', 'Orval', 'Joann', 'Misty', 'Micah', 'Elvin']
['Ahmad', 'Chang', 'Paige', 'Effie', 'Sally', 'Leila', 'Eddie']
['Cindy', 'Elena']
['Becky', 'Elmer', 'Ollie', 'Donny', 'Essie', 'Edwin', 'Leroy', 'Wilma', 'Ronny', 'Katie', 'Sonny', 'Leann', 'Robin', 'Timmy', 'Grant', 'Olive', 'Terri', 'Karen']
['Nelda', 'Quinn', 'Clark', 'Merle']
