['Jackson', 'Sebastian', 'David', 'Hunter', 'Roman', 'Javier', 'Archer']
['Ethan', 'Daniel', 'Cameron', 'Ezra', 'Avery', 'Lorenzo', 'Nicolas', 'Barrett', 'Clayton', 'Ace']
['Dominic', 'Bryson', 'Kayden', 'Jonah', 'Victor', 'August', 'Messiah', 'Lukas', 'Knox', 'Kameron']
['Hudson', 'Jordan', 'Emmett', 'Ryker', 'Griffin', 'Jake', 'Erick', 'Corbin', 'Damien', 'Emerson']
['Anthony', 'Isaiah', 'Thomas', 'Leo', 'Maverick', 'Patrick', 'Oscar', 'Brooks', 'Jax', 'Bradley']
['James', 'Carter', 'Nicholas', 'Jason', 'Damian', 'Amir', 'Elliott', 'Holden', 'Killian', 'Simon']
['Connor', 'Jose', 'Chase', 'Axel', 'Harrison', 'Bennett', 'Karter', 'Jasper', 'Cody', 'Eduardo']
['am', 'Alexander', 'Matthew', 'Carson', 'Cole', 'Maxwell', 'Eric', 'Jesus', 'Jude', 'River']
['Wyatt', 'Elias', 'Jace', 'Zachary', 'Xander', 'Edward', 'Thiago', 'Matias', 'Walter', 'Amari']
['Mason', 'Parker', 'Sawyer', 'Declan', 'Zayden', 'Myles', 'Aidan', 'Brady', 'Colin', 'Arthur']
['Aiden', 'Joseph', 'John', 'Aaron', 'Silas', 'Alan', 'Waylon', 'Kyle', 'Enzo', 'Tobias']
['Oliver', 'Christopher', 'Lincoln', 'Charles', 'Caleb', 'Brantley', 'Rhett', 'Judah', 'Kyrie', 'Milo']
['Logan', 'Tyler', 'Brandon', 'George', 'King', 'Blake', 'Marcus', 'Kenneth', 'Stephen', 'Nash']
['Josiah', 'Christian', 'Landon', 'Kevin', 'Bentley', 'Luca', 'Jayce', 'Malachi', 'Legend', 'Francisco']
['Jacob', 'Luke', 'Grayson', 'Max', 'Ashton', 'Maximus', 'Jaden', 'Manuel', 'Martin', 'Reid']
['Mateo', 'Jaxon', 'Greyson', 'Micah', 'Weston', 'Camden', 'Miguel', 'Steven', 'Brian', 'Omar']
['Robert', 'Ryder', 'Carlos', 'Antonio', 'Gael', 'Tucker', 'Andres', 'Cayden', 'Phoenix']
['Elijah', 'Jayden', 'Julian', 'Santiago', 'Luis', 'Brody', 'Jeremy', 'Caden', 'Dallas', 'Beckham']
['Jack', 'Ezekiel', 'Gavin', 'Jameson', 'Zion', 'Beckett', 'Remington', 'Sean', 'Andre', 'Finley']
['Owen', 'Dylan', 'Xavier', 'Diego', 'Beau', 'Kaden', 'Peter', 'Israel', 'Colt', 'Rylan']
['William', 'Angel', 'Wesley', 'Ivan', 'Elliot', 'Jesse', 'Dean', 'Bryan', 'Riley', 'Cash']
['Eli', 'Ayden', 'Tristan', 'Abel', 'Alex', 'Abraham', 'Matteo', 'Mark', 'Jorge', 'Tanner']
['Noah', 'Joshua', 'Nathan', 'Cooper', 'Everett', 'Nathaniel', 'Juan', 'Grant', 'Dawson', 'Theo']
['Benjamin', 'Gabriel', 'Andrew', 'Ian', 'Vincent', 'Hayden', 'Paxton', 'Gunner']
['Isaac', 'Ryan', 'Jonathan', 'Asher', 'Adam', 'Jaxson', 'Evan', 'Timothy', 'Zander', 'Derek']
['Michael', 'Jeremiah', 'Brayden', 'Braxton', 'Emmanuel', 'Bryce', 'Emiliano', 'Iker']
['Samuel', 'Levi', 'Theodore', 'Justin', 'Rowan', 'Giovanni', 'Calvin', 'Alejandro', 'Karson']
['Adrian', 'Nolan', 'Leonardo', 'Kingston', 'Charlie', 'Paul', 'Josue', 'Adriel', 'Emilio', 'Rafael']
['Lucas', 'Easton', 'Miles', 'Maddox', 'Kaiden', 'Graham', 'Kaleb', 'Preston', 'Leon', 'Louis']
['Henry', 'Colton', 'Austin', 'Kai', 'Finn', 'Richard', 'Joel', 'Zane', 'Felix', 'Chance']
