['822', '600', '524', '301', '569', '71', '775', '79', '357', '266', '971', '856', '192', '457', '812', '142', '973', '123', '172', '177', '849', '130', '127', '764', '525', '63', '221', '233']
['767', '275', '207', '390', '212', '777', '114', '713', '737', '394', '341', '152', '47', '690', '38', '497', '148', '188', '949', '403', '967', '446', '84', '346', '506', '649', '625', '264', '129', '961', '934', '409']
['40', '451', '137', '369', '384', '472', '968']
['333', '885', '473']
['512', '329', '923', '438', '633', '605', '876', '325', '628', '214', '229', '989', '209', '955', '953', '538', '993', '22', '349', '631', '853', '313', '611', '874', '469', '135', '678']
['253', '503', '748', '574', '359', '743', '715', '745', '734', '798', '289', '30', '559', '675', '16', '332', '523', '619', '726', '521', '880', '364', '929', '836', '665', '855', '218', '45', '249', '295']
['863', '55', '727', '719', '145', '65', '77', '917', '169', '53', '164', '420', '279', '385', '922', '319', '589', '549', '433', '362', '832', '951', '44', '514', '702']
['388', '831', '513', '939', '900', '231', '447', '827', '997', '828', '368', '242', '606', '768', '881', '455', '494', '854', '51', '476', '270', '90', '622', '685', '401', '712', '104', '180', '28', '795', '12', '684', '686', '732']
['219', '3', '134', '320', '776', '35', '510', '466', '274', '269', '834', '873', '613', '995', '157', '49', '150', '288', '708', '99', '396', '699', '610', '790', '599', '360', '623', '756', '363', '489', '839']
['441', '459', '199', '280', '565', '19', '847', '696', '98', '533', '940', '660', '496', '66']
['979', '277', '102', '603', '21', '343', '330', '915', '835', '655', '146', '442', '413', '217', '462', '944', '978', '825', '711', '4', '683', '291', '573', '365', '789', '760', '642', '173', '879', '658', '522', '121', '859', '897', '230', '735', '348', '595', '587']
['316', '204', '144', '695', '516', '736', '186', '402', '616', '356', '160', '422', '344', '225', '883', '304', '238', '882', '118', '165', '358', '309', '643', '942', '100', '701', '895', '245', '894', '964', '435', '799', '478', '196', '300', '393', '931', '560', '536', '926', '60', '762', '350', '857', '920', '312', '443', '771', '162', '13', '527', '507', '285', '48', '824', '198', '959', '471', '705', '290', '64']
['428', '786', '656', '111', '809', '530', '840', '292', '592', '46', '774', '781', '323']
['604', '578', '454', '700', '423', '112', '468', '311', '718', '283', '741', '994', '206', '95', '387', '256', '601', '96', '543', '9', '759', '724', '958', '445', '580', '887', '662', '663', '224', '278', '963', '846', '392', '722', '222', '746', '452', '237', '757', '570', '117', '645', '327', '136', '818', '582', '930']
['378', '479', '607', '861', '18', '297', '716', '490', '591', '258', '845', '575', '996', '92', '52', '908', '892', '141', '232', '970', '841', '797', '115', '520', '296', '550', '377', '869', '314', '555']
['440', '119', '731', '418', '132', '140', '56', '889', '636', '307', '770', '415', '10', '331', '166', '992', '899']
['57', '984', '193', '509', '943', '807', '766', '467', '185', '914', '638', '354', '816', '526', '556', '868', '211', '691', '590', '373', '411', '744', '671', '122', '561', '425']
['11', '246', '436', '298', '850', '519', '284', '517', '588', '495', '294', '205', '819', '730', '424', '650', '116', '725', '318', '483', '287']
['750', '884', '484', '268', '408', '14', '201', '508', '614', '808', '61']
['241', '672', '282', '69', '379', '769', '429', '780', '240', '778', '397', '965']
['89']
['302', '395', '909', '823', '463', '511', '486', '586', '125', '481', '594', '480', '80', '891', '210', '637', '174', '450', '370', '337', '893', '518', '257', '740', '886', '576', '706', '187']
['990', '255', '67', '820', '308', '910', '85', '131', '27', '305', '252', '983', '103', '220', '572', '213', '139', '439', '128', '458', '687', '947', '167', '404', '866', '39', '515', '904', '733', '228', '814', '76', '749', '714', '976', '448', '865', '133']
['338', '326', '787', '183', '813', '33', '449', '913', '532', '412', '804', '977', '43', '251', '739', '547', '539', '932', '999', '375', '753', '639']
['407', '405', '178', '421', '557', '935', '414', '630', '434', '552', '75', '262', '648', '110', '487', '500', '916', '794', '265', '391', '81', '400', '170', '431', '911', '197', '720', '554', '657', '620', '681', '779', '848', '417', '477', '652', '236', '921']
['670', '548', '609', '998', '260', '938', '801', '175', '374', '184']
['927', '568', '800', '962', '661', '906', '427', '871', '460', '793', '59', '465', '541', '805', '50', '485', '843', '898', '838', '842', '802']
['640', '87', '488', '950', '37', '226', '697', '752', '821', '345', '182', '728', '803', '355', '62', '975', '815', '351', '383', '247', '598', '259', '419']
['694', '83', '371', '34', '545', '86', '416', '945', '937']
['54', '654', '382', '250', '544', '263', '659', '202', '143', '688', '529', '721', '5', '912', '273', '974', '181', '234', '860', '966', '666', '235', '980', '546', '602', '677', '537', '366', '729', '806', '147', '195', '68', '444', '634', '190', '925', '149', '124', '475', '710', '491', '342', '276', '41', '151', '676', '430', '108']
['58', '673', '833', '837', '864', '502', '564', '903', '74', '626', '692', '361', '888', '194', '902', '936', '410', '109', '709', '960', '664']
['751', '286', '596', '310', '72', '755', '398', '667', '810', '627', '105', '82', '707', '163', '918', '120', '406', '875', '862', '372', '261', '763', '227', '844']
['29', '933', '535', '907', '389', '761', '811', '653', '542', '248', '70', '782', '293', '73', '347', '682', '783', '693', '969', '1', '924', '563', '335', '161', '738', '200', '988', '941', '93', '765', '482', '585', '158', '581', '788', '817', '216', '618', '852', '851', '0', '6', '784', '78', '107', '464', '171', '208', '499', '159', '972']
['381', '982', '339', '97', '353', '534', '322', '948', '754', '558', '890', '493', '7', '426', '299', '579', '501', '153', '380', '138', '758', '901', '571']
['647', '896', '703', '679', '946', '954', '635', '328']
['456', '386', '919', '281', '26', '191', '562', '244', '584', '179', '772', '987', '399', '321', '154', '113', '826', '867', '23', '17', '985', '8', '492', '531', '956', '453', '254', '106', '32', '567', '593', '617']
['689', '872', '15', '553', '376', '928', '668', '830', '498', '621', '94', '367', '747', '528', '432', '101', '870', '632', '629', '306', '952', '723', '340', '608', '644', '651', '641', '336', '334']
['243', '698', '126', '271', '24', '669', '785', '223', '981', '597', '352', '91', '577', '20']
['791', '303', '773', '88', '624', '474', '437', '878', '156', '646', '239']
['215', '168', '991', '615', '674', '717', '267', '324', '505', '957', '317', '203', '792', '42', '25', '176', '877', '905', '829', '2', '742', '612', '31', '540', '796', '858', '461', '36', '986', '470', '155', '551', '189', '680', '272', '704', '583', '315', '566', '504']
