['565', '927', '629', '770', '167', '481', '408', '279', '856', '155', '665', '254', '274', '422', '443', '239', '783', '211']
['909', '292', '364', '389', '651', '871', '804', '926', '345', '985', '970', '566', '397', '513', '141', '805', '173']
['558', '729', '774', '682', '818', '454', '467', '488', '477', '516', '647', '253', '692', '420']
['825', '587', '543', '526', '698', '681', '745', '680', '181', '93', '119', '411', '690', '100', '755', '877', '653', '249', '893']
['937', '799', '165', '958', '404', '632', '314', '734', '425', '102', '639', '6', '286', '737', '557', '579', '667', '791', '795', '151', '589', '257']
['168', '272', '762', '954', '638', '654', '325', '993', '17', '847', '992', '844', '319', '773', '372', '842', '278', '886', '194', '247', '47', '20']
['595', '296', '586', '67', '474', '784', '814', '880', '724', '575', '157', '591', '829', '143', '182']
['600', '678', '276', '180', '484', '434', '107', '264', '62', '418', '821', '978', '455', '742', '448', '528']
['833', '717', '725', '599', '846', '875', '658', '424', '252', '625', '973', '509', '728']
['962', '226', '525', '14', '12', '358', '521', '158', '208', '341', '596', '328', '76', '336', '709', '79', '798', '559', '433', '616', '169', '633']
['701', '124', '573', '570', '919', '546', '198', '128', '85', '881', '466', '285', '428', '137', '506', '35', '170', '536', '857', '101']
['207', '984', '971', '136', '371', '716', '855', '896', '831', '869', '26', '900', '865', '960', '70', '95', '394']
['495', '84', '419', '25', '438', '637', '851', '933', '277', '708', '503', '790', '522', '997', '778', '840', '767', '936']
['934', '552', '461', '941', '82', '613', '236', '860', '679', '441', '483', '113', '270', '209', '735', '785', '479', '161', '442', '757', '979', '183']
['367', '876', '56', '15', '440', '280', '648', '787', '110', '55', '229', '30', '347', '227', '944', '820']
['421', '409', '231', '437', '854', '300', '381', '302', '736', '31', '645', '746', '808', '660', '149', '172', '45', '490', '123', '966', '852', '733']
['329', '714', '271', '848', '255', '312', '127', '635', '502', '281', '626', '91', '339', '122', '385', '887', '346', '130', '995', '10', '142', '614']
['306', '911', '396', '622', '1', '568', '291', '972', '608', '585', '332', '518', '655', '732', '49']
['879', '945', '449', '202', '888', '245', '925', '295', '426', '703', '581', '436', '68', '473', '534', '964', '752', '786', '78', '553', '59', '956']
['205', '834', '301', '215', '912', '36', '384', '486', '22', '446', '148', '510', '268', '42', '684', '768', '28', '696', '580', '81', '924', '355']
['338', '379', '350', '862', '485', '330', '114', '605', '196', '376', '656']
['126', '969', '670', '673', '139', '362', '538', '643', '841', '96', '290', '776', '731', '416', '493', '539', '458', '743', '263', '747', '811']
['108', '939', '835', '988', '318', '334', '719', '38', '478', '577', '531', '48', '892', '34', '569', '16']
['439', '221', '258', '771', '563', '266', '250', '813', '89', '160', '251', '567', '810', '267', '812', '843', '375', '839', '663']
['501', '210', '244', '794', '326', '80', '949', '505', '37', '282', '694', '162', '242', '44', '744', '544', '275', '390', '0', '99', '991']
['615', '631', '517', '5', '392', '308', '951', '524', '588', '649', '365', '193', '618', '574', '191', '961', '357', '403', '432', '144', '989', '523']
['23', '867', '21', '562', '435', '859', '444', '186', '763', '116', '674', '386', '197', '147', '199', '317', '388']
['234', '489', '870', '711', '730', '370', '410', '206', '946', '498', '40', '323', '273', '603', '171', '905', '827', '761', '380', '188', '520']
['693', '65', '316', '222', '111', '29', '129', '780', '51', '554', '297', '874', '540', '797', '97', '982', '895', '620', '628', '754']
['914', '700', '331', '349', '777', '983', '106', '3', '809', '533', '494', '7', '8']
['920', '723', '621', '240', '374', '519', '772', '788', '950', '299', '407', '469', '987', '897', '715', '187', '689', '412', '152', '707', '320', '943']
['235', '105', '19', '212', '803', '948', '963', '858', '405', '713', '884', '664', '816', '597', '938', '154', '178', '303', '453']
['69', '686', '610', '572', '261', '898', '931', '967', '965', '287', '699', '741', '398', '532', '619', '530', '549', '883', '189', '921']
['24', '718', '66', '576', '457', '41', '309', '399', '256', '555', '46', '830', '642', '427', '981', '878', '514', '423', '975', '132']
['72', '53', '999', '87', '601', '940', '659', '214', '54', '769', '722', '77', '750', '73', '166', '504', '354', '497', '561', '850', '265', '751']
['766', '824', '491', '459', '826', '720', '293', '508', '705', '289', '13', '899', '537', '373', '623', '337', '315', '361', '340', '801', '125']
['177', '604', '548', '471', '959', '759', '32', '311', '415', '606', '560', '241', '515', '192', '39', '968', '662', '582', '353', '955', '109']
['417', '691', '578', '584', '726', '233', '224', '470', '4', '650', '464', '413', '159', '849', '18', '445', '260', '611', '617', '669']
['150', '115', '402', '853', '952', '630', '541', '749', '957', '88', '922', '838', '990', '83', '94', '712', '112', '452', '451']
['387', '333', '134', '369', '710', '348', '688', '627', '344', '262', '237', '685', '213', '304', '646', '131', '942', '456', '702', '602', '163']
['118', '378', '765', '465', '75', '218', '907', '476', '782', '63', '33', '739', '92', '545', '836', '175', '363', '935', '902', '414', '156', '861']
['74', '460', '27', '71', '550', '360', '283', '298', '652', '195', '930', '294', '657', '535', '904', '697', '571', '917', '634', '179']
['910', '906', '230', '817', '103', '793', '918', '547', '431', '450', '225', '305', '480', '98', '556', '947', '64', '200', '310', '781', '219', '598']
['756', '429', '980', '117', '915', '500', '512', '882', '61', '382']
['248', '185', '391', '976', '800', '86', '52', '351', '472', '133', '807', '815', '184', '872', '542', '890', '496']
['343', '492', '974', '50', '223', '624', '430', '748', '368', '916', '243', '393', '204', '923', '661', '288', '609', '140', '217', '145', '986', '675']
['322', '706', '640', '796', '551', '908', '121', '259', '775', '644', '913', '828', '527', '507', '802', '704', '564', '996', '740', '864', '359']
['342', '90', '994', '203', '612', '529', '894', '462', '929', '153', '2', '475', '953', '190', '238', '885', '590', '889']
['676', '327', '758', '120', '146', '806', '400', '57', '592', '819', '636', '977', '873', '511', '823', '58', '104', '903', '583', '932', '891']
['335', '176', '9', '220', '269', '201', '721', '174', '463', '753', '641', '683', '928', '216', '687', '760', '232', '228', '695']
['377', '138', '672', '307', '487', '366', '324', '868']
['499', '356', '284', '246', '447', '822', '135', '164', '607', '482', '671', '593', '313', '837', '845', '594', '789', '863', '60', '352', '401']
['764', '468', '738', '779', '321', '43', '792', '677', '11', '666', '998', '832', '866', '383', '727', '901', '406', '668', '395']
