['564', '412', '132', '163', '9', '298', '184']
['173', '129']
['227', '669', '373', '349', '267', '328', '616', '578', '444', '8', '671', '284', '648', '338', '573', '135', '489', '126', '45', '257', '346', '474', '470', '85', '322', '109', '316', '303', '113', '332']
['335', '78', '387', '440', '29', '654', '148', '268', '644', '480', '568', '551', '33', '342', '269', '201', '273', '687', '416', '307', '38']
['530', '525', '514', '584', '372', '105', '177', '51', '75', '87', '569', '48', '411', '299', '662', '43', '420', '312', '533', '231', '577', '364', '180', '30', '366', '615', '95', '102', '469', '678']
['265', '515', '390', '426', '91', '660', '586', '630', '558', '294', '623', '367', '2', '389', '314', '63', '5', '167', '557', '544', '643', '23', '354', '119', '108', '490', '289', '400', '83']
['611', '430', '249', '501', '293', '144', '36', '49', '96', '699', '245', '172', '518', '278', '663', '370', '431', '365', '156', '508', '423', '612', '39', '306', '93', '183', '317']
['139', '674', '114', '409', '625', '598', '305', '251', '360', '363', '280', '510', '94', '458', '292', '296', '279', '385']
['495', '276', '375', '263', '502', '111', '559', '371', '255', '253', '563', '646', '401', '206', '382', '467', '131', '661', '79', '652', '13', '665', '404', '503', '576', '452']
['290', '18', '175', '664', '202', '244', '641', '153', '100', '399', '479', '71', '61', '509', '542', '596', '361', '124', '443', '123', '386', '566', '67', '677', '88', '313', '182', '384']
['17', '672', '115', '691', '405', '410', '214', '597', '14', '531', '647', '587', '633', '523', '226', '455', '528', '10', '617', '59', '155', '550', '179']
['133', '302', '232', '424', '381', '98', '142', '27', '688', '560', '220', '69', '74', '357', '653', '66', '541', '99', '250', '58', '676', '188', '374', '225', '552', '460', '197', '0', '351']
['50', '137', '216', '19', '432', '635', '34', '258', '532', '65', '368', '160', '408', '472', '16', '526', '122', '497', '140', '475', '682', '547', '417', '655', '642', '619', '690', '624', '73', '438']
['350', '448', '205', '300', '287', '421', '506', '585', '229', '291', '236', '146', '562', '556', '198', '339', '435', '520', '407', '396', '164', '238', '689', '281', '464']
['494', '608', '282', '344', '614', '345', '434', '84']
['274', '343', '388', '308', '622', '42', '513', '192', '295', '459', '413', '237', '297', '46', '605', '453', '134', '527', '304', '422', '57', '110', '683', '28', '204', '318', '535']
['570', '209', '686', '169', '81', '26', '565', '618', '6', '218', '247', '193', '355', '393', '200', '637', '517', '127', '107', '603', '320', '145', '505', '270', '695', '286', '657', '524', '157']
['240', '485', '86', '330', '161', '37', '117', '336', '380', '154', '666', '77', '199', '451', '599', '692', '194', '241', '11', '54', '471']
['473', '221', '679', '555', '224', '463', '507', '539', '572', '191', '310', '626', '379', '481', '429', '673', '52', '20', '543', '89', '340', '60']
['488', '462', '22', '627', '694', '600', '632', '319', '171', '208', '47', '638', '571', '196', '436', '112', '195', '392', '243', '41', '256', '362', '217', '582', '239', '486']
['97', '68', '659', '125', '55', '1', '667', '76', '331', '21', '235', '656', '418', '487', '138', '449', '588', '159', '233', '402', '3', '493', '403']
['315', '262', '537', '7', '594', '590', '358', '650', '130']
['261', '215', '439', '103', '645', '628', '90', '275', '24', '187', '341', '323', '484', '149', '31', '476', '398', '548', '170', '419', '190', '427', '162', '504', '580', '391', '324', '264', '395', '492']
['152', '613', '181', '491', '465', '158', '522', '591', '185', '104', '593', '450', '165', '589', '288', '203', '456', '348', '546', '260', '53', '272', '311', '186', '301', '356', '538']
['482', '500', '496', '168', '80', '44', '147', '607', '442', '326', '561', '353', '634', '534', '549', '56', '210', '141', '176', '414', '639', '106', '697', '433', '554', '698', '457', '680', '334']
['150', '445', '118', '620', '383', '477', '62', '670', '631', '32', '441', '283', '352', '252', '64', '174', '369', '461', '359', '629', '468', '681', '583', '101', '592', '604', '248', '207', '553', '211']
['610', '595', '478', '675', '575', '40', '636', '574', '658', '536', '516', '219', '376', '72', '684', '685', '447', '519', '498', '454', '337', '466', '394', '234', '254', '222', '521', '406', '621', '602']
['512', '285', '606', '242', '327', '693', '136', '529', '116', '82', '378', '329', '651', '437', '223', '425', '511', '446', '581', '166', '640', '325', '151', '25', '540', '189', '230']
['271', '92', '277', '259', '213', '579', '377', '649', '321', '4', '266', '333', '696', '121', '545', '128', '609', '668', '12', '15', '483', '428', '347', '499', '309', '143', '601', '415']
['228', '120', '70', '212', '178', '567', '397', '35', '246']
