['172', '212', '36', '329', '325', '95']
['266']
['117', '108', '173', '302', '59', '182', '26', '359', '83', '157', '88', '9', '225']
['48', '267', '183', '45', '238', '223', '121', '232', '181', '24', '299', '90', '333', '303', '310']
['23', '114', '135', '344', '22', '292', '317', '314', '179', '356', '252', '177', '250', '3', '251', '257', '361', '139', '321', '109', '215', '169', '128', '55', '313', '263', '14', '339', '156', '327', '307', '115', '6', '118', '153', '285', '111', '78', '103', '318', '147', '40', '77', '287', '4', '191', '148', '200', '273']
['280', '309']
['312']
['33', '363', '73', '208', '85', '331', '106', '354', '49', '295', '351', '289', '87', '1', '25', '60', '37']
['165', '15', '189', '315', '187', '52', '323', '168', '158']
['38', '304', '113', '80', '297', '203', '134', '123', '138', '269', '294', '202', '216', '198', '126']
['357', '301', '291', '353', '102', '75', '338', '221', '164']
['228', '201', '328', '211']
['17', '16', '341', '286', '122', '30', '19', '92', '296', '281', '64', '193', '154', '300', '282', '127', '63', '226', '146', '355', '91', '99', '97', '131', '43', '69', '258', '259', '199', '298', '174', '159', '324', '58', '349', '150', '110', '133', '155', '47', '227', '44', '29', '362', '28', '214', '180', '293', '56', '246', '205', '161']
['140', '207', '237', '74']
['345', '170', '230', '76', '137', '143', '279', '265', '244', '274', '93', '32', '192', '98', '105', '151', '256', '71', '322', '272', '233', '70', '320', '141', '330', '270', '247', '249', '184', '219', '343', '54', '27', '283', '176', '185', '235', '305', '10', '231', '89', '67', '248', '217', '346', '41', '290', '129', '61', '348', '220', '245', '196', '275', '336']
['82']
['107', '0', '255', '188', '125', '8', '254', '101', '12', '142', '234', '194', '197', '175', '350', '57', '145', '253', '186', '53', '236', '204', '240', '35', '261', '316', '311']
['2', '332', '96', '160', '149', '119']
['239', '124']
['340', '112', '18', '116', '222', '358', '276', '104', '319', '326', '21', '229', '120', '209', '171', '50', '210', '20', '190', '352', '268', '94', '162', '132', '81', '335', '337']
['144', '13', '278', '213', '31', '284', '224', '360', '5', '84', '68', '130', '51', '334', '241', '65', '72', '11', '7', '243', '46', '306', '178', '86', '264', '66', '262', '195', '167', '152', '342', '308', '242', '166', '39', '218', '271', '62', '260', '79', '163', '136', '100', '206', '34', '347']
['288']
['42']
['277']
