['arp']
['amp']
['ago']
['aoi']
['aeo']
['aal', 'aax', 'abc', 'abx', 'ace', 'acf', 'acs', 'acz', 'ada', 'adw', 'aex', 'afi', 'afj', 'agu', 'ahx', 'aih', 'aim', 'ait', 'ajk', 'akf', 'akl', 'akz', 'ali', 'aln', 'ame', 'anc', 'ank', 'aoa', 'aob', 'aoc', 'aod', 'apn', 'apt', 'aql', 'arh', 'asa', 'ash', 'ask']
['aoy', 'aqr']
['aer']
['aeu']
['ano']
['agm', 'aqw']
['aen']
['ain']
['ahe']
['aad', 'aaq', 'acc', 'aeg', 'agd', 'ahu', 'ahv', 'amg', 'amv', 'ant', 'apq', 'apx', 'aqd', 'arw', 'asf', 'asp']
['afn']
['aau', 'abj', 'acv', 'ado', 'ady', 'aeb', 'aeq', 'aew', 'afh', 'afs', 'agb', 'agk', 'agt', 'agy', 'aha', 'ahi', 'ahz', 'aid', 'ais', 'ajg', 'ajs', 'ajy', 'akr', 'ald', 'alt', 'amz', 'anm', 'anr', 'aoe', 'aog', 'aqb', 'aqf', 'aqo', 'aqz', 'aro', 'asc', 'atc', 'atf']
['akt']
['aag', 'aao', 'aap', 'abf', 'acd', 'ade', 'adm', 'adt', 'aez', 'afe', 'afp', 'agc', 'agr', 'ahc', 'ahj', 'ahp', 'aia', 'ail', 'aje', 'ajx', 'ajz', 'akb', 'akc', 'akj', 'ako', 'alj', 'alp', 'alz', 'amb', 'aof', 'aos', 'apf', 'aqk', 'aqq', 'aqs', 'arl', 'art', 'arv']
['aaj', 'abq', 'abt', 'abz', 'acb', 'aci', 'acn', 'adj', 'adx', 'aed', 'afr', 'agq', 'agx', 'ahf', 'ahk', 'ahn', 'aho', 'ahs', 'aii', 'aiz', 'ajr', 'aky', 'alf', 'amn', 'ani', 'ann', 'ans', 'aok', 'aox', 'app', 'apu', 'aqm', 'arf', 'ari', 'asi', 'asl', 'atb', 'ate']
['abr']
['alm']
['ajo']
['aam', 'aan', 'aar', 'acw', 'adv', 'aff', 'amk', 'amx', 'aov', 'arm']
['api']
['abl', 'acy', 'aec', 'aef', 'ahb', 'aja', 'ajm', 'ajp', 'akx', 'ama', 'amc', 'aml', 'amr', 'anu', 'aor', 'aqj']
['aai', 'aay', 'acl', 'adb', 'adg', 'adp', 'aeh', 'ael', 'aem', 'aev', 'afa', 'afl', 'afy', 'agj', 'agl', 'agn', 'ahr', 'ahw', 'akd', 'akk', 'akv', 'alo', 'alr', 'alu', 'alx', 'aly', 'amd', 'ana', 'ang', 'aoj', 'aoq', 'apd', 'apg', 'arg', 'arq', 'ary', 'asj', 'asw']
['apl']
['aak', 'abd', 'abh', 'abn', 'abp', 'act', 'acu', 'acx', 'adi', 'adk', 'adz', 'aea', 'afb', 'afc', 'afm', 'agv', 'agw', 'ahd', 'aht', 'aib', 'aif', 'aig', 'aij', 'aiq', 'ajj', 'ajq', 'ajw', 'alh', 'alk', 'alv', 'amq', 'ams', 'amt', 'aph', 'apk', 'apr', 'aqt', 'aru']
['aow']
['aku']
['acr']
['aso']
['aae', 'aav', 'abg', 'aco', 'adc', 'adh', 'adu', 'aep', 'afk', 'aft', 'afz', 'ajf', 'als', 'amf', 'anf', 'anp', 'anq', 'aoh', 'aol', 'aoo', 'aot', 'apv', 'aqn', 'aqp', 'aqy', 'arb', 'arx', 'ase', 'ast']
['arz']
['arn']
['aah', 'abk', 'abo', 'abw', 'aca', 'acm', 'add', 'adr', 'aee', 'aet', 'afd', 'afq', 'afw', 'age', 'agg', 'agh', 'agi', 'ags', 'ahq', 'aiv', 'ajd', 'aka', 'akh', 'alb', 'alg', 'alq', 'anl', 'aou', 'aoz', 'ape', 'aqc', 'aqv', 'ara', 'arr', 'asg', 'asq', 'asv', 'ata']
['aac', 'aat', 'aaz', 'acj', 'ack', 'acp', 'adq', 'ads', 'afo', 'afv', 'agf', 'ahm', 'aie', 'aik', 'air', 'aiu', 'aiy', 'aki', 'akp', 'akw', 'ala', 'amh', 'amj', 'amw', 'anv', 'any', 'aon', 'apc', 'apm', 'apo', 'aps', 'aqi', 'asb', 'asd', 'asm', 'asr', 'ass', 'atd']
['acq']
['aaa', 'aaf', 'aas', 'abb', 'abe', 'abm', 'abu', 'aby', 'ach', 'adl', 'aek', 'aes', 'aey', 'afx', 'aga', 'ahl', 'ahy', 'aiw', 'ajc', 'ajh', 'aji', 'ajl', 'akm', 'akn', 'aks', 'alc', 'amy', 'anb', 'and', 'ane', 'anz', 'aom', 'aop', 'apb', 'apj', 'aqg', 'asu', 'asy']
['afu']
['ahh', 'all', 'alw', 'apz', 'asn', 'asz']
['asx']
['agp']
['ard']
['ajn']
['acg']
['abs', 'adf', 'aix', 'ake', 'amm', 'anw', 'aqh']
['abi']
['aab', 'aaw', 'aba', 'abv', 'adn', 'aei', 'aej', 'afg', 'agz', 'ahg', 'aic', 'aio', 'aip', 'ajb', 'ajt', 'aju', 'ajv', 'akg', 'akq', 'ale', 'ami', 'amo', 'amu', 'anh', 'anj', 'anx', 'apa', 'apw', 'apy', 'aqa', 'aqe', 'aqu', 'aqx', 'arc', 'are', 'arj', 'ark', 'ars']
