['344']
['88']
['372']
['132']
['60']
['307']
['32', '37']
['58']
['217', '231']
['317']
['191', '298']
['28']
['13', '139', '236', '275']
['367']
['254']
['38', '264', '389']
['174', '195']
['135']
['89', '101']
['360']
['110']
['150']
['130', '247', '376']
['241']
['350']
['41', '176', '263']
['331']
['207']
['228']
['66']
['92', '256']
['362']
['52']
['385']
['24', '199', '238', '277']
['83']
['271', '292']
['3', '386']
['118', '347']
['351']
['98']
['65', '154', '188', '286']
['258']
['84']
['19', '42', '119', '131', '138', '155', '273']
['234']
['143', '363']
['148', '178']
['69']
['39', '153', '182', '274', '329', '357']
['96', '301']
['116']
['27', '64', '106', '210', '310', '340']
['102', '129', '183']
['332']
['165']
['246']
['259']
['35', '320']
['46']
['166', '214', '327']
['341']
['122']
['34', '95']
['197']
['51']
['107', '216']
['387']
['23', '50', '87', '304']
['91', '215']
['70', '261', '303']
['47', '86', '397']
['10', '45', '126', '140', '180', '352']
['104']
['120', '127']
['289', '328']
['308']
['379']
['1', '54', '149', '268', '368', '390']
['57', '312']
['257', '282']
['72']
['100', '147', '221', '373', '380']
['90']
['297']
['284']
['71', '318', '339']
['145', '194']
['186']
['278']
['283']
['204']
['342']
['141']
['44', '280']
['334']
['6', '48', '67', '117', '164', '198', '245', '287', '323', '345', '377', '384', '391']
['81', '300', '393']
['125', '185', '220', '235', '290', '295', '358']
['115', '124', '321', '381']
['40', '61', '79', '93', '113', '134', '167', '265', '276', '281', '325', '388']
['227', '346']
['224', '396']
['144']
['30', '200']
['201']
['203', '311', '335']
['97']
['330']
['193']
['158']
['114']
['209', '291', '299']
['395']
['128']
['63', '243', '315', '383']
['0']
['14', '109']
['12', '219']
['15', '359', '365']
['133', '218']
['366']
['159']
['16']
['171']
['382']
['31', '181']
['253']
['151']
['161']
['33', '105', '211', '294', '370']
['399']
['170']
['7', '237']
['18', '53', '272', '314']
['202']
['163', '168', '177', '229', '349']
['62', '230']
['222']
['250']
['2', '136']
['36']
['267']
['378']
['59', '232', '302', '375']
['76']
['26', '190', '252', '260']
['226', '270']
['244']
['25', '157']
['112']
['239', '288', '322']
['189']
['398']
['21', '123', '162', '184', '255', '319', '337', '355']
['293']
['156', '306']
['192']
['187']
['333']
['8', '55', '73', '205', '242', '269', '338', '348', '353', '354']
['196']
['103']
['169']
['9']
['369']
['22']
['343']
['394']
['20', '29', '77', '78', '213', '225']
['179']
['49']
['206', '361']
['43', '152', '309']
['313']
['75', '111']
['326']
['364']
['249', '356']
['82', '146', '208', '305', '336']
['285']
['160']
['212']
['324']
['121', '251']
['99', '248', '316']
['296', '371']
['142', '172', '279']
['374']
['11']
['80', '392']
['173']
['137']
['17', '175', '223', '240', '262']
['68', '74', '233']
['4', '108']
['85']
['266']
['94']
['5', '56']
