['283', '284', '285', '287', '288', '289', '290', '291', '292', '295', '300']
['5', '22', '26', '30', '36', '37', '38', '39', '40', '44', '56', '64', '66', '68', '69', '77', '87', '88', '95', '98']
['103', '104', '107', '110', '111', '114', '118', '125', '128', '129', '130', '134', '148', '161', '165', '166', '188', '190', '192', '199']
['45', '75', '298']
['205', '207', '210', '213', '215', '225', '233', '236', '240', '241', '242', '244', '247', '248', '250', '252', '264', '270', '275', '276']
['105', '112', '117', '119', '121', '123', '126', '132', '136', '139', '140', '141', '142', '143', '149', '150', '155', '179', '181', '194']
['293']
['202', '203', '204', '212', '220', '221', '228', '229', '243', '251', '253', '254', '255', '256', '261', '268', '273', '274', '277', '278']
['109', '115', '122', '131', '152', '159', '167', '173', '175', '178', '183', '195', '198']
['100', '101', '102', '124', '127', '135', '138', '145', '147', '156', '157', '158', '164', '171', '172', '177', '182', '186', '189', '191']
['208', '222', '224', '265', '281', '282', '296', '297', '299']
['294']
['10', '42', '43', '47', '53', '58', '63', '67', '71', '73', '74', '80', '83', '85', '99', '108', '146', '168', '180', '184']
['1', '8', '12', '21', '24', '28', '29', '33', '34', '50', '51', '52', '62', '65', '76', '82', '89', '90', '93', '96']
['2', '6', '7', '13', '15', '16', '19', '20', '23', '27', '31', '32', '35', '48', '49', '57', '60', '86', '91', '97']
['201', '206', '209', '216', '217', '218', '219', '223', '226', '231', '232', '234', '235', '239', '249', '258', '259', '262', '267', '272']
['17', '25', '137']
['154', '200', '211', '214', '227', '230', '237', '238', '245', '246', '257', '260', '263', '266', '269', '271', '279', '280', '286']
['106', '113', '116', '120', '133', '144', '151', '153', '160', '162', '163', '169', '170', '174', '176', '185', '187', '193', '196', '197']
['3', '4', '9', '11', '14', '18', '41', '46', '54', '55', '59', '61', '70', '72', '78', '79', '81', '84', '92', '94']
