['zfK', 'sfk', 'qLD', '27J', 'emD', 'ttO', 'PQT', 'Pas', 'SFn', '6sH', 'OCL', 'Y2z']
['0gI', 'nc0', '4nb', 'cFa', 'Ke0', 'Mvm', 'ZNv', '6ro', 'ZVF', 'rGT', 'j3s', 'MrD']
['fQ3', 'blA', 'H9O', '8j5', 'USE', 'hdp', 'uGP', '0Qs', 'czy', 'AcJ', 'oSw', 'nQv']
['qDy']
['EoI', 'NGB', 'wqW', 'Kn8', '0ID', 'D40', 'euj', 's6M', 'B99', 'L1u', 'bA6', 'i4H']
['IJ1', 'mUL', 'Qtt', 'rgC', 'HvR', 'hct', '4Nd', 'MNb', 'x8V', 'CU9', 'rMd', 'ZY3']
['gkI', 'kYz', 'iGU', 'KZy', 'SiL', 'tK7', '6pB', 'yLV', '9F9', 'oZQ', 'eGG', 'H68']
['a4K', 'b99', 'NqO', 'Hbr', 'jEj', 'gTC', 'LTB', 'mFO', 'Hi0', 'CYA', 'Fws', 'UDc']
['Jla', 'NXP', 'xLA', 'upV', 'VCH', 'tfQ', 'ZxX', 'nkl', 's1n', '00m', 'YBr', 'mRG']
['qPq', 'dSZ', '1gc', 'U0P', 'BPL', 'ux2', '19T', 'AHs', 'IU6', 'nRH', 'YNK', '9NA']
['bAf', 'u1N', 'nqI', '70K', '28R', 'F9o', 'EJa', 'Tn8', 'JcP', 'Qti', 'tm4', 'HWv']
['P8b', 'x86', 'X9s', 's3z', 'U4K', 'h6l', 'X5a', 'cDc', '5zB', 'ziA', 'e8d']
['VPb', 'rXN', 'iba', '3kn', 'n99', 'O2z', 'kZ0', 'Itn', 'KRy', 'yAp', 'JVP', '81k']
['Hyj', 'QDa', 'Qa3', '1xS', 'FEQ', 'jWX', 'JyM', 'Epk', 'mcI', 'mLL', '4KN', '4LY']
['psG', 'zgJ', 'I2i']
['PPi', 'Ihb', 'pf5', 'U0Z', 'oUs', 'vJC', 'AKr', 'uZt', '0oy', 'a55', 'jFu', '96X']
['Zc5', 'txp', 'xpw', 'DoC', 'KGR', 'ZQL', 'xz4', 'ULj', 'J8r', 'oPH', 'e8H', 'kT2']
['cmd', 'Z7b', 'f9z', 'PoH', 'Ns3', '5U2', 'Xim', '2UA', 'bLd', '1RB', 'fFE', 'b7z']
['CwC', 'Hxo', '1QY', 'gEp', 'mIe', 'PJa', 'kiK', 'QhQ', 'gWT', 'd60', 'gE4', 'gfv']
['17Q', 'vyM', 'ZFU', 'Jgp', 'lsG', '6Hl', 'g08', 'fFJ', 'X5J', 'hiF', 'gEU', 'e6S']
['ptf', 'hHB', 'xqY', '2mv', 'hYw', 'XMr', 'W8n', '0RD', 'FzE', 'rC8', 'stN', '6Ip']
['ISX', 'kte', '69w', 'E2A', 'zEh', 'YEe', 'rYU', 'mGb', 'FkC', 'AJT', 'wGp', 'BV4']
['xRH', 'GUX', 'VoJ', 'dNX', 'W2Z', 'nQj', 'TUB', 'tpP', 'JfN', 'cEk', 'SmS', 'z1H']
['etm', 'PiG', 'Fmb', 'Ql9', 'btz', 'XlR', 'NiX', 'UmG', 'uii', 'bDO', 'uQL', 'BDE']
['QEF', '8VG', '5Li', '3QX', 'c3v', '8uu', '5qS', 'gVV', 'Eou', '5i6', 'Bfu', '6na']
['tKI', 'aZv', 'WLo', 'KS2', 'SV9', 'iTo', '8nm', '1uW', 'PlJ', '8uz', '9ug', 'b9f']
['W4L', 'XHa', 'tEu', '4p5', 'WXJ', 'wwD', 'iS6', 'IZQ', 'lKO', 'VVW', 'rmu', 'VAV']
['UPL', 'YUZ', 'uVg', 'oak', 'G2k', 'JWV', 'zfD', 'u9Q', '2vJ', 'xxJ', 'rz4', '4gy']
['dvU']
['tFU', 'D5B', 'h3r', 'sKX', 'vca', 'WB2', 'FbA', 'N08', 'qmj', 'fKV', 'dlb', '5n5']
['oSh', '1aX', 'nf5', 'Ot9', 'Swe', 'SMj', 'mLF', 'EJD', 'JLF', 'WLk', 'VZ7', 'HkK']
['aTI', 'GpL', 'PqY', 'dLc', 'zTH', 'NyP', 'YFC', '4fp', 'GRw', 'Wmv', 'iW8', 'v6U']
['YMC', 'JYa', 'iiE', 'hQH', 'iFt', 'Gu6', 'aLB', 'pTi', '5jv', 'm5j', 'Twl', 'I2S']
['AK4', 'qkE']
['MQT', 'wgA', 'klv', 'uH4', 'slQ', 'Qyh', 'Afe', 'LiP', 'ewc', 'jGk', 'xx7', 'i9C']
