['205', '207', '220', '223', '249']
['116']
['81']
['59']
['158', '159', '161', '163', '166', '170', '179', '182', '184', '185', '186', '187', '188', '194']
['17']
['199']
['16']
['19']
['90']
['247']
['156']
['154']
['80']
['107', '119', '133']
['152', '175']
['4', '7', '13', '22', '24', '34', '42', '43']
['176']
['162']
['177', '178', '180', '181', '195']
['88']
['226']
['102', '127']
['243']
['238']
['121']
['1', '2', '14', '15', '21', '25', '27', '30', '36', '37', '39', '41', '44', '45', '47', '49']
['164', '183', '189', '191', '196']
['103', '105', '108', '109', '112', '115', '117', '118', '123', '124', '125', '126', '130', '134', '136', '137', '138', '139', '141', '142', '143', '144', '148', '149', '248']
['239']
['198']
['153']
['32']
['3']
['48']
['69']
['150', '155', '157', '160', '172', '174', '193']
['10', '11']
['202']
['82']
['86']
['18']
['200', '218']
['146']
['38']
['173']
['131']
['250']
['206']
['217', '236']
['40']
['197']
['31']
['87']
['76']
['245']
['151']
['66']
['104', '120']
['56']
['100', '101', '110', '111', '113', '114', '132', '135', '140', '145', '147']
['167']
['201', '203', '208', '210', '222', '224', '225', '227', '231', '241']
['12']
['212', '215', '216', '221', '230']
['165']
['52', '54', '58', '60', '62', '63', '64', '67', '75', '77', '78', '84', '85', '95', '98', '190']
['219', '228', '240', '244']
['106']
['209']
['50', '65', '70', '71', '74']
['0', '5', '6', '23', '29', '35']
['214']
['8']
['168']
['237']
['171']
['51', '61', '68', '72', '73', '79', '83', '89', '92', '99']
['229']
['122']
['53', '55', '57', '94', '96']
['246']
['232']
['169']
['233']
['192']
['242']
['234']
['204', '213']
['26']
['20']
['46']
['97']
['211']
['91']
['9', '28', '33']
['235']
['129']
['93']
['128']
