['348']
['7', '21', '25', '45', '50', '53', '65', '112', '125', '129', '130', '132', '136', '233', '246', '290', '309', '310', '319', '329', '365', '375', '384', '394', '397']
['2', '20', '35', '64', '76', '85', '93', '101', '104', '107', '140', '152', '162', '167', '201', '204', '236', '249', '260', '271', '291', '321', '362', '385', '387']
['29', '92', '94', '99', '127', '143', '150', '166', '192', '208', '213', '227', '234', '266', '275', '277', '296', '325', '363', '371', '381', '395', '400']
['3']
['14', '38', '52', '56', '59', '75', '111', '117', '121', '123', '155', '161', '179', '180', '199', '231', '245', '259', '265', '278', '305', '346', '350', '351', '369']
['6', '28', '88', '98', '105', '106', '147', '160', '174', '176', '194', '212', '242', '255', '295', '320', '323', '324', '330', '338', '349', '366', '367', '368', '392']
['66']
['0', '8', '17', '41', '46', '61', '81', '108', '116', '131', '137', '138', '151', '195', '217', '297', '301', '303', '308', '318', '333', '347', '364', '380']
['1', '19', '31', '33', '44', '51', '54', '60', '74', '83', '134', '141', '149', '168', '190', '193', '203', '205', '257', '276', '286', '304', '322', '345', '359']
['5', '36', '62', '68', '70', '73', '84', '103', '114', '142', '148', '185', '210', '237', '248', '250', '253', '254', '261', '267', '328', '341', '343', '354', '388']
['9', '34', '55', '79', '90', '95', '145', '146', '165', '170', '175', '235', '262', '268', '281', '285', '293', '298', '313', '314', '331', '332', '342', '360', '386']
['26', '49', '58', '63', '110', '113', '128', '158', '164', '173', '177', '197', '202', '229', '232', '247', '252', '270', '279', '284', '307', '317', '352', '373', '389']
['27', '43', '80', '87', '102', '118', '122', '181', '186', '206', '207', '218', '219', '241', '272', '273', '282', '283', '315', '326', '336', '337', '372', '390', '391']
['30', '32', '37', '42', '82', '97', '119', '124', '228', '240', '243', '251', '256', '264', '280', '287', '289', '299', '300', '302', '312', '353', '355', '356', '379']
['11', '12', '15', '16', '24', '78', '91', '100', '153', '163', '171', '172', '189', '211', '225', '226', '238', '269', '334', '374', '377', '382', '393', '396', '399']
['4', '10', '115', '120', '126', '144', '156', '184', '187', '188', '200', '215', '220', '221', '222', '230', '239', '294', '327', '339', '344', '376', '378', '383']
['18', '23', '39', '40', '57', '72', '86', '96', '109', '133', '154', '159', '169', '183', '191', '209', '223', '224', '244', '258', '288', '311', '335', '358', '398']
['71', '263', '370']
['13', '22', '47', '48', '67', '69', '77', '89', '135', '139', '157', '178', '182', '196', '198', '214', '216', '274', '292', '306', '316', '340', '357', '361']
