['446', '360', '354', '356', '313', '306', '292', '161', '162', '163', '164', '165', '166', '141', '145', '146']
['377', '264', '265', '266', '267', '268', '269', '260', '263', '227', '228', '123', '49', '50', '52', '53']
['400', '253', '246', '248', '154', '155', '156', '158', '159', '160', '148', '150', '1118', '112', '113', '114', '115', '117', '86', '87', '89', '90', '68']
['410', '411', '412', '404', '390', '203', '179', '180', '168', '169', '170', '171', '174', '1119', '11110', '99', '85', '1115', '21', '22']
['333', '319', '321', '309', '286', '238', '239', '240', '243', '244', '139', '94', '95', '97']
['414', '415', '416', '417', '418', '419', '11124', '384', '387', '388', '378', '379', '380', '381', '383', '11122', '307', '225', '119', '120', '121', '122', '124', '125', '1116']
['464', '457', '458', '459', '5', '432', '434', '435', '436', '399', '385', '364', '355', '358', '343', '346', '347', '337', '341', '330', '335', '314', '316', '310', '278', '221', '196', '201', '202']
['444', '367', '368', '370', '371', '324', '252', '254', '255', '257', '250', '230', '11112', '191', '128', '129', '131']
['466', '299', '220', '175', '177', '178', '100', '101', '102', '103', '104', '45', '46', '23', '9', '10', '11', '12', '13', '11113']
['465', '467', '450', '453', '366', '369', '217', '218', '219', '222', '223', '204', '205', '208', '184', '48', '38', '30', '32', '34']
['391', '395', '344', '345', '301', '303', '304', '294', '295', '296', '245', '247', '249', '251', '207', '6', '157', '127', '130', '31']
['463', '4', '460', '11126', '392', '393', '394', '386', '389', '382', '338', '315', '317', '305', '289', '291', '11127', '182', '185', '186', '187', '188', '149', '152', '153', '132']
['456', '461', '429', '430', '405', '285', '287', '237', '210', '172', '173', '140', '143', '144', '1117', '83', '66', '58', '14', '17', '18', '20', '7']
['441', '408', '409', '413', '362', '349', '350', '11120', '323', '288', '290', '293', '274', '256', '224', '226', '229', '8']
['0', '402', '396', '11123', '342', '308', '258', '259', '261', '262', '189', '181', '133', '134', '135', '136', '137', '138', '42', '43', '44', '47', '24', '25', '26', '27', '1111', '1112', '11129']
['420', '422', '423', '424', '325', '326', '329', '282', '283', '284', '35', '36', '37', '40', '41']
['445', '447', '448', '449', '442', '11125', '397', '398', '212', '214', '11111', '199', '142', '126', '116', '118', '81']
['1', '372', '373', '374', '375', '376', '361', '363', '11121', '331', '312', '311', '11118', '276', '279', '281', '234', '105', '106', '108', '109', '110', '111', '63', '64', '65', '67', '69']
['462', '438', '439', '440', '443', '426', '401', '351', '352', '206', '209', '190', '192', '193', '194', '195', '183', '151', '107', '98', '59', '39', '29', '15', '16', '19']
['451', '454', '2', '437', '421', '425', '403', '406', '407', '359', '318', '320', '322', '302', '298', '11117', '275', '11128', '241', '231', '232', '233', '236', '167', '84', '71', '72', '73', '75', '76']
['433', '348', '327', '277', '280', '270', '271', '272', '273', '11116', '242', '197', '198', '200', '147', '88', '80', '56', '60', '61', '62', '51', '54', '55', '1113']
['365', '353', '336', '339', '340', '332', '334', '328', '11119', '176', '11114']
['452', '455', '3', '427', '428', '431', '357', '300', '297', '11115', '235', '211', '213', '215', '216', '91', '92', '93', '96', '77', '78', '79', '82', '70', '74', '57', '1114', '28', '33']
