['127', '128', '129', '131', '133', '134', '136', '137', '138', '139', '142', '143', '144', '145', '146', '147', '149', '184', '187', '188', '189', '192', '195', '196', '198']
['080', '081', '082', '085', '090', '092', '098', '199', '200', '202', '203', '208', '214', '257', '258', '263', '266', '270', '288', '413']
['050', '051', '101', '125', '126', '151', '153', '174', '175', '176', '179', '186', '250', '275', '300', '301', '319', '325', '351', '375', '376', '425', '450', '451', '475']
['004', '011', '012', '020', '052', '059', '061', '062', '065', '067', '074', '402', '412', '417', '422', '427', '428', '433', '434', '435', '438', '445', '446']
['068', '244', '452', '453', '455', '456', '457', '458', '459', '460', '462', '463', '465', '466', '467', '469', '470', '471', '472', '473']
['075', '076', '077', '078', '083', '084', '086', '087', '088', '089', '091', '093', '094', '095', '096', '097', '099', '132', '135', '379', '454', '480', '493', '499']
['025', '026', '027', '028', '029', '032', '033', '034', '035', '038', '042', '043', '044', '046', '048', '049', '225', '226', '231', '232', '234', '240', '242', '248', '249']
['227', '230', '235', '238', '239', '241', '245', '246', '400', '403', '404', '405', '406', '407', '409', '410', '411', '414', '415', '416', '419', '420', '421', '423', '424']
['030', '036', '039', '040', '045', '190', '282', '295', '297', '299']
['058', '079', '140', '141', '148', '180', '228', '229', '237', '304', '312', '313', '318', '323', '336', '418', '429', '432', '436', '444', '464', '468', '474']
['054', '063', '201', '204', '205', '206', '209', '210', '211', '213', '215', '216', '217', '218', '219', '220', '221', '222', '223', '224', '233', '254', '264', '378']
['207', '212', '236', '243', '247', '346', '377', '381', '382', '383', '384', '385', '387', '388', '390', '391', '392', '393', '394', '395', '396', '397', '398', '399']
['000', '001', '002', '005', '006', '007', '010', '013', '014', '016', '017', '019', '021', '022', '024', '130', '337', '356', '361', '369', '386', '478', '495', '497']
['251', '252', '253', '255', '256', '259', '260', '261', '265', '267', '269', '271', '272', '273', '367', '430', '431', '437', '439', '440', '441', '442', '443', '448', '449']
['185', '191', '193', '197', '298', '302', '303', '305', '306', '310', '311', '314', '315', '316', '317', '320', '321', '322', '324', '331', '332', '338', '342', '343', '349']
['031', '262', '274', '291', '380', '408', '461', '476', '477', '479', '481', '483', '484', '485', '486', '487', '488', '489', '491', '492', '494', '496', '498']
['100', '102', '103', '104', '106', '107', '108', '109', '110', '111', '113', '114', '118', '119', '120', '121', '122', '177', '181', '194', '307', '308', '447', '490']
['053', '056', '057', '060', '064', '066', '069', '070', '072', '073', '276', '277', '278', '279', '280', '281', '284', '285', '286', '287', '289', '293', '294', '296', '389']
['003', '008', '009', '015', '018', '023', '055', '071', '183', '326', '327', '328', '329', '330', '333', '334', '335', '339', '340', '341', '344', '345', '347', '401', '426']
['178', '182', '309', '350', '352', '353', '354', '355', '357', '358', '359', '360', '362', '363', '364', '365', '366', '368', '370', '371', '372', '373', '374']
['105', '115', '116', '117', '123', '124', '152', '155', '156', '157', '166', '268', '283', '290', '292']
['037', '041', '047', '112', '150', '154', '158', '159', '160', '161', '162', '163', '164', '165', '167', '168', '169', '170', '171', '172', '173', '348', '482']
