['424']
['305']
['132', '328', '341', '397']
['459']
['282']
['85', '6', '34', '267', '24']
['218', '273', '320', '61', '124']
['2', '96', '215', '327', '175']
['386']
['335', '409', '78', '252', '330']
['97', '10']
['113', '164', '310', '162', '311', '466']
['133']
['333', '103', '52', '200', '313', '412', '460']
['297']
['123', '180', '257', '69', '14', '83']
['87', '485', '118', '436', '22']
['23', '104', '472', '95', '454', '359', '99', '39', '33', '70']
['224', '151', '235', '322', '353', '427', '117', '299', '338', '474', '453', '67', '390', '40', '423', '233', '492']
['74', '45', '317', '482', '223', '136', '171', '286', '420', '62', '287', '208']
['187', '202', '207']
['431']
['156']
['135', '262', '414', '479', '360']
['362', '458', '158']
['29', '447', '75', '331', '182']
['258', '107', '130']
['291', '115', '457']
['443', '58', '177', '68', '309', '318', '364', '296']
['377', '221', '323', '197', '264', '342']
['138', '371', '463']
['92', '243']
['112', '369', '100', '395', '212', '134', '363', '98', '265', '79', '240']
['5', '60', '205', '246', '477']
['32']
['339', '418', '276', '432', '358', '261', '340', '384', '435']
['154']
['20', '73', '499']
['36', '191', '270', '150']
['495', '206', '370', '375', '486', '229', '241']
['139', '143', '425', '125', '168', '434', '131', '303']
['91']
['344', '72', '126', '467', '404', '46', '17', '160', '438', '487']
['116', '464', '314']
['53', '64', '394']
['269', '355', '81', '277', '227']
['244', '308', '315']
['374', '214', '111', '380', '442']
['494', '7', '226', '194', '251', '109']
['94', '446']
['27', '234', '376', '43', '392', '71', '142', '334', '368', '193', '198', '268', '204', '31']
['129', '271', '101', '321', '385']
['306', '421', '21', '106', '140']
['56', '255', '440', '65', '444']
['188']
['110', '184', '349', '352']
['400', '119', '199', '225', '231', '163', '411', '266']
['4', '149', '1', '161', '167', '278', '348', '403', '445', '378', '441', '417', '155', '452', '361', '407', '274', '343', '496']
['259', '345', '77', '86', '51', '220', '50', '426', '108']
['159', '3', '47', '76', '121', '465']
['80', '170', '462', '290', '42']
['469']
['178', '211', '16', '391', '147', '219', '281']
['90', '102', '148', '247', '222']
['298', '59', '0', '146', '196', '228', '263']
['253', '382', '337', '405', '12', '366', '15']
['179', '166', '190']
['416', '82', '236', '329']
['433', '49', '491', '127', '402', '285', '430', '461']
['114', '365', '350', '302', '476', '498', '169', '304', '307']
['389', '429', '419', '455']
['272', '294', '473']
['238', '497']
['28', '174', '48', '144', '213', '437', '379', '9', '347', '152', '195', '393', '55', '189', '217', '422', '84', '484', '406', '54', '490', '367', '141', '326', '176', '357', '481']
['201', '324', '332']
['279', '210', '283', '413', '415', '173']
['439', '254', '288', '372', '450', '183']
['122', '248', '475', '493']
['478']
['35', '256']
['153', '41']
['280', '295', '488', '25', '301', '325', '471', '260', '448']
['105', '300', '356', '451', '480', '242']
['44', '483']
['351', '120', '181', '410']
['19', '373', '316']
['57', '13', '399', '37', '250']
['8', '203']
['275', '312', '63', '192']
['216']
['137', '239']
['468', '145']
['319']
['11', '396', '401']
['128']
['66', '93', '470', '408', '26', '89', '293', '383', '245']
['289', '387', '489', '172', '209', '354', '398', '30', '237', '284', '449', '165', '249', '336']
['346']
['230', '388', '456', '18', '186', '232', '38', '88', '157', '381', '292', '428', '185']
