['167', '445', '471', '488']
['12', '34', '54', '72', '208', '218', '256', '264', '274', '389', '447']
['24', '363']
['121', '137', '175', '241', '247', '286', '319', '354', '395', '412', '437']
['47', '87', '91', '273', '277', '278', '288', '290', '299', '349', '475']
['99', '118', '135', '205', '207', '250', '254', '302', '307', '463', '470']
['9', '79', '120', '157', '206', '231', '275', '374', '415', '452', '490']
['2', '35', '125', '143', '146', '148', '174', '188', '232', '311', '421']
['75', '83', '203', '239', '287', '330', '333', '387', '394', '408', '491']
['15', '198', '221', '249', '282', '357', '376', '379', '392', '413', '498']
['25']
['58', '154', '160', '233', '243', '293', '352', '367', '418', '482', '499']
['113', '126', '181', '182', '204', '297', '342', '381', '443', '454', '458']
['82', '90', '111', '153', '237', '279', '320', '331', '419', '429', '483']
['8', '145', '156', '186', '246', '261', '262', '328', '360', '372', '457']
['300']
['7', '55', '106', '109', '189', '216', '224', '378', '396', '427', '428']
['17', '98', '134', '298', '362', '385', '386', '391', '425', '444', '446']
['151', '197', '242', '289', '377', '424', '448', '468', '478', '497']
['40', '80', '130', '159', '161', '164', '166', '178', '238', '486', '494']
['96', '200', '212', '309', '314', '369', '380', '403', '432', '438', '480']
['27', '150', '202', '236', '315', '325', '329', '341', '350', '455', '477']
['22', '23', '42', '73', '114', '139', '210', '303', '306', '371', '459']
['10', '20', '53', '78', '85', '138', '199', '230', '257', '400', '484']
['45', '59', '64', '89', '95', '193', '240', '252', '259', '285', '292']
['66', '102', '108', '110', '173', '215', '269', '324', '355', '407', '460']
['29', '43', '128', '176', '219', '310', '364', '409', '431', '434', '487']
['28', '67', '123', '155', '201', '209', '263', '291', '430', '442', '485']
['417']
['31', '74', '127', '147', '165', '266', '305', '339', '474', '496']
['5', '46', '101', '107', '183', '272', '321', '366', '388', '405', '426']
['48', '63', '112', '131', '340', '356', '370', '383', '422', '467', '469']
['21', '32', '36', '61', '168', '223', '270', '368', '390', '410', '453']
['49', '52', '62', '69', '149', '195', '265', '283', '284', '435', '493']
['1', '115', '172', '179', '222', '276', '304', '308', '365', '414', '465']
['97', '194', '213', '227', '332', '345', '348', '404', '420', '451']
['0', '3', '14', '18', '77', '84', '190', '229', '248', '449', '466']
['4', '37', '81', '185', '217', '220', '235', '251', '313', '398', '476']
['51', '71', '86', '103', '141', '162', '184', '226', '296', '323', '472']
['11', '65', '163', '170', '214', '268', '375', '393', '439', '461', '489']
['13', '16', '38', '39', '124', '255', '351', '373', '433', '492']
['41', '68', '140', '144', '191', '327', '346', '353', '436', '441', '479']
['33', '60', '196', '225', '267', '281', '295', '316', '337', '338', '397']
['26', '50', '57', '88', '152', '187', '244', '260', '280', '334', '399']
['6', '70', '132', '180', '228', '234', '343', '411', '440', '450', '462']
['117', '136', '142', '177', '258', '301', '344', '359', '406', '464', '473']
['30', '94', '100', '133', '169', '317', '326', '401', '416', '456', '495']
['44', '56', '93', '105', '211', '253', '271', '336', '347', '358', '402']
['19', '76', '92', '116', '119', '192', '294', '361', '384', '423', '481']
['104', '122', '129', '158', '171', '245', '312', '318', '322', '335', '382']
