['6', '7', '18', '27', '36', '41', '42', '74', '78', '85', '118', '126', '130', '134', '230', '248', '262', '316', '322', '323', '347', '360', '391', '439', '447', '449', '461', '495', '499']
['11', '23', '28', '60', '73', '82', '95', '116', '152', '158', '166', '170', '175', '228', '239', '240', '280', '291', '299', '305', '314', '359', '363', '364', '401', '432', '433', '435', '445', '478']
['48', '155', '287', '309', '452']
['24', '34', '35', '37', '57', '86', '117', '148', '174', '191', '202', '208', '214', '218', '260', '264', '285', '286', '339', '352', '373', '389', '393', '395', '412', '417', '434', '453', '471']
['3', '47', '50', '83', '84', '133', '136', '171', '194', '195', '197', '201', '217', '225', '227', '237', '245', '254', '255', '282', '295', '300', '303', '330', '332', '356', '366', '407', '425']
['4', '10', '31', '63', '64', '72', '77', '87', '107', '119', '140', '141', '206', '247', '259', '298', '317', '327', '329', '338', '345', '348', '372', '387', '404', '406', '415', '438', '463', '492']
['2', '8', '14', '33', '43', '46', '52', '56', '79', '128', '168', '183', '185', '187', '192', '203', '224', '246', '261', '271', '284', '312', '340', '414', '427', '451', '458', '472', '473', '484']
['22', '26', '44', '53', '112', '114', '122', '124', '138', '161', '172', '207', '209', '210', '212', '263', '274', '375', '399', '408', '424', '446', '457', '479', '489', '491', '497']
['76', '81', '102', '103', '105', '120', '121', '129', '153', '186', '190', '235', '243', '258', '267', '278', '281', '326', '341', '370', '371', '396', '398', '431', '441', '454', '459', '468', '475', '493']
['15', '39', '142', '150', '178', '182', '189', '213', '216', '268', '276', '296', '307', '355', '365', '388', '416', '428', '436', '437', '443', '450', '456', '466', '467', '469', '480', '483', '490', '494']
['32', '45', '91', '94', '159', '223', '256', '273', '292', '306', '311', '320', '358', '381', '485', '487']
['30', '96', '110', '139', '147', '252', '288', '308', '310', '331', '337', '357', '378', '402', '410', '442', '455', '481']
['5', '21', '38', '40', '49', '65', '104', '108', '131', '156', '173', '219', '244', '257', '265', '279', '297', '301', '319', '336', '350', '351', '369', '380', '392', '423', '465']
['55', '100', '106', '115', '135', '162', '165', '242', '251', '266', '270', '290', '318', '333', '343', '353', '354', '368', '374', '379', '421']
['9', '66', '80', '88', '92', '127', '132', '145', '176', '199', '204', '222', '272', '346', '496', '498']
['17', '20', '59', '67', '68', '69', '99', '101', '143', '146', '167', '169', '181', '193', '196', '215', '238', '269', '275', '277', '289', '302', '328', '344', '382', '411', '476', '477', '482']
['16', '61', '71', '111', '113', '125', '164', '180', '184', '220', '231', '232', '234', '250', '253', '304', '315', '324', '349', '385', '403', '409', '430', '444', '464', '470', '486']
['12', '13', '29', '75', '97', '98', '109', '123', '137', '151', '179', '198', '229', '249', '293', '321', '334', '335', '361', '377', '383', '384', '386', '394', '397', '413', '418', '429', '462', '488']
['1', '58', '89', '90', '144', '149', '157', '163', '177', '188', '221', '241', '283', '313', '342', '422', '426', '448', '460', '474']
['0', '19', '25', '51', '54', '62', '70', '93', '154', '160', '200', '205', '211', '226', '233', '236', '294', '325', '362', '367', '376', '390', '400', '405', '419', '420', '440']
