['49']
['288']
['310', '330']
['260']
['120']
['301']
['438']
['143']
['185']
['22', '91', '146', '401', '428']
['42']
['212']
['287']
['404']
['136']
['382']
['30', '31', '40', '71', '72', '108', '112', '123', '127', '134', '138', '149', '163', '181', '193', '194', '206', '207', '208', '214', '217', '224', '225', '245', '312', '325', '339', '352', '358', '392', '418', '423', '425', '430', '435', '444', '452', '471', '488', '491', '496']
['157']
['55']
['179']
['441']
['333']
['449']
['174']
['97']
['432']
['12', '70', '77', '173', '211', '226', '242', '286', '308', '349', '369', '381', '468']
['473']
['231']
['103']
['205']
['201']
['1']
['59', '82', '125', '139', '148', '304', '321', '357', '367', '407', '415']
['360']
['424']
['269']
['9', '56', '76', '80', '87', '96', '128', '184', '191', '216', '223', '249', '259', '264', '290', '291', '295', '313', '314', '327', '396', '461']
['10']
['29']
['463']
['442']
['305']
['41', '239', '268', '336', '353', '399']
['14', '89', '141', '159', '176', '251', '271', '277', '347', '359', '366', '477']
['86']
['142']
['410']
['2']
['299']
['144']
['169']
['33']
['4', '6', '7', '11', '18', '26', '27', '32', '34', '35', '38', '51', '58', '62', '67', '93', '98', '101', '102', '104', '106', '110', '115', '122', '130', '155', '165', '180', '182', '200', '218', '235', '238', '240', '241', '244', '255', '267', '275', '296', '326', '328', '340', '342', '368', '373', '374', '376', '377', '383', '390', '412', '420', '437', '448', '451', '453', '470', '479', '486', '492']
['337']
['402']
['454']
['213']
['465']
['439']
['161']
['248']
['338']
['24', '109', '116', '162', '210', '302', '320', '380', '384', '391', '411', '431', '460', '484', '487']
['21']
['192']
['370']
['73', '137', '258', '379']
['0', '16', '23', '25', '36', '37', '44', '50', '54', '61', '64', '85', '92', '94', '100', '107', '113', '121', '126', '135', '150', '152', '167', '170', '178', '183', '195', '204', '221', '230', '234', '237', '257', '266', '274', '280', '284', '285', '293', '309', '323', '331', '332', '334', '344', '345', '346', '350', '375', '385', '389', '393', '398', '405', '416', '417', '419', '433', '434', '443', '445', '455', '456', '457', '458', '467', '469', '474', '475', '481', '489', '490', '499']
['13', '17', '19', '20', '43', '48', '65', '74', '83', '90', '99', '119', '147', '154', '158', '164', '172', '175', '186', '187', '189', '190', '219', '243', '250', '262', '273', '276', '278', '289', '294', '298', '300', '306', '311', '341', '343', '361', '362', '364', '386', '395', '400', '408', '422', '427', '446', '447', '459', '476', '483', '493', '495', '497']
['247']
['202', '256']
['372']
['15', '28', '47', '52', '68', '88', '105', '117', '124', '133', '140', '145', '153', '160', '168', '196', '197', '198', '220', '222', '246', '270', '279', '282', '297', '307', '315', '322', '351', '356', '371', '378', '394', '403', '440', '462', '472']
['436']
['114']
['118']
['283']
['387']
['232']
['78', '281']
['177']
['363']
['397']
['79']
['426']
['166']
['464']
['39', '45', '46', '69', '156', '229', '365', '406', '450']
['209']
['8', '53', '57', '95', '188', '215', '253', '265', '272', '316', '317', '329', '335', '354', '388']
['228']
['324']
['466']
['151']
['263']
['63', '199', '303']
['482']
['3', '5', '60', '66', '75', '81', '84', '111', '129', '131', '132', '171', '203', '227', '233', '236', '252', '254', '261', '292', '318', '319', '348', '355', '409', '413', '414', '421', '429', '480', '485', '494', '498']
['478']
