['5', '26', '35', '56', '65', '84', '95', '125', '146', '155', '176', '185', '204', '206', '215', '264', '266', '282', '294', '296']
['249']
['50', '59', '193']
['0', '11', '41', '44', '60', '71', '90', '131', '149', '150', '164', '191', '210', '240', '251', '254', '270']
['58', '148', '275']
['22', '24', '25', '52', '82', '85', '104', '112', '142', '175', '179', '187', '202', '224', '235', '247', '262', '277', '281', '292']
['6', '36', '66', '96', '123', '126', '144', '156', '186', '276']
['34', '70', '116', '172', '190', '236', '250', '280']
['136']
['13', '43', '73', '103', '129', '133', '159', '163', '223', '253', '263', '283']
['221']
['19', '27', '57', '109', '139', '147', '169', '199', '207', '237', '259', '289', '297']
['132']
['3', '49', '63', '93', '153', '213', '243', '273']
['2', '32', '62', '92', '117', '122', '151', '154', '180', '181', '182', '212', '242', '244', '271', '272']
['8', '38', '98', '128', '188', '218', '248', '267', '278']
['15', '16', '30', '45', '75', '76', '105', '106', '135', '165', '196', '225', '255', '256']
['1', '33', '91', '121', '177', '183', '211', '241']
['46', '54', '61', '107', '114', '166', '174', '197', '226', '234', '286', '287', '290']
['14', '21', '51', '74', '81', '111', '134', '141', '171', '194', '201', '231', '261', '284', '291']
['4', '64', '94', '119', '184', '214', '239', '274']
['10', '40', '100', '130', '220']
['7', '37', '53', '55', '67', '68', '97', '113', '115', '127', '145', '157', '158', '205', '217', '265', '293', '295']
['17', '23', '47', '77', '83', '124', '137', '143', '167', '173', '203', '216', '227', '233', '246', '257']
['20', '31', '79', '110', '140', '170', '200', '229', '230', '245', '260']
['87']
['9', '39', '69', '86', '99', '161', '189', '219', '279']
['29', '89', '195', '232', '269', '285', '299']
['18', '28', '48', '78', '88', '101', '108', '118', '138', '168', '178', '198', '208', '209', '228', '238', '258', '268', '288', '298']
['12', '42', '72', '80', '102', '120', '152', '160', '162', '192', '222', '252']
