['Pat', 'Kathryn', 'Anita', 'Beatriz', 'Stephanie', 'Shawna', 'Katherine']
['Beverly']
['Fredrick']
['Pearl']
['Dolores', 'Derrick', 'Antonio', 'Devon', 'Alberta', 'Jonathan', 'Aron']
['Amanda', 'Earl', 'Josie', 'Leola', 'Phyllis', 'Elvera', 'Rebecca']
['Felipe']
['Myra']
['Patrick']
['Iris']
['Richard']
['Russel']
['Wanda', 'Benjamin', 'Jewel', 'Craig', 'Octavia', 'Dewayne', 'Wade']
['Margaret', 'Cedric', 'Weldon', 'Cathleen', 'Marcus', 'Curtis', 'Renee']
['Ladonna']
['Ashley']
['Dwayne', 'Melanie', 'Levi']
['Kenneth']
['Harry', 'Julius', 'Cameron', 'Laurie', 'Anna', 'Miriam']
['Dorothy', 'Jeremy', 'Randall', 'Roy', 'Hector', 'Angel', 'Jessica']
['Matilda', 'Cesar', 'Mae', 'Joseph', 'Gordon', 'Trenton', 'Lori']
['Kyle']
['Lucille', 'Kristen']
['Frances', 'Carolyn']
['Anthony']
['Chelsea', 'Lottie', 'Claire', 'Joel', 'Sheila', 'Maybell', 'Jim']
['Jami', 'Milton', 'Christine', 'Judith', 'Charlotte', 'Oscar', 'Ivan']
['Bonita']
['Alvin']
['Houston', 'Rick', 'Darryl', 'Jane', 'Grace', 'Philip', 'Erik']
['Joe', 'Carol', 'Corinne', 'Mari', 'Kelly', 'Maxine']
['Robin']
['Andre', 'Wilbur', 'Maria', 'Clyde', 'Vance', 'Ricardo', 'Cleo']
['Tom']
['Quentin']
['Dena']
['Eric', 'Kathleen', 'Evan', 'Edwin', 'Justin', 'Aileen', 'Lorene']
['Kim', 'Kristina', 'Lauren', 'Paul', 'Carlos', 'Dan', 'Lexie']
['Leo']
['Tanya', 'Antonietta', 'Allen', 'Timothy', 'Raymond', 'Claudia', 'Jean']
['Martha', 'Leigh', 'Nellie', 'Terry', 'Gene', 'Luis', 'Thomas']
['Tabatha']
['Carina']
['Larry', 'Marta', 'Louise', 'Megan', 'Arline', 'Kristine', 'Douglas']
['Mavis']
['Walter', 'Damian', 'Fred', 'Ray', 'Matthew', 'Helen', 'Rod']
['Steve']
['Debbie']
['Janice']
['Isaac', 'Patricia', 'Bruce']
['Louis']
['Brett']
['Carroll']
['Henry']
['Erica', 'Vicente', 'Esperanza', 'Lena', 'Samantha', 'Julie']
['Loretta', 'Emilee', 'Tiara', 'Diane', 'Thelma', 'Johnathan', 'Sharon']
['Charles', 'Melony', 'Wilfredo', 'Victoria', 'Gerard', 'Jerry']
['Esther', 'Mitchell', 'Maureen', 'Daniel', 'Marge', 'Jasmine', 'Robert']
['Kenny']
['Raquel']
['Jeffrey']
['Doris', 'Nathaniel', 'David', 'Joy', 'Ralph', 'Peter', 'Ericka']
['Catherine', 'Gregory', 'Brenda', 'Patrice', 'Fletcher', 'Chris', 'Jennifer']
['Rhonda']
['Monica']
['Shante']
['Jason', 'Cheri', 'Marion', 'Melvin', 'Carrie', 'Colleen', 'Anne']
['Alan', 'Mildred', 'Bernadette', 'Karen', 'Kay', 'Betty', 'Frida']
['Argentina', 'Harriet', 'Hildegard', 'Justine', 'Darrin', 'Erma', 'Arthur']
['Roger']
['Norma', 'Matt', 'Colin', 'Rafael', 'Christian', 'Laura', 'Daphne']
['Shawn']
['Vicky', 'Sam', 'Eunice', 'Vanessa']
['Irene', 'Bernie', 'Rachel', 'Gary', 'Carmen', 'Adrian', 'Jeffery']
['Delia']
['Beatrice']
['Andrea']
['Rocio', 'Tonya', 'Lakesha', 'Sarah', 'Jerome', 'Linda', 'Eva']
['Mona', 'Katie', 'Evelyn', 'Carla', 'Noma', 'Byron', 'Jeff']
['Brittany']
['George']
['Krista', 'Desiree', 'Emerson', 'Pauline', 'Jewell', 'Sheldon', 'Sheryl']
['Clifford', 'Michelle', 'Kelvin', 'Hazel', 'Danielle', 'Jeanette', 'Manuel']
['Debra', 'Maryann', 'Gladys', 'Stephen', 'Reggie', 'Esta', 'Barry']
['Elizabeth', 'Marybeth', 'Adam', 'Jonathon', 'Rueben', 'Tomas']
['Josephine', 'Dennis', 'Annie', 'William', 'Antoinette', 'Toni', 'Crystal']
['Kelli']
['Doretha']
['Bernard', 'Patsy', 'Cindy', 'Tim', 'Mireya', 'Julia', 'Dottie']
['Tommy', 'Christiana', 'Carlton', 'Roberta', 'Frank', 'Fay', 'Phillip']
['Mamie']
['Rory', 'Cheryl', 'Hugo', 'Peggy', 'Jessie', 'Jammie', 'Melissa']
['Kathryne']
['Blanche']
['John']
['Donald']
['Dawn', 'Latonya', 'Johnny', 'Gilbert', 'Kurt', 'Lizzie', 'Todd']
['Arturo', 'Heather', 'Cyndy', 'Lela', 'Sally', 'Chester', 'Brooks']
['Guadalupe', 'Tommie', 'Geraldine', 'Rena', 'Juan', 'Lawrence', 'Casandra']
['Hilton', 'Virgie', 'Deandre', 'Lester']
['Ruthie', 'Carole', 'Lorena', 'Abdul', 'Cynthia', 'Randy', 'Ruth']
['Clara']
['Porfirio']
['Jacqueline']
['Ada', 'Joan', 'Johnnie', 'Bessie', 'Warren', 'Joshua', 'Nicholas']
['Billie', 'Mario', 'Lydia', 'Samuel', 'Lucia', 'Heidi', 'Gail']
['Zachary', 'Michael', 'Shirley', 'Ted', 'Barbara', 'Martin']
['Pamela', 'Stacy', 'Alice', 'Marie', 'Joyce', 'Barbra', 'Virginia']
['Paula']
['Jayne', 'Katrina', 'Albert', 'Marla', 'Eduardo', 'Lucy', 'Theresa']
['Brandon']
['Sandra']
['Austin', 'Victor', 'Alex', 'Jodi', 'Susan', 'Vickie', 'Isabelle']
['Minnie', 'Carl', 'Roberto', 'Steven', 'Cara', 'Lisa', 'Bernice']
['Salvatore', 'Lowell', 'Shane', 'Edward', 'Shelly', 'Newton', 'Gloria']
['Horace', 'Ethel', 'Lillie', 'Ella', 'James', 'Mei', 'Gale']
['Lorenzo']
['Scotty', 'Shaun', 'Stanley', 'Vera', 'Olive', 'Lacey']
['Tammy', 'Alonzo', 'Regina', 'Kimberly', 'Harriett', 'Hillary', 'Gerald']
['Donna']
['Tracy', 'Mary', 'Emily', 'Deborah', 'Molly', 'Nancy', 'Sulema']
['Ernest', 'Ronald', 'Janet', 'Marjorie', 'Mark', 'Lidia', 'Brian']
['Teresa', 'Merle', 'Sara', 'Christopher', 'Keith', 'Bobby']
['Harold']
