['4', '12', '30', '35', '57', '63', '107', '199', '200', '225', '233', '276', '317', '337', '345', '353', '428', '470']
['28', '92', '95', '124', '126', '133', '135', '192', '194', '202', '219', '226', '258', '279', '285', '296', '334', '386', '394', '415', '421', '438', '445', '463', '480', '494']
['10', '24', '48', '77', '93', '116', '136', '142', '227', '241', '242', '249', '252', '330', '348', '354', '369', '389', '391', '393', '398', '402', '403', '404', '426', '432', '437', '447', '460', '482']
['11', '17', '33', '36', '46', '56', '68', '104', '130', '138', '162', '163', '198', '235', '250', '273', '290', '310', '319', '380', '392', '435', '441', '451', '455', '481', '491']
['20', '21', '27', '40', '41', '44', '58', '132', '139', '239', '254', '264', '291', '297', '318', '320', '323', '329', '355', '356', '405', '409', '419', '431', '466', '472']
['5', '50', '122', '141', '188', '191', '193', '201', '218', '257', '265', '266', '271', '298', '307', '324', '328', '335', '352', '363', '368', '381', '395', '397', '448', '459', '489', '496']
['6', '13', '23', '39', '60', '108', '157', '161', '167', '185', '196', '203', '208', '221', '223', '234', '259', '282', '286', '289', '299', '333', '358', '359', '365', '425', '430', '434', '485', '495']
['3', '16', '64', '87', '105', '137', '152', '159', '182', '197', '209', '212', '217', '255', '261', '278', '301', '360', '383', '412', '452', '464', '488', '499']
['8', '45', '54', '67', '70', '72', '102', '114', '119', '176', '187', '253', '262', '274', '305', '327', '332', '344', '362', '370', '382', '449', '461', '474', '476', '484', '497']
['66', '69', '81', '94', '106', '134', '155', '156', '170', '228', '269', '270', '287', '312', '417', '423', '439']
['38', '55', '76', '90', '91', '97', '111', '151', '168', '195', '205', '236', '238', '300', '303', '314', '315', '331', '339', '342', '364', '377', '379', '385', '444', '446', '469', '478']
['75', '84', '89', '129', '131', '153', '169', '420', '429', '457']
['9', '26', '31', '37', '42', '144', '147', '149', '181', '184', '206', '210', '222', '229', '237', '246', '247', '280', '288', '295', '304', '309', '322', '349', '406', '408', '410', '440', '471', '479']
['29', '32', '51', '65', '71', '96', '99', '100', '123', '146', '154', '164', '165', '260', '268', '294', '313', '340', '347', '361', '372', '374', '418', '424', '475', '486']
['14', '22', '25', '82', '88', '110', '120', '140', '166', '171', '172', '175', '177', '211', '240', '243', '248', '263', '267', '281', '308', '325', '343', '396', '411', '413', '465', '487']
['7', '18', '53', '61', '62', '74', '78', '80', '83', '86', '145', '148', '173', '190', '213', '231', '283', '292', '293', '326', '338', '350', '366', '367', '387', '427', '442', '458']
['0', '15', '52', '112', '127', '128', '158', '160', '189', '224', '230', '251', '256', '302', '311', '346', '371', '384', '388', '399', '416', '436', '443', '456', '462', '477', '490', '492']
['1', '47', '73', '85', '98', '101', '109', '150', '174', '179', '207', '214', '215', '216', '220', '244', '245', '321', '375', '376', '378', '400', '407', '414', '467', '468', '483', '493', '498']
['19', '103', '113', '118', '121', '183', '186', '204', '275', '284', '336', '351', '357', '373', '433', '450']
['2', '34', '43', '49', '59', '79', '115', '117', '125', '143', '178', '180', '232', '272', '277', '306', '316', '341', '390', '401', '422', '453', '454', '473']
