['235', '236']
['96', '97', '100', '101', '108', '109', '110', '155', '157', '160', '161', '186', '217', '218', '219', '289']
['131', '132', '134', '139', '144', '145', '146', '166', '167', '168', '179', '180', '181', '182', '308', '309']
['189', '193', '194', '199', '200', '201', '202', '203', '204', '213', '214', '215', '216']
['190', '195', '205', '206', '255', '263', '264']
['79', '105', '118', '119', '171', '172', '173']
['86', '111', '112', '113', '114', '142']
['46', '50', '71', '81', '82']
['8', '9', '17', '18', '63', '65', '66', '222', '228', '241']
['32', '127', '220', '224', '225', '232', '233']
['280', '282', '283', '284', '290', '291', '303', '307']
['34', '35', '40', '41', '52', '53', '140', '141', '237', '258', '269', '270']
['33', '36', '37', '42', '43', '55', '56', '106', '107', '120', '121', '122', '123', '229', '242']
['51', '64', '67', '68', '74', '75', '76', '87', '89', '90', '91']
['38', '39', '48', '49', '129', '135', '136', '147', '148', '149', '250', '304', '305', '306']
['7', '15', '16', '19', '20', '31', '62', '93', '94']
['272', '273', '274']
['126', '130', '137', '150', '151', '152', '223', '230', '239', '240', '243', '244', '245']
['138', '154', '156', '158', '159', '164', '165', '174', '175', '176', '285', '292', '293']
['92', '231', '246', '247', '248', '249', '251', '252', '256', '257', '265', '266']
['69', '70', '77', '78', '80', '153']
['72', '73', '83', '84', '85', '88', '253', '254', '259', '260', '261', '275', '276']
['116', '185', '187', '188', '191', '198', '212', '267', '268']
['5', '12', '13', '21', '26', '27', '54', '211', '262', '277', '278', '279', '281']
['162', '169', '184', '271']
['0', '1', '2', '3', '4', '25', '104', '117', '128', '133', '143']
['44', '57', '58', '59', '102', '103', '115']
['28', '95', '98', '99', '196', '197', '207', '208', '209', '210', '221', '226', '227', '238']
['47', '163', '170', '177', '178', '192', '234']
['286', '287', '288', '294', '295', '296', '297', '298', '299', '300', '301', '302']
['6', '10', '11', '14', '22', '23', '24', '29', '30', '45', '60', '61', '124', '125', '183']
