['0', '4', '60', '61', '117', '146', '203', '244', '421', '464', '56', '191', '436', '110', '168', '348', '326', '260']
['11', '13', '359', '184', '353', '26', '65', '84', '150', '269', '88', '103', '96', '116', '139', '332', '412', '282']
['432', '461', '35', '64', '202', '107', '109', '208', '414', '451', '198', '131', '426', '98', '17', '14', '161', '79']
['62']
['249', '345', '445', '156', '358', '428', '15', '226', '323', '243', '497', '340', '36', '28', '214', '307', '100', '287']
['238']
['286']
['363']
['322']
['459']
['133']
['132']
['471']
['37', '67', '69', '160', '222', '252', '293', '487', '130', '137', '162', '278', '476', '24', '491', '450', '431', '185']
['253']
['49', '86', '192', '217', '364', '406', '408', '83', '392', '246', '331', '473', '311', '401', '247', '105', '467']
['31', '216', '338', '360', '232', '480', '357', '63', '337', '314', '304', '99', '380', '438', '108', '394', '291', '279']
['23', '280', '310', '308', '430', '449', '93', '80', '136', '197', '276', '85', '456', '454', '258', '142', '356']
['481', '55']
['283', '221']
['81', '207', '447', '59', '236', '349']
['172']
['44']
['295']
['463']
['183', '259', '273', '378', '148', '129', '347', '371', '389', '397', '377', '20', '292', '32', '152', '281', '127']
['113', '70']
['52', '194', '92', '166', '231', '321', '334', '119', '346', '53', '479', '76', '102', '135', '16', '204', '19', '51']
['492']
['341', '437', '275', '484', '175', '256', '171', '151', '305', '486', '446', '457', '234', '90', '212', '493', '114', '186']
['75', '361', '351', '39']
['7', '120', '157', '200', '344', '87', '123', '224', '78', '223', '225', '285', '306', '466', '211', '97', '417', '367']
['1', '289', '384', '58', '165', '193', '250', '393', '403', '233', '124', '435', '40', '82', '303', '415', '302', '477']
['274', '301', '196', '368', '405', '296', '386', '190', '241', '400', '312', '496', '425', '472', '205', '29', '201', '264']
['48']
['402']
['433', '45', '239', '181', '365', '339']
['177', '213', '327', '343', '419', '379', '180', '383', '153', '21', '424', '38', '299']
['154', '126', '2', '219', '352', '427', '475', '495', '395', '404', '22', '324', '316', '423', '242', '342', '229', '444']
['118', '443', '230', '251', '33']
['72', '240', '284', '30', '398', '422', '3', '195', '455', '228', '115', '10', '50', '12', '313', '167', '271']
['458']
['483', '54', '399', '298']
['294']
['494']
['410']
['257', '442', '73', '418', '470', '9', '336', '309', '325', '6', '439', '490', '134', '66', '25', '254', '71', '452']
['112', '170', '261', '265', '266', '328', '372', '333', '263', '315', '320', '420', '489', '143', '388', '317']
['350']
['46']
['111', '288', '362', '369', '210', '270', '277', '376', '460', '188', '43', '448', '485', '354', '173', '140', '144', '255']
['169', '329', '391', '106', '179', '416', '355', '375', '434', '390']
['335', '453', '182']
['164', '122', '370', '413', '469', '147', '318', '42', '57', '95', '199', '227', '248', '206', '218', '330', '366', '268']
['104', '187', '382', '387', '141', '272', '209', '101', '374', '163', '462', '468', '138', '189', '41', '178', '89', '145']
['407', '128', '411', '245', '440', '158', '267', '8', '27', '409', '482', '47', '220', '91', '441', '149', '235', '159']
['237', '498', '18', '155', '215', '373', '465', '121', '488', '125', '474', '297', '381', '385', '319', '300', '74', '174']
['94', '5', '77', '478', '499', '290', '34', '176', '262', '429', '68', '396']
