['qq', 'rr', 'qqq', 'rrr', 'rrrrrrr', 'qqqqqqqq', 'rrrrrrrr', 'JJJJJJJJ', 'M', 'UU', 'UUUU', 'VVVV', 'VVVVV', 'UUUUUU', 'UUUUUUU', '1', '22', '222', '22222']
['d', 'cc', 'dd', 'ddd', 'ccccc', 'dddddd', 'ccccccc', 'ddddddd', 'ss', 'yyyyy', 'zzzzzzzz', 'B', 'BBBB', 'AAAAAA', 'AAAAAAA', 'BBBBBBB', 'BBBBBBBB', 'R', 'QQ', 'QQQ', 'QQQQ', 'RRRRR', 'QQQQQQQ', 'RRRRRRRR']
['b', 'aaaaaa', 'AA', 'AAA', 'BBB', 'AAAA', 'AAAAA', 'BBBBBB', 'AAAAAAAA']
['hhhh', 'ooooooo', 'xx', 'wwwwwww', 'MMMMMMMM', '6', '55555', '66666', '555555']
['vv', 'uuuu', 'uuuuu', 'vvvvvvv', 'uuuuuuuu', 'W', 'XX', 'XXX', 'WWWW', 'XXXX', 'XXXXX', 'WWWWWW', 'WWWWWWW', 'XXXXXXX', 'WWWWWWWW', 'XXXXXXXX', '5', '555']
['j', 'iiii', 'jjjj', 'jjjjjj', 'C', 'D', 'CC', 'DDDD', 'EEEEEEEE', 'NNNNNNN']
['bbbb', 'fffff', 'nnnn', 'A', 'HHHHHHHH', 'K', 'LLLLLL', 'RRR']
['kkkkkkk', 'L', 'KKK', 'KKKK', 'LLLL', 'KKKKK', 'LLLLL', 'KKKKKK', 'KKKKKKK', 'LLLLLLL', 'KKKKKKKK']
['ddddd', 'cccccc', 'nnnnnnnn', 'pppppppp', 'u', 'v', 'uu', 'uuu', 'vvv', 'vvvv', 'vvvvv', 'uuuuuu', 'vvvvvv', 'vvvvvvvv', 'MMMMMM']
['LLLLLLLL', 'Q', 'RR', 'RRRR', 'RRRRRR', '222222']
['NN', 'NNNNNNNN', 'PPPPP', 'OOOOOOOO', 'Z', 'YYY', 'ZZZ', 'YYYY', 'ZZZZ', 'YYYYY', 'YYYYYY', 'ZZZZZZ', 'ZZZZZZZ', 'ZZZZZZZZ', '55', '66', '666', '5555', '6666', '666666', '5555555', '6666666', '55555555', '66666666']
['c', 'cccc', 'dddd', 'cccccccc', 'dddddddd', 'ii', 'jjj', 'iiiii', 'jjjjj', 'iiiiii', 'iiiiiii', 'iiiiiiii', 'lllllll', 'rrrrr', 'x', 'ww', 'www', 'xxx', 'xxxx', 'xxxxxx', 'xxxxxxx', 'wwwwwwww', 'J', 'JJ', 'JJJJJJ', 'IIIIIIII', '4444']
['n', 'mm', 'nn', 'mmmm', 'nnnnn', 'nnnnnn', 'mmmmmmm', 'mmmmmmmm', 'JJJJJJJ', 'KK', 'T', 'SS', 'SSS', 'TTTT', 'TTTTT', 'SSSSSS', 'TTTTTT', 'V', 'VV', 'UUU', 'VVV', 'UUUUU', 'VVVVVV', 'UUUUUUUU', 'VVVVVVVV']
['gggg', 'hhhhhh', 'O', 'OO', 'PP', 'OOOO', 'PPPP', 'OOOOO', 'OOOOOO', 'PPPPPP', '7', '77', '7777', '77777', '777777', '77777777', '88888888']
['a', 'aa', 'bbb', 'aaaa', 'aaaaa', 'bbbbbb', 'bbbbbbb', 'aaaaaaaa', 's', 't', 'tt', 'sss', 'ttt', 'ssss', 'tttt', 'sssss', 'ttttt', 'ttttttt', 'ssssssss', 'tttttttt', 'GG']
['ffffff', 'w', 'wwww', 'wwwww', 'xxxxx', 'wwwwww', 'xxxxxxxx', 'zz', 'zzzz', 'zzzzzz', 'zzzzzzz', 'I', 'II', 'III', 'JJJ', 'IIII', 'JJJJ', 'IIIII', 'JJJJJ', 'IIIIIII']
['bbbbb', 'aaaaaaa', 'g', 'ggg', 'ggggg', 'hhhhh', 'hhhhhhhh', 'TTTTTTT', 'U', 'Y', 'ZZ', 'YYYYYYY', 'YYYYYYYY', '1111111', '2222222']
['sssssss', 'EEEEE', 'FFFFF', 'FFFFFF', 'FFFFFFF', 'N', 'MM', 'MMMM', 'NNNN', 'NNNNN', 'NNNNNN', 'MMMMMMM', 'P', 'OOO', 'PPP', 'OOOOOOO', 'PPPPPPP', 'PPPPPPPP']
['o', 'oo', 'pp', 'ooo', 'ppp', 'oooo', 'pppp', 'ooooo', 'ppppp', 'oooooo', 'pppppp', 'ppppppp', 'oooooooo', 'qqqq', 'rrrr', 'qqqqq', 'qqqqqq', 'rrrrrr', 'IIIIII']
['bb', 'aaa', 'bbbbbbbb', 'e', 'f', 'ee', 'ff', 'fff', 'ffff', 'eeeee', 'eeeeeee', 'fffffff', 'eeeeeeee', 'ffffffff', 'kkkkk', 'CCCC', 'CCCCCCC', '888']
['jjjjjjj', 'BB', 'BBBBB', 'DD', 'CCC', 'CCCCC', 'DDDDD', 'CCCCCCCC', 'DDDDDDDD', 'MMM', 'NNN', '44', '33333333']
['ccc', 'mmm', 'nnn', 'mmmmm', 'mmmmmm', 'nnnnnnn', 'DDD', 'CCCCCC', 'DDDDDD', 'QQQQQ']
['hhh', 'jjjjjjjj', 'k', 'l', 'kk', 'll', 'kkk', 'lll', 'kkkk', 'llll', 'lllll', 'kkkkkk', 'llllll', 'llllllll', 'p', 'r', 'y', 'z', 'yy', 'yyy', 'zzz', 'yyyy', 'zzzzz', 'yyyyyy', 'yyyyyyy', 'yyyyyyyy', 'LL', 'LLL', '3333333', '888888']
['uuuuuuu', 'E', 'F', 'EE', 'FF', 'EEE', 'FFF', 'EEEE', 'FFFF', 'EEEEEE', 'EEEEEEE', 'FFFFFFFF', 'WWW', '2', '11', '111', '2222', '111111', '11111111', '22222222']
['iii', 'q', 'qqqqqqq', '1111']
['m', 'ssssss', 'tttttt', 'QQQQQQ', 'RRRRRRR', 'QQQQQQQQ', 'S', 'TT', 'TTT', 'SSSS', 'SSSSS', 'SSSSSSS', 'SSSSSSSS', 'TTTTTTTT', 'YY', 'ZZZZZ', '11111', '8', '88', '777', '8888', '88888', '7777777']
['X', 'WW', 'WWWWW', 'XXXXXX', '3', '33', '333', '444', '3333', '33333', '44444', '333333', '444444', '44444444']
['i', 'jj', 'MMMMM']
['h', 'gg', 'hh', 'gggggg', 'ggggggg', 'hhhhhhh', 'gggggggg', 'G', 'H', 'HH', 'GGG', 'HHH', 'GGGG', 'HHHH', 'GGGGG', 'HHHHH', 'GGGGGG', 'HHHHHH', 'GGGGGGG', 'HHHHHHH', 'GGGGGGGG', 'VVVVVVV', '4', '4444444']
['eee', 'eeee', 'eeeeee', 'kkkkkkkk', 'DDDDDDD', '8888888']
