['Vertex61', 'Vertex63', 'Vertex112', 'Vertex131', 'Vertex136', 'Vertex158', 'Vertex176', 'Vertex184', 'Vertex224', 'Vertex227', 'Vertex282', 'Vertex318', 'Vertex354', 'Vertex380', 'Vertex381', 'Vertex395', 'Vertex396', 'Vertex406', 'Vertex414', 'Vertex417']
['Vertex97']
['Vertex44', 'Vertex67', 'Vertex79', 'Vertex96', 'Vertex130', 'Vertex147', 'Vertex199', 'Vertex248', 'Vertex279', 'Vertex320', 'Vertex336', 'Vertex339', 'Vertex341', 'Vertex370', 'Vertex397', 'Vertex412', 'Vertex424', 'Vertex428', 'Vertex434']
['Vertex83', 'Vertex107', 'Vertex120', 'Vertex159', 'Vertex161', 'Vertex168', 'Vertex202', 'Vertex212', 'Vertex226', 'Vertex252', 'Vertex276', 'Vertex299', 'Vertex300', 'Vertex317', 'Vertex337', 'Vertex345', 'Vertex350', 'Vertex379', 'Vertex392', 'Vertex431']
['Vertex387']
['Vertex211']
['Vertex76', 'Vertex194']
['Vertex40', 'Vertex56', 'Vertex86', 'Vertex88', 'Vertex163', 'Vertex169', 'Vertex183', 'Vertex187', 'Vertex247', 'Vertex256', 'Vertex266', 'Vertex274', 'Vertex285', 'Vertex289', 'Vertex294', 'Vertex295', 'Vertex338', 'Vertex346', 'Vertex401', 'Vertex433']
['Vertex41', 'Vertex62', 'Vertex71', 'Vertex134', 'Vertex148', 'Vertex153', 'Vertex203', 'Vertex298', 'Vertex329', 'Vertex364', 'Vertex378']
['Vertex42', 'Vertex139', 'Vertex151', 'Vertex178', 'Vertex280', 'Vertex303', 'Vertex325', 'Vertex347', 'Vertex362']
['Vertex111', 'Vertex177', 'Vertex195', 'Vertex302', 'Vertex437']
['Vertex51', 'Vertex59', 'Vertex78', 'Vertex103', 'Vertex137', 'Vertex144', 'Vertex145', 'Vertex152', 'Vertex167', 'Vertex179', 'Vertex219', 'Vertex222', 'Vertex229', 'Vertex254', 'Vertex286', 'Vertex291', 'Vertex384', 'Vertex407', 'Vertex408', 'Vertex415']
['Vertex52', 'Vertex53', 'Vertex81', 'Vertex99', 'Vertex129', 'Vertex171', 'Vertex193', 'Vertex201', 'Vertex204', 'Vertex234', 'Vertex237', 'Vertex246', 'Vertex284', 'Vertex307', 'Vertex360', 'Vertex382', 'Vertex383']
['Vertex128']
['Vertex155']
['Vertex108', 'Vertex416']
['Vertex213', 'Vertex232', 'Vertex352']
['Vertex47', 'Vertex48', 'Vertex72', 'Vertex100', 'Vertex114', 'Vertex115', 'Vertex126', 'Vertex181', 'Vertex208', 'Vertex221', 'Vertex251', 'Vertex257', 'Vertex263', 'Vertex278', 'Vertex316', 'Vertex321', 'Vertex330', 'Vertex334', 'Vertex372', 'Vertex376']
['Vertex55', 'Vertex82']
['Vertex322']
['Vertex60', 'Vertex104', 'Vertex105', 'Vertex180', 'Vertex196', 'Vertex207', 'Vertex231', 'Vertex233', 'Vertex243', 'Vertex244', 'Vertex260', 'Vertex312', 'Vertex315', 'Vertex335', 'Vertex357', 'Vertex361', 'Vertex423', 'Vertex426', 'Vertex432', 'Vertex439']
['Vertex68', 'Vertex70', 'Vertex75', 'Vertex84', 'Vertex98', 'Vertex102', 'Vertex121', 'Vertex162', 'Vertex175', 'Vertex191', 'Vertex209', 'Vertex261', 'Vertex270', 'Vertex277', 'Vertex305', 'Vertex351', 'Vertex375', 'Vertex394', 'Vertex403', 'Vertex436']
['Vertex367']
['Vertex50', 'Vertex57', 'Vertex58', 'Vertex77', 'Vertex90', 'Vertex122', 'Vertex133', 'Vertex188', 'Vertex198', 'Vertex205', 'Vertex214', 'Vertex216', 'Vertex223', 'Vertex359', 'Vertex373', 'Vertex374', 'Vertex421', 'Vertex427']
['Vertex340']
['Vertex109']
['Vertex46', 'Vertex89', 'Vertex146', 'Vertex174', 'Vertex186', 'Vertex235', 'Vertex241', 'Vertex250', 'Vertex258', 'Vertex271', 'Vertex275', 'Vertex297', 'Vertex301', 'Vertex309', 'Vertex324', 'Vertex332', 'Vertex366', 'Vertex413', 'Vertex429', 'Vertex430']
['Vertex363']
['Vertex92']
['Vertex140']
['Vertex69', 'Vertex73', 'Vertex91', 'Vertex101', 'Vertex149', 'Vertex190', 'Vertex192', 'Vertex236', 'Vertex245', 'Vertex265', 'Vertex293', 'Vertex342', 'Vertex348', 'Vertex349', 'Vertex355', 'Vertex438']
['Vertex49', 'Vertex66', 'Vertex93', 'Vertex94', 'Vertex117', 'Vertex119', 'Vertex123', 'Vertex160', 'Vertex173', 'Vertex200', 'Vertex218', 'Vertex242', 'Vertex253', 'Vertex255', 'Vertex333', 'Vertex390', 'Vertex398', 'Vertex418', 'Vertex420', 'Vertex422']
['Vertex64', 'Vertex85', 'Vertex116', 'Vertex125', 'Vertex143', 'Vertex166', 'Vertex172', 'Vertex206', 'Vertex210', 'Vertex249', 'Vertex283', 'Vertex288', 'Vertex292', 'Vertex323', 'Vertex331', 'Vertex369', 'Vertex371', 'Vertex389', 'Vertex393', 'Vertex411']
['Vertex154', 'Vertex238']
['Vertex217']
['Vertex54', 'Vertex80', 'Vertex87', 'Vertex95', 'Vertex113', 'Vertex118', 'Vertex124', 'Vertex165', 'Vertex182', 'Vertex239', 'Vertex287', 'Vertex306', 'Vertex313', 'Vertex356', 'Vertex358', 'Vertex365', 'Vertex391', 'Vertex399', 'Vertex419', 'Vertex425']
['Vertex410']
['Vertex45', 'Vertex170', 'Vertex189', 'Vertex220', 'Vertex225', 'Vertex228', 'Vertex262', 'Vertex267', 'Vertex290', 'Vertex296', 'Vertex328', 'Vertex344', 'Vertex353', 'Vertex368', 'Vertex385', 'Vertex386', 'Vertex388', 'Vertex402', 'Vertex405', 'Vertex409']
['Vertex43', 'Vertex65', 'Vertex127', 'Vertex132', 'Vertex138', 'Vertex141', 'Vertex150', 'Vertex185', 'Vertex215', 'Vertex230', 'Vertex264', 'Vertex272', 'Vertex281', 'Vertex304', 'Vertex308', 'Vertex310', 'Vertex311', 'Vertex314', 'Vertex377', 'Vertex400']
['Vertex74', 'Vertex106', 'Vertex110', 'Vertex135', 'Vertex142', 'Vertex156', 'Vertex157', 'Vertex164', 'Vertex197', 'Vertex240', 'Vertex259', 'Vertex268', 'Vertex269', 'Vertex273', 'Vertex319', 'Vertex326', 'Vertex327', 'Vertex343', 'Vertex404', 'Vertex435']
