['Oliver', 'Joseph', 'Connor', 'Xavier', 'Damian', 'Bryce', 'Preston', 'Nicolas', 'Zander', 'Cash']
['Sebastian', 'Christian', 'Nicholas', 'Carlos', 'Alex', 'Jonah', 'Victor', 'Mark', 'Thiago', 'Tanner']
['Julian', 'Nathan', 'Jose', 'Emmett', 'Luca', 'Josue', 'Killian', 'Riley', 'Louis']
['Luke', 'Landon', 'Xander', 'Martin']
['Mateo', 'Eli', 'Elias', 'Matteo', 'Paxton', 'Brian', 'Legend', 'Gunner', 'Cody', 'Finley']
['Daniel', 'Anthony', 'Jeremiah', 'Edward', 'Maximus', 'Lukas', 'Felix', 'Tobias', 'Iker', 'Nash']
['Wyatt', 'John', 'Dylan', 'Levi', 'Isaiah', 'Theodore', 'Dominic', 'Bentley', 'Ryder', 'Camden']
['Noah', 'Alexander', 'Jordan', 'Cole', 'Maxwell', 'Jude', 'Waylon', 'Caden', 'Javier', 'Cayden']
['Grayson', 'Adrian', 'Micah', 'Kingston', 'Emmanuel', 'Grant', 'Graham', 'Kaleb', 'Jasper', 'Kyrie']
['Jaxon', 'Evan', 'Maverick', 'Parker', 'Santiago', 'Bennett', 'Abraham', 'Barrett', 'Phoenix', 'Rylan']
['Lucas', 'Thomas', 'George', 'Calvin', 'Antonio', 'Tucker', 'Rhett', 'August', 'Milo', 'Karson']
['am', 'Jacob', 'Nolan', 'Axel', 'Giovanni', 'Eric', 'Zane', 'Francisco', 'Rafael', 'Theo']
['Elijah', 'Lincoln', 'Hunter', 'Easton', 'Leonardo', 'Nathaniel', 'Richard', 'Alejandro', 'Bradley', 'Chance']
['Ethan', 'Jack', 'Jace', 'Marcus', 'Kyle', 'Dallas', 'Andre', 'Kameron', 'Reid', 'Eduardo']
['William', 'Josiah', 'Greyson', 'Blake', 'Colin', 'Griffin', 'Remington', 'Damien', 'Amari']
['Jackson', 'Asher', 'Tristan', 'Juan', 'Timothy', 'Karter', 'Bryan', 'Matias', 'Derek', 'Manuel']
['Jayden', 'Owen', 'Kevin', 'Justin', 'Miguel', 'Dean', 'Lorenzo', 'Paul', 'Jaden', 'Sean']
['Ryan', 'Ezra', 'Miles', 'Luis', 'Ryker', 'Malachi', 'Brooks', 'Judah', 'Emiliano', 'Leon']
['Logan', 'Cameron', 'Roman', 'Chase', 'Vincent', 'Braxton', 'Gael', 'Jeremy', 'Messiah', 'Ace']
['Charles', 'Angel', 'Brayden', 'Sawyer', 'Brandon', 'Kaden', 'Aidan', 'Jorge', 'Holden', 'Walter']
['James', 'Henry', 'Joshua', 'Caleb', 'Jonathan', 'Kayden', 'Jameson', 'Maddox', 'Dawson', 'Kenneth']
['Austin', 'Ian', 'Ashton', 'Alan', 'Patrick', 'Zion', 'Peter', 'Jake', 'Archer', 'Corbin']
['Mason', 'Carter', 'Andrew', 'Ezekiel', 'Silas', 'Max', 'Brody', 'Beau', 'Brady', 'Colt']
['Isaac', 'Colton', 'Cooper', 'Jason', 'Declan', 'Hayden', 'Avery', 'Myles', 'Stephen', 'Emerson']
['Michael', 'Carson', 'Everett', 'Weston', 'Kaiden', 'Jesus', 'Jesse', 'Oscar', 'River', 'Simon']
['Samuel', 'Tyler', 'Harrison', 'Diego', 'Rowan', 'Steven', 'Andres', 'Beckett', 'Knox', 'Enzo']
['Aiden', 'Gavin', 'Ivan', 'King', 'Elliott', 'Zayden', 'Jax', 'Clayton', 'Adriel', 'Beckham']
['Christopher', 'Aaron', 'Leo', 'Robert', 'Jaxson', 'Wesley', 'Jayce', 'Charlie', 'Omar']
['Benjamin', 'Matthew', 'David', 'Hudson', 'Adam', 'Ayden', 'Abel', 'Amir', 'Elliot', 'Arthur']
['Gabriel', 'Bryson', 'Zachary', 'Kai', 'Finn', 'Brantley', 'Joel', 'Israel', 'Erick', 'Emilio']
