['171']
['284']
['306']
['94']
['14', '100']
['23']
['181']
['68', '248']
['327']
['62', '263']
['344']
['164']
['55']
['127', '203', '285']
['312']
['221']
['54']
['83', '358']
['279']
['314']
['22']
['138']
['290']
['225']
['157']
['80']
['260']
['88']
['204']
['184']
['334']
['359']
['98', '320', '347']
['5']
['235']
['45']
['81', '86']
['214']
['165']
['117']
['26']
['139', '354']
['350']
['43']
['79', '280', '298']
['78', '206']
['336']
['32', '64', '95']
['134']
['69']
['76', '106']
['168', '329']
['313']
['259', '325']
['61']
['6']
['101']
['97']
['186']
['246']
['205']
['257']
['286']
['44', '59']
['155']
['215']
['270']
['2', '160', '241']
['24', '191', '321']
['0']
['147']
['276']
['46', '176', '301']
['227']
['267']
['331']
['232']
['322', '361']
['339']
['210']
['130']
['198']
['311']
['250']
['362']
['74', '144', '199']
['319']
['34']
['128']
['65']
['262']
['163']
['304']
['47']
['217']
['242']
['28', '348']
['31']
['102']
['208']
['92']
['256']
['119']
['195']
['258']
['41', '261']
['175']
['302']
['277']
['159', '303']
['15']
['37']
['271']
['185']
['355']
['85', '129', '140', '251', '288']
['19']
['244']
['269']
['11']
['137']
['360']
['36', '132']
['122']
['200', '237']
['70']
['136']
['218']
['126']
['149']
['340']
['77', '154', '170']
['178', '307']
['211', '282']
['67']
['105']
['89']
['223']
['272']
['229']
['337']
['278']
['75']
['179']
['3']
['345']
['27', '91', '162']
['316']
['35', '145']
['38']
['332']
['125']
['60']
['328']
['25', '156', '166', '247']
['326']
['234']
['49', '123']
['300']
['219']
['309']
['152']
['110', '353']
['111']
['231']
['7']
['335']
['9', '143']
['352']
['230']
['317']
['187']
['114']
['16', '265']
['21']
['131']
['107', '238']
['121', '158']
['266']
['50']
['4']
['90']
['151']
['48']
['30']
['287']
['1']
['330', '343']
['52']
['324']
['115', '150']
['18']
['173']
['289']
['349']
['346']
['84']
['305']
['297']
['12']
['135']
['39']
['194']
['245']
['66']
['273']
['113']
['292']
['236']
['342']
['82']
['224']
['63']
['73']
['253']
['120']
['202']
['153']
['283']
['180']
['42', '142']
['351']
['109', '196']
['183']
['357']
['51']
['209']
['99', '291']
['296']
['212']
['141']
['197']
['10']
['58', '275']
['201', '239', '308']
['356']
['172', '323']
['40']
['29']
['53']
['112']
['148']
['233']
['20']
['118']
['188', '274']
['310']
['56', '71', '72', '228', '295']
['268', '341']
['192', '294']
['207']
['103']
['57']
['318']
['177', '338']
['174', '222']
['333']
['124', '189']
['108']
['190']
['254']
['33']
['17', '167']
['93']
['243']
['264']
['8']
['216']
['193']
['182']
['293']
['213']
['240']
['133']
['104']
['220']
['13']
['116']
['252', '299']
['161']
['315']
['226', '255', '281']
['169']
['249']
['87']
['96', '146']
