['Jamonte', 'Kenniyah', 'Rey', 'Feven', 'Nakari']
['Jaaziah', 'Aarohi', 'Mikyla', 'Lauralynn', 'Jatziry', 'Sydelle', 'Devaun', 'Marik', 'Kaira', 'Bailynn', 'Shannel', 'Shy', 'Marcellino', 'Jax', 'Helaman']
['Sincere', 'Tayseer', 'Liann', 'Rielly', 'Colie', 'Deliany', 'Zayquan', 'Kenzo', 'Kaymi', 'Nitzia', 'Kenzlie', 'Endi']
['Jayme', 'Emree', 'Chyna', 'Navia', 'Isaak', 'Vedika', 'Thaddius', 'Kaleo', 'Gor', 'Ramses', 'Prakruti', 'Dhalia', 'Aayana', 'Antonin', 'Tralaya', 'Mailen']
['Nishta', 'Tafari', 'Quintavious', 'Tayyab', 'Kenzington', 'Siena', 'Handsome', 'Alaija', 'Reynaldo', 'Renyah', 'Matt']
['Kamora', 'Emmely', 'Tobechi', 'Quintasia']
['Dereck', 'Mykaylah', 'Jophy', 'Jovey', 'Jakelin', 'Eeliyah', 'Britnee', 'Hashem', 'Marrius', 'Janine', 'Deidre', 'Kariana', 'Khila', 'Azavier']
['Elisah', 'Caliegh', 'Bailei', 'Doyle', 'Yarisbel', 'Yavian', 'Adaisha', 'Shiala', 'Timia', 'Merary', 'Jersi', 'Hugo', 'Jalilah', 'Noami', 'Nohely', 'Natsumi', 'Shalonda', 'Cicily', 'Trystian']
['Chanze', 'Aleiyah', 'Vivica', 'Ailene']
['Jasiya', 'Bright', 'Shamaiya', 'Rayne']
['Kaeley', 'Meryl', 'Halo', 'Olive', 'Anela', 'Zaahir', 'Sanae', 'Jebediah', 'Shanell', 'Nayara', 'Artyom', 'Andriy', 'Jaleesa', 'Donnovan', 'Daxen', 'Salif', 'Jaquis', 'Amr', 'Deedra', 'Coulson', 'Ayahna', 'Vinnie', 'Blaine', 'Tajuan', 'Kinzie', 'Jameisha', 'Fe', 'Trenise', 'Mikea', 'Shamiyah']
['Marcellius', 'Veena', 'Gertrude', 'Sayd', 'Stafford', 'Thien', 'Adeleine', 'Keili', 'Anwesha', 'Lealand', 'Hayven', 'Armita']
['Michai', 'Fabrizzio', 'Yarithza', 'Satomi', 'Rock', 'Kameryn']
['Amor']
['Abdulrehman', 'Jeremias', 'Abdoulaziz', 'Jacob']
['Jandre', 'Sihaam', 'Sashya', 'Aman', 'Casandra', 'Delisha', 'Dominika', 'Apollonia', 'Estephanie', 'Dashun', 'Delara', 'Gwendolynn']
['Coraline', 'Mezmariah', 'Elway', 'Jerel', 'Ahnaya', 'Jaquan', 'Raeleigh', 'Zamyah', 'Ishmel', 'Kirrah', 'Anouk', 'Anastacio', 'Dajana', 'Casondra', 'Oviya', 'Cisco']
['Cliff', 'Ori', 'Kitty', 'Jasahn', 'Lamariah', 'Kayliann', 'Fidel', 'Salmaan', 'Gyzelle', 'Keyvin', 'Raphael', 'Kellon', 'Iris', 'Sameeha', 'Serra', 'Raymir', 'Larry', 'Griffon', 'Mircale', 'Shamyia']
['Takia', 'Dainen', 'Aizik', 'Dorcas', 'Gunther', 'Makyra', 'Marck', 'Ally']
['Seiry', 'Mumin', 'Aley', 'Dusan', 'Farah', 'Merlina', 'Khalee', 'Juliano', 'Jaimarie', 'Antrone', 'Kirubel', 'Charlett', 'Lilyonna', 'Kemily']
['Kobe', 'Giankarlo', 'Jabes', 'Azzareya', 'Emilie', 'Ryleeann', 'Abriyana', 'Kaushik', 'Nalaya']
['Alayasia', 'Carsten', 'Marialy', 'Ellarie', 'Samauri', 'Zolin', 'Khloee', 'Jesus', 'Rohil', 'Hannelore', 'Litsy', 'Shanaiya', 'Eliziah', 'Tam', 'Monserath', 'Anagha', 'Liat', 'Spartan', 'Byron', 'Marwan', 'Tyannah', 'Sheniyah', 'Sharlene', 'Kimball', 'Jerriah', 'Aryeh', 'Sinia']
['Avielle']
['Zoiee', 'Alison']
['Adanna', 'Evia', 'Basha', 'Shardae', 'Nakeya', 'Giannie', 'Montana', 'Kvaughn', 'Mariaelena']
['Asha', 'Dessie', 'Shakila', 'Shahid', 'Jaeline', 'Dairon', 'Carine', 'Adysen', 'Yonason', 'Evangelyne', 'Jamaad', 'Shelbee', 'Sevastian', 'Jazir', 'Alieyah']
['Khamil', 'Camill', 'Braeley', 'Quentyn', 'Yajahira', 'Jos', 'Jomary', 'Srinath']
['Mylie', 'Rosalio', 'Johnavan', 'Larrissa', 'Atika', 'Adriene', 'Lilienne', 'Tobias', 'Jamaine', 'Lizmari', 'Taye', 'Zahriyah', 'Jarrell', 'Lynia', 'Derionna', 'Dell', 'Natasia', 'Lukis', 'Zackrey', 'Laticia', 'Jamear', 'Denize', 'Hakop', 'Mikelle', 'Trinitey', 'Jalyiah', 'Jemiah', 'Aysenur', 'Coi', 'Abhinav']
['Ricky', 'Tahir', 'Markise', 'Brenya', 'Keyin', 'Jema', 'Dea', 'Anadalay', 'Ebany']
['Ettel', 'Tasi', 'Suri']
['Guadalupe', 'Aibhilin', 'Kyo', 'Antwane', 'Cynae', 'Cyris']
['Charlize', 'Sagan', 'Avigail', 'Nancy', 'Tashvi', 'Dragon', 'Sevren', 'Gracia', 'Leilah', 'Kairy', 'Davidjr', 'Amonti', 'Keni', 'Yaire', 'Jezzelle', 'Kensleigh', 'Nethra', 'Treyonna', 'Chidi', 'Jeru', 'Danyca', 'Mykenna', 'Nidhi', 'Farha', 'Citlally', 'Detravion', 'Abdulraheem', 'Kay']
['Aylana', 'Dhyan', 'Jahlen', 'Tralyn', 'Dyami', 'Fox', 'Emmanuela', 'Michaell', 'Jaleena', 'Analiah']
['Abaan', 'Haya', 'Taegan', 'Keemya', 'Mckaylin', 'Treyson', 'Vanesa', 'Lakiyah', 'Soniah', 'Hallei', 'Aanyah', 'Ron']
['Brydan', 'Carena', 'Saheim', 'Leib', 'Ingrid', 'Azeriah', 'Deriyon', 'Alainna', 'Katarina', 'Hesham', 'Selena']
['Zykerria', 'Jarem', 'Adaley', 'Demetreus', 'Lazaria', 'Bristol', 'Lada', 'Jahred', 'Crystina', 'Eleah', 'Katalina', 'Merissa', 'Jdan', 'Joed', 'Amritha', 'Leighann', 'Kaeleen', 'Maude', 'Venezia', 'Malaja']
['Masud', 'Gauge']
['Kalum', 'Cylah', 'Ilyn', 'Ganon', 'Zuzanna', 'Niemah', 'Donnelle', 'Serenety', 'Loni', 'Soriya', 'Xaviel', 'Julia', 'Keion', 'Osmin', 'Nakaya', 'Noha']
['Seleen', 'Daxx', 'Thadius', 'Alyiana', 'Brinleigh', 'Sabastion', 'Inaki', 'Guy', 'Orren', 'Leni', 'Cordai']
['Kyston', 'Kaymarie']
['Taigen', 'Mylani', 'Zyeir', 'Jesalyn', 'Elysha']
['Terriona', 'Desteni', 'Milene', 'Oluwatobi', 'Marnae', 'Zinia', 'Jirah', 'Tacori', 'Asa']
['Eddieberto', 'Alyze', 'Tanyla', 'Jamiyla', 'Bow', 'Benito', 'Kapena', 'Janesha', 'Jekeria', 'Arsalan', 'Akasha']
['Mylez']
['Ancel', 'Stefanny', 'Marifer', 'Ameerah']
['Rexford', 'Margie', 'Mikaelah', 'Harlem']
['Artie', 'Sussy', 'Yu', 'Vyncent', 'Miley', 'Lailani', 'Jaydah', 'Jailon']
