['172']
['276']
['340']
['11', '35', '46', '49', '51', '58', '69', '84', '90', '115', '120', '128', '135', '137', '146', '195', '201', '202', '203', '205', '206', '214', '247', '267', '269', '275', '299', '311', '315', '330', '343', '361', '363', '394']
['4', '5', '8', '21', '32', '56', '57', '65', '68', '73', '99', '105', '108', '109', '117', '138', '152', '161', '190', '197', '198', '237', '254', '256', '286', '293', '302', '310', '318', '338', '355', '356', '370', '390']
['259']
['118']
['19', '23', '34', '47', '83', '93', '110', '168', '171', '174', '178', '179', '187', '204', '213', '216', '219', '244', '257', '264', '271', '274', '279', '282', '306', '316', '323', '327', '331', '334', '335', '350', '392', '395']
['391']
['7', '16', '27', '37', '43', '45', '76', '81', '89', '114', '127', '145', '147', '163', '182', '184', '185', '222', '234', '242', '265', '268', '273', '294', '329', '332', '339', '349', '353', '358', '362', '369', '372', '375']
['292']
['2', '31', '50', '60', '78', '79', '88', '121', '142', '144', '156', '159', '173', '177', '181', '217', '230', '232', '238', '248', '252', '261', '270', '280', '283', '295', '296', '300', '319', '336', '337', '371', '387', '389']
['75', '92', '97', '165', '226', '231', '246', '303']
['357']
['199']
['12']
['62']
['366']
['82', '113', '130', '150', '291', '312']
['158', '287', '304', '328']
['48']
['1', '24', '25', '26', '55', '63', '64', '80', '103', '122', '139', '151', '162', '167', '175', '200', '210', '220', '224', '245', '253', '301', '307', '308', '309', '314', '317', '324', '333', '367', '381', '386', '393', '396']
['10', '29', '41', '59', '61', '66', '86', '100', '101', '104', '107', '124', '136', '141', '149', '154', '192', '227', '266', '277', '352', '377', '379']
['360']
['13', '14', '36', '42', '53', '74', '94', '102', '111', '116', '119', '125', '148', '155', '164', '169', '176', '186', '196', '209', '215', '229', '260', '263', '272', '281', '290', '326', '341', '344', '346', '359', '382', '385']
['20', '22', '33', '38', '67', '87', '95', '96', '126', '129', '133', '160', '166', '194', '221', '225', '228', '236', '241', '249', '250', '251', '262', '284', '288', '305', '313', '321', '322', '345', '368', '376', '378', '380']
['18', '98']
['297']
['17', '28', '39', '52', '54', '70', '77', '91', '112', '134', '140', '143', '180', '207', '208', '211', '212', '218', '223', '233', '235', '239', '240', '255', '258', '285', '289', '298', '325', '342', '348', '364', '373', '388']
['0', '3', '6', '9', '15', '30', '40', '44', '71', '72', '85', '106', '123', '131', '132', '153', '157', '170', '183', '188', '189', '191', '193', '243', '278', '320', '347', '351', '354', '365', '374', '383', '384', '397']
