['21', '23', '26', '65', '66', '78', '144', '148', '156', '220', '233', '249', '251', '301', '312', '313', '366', '372', '377', '381', '411', '412', '414', '417', '421', '427', '430', '432', '453', '455']
['9', '96', '117', '122']
['3', '6', '7', '58', '203', '210', '216', '219', '268', '341', '368', '374', '378']
['27', '31', '33', '81', '169', '224', '225', '231', '239', '241', '408']
['19', '183', '209', '221', '252', '346', '438', '454', '459']
['54', '57', '61', '64', '153', '303', '306', '307', '315']
['35', '49', '84', '87', '146', '176', '226', '230', '240', '318', '343', '349', '350', '351', '356', '358', '360', '393', '413', '418', '422', '424', '446']
['34', '39', '69', '80', '86', '88', '92', '93', '94', '159', '171', '174', '275', '280', '283', '288', '289', '292', '295', '297', '342', '344', '348', '353', '415', '416', '433', '434', '491']
['59', '129', '135', '162', '167', '177', '310', '347', '352', '354', '355', '357', '401', '487', '490', '492']
['43', '100', '107', '121', '207', '208', '211', '212', '217', '222', '253', '272', '293', '298', '321', '322', '324', '325', '326', '336', '340', '345']
['13', '22', '72', '82', '90', '103', '164', '165', '175', '273', '276', '309', '316', '317', '364', '376', '383', '439', '445', '447', '449', '456', '460', '464']
['8', '11', '12', '25', '95', '97', '98', '99', '101', '102', '104', '109', '127', '130', '131', '139', '145', '157', '166', '168', '172', '196', '420', '425', '428', '435', '437', '475', '479', '488']
['10', '40', '45', '51', '56', '70', '75', '76', '85', '190', '191', '192', '194', '195', '197', '199', '206', '229', '232', '256', '262', '270', '335', '452', '484', '494']
['62', '63', '83', '189', '277', '282', '387', '390', '391', '392', '394', '398', '409', '450']
['29', '141', '142', '143', '147', '150', '151', '154', '155', '202', '279', '407', '444', '465', '466', '467', '468', '469', '474', '476', '480', '482', '485', '486']
['105', '108', '132', '158', '228', '234', '242', '269', '285', '296', '299', '323', '327', '328', '331', '339', '375']
['4', '263', '359', '361', '363', '365', '367', '370', '379', '380']
['91', '396', '397', '399', '403', '429', '431', '436', '451']
['16', '20', '24', '30', '36', '37', '55', '71', '149', '152', '201', '205', '215', '236', '237', '238', '265', '271', '287', '457']
['0', '1', '14', '126', '136', '138', '244', '245', '247', '250', '255', '257', '258', '259', '260', '305', '311', '337', '442', '461', '462', '463']
['15', '17', '32', '38', '41', '44', '47', '48', '67', '74', '89', '114', '137', '140', '160', '163', '170', '198', '213', '264', '266', '267', '274', '278', '320', '330', '382', '448', '478', '489']
['106', '110', '112', '113', '115', '116', '118', '119', '294', '362']
['2', '42', '73', '281', '286', '302', '304', '314', '319', '334', '402', '470', '471', '473', '477']
['28', '50', '60', '284', '291', '308', '388', '395', '405', '410']
['68', '77', '214', '218', '223', '248', '254', '290']
['161', '187', '188', '373', '426']
['18', '173', '179', '180', '181', '184', '185', '186', '386', '389', '400', '404', '406', '458']
['5', '52', '53', '79', '111', '123', '124', '125', '128', '133', '134', '178', '182', '193', '200', '227', '235', '300', '419', '423', '440', '441', '443']
['46', '120', '204', '243', '246', '261', '329', '332', '333', '338', '369', '371', '384', '385', '472', '481', '483', '493', '495']
