['Heather']
['Kaitlyn', 'Jesse', 'Walter', 'Jacob', 'Cecilia']
['Danielle']
['Constance']
['Vella']
['Alfred']
['Sofia']
['Gerald']
['Betty']
['Kathryn']
['Norman']
['Lucy']
['Sarita']
['Paul']
['Therese']
['Berta']
['Martin', 'Mae', 'Kristine', 'Brenda', 'Daniel', 'Jane', 'Dawna']
['Martha', 'Richard', 'Irving', 'Troy', 'Kirk', 'Ann', 'Miguel', 'Edwin', 'Edward', 'Bessie', 'Marlene', 'Booker', 'Beverly', 'Pete', 'Lorraine', 'Donna', 'Lynne', 'Ronda', 'Jessica', 'Jeffrey', 'Christopher', 'Carl', 'Robin', 'Ollie', 'Selina', 'Emily', 'Rosa', 'Terry', 'Fredda', 'Kisha', 'Janet', 'Peter', 'Derek', 'Quintin', 'Patrick', 'Marcella', 'Joanne', 'Steve', 'Phyllis', 'Jayme', 'Domingo', 'Myriam', 'Theodore', 'Winnifred', 'Natalie', 'Lana', 'Frederick', 'Lilian', 'Jacque', 'Harvey', 'Keri', 'Alexander', 'Glennie', 'Lori', 'Kerrie', 'Ward']
['Irene']
['Steven', 'Marian', 'Thelma', 'Arturo', 'Lawrence']
['Anna']
['Margarito']
['Audrey']
['Victor']
['Mary', 'Sherri']
['Stephany']
['Diana']
['Jeremy']
['Lloyd', 'Ouida', 'Lonnie']
['Douglas', 'Rosie', 'Fernando', 'Joe', 'Marie', 'George', 'Glen', 'Joann', 'Marion', 'Sylvester', 'Geraldine', 'Wanda', 'Raymond', 'Deborah', 'Eugenia', 'Gertrude', 'Louis', 'Stacie', 'Marco', 'Ashley', 'Willis', 'Raphael', 'Sally', 'Clarissa']
['Melissa']
['Roy', 'Charles', 'Karren', 'Nola', 'William', 'Mike', 'Stanley', 'Catherine', 'Warren', 'Cindy', 'Eric', 'Tracy', 'Deanna', 'Travis', 'Annalee', 'Philip', 'Darrell', 'Amy', 'Francisco', 'Tommy', 'Herbert', 'Veronica', 'Stephen', 'Peggy', 'Angelica', 'Eva', 'Alice', 'Esther', 'Marcelino', 'Raeann', 'Michelle', 'Christina', 'Andrea', 'Carmelita', 'Cecile', 'Ingeborg', 'Calvin', 'Erik', 'Laurence', 'Dean', 'Selma']
['Maria']
['Margaret']
['Pamella']
['Ruby']
['Andres']
['Tim', 'Robyn', 'Lane', 'Robert', 'Laurie', 'Melanie', 'Gordon', 'Wayne', 'Tony', 'Linda', 'Raul', 'Ralph', 'Guy', 'Roosevelt', 'Pablo', 'Emery', 'Leigh', 'Wendy', 'Rosalee', 'Ellen', 'Clayton', 'Timothy', 'Miles', 'Lulu', 'Molly']
['Georgette']
['Clyde']
['David']
['Ruth']
['Mildred']
['Debra', 'Dawn', 'Jose', 'Adam', 'April', 'Kevin', 'Paula', 'Reinaldo', 'Nelson', 'Don', 'Kellie', 'Willie', 'Gloria', 'Ivonne', 'Imogene', 'Gerardo', 'Ricky', 'Matthew']
['Corey']
['Lena', 'Alvin', 'Juanita', 'Larry', 'Lucie', 'Burl', 'Caridad']
['Dennis']
['Wilson']
['Thomas', 'Pat', 'Kylie', 'Albert', 'Joni', 'Kathleen', 'Lillian', 'Darlene', 'Jesus', 'Dale', 'Beth', 'Jorge', 'Wilma', 'Ana', 'Bethany', 'Susanna', 'Marquerite', 'Lewis', 'Danny', 'Will']
['Kenneth']
['Belinda']
['Ray']
['Tuan']
['Cory']
['Patricia', 'Rolf', 'Kerri', 'Katherine', 'Gary', 'Bobby', 'Mabel', 'Shannon', 'Mireya', 'Carmen', 'Bertha', 'Derrick', 'Samuel', 'Adele', 'Leona', 'Scot', 'Blair', 'Priscilla', 'Gwen', 'Ellis', 'Elia', 'Suzie', 'Mable', 'Laura', 'Theresa', 'Jonathan', 'Eugene']
['Roberto']
['Bruce']
['Lucille']
['Alex']
['Clarence']
['Kelly', 'Shirley', 'Michael', 'John', 'Tamika', 'Latisha', 'Jason', 'Carole', 'Rosalyn', 'Gilda']
['Jennifer']
['Ryan', 'Ida', 'Christian', 'Jo', 'Loraine', 'Helen', 'Olivia', 'Teresa', 'Antonio', 'Frank', 'Glenna', 'Hedwig', 'Eura', 'Bradley', 'Matt', 'Wesley', 'Anthony', 'Toni', 'Cornelius', 'Carlos', 'Maureen', 'Josephine', 'Craig', 'Dorothy', 'Jeffery', 'Garrett', 'Seth', 'Emmie', 'Kristin']
['Eleanor']
['Ernest']
['Dorothea']
['Evelyn', 'Bonnie', 'James', 'Brandon', 'Barbara', 'Marjorie', 'Morris', 'Sylvia', 'Freda', 'Annette', 'Roberta', 'Stacy', 'Inez', 'Jeff', 'Andre', 'Rebecca', 'Lahoma', 'Lyle', 'Sheryl', 'Norma', 'Leanne']
['Judith']
['Harold']
['Judy']
['Sharon']
['Mario', 'Winifred', 'Connie', 'Elsie', 'Cassandra']
['Marilyn']
['Randolph']
['Pauline']
['Cathy']
['Karen']
['Everett']
['Charlotte']
['Reggie']
['Justin']
['Carol']
['Moses', 'Jean']
['Gladys']
['Stephanie']
['Angela']
['Rafael']
['Cesar']
['Lydia']
['Polly']
['Rachel']
['Gail']
['Phillip']
['Nancy']
['Cassie']
['Juan', 'Nicole', 'Ronald', 'Joseph', 'Mark', 'Tara', 'Alison', 'Alicia', 'Gregory', 'Cheryl', 'Leticia', 'Virginia', 'Susan', 'Morgan', 'Hugh', 'Lisha', 'Donald', 'Brian', 'Elizabeth', 'Lessie', 'Fredrick', 'Andrew', 'Curtis', 'Dana', 'Del', 'Roger', 'Joshua', 'Ernestine', 'Fred', 'Tanya', 'Amos', 'Jeanine', 'Margert', 'Nina', 'Bernard', 'Rhonda', 'Sam', 'Janene', 'Monica', 'Grant', 'Chris', 'Maryann', 'Kim']
['Marlin']
['Pamela']
['Doris']
['Reginald']
['Christine']
['Jodi']
['Krysten']
['Viola']
['Beulah']
['Wallace']
['Jimmy']
['Myron', 'Mack', 'Ursula', 'Reuben', 'Kimberly']
['Rick']
['Michele']
['Crystal']
