['60', '213']
['103', '143', '162', '241', '285', '387', '391']
['153', '291', '333']
['3', '17', '281', '339']
['113', '376']
['49']
['131', '170', '200', '367']
['279']
['176', '295']
['204']
['130', '264']
['328']
['8', '296']
['140']
['11', '109', '240', '244', '274', '355', '359']
['271']
['233', '248']
['80']
['202']
['13', '30', '45', '57', '87', '183', '266', '386']
['14', '16', '111', '114', '116', '122', '288', '348']
['144', '208', '259', '329', '344']
['76']
['372']
['377']
['59', '225', '315']
['160', '331', '382']
['128', '269']
['83', '85', '100', '106', '107', '155', '159', '177', '215', '229', '236', '237', '289', '308', '317', '319', '335']
['25', '69', '238', '393']
['186']
['75', '188', '217', '302']
['394']
['77', '119', '180', '219', '314', '398']
['124']
['81', '84', '90', '93', '115', '127', '175', '184', '245', '298', '303', '309', '334', '336', '343', '362', '379']
['35', '312', '373']
['27', '70', '86', '253', '304', '332', '364']
['146']
['163', '209', '214', '230', '246', '277', '337', '369', '385']
['368']
['148']
['43', '254']
['149']
['12', '292']
['10', '67', '126', '161', '272', '323', '365']
['33', '164', '207']
['39', '71', '145', '172', '189', '389', '397']
['7']
['273']
['94', '118', '154', '201', '227', '280', '305', '349']
['165', '347', '374', '384']
['58', '91', '197']
['2', '20', '46', '68', '169', '174', '212', '223', '257', '284']
['5', '24', '41', '97', '147', '182', '194', '234', '255', '265', '287', '311', '326', '361', '366', '383', '390']
['235']
['32', '54', '73', '89', '166', '250', '338']
['313']
['1', '26', '36', '40', '53', '99', '101', '110', '132', '187', '205', '221', '242', '286', '301', '324', '356', '370']
['42']
['50', '74', '123', '196', '228', '262', '316', '345', '354', '380']
['47', '61', '92', '151', '191', '243', '290', '318', '363', '381', '392']
['6', '28', '56', '95', '96', '108']
['79', '206', '218']
['23', '239', '263', '299', '320', '321', '342']
['21', '216', '278']
['171', '203']
['88']
['152', '158', '231', '258', '267']
['19', '55', '120', '141', '168', '198', '261', '340', '353', '360', '371']
['378']
['306', '346', '357', '399']
['65', '105', '283']
['52']
['51', '102', '138', '190', '325']
['167', '181', '224']
['135', '157']
['396']
['0', '297', '307']
['78', '112', '136', '179', '226', '300', '341']
['38', '129']
['121']
['195']
['193']
['82', '134', '232', '352']
['117']
['37']
['63', '64']
['104', '139', '252', '282', '351']
['62', '72', '173', '178', '293', '322']
['310', '330', '358', '388']
['4', '133', '251']
['9', '31', '137', '192', '211', '247', '260', '294', '327', '395']
['66', '256']
['22', '44', '98', '125', '156', '275']
['142', '150', '270']
['15', '34', '48', '210', '249', '350', '375']
['18', '29', '185', '220', '268', '276']
['199']
['222']
