['42', '43', '44', '45', '46', '47', '48', '53', '55', '57', '107', '439']
['100', '243', '276', '312', '383', '385', '387', '388', '389', '391', '392', '396', '397', '399', '400', '401', '403', '469']
['246', '249', '251', '261', '465', '467', '468', '472', '473', '475', '476', '477', '478', '481', '482', '483', '484', '487', '488', '491']
['142', '144', '150', '160', '265', '266', '267', '269', '270', '273', '274', '275', '277', '281', '282', '291', '411', '415', '418']
['126', '190', '215', '216', '219', '223', '226', '286', '327', '331', '334', '337', '338']
['70', '103', '105', '106', '109', '110', '111', '113', '114', '116', '117', '120', '300', '384']
['59', '67', '245', '248', '250', '252', '253', '254', '255', '256', '257', '259', '260', '402', '406', '407', '408', '414', '416', '420']
['104', '112', '118', '136', '182', '184', '185', '195', '341', '422', '423', '424', '429', '434', '485', '486', '489', '492', '494']
['40', '345', '349', '351', '361', '363', '364', '365', '367', '368', '370', '371']
['20', '22', '23', '25', '26', '27', '30', '32', '37', '38', '135', '137', '139', '140', '405', '409', '410', '412', '413', '419']
['2', '14', '41', '49', '50', '52', '54', '56', '58', '138', '258', '355']
['1', '3', '4', '5', '7', '8', '9', '10', '12', '13', '15', '16', '122', '123', '124', '130', '131', '347', '441']
['80', '447', '449', '450', '451', '452', '453', '455', '456', '459', '460', '462', '464']
['71', '72', '74', '84', '143', '284', '285', '290', '292', '293', '294', '295', '296', '298', '448', '454', '457', '458', '461']
['263', '271', '272', '340', '342', '343', '344', '346', '348', '350', '352', '353', '356', '357', '358', '359', '490']
['60', '61', '63', '64', '65', '69', '168', '172', '174', '209', '210', '211', '213', '214', '218', '220', '221', '224', '225', '227']
['145', '146', '147', '151', '152', '153', '154', '155', '157', '158', '159', '162', '163', '166', '173', '175', '176', '178', '179']
['203', '320', '321', '322', '324', '325', '326', '328', '329', '332', '333', '335', '438', '440', '443', '444', '445', '446']
['108', '115', '119', '167', '222', '373', '378', '379', '380', '382', '421', '425', '426', '427', '428', '431', '432', '435', '436', '437']
['73', '75', '76', '77', '79', '81', '82', '85', '86', '89', '95', '264', '268', '372', '376', '404']
['51', '121', '125', '127', '128', '129', '132', '133', '229', '232', '235', '241', '242', '442']
['21', '24', '39', '164', '212', '217', '228', '278', '374', '375', '381', '386', '390', '393', '394', '395', '398']
['165', '169', '170', '171', '181', '196', '197', '198', '199', '200', '201', '202', '205', '206', '207', '208', '354', '430', '433']
['92', '141', '244', '247', '360', '366', '369', '470', '471', '474', '479', '480']
['0', '11', '83', '180', '183', '188', '189', '192', '193', '194', '204', '262', '336', '377']
['6', '17', '18', '19', '62', '66', '68', '134', '148', '149', '156', '161', '323', '339', '493']
['177', '283', '287', '288', '289', '297', '299', '301', '303', '310', '316', '319', '330', '463', '466', '495']
['87', '302', '304', '305', '306', '307', '308', '309', '311', '313', '314', '315', '317', '318']
['28', '29', '31', '33', '34', '35', '36', '230', '231', '233', '234', '236', '237', '238', '239', '240', '279', '280', '417']
['78', '88', '90', '91', '93', '94', '96', '97', '98', '99', '101', '102', '186', '187', '191', '362']
