['ANO', 'AMB', 'AMM', 'ANZ', 'AMJ', 'ANH', 'AKR', 'ANY', 'AMT', 'AMK', 'ABA', 'AJU', 'AJV', 'AKU', 'AJK', 'ANA', 'AKS', 'ALD', 'AND']
['ACD', 'AQA', 'ACV', 'ACI', 'ADJ', 'ACZ', 'ADE', 'ADF', 'ADG', 'ACS', 'ACJ', 'ACN', 'ADI', 'ADB', 'ACW', 'ACL', 'ADC', 'ACX', 'ACY']
['AHA', 'AHQ', 'ABT', 'AHY', 'AFX', 'AGG', 'AHI', 'AGK', 'AHO', 'AHG', 'AGA', 'AHD', 'AFT', 'AGU', 'AGW', 'AGR', 'AFO', 'AHJ', 'AGX']
['AKB', 'AJR', 'ANN', 'AOH', 'ANU', 'AMI', 'ALP', 'AMP', 'AKC', 'ANI', 'AJZ', 'AKJ', 'AKG', 'AOB', 'AJP', 'AOA', 'AJY', 'ALH', 'ALK']
['ACP', 'ACM', 'AAS', 'ADK', 'ACG', 'ACT', 'ACK', 'ACR', 'ADD', 'ADH', 'AAA', 'ACQ', 'ACO', 'ACF', 'ADA', 'ACH', 'AAP']
['ADP', 'AEY', 'ADW', 'AFH', 'AEU', 'AED', 'AFE', 'ADR', 'ADX', 'ADQ', 'AFI', 'AEH', 'AEL', 'AFF', 'AFG', 'AER', 'AEZ', 'ADM', 'AEO']
['AJH', 'AKP', 'ANS', 'AMN', 'ANK', 'AKH', 'ALA', 'AJO', 'AOL', 'ANE', 'AKA', 'ALL', 'ANM', 'AJD', 'AJB', 'AMD', 'ANV', 'AJN', 'AMF']
['AAW', 'AIB', 'AGY', 'ABH', 'AAX', 'AIC', 'AAY', 'ABS', 'ABB', 'AAZ', 'ABP', 'AGF', 'ABC', 'ABK', 'ABE', 'AFQ', 'ABF', 'ABG', 'ABY']
['AAR', 'ADN', 'AAE', 'AAT', 'API', 'AAN', 'AFM', 'AEQ', 'AEM', 'AAO', 'AKW', 'AFA', 'AAM', 'AAQ', 'AEP', 'ADT', 'AEA', 'AOS']
['ALM', 'ALO', 'AAK', 'AAJ', 'ANF', 'AKL', 'AMR', 'AKI', 'AKY', 'ABO', 'AAB', 'AMW', 'ANJ', 'ABQ', 'AAI', 'ACE', 'AJA', 'ACB', 'ANC']
['AJT', 'AJQ', 'AJL', 'AME', 'AOM', 'ALI', 'AKO', 'ALF', 'AMS', 'ACU', 'ALJ', 'AOG', 'AOF', 'AJE', 'ALU', 'AML', 'AKE', 'ALG', 'AJW']
['AEG', 'AET', 'AFD', 'AFB', 'AEF', 'ADU', 'AFC', 'AEB', 'AFN', 'ADY', 'ADV', 'AAU', 'AES', 'AEJ', 'AFK', 'AEK', 'AEE', 'ADS', 'AEV']
['AHN', 'AIH', 'AIE', 'AGH', 'AGQ', 'AIY', 'AHU', 'AIF', 'AIA', 'AGJ', 'AFZ', 'AHZ', 'AHT', 'AGP', 'AHB', 'AHF', 'AHV', 'AFW', 'AGV']
['ALQ', 'AMY', 'AMQ', 'ANT', 'AKD', 'AMU', 'AKT', 'ANX', 'ANQ', 'AMC', 'AJI', 'AOJ', 'AKX', 'AKN', 'ALB', 'AKK', 'AKV', 'ALT', 'AKM']
['AGE', 'AHK', 'AGN', 'AFS', 'AHM', 'AGO', 'AII', 'AHW', 'AGB', 'AHH', 'AIJ', 'AGM', 'AIT', 'AGD', 'AHL', 'AGS', 'AHR', 'AIW', 'AIS']
['AQD', 'APK', 'AQH', 'ABM', 'ACC', 'APF', 'APQ', 'APH', 'ABI', 'ABV', 'ABU', 'APO', 'ABW', 'AQB', 'APM', 'AMX', 'ACA', 'APU']
['AAG', 'AHX', 'AFU', 'APE', 'AAC', 'AIG', 'AAH', 'AID', 'ABR', 'AFP', 'AGZ', 'AHE', 'AGL', 'AFV', 'APR', 'AIQ', 'AOR', 'AAF', 'AAL']
['AIK', 'AIP', 'AIV', 'AIU', 'AGT', 'AHC', 'AIM', 'AFL', 'AIX', 'AHS', 'AHP', 'AFY', 'AGI', 'AGC', 'AIL', 'AIO', 'AFR', 'AIR', 'AIN']
['ALW', 'AOK', 'AJG', 'AMO', 'AMV', 'AJC', 'ALR', 'ALV', 'AKQ', 'ANG', 'ALX', 'AIZ', 'AJM', 'ANB', 'AKF', 'ANR', 'AOC', 'ALY', 'ALE']
['AQN', 'AQJ', 'AOX', 'AQE', 'APG', 'AQL', 'AOT', 'APT', 'AQK', 'AQM', 'APX', 'APB', 'APA', 'APY', 'AOP', 'AON', 'AQF', 'APV', 'AOV']
['ADL', 'AAD', 'ABZ', 'ABX', 'AEC', 'AAV', 'AFJ', 'ABL', 'AEI', 'AEN', 'ABN', 'AEX', 'ADO', 'ABJ', 'ADZ', 'AEW', 'ABD']
['APD', 'AOQ', 'APJ', 'AOW', 'APN', 'APC', 'APW', 'AQI', 'AQC', 'AQG', 'AOY', 'APP', 'APL', 'APS', 'AQO', 'AOZ', 'AOO', 'AOU', 'APZ']
['AOD', 'AJJ', 'ALC', 'ANL', 'ALZ', 'AMA', 'AJX', 'AJF', 'ANP', 'AKZ', 'ALN', 'AOE', 'AMZ', 'ALS', 'AOI', 'ANW', 'AMH', 'AJS', 'AMG']
