['163']
['52']
['13']
['31']
['64']
['45', '98', '93']
['0']
['17']
['51']
['120', '116', '73', '103', '82', '27', '126', '162', '177', '15']
['121', '166', '187', '100', '92', '235', '240', '146']
['133']
['89']
['12']
['145']
['226', '215', '84', '136']
['147']
['228', '106', '33', '165', '198']
['117']
['234']
['57']
['142']
['222']
['10']
['225']
['221', '156', '247', '122', '151', '4', '179', '192', '201', '125']
['97']
['54']
['216']
['50']
['14']
['207']
['30']
['104']
['140']
['169']
['38']
['213']
['246']
['40']
['194', '245', '79', '171', '205', '212', '160', '86', '206', '16', '113', '2', '108', '238', '26', '94', '88', '172', '128', '53', '139', '243', '24', '144', '46', '29', '47', '242', '167', '168', '22', '191', '143', '137']
['36']
['55']
['78']
['61']
['118']
['188']
['56']
['148']
['75']
['209']
['90']
['74']
['127']
['124']
['76']
['6']
['1']
['204']
['99']
['112']
['59']
['138']
['105']
['161']
['227']
['230']
['236']
['208']
['152']
['58']
['8']
['96']
['62']
['66']
['154']
['211']
['170']
['41']
['129']
['119']
['7']
['132']
['249']
['60']
['72']
['185']
['115']
['44']
['39']
['3', '67', '150', '178', '111', '223', '49', '25', '123', '68', '173', '65', '141', '91']
['83']
['23']
['186']
['28', '180', '107']
['34']
['19']
['248']
['190']
['43']
['193']
['184']
['157']
['102']
['219']
['244']
['135']
['181']
['63', '233', '164', '159', '11', '48', '109', '70', '69', '80', '220', '85', '214', '239', '101', '174', '237', '202', '35', '87', '81', '20', '231', '203', '5', '130', '114', '199', '32', '9', '183', '197']
['153']
['158']
['176']
['200']
['232']
['42']
['218']
['155']
['37']
['182']
['196']
['217']
['195']
['229']
['210']
['18', '175', '110', '21', '241', '224', '77', '149', '134', '71', '131', '95']
['189']
