['173lol']
['78lol']
['268lol']
['454lol']
['299lol']
['235lol']
['215lol', '212lol', '32lol', '79lol', '75lol', '303lol', '19lol']
['72lol', '22lol', '110lol', '88lol']
['294lol']
['389lol']
['467lol']
['113lol', '152lol', '289lol', '461lol', '241lol']
['38lol', '497lol', '37lol', '249lol', '480lol', '223lol', '379lol', '343lol', '377lol', '2lol', '311lol', '499lol', '400lol', '466lol', '246lol', '230lol', '229lol']
['202lol']
['210lol']
['101lol']
['131lol']
['450lol']
['207lol']
['208lol']
['374lol']
['143lol']
['401lol']
['216lol']
['411lol']
['435lol']
['82lol']
['331lol']
['108lol']
['291lol', '165lol', '203lol', '439lol', '486lol', '1lol', '333lol', '498lol', '68lol', '222lol', '54lol', '383lol', '177lol', '47lol', '293lol', '410lol', '260lol', '244lol', '478lol', '447lol']
['416lol', '387lol', '350lol', '262lol', '275lol', '489lol', '469lol', '35lol', '479lol', '185lol', '109lol', '58lol', '490lol', '320lol', '153lol', '17lol', '385lol', '415lol', '337lol', '106lol', '163lol', '126lol', '8lol', '220lol', '167lol', '475lol', '95lol', '65lol', '242lol', '342lol', '3lol', '186lol', '471lol', '282lol', '419lol', '327lol', '43lol', '440lol', '179lol', '11lol', '238lol']
['318lol']
['388lol']
['26lol']
['267lol']
['190lol']
['52lol']
['258lol']
['139lol']
['96lol']
['59lol']
['69lol', '413lol', '93lol', '302lol', '160lol', '6lol', '250lol', '455lol', '453lol', '112lol', '5lol', '39lol', '116lol', '0lol', '18lol', '89lol', '97lol', '359lol', '313lol', '314lol', '493lol', '31lol', '161lol', '491lol', '247lol', '124lol', '356lol', '9lol', '448lol', '288lol', '55lol', '367lol', '271lol', '423lol', '481lol', '405lol', '458lol', '295lol', '45lol', '375lol', '136lol', '362lol', '233lol', '188lol', '323lol', '85lol', '171lol', '421lol', '308lol', '175lol', '192lol', '245lol', '159lol', '456lol', '394lol', '104lol']
['494lol']
['344lol', '42lol', '30lol', '251lol', '12lol', '465lol', '140lol', '27lol', '211lol', '436lol', '227lol', '156lol', '278lol', '145lol', '70lol', '371lol', '132lol', '14lol', '252lol', '328lol', '123lol', '84lol', '120lol', '427lol', '386lol', '259lol']
['94lol']
['155lol']
['73lol']
['361lol']
['345lol']
['269lol']
['488lol']
['100lol']
['326lol']
['446lol', '199lol', '187lol', '305lol', '248lol', '274lol', '380lol', '193lol', '263lol', '406lol', '347lol', '404lol', '286lol', '62lol', '382lol', '353lol', '310lol', '180lol', '102lol', '86lol', '348lol', '90lol', '195lol']
['28lol', '349lol', '105lol', '66lol', '339lol', '281lol', '338lol', '209lol', '300lol', '422lol', '372lol', '261lol', '355lol', '206lol', '398lol', '99lol', '292lol', '451lol', '142lol', '194lol', '470lol', '426lol', '16lol', '205lol', '63lol', '483lol', '181lol', '133lol', '346lol', '127lol', '150lol', '336lol', '158lol', '403lol', '264lol', '183lol', '146lol', '414lol', '280lol', '409lol', '396lol', '393lol', '334lol', '114lol', '128lol', '369lol', '395lol', '366lol', '459lol', '457lol', '325lol', '149lol', '296lol', '60lol', '432lol', '417lol', '10lol', '482lol', '46lol', '443lol', '462lol', '135lol', '182lol', '67lol']
['49lol', '496lol']
['234lol', '201lol', '225lol', '438lol', '256lol', '363lol', '335lol', '237lol', '50lol', '7lol', '428lol', '107lol', '473lol', '425lol', '168lol', '487lol', '169lol', '24lol', '351lol', '219lol']
['384lol']
['273lol']
['390lol']
['218lol', '239lol']
['485lol']
['129lol']
['184lol']
['381lol']
['437lol']
['352lol']
['64lol']
['162lol']
['297lol']
['340lol', '354lol']
['424lol']
['284lol']
['61lol']
['370lol']
['137lol']
['92lol']
['324lol']
['492lol', '279lol', '240lol', '138lol', '332lol', '87lol', '412lol', '91lol', '463lol', '200lol', '228lol', '34lol', '15lol', '265lol', '315lol']
['476lol', '23lol', '358lol', '56lol', '144lol']
['204lol']
['434lol']
['71lol']
['399lol']
['445lol']
['365lol']
['373lol', '341lol', '83lol', '290lol', '376lol', '174lol', '460lol', '329lol', '472lol', '154lol', '357lol', '449lol', '420lol', '298lol', '301lol', '304lol', '232lol', '122lol', '189lol', '213lol', '115lol', '285lol', '236lol', '441lol', '464lol', '170lol', '254lol', '391lol', '468lol', '368lol', '176lol', '226lol', '276lol', '119lol', '309lol', '316lol', '121lol', '117lol', '364lol', '360lol', '243lol', '118lol']
['253lol', '442lol', '36lol', '221lol', '103lol', '474lol', '392lol', '397lol', '29lol', '224lol', '4lol', '164lol', '444lol', '21lol', '272lol', '147lol', '81lol', '44lol', '378lol', '477lol', '283lol']
['125lol']
['287lol']
['231lol', '266lol', '148lol', '57lol', '25lol', '48lol', '307lol', '74lol', '322lol', '408lol', '196lol', '172lol', '77lol', '452lol', '178lol', '321lol', '407lol', '76lol', '157lol', '111lol', '151lol', '191lol']
['418lol']
['141lol']
['98lol']
['429lol']
['53lol']
['198lol']
['40lol']
['41lol']
['80lol']
['319lol', '431lol', '255lol', '330lol', '166lol', '495lol', '13lol']
['306lol']
['402lol', '257lol', '197lol', '277lol', '20lol', '433lol', '312lol', '430lol', '214lol', '51lol']
['217lol']
['270lol', '130lol', '134lol', '484lol', '33lol']
['317lol']
