['127']
['10', '11', '77', '103', '124', '129', '173', '189', '192', '217', '220', '245', '278', '285', '290']
['2', '15', '26', '31', '45', '104', '116', '118', '149', '169', '175', '177', '190', '195', '299']
['27', '47', '50', '82', '126', '130', '139', '163', '166', '185', '188', '216', '266', '277', '293']
['207']
['24', '53', '65', '84', '94', '140', '157', '161', '167', '178', '194', '214', '228', '262', '269']
['38', '39', '40', '49', '67', '69', '81', '107', '136', '150', '168', '179', '208', '256', '271']
['240']
['88', '92', '108', '110', '144', '146', '160', '191', '197', '221', '224', '244', '259', '276', '291']
['5', '12', '13', '29', '63', '66', '109', '119', '125', '135', '226', '229', '234', '246', '298']
['16', '22', '51', '73', '99', '101', '145', '151', '165', '172', '210', '223', '260', '279', '287']
['4', '19', '33', '44', '57', '83', '120', '134', '137', '147', '164', '225', '232', '254', '258']
['148']
['0', '6', '30', '61', '62', '111', '117', '152', '153', '200', '219', '233', '242', '270', '294']
['113']
['1', '64', '121', '133', '141', '154', '184', '193', '206', '243', '252', '253', '261', '274', '297']
['7', '54', '72', '74', '75', '80', '96', '128', '171', '176', '215', '230', '237', '281', '283']
['46']
['23']
['155', '227']
['14', '32', '36', '37', '43', '48', '55', '58', '85', '199', '203', '204', '209', '255', '273']
['115']
['21', '34', '76', '79', '86', '102', '114', '142', '159', '186', '211', '212', '236', '247', '272']
['98']
['9', '17', '42', '59', '123', '131', '132', '138', '162', '202', '205', '218', '235', '239', '265']
['25', '70', '87', '89', '90', '91', '97', '105', '143', '182', '222', '238', '268', '288', '295']
['3', '28', '60', '100', '158', '251']
['35', '71', '78', '95', '106', '174', '181', '183', '231', '241', '248', '249', '267', '284', '289']
['18', '68', '93', '112', '196', '198', '201', '213', '250', '257', '264', '286', '296']
['8', '20', '41', '52', '56', '122', '156', '170', '180', '187', '263', '275', '280', '282', '292']
