['116']
['0', '2', '16', '34', '44', '47', '83', '92', '96', '99', '108', '133', '146', '152', '156', '199', '231', '266', '277', '313', '335', '351', '372', '380', '389', '406']
['7', '23', '24', '37', '58', '73', '78', '171', '182', '183', '185', '204', '212', '213', '250', '256', '257', '273', '278', '301', '303', '309', '325', '334', '346', '359', '371', '376', '397', '404']
['414']
['4', '14', '54', '64', '67', '82', '115', '124', '128', '138', '189', '210', '215', '226', '229', '240', '270', '276', '294', '297', '308', '310', '327', '329', '340', '355', '396', '398', '399', '410']
['279']
['20']
['33', '40', '49', '62', '81', '86', '113', '123', '126', '164', '169', '180', '186', '196', '201', '211', '216', '243', '253', '263', '274', '275', '295', '314', '324', '360', '365', '367', '379', '403']
['11', '28', '41', '70', '71', '75', '77', '91', '100', '107', '160', '170', '176', '208', '259', '261', '272', '283', '285', '289', '296', '319', '323', '328', '352', '354', '373', '387', '394', '418']
['106']
['407']
['1', '22', '27', '52', '59', '179', '214', '252', '290', '291', '302', '316', '330', '375', '409']
['228']
['262']
['13', '46', '55', '66', '84', '95', '112', '120', '122', '127', '149', '168', '173', '177', '195', '200', '209', '227', '244', '255', '264', '298', '331', '339', '356', '378', '381', '382', '388', '411']
['9', '48', '50', '76', '79', '85', '90', '101', '110', '121', '139', '154', '165', '193', '207', '218', '220', '249', '321', '338', '345', '347', '357', '364', '368', '386', '392', '393', '401', '408']
['5', '8', '15', '29', '30', '57', '111', '117', '119', '130', '136', '143', '194', '233', '235', '245', '251', '268', '282', '287', '304', '337', '348', '350', '384', '400', '402', '405', '413', '419']
['246']
['80']
['68', '187', '241', '281']
['142']
['18', '25', '98', '129', '134', '140', '158', '181', '205', '217', '221', '223', '230', '248', '254', '271', '292', '311', '315', '322', '326', '332', '333', '336', '343', '358', '362', '370', '374', '390']
['385']
['232']
['19', '32', '38', '42', '43', '51', '56', '88', '97', '141', '145', '148', '159', '161', '163', '167', '184', '188', '192', '202', '219', '222', '225', '238', '239', '260', '280', '300', '312', '344']
['3', '21', '39', '61', '63', '65', '87', '89', '102', '103', '104', '114', '135', '147', '157', '162', '190', '198', '203', '242', '247', '286', '306', '341', '342', '353', '377', '391', '416', '417']
['6', '12', '17', '26', '31', '60', '93', '105', '109', '118', '125', '131', '132', '144', '150', '166', '175', '197', '224', '236', '258', '265', '284', '299', '317', '361', '363', '369', '395', '412']
['320']
['74']
['10', '35', '36', '45', '53', '69', '72', '94', '137', '151', '153', '155', '172', '174', '178', '191', '206', '234', '237', '267', '269', '288', '293', '305', '307', '318', '349', '366', '383', '415']
