['2', '1', '3', '4', '5', '64', '65', '78', '118', '119', '197', '198', '286', '287', '312', '311', '359', '360', '400', '401', '416', '417', '434', '433', '448', '447', '449', '498', '497']
['50', '51', '57', '56', '58', '69', '70', '79', '80', '170', '199', '200', '255', '300', '301', '389', '418', '441', '440', '475', '474', '476', '489']
['74', '75', '214', '215', '249', '291', '292', '293', '294', '295', '321', '320', '322', '329', '330', '347', '348', '349', '381', '382', '383', '410', '411', '455', '454', '456', '457', '458', '459', '483', '484', '485', '486']
['39', '66', '67', '68', '176', '186', '211', '212', '213', '387', '388', '460', '469', '468', '470', '471', '472']
['24', '259']
['36', '37', '38', '107', '108', '109', '110', '111', '120', '165', '216', '232', '244', '284', '285', '325', '326', '438', '439', '479', '480']
['10', '9', '20', '25', '44', '45', '46', '47', '49', '48', '53', '54', '55', '152', '182', '183', '184', '185', '218', '217', '219', '220', '222', '223', '256', '257', '274', '273', '275', '276', '331', '332', '333', '334', '344', '413', '412', '477', '478']
['40', '72', '73', '76', '77', '104', '105', '117', '121', '122', '123', '124', '125', '153', '154', '155', '156', '157', '195', '194', '196', '277', '278', '279', '280', '358', '357', '367', '368', '414', '415', '473']
['11', '12', '13', '96', '97', '98', '189', '190', '191', '192', '193', '246', '248', '253', '252', '254', '296', '365', '364', '366', '405', '404', '406', '407', '408', '409', '430', '431', '432']
['7', '8', '17', '21', '22', '23', '126', '127', '224', '267', '266', '268', '269', '270', '289', '288', '290', '305', '304', '306', '307', '336', '335', '337', '338', '339', '340', '341', '380', '424', '425', '442', '443', '444', '450', '451', '452', '453']
['6', '34', '33', '61', '62', '81', '82', '106', '130', '131', '136', '135', '137', '143', '144', '145', '177', '188', '187', '247', '260', '261', '262', '263', '345', '346', '384', '385', '386']
['83', '84', '85', '100', '99', '101', '102', '103', '129', '128', '142', '166', '167', '168', '169', '221', '302', '303', '317', '343', '342', '394', '395', '427', '426', '428', '429']
['27', '28', '29', '71', '91', '92', '210', '228', '229', '230', '233', '234', '235', '239', '238', '240', '241', '258', '264', '265', '297', '298', '299', '354', '355', '356', '361', '362', '363', '397', '396', '481', '496']
['18', '19', '30', '31', '32', '132', '139', '140', '141', '151', '150', '225', '226', '227', '282', '281', '283', '308', '309', '310', '324', '372', '374', '375', '392', '393', '420', '419', '421', '422', '423', '465', '466', '467']
['87', '86', '88', '112', '113', '328', '327', '482']
['26', '35', '63', '89', '90', '133', '134', '138', '163', '164', '172', '171', '173', '174', '175', '205', '206', '207', '208', '209', '236', '318', '319', '353', '399', '435', '436', '437', '445', '446', '487', '488']
['250', '251', '271', '272', '369', '370', '371', '461', '499']
['52', '146', '147', '148', '149', '158', '242', '243', '245', '323', '351', '350', '376', '390', '391', '402', '403', '494', '495']
['0', '42', '41', '43', '59', '60', '94', '93', '95', '115', '114', '231', '237', '313', '352', '373', '398', '490', '491', '492', '493']
['14', '15', '16', '116', '159', '160', '161', '162', '179', '178', '180', '181', '202', '201', '203', '204', '314', '315', '316', '377', '378', '379', '462', '463', '464']
