['417', '277', '275', '274', '273', '272', '264', '262', '213', '159', '155', '152', '150', '149', '148', '146', '145', '144', '142', '141', '140', '138', '136', '135', '132', '126', '57']
['483', '482', '481', '479', '477', '476', '475', '474', '472', '470', '469', '468', '467', '466', '465', '464', '463', '462', '456', '380', '350', '348', '343', '342', '299', '284', '283', '282', '281', '280', '279', '278', '276', '270', '269', '267', '266', '265', '250', '240', '229', '137']
['416', '414', '413', '412', '411', '410', '408', '407', '404', '403', '402', '401', '400', '399', '397', '396', '247', '79']
['312', '254', '252', '193', '131', '129', '127', '125', '124', '121', '120', '119', '117', '116', '113', '112', '111', '110', '69']
['130']
['372', '371', '370', '369', '368', '366', '365', '363', '361', '359', '356', '355', '352', '337', '263', '261', '259', '258', '255', '253', '251', '249', '248', '246', '242', '174', '158']
['461', '460', '459', '458', '457', '454', '453', '452', '451', '450', '449', '448', '447', '446', '444', '443', '442', '440', '398', '297', '243', '234', '223', '153', '85', '78', '21', '20', '19', '17', '16', '14', '13', '12', '10', '9', '8', '7', '6', '1', '0']
['181']
['298', '289', '256', '197', '196', '195', '194', '192', '191', '190', '188', '186', '185', '183', '182', '180', '179', '178', '177', '176']
['293', '219', '218', '215', '214', '211', '210', '208', '207', '206', '205', '204', '203', '202', '201', '200', '172', '123']
['373', '367', '364', '362', '360', '358', '357', '353']
['438', '437', '436', '435', '434', '433', '432', '431', '430', '429', '428', '426', '425', '421', '420', '419', '418', '415', '409', '406', '405', '351', '349', '347', '346', '345', '344', '341', '340', '339', '336', '335', '334', '333', '330', '147', '143', '134', '133', '61', '15', '5', '2']
['238', '237', '236', '233', '232', '231', '228', '227', '225', '222', '221', '220', '151', '104', '86']
['392', '385', '382', '379', '376', '374', '338', '332', '331', '307', '306', '305', '304', '303', '302', '301', '300', '296', '295', '294', '292', '291', '290', '288', '287', '286', '245', '189', '187', '97']
['473', '445', '394', '393', '391', '390', '389', '388', '387', '386', '384', '383', '381', '378', '377', '375', '329', '327', '325', '324', '323', '322', '320', '318', '317', '316', '315', '314', '313', '311', '310', '308', '244']
['441', '395', '271', '226', '217', '216', '209', '198', '160', '128', '122', '118', '115', '114', '96', '65', '64', '63', '60', '59', '58', '55', '54', '52', '50', '49', '46', '44', '31', '18']
['478', '471', '455', '427', '285', '212', '184', '139', '109', '107', '106', '105', '103', '102', '101', '100', '99', '98', '95', '94', '93', '92', '91', '89', '88', '43', '42', '41', '40', '39', '38', '37', '36', '35', '32', '30', '28', '27', '26', '25', '24']
['241', '239', '235', '230', '224']
['480', '354', '268', '108', '90', '34', '33', '29', '23', '22', '11', '4', '3']
['328', '326', '321', '319', '309', '260', '257', '199', '62', '56', '53', '51', '48', '47', '45']
['439', '424', '423', '422', '175', '173', '170', '169', '168', '167', '166', '165', '164', '163', '162', '161', '157', '156', '154']
['171', '87', '84', '83', '82', '81', '80', '77', '76', '75', '74', '73', '72', '71', '70', '68', '67', '66']
