['0', '34', '40', '46', '81', '82', '118', '115', '165', '201', '207', '208', '216', '225', '345', '374', '386', '398', '459']
['497']
['77', '104', '162', '179', '176', '190', '197', '193', '316', '323', '354', '360', '401', '403', '413', '431', '453', '466', '491']
['6', '29', '54', '67', '103', '127', '137', '157', '189', '275', '325', '355', '379', '416', '427', '435', '460', '493', '496']
['36', '144', '215', '394']
['428']
['377']
['388']
['20', '35', '68', '108', '133', '152', '255', '268', '279', '280', '297', '293', '336', '352', '400', '439', '452', '461', '471']
['101']
['33', '47', '59', '143', '147', '175', '238', '251', '273', '282', '296', '329', '337', '349', '350', '372', '395', '474', '490']
['368']
['12', '13', '53', '93', '113', '172', '181', '217', '244', '264', '289', '292', '301', '305', '310', '313', '320', '326', '465']
['8', '43', '99', '141', '158', '177', '237', '246', '252', '307', '330', '335', '339', '342', '344', '357', '387', '441', '437']
['195']
['226']
['1', '2', '15', '31', '41', '57', '61', '155', '187', '209', '270', '278', '322', '324', '341', '402', '417']
['140']
['5', '83', '98', '109', '163', '318', '363', '367', '433']
['49', '62', '171', '239', '243', '245', '263', '274', '288', '304', '369', '370', '371', '389', '426', '434', '442', '443', '487']
['27', '51', '48', '110', '129', '164', '169', '266', '284', '290', '331', '333', '364', '380', '390', '376', '404', '455', '475']
['39', '42', '71', '178', '188', '185', '198', '202', '236', '248', '272', '300', '303', '308', '366', '406', '468', '483']
['3', '37', '50', '64', '73', '89', '117', '119', '123', '128', '132', '149', '161', '256', '309', '347', '382', '422', '456']
['18']
['495']
['11']
['203']
['84', '112', '267', '424']
['28']
['38', '72', '79', '87', '148', '151', '205', '229', '233', '240', '319', '381', '397', '419', '438', '464', '478', '480', '476']
['14', '16', '17', '22', '26', '55', '70', '90', '130', '136', '166', '231', '285', '338', '353', '414', '425', '454', '470']
['4', '30', '66', '139', '192', '262', '321', '312', '346', '362', '373', '385', '393', '399', '420', '457', '482', '488', '499']
['146', '153', '156', '183', '277', '298', '378', '415']
['7', '25', '105', '114', '135', '206', '214', '254', '269', '287', '291', '306', '317', '365', '405', '411', '429', '469', '473']
['392']
['451']
['65', '86', '95', '97', '100', '111', '120', '167', '204', '218', '220', '222', '223', '221', '281', '375', '409', '412', '467']
['122', '125', '186', '199', '247', '259', '260', '276', '286', '295', '359', '383', '396', '445', '446', '447', '449', '472', '485']
['21', '44', '76', '116', '124', '159', '160', '170', '174', '180', '212', '219', '228', '257', '283', '351', '448', '484', '494']
['249']
['10', '23', '63', '69', '60', '85', '131', '134', '138', '145', '250', '261', '302', '327', '340', '384', '418', '430', '486']
['32', '88', '96', '191', '200', '258', '265', '311', '328', '332', '334', '356', '358', '361', '423', '444', '462', '479', '481']
['19', '80', '92', '94', '106', '121', '173', '196', '224', '230', '232', '241', '242', '348', '391', '410', '436', '440', '463']
['58', '75', '74', '107', '142', '154', '168', '194', '210', '211', '213', '235', '271', '299', '343', '421', '432', '477', '498']
['9', '52', '56', '91', '102', '126', '150', '182', '184', '227', '253', '294', '314', '315', '407', '408', '450', '489', '492']
['78']
['458']
['24']
['45']
['234']
