['97', '145', '153', '161', '162', '163', '164', '165', '168', '171']
['32', '33', '34', '35', '160', '180', '188', '199']
['0', '1', '2', '3', '4', '176', '178', '179', '193']
['169', '170', '172', '174', '233', '234']
['134', '175', '177']
['76', '77', '78', '79', '181']
['41']
['192']
['59', '81', '100', '101', '102', '103', '104', '173']
['48', '206', '236', '237', '239', '240', '241', '242']
['149']
['90', '91', '185', '220', '221', '222', '224']
['112', '115', '116', '117', '201', '203', '204']
['75', '80', '86', '88', '89', '93', '94', '95', '230']
['110']
['27', '30', '31', '36', '37', '38', '39', '40', '42', '45']
['22', '24', '125', '126', '127', '129', '130']
['25', '231', '232', '238']
['57', '58', '60', '167', '223']
['225', '226', '227', '228', '229', '235']
['14', '50', '55', '61', '62', '63', '64', '65', '66', '67']
['87', '92', '156', '157', '158', '166', '210']
['105', '113']
['51', '52', '53', '54', '56', '194', '195', '196', '197', '198']
['154']
['18', '19', '20', '21', '23', '217']
['245', '247', '249']
['182', '183', '184']
['5', '9', '11', '12', '13', '15', '16', '17', '120']
['43', '44', '46', '47', '49', '68', '150', '151', '152', '155']
['28', '29']
['26', '128', '136', '137', '138', '139', '141', '143']
['69', '70', '71', '72', '73', '74', '131', '132', '133', '135']
['106', '107', '108', '109', '111', '114', '243', '244', '246', '248']
['159', '207', '208', '209', '219']
['140', '142', '190', '211', '212', '213', '214', '215', '216', '218']
['96', '98', '99']
['6', '7', '8', '10', '191', '200', '202', '205']
['82', '83', '84', '85', '118', '119', '121', '186', '187', '189']
['122', '123', '124', '144', '146', '147', '148']
