['223']
['3']
['38']
['1', '4', '5', '6', '8', '9', '10', '11', '12', '13', '15', '16', '18', '21', '23', '24', '28', '29', '30', '32', '33', '35', '36', '37', '39', '40', '42', '44', '45', '47', '48', '49', '52', '53', '55', '57', '58', '59', '60', '62', '63', '64', '65', '66', '69', '71', '72', '73', '74', '76', '77', '78', '81', '85', '87', '89', '90', '91', '93', '95', '96', '97', '100', '101', '103', '105', '106', '108', '109', '112', '113', '115', '116', '117', '118', '119', '121', '122', '123', '124', '125', '126', '128', '131', '133', '134', '136', '137', '139', '140', '141', '142', '143', '144', '145', '146', '147', '151', '152', '153', '154', '155', '163', '164', '165', '166', '168', '170', '172', '177', '178', '180', '182', '183', '184', '185', '187', '188', '189', '190', '191', '192', '195', '197', '198', '199', '201', '202', '203', '204', '205', '207', '208', '209', '210', '211', '212', '213', '214', '215', '217', '218', '219', '220', '221', '222', '224', '225', '226', '227', '228', '229', '231', '233', '234', '235', '236', '237', '241', '243', '245', '248', '249', '250']
['70']
['17']
['148']
['130']
['68']
['160']
['162']
['216']
['244']
['240']
['86', '138']
['181']
['174']
['102']
['34', '56', '79', '80', '82', '94', '114', '127', '132', '159', '167', '175', '186', '193', '196', '230', '239']
['84']
['176']
['2', '7', '14', '19', '20', '22', '25', '26', '27', '31', '41', '43', '46', '50', '51', '54', '61', '67', '83', '88', '92', '98', '99', '104', '107', '110', '111', '120', '129', '135', '149', '150', '156', '157', '158', '161', '169', '171', '173', '179', '194', '200', '238', '242', '246', '247']
['75']
['232']
['206']
