['Liborio4', 'Cesidia8', 'Costanzo6', 'Furio5', 'Luce6', 'Patrizio4', 'Vania3', 'Lisa0', 'Alessio7', 'Erminia5', 'Joseph3', 'Ursula5', 'Gianriccardo3', 'Marino4', 'Assia4', 'Antimo9', 'Lidia6', 'Edilio5', 'Romeo2', 'Deborah4']
['Odone4', 'Ubaldo1', 'Sue2', 'Rosalino0', 'Anastasio3', 'Giordano5', 'Cleros6', 'Sebastian2', 'Eusebio3', 'Vera2', 'Sesto2', 'Irene7', 'Dante5', 'Siro2', 'Bortolo5', 'Cassiopea3', 'Gianleonardo6', 'Maggiore2', 'Rebecca5', 'Bettino8']
['Caio6', 'Odone9', 'Marcella3', 'Sirio1', 'Walter7', 'Orfeo5', 'Enzo7', 'Benedetta5', 'Benedetta1', 'Assia0', 'Eriberto7', 'Marieva7', 'Fortunata0', 'Eriberto1', 'Demi9', 'Renzo6', 'Radames7', 'Jelena1', 'Doriana2', 'Artes8']
['Odino6', 'Mecren5', 'Osvaldo5', 'Fabio8', 'Terzo7', 'Mietta0', 'Jari2', 'Giorgio6', 'Osea0', 'Mecren9', 'Mariagiulia4', 'Erminio9', 'Anselmo3', 'Luigi4', 'Elsa0', 'Bibiana4', 'Folco3', 'Timoteo9', 'Maika6', 'Gianmarco5']
['Valdo2', 'Pablo7', 'Benedetta4', 'Cosetta2', 'Mietta2', 'Battista3', 'Gerlando9', 'Armando8', 'Siro3', 'Caligola0', 'Secondo0', 'Flaviana6', 'Orfeo1', 'Erminia2', 'Nicoletta3', 'Marina4', 'Brigitta5', 'Hector0', 'Sasha9', 'Primo9']
['Ludovico2', 'Michael9', 'Carlo1', 'Maruska3', 'Egisto1', 'Nathan9', 'Enzo0', 'Fiorenzo7', 'Gilda2', 'Italo9', 'Miriana7', 'Siro9', 'Samira6', 'Folco6', 'Monia6', 'Moreno5', 'Priamo8', 'Rodolfo9', 'Alan9', 'Damiana9']
['Eustachio2', 'Elio8', 'Cleros2', 'Brigitta8', 'Teseo4', 'Tristano5', 'Kris3', 'Sandro2', 'Gaetano5', 'Ruth1', 'Nathan3', 'Fortunata6', 'Orfeo7', 'Caio2', 'Elio3', 'Guendalina3', 'Violante6', 'Graziano0', 'Pierfrancesco0', 'Caligola7']
['Deborah2', 'Gianantonio5', 'Emidio9', 'Nestore8', 'Folco8', 'Joshua3', 'Bettino1', 'Soriana6', 'Ubaldo2', 'Fatima2', 'Marzio6', 'Adriano1', 'Ivano3', 'Gavino8', 'Laerte9', 'Nico1', 'Marzio5', 'Alighieri1', 'Lorenzo9', 'Giancarlo3']
['Karim8', 'Prisca2', 'Miriam8', 'Maggiore3', 'Manfredi5', 'Amedeo5', 'Priamo0', 'Rosita1', 'Anselmo8', 'Vania2', 'Ercole8', 'Muzio8', 'Walter1', 'Jacopo4', 'Radames4', 'Emanuel7', 'Rosolino0', 'Gianmaria7', 'Dylan9', 'Marino8']
['Fatima9', 'Rebecca2', 'Alessandro3', 'Luce0', 'Genziana8', 'Marzio4', 'Cleros4', 'Gregorio2', 'Mattia6', 'Siro0', 'Eusebio6', 'Jacopo3', 'Mariagiulia9', 'Giacobbe7', 'Gioacchino6', 'Iacopo2', 'Sue0', 'Alessio3', 'Giovanna3', 'Tancredi5']
['Sabatino1', 'Fiorentino3', 'Giulietta7', 'Loretta1', 'Celeste3', 'Thea4', 'Domiziano7', 'Kai5', 'Odino9', 'Romeo4', 'Timoteo5', 'Kris2', 'Orfeo4', 'Costanzo4', 'Giorgio3', 'Santo9', 'Piersilvio0', 'Modesto4', 'Demis3', 'Tazio1']
['Concetta9', 'Ercole9', 'Miriana9', 'Sibilla4', 'Marcella0', 'Renato5', 'Laerte0', 'Luigi7', 'Ulrico6', 'Mietta1', 'Gregorio7', 'Radames1', 'Tancredi4', 'Fernando8', 'Avide3', 'Marzio7', 'Cleopatra1', 'Samira4', 'Amerigo1', 'Tolomeo0']
['Ian2', 'Silvano4', 'Carmela6', 'Elda4', 'Ione9', 'Gianantonio3', 'Filomena3', 'Piersilvio3', 'Thea5', 'Marina7', 'Evangelista9', 'Ercole2', 'Davide8', 'Timoteo4', 'Xavier7', 'Kayla3', 'Sebastian4', 'Bibiana6', 'Ausonio0', 'Laerte5']
['Fabiano3', 'Marina6', 'Ermes9', 'Ercole1', 'Lauro3', 'Joshua0', 'Maika9', 'Primo1', 'Lidia0', 'Quirino1', 'Aroldo4', 'Ethan7', 'Marvin0', 'Gilda5', 'Amerigo5', 'Demis1', 'Sarita7', 'Umberto6', 'Sirio6', 'Nestore6']
['Filomena4', 'Max1', 'Osea1', 'Adriano0', 'Pietro1', 'Loris4', 'Lauro5', 'Erminio4', 'Fabio9', 'Folco0', 'Cleopatra7', 'Nabil5', 'Michele7', 'Gioacchino7', 'Tancredi6', 'Erminia8', 'Cirino1', 'Guido6', 'Gaetano4', 'Edipo5']
['Arduino8', 'Demis2', 'Enrico1', 'Concetta1', 'Ferdinando0', 'Rita6', 'Davide1', 'Arcibaldo8', 'Sesto8', 'Eliziario6', 'Augusto8', 'Santo3', 'Elga3', 'Elda2', 'Emanuel3', 'Prisca3', 'Armando0', 'Vinicio8', 'Ludovico9', 'Azue3']
['Michael4', 'Cleopatra8', 'Marieva8', 'Pacifico0', 'Ariel9', 'Cleopatra5', 'Pacifico5', 'Umberto9', 'Oreste0', 'Carmela3', 'Mirko4', 'Marianita5', 'Lamberto6', 'Cassiopea9', 'Loredana0', 'Raniero0', 'Clodovea2', 'Alighiero7', 'Dante0', 'Ferdinando6']
['Tommaso8', 'Mariagiulia3', 'Donatella7', 'Fabiano1', 'Mirko6', 'Penelope5', 'Claudia1', 'Elsa1', 'Rosalino2', 'Nestore5', 'Raoul7', 'Nayade9', 'Akira3', 'Claudia6', 'Rosalba1', 'Walter3', 'Sesto4', 'Loretta4', 'Danthon5', 'Arturo8']
['Oretta5', 'Osea9', 'Armando5', 'Ermes4', 'Mattia9', 'Marianita8', 'Costantino7', 'Miriam7', 'Celeste4', 'Folco4', 'Isabel1', 'Concetta5', 'Lazzaro2', 'Marcella4', 'Primo3', 'Antonio9', 'Fiorenzo1', 'Ian0', 'Rebecca6', 'Elga8']
['Laura1', 'Eustachio1', 'Mattia1', 'Siro8', 'Bortolo9', 'Mauro7', 'Pablo9', 'Loredana6', 'Odone8', 'Matilde9', 'Edilio6', 'Sasha7', 'Carmelo4', 'Fatima0', 'Deborah9', 'Arduino5', 'Amedeo1', 'Nestore7', 'Diamante4', 'Nazzareno0']
['Xavier5', 'Anastasio7', 'Diamante6', 'Giovanna5', 'Kayla9', 'Amedeo6', 'Mariagiulia0', 'Penelope7', 'Ethan3', 'Gianriccardo2', 'Secondo5', 'Trevis2', 'Trevis3', 'Enzo6', 'Baldassarre3', 'Gianantonio6', 'Nathan2', 'Monia8', 'Rocco9', 'Davide5']
['Leonardo1', 'Cassiopea8', 'Clodovea1', 'Fiorenzo8', 'Tolomeo6', 'Miriana4', 'Oretta9', 'Joseph7', 'Edilio2', 'Trevis8', 'Ettore0', 'Lia2', 'Rosalba8', 'Mariano0', 'Anselmo9', 'Leonardo7', 'Sabino2', 'Noah6', 'Giacinto6', 'Rufo5']
['Giobbe6', 'Jole3', 'Alberto5', 'Danuta0', 'Noel4', 'Umberto0', 'Damiana2', 'Valdo9', 'Renzo5', 'Orfeo9', 'Giorgio2', 'Serse1', 'Demi6', 'Cleros7', 'Eriberto9', 'Sarita4', 'Nestore4', 'Ercole4', 'Emanuel1', 'Marianita1']
['Jarno1', 'Lidia4', 'Albino1', 'Enzo3', 'Giulio2', 'Tristano8', 'Olimpia3', 'Noah0', 'Tazio7', 'Liborio8', 'Edipo4', 'Iacopo1', 'Nico6', 'Zelida4', 'Ilario9', 'Ethan9', 'Laura9', 'Lino4', 'Cira8', 'Zaccaria2']
['Italo5', 'Guido1', 'Isabel6', 'Cira7', 'Rosaria8', 'Quarto3', 'Gelsomina6', 'Matteo9', 'Quasimodo0', 'Leonardo0', 'Karim1', 'Jari0', 'Audenico0', 'Joannes5', 'Jack2', 'Antonino6', 'Marianita7', 'Ileana5', 'Cleros5', 'Nestore3']
