['66', '252']
['242']
['320']
['338', '480']
['281']
['55']
['180']
['151', '358', '485', '486']
['43', '48']
['67', '150', '181', '347', '381', '415']
['307', '310', '376', '416', '418']
['449']
['311']
['122', '289']
['24', '162', '413']
['77']
['199']
['36', '497']
['314', '499']
['388']
['489']
['158', '167']
['447']
['53', '453']
['354', '448']
['139', '291']
['357']
['3', '59']
['108']
['50', '51', '260', '328']
['87']
['13', '143']
['174']
['84', '219', '370']
['231', '348', '419', '456', '457']
['93', '125', '146', '218', '244', '286', '369', '393', '496']
['189', '246', '269', '451']
['41', '319']
['12']
['206']
['142', '285']
['193']
['152']
['138', '178', '225', '317']
['374', '414']
['37', '378']
['210']
['159', '336']
['182', '305', '321', '452']
['56', '280', '438']
['70']
['33', '135']
['355']
['27']
['179']
['478']
['229']
['71', '153', '283']
['234']
['81']
['352']
['44']
['420']
['16', '47', '57', '60', '63', '100', '191', '198', '208', '213', '275', '331', '351', '368', '424', '428', '488']
['98']
['207', '327']
['401']
['147']
['411']
['375', '430']
['362', '402']
['279']
['25', '40', '106', '169', '183', '185', '278', '309', '441']
['22', '58', '466', '487']
['312', '360']
['107', '132', '459']
['223']
['197', '287', '334', '337']
['364']
['4', '68', '390']
['434']
['46']
['251']
['156', '176', '365', '389']
['163', '325', '379', '463', '467', '473']
['290', '479', '494']
['429']
['7', '173']
['45']
['454']
['160', '300', '324', '408', '469', '477']
['288', '303', '406', '483']
['31', '42', '282', '422']
['435']
['170']
['95', '274']
['195']
['482']
['38', '69', '124']
['23', '215', '254', '277', '299']
['8']
['261']
['409', '423', '495']
['91', '271']
['121', '340']
['2', '19', '75', '83', '177', '266', '346']
['131']
['250']
['6']
['313', '471']
['492']
['18', '123']
['268']
['166']
['5', '28', '353', '384']
['20', '194', '262', '359']
['168', '211', '292']
['21', '96', '259', '273']
['458']
['366', '475']
['228']
['99']
['241', '443']
['109']
['214']
['396']
['97', '323']
['1', '73', '86', '88', '127', '137', '226', '315', '356', '439']
['129']
['425']
['79']
['149']
['157', '161', '190', '201', '257', '343', '399', '442', '455', '474']
['394']
['380']
['90']
['26', '89', '113', '136', '306', '326', '465', '476']
['221', '236', '316', '385', '405', '433']
['120']
['14', '238', '247', '255', '256', '263', '304', '386', '403', '417']
['294']
['202']
['82']
['10', '104', '148', '154', '200', '222', '490']
['330', '397']
['432', '444', '461']
['188', '217', '301']
['61', '196', '243', '302']
['175']
['297', '391']
['144']
['17']
['49']
['484']
['102']
['34', '111']
['32', '298']
['115', '117', '118']
['114']
['140', '212', '230']
['65']
['329']
['30', '383']
['237']
['94']
['62', '382', '446']
['373']
['134']
['15', '29', '491']
['248']
['296']
['52', '54', '74', '80', '171', '224', '284', '342', '350']
['72']
['64', '372']
['103', '155', '184', '186', '203', '322', '470']
['412']
['436']
['35', '209', '240', '345']
['227', '293', '333']
['363']
['232']
['464']
['119', '126', '295', '308']
['112', '165', '205', '216', '318']
['172', '233', '361', '367']
['421', '468']
['116']
['105', '460']
['0', '76', '276', '335', '377']
['371', '493']
['133']
['11', '431']
['145', '245', '407', '410', '427', '445']
['235']
['239', '400', '437']
['204']
['332']
['101', '249', '395']
['192', '220']
['92']
['265']
['387']
['110', '339', '349', '426']
['264']
['258']
['472']
['9', '253']
['392']
['85', '130', '272', '450', '498']
['141']
['39', '78', '341', '398', '440', '481']
['128', '164', '187', '267', '344', '404']
['270', '462']
