['76', '77', '80', '84', '88', '89', '91', '93', '94', '102', '104', '106', '108', '110', '113', '115', '117', '118', '121', '127', '128', '129', '130', '136', '137', '143', '146', '150', '253']
['140', '162', '163', '164', '169', '174', '175', '176', '187', '191', '193', '196', '197', '199', '203', '206', '212', '215', '217', '223', '466']
['15', '166', '222', '480']
['73', '124', '147', '278', '280', '282', '287', '290', '292', '293', '296', '298', '302', '303', '304', '307', '308', '309', '310', '314', '315', '316', '317', '320', '321', '322']
['122', '133', '276', '283', '289', '306', '313', '355', '365', '426', '430', '432', '435', '438', '442', '444', '448', '450', '457', '476', '481', '483', '484', '490', '493', '494', '498', '499']
['3', '4', '5', '6', '9', '10', '11', '19', '20', '21', '23', '24', '28', '29', '32', '34', '35', '37', '40', '43', '45', '46', '52', '62', '67', '68', '70', '74', '75', '330']
['27', '41', '55', '427', '428', '431', '433', '434', '436', '437', '446', '447']
['328', '333', '334', '341', '346', '348', '350', '353', '358', '362', '375', '387', '392', '394', '415', '418']
['228', '232', '233', '237', '239', '240', '241', '246', '248', '249', '250', '254', '260', '262', '265', '268', '269', '271', '272', '273', '379', '382', '388', '398', '401', '407', '409', '410', '411', '420']
['95']
['66', '211', '285', '377', '381', '384', '393', '395', '402', '405', '419']
['82', '85', '96', '98', '100', '101', '105', '107', '111', '114', '123', '132', '138', '144', '145', '149']
['87', '141', '389', '396', '439', '492']
['17', '36', '42', '50', '54', '56', '59', '61', '65', '112', '242', '245', '247', '252', '255', '256', '257', '258', '259', '261', '263', '376', '403']
['25', '151', '152', '154', '155', '157', '158', '159', '160', '161', '168', '171', '173', '178', '181', '186', '189', '200', '201', '208', '209', '213', '214', '218', '220', '221']
['78', '79', '81', '83', '86', '90', '92', '97', '99', '103', '109', '116', '119', '120', '125', '126', '131', '134', '135', '139', '142', '148', '183', '210', '235', '319', '429']
['451', '452', '454', '456', '458', '462', '463', '465', '467', '468', '470', '471', '472', '475', '487', '491', '496']
['226', '236', '251', '455']
['13', '156', '184', '194', '225', '331', '336', '342', '345', '356', '361', '372', '385', '400', '421', '423', '424', '453', '459', '460', '461', '464', '469', '473', '474', '482']
['227', '229', '230', '231', '234', '238', '243', '244', '264', '266', '267', '270', '274', '275', '440', '441', '443', '445', '449']
['326', '327', '329', '332', '335', '337', '338', '339', '340', '343', '344', '347', '349', '351', '352', '354', '357', '359', '360', '363', '364', '366', '367', '368', '369', '370', '371', '373', '374']
['1', '2', '7', '8', '12', '14', '16', '18', '22', '26', '30', '31', '33', '38', '39', '44', '47', '48', '49', '51', '53', '57', '58', '60', '63', '64', '69', '71', '72', '390']
['153', '165', '167', '170', '172', '177', '179', '180', '182', '185', '188', '190', '192', '195', '198', '202', '204', '205', '207', '216', '219', '224', '277', '485']
['279', '281', '284', '286', '288', '291', '294', '295', '297', '299', '300', '301', '305', '311', '312', '318', '323', '324', '325', '383', '416', '477', '478', '479', '486', '488', '489', '495', '497', '500']
['378', '380', '386', '391', '397', '399', '404', '406', '408', '412', '413', '414', '417', '422', '425']
