['44', '67', '122', '123', '130', '136', '138', '325', '326', '357', '358']
['12', '430', '434', '435', '437', '482', '483', '484']
['217', '270', '276', '281', '290', '295', '296', '478']
['129', '140', '141', '147', '149', '240', '247', '248', '461', '469', '475']
['22', '23', '151', '166', '173', '243', '288', '337', '460', '462', '465']
['153', '171', '172', '184', '185', '193', '194', '292', '293', '385']
['36', '96', '111', '119', '233', '234', '299', '416', '417', '418']
['103', '104', '308', '392', '393']
['77', '78', '291', '302', '303', '305', '353', '354', '359', '382']
['27', '95', '144', '145', '196', '206', '366', '441', '455']
['91', '105', '124', '245', '246', '294', '300', '301', '304', '307', '309']
['42', '68', '238', '239', '395', '396', '399']
['40', '46', '47', '48', '142', '143', '221', '449', '488', '489']
['16', '45', '49', '114', '115', '272', '273', '280', '283', '287', '378']
['0', '2', '4', '6', '9', '108', '109', '420', '427', '428', '429']
['21', '34', '35', '160', '167', '168', '169', '203', '204', '374', '375']
['53', '165', '229', '265', '298', '331', '343', '344', '364', '466', '467']
['237', '352', '370', '371', '372', '373', '376', '422']
['97', '297', '380', '383', '384', '386', '404', '440', '443', '447', '448']
['3', '20', '100', '106', '107', '135', '161', '174', '175', '241', '249']
['387', '496', '497', '498']
['76', '81', '99', '131', '132', '139', '242', '348', '349']
['191', '235', '323', '324', '468']
['26', '31', '59', '152', '330', '332', '335', '336', '339']
['5', '244', '285', '286', '381', '389', '463', '464', '477', '494', '495']
['120', '121', '126', '183', '187', '222', '223', '224', '282', '341', '355']
['37', '277', '333', '410', '411', '412', '419', '424', '425']
['116', '207', '208', '209', '266', '267', '334', '356']
['118', '260', '261', '262', '264', '268', '274', '275']
['13', '14', '148', '350', '377', '390', '397', '398', '402']
['17', '30', '32', '33', '38', '39', '360', '361', '362', '369', '413']
['61', '69', '310', '311', '312', '315', '316', '319', '338', '363']
['1', '8', '82', '83', '190', '192', '197', '198', '199', '340', '342']
['60', '63', '64', '65', '66', '146', '216', '493']
['29', '90', '92', '94', '98', '162', '163', '170', '176', '177', '258']
['127', '128', '289', '313', '314', '476', '490', '491', '492', '499']
['211', '220', '225', '226', '351', '403', '436']
['50', '51', '52', '56', '57', '58', '80', '84', '85', '89', '452']
['10', '11', '15', '18', '19', '181', '182', '195', '368']
['43', '421', '423', '480', '485', '486', '487']
['155', '201', '202', '205']
['210', '212', '213', '214', '215']
['62', '73', '150', '154', '156', '157', '158', '159', '200', '388']
['86', '87', '93', '255', '391', '400', '405', '406', '407', '408', '426']
['24', '25', '71', '72', '88', '101', '102', '137', '284']
['28', '110', '112', '113', '117', '472']
['125', '134', '263', '347', '442', '450', '453', '454', '456', '457']
['70', '74', '75', '79', '401', '409', '438', '439', '470', '473', '474']
['180', '186', '189', '253', '254', '271', '278', '279', '414', '415']
['317', '320', '321', '322', '328', '329', '365', '367', '471', '479']
['250', '251', '252', '256', '257', '259', '327', '446']
['218', '219', '269', '306', '431', '432', '433', '451', '458', '459']
['41', '54', '55', '133', '164', '188']
['7', '178', '179', '227', '228', '345', '346', '379', '444', '445', '481']
['230', '231', '232', '236', '318', '394']
