['3', '4', '15', '16', '50', '208']
['67', '112', '225', '245']
['71', '193', '211', '212', '213', '248']
['1', '2', '7', '8', '9', '10']
['21', '53', '54', '148', '204']
['122', '127', '218', '219']
['45', '48', '189', '190', '191']
['94', '144', '147', '150']
['46', '167']
['93', '145', '178', '179']
['135', '136', '137', '138', '202', '209']
['61', '62', '63', '163', '222']
['83', '84', '132', '133', '134', '205']
['101', '102', '104', '105', '106', '123']
['28', '29', '74', '95', '97', '118']
['11', '128', '129', '139', '140', '141']
['24', '49', '130', '146', '172', '199']
['98', '235', '236', '238']
['25', '76', '77', '80', '82']
['168', '201', '203', '207', '246']
['36', '37', '38', '44', '220', '224']
['124', '173', '186', '242']
['0', '39', '40', '41', '170', '233']
['27', '31', '33', '34', '35', '171']
['73', '196']
['51', '52', '56', '57', '59', '142']
['20', '79', '119', '143']
['64', '65', '66', '92']
['43', '99', '115', '161', '162']
['22', '78', '90', '91', '121', '230']
['176', '177', '181', '182', '184', '185']
['151', '152', '153', '164', '165', '166']
['17', '55', '131', '174', '244']
['6', '154', '155', '180', '217', '249']
['194', '223']
['12', '13', '26', '30', '32', '89']
['100', '103', '114', '116', '117', '175']
['42', '60', '198', '237']
['85', '86', '87', '88', '125', '149']
['156', '157', '158', '159', '160', '210']
['107', '110', '111', '113', '206']
['75', '226', '227', '231', '232', '234']
['14', '47', '68']
['18', '108', '120', '200', '229', '247']
['23', '81', '195', '221', '243']
['96', '197']
['58', '69', '70', '109', '187', '188']
['19', '169', '192', '214', '215', '216']
['183', '228', '239', '240', '241']
['5', '72', '126']
