['AUIRW', 'LYSRO', 'NCWPX', 'RCWOS', 'XQUPB', 'RMHZI', 'QSAIM', 'SEJRA', 'JWNLZ', 'PHXOS', 'FCFIW', 'CSILO', 'ZYEMW', 'PQEKQ', 'KFWQL', 'QFZCO', 'YYNPW', 'RLKNU', 'UOYAH', 'LJQBN', 'SLHLJ', 'VVMSW', 'VMRKJ', 'NCCJD']
['QQCGU', 'ZMCMD', 'JFKWJ', 'DPJHM', 'PPBBM', 'UDFVU', 'MMHOG', 'RWOPE', 'CRSZF', 'RRDGL', 'ILRGH', 'LESUW', 'HKSDK', 'RVMXY', 'STJMV', 'TMCLZ', 'CRKWH', 'EGYBS']
['FXFHY', 'SIWEE', 'LBYAL', 'DRVVY', 'XZTVE', 'ZUYFN', 'ELBRQ', 'KQZVU', 'BFHEV', 'LQJNK', 'VNIQM', 'JGIMA', 'GKOUL', 'ZXEUD', 'YTXXV', 'XMZUX', 'DJQYY', 'GKPPL', 'EPEAQ', 'URMYA', 'NCXIY', 'EFPNV', 'WAZOJ', 'RFDDK', 'JJDHO']
['GUJWH', 'VSARS', 'CHCYT', 'CYMCE', 'SAOVB', 'QJUJE', 'DAPHY', 'RMNKI', 'LYFLA', 'DBXJE', 'RUSXV', 'ELRTK', 'FWTXB', 'NHZCJ', 'WEYKU', 'GPKTZ']
['YKOFS', 'VZNGS', 'QYCKH', 'REVQE', 'VYUHL', 'QLDQR', 'QFSQF', 'BXGAG', 'KGDBH', 'VGWZF', 'YPRRC', 'QZGLO']
['MSZXR', 'PUFAY', 'WLODL', 'GDZSX', 'ABAQL', 'TYYLF', 'DYIYS', 'WNGHY', 'QBGLN', 'SSWHW', 'HAYKV', 'YTVYR', 'ERXLL', 'UEFBC', 'VQUBW', 'KCWNV', 'AXICB', 'TLKIE', 'XPMAC', 'TPIHD', 'OEEYW', 'ZLMYN', 'UTQPU', 'LGPGN']
['LCGFN', 'IHIWD', 'QSIZR', 'RZJZX', 'ZRLGV', 'YVULZ', 'VNNEP', 'AQEWE', 'PARXO']
['CYVWU', 'VFWVV', 'CZQAC', 'AZDHE', 'XQYCU', 'TPIXY', 'TLAOJ', 'TQUPW', 'JECON', 'SPROB', 'KEUTQ', 'LVMLT', 'FRVNO', 'OXZCV', 'JLETC', 'UMQRP', 'KZBFF', 'FIPGX', 'QHQUF', 'PBAWW', 'ZSYGC', 'FFZNI', 'METWY', 'IEEVC', 'VKHOX']
['FRHWO', 'PBEOM', 'YVMFJ', 'QUGAX', 'NSSHB', 'FKSNY', 'OPZLD', 'FMFZO', 'JGGQM', 'MQWLN', 'RAAAY', 'AAEBS', 'FMMZU', 'WMAOH', 'PPAYR', 'SEVGN']
['BHECC', 'EBQJA', 'XTFTT', 'BBDFQ', 'PADSR', 'XGXRC', 'VUZHE', 'FSYHN', 'XYVAU', 'LRCXZ', 'NKEPZ', 'GPAYG', 'QXETJ', 'HKBNA', 'OENOT', 'BVKPC', 'IDOHH', 'XBVDI', 'IYGUJ', 'JPWDA', 'KTXRI', 'LPRGT', 'PKUWP', 'UMQSO', 'FIBZD']
['WWCYP', 'SMDTK', 'KRMMY', 'GBEQY', 'UHFXM', 'JCWPV', 'HZGVK', 'ZZKGQ', 'PCOTH', 'VHWPC']
['GRIBM', 'JDDRN', 'FHCPP', 'QACAX', 'JCAYK', 'GJYBX', 'MLWLT', 'AXIHL', 'CWKNX', 'LHFOM', 'JRNKY']
['RISKG', 'VXNNV', 'QMJUD', 'XMJJP', 'XIGOI', 'WNDOP', 'MCXWP', 'TDICM', 'OZSQX', 'ZKMSA', 'SUNJN', 'IXEZM', 'WNBOI', 'DDGZR', 'DFNDO', 'QJRDV', 'FWKYL', 'ZOVBE', 'CTLHM']
['WHBFR', 'TJTMV', 'RQZDB', 'NLQQX', 'SEUJM', 'GNDQJ', 'JXKSJ', 'OYGNB', 'DOXUP', 'ADKIG', 'DUQLN', 'EFRTR', 'XADCG', 'EWIJA', 'JPLIB', 'JMNIF']
['QNXTS', 'BCTKV', 'SACPU', 'YTTKI', 'KDZDK', 'OHEWR', 'EIALG', 'PUJOM', 'SLYUO', 'GAUGX', 'XLWDU', 'DZGQX', 'CALHI', 'FIUZZ', 'DWCIC', 'XOUQG', 'IPMBX', 'HXGTU', 'IUTYE', 'WZJYQ', 'VBXTL']
['NEQMO', 'NGBWQ', 'BEFRL', 'SUEUT', 'ZOHDS', 'NZAXS', 'NMUXG', 'VQTXV', 'VLACB', 'GKYTD', 'SYRST', 'KCPYN', 'BREAU', 'OYLVF', 'WTAGZ', 'DQJYE', 'UDEWT', 'WGNBW', 'JFOPY', 'MIMWO', 'QMBKL', 'YMAKV', 'PDNXQ', 'JCTBB']
['WFPUN', 'FPFHY', 'GUGKR', 'TKEWX', 'ZRFKN', 'AIWJE', 'NZQKM', 'MRNHH', 'GZWND', 'UNSUE', 'KSGPB', 'IPLJJ', 'EAHZI']
['VZFUK', 'VLXZD', 'OVNTP', 'UZTYA', 'GFWZF', 'LEYDX', 'RNMID', 'PPGSA', 'NMWYK', 'VFXSF', 'OJTYX', 'YQBLY', 'CCHLM', 'WEDAM', 'YIQHC', 'KEPXD', 'KEDYT', 'IAASE', 'ENHUS', 'ZNEQL', 'ZNTDR']
['LMDUZ', 'NPJSC', 'OBCSZ', 'ZCMCP', 'EXERI', 'SDCRN', 'LFYYV', 'FIIIX', 'RDCHE', 'HOCJP', 'PAVOS', 'YSBTR', 'KBDMG', 'FSIEJ', 'HIBFR', 'JTKTH', 'GRUYQ']
['TEYRZ', 'CYRFR', 'KIEKF', 'NLQWV', 'RSYQC', 'POXWS', 'BWKXY', 'EHCWU', 'PUWYW', 'BNPMH', 'BKFQR', 'GKLKQ', 'POYSB', 'BXGFY', 'NLPHM', 'JMPSL', 'VKBEF', 'IBFSE', 'BCKDA', 'VGTYI', 'VSEBO', 'XDBSH', 'ALNHK', 'LMZAF']
['XYABI', 'IOHXF', 'DREMQ', 'BSOUP', 'KDMQW']
['UTYHJ', 'HAKPT', 'XVOGO', 'ASGXO', 'PQYKQ', 'JAGAT', 'XOUQM', 'VCMUY']
['VUPAV', 'NKLCQ', 'NZQNY', 'BMNGE', 'JGBOH', 'BOOKC', 'TIZZI', 'LQGAI', 'DFZLH', 'FKMPO', 'UQJJY', 'SSZXS', 'CWZDH', 'TWVAR', 'STZIM', 'FLAIE', 'AEXQY', 'FQYNK', 'SURGB', 'VISUM', 'HVAAR', 'ENWEC', 'NTGQJ', 'ZPWCF']
['UPNVV', 'GJCQK', 'OMNEY', 'QBYJR', 'UYUIP', 'AEHLI', 'HDFES', 'CASYZ']
['TJLUN', 'GXAOE', 'UXUZX', 'RSFHX', 'MTXFY', 'PKECO', 'VUTIQ', 'RWIWJ', 'EIREK', 'XGCQB', 'NHBOU', 'BHFJC', 'PRFNT', 'SHEUT', 'XHKTV', 'MBBZL', 'GWEZA', 'IVYZR', 'SWZLI', 'MCVPN', 'TARGC', 'BBIGY', 'PSMNV', 'IYMNE', 'UHIOD']
['VWLQP', 'FYAYI', 'GPHCZ', 'EYYNC', 'FESAS', 'DNOMK', 'YRTTG', 'EXSFL', 'LCYZY', 'PDSZU']
['YPSZJ', 'ZMWJB', 'DTPHQ', 'ROVKN', 'MUUIL', 'IQLHD', 'AALPZ', 'SOVUQ', 'FBZDZ', 'HUNXU', 'QVEIA', 'USRDK', 'TJFHX', 'AHXXM', 'CXMEP', 'GUJWW', 'PEIBF', 'FYSSP', 'XQQNM', 'PREHL', 'RRFYM']
['SCMKV', 'DOYMU', 'JEHBC', 'HAPCQ', 'YHWVK', 'KXFFP', 'CSGGY', 'ABQJV', 'DBPXU', 'NNLIE', 'NRRFB', 'DWGDE', 'HGAWC', 'CZNRV', 'WTMZW', 'JLTJR', 'RKMOC', 'GAQXI', 'REFDA', 'SPSXT', 'MQEVZ']
