['305']
['453', '75']
['371', '431', '403', '343', '126', '260', '416']
['279', '233', '491', '1', '129', '102', '34']
['433', '478', '359', '311', '329', '415', '248']
['442', '2', '468', '23', '356', '402', '80']
['172', '369']
['33', '15', '373', '87', '486', '63', '335']
['146']
['179', '271', '265', '138', '151', '59', '171']
['253', '43', '206', '294', '309', '124', '317']
['277', '381', '409', '340', '4', '85']
['194', '94', '462', '448', '498', '447', '405']
['227']
['430']
['187', '296', '298', '363', '191', '322']
['58']
['399', '434', '299', '148', '145', '60', '378']
['166', '407', '473']
['120', '92', '105', '418', '397', '254', '32']
['113', '410', '142', '489', '53', '78', '66']
['285', '460', '492', '106', '224', '307', '84']
['76', '315', '181', '377', '5', '176', '18']
['263', '490', '362', '228', '127', '147', '301']
['134']
['219', '246', '323', '355', '471', '286', '157']
['175', '436', '240', '118', '64', '215']
['19', '282', '27', '306', '445', '204', '203']
['367', '196', '229', '95', '72', '101', '91']
['16']
['86', '269', '457', '73', '167', '47', '454']
['108']
['51', '41', '26', '419', '366', '310']
['472', '262', '327']
['361', '199', '79', '499', '290', '287']
['109', '22']
['213', '122', '139', '10', '77', '49']
['374', '54', '414', '353', '239']
['382', '245', '443', '380', '163', '354']
['221', '208', '97', '493', '360', '461', '197']
['169', '226', '20']
['303', '300', '230', '404', '421', '485', '464']
['209', '336', '241', '426', '449', '136', '231']
['344', '292', '280', '446', '211', '216', '112']
['40', '352', '225', '249', '273']
['28']
['177', '125', '283', '44', '156', '417']
['364', '398', '291', '476', '266', '200', '481']
['440', '30', '115', '400', '438']
['401', '81', '320', '242', '205', '234', '338']
['256', '316', '38', '332', '450', '17', '383']
['385', '104', '331', '202', '133', '259', '159']
['164', '437', '268', '465', '318', '342', '195']
['427', '160', '328', '412', '180', '237', '455']
['275']
['451']
['334', '408', '98', '154']
['189']
['123', '45', '107', '93', '243', '184']
['289', '238', '458', '251']
['281']
['140', '325', '459', '150', '232', '475', '487']
['463']
['207']
['46', '103', '62', '69', '31', '83', '483']
['9', '144', '261', '210', '153', '158', '24']
['255']
['350', '388', '308', '57', '12', '267', '276']
['67', '393', '358', '71', '250', '252', '130']
['99', '456', '333', '74', '313', '319']
['394', '21', '222', '110', '96', '480', '376']
['37', '178', '155', '406', '357', '0', '339']
['13', '424', '235', '82', '185', '444', '482']
['293', '89']
['52']
['25', '218', '193', '425', '439', '413', '192']
['6', '100', '479', '182', '201', '392', '257']
['258', '278', '395', '111', '165', '302', '351']
['469']
['61', '173', '183', '7', '422', '174']
['470', '236', '50', '347', '390', '137', '435']
['48']
['295', '466', '14', '391', '337', '345', '131']
['365']
['141', '488', '389', '214', '36', '330']
['198', '420', '321', '68', '495', '42', '8']
['341', '386', '116', '121', '370', '387']
['274', '379', '65', '432', '186', '135', '372']
['324', '90', '152', '35', '496', '220', '168']
['494', '312', '270', '288', '346', '423', '247']
['70', '244', '396', '217', '114', '297', '149']
['39', '128', '272', '284', '119', '3', '55']
['223']
['467', '411']
['497', '441', '348', '29', '143', '264', '132']
['474', '368', '11', '161', '162', '304', '384']
['170']
['117', '477', '190', '212', '188', '88', '428']
['326']
['429', '484', '452', '56', '314', '349', '375']
