['73', '75', '77', '79', '81', '148', '175', '177', '259']
['119', '121', '123', '125', '136', '138', '140', '142', '144', '155']
['91', '93', '95', '97', '99', '179', '204', '206']
['24', '26', '71', '150', '152', '164', '166', '269']
['10', '12', '14', '16', '18', '53', '162', '194', '238', '240']
['44', '57', '59', '137', '139', '141', '143', '168', '170', '233']
['82', '84', '86', '88', '90', '126', '226', '232', '234', '242']
['1', '96', '127', '129', '131', '135', '146']
['17', '107', '132', '134', '180', '189', '201', '203', '205', '207']
['37', '41', '43', '45', '94', '116']
['163', '165', '169', '171', '214', '262', '264', '266', '270']
['6', '161', '181', '183', '185', '191', '193', '195', '228', '230']
['74', '76', '78', '80', '190', '192', '196', '198']
['42', '72', '83', '85', '167', '244', '246', '248', '250', '252']
['3', '5', '7', '9', '19', '21', '23', '25', '27', '173']
['35', '36', '63', '208', '210', '212', '216', '227', '229', '231']
['110', '112', '114', '209', '211', '218', '220']
['38', '40', '56', '109', '111', '113', '115', '117', '199', '268']
['39', '154', '156', '158', '160', '254']
['58', '60', '62', '98', '219', '221', '223']
['54', '213', '215', '217', '225', '235', '237', '239', '241', '243']
['65', '67', '69', '92', '108', '182', '184', '186']
['46', '48', '50', '52', '64', '66', '68', '70', '120', '236']
['11', '118', '122', '124', '145', '147', '149', '151', '153']
['172', '174', '176', '178', '187', '197', '224', '263', '265', '267']
['8', '13', '15', '47', '49', '51', '128', '130', '157', '159']
['55', '61', '87', '89', '100', '102', '104', '106', '245']
['101', '103', '105', '253', '255', '256', '257', '258', '260', '261']
['20', '22', '133', '200', '202', '222', '247', '249', '251']
['2', '4', '28', '29', '30', '31', '32', '33', '34', '188']
