['Leod']
['Melisa', 'Mauchi', 'Eudocia', 'Barby', 'Hankins', 'Hotze', 'Benilda', 'Harland', 'Basso', 'Myrvyn', 'Schreck', 'Krystalle', 'Balliett', 'Noyes', 'Hanway', 'Felicie', 'Binette', 'Foulk', 'Ciapas', 'Ng', 'Hudis', 'Jorgenson', 'Atkins', 'Questa', 'Dott', 'Grochow', 'Florentia', 'Danais', 'Utas', 'Plantagenet', 'Jimmy', 'Gloriana', 'Morville', 'Mackenzie', 'Epstein']
['Delila', 'Flieger', 'Minier', 'Serafine', 'Marijn', 'Gombosi', 'Matthew', 'Griswold', 'Ottinger', 'Chancellor', 'Genie', 'McKinney', 'Prince', 'Dedric', 'Scherman', 'Rani', 'Fairfax', 'Harriet', 'Mushro', 'Carter', 'Saylor', 'Newton', 'Wing', 'Bluhm', 'Tutankhamen', 'Enid', 'Cheria', 'Montagna', 'Willis', 'Shelby', 'Holms', 'Vevay', 'Meingolda', 'Tonya', 'Auroora']
['Anuska', 'Sumer', 'Wight', 'Astto']
['Latimer', 'Bui', 'Gillian', 'Mokas', 'Lenhart', 'Hamlin', 'Elihu', 'Formenti', 'Cardwell', 'Melda', 'Janaya', 'Evangeline', 'Franek', 'Danna', 'Hett', 'Nance', 'Toh', 'Eno', 'Hako', 'Oakes', 'Adolphus', 'Weirick', 'Holton', 'Cal', 'Ardys', 'Janerich', 'Nari', 'Neva', 'Kile', 'Wunder', 'Ches', 'Lenes', 'Sandstrom', 'Karon', 'Clymer']
['Burkhart', 'Chae', 'Tiphane', 'Berneta', 'Agosto', 'Elburr', 'Vesta', 'Bevon', 'Elberta', 'Beaver', 'Corkhill', 'Dela', 'Hong', 'Ratcliffe', 'Marilou', 'Ginzburg', 'Ashman', 'Nanette', 'Stearns', 'Matthaeus', 'Leanna', 'Barnett', 'Colly', 'Winer', 'Halstead', 'Norean', 'Shannah', 'Placido', 'Love', 'Elmira', 'Sievert', 'Lentha', 'Chaddie', 'Dare', 'Fitz']
['Padget', 'Ardehs', 'Zobe', 'Cerracchio', 'Dietrich', 'Tennes', 'Moonier', 'Faunia', 'Acacia', 'Maribel', 'Aviv', 'Uta', 'Tessy', 'Ammadis', 'Henrique', 'Javler', 'Ursi', 'Cherry', 'Starinsky', 'Fabrice', 'Merola', 'Watson', 'Gwenette', 'Debera', 'Larry', 'Girovard', 'Ruhnke', 'Vikky', 'Harmony', 'Rombert', 'Groos', 'Alvinia', 'Ebba', 'Mathur', 'Kanya']
['Tine', 'Grimona', 'Rhonda', 'Yerxa', 'Joed', 'Kaufmann', 'Ber', 'Antonetta', 'Hannover', 'Earlene', 'Ebneter', 'Lamson', 'Won', 'Maye', 'Galligan', 'Clea', 'Nicolis', 'Stephenson', 'Mansoor', 'Lynnelle', 'Sheeran', 'Renick', 'Proudfoot', 'Klapp', 'Nafis', 'Lon', 'Jeniece', 'Glenn', 'Hermon', 'Lyle', 'Demetria', 'Kylah', 'McClimans']
['Shanly', 'Tavy', 'Thorman', 'Selma', 'Bran', 'Hittel', 'Eleni', 'Salomi', 'Letta', 'Sigsmond', 'Pinto', 'Darsie', 'Robbin', 'Saville', 'Perloff', 'Cloots', 'Rocray', 'Ferro', 'Lindell', 'Jobyna', 'Nath', 'Sachi', 'Saudra', 'Raynor', 'Neveda', 'Edrick', 'Jehiel', 'Lunetta', 'Quitt', 'Karie', 'Groh', 'Fokos', 'Crompton', 'Rooke', 'Willetta']
['Shelbi']
['Woodhead', 'Risteau', 'Kerianne', 'Hatch', 'McCoy', 'Smukler', 'Caines', 'Yim', 'Kinzer', 'Knute', 'Augustina', 'Buckler', 'Jenkel', 'Udell', 'Zandt', 'Charin', 'Larson', 'Puklich', 'Felise', 'Emelita', 'Nannette', 'Ruyle', 'Ursola', 'Mitchiner', 'Ashling', 'McIntosh', 'Rik', 'Lynett', 'Uchida', 'Erlewine', 'Lorilyn', 'McCullough', 'Ace', 'Koetke', 'Behlau']
['Lawler', 'Emelia', 'Brazee']
['Beebe', 'Dotson', 'Gowrie', 'Micheal', 'Emmer', 'Busey', 'Griffin', 'Halimeda', 'Summons', 'Sinnard', 'Cyd', 'Pippo', 'Dowlen', 'Holofernes', 'Odin', 'Sosanna', 'Bruns', 'Hayyim', 'Birck', 'Hillegass', 'Gunn', 'Milore', 'Arianna', 'Manaker', 'Fausta', 'Prebo', 'Clere', 'Reste', 'Ted', 'Flo', 'Clovah', 'Ubana', 'Ferullo', 'Ainslee', 'Leiser']
['Klute', 'Akeyla', 'Hadleigh', 'Berner', 'Dumas', 'Karlise', 'Tuttle', 'Neille', 'Crean', 'Verras', 'Volkan', 'Dett', 'Livingston', 'Virginia', 'Polish', 'Ludovico', 'Biggs', 'Janenna', 'Desi', 'Costin', 'Carlick', 'Japeth', 'Pryce', 'Feinstein', 'Barsky', 'Higgs', 'Dearman', 'Rue', 'Fillender', 'Blasius', 'Lamb', 'Till', 'Fadiman', 'Freddy', 'Margeaux']
['Cicely', 'Celestyn', 'Danuloff', 'Doroteya', 'Donn', 'Woo', 'Arel', 'Masterson', 'Baldridge', 'Cutty', 'Dimitry', 'Jestude', 'Grath', 'Nisse', 'Schnabel', 'Cristiona', 'Nessy', 'Coumas', 'Billy', 'Favian', 'Brittnee', 'Kassi', 'Haldane', 'Cristoforo', 'Ragland', 'Pappas', 'Marijo', 'Hawger', 'Dole', 'Blondell', 'Bello', 'Ultun', 'Eldwen', 'Derinna', 'Dulcea']
['Bhayani', 'Lacy', 'Lombardi', 'Everick', 'Sandeep', 'Firman', 'Davidde', 'Vaish', 'Buxton', 'Lauree', 'Fruin', 'Yarvis', 'Eilis', 'Vonni', 'Hook', 'Delinda', 'Wistrup', 'Lotus', 'Converse', 'Tristam', 'Alf', 'Catherin', 'Midian', 'Fifine', 'Melburn', 'Kerwon', 'Durante', 'Gibun', 'Uzzia', 'Pontius', 'Danita', 'Fast', 'Paulita', 'Wendye', 'Raul']
['Jenness']
['Swanhilda', 'Shea']
['Zelma', 'Jessalin', 'Balling', 'Jason', 'Jori', 'Ashford', 'Velda', 'Hillel', 'Winebaum', 'Hakim', 'Avril', 'Monahan', 'Farro', 'Tarkany', 'Girardo', 'Rodolphe', 'Merth', 'Carrillo', 'Chemush', 'Nestor', 'Jillana', 'Turrell', 'Holey', 'Hardej', 'Les', 'Bernj', 'Shepp', 'Cataldo', 'Osrick', 'Malo', 'Lux', 'Minda', 'Darrow', 'Derril', 'Adriane']
['Mikol', 'Safire', 'Deni', 'Flemming', 'Tillford', 'Cavallaro', 'Coh', 'Antonino', 'Gerianne', 'Katzir', 'Roanna', 'Tay', 'Marina', 'Bounds', 'Worlock', 'Lou', 'Maude', 'Fidelio', 'Utica', 'Fredkin', 'Yasu', 'Australia', 'Oscar', 'Kudva', 'Balcer', 'Candyce', 'Moyers', 'Damon', 'Meras', 'Towne', 'Kimon', 'Kronick', 'Saxen', 'Adaurd', 'Druce']
