['53', '132', '114', '241', '312', '153', '249', '142', '135', '279', '246', '376', '372', '56', '386', '391', '148', '344', '294', '105', '161', '290', '292', '205', '69']
['323', '271', '361', '319', '171', '371', '80', '100', '233', '355', '34', '68', '242', '87', '296', '360', '220', '51', '101', '269', '175', '378', '192', '285', '193']
['262', '347', '339', '304', '128', '379', '325', '250', '125', '340', '103', '77', '289', '159', '316', '180', '31', '212', '59', '156', '97', '66', '330', '11']
['255', '107', '186', '179', '210', '235', '185', '223', '112', '307', '214', '270', '211', '65', '55', '20', '33', '90', '164', '237']
['155', '380', '23', '206', '190', '104', '122', '213', '256', '160', '364', '149', '263', '111', '239', '1', '8', '314', '315', '332', '287', '89', '21', '45', '81']
['147', '359', '218']
['67', '154', '93', '115', '27', '352', '73', '50', '343', '76', '79', '224', '338', '127', '4', '196', '141', '283', '145', '353', '295', '85', '118', '170', '195']
['52', '58', '363', '324', '388', '181', '138', '182', '201', '254', '98', '228', '60', '389', '116', '62', '168', '334', '381', '32', '305', '240', '374']
['86', '309', '3', '199', '35', '280', '19', '113', '261', '88', '227', '395', '219', '2', '346', '129', '119', '281', '328', '40', '169', '373']
['176', '146', '341', '265', '299', '345', '310', '365', '358', '366', '350', '203', '57', '318', '7', '14', '276', '143', '43', '375', '117', '208', '47', '74']
['274', '188', '216', '209', '264', '204', '387', '136', '91', '284', '64', '243', '184', '37', '110', '144', '221', '300', '61', '30', '298', '317', '396', '163', '370']
['191', '172', '178', '333', '133', '140', '12', '173', '288', '302', '28', '362', '26', '321', '106', '71', '222']
['397', '207', '75', '248', '70', '94', '266', '253', '268', '83', '273', '331', '337', '267', '336', '134', '247', '229', '329', '382', '167', '351']
['151', '157']
['158', '377', '200', '95', '44', '82', '306', '6', '183', '96', '392', '367', '126', '357', '18', '322', '46', '278', '301', '251', '120', '24', '121', '383']
['232', '189', '313', '291', '293', '49', '25', '320', '399', '5', '244', '308', '198', '245', '38', '72', '257', '177', '36', '202', '63']
['10', '123', '356', '29', '311', '13', '162', '16', '393', '335', '131', '9']
['0', '342', '260', '139', '99', '354', '124', '368', '303', '286', '394', '197']
['17', '226', '275', '215', '22', '327', '48', '137', '326', '165', '258', '231', '238', '236', '102', '174', '384', '152', '398', '130', '369', '348', '259', '78']
['187', '92', '349', '15', '84', '282', '109', '41', '225', '150', '194', '166', '297', '385', '108', '277', '390', '42', '230', '272', '217', '234', '39', '252', '54']
