['500', '165', '337', '662', '201', '327', '156', '956', '548', '769', '536', '820']
['198', '176', '279', '396', '671', '560', '908', '394', '925', '544', '675', '451', '678']
['415', '288', '619', '939', '938', '706', '531', '571', '766', '840', '639', '169', '116']
['849', '872', '929', '802', '851', '57', '210', '205', '470', '762', '987', '714']
['108', '917', '632', '621', '984', '294', '518', '599', '635', '239', '968', '841', '54']
['311', '44', '889', '55', '957', '517', '122', '789', '625', '576', '842', '796', '355']
['720', '400', '209', '6', '772', '269']
['793', '27', '48', '202', '248', '873', '846', '173', '999', '537', '509', '853', '839']
['10', '602', '249', '88', '46', '852', '713', '558', '488', '110', '948', '244', '607']
['786', '298', '117', '978', '340', '884', '930', '845', '259', '795', '68', '880', '14']
['646', '631', '942', '564', '770', '657', '760', '813', '768', '626', '674', '134', '171']
['414', '878', '366', '973', '654', '882', '805', '798', '161', '737', '578', '125', '430']
['478', '850', '912', '784', '911', '575', '587', '574', '812', '926', '411', '272', '526']
['624', '100', '455', '254', '203']
['326', '745', '356', '163', '540', '764', '5', '200', '162', '752', '443', '375', '876']
['92', '115', '306', '273', '799', '449', '452', '343', '193', '808', '325', '387', '442']
['441', '287', '172', '970', '961']
['585', '516', '318', '896', '613', '245', '871', '255', '641', '124', '444', '71', '730']
['42', '260', '89', '257', '435', '274', '922', '118', '304', '141', '361', '785', '127']
['608', '135', '707', '461', '218']
['152', '696', '495', '186', '53', '801', '238', '638', '597', '699', '280', '105', '731']
['204', '22', '477', '450', '528', '195', '136', '465', '101', '468', '910', '228', '170']
['86', '756', '24', '877', '977', '181', '164', '256', '644', '150', '727', '41']
['374']
['58', '252', '881', '859', '507', '408', '82', '74', '775', '618', '132', '222', '854']
['131', '521', '276', '811', '831', '380', '52', '231', '417', '235', '179', '64']
['93', '757', '863', '143', '749', '982', '104', '299', '916', '438', '221', '12', '140']
['393', '598', '146', '453', '991', '525', '870', '353', '819', '301', '594', '847', '182']
['406']
['83']
['247']
['990', '941']
['324', '431', '309', '979', '747', '661', '80', '920', '943', '702']
['935', '463', '637', '858', '546', '967', '300', '603', '693', '913', '412', '360', '711']
['229', '722', '95', '960', '384', '503', '212', '464', '779', '778', '102', '736', '215']
['303', '751']
['75', '246', '168', '586', '293', '600', '610', '332', '214', '1', '596', '264']
['37', '532', '220', '506', '906', '643', '290', '627', '944', '835', '8', '112', '424']
['827', '225', '844', '647', '447', '40', '84', '668', '35', '79', '684', '997', '830']
['243', '32', '680', '386', '519', '137']
['481', '832', '645', '567', '7', '676', '664', '365', '382', '0', '341', '573', '456']
['903', '242', '959', '677', '372', '49', '153', '866', '774', '949', '482', '806', '120']
['623', '62', '388', '289', '266', '76', '721', '262', '824', '904', '11', '250', '777']
['402', '484']
['389', '742', '864', '128', '183', '4', '695', '773', '59', '617', '732', '898', '611']
['803', '856', '547', '725', '992', '860', '951', '312', '955', '320', '529', '800', '893']
['716', '592', '797', '322', '604', '63', '376', '319', '741', '429', '409', '650', '30']
['981', '504', '350', '31', '423', '755', '902']
['542', '520', '814', '188', '932', '606', '555', '894', '928', '614', '781', '28', '98']
['620', '391', '709', '94', '323', '940', '66', '986', '370', '924', '348', '666', '679']
['609', '848', '206', '682', '570', '787', '972', '698', '217', '919', '530', '448', '60']
['349', '96', '139', '313', '271', '825', '416', '407', '207', '462', '892', '551', '989']
['130', '219', '23', '419', '995', '946', '556', '321', '47', '378', '527', '190', '114']
['297', '822', '26', '512', '213', '489', '899', '458', '875', '177', '483', '931', '490']
['39', '690', '78', '421', '901', '719', '648', '753', '672', '828', '936', '750', '513']
['155', '562', '199', '998', '397', '151', '286', '230', '837', '541', '241', '758', '485']
['34', '267', '826', '281', '890', '373', '51', '552', '718', '715', '9', '629']
['433']
['395', '582', '99', '514', '13', '107', '413', '336', '192', '549', '236', '109']
['432', '783', '425', '315', '584', '29', '187', '683', '338', '359', '253', '636', '685']
['857', '945', '145', '810', '15', '305', '494']
['927', '454', '883', '178', '557', '553', '291', '90', '717', '689', '166', '843']
['377', '988', '733', '65', '434', '197', '565', '642', '390', '759', '3', '566', '466']
['886', '17', '491', '891', '307', '479', '681', '729', '763', '499', '739', '821']
['368', '72', '934', '723', '653', '794', '937', '656', '879', '522', '640', '861', '314']
['158', '996']
['106']
['87', '126', '524', '958', '67', '888', '21', '333', '467', '712', '476', '833', '615']
['439', '328', '45', '36', '25', '401', '867', '761', '358', '147', '591', '142', '691']
['344', '887', '947', '50', '511', '446', '734', '865', '498', '667', '493', '148', '261']
['652']
['994', '302']
['809', '694', '771', '767', '317', '240', '705', '43', '743', '404', '357', '909', '962']
['673']
['385', '283', '829', '726', '885', '728', '914', '167', '563', '697', '426', '399']
['983', '985', '933', '191', '923', '980', '533', '227', '501', '268', '975', '469']
['952', '194', '593', '744', '233', '724', '669', '572', '398']
['216', '492', '634', '538', '502', '486', '622', '754', '56', '347', '383', '381', '331']
['351', '270', '346', '554', '154', '460', '160', '308', '232', '855', '180', '16', '508']
['436', '410', '807', '133', '818', '111', '816', '660', '686', '339', '543']
['616']
['515', '282', '630', '780', '121', '473', '953', '138', '976', '746', '223', '581', '342']
['559', '539', '352', '237', '765', '405', '963', '296', '392', '471', '971', '583', '862']
['258', '475', '437', '428', '310', '345', '196', '208', '965', '278', '969', '77', '918']
['700', '284', '73', '688', '292', '459', '70', '535', '275', '123', '534', '868', '748']
['263', '85', '701', '420', '792', '595', '330', '184', '950', '329', '628', '334', '422']
['921', '692', '815', '129', '251', '776', '149', '740', '663', '33', '601', '659', '589']
['364']
['91', '869', '588', '708', '523', '568', '185', '472']
['838', '665', '159', '974', '954', '277', '2', '496', '474', '285', '545', '655', '174']
['427']
['612', '788', '211', '670', '362', '649', '658', '379', '561', '81', '363']
['103', '580', '905', '457', '964', '735', '900', '790', '823', '550', '119', '804', '703']
['418', '704', '834', '577', '510', '113', '403', '874', '897', '367', '915', '69', '371']
['651']
['569', '605', '369', '505', '175', '157', '817', '97', '738', '480', '687', '445', '440']
['144', '354', '590', '295', '791', '18', '487', '895', '966', '782', '316', '38', '189']
['836', '907', '265', '226', '335', '61', '633', '19', '993']
['579', '710', '497', '234', '20']
['224']
