['669', '241', '629', '828', '588', '265', '851', '768', '643', '829', '4', '32', '912', '44', '736', '889', '70', '610', '477', '326', '443', '342', '200', '303', '334', '72', '169', '353', '644', '345', '547', '163', '561', '839', '131', '601', '752', '702', '289', '320']
['590', '958', '955', '157', '783', '390', '883', '616', '731', '572']
['524', '438']
['663', '609', '113', '819', '797', '175', '993', '666', '356', '46', '287', '219', '707', '155', '782', '872', '909', '361', '975', '166', '739', '931', '774', '945', '549', '205', '68', '520', '834', '314', '85', '922', '741', '437', '145', '223', '589', '177', '902', '74']
['509', '719', '228', '119']
['989', '821', '377', '36', '23', '470', '713', '305', '884', '613', '763', '354', '815', '767', '364', '886', '124', '42', '699', '298', '557', '301', '24', '211', '765', '631', '678', '351', '982', '721', '55', '296', '187', '56', '337', '491', '247', '243', '685', '236']
['309', '208', '522', '413', '162', '998', '538', '704', '376', '926', '659', '523', '299', '360', '515', '48', '811', '575', '323', '621', '138', '790', '848', '357', '789', '686', '12', '929', '414', '933', '991', '416', '224', '947', '725', '497', '777', '35', '758', '981']
['316', '441', '430', '645', '712', '451', '154', '60', '139', '587', '127', '328', '121', '521', '319', '499', '726', '995', '473', '331', '488', '801', '397', '508', '25', '852', '528', '623', '961', '10', '452', '444', '826', '84', '953', '875', '855', '355', '723', '503']
['469', '107', '336', '695', '386', '762', '483', '619', '835', '79', '89', '106', '535', '679', '591', '865', '330', '823', '599', '49', '916', '798', '908', '280', '396', '425', '104', '28', '144', '186', '924', '769', '952', '384', '905', '22', '654', '77', '270', '383']
['680', '691', '595', '445', '748', '199', '94']
['189']
['771', '454', '890', '92', '306', '5', '494', '596', '780', '495', '269', '151', '275', '581', '627', '836', '593', '463', '832', '385', '53', '871', '658', '501', '657', '874', '274', '788', '327', '423', '787', '378', '701', '263', '964', '184', '840', '203', '164', '971']
['660', '16', '963', '418', '324', '893', '967', '232', '311', '458', '493', '672', '932', '78', '664', '844', '730', '539', '310', '459', '690', '256', '978', '105', '727', '529', '711', '692', '304', '374', '696', '251', '366', '615', '898', '859', '668', '935', '284', '481']
['635', '670', '198', '340', '646', '440', '900', '906', '387', '321', '350', '745', '628', '101', '467', '126', '266', '466', '904', '950', '461', '261', '612', '114', '715', '553', '565', '728', '225', '647', '543', '805', '262', '281', '455', '676', '462', '887', '650', '533']
['997', '999', '562', '176', '115', '849', '577', '215', '988', '800', '633', '484', '794', '235', '885', '278', '76', '424', '93', '411', '778', '598', '67', '343', '312', '742', '395', '882', '415', '257', '747', '779', '540', '880', '0', '738', '990', '116', '550', '120']
['450', '95', '335', '202', '996', '174', '234', '210', '608', '689', '191']
['653', '642', '986', '449', '708', '737', '941', '293', '382', '369', '47', '2', '936', '583', '921', '579', '464', '507']
['341', '392', '98', '410', '245', '567', '808', '246', '260', '476', '720', '687', '754', '652', '860', '705', '984', '329', '295', '474', '942', '555', '125', '213', '291', '172', '514', '938', '486']
['194', '99', '556', '735', '182', '152']
['525', '552', '362', '512', '179', '751', '420', '734', '694', '153', '584', '940', '428', '207', '286', '517', '814', '435', '478', '160', '212', '11', '927', '576', '825', '724', '624']
['282', '956', '838', '732', '573', '406', '9', '816', '625', '408', '123', '913', '640', '404', '258', '347', '456', '239', '51', '876', '448', '109', '979', '237', '831', '634', '217', '358', '255', '544', '43', '427', '181', '965', '453', '220', '52', '878', '959', '8']
['502', '130', '820', '267', '421', '19', '240', '379', '536', '283', '214', '111', '532', '1', '38', '346', '856', '566', '460', '641', '542', '419', '648', '519', '541', '910', '948', '592', '706', '618', '693', '363', '170', '760', '96', '429', '264', '171', '698', '102']
['722', '638', '773', '13', '118', '564', '518', '122', '850', '818', '928', '371', '193', '827', '97', '148', '854', '135', '877', '614', '439', '594', '137', '276', '399', '837', '393', '923', '943', '233', '899', '807', '746']
['180', '285', '178', '600', '37', '485', '110', '784', '761', '551', '786', '665', '558', '980', '914', '196', '433', '791', '273', '150', '216', '238', '359', '602', '639', '671', '985', '447', '632', '231', '391', '729', '607', '142', '526', '300', '482', '268', '188', '957']
['505', '134', '368', '185', '401', '817', '192', '62', '133', '858', '254', '250', '716', '772', '810', '962', '934', '586', '622', '662', '563', '537', '804', '597', '279', '402', '554', '75', '57', '465', '968', '987', '400', '226', '750', '50', '764', '88', '688', '372']
['161', '749', '869', '870', '510', '873', '897', '571', '795', '117', '54', '222', '87', '626', '431', '244', '472', '845', '242', '206', '31', '506', '937', '879', '218', '446', '915', '759', '479', '603', '173', '585', '69', '27', '90', '677', '249', '833', '582', '272']
['297', '853', '812', '793', '367', '930', '34', '436', '667', '290', '21', '766', '307', '403', '165', '128', '271', '568']
['673', '516', '992', '604', '649', '490', '757', '714', '605', '339', '919', '681', '911', '868', '487', '308', '892', '338', '398', '66', '146', '434', '843', '80', '966', '332', '15', '857', '970', '352', '370', '40', '674', '960', '496', '292', '39', '920', '901', '63']
['349', '365', '405', '322', '569', '822', '197', '45', '65']
['61', '894', '974', '58', '792', '863', '903', '636', '718', '81', '809', '492', '158']
['195', '683', '20', '59', '861', '824', '545', '866', '548', '183', '710', '755', '740', '480', '112', '983', '407', '190', '796', '475', '252', '743', '230', '168', '14', '651', '64', '570', '422', '560', '30', '315', '776', '574', '6', '412', '697', '26', '842', '862']
['100', '409', '802', '977', '976', '457', '580', '918', '944', '620', '317', '891', '333', '380', '511', '83', '18', '527', '733', '201', '288', '41', '248', '91', '388', '682', '846', '500', '325', '375', '803', '229', '132', '806', '994', '656', '630', '973', '531', '73']
['141', '140', '313', '82', '969', '675', '709', '3', '559', '895', '513', '744']
['684', '348', '156', '277', '259', '756', '159', '753', '373', '925', '700', '867', '147', '637', '813', '136', '578', '344', '103', '534', '33', '108', '394', '830', '954', '907', '381', '781', '149', '489', '318', '294', '703', '951', '29', '717', '498', '655', '917', '143']
['881', '468', '770', '209', '775', '939', '841', '530', '426', '204', '949', '606', '504', '17', '71', '864', '896', '389', '442', '471', '302', '7', '611', '129', '888', '221', '847', '661', '167', '617', '972', '799', '546', '253', '86', '227', '417', '785', '946', '432']
