['785', '138', '603', '0', '423', '220', '661', '943', '196', '765', '273', '716', '86', '38', '847', '369', '580', '91', '443', '488', '61', '913', '139', '301', '408', '749', '723', '316', '16', '77', '8', '233', '262', '252', '505', '991', '650', '304']
['911', '624', '410', '606', '813', '65', '46', '527', '432', '988', '125', '545', '203', '531', '399', '960', '107', '579', '865', '671', '210', '727', '128', '864', '554', '34', '625', '970', '294', '690', '940', '590', '2', '383', '825', '54', '551', '124', '191', '753']
['948', '205', '187', '172', '599', '889', '607', '824', '648', '487', '645', '775', '7', '415', '24', '19', '503', '786', '926', '774', '14', '919', '27', '641', '397', '286', '626', '562', '463', '532', '469', '660', '466', '232', '907']
['658']
['832', '883', '268', '133', '337', '918', '683', '153', '400', '26', '993', '374', '857', '134', '712', '632', '898', '807', '245', '348', '974', '917', '986', '242', '984', '53', '298', '695', '611', '116', '192', '770', '874', '563', '275', '718', '769', '639', '480', '98']
['460', '670', '94', '111', '511', '136', '725', '422', '949', '578', '109', '339', '367', '117', '935', '904', '878', '827', '549', '108', '666', '703', '676', '150', '324', '752', '968', '371', '287', '745', '692', '370', '522', '823', '997', '90', '364', '591']
['584', '994', '594', '568', '947', '614', '413', '623', '402', '672', '40', '860', '870', '820', '721', '272', '577', '929', '309', '664', '354', '241', '195', '608', '835', '656', '518', '754', '713', '866', '43', '516', '793', '708', '783', '784', '104', '459', '271', '224']
['524', '621', '341', '132', '154', '699', '97', '385', '890', '961', '62', '892', '588', '160', '355', '828', '79', '190', '635', '620', '221', '897', '605', '100', '59', '131', '851', '757', '977', '674', '22', '173', '869', '697', '688', '758', '217', '915', '162', '333']
['719', '598', '781', '680', '362', '841', '990', '642', '523', '63', '837', '905', '319', '368', '310', '351', '799', '449', '766', '250', '444', '102', '405', '58', '468', '806', '93', '581', '470', '952', '278', '567', '404', '291', '669', '662', '933', '394', '957', '535']
['72', '521', '461', '179', '822', '896', '910', '361', '795', '962', '279', '566', '200', '382', '633', '247', '597', '37', '515', '29', '850', '140', '182', '249', '113', '782', '903', '228', '677', '619', '416', '143', '801', '11', '906', '958', '145', '36', '873', '698']
['763', '888', '12', '177', '877', '514', '458', '571', '450', '95', '33', '548', '248', '872', '560', '966', '312', '261', '559', '922', '819', '197', '812', '137', '303', '538', '613', '884', '340', '934', '171', '85', '47', '565', '393', '83', '539', '790']
['842', '57', '358', '266', '569', '983', '288', '490', '345', '112', '543', '478', '159', '526', '600', '964', '377', '925', '773', '344', '442', '685', '216', '211', '816', '684', '852', '555', '494', '761', '359', '4', '258', '673', '17', '789', '659', '751', '778', '118']
['724', '472', '403', '700', '475', '149', '858', '283', '572', '349', '44', '314', '975', '963', '809', '360', '651', '596', '717', '737', '213', '895', '169', '876', '386', '269', '282', '208', '329', '330', '836', '365', '900', '332', '260', '276', '995', '800', '206']
['157', '484', '533', '129', '920', '971', '541', '156', '115', '794', '495', '105', '178', '557', '235', '817']
['123', '240', '69', '381', '424', '738', '616', '126', '848', '378', '387', '447', '142', '686', '194', '15', '720']
['448', '667', '916', '707', '161', '49', '701', '356', '375', '956', '122', '13', '254', '451', '165', '198', '445', '550', '166', '427', '296', '909', '740', '501', '325', '214', '5', '231', '155', '78']
['750', '846', '638', '998', '999', '530', '586', '395', '32', '352', '844', '289', '219', '715', '452', '691', '114', '938', '742', '595', '982', '135', '882', '839', '879', '87', '979', '130', '168', '414', '802', '931', '861', '808', '950', '334', '996', '630', '901', '735']
['482', '320', '748', '791', '987', '189', '389', '553', '657', '253', '471', '838', '818', '158', '821', '912', '297', '60', '328', '747', '875', '430', '121', '512', '409', '170', '815', '768', '788', '497', '346', '681', '570', '687', '326', '653']
['457', '204', '263', '327', '66', '281', '643', '434', '225', '622', '652', '407', '96', '454', '120', '771', '856', '176', '306', '780', '81', '525', '321', '202', '552', '353', '293', '259', '284', '776', '762', '829', '593', '391', '759', '322', '542', '953', '218', '101']
['649', '675', '388', '234', '604', '251', '734', '868', '867', '779', '292', '181', '70', '576', '48', '796', '280', '510', '147', '92', '89', '363', '246', '628', '164', '536', '308', '730', '45', '534', '76', '655', '615', '474', '798', '863', '887', '496', '396', '601']
['437', '945', '347', '804', '20', '811', '573', '583', '174', '520', '741', '871', '199', '151', '936', '343', '609', '843', '894', '849', '440', '302', '493', '853', '71', '148', '499', '955', '587', '646', '188', '886', '31', '881', '295', '739']
['311', '840', '315', '10', '612', '237', '704', '264', '517', '694', '930', '959', '589', '891', '426', '743', '736', '722', '446', '9', '342', '425', '299', '932', '28', '227', '462', '73', '366', '528', '67', '453', '439', '489', '144', '805']
['627', '967', '419', '479', '127', '927', '82', '184', '654', '335', '492', '729', '270', '944', '455', '637', '438']
['317', '631', '481', '908', '714', '992', '797', '180', '18', '318', '973', '338', '978', '678', '663', '989', '665', '464', '544', '561', '350', '80', '64', '285', '755', '564', '84', '636', '256', '618', '951', '257', '476', '689', '193', '617', '969']
['74', '756', '41', '923', '119', '390', '640', '914', '498', '693', '238', '473', '411', '540', '222', '380', '592', '25', '290', '777', '307', '502', '429', '985', '110', '230', '376', '954', '435', '323', '215', '55', '644', '372', '1', '830', '229', '467', '52', '834']
['456', '746', '980', '831', '51', '787', '772', '972', '728', '885', '313', '175', '546', '141', '56', '833', '942', '965', '537', '826', '412', '183', '6', '398', '767', '582', '585', '710', '39', '845', '331', '744', '50', '504', '981', '803', '733', '485', '946', '99']
['265', '507', '167', '921', '880', '506', '899', '465', '810', '3', '185', '244', '682', '223', '862', '152', '629', '305', '575', '529', '731', '75', '574', '556', '937', '477', '902', '23']
['696', '201', '21', '428', '243', '705', '277', '610', '418', '854']
['602', '976', '941', '433', '436', '163', '764', '709', '103', '392', '855', '491', '239', '212', '431', '421', '406', '814', '732', '373', '634']
['711', '509', '300', '209', '106', '186', '924', '928']
['88', '236', '379', '441', '547', '417', '859', '274', '760', '207', '519', '500', '893', '255', '267', '647', '939', '357', '42', '384', '513', '508', '336', '706', '30', '486', '702', '792', '226', '483', '401', '668', '68', '558', '146', '726', '679', '420', '35']
