['732', '621', '717', '690', '487', '13', '830', '854', '182']
['569', '417', '149', '177', '666', '943', '969', '939', '815', '111']
['66', '315', '821', '597', '3', '986', '459', '871', '59', '823']
['8', '534', '393', '650', '442', '499', '346', '90']
['510', '489', '129', '153', '77', '411', '270']
['654', '251', '39', '931', '620', '574', '221', '991', '331', '230']
['91', '863', '840', '675', '715', '720', '686']
['345', '307', '403', '358', '958', '390', '570', '637']
['419', '589', '954', '60', '309', '173', '713', '868', '461', '901']
['434', '919', '231', '964', '203', '893']
['774', '448', '608', '166', '826', '562', '640', '421', '81', '266']
['866', '926', '917', '44', '742', '998', '95', '847', '441']
['50', '633', '697', '603']
['439', '698', '921', '450', '831', '249', '845', '793', '82', '746']
['418', '289', '313', '723', '424', '822', '528', '62', '12']
['532', '378', '279', '63', '374', '43', '256', '521', '514', '985']
['828', '107', '842', '542', '990', '530', '375', '372', '906']
['596', '865', '477', '886']
['80', '494', '443', '692', '311']
['155', '520', '932', '529', '40', '548', '612', '869', '299', '449']
['471', '971', '233', '284', '54', '187', '341', '641', '296', '241']
['703', '685', '482', '20', '872', '21']
['46', '303', '561', '873', '275', '261', '551', '814']
['585', '647', '401', '638', '563', '171', '935', '329', '308', '105']
['478', '566', '151', '181', '572', '383']
['49', '968', '258', '161', '997', '109', '699', '550', '782', '338']
['388']
['488', '320', '651', '617', '731', '760']
['670', '0', '802', '290', '524', '216', '513', '174', '425', '386']
['730', '97', '464', '359', '965', '841', '106', '462', '243']
['224', '911', '468', '490', '843', '391', '294']
['454', '130', '435', '645', '721', '659', '727', '974', '339']
['594', '384', '687', '681', '55', '156', '844']
['333', '67', '292', '804', '959', '784', '556']
['634', '191', '306', '688', '936', '557', '324', '791', '148', '11']
['628', '858', '904', '839', '365', '406']
['142', '154', '29', '269', '500', '409', '426', '273', '41', '186']
['184', '144', '470', '754', '867']
['253', '102', '342', '202', '578', '430', '517', '584']
['849', '671', '739', '72', '414']
['879', '42', '276', '896', '447', '247', '387', '31', '348', '476']
['310', '399', '121', '328', '980', '696', '178', '783']
['136', '679', '761']
['392', '413', '242', '515', '523', '824', '874', '661', '360', '175']
['539', '553', '169', '846', '344', '35', '915', '812', '453', '493']
['704', '260', '429', '624', '104', '134', '618', '876', '114', '400']
['535', '334', '678', '601', '357', '17', '237', '297', '505']
['68', '119', '427', '565', '605', '474']
['960', '30', '407', '976', '555', '250', '600', '83', '168', '163']
['582', '131', '382', '778', '138']
['709', '708', '127', '301', '6', '916', '423', '531', '613', '125']
['818', '222']
['188', '948', '684', '305', '978', '73', '673', '982', '126', '756']
['218', '920', '364', '694', '252', '975', '944', '300']
['217', '24', '19', '319', '25', '71', '775', '38', '861']
['905', '124', '779', '99', '397', '465']
['734', '752', '353', '492', '495']
['74', '518', '463', '946', '197', '422', '559', '927', '460']
['639', '325', '853', '768', '283']
['576', '312', '700', '710', '908', '65', '322', '627', '194', '236']
['381', '888', '970', '491', '857', '642', '240', '799']
['966', '762', '385', '664', '516', '705', '120', '625', '722', '2']
['511', '725', '614', '598']
['147', '864', '870', '22', '373', '903', '560', '162', '951', '726']
['806', '192', '900', '543', '885', '744', '882']
['636', '16', '228', '558', '892', '115', '225', '327', '533']
['606', '317', '227', '825', '922', '755', '538']
['512', '933', '380', '314', '189', '862', '889', '226', '456', '32']
['604', '772', '340', '18', '859', '973', '649', '451']
['552', '281', '996', '728', '682']
['416', '199', '767', '428', '547', '677', '206', '609', '568', '766']
['611', '891', '164', '445', '481', '898', '436', '875', '362']
['502', '368', '466', '98', '883', '152', '402']
['257', '486', '658', '856', '981', '350', '786', '740', '884']
['770', '1', '234', '819', '213', '630', '255', '724', '519', '820']
['47', '635', '706', '855', '729', '366', '643', '880', '469', '947']
['480', '286', '323', '581', '5', '994']
['262', '367', '957', '887', '196', '771', '190']
['457', '741', '657', '259', '356', '545', '967', '389', '610']
['912', '377', '907', '371', '663', '579', '272', '316', '70', '689']
['809', '895', '354', '987', '410', '758', '9']
['753', '743', '280', '58', '215']
['586', '343', '757', '117', '267', '432', '336', '827', '444', '183']
['293', '160', '631', '431']
['51', '133', '347', '789', '733', '254', '349', '599', '983', '405']
['76', '26', '961', '150', '683', '877', '363', '116', '355', '277']
['712', '211', '735', '894', '135', '537', '573', '764']
['69', '140', '816', '33', '473', '999', '881', '665', '204']
['351', '701', '52', '94', '648', '801', '993', '668', '769', '103']
['749', '219', '57', '48', '945', '937', '291', '525', '591', '773']
['210', '787', '268', '750']
['984', '588', '265', '146', '918', '667', '86', '484', '92']
['949', '719', '479', '676', '113', '503', '446', '209', '571', '747']
['910', '433', '929', '137', '817', '302', '64']
['656', '950', '337', '4', '851', '437', '738', '10', '176']
['790', '660', '763', '644', '264', '398', '23']
['848', '61', '507', '438', '833', '123', '84', '271', '239']
['36', '714', '458', '170', '836', '899']
['924', '53', '326', '796', '467', '526', '890', '680', '860', '157']
['285', '850', '263', '332', '803', '205', '295', '593']
['89', '244', '497', '607', '75', '335', '172', '759', '992', '15']
['805', '952', '110', '736', '765', '145', '483', '165']
['7', '941', '527', '776', '304', '235', '455', '632']
['87', '837', '246', '274', '781', '394', '788', '214', '564', '498']
['287', '504', '751', '925', '745', '544', '330', '278', '501']
['616', '962', '248', '953', '832', '583', '580', '963', '167', '623']
['913', '45', '989', '220', '101', '792', '567', '629', '808', '938']
['592', '878', '223', '379', '180', '674', '352', '662']
['195', '988', '27', '229', '143', '835', '622']
['672', '179', '208', '118', '554']
['655', '506']
['361', '132', '245', '909', '923', '541', '185', '122', '37', '452']
['711', '522', '798', '546', '928', '508', '369', '595', '96', '718']
['212', '395', '56', '930', '159', '852', '777']
['897', '626', '128', '693', '575', '288', '420', '813']
['298', '475', '669', '100', '619']
['602', '193', '979', '282', '940', '198', '14', '797', '85', '238']
['972', '321', '540', '536', '934', '440', '716', '408', '201']
['590', '318', '158', '785', '509', '485', '28', '995']
['139', '376', '695', '811', '807']
['232', '404', '652', '79', '748', '141', '829', '834', '207', '737']
['200', '577', '415', '34', '472', '942', '78']
['412', '653', '955', '702', '794', '795', '88', '496', '902', '370']
['549', '112', '108', '93', '977', '800', '396', '587']
['914', '707', '780', '691', '810', '838', '615', '956', '646']
