['621', '161', '671', '80', '738', '702', '425', '832', '747', '773', '796', '410', '216', '394', '171', '10', '440', '502', '729', '420']
['435', '909', '418', '574', '399', '254', '531', '709', '660', '92', '606', '134', '439', '848', '883', '372', '481', '88', '209', '56', '579', '913', '352', '344']
['807', '401', '823', '497', '515', '735', '833', '166', '852', '624', '582', '897', '924', '524', '898', '594', '485', '490', '384', '792', '278', '656', '511', '337', '349', '6', '319', '720', '727', '217', '243', '658', '845', '529', '448', '402', '277', '321', '117']
['5', '851', '223', '195', '377', '509', '472', '219', '583', '232', '11', '258', '704', '63', '455', '581', '546', '563', '147', '50', '862', '454', '135', '137', '417', '28', '64', '753', '788', '539', '508', '687', '894', '133', '409', '578', '580', '598', '170', '78', '23', '110', '176', '560', '121', '492', '255', '74', '477']
['542', '786', '432', '308', '234', '52', '27', '90', '398', '141', '334', '723', '307', '505', '200', '905', '599', '526', '392', '693', '159', '698', '145', '446', '830', '22', '680', '810', '247', '100', '115', '449', '468', '25', '484', '544', '82', '535', '152', '814']
['154', '722', '813', '467', '596', '630', '587', '286', '189', '705', '726', '533', '736', '250', '62', '281', '388', '42', '878']
['303', '590', '591', '218', '306', '904', '763', '744', '8', '672', '573', '504', '661', '666', '673', '891', '317', '96', '356', '181', '601', '799', '880', '703', '36', '828', '132', '774', '841', '482', '638', '7', '557', '600', '342', '292', '99', '822', '906', '826', '416']
['111', '213', '487', '911', '715', '210', '226', '442', '801', '192', '302']
['802', '285', '829', '149', '794', '768', '316', '242', '193', '873', '908', '15', '81', '362', '691', '778', '620', '188', '816', '72', '246', '37', '915', '662', '868', '406', '347', '354', '679', '874', '522', '764', '903', '70', '33', '431', '382', '73', '208']
['808', '453', '447', '143', '576', '928', '710', '861', '239', '127', '318', '518', '876', '697', '853', '633', '588', '30', '238', '383', '436', '737', '681', '357', '718', '775', '241', '227', '540', '67', '901']
['326', '506', '493', '627', '725', '309', '245', '136', '84', '359', '114', '607', '471', '767', '699', '375', '421', '741', '48', '68', '798', '742', '644']
['916', '301', '205', '669', '312', '769', '646', '516', '365', '730', '712', '819', '854', '427', '273', '927', '514', '276', '616', '21', '300', '629', '642', '97', '648', '513', '49', '45', '361', '106', '750']
['756', '381', '153', '610', '415', '670', '457', '521', '907', '379', '857', '101', '341', '29', '552', '430', '811', '641']
['752', '689', '622', '333', '776', '202', '791', '914', '58', '856', '53', '706', '168', '340', '395', '267', '595', '368', '163', '682', '855', '850', '724', '479', '899', '688', '125', '263', '343', '517', '271', '38', '261', '547', '835', '623', '162', '685', '191', '374', '558', '288']
['222', '43', '89', '657', '351', '212', '164', '355', '605', '545', '503', '551', '293']
['400', '386', '507', '69', '194', '678', '283', '746', '190', '617', '310', '389', '87', '882', '360', '683']
['175', '429', '182', '910', '923', '789', '330', '700', '235', '367', '428', '871', '291', '19', '177', '618', '109', '888', '615', '486', '920', '559', '233', '476', '609', '331', '57']
['77', '512', '148', '450', '734', '112', '886', '614', '179', '214', '645', '102', '651', '328']
['265', '434', '668', '640', '555', '836', '843', '611', '294', '156', '412', '259', '755', '397', '817', '639', '376', '781', '896', '713', '619', '885', '740', '562', '550', '543', '570', '800', '144', '708', '541', '849', '79', '364', '32', '55', '463', '804', '890', '745', '501', '290', '892', '332', '921', '186', '172', '369', '39', '173', '869', '628']
['320', '60', '684', '834', '690', '24', '338', '297', '385', '636', '608', '632', '240', '282', '95', '806', '0', '237', '732', '694', '603', '229', '198', '879', '536', '500', '408', '390', '893']
['592', '488', '925', '14', '329', '18', '765', '749']
['707', '926', '731', '304', '458', '196', '711', '445', '85', '424', '126', '772', '34', '323', '423', '612', '104', '875', '761', '123', '157', '199']
['107', '387', '787', '917', '572', '523', '203', '158', '766', '751', '444', '519', '404', '236', '527', '793', '675', '230', '35', '272', '266', '71', '298', '887', '451']
['770', '777', '866', '564', '299', '105', '556', '842', '61', '650', '532', '46', '17', '525', '759', '491', '818', '185', '339', '122', '207', '378', '59', '653', '249', '586', '494', '174', '602', '812', '858', '296', '635', '305', '1', '98', '663', '350', '821', '66', '9']
['805', '825', '348', '345', '475', '831', '510', '859', '142', '422', '568', '716', '534', '407', '16', '575', '815', '643', '146', '604', '225', '637', '65', '790', '140', '496', '371', '441', '262', '760', '701', '495', '204']
['183', '393', '206', '647', '659', '782', '426', '187', '918', '667', '530', '838', '626', '549', '253', '797', '116', '758', '160', '748', '721', '353', '138', '837', '252', '268', '3', '664', '403', '151', '315', '456', '846', '696', '366', '313', '325', '840', '47', '872', '597', '613', '895', '779', '2', '695', '548', '631', '336', '220', '469', '231', '889', '569', '380', '847']
['520', '13', '113', '593', '499', '284', '733', '589', '269', '795', '221', '474', '165', '363', '498', '128', '783', '652', '155', '584', '295', '41', '877']
['274', '824', '118', '561', '275', '178', '411', '346', '31', '335', '785', '244', '677', '839', '224', '280', '654', '150', '739', '94', '373', '327', '538', '108', '44', '54', '655']
['438', '462', '396', '803', '270', '370', '743', '780', '929', '865', '922', '256', '473', '129', '76', '553', '4', '167', '665', '419', '649', '311', '131', '634', '215', '443', '567', '461', '130', '413', '433', '566', '12', '762', '900', '528', '358', '197', '184', '257', '860', '714', '809', '884', '414', '470', '919']
['676', '139', '251', '912', '459', '264', '844', '287', '180', '211', '465']
['478', '314', '489', '86', '75', '585', '322', '686', '692', '771', '91', '51', '124', '169', '452', '248', '40', '571', '289', '754', '625', '103', '120', '20', '881', '719', '554', '324', '483', '757', '717', '279', '228', '466', '464', '119', '391', '565']
['577', '437', '460', '260', '405', '93', '870', '827', '902', '674', '863', '728', '820', '201', '480', '867', '26', '864', '537', '784', '83']
