['40', '822', '523', '292', '21', '700', '229', '458', '422', '792', '763', '768', '125', '463', '29', '720', '486', '438', '573', '733', '689', '609', '839', '558', '146', '828', '304', '277', '795', '149', '301', '610', '475', '340', '592', '351', '92', '211', '524', '567', '448', '522', '652', '711', '219', '179', '183', '394', '250', '376']
['188', '218']
['797', '588', '378', '243', '168', '775', '645', '824', '231', '186', '129', '205', '310', '91', '338', '757', '145', '759', '227', '569', '823', '724', '345', '545', '381', '207', '620', '686', '791', '643', '806', '571', '746', '96', '591', '674', '606', '143', '99', '564', '53', '191', '561', '108', '498', '758', '736', '669']
['79', '384', '607', '644', '315', '557', '130', '419', '560']
['632']
['341']
['64']
['349']
['539', '619']
['434']
['59', '346', '747', '510', '45', '11', '395', '709', '499']
['439', '371']
['393', '98', '131', '639', '252', '270', '78', '739', '365', '705', '790', '110', '743', '482', '266', '138', '308', '187', '738', '614', '489', '226', '47', '135', '155', '480', '660', '416', '756', '617', '35', '182', '751', '236', '426', '22', '322', '786', '677', '210', '585', '324', '538', '147', '537', '295', '206', '16', '528', '255']
['267', '631', '30', '26', '173', '836', '251', '596', '616', '361', '773', '500', '799', '698', '405', '484', '633', '503', '25', '241', '641', '477', '8', '543', '396', '281', '329', '299', '680', '515', '749', '199', '820', '772', '621', '223', '587', '649', '418', '625', '794', '319', '90', '63', '120', '282', '485', '659', '23', '491']
['572']
['134']
['192', '507', '727', '112', '235', '136', '518', '287', '683', '437']
['337']
['154', '676']
['148']
['754', '627', '428', '760', '142', '119', '14', '492', '796', '637', '70', '548', '178', '505', '535', '153', '729', '716', '678', '598', '690', '198', '51', '350', '222', '466', '708', '813', '717', '9', '333', '140', '452', '113', '470']
['821']
['69', '264', '540']
['303', '753', '568', '582', '517', '740', '551', '784', '169', '464', '455', '406', '137', '532', '81', '312', '665', '166', '117', '435', '294', '615', '49', '604', '202', '246', '75', '456', '546', '696', '159', '77', '180', '667', '741', '93', '2', '382', '296', '67', '189', '184', '496', '723', '803', '195', '224', '501', '196', '613']
['278', '362', '27', '279', '375', '89', '774', '139', '158', '354', '656', '804', '272', '373']
['353', '745', '61', '386', '358', '744', '6', '581']
['679']
['127', '476', '798', '580', '87', '681', '529', '220', '764', '450', '605', '577', '201', '648', '750', '446', '291', '457', '336', '261', '230', '570', '655', '815', '589', '269', '364', '635', '204']
['318', '781', '785', '176', '164', '549', '97', '34', '602', '174', '467', '107', '421', '812', '693', '516', '391', '414', '670', '161', '584', '32', '39', '634', '170', '640', '41', '838', '638', '407', '288', '175', '721', '827', '123', '628', '33', '86', '323', '28', '718']
['228', '5', '43', '387', '144', '65', '328', '411', '263', '413', '167', '234', '104', '116', '701', '471', '831', '603', '425']
['590', '780', '511', '436']
['508', '48', '156', '152', '593', '275', '248', '449', '586', '54', '259', '412', '260', '256', '330', '398', '706', '808', '7', '672', '819', '388', '802', '410', '58', '479', '253', '141', '84', '536', '400', '280', '440', '399', '662', '731', '383', '339', '359', '254', '105', '286', '368', '534', '468', '363', '726', '710', '265', '408']
['118']
['825']
['817', '0', '834', '102', '15', '512']
['3']
['684', '326', '722', '692', '18', '699', '527', '816', '244', '193', '465', '663', '555', '779', '237', '769', '687', '80', '715', '566', '62', '311', '171', '380', '403', '343', '445', '209', '642', '793', '454', '55', '728', '742', '562', '424', '459', '835', '215', '240', '525', '276', '111', '334', '157', '232', '177', '38', '832', '685']
['712', '367', '682', '541', '160', '787', '829', '214', '809', '213', '788', '494', '44', '661', '216', '735', '650', '203', '761', '415', '82', '355', '200', '748', '461', '356', '185', '392', '128', '807', '777', '163', '194', '238', '217', '623', '833', '550', '579', '74', '478', '335', '599', '88', '703', '601', '611', '331', '704', '347']
['85']
['233', '344', '443', '782', '520', '533', '66', '313', '597', '441', '262', '57', '630', '504', '552', '608', '554', '474', '658', '495', '502', '71', '4', '109', '789', '530', '221', '327', '688', '734', '447', '513', '423', '404', '379', '42', '298', '385', '427', '542', '24', '612', '377', '316', '245', '352', '702', '626', '212', '284']
['420', '314']
['583', '190', '460', '325', '366', '714', '462', '766', '521', '165', '151', '133', '247', '563', '36', '172', '451', '444', '668', '805', '342', '576', '320', '594', '106', '197', '697', '13', '431', '814', '433', '469', '624', '575', '360', '519', '801', '547', '578', '225', '12', '664', '181', '694', '1', '103', '417', '374', '600', '95']
['317', '531', '305', '695', '595', '37', '302', '115', '72', '300', '629', '830', '526', '487', '713', '506', '46', '673', '752', '126', '770', '307', '68', '52', '249']
['707', '783', '622', '565', '357', '297', '348', '811', '556', '559', '31', '309', '691', '762', '636', '372', '737', '778', '83', '409', '544', '389', '730', '671', '370', '306', '429', '17', '509', '653', '481', '258', '289', '290', '765', '242', '725', '442', '274', '124', '666', '401', '800', '132', '285', '767', '100', '321', '483', '453']
['268']
['114']
['646', '50', '818', '162', '10', '19', '257', '488', '490', '553', '271', '402', '390', '60', '432', '283', '618', '647', '369', '293', '574', '675', '651', '473', '654', '430', '273', '20', '472', '657', '208', '493', '771', '826', '397', '56', '837', '73', '497', '121', '810', '332', '239', '76', '122', '755', '776', '150', '719', '101']
['514']
['94']
['732']
