['706', '379', '639', '330', '422', '946', '386', '529', '596', '910', '569', '419', '84', '125', '960', '35', '717', '872', '273', '602', '371', '349', '399', '219', '445', '110', '945', '784', '270', '573', '883', '795', '912', '95', '559', '851', '329', '14', '862', '882', '690', '939', '707', '566', '370', '514', '228', '561', '451', '595', '608', '641', '162', '331', '362', '383', '842', '769', '151', '147', '4', '991', '638', '647']
['884', '672', '463', '375', '196', '501', '471', '297', '393', '523', '169', '649', '568', '787', '519', '875', '410', '373', '973', '146', '327', '164', '632', '988', '970', '118', '61', '76', '355', '425', '74', '476', '819', '358', '528', '659', '143', '804', '631', '295', '810', '421', '628', '384', '978', '737', '38', '582', '558', '473', '478', '630', '173', '402', '535', '253', '13', '19', '898', '324', '251', '852', '633', '365']
['585', '494', '827', '995', '645', '230', '153', '962', '197', '42', '214', '775', '241', '271', '685', '904', '193', '771', '824', '130', '880', '9', '201', '32', '799', '189', '36', '178', '620', '941', '642', '96', '957', '901', '224']
['142', '317', '522', '378', '889', '137', '135', '840', '615', '448', '726', '236', '968', '855', '780', '798', '489', '828', '794', '980', '908', '667', '689', '713', '572', '762', '69', '83', '614', '998', '347', '468', '932', '394', '298', '656', '344', '938', '487', '622', '867', '963', '792', '560', '896', '972', '231', '975', '841', '26', '836', '812', '279', '490', '728', '315', '933', '589', '134', '63', '512', '492', '624', '646']
['551']
['333', '220', '301', '159', '434', '428', '763', '843', '127', '45', '322', '760', '942', '223', '765', '148', '677', '82', '336', '368', '869']
['16', '123', '580', '740', '876', '974', '67', '500', '930', '250', '576', '736', '874', '746', '806', '621', '510', '961', '525', '985', '848', '106', '556', '79', '878', '712', '772', '940', '503', '697', '686', '603', '412', '316', '751', '915', '380', '505', '145', '452', '817', '104', '305', '101', '958', '513', '879', '935', '174', '15', '984', '807', '696', '54', '591', '217', '299', '255', '213', '92', '586', '262', '480', '734']
['140', '541', '458', '286', '651', '437', '516', '830', '141', '835', '374', '215', '739', '724', '741', '923', '894', '536', '723', '834', '424', '190', '983', '648', '300', '268', '8', '309', '673', '658', '453', '486', '332', '990', '996', '764', '414', '342', '307', '48', '574', '208', '964', '801', '335', '583', '767', '823', '881', '221', '320', '469', '977', '407', '470', '167', '859', '258', '755', '181', '496', '89', '971', '264']
['313', '212', '158', '68', '119', '443', '692', '665', '363', '46', '858', '688']
['788', '670', '326', '714', '354', '967', '184', '341', '302', '718', '195', '663', '128', '244', '906', '176', '491', '661', '747', '546', '129', '871', '328', '814', '207', '103', '401', '816', '504', '989', '921', '303', '629', '671', '346', '754', '909', '997', '25', '916', '40', '260', '172', '550', '666', '27', '397', '565', '291', '261', '436', '43', '679', '969', '555', '698', '210', '395', '392', '518', '111', '467', '124', '613']
['625', '235', '759', '845', '177', '662', '429', '200', '325', '24', '731', '294', '950']
['721', '803', '903', '227', '225', '272', '406', '999', '521', '426', '157', '768', '423', '454', '446', '627', '888', '778', '485', '732', '33', '537', '902', '797', '280', '886', '121', '508', '783', '499', '892', '432', '802', '829', '870', '811', '918', '1', '616', '936', '680', '245', '789', '700', '39', '204', '952', '822', '408', '911', '440', '216', '488', '474', '246', '533', '265', '601', '267', '456', '477', '281', '948', '805']
['846']
['773', '592', '925', '676', '539', '715', '495', '117', '618', '786', '599', '438', '777', '693', '356', '860', '278', '97', '353', '415', '57', '360', '709', '357', '52', '581', '637', '612', '530', '198', '222', '115', '211', '687', '311', '206', '727', '203', '243', '435', '750', '439', '269', '266', '509', '274', '343', '701', '634', '98', '277', '359', '979', '808', '390', '606', '385', '351', '791', '825', '388', '538', '571', '965']
['716', '864', '577', '895', '180', '88', '877', '660', '3', '738', '296', '507', '766', '607', '31', '502', '87', '674', '479', '733', '100', '345', '60', '854', '681', '729', '704', '532', '288', '254', '403', '462', '191', '710', '166', '381', '643', '678', '18', '382', '943', '308', '934', '597', '209', '987', '182', '431', '66', '234', '12', '483', '781', '154', '183', '655', '919', '116', '868', '420', '194', '433', '459', '338']
['7', '929', '785', '753', '669', '242', '838', '652', '484', '409', '304', '188', '705', '831', '947', '691', '310', '2', '5', '924', '752', '232', '981', '927', '905', '138', '850', '51', '10', '575', '239', '636', '761', '720', '460', '293', '240', '107', '71', '252', '587', '623', '472', '891', '949', '44', '314', '553', '28', '185', '832', '866', '920', '411', '770', '334', '986', '562', '756', '931', '233', '758', '152', '418']
['498', '339', '873', '90', '570', '292', '730', '114', '813', '187', '53', '133', '447', '170', '416', '782', '30', '833', '719', '163', '644', '367', '75', '455', '959', '849', '994', '893', '287', '86', '584', '544', '534']
['78', '427', '564', '282', '563', '29', '306', '413', '611', '465', '120', '657', '226', '70', '17', '540', '283', '131', '65', '0', '160', '449', '626', '914', '22', '654', '913', '482', '907', '149', '144', '259', '139', '542', '168', '161', '80', '922', '993', '6', '285', '702', '248', '588', '610', '312', '951', '861', '136', '405', '377', '442', '77', '112', '150', '58', '218', '757', '290', '708', '853', '579', '263', '340']
['524']
['55', '809']
['749']
['793', '640']
['790', '466', '976']
['156', '953', '515', '796', '21', '186', '376', '543', '837', '62', '23', '50', '417', '598', '72']
['520', '318', '369', '400', '56']
['321', '108', '192', '237', '249', '389', '668', '352', '199', '664']
['289', '742', '856', '366', '475']
['617', '113', '844', '590', '779', '109', '93', '821', '493', '653', '887', '372', '890', '545', '59', '404', '917', '461', '481', '548', '91', '73', '323', '695', '774', '20', '398', '600', '743', '81', '396', '85', '982', '744', '64', '820', '748', '229', '926', '897', '682', '609', '444', '11', '578', '47', '464', '171', '865', '165', '694', '683', '497', '966', '839', '202', '567', '847', '992', '527', '276', '506', '441', '818']
['605', '863', '337', '247', '450', '94', '745', '256', '857', '547', '776', '604', '725', '37', '675', '205', '319', '348', '391', '126', '511', '557', '430', '284', '554', '122', '735', '275', '531', '34', '944', '650', '956', '49', '517', '549', '238', '900', '387', '684', '179', '526', '722', '928', '619', '132', '899', '99', '885', '937', '711', '703', '364', '954', '826', '155', '102', '457', '175', '800', '552', '955', '41', '350']
['594', '815', '699', '593', '361', '635', '257']
['105']
