['212', '890', '419', '906', '935', '630', '221', '622', '685', '401', '712', '180', '795', '678', '732']
['670', '379', '787', '183', '784', '89', '694', '43', '539', '375', '598', '113', '993', '826', '330', '781', '655', '440', '462', '875', '4', '261', '392', '222', '757', '645', '582']
['600', '773', '474', '111', '292', '648', '270', '110', '391', '679', '657', '968', '864', '471', '903', '483', '692', '936', '290', '960', '664', '746', '452', '136', '818', '184', '61', '930', '680', '972']
['668', '528', '715', '509', '828', '606', '182', '881', '815', '351', '247', '75', '916', '703', '946', '400', '554']
['267', '516', '998', '882', '1', '358', '62', '854', '131', '801', '572', '97', '534', '39', '65', '239', '898', '187', '797', '431', '720', '336', '502', '64', '224', '374', '614', '56', '676', '133']
['289', '436', '332', '619', '357', '521', '266', '538', '45', '557', '971', '427', '541', '50', '650', '789', '879', '833', '121', '859', '897', '408', '348', '595', '14', '233']
['822', '923', '325', '628', '447', '989', '112', '741', '644', '144', '346', '736', '356', '506', '649', '883', '625', '304', '238', '540', '165', '535', '827', '997', '226', '242', '821', '345', '768', '355', '303', '710', '429', '251', '643', '579']
['456', '751', '863', '26', '286', '596', '562', '755', '667', '952', '488', '468', '718', '283', '950', '651', '95', '298', '695', '402', '616', '344', '260', '9', '294', '869', '834', '334', '104', '901', '12', '684']
['244', '398', '57', '974', '181', '195', '68', '444', '277', '497', '193', '40', '728', '975', '399', '173', '658', '735', '170']
['79', '523', '249', '556', '868', '464', '647', '639', '284', '730', '424', '159', '575', '706', '996', '52', '451', '802', '232', '545', '377', '142', '123', '764', '779', '318', '496', '626']
['529', '991', '542', '88', '437', '878', '169', '428', '656', '631', '533', '809', '530', '840', '46', '774', '323', '940', '978', '274', '770', '415']
['390', '114', '745', '16', '118', '353', '167', '404', '171', '673', '116', '724', '725', '887', '662', '663', '369', '265']
['302', '281', '584', '466', '486', '586', '80', '891', '637', '11', '734', '84', '850', '933', '653', '248', '70', '73', '716', '969', '924', '563', '698', '985', '442', '884', '201', '635', '157', '937', '587', '288', '652', '708', '99', '236', '790', '360', '756']
['829', '831', '513', '939', '306', '876', '900', '231', '981', '847', '96', '999', '349', '217', '120', '291', '888', '902', '287', '570']
['359', '31', '481', '480', '370', '518', '257', '476', '107', '982', '948', '493', '931', '926', '60', '857', '312', '162', '453', '254', '198', '485', '845', '842', '92', '908', '122', '141', '970', '520', '296', '550']
['607', '389', '811', '67', '543', '517', '410', '709', '758', '28', '276', '749', '714']
['207', '777', '905', '341', '148', '188', '967', '726', '241', '532', '932', '961', '208', '819', '958', '445', '491']
['966', '689', '621', '512', '93', '938', '820', '308', '27', '252', '983', '103', '220', '139', '439', '21', '128', '339', '59', '175', '49', '617', '839']
['546', '677', '366', '729', '147', '473', '634', '569', '775', '723', '608', '282', '977', '914', '420', '373', '411', '499', '896', '384', '472', '794', '911', '197', '328']
['25', '176', '877', '910', '85', '213', '458', '576', '687', '947', '199', '23', '701', '77', '588', '589', '915', '258', '230', '921', '228', '108', '448']
['58', '72', '55', '742', '403', '893', '752', '455', '51', '383', '739', '866', '153', '894', '964', '799', '478', '196', '856', '457', '812', '681', '973', '172', '177', '849', '127', '525', '63', '722', '135']
['498', '604', '791', '275', '394', '690', '823', '609', '463', '511', '125', '594', '450', '337', '640', '186', '161', '158', '852', '853', '934', '592', '313', '185', '385', '816', '211', '590', '759', '580', '342', '564', '74', '189', '583']
['316', '382', '250', '721', '912', '810', '273', '860', '980', '767', '713', '979', '737', '2', '152', '47', '102', '603', '38', '612', '984', '949', '490', '321', '17', '807', '750', '522', '227', '844', '837', '138']
['386', '310', '191', '885', '537', '806', '301', '446', '129', '892', '841', '115', '132', '269', '555', '10', '873', '331', '899', '858', '461', '36', '470', '155', '951', '704', '566', '469']
['168', '674', '324', '505', '957', '317', '510', '988', '765', '585', '601']
['421', '602', '524', '441', '243', '126', '24', '785', '565', '19', '223', '696', '8', '350', '492', '285', '106', '824', '34', '409', '796', '278', '963', '846', '508', '237', '90', '117', '327', '808', '889']
['143', '329', '605', '214', '209', '190', '364', '836', '665', '33', '449', '913', '412', '804', '78', '547', '753', '83', '731', '140', '416', '613', '571']
['87', '700', '311', '37', '340', '459', '669', '280', '381', '597', '91', '577', '20', '672', '69', '769', '780', '624', '240', '719', '778', '156', '965', '536', '762', '843', '838', '611', '549', '150', '599']
['219', '215', '378', '615', '717', '3', '134', '320', '776', '35', '203', '792', '42', '548', '578', '454', '423', '994', '206', '519', '322', '754', '558', '7', '426', '942', '299', '501', '98', '380', '279']
['253', '15', '553', '928', '748', '367', '432', '743', '870', '738', '309', '82', '835', '146', '707', '918', '944', '406', '862', '825', '711', '683', '372', '763', '573', '192', '66']
['54', '654', '204', '202', '178', '782', '895', '245', '145', '627', '300', '467', '917', '53', '393', '477', '623', '363', '425']
['326', '943', '927', '766', '661', '641', '871', '460', '414', '434', '786', '137', '660', '417', '361', '705', '194', '109', '593', '865']
['407', '263', '659', '333', '71', '271', '352', '568', '793', '959', '319', '163', '166', '433', '986', '362', '551', '832', '315', '44', '514', '610', '686']
['503', '830', '747', '574', '101', '629', '395', '909', '210', '174', '955', '29', '861', '907', '761', '18', '293', '297', '347', '682', '783', '693', '335', '100', '435', '495', '205', '487', '500', '307', '733', '561', '151']
['229', '798', '591', '387', '256', '788', '264', '154', '867', '22', '262', '954', '620', '504', '396', '699']
['544', '688', '5', '405', '234', '666', '235', '872', '376', '94', '632', '246', '338', '30', '559', '675', '160', '422', '225', '813', '365', '760', '642', '484', '268', '552', '81', '874']
['479', '305', '886', '0', '6', '560', '920', '443', '771', '13', '527', '956', '507', '48', '371', '32', '567', '119', '418', '314', '86', '636', '992', '272', '945', '702']
['919', '124', '929', '475', '295', '200', '941', '482', '727', '990', '581', '817', '255', '216', '618', '851', '368', '697', '740', '803', '494', '646', '105', '531', '164', '354', '413']
['388', '438', '633', '397', '343', '179', '772', '987', '259', '130', '848', '515', '904', '814', '76', '41', '430', '976']
['880', '925', '953', '149', '855', '218', '800', '962', '465', '805', '638', '526', '691', '922', '744', '671', '995', '489']
