['413', '551', '420', '221', '372', '21', '599', '422']
['559', '256', '479', '430', '327', '511']
['339', '513']
['563']
['381', '270', '9', '590', '289', '337', '307', '152', '233', '442', '46']
['18']
['528']
['319']
['473', '34']
['27', '153']
['161', '77', '471']
['83', '392']
['125', '594', '405', '458', '69', '265', '464', '281', '134', '517', '489', '207', '568', '402', '345', '510', '260', '338', '99']
['126', '527', '12', '209', '38']
['242']
['200', '514', '206']
['62']
['122', '580']
['516']
['217', '379', '11', '429', '452', '190', '36', '202', '213', '515']
['55']
['254', '203', '495', '384', '349', '468']
['512']
['444', '509']
['274']
['175']
['249']
['237', '51', '292', '224', '162', '104', '439', '541']
['560']
['312']
['588', '176']
['49', '8', '547']
['565', '378', '553', '210', '201', '581', '119']
['284', '544', '241']
['58', '582', '418', '64', '453', '391', '313', '222', '96', '524', '385']
['374']
['212']
['518', '481']
['78']
['166', '3', '148', '154', '441', '394', '404', '300', '197', '557']
['90']
['37', '351', '262', '66']
['143']
['291']
['521']
['401']
['492', '211']
['60']
['346']
['370', '499', '141', '482']
['552', '186']
['275']
['540', '92', '149', '118', '328']
['191', '330', '461', '465', '305', '100', '286']
['584']
['569', '388']
['498']
['496', '273', '39', '269', '306', '226']
['229']
['133', '386']
['117']
['550', '382', '463']
['33']
['138', '522', '448', '288', '294', '283', '159', '157']
['278', '573', '298', '251']
['25', '354', '234', '282', '124']
['421', '0']
['244', '335', '419']
['412', '406', '587', '26']
['180']
['303']
['357']
['112']
['1', '538']
['353', '24', '333']
['470']
['252', '395']
['497']
['42', '415', '484', '530', '228', '168', '142', '519', '76', '14']
['447', '358', '507', '177', '128']
['111']
['139', '308', '343', '196']
['586']
['506']
['56']
['536', '2', '145', '359', '32']
['549', '598']
['198']
['259', '195', '423', '571']
['181', '276', '583', '82', '409', '163', '182', '432', '53', '115', '108']
['188', '144']
['80', '28', '376', '10', '160', '151', '533', '179', '54', '570', '508']
['459']
['490']
['44', '425', '561', '426', '271', '193']
['361']
['534']
['205', '45', '500', '356', '258']
['416', '362']
['301', '5', '95', '74']
['437', '277', '493', '79', '380', '245', '59', '472', '487']
['366']
['325']
['564']
['539']
['71']
['369', '113', '377', '13', '367', '302', '248', '19', '478', '185', '35']
['531']
['243', '255', '40', '279', '208', '50']
['30']
['73']
['91']
['70', '555', '476', '408']
['589']
['280']
['467', '368']
['150']
['436']
['336', '88', '264', '299', '323', '68', '501', '218', '579', '424', '332', '47', '503']
['558', '486', '31', '390', '192', '449', '400', '456']
['572', '169', '65', '110', '485', '89', '107']
['334']
['387']
['240', '135', '170']
['317']
['220']
['502', '16', '494']
['172', '350', '216']
['97']
['574']
['127', '526']
['93']
['397']
['178']
['17']
['398', '488']
['109']
['130', '505']
['287']
['375']
['285', '407', '86', '576', '326', '52', '297', '131', '235']
['106']
['295']
['575', '414', '450', '525']
['396', '189', '72']
['267']
['7']
['101']
['321']
['348', '167', '433']
['132']
['491']
['84', '320']
['183']
['219', '591', '310']
['293', '427', '120', '520', '340', '204', '435', '227', '365', '352']
['94']
['266']
['355', '373']
['322', '315', '341']
['247', '223', '103', '454']
['146', '171', '239']
['75']
['238', '137', '261', '296', '360', '121', '114']
['102']
['123', '85', '411', '483', '316', '173', '504', '532', '304', '446']
['457', '48', '232']
['20']
['431', '585']
['22', '523', '566', '57', '246', '403', '389', '231', '156', '41', '344', '105']
['440', '592', '480', '268', '438', '529', '6', '155', '596', '542']
['272', '61', '4', '67']
['116']
['257']
['342', '236', '393', '410', '347', '311', '214']
['215', '194', '428', '43', '535']
['81']
['147']
['187', '469']
['15']
['443']
['451', '174', '98', '556', '329', '87', '460', '263', '225']
['230', '578', '363', '136']
['548']
['577']
['537']
['477', '129']
['595']
['462', '165', '567', '63', '140']
['434', '466', '554', '158', '543', '597', '250', '199']
['164']
['417', '23', '184']
['364']
['383']
['331', '29', '314', '309']
['318', '399']
['546', '545', '324', '593', '475', '371', '253']
['562']
['455']
['290', '474', '445']
