['120', '97', '103', '239', '226', '499', '307', '378', '40', '441', '450', '446', '389', '444', '75', '351', '332', '575', '542', '43', '568', '326', '383', '573', '432', '355', '515', '7']
['596', '294', '222', '61', '14', '521', '423', '185', '314', '116', '233', '453', '489', '477', '159', '248']
['69', '27', '558', '551', '297', '104', '394', '439', '280', '113', '491', '504', '345', '564', '22', '262', '338', '179', '599', '424', '94', '316', '582', '136', '427', '296']
['598', '51', '235', '91', '459', '134', '368', '572', '254', '299', '165', '559', '315', '567', '496', '172', '263', '245', '259', '437', '486', '350', '255', '216', '552', '490', '243']
['291', '23', '485', '586', '407', '279', '234', '187', '32', '528', '181', '393', '173', '158', '561', '107', '463', '224', '520', '264', '111', '96', '211', '562', '328', '414', '461', '87', '189', '445']
['53', '215', '31', '12', '137', '377', '161', '176', '21', '493', '258', '548', '533', '4', '305', '20', '356', '460', '476', '213', '56', '122', '212', '199', '204', '170', '42', '578']
['219', '52', '81', '188', '28', '310', '517', '33', '253', '205', '252', '2', '256', '157', '443', '330', '451', '487', '454', '278', '506', '359', '544', '272', '363', '217', '510', '317', '464', '571']
['404', '403', '501', '541', '418', '145', '549', '227', '79', '261', '353', '457', '405', '99', '293', '471', '260', '78', '323', '289', '492', '557', '436', '151', '318', '240', '511', '65', '387']
['329', '112', '300', '311', '270', '250', '105', '390', '421', '366', '169', '76', '401', '244', '68', '298', '579']
['276', '180', '524', '392', '228', '431', '257', '565', '130', '452', '285', '162', '340', '566', '37', '265', '416', '72', '554', '344', '46', '507', '44', '10', '236', '84', '287', '141']
['143', '434', '371', '545', '57', '342', '77', '58', '156', '0', '36', '479', '67', '398', '385', '467', '267', '5', '469', '585', '512', '518', '194', '435', '273', '534']
['503', '399', '550', '268', '426', '146', '402', '1', '83', '171', '131', '347', '583']
['108', '119', '121', '532', '411', '290', '49', '148', '530', '312', '11']
['175', '412', '593', '25', '466', '24', '125', '202', '241', '246', '62', '192', '380', '395', '381', '54', '370', '126', '354', '447', '369', '8', '483', '249', '442', '177', '152', '208', '577', '198']
['71', '331', '488', '319', '277', '140', '13', '238', '19', '458', '232', '281', '242', '588', '223', '95', '580', '474', '89', '413']
['38', '455', '132', '480', '115', '529', '422', '333', '540', '100', '373', '556', '98', '160', '106', '193', '306', '384']
['349', '339', '397', '409', '164', '183', '30', '109', '367', '468', '462', '523', '481', '498', '6', '581', '174', '449', '128', '50', '514', '117', '456', '388', '138', '465', '288', '292', '375', '430']
['597', '527', '420', '90', '448', '64', '135', '154', '26', '382', '17', '396', '343', '322', '301', '274', '475', '508', '590', '438', '495', '337', '48', '570', '429']
['302', '365', '35', '59', '66', '286', '539', '374', '3', '15', '47', '325', '408', '155', '229', '309', '482', '502', '153', '206', '595', '150', '221', '147', '379', '358']
['348', '102', '576', '563', '207', '220', '308', '191', '376', '494', '362', '182', '386', '225', '9', '531', '497', '574', '123', '149', '538', '186', '74', '133', '114', '400']
['304', '41', '537', '82', '230', '516', '415', '118', '546', '478', '505', '80', '419', '144', '139', '29', '237', '55', '269', '327', '166', '335', '584', '553', '569']
['196', '346', '142', '282', '500', '526', '34', '324', '560', '352', '417', '275', '519', '214', '470', '73', '509', '334', '484', '433', '360', '200', '591', '594', '18', '428', '110', '93', '391']
['163', '195', '536', '60', '271', '555', '535', '16', '209', '39', '372', '231', '284', '440', '313', '472', '201', '251', '303', '364', '129', '341', '283', '295', '473', '86', '543', '218', '547']
['522', '127', '247', '124', '406', '425', '168', '203', '410', '92', '190', '88', '587', '85', '197', '525', '361', '592', '336']
['101', '167', '321', '70', '513', '320', '45', '184', '63', '357', '210', '589', '266', '178']
