['188', '10', '132', '865', '114', '580', '547', '63', '223', '360', '884', '671', '194', '792', '380', '984', '480', '334', '15', '633', '947', '95', '796', '868', '42', '738', '854', '218', '372', '959', '531', '294', '978', '11', '583', '623', '84', '722', '510', '138']
['54', '843', '34', '286', '855', '150', '278', '355', '89', '860', '97', '459', '469', '982', '694', '430', '704', '869', '513', '338', '102', '877', '800', '719', '999', '885', '575', '538', '601', '795', '853', '643', '21', '881', '685', '836', '474', '255', '512', '401']
['628', '763', '182', '127', '432', '86', '2', '735', '986', '472', '461', '862', '765', '656', '838', '392', '462', '702', '415', '829', '502', '731', '43', '303', '710', '347', '906', '184', '103', '742', '250', '736', '7', '112', '454', '176', '314', '839', '8', '651']
['260', '50', '80', '893', '365', '153', '494', '622', '775', '403', '183', '759', '145', '816', '173', '665', '486', '105', '758', '830', '167', '847', '492', '57', '928', '488', '521', '450', '937', '752', '239', '220', '49', '310', '988', '871', '174', '757', '464', '276']
['375', '789', '822', '429', '272', '155', '985', '128', '821', '762', '433', '222', '389', '802', '448', '77', '267', '67', '714', '966', '760', '471', '814', '859', '840', '420', '527', '447', '588', '675', '546', '404', '952', '274', '178', '750', '321', '886', '523', '336']
['926', '842', '70', '874', '64', '83', '624', '99', '154', '1', '955']
['81', '203', '133', '950', '619', '977']
['672']
['94', '670', '526', '216', '682', '691', '69', '351', '692', '247', '387', '790', '268', '251', '918', '517', '562', '307', '36', '371', '746', '340', '586', '968', '354', '119', '797', '894', '591', '686', '319', '726', '197', '134', '75', '443', '925', '341', '287', '916']
['393']
['798', '130', '944', '82', '560', '767', '684', '164', '147', '695', '23', '313', '297', '417', '498', '422', '786', '455', '270', '191', '168', '766', '121', '558', '408', '676', '265', '489', '122', '897', '157', '779', '599', '826', '749', '241', '317', '426', '866', '996']
['634', '683', '794', '137', '468', '592', '596', '641', '353', '913', '708', '773', '991', '566', '970', '129', '993', '640', '899', '935', '165', '898', '342', '980', '888', '912', '479', '799', '729', '156', '117', '590', '179', '345', '187', '769', '20', '973', '61', '813']
['438']
['565', '845', '882', '206', '73', '770', '388', '994', '548', '837', '331', '185', '673', '109', '398', '804', '202', '45', '659', '475', '724', '696', '697', '570', '782', '774', '282', '537', '484', '741', '28', '972', '812', '219', '917', '125', '58', '652', '785', '71']
['201', '161', '324', '352', '126', '357', '620', '664', '326', '771', '844', '339', '554', '783', '427', '833', '385', '981', '359', '186', '627', '116', '400', '363', '444', '193', '668', '508', '101', '305', '113', '678', '51', '159', '805', '386', '47', '440', '573', '661']
['322', '296', '225', '626', '900', '711', '230', '148', '602']
['65', '79', '377', '163', '358', '245']
['638', '266', '367']
['761', '965', '196', '850', '571', '205', '228', '553', '873', '369', '160', '700', '806', '421', '532', '22', '687', '637', '698', '412', '594', '569', '904', '703', '12', '883', '368', '279', '753', '946', '76', '5', '257', '139', '598', '969', '581', '506', '732', '200']
['4', '248', '72', '224', '85', '776', '701', '78', '233', '572', '550', '66', '457', '681', '630', '425', '242', '740', '655', '107', '142', '344', '954', '56', '772', '40', '720', '610', '346', '825', '410', '442', '234', '578', '315', '823', '971', '604', '667', '642']
['876', '221', '458', '285', '312', '246', '964', '739', '857', '118', '301', '706', '764', '680', '942', '849', '237', '679', '867', '309', '574', '515', '407', '905', '495', '653', '647', '595', '231', '376', '477', '519', '27', '674', '92', '545', '405', '6', '215', '244']
['463']
['707', '44', '927', '110', '59', '284', '169', '976', '910', '288', '271', '979', '146', '715', '938', '214', '356', '333', '124', '503', '277', '361', '820', '90', '226', '848', '618', '343', '863', '524', '951', '895', '439', '328', '990', '518', '18', '465', '891']
['788', '608', '953', '207', '743', '556', '199', '852', '316', '962', '329', '453', '650', '818', '621', '606', '364', '961', '240', '943', '269', '249', '55', '497', '528', '144', '858', '892', '501', '728', '921', '473', '666', '39', '557', '208', '690', '177', '158', '362']
['846', '431', '784', '258', '723', '716', '281', '629', '564', '579', '593', '290', '423', '262', '399', '478', '600', '967', '141', '639', '960', '808', '416', '530', '485', '778', '17', '436', '540', '452', '391', '170', '504', '880', '551', '879', '217', '68', '304', '827']
['584', '291', '511', '172', '745', '890', '26', '390', '190', '585', '568', '327', '803', '381', '529', '534', '211', '100', '499', '348', '819', '402', '911', '919', '35', '539', '263', '713', '476', '987', '902', '115', '413', '311', '204', '522', '609', '525', '192', '406']
['152', '718', '717', '396', '195', '607', '658', '956', '712', '318', '587', '106', '238', '768', '445', '733', '841', '374', '460', '283', '941', '948', '689', '437', '730', '613', '136', '280', '293', '576', '302', '212', '0', '669', '213']
['383', '856', '632', '323', '751', '394', '434', '175', '983', '93', '19', '933', '878', '306', '801']
['915', '166', '320', '989', '332', '957', '734', '815', '699', '88', '617', '33', '491', '180', '135', '264', '441', '481', '657', '998', '120', '677', '793', '261', '907', '541', '330', '24', '828', '32', '549', '870', '13', '411', '654', '428', '111', '544', '349', '171']
['151', '424', '140', '384', '914', '737', '887', '466', '727', '744', '660', '832', '467', '614', '236', '597', '9', '923', '875', '229', '487', '96', '275', '542', '615', '149', '896', '189', '38', '108', '162', '235', '567', '824', '577', '91', '924', '563', '52', '482']
['936', '861', '662', '810', '688']
['41', '370', '605', '414', '922', '295', '254', '851', '811', '747', '901', '451', '721', '37', '909', '60', '611', '496', '409', '308', '210', '435', '705', '181', '253', '603', '807', '31', '366', '872', '589', '520', '939', '748', '755', '516', '963', '350', '337', '552']
['693', '535', '292', '227', '958', '53', '835', '289', '931', '975', '754', '418', '256', '509', '612', '932', '636', '582', '817', '663', '625', '490', '561', '252', '831', '809', '997']
['299', '756', '945', '382', '379', '725', '709', '781', '395', '25', '908', '644', '16', '889', '500', '3', '648', '992', '123', '645', '507', '419', '259', '378', '514', '298', '232', '920', '940', '646', '929', '243', '131', '30', '198', '98', '87', '934', '533', '543']
['209', '505', '903', '46', '635', '300', '397', '483', '470', '780', '143', '48', '62', '777', '29', '616', '74', '493', '104', '791', '555', '949', '449', '787', '335', '325', '536', '930', '559', '273', '864', '631', '649', '373', '446', '14', '456', '834', '995', '974']
