['383', '587']
['665']
['746']
['582']
['331', '689', '23', '467', '750', '297']
['759', '604', '7', '540', '191', '194']
['252', '442', '292']
['83', '571', '199']
['120', '566', '163', '268', '192', '563']
['42', '172']
['514', '87', '148']
['477', '374', '502', '559']
['113', '438', '348']
['0', '298']
['168']
['43']
['476', '162', '779', '12']
['542', '580', '396', '630', '747']
['173', '691', '90', '445']
['728', '237', '609', '529', '380']
['562', '666', '230', '635', '447']
['667', '254', '238', '372', '724', '468', '181']
['17', '378', '394', '128', '9']
['195', '125', '487']
['711', '371', '149', '186', '235', '139', '523']
['596', '554', '404', '171', '473', '537']
['317', '658', '743', '725', '379', '653']
['455', '97', '310']
['375', '79', '778']
['541', '795', '695', '316', '451']
['239', '242', '479', '106', '85', '108', '751']
['625', '386', '32', '157']
['122', '201', '264']
['116', '762', '102', '574', '532', '712', '405']
['54', '648']
['761', '267', '123']
['738', '594', '670', '660', '25', '521', '103']
['475', '510', '735', '406', '578']
['129', '674', '480', '30', '271', '309']
['51', '776', '602']
['495', '572', '110']
['697', '82', '255']
['491']
['69', '417', '668', '435', '527']
['787']
['156', '174', '605', '664', '179']
['219', '460', '34', '50', '140']
['279', '726', '561', '381']
['150', '285', '593']
['211', '730', '642', '160', '88', '80']
['135']
['481', '210']
['286', '342', '137', '745', '771']
['302', '98', '538', '598']
['608', '250', '251', '346']
['318', '716', '258', '610', '213', '301', '204']
['272', '336', '169', '672']
['41', '530', '357']
['70', '722', '663', '193']
['654', '622']
['253', '385', '641']
['225', '764']
['144', '483', '656', '81']
['370', '433']
['463', '63', '774', '62', '522', '28']
['669', '430', '536', '459', '576', '35']
['765', '403']
['190']
['556', '77']
['684', '259', '690']
['692', '634', '511', '343']
['597']
['18', '509', '216', '533']
['592', '350', '499']
['420', '515']
['151', '24', '91', '176', '39', '349', '164']
['111', '579', '334']
['754', '671', '450', '493', '313', '464', '401']
['573', '261', '314', '257', '543']
['545', '465', '89']
['393', '52', '152', '47', '773', '112']
['568', '136', '783']
['422', '731', '719', '564', '434', '752']
['744', '114', '377', '636', '449', '6', '384']
['270', '328']
['130', '444', '153', '799', '785']
['312', '212']
['391', '649', '685', '591']
['138', '60']
['699', '293', '31', '76', '408', '645']
['584', '402', '154', '525', '797', '295']
['512', '397', '5', '717', '75']
['358', '141', '644', '458', '226']
['650', '367', '544', '454', '64', '546']
['155', '755', '439', '687', '240', '99']
['266', '19', '4', '147']
['278', '524', '682', '558', '503', '700']
['550', '508', '388']
['315']
['492', '183', '263', '681', '534', '760']
['330', '184', '733', '178', '703', '440']
['142', '389', '504']
['461', '345', '29', '560', '418', '223', '325']
['362', '678', '507', '552']
['643', '134', '207', '353']
['307', '505', '55', '790', '224']
['727', '637', '248']
['73', '618', '175']
['500', '78', '410', '661']
['33', '118', '565', '753', '222', '104']
['215', '15', '706', '121', '333', '11']
['265', '246']
['789', '44', '607', '631', '339', '415', '775']
['400', '399', '482', '621']
['793']
['119']
['303', '107', '327', '306']
['344', '338', '456', '1', '769', '413', '188']
['84', '732']
['59', '220', '131', '382', '46', '167', '603']
['368', '8', '390', '581', '376', '616']
['471', '528', '520']
['205']
['124', '36', '273', '639']
['677', '304', '92', '652', '411']
['27', '21']
['798']
['792', '506', '322', '448', '432', '498', '395']
['247', '470', '547', '187']
['20', '590', '233', '283']
['189', '206', '262', '496', '586', '490']
['229', '577', '236']
['320', '782', '321', '67', '426', '260', '277']
['633', '788', '741', '462', '244', '624']
['3', '683', '209']
['146', '185', '601', '679', '364']
['704', '489', '161']
['446']
['165', '424']
['686', '427', '208', '457', '791']
['720', '646', '198', '628', '443', '531', '472']
['429', '756', '575', '61']
['589', '570', '58', '657', '347', '519', '249']
['548', '632', '53', '606', '170']
['26', '595']
['619', '715', '221']
['737', '299', '284']
['599', '485', '356', '126']
['276', '758', '369', '784', '2', '766']
['698']
['288', '56', '332', '361', '723', '469']
['200']
['398', '693', '768', '109', '488']
['324', '13', '739', '245', '453']
['234', '196', '516', '555', '366', '627']
['363', '96', '65']
['143', '676', '158', '132', '796', '655']
['705', '781', '337', '662']
['217', '680', '651']
['675', '387', '296', '623']
['748', '497', '600', '282', '305', '289']
['166', '452']
['588', '425', '365', '16']
['72', '243', '763', '557']
['659', '466']
['37', '436']
['611', '513', '694', '232', '478', '291']
['721', '86']
['373', '740', '287']
['780', '613', '437', '95', '409']
['729', '441', '214', '280', '241', '484', '340']
['749']
['269', '638', '549']
['718']
['93']
['231', '614', '419', '227', '182', '535', '10']
['392', '431']
['714', '772', '539', '551', '777', '326']
['647', '127']
['40', '707', '742', '180', '274', '517']
['355', '45', '710', '414', '713', '688', '71']
['412', '49']
['736', '474', '256', '159', '526']
['416', '567', '428', '115', '203']
['117', '218', '294', '57']
['335', '48', '407', '615', '673']
['74', '281', '100', '421']
['708', '352', '620', '300', '14', '323']
['290', '228', '794', '133', '701']
['734', '585']
['311', '518']
['494', '38', '329', '202']
['351', '617', '145', '94', '696']
['770', '22', '197', '583', '626']
['423', '569']
['786', '359', '105', '486']
['101', '308', '68', '612']
['757', '501', '629', '354', '553', '275']
['360', '341']
['709', '640', '767', '319', '177', '702', '66']
