['30', '797', '582', '520', '937', '147', '8', '125', '615', '473', '593', '103', '376', '370', '567', '508', '240', '235', '625', '975', '426']
['795', '739', '900', '217', '552', '579', '604', '411', '138', '167', '608', '616', '826', '665', '330', '781', '924', '291', '835', '397', '433', '586', '313', '660', '833', '416', '110', '902', '278', '569', '990', '230', '375', '750', '614']
['827', '392', '751', '718', '28', '530', '522', '464', '454', '515', '323', '197', '479', '821', '730', '778']
['59', '714', '741', '307', '258', '496', '523', '150', '650', '274', '802', '731', '702', '913', '866', '199', '82', '492', '919', '214', '104', '74', '612', '954', '703', '471', '735', '815', '79', '969', '770', '695', '429', '461', '129', '635', '154', '308', '114']
['769', '250', '23', '571', '130', '347', '519', '196', '809', '246', '820', '746', '723', '39', '72', '346', '623', '368', '533', '843', '893', '477', '105', '221', '757', '948', '938', '752', '647', '85']
['541', '788', '724', '648', '281', '60', '693', '907', '305', '22', '605', '772', '983', '832', '628', '385', '710', '345', '942', '424', '883', '985', '387', '171', '327', '807', '497', '549', '337', '994', '443', '259', '26', '177', '841', '190', '5', '54', '603']
['690', '299', '326', '241', '109', '265', '202', '322', '20', '121', '872', '52', '888', '840', '864', '120', '187', '882', '929', '686', '943', '875', '611', '213', '509', '776', '352', '38', '210', '404', '379', '812', '67', '45', '200', '459', '276', '157', '458']
['183', '220', '524', '211', '306', '865', '987', '940', '304', '974', '588', '529', '65', '373', '116', '859', '822', '517', '927', '972', '48', '176', '694', '321']
['639', '440', '91', '958', '606', '748', '310', '536', '510', '335', '993', '229', '271', '361', '270', '174', '758', '634', '244', '328', '957', '41', '585', '862', '500', '516', '146', '185', '755', '708', '44', '43', '680', '135', '951', '218', '12', '234', '457', '224']
['787', '932', '311', '760', '880', '247', '950', '242', '988', '435', '47', '960', '561', '727', '186', '701', '736', '891', '70', '423', '804', '643', '68', '775', '995', '698', '538', '431', '89', '286', '587', '398', '532', '811', '632', '430', '289', '771']
['734', '824', '548', '469', '394', '86', '184', '436', '106', '452', '539', '860', '899', '895', '332', '141', '24', '482', '918', '663', '133', '228', '646', '964', '823', '236', '855', '223', '531', '916', '40', '700', '545', '920', '502', '852', '7', '75', '877', '495']
['679', '237', '372', '867', '83', '181', '50', '427', '333', '794', '784', '343', '518', '810', '991', '483', '664', '61', '838', '813', '786', '617', '857', '904', '898', '456', '451', '448', '566', '629', '834']
['434', '642', '763', '344', '926', '95', '365', '613', '317', '275', '131', '350', '667', '947', '159', '631', '753', '638', '35', '273', '818', '487', '9', '630', '584', '816', '580', '945', '414', '425', '908', '377', '378', '716', '290']
['336', '288', '80', '413', '128', '854', '298', '607', '216', '589', '936', '687', '565', '465', '51', '637', '576', '17', '828', '152', '468', '349', '879', '267', '314', '175', '627', '410', '422', '388', '563', '979', '968']
['355', '401', '764', '36', '592', '697', '528', '526', '320', '669', '222', '761', '53', '132', '600', '362', '914', '973', '894', '13', '555', '568', '819', '619', '432', '182', '743', '124', '923', '505', '963', '773', '212', '944', '486', '62']
['215', '467', '653', '982', '296', '986', '922', '956', '602', '785', '417', '711', '189', '658', '836', '204', '762', '94', '391', '143', '92', '890', '77', '445', '728', '112', '674', '282', '166', '438', '231', '661', '662', '868', '123']
['952', '119', '858', '903', '847', '253', '581', '618', '339', '144', '949', '876', '512', '535', '595', '257', '360', '66', '233', '721', '474', '733', '117', '10', '32', '205', '15', '111', '439', '137', '406', '57', '740', '475', '389', '525', '140', '683', '18', '570']
['609', '666', '33', '134', '591', '164', '165', '622', '261', '905', '493', '978', '408', '145', '790', '912', '169', '808', '396', '745', '673', '792', '444', '652', '46', '203', '801', '601', '162', '935', '294', '3', '640', '441', '280']
['578', '980', '507', '0', '399', '102', '446', '655', '551', '303', '160', '88', '447', '358', '287', '644', '100', '470', '767', '779', '806', '19', '34', '670', '466', '156', '99', '696', '537', '798', '450', '324', '754', '817', '915', '6', '402', '989']
['142', '842', '238', '892', '610', '245', '896', '369', '829', '959', '501', '503', '961', '260', '206', '4', '312', '656', '837', '37', '887', '449', '284', '283', '318', '556', '118', '172', '547', '685']
['557', '84', '412', '400', '415', '331', '340', '884', '544', '418', '2', '198', '707', '27', '624', '252', '64', '148', '672', '744', '590', '976']
['977', '428', '297', '668', '442', '671', '25', '268', '325', '363', '713', '207', '874', '319', '173', '681', '559', '845', '783', '139', '925', '992', '194', '180', '476', '472', '78', '699', '1', '381', '393', '521', '107', '878', '934', '498', '16', '901', '765', '540']
['678', '583', '191', '113', '511', '115', '161', '844', '688', '780', '709', '264', '209', '873', '621', '342', '691', '315', '499', '930', '309', '620', '506', '163', '232', '122', '722', '263', '364']
['168', '534', '31', '158', '491', '302', '367', '825', '420', '462', '906', '63', '774', '279', '675', '542', '759', '192']
['777', '706', '677', '793', '796', '357', '886', '641', '726', '266', '719', '239', '599', '316', '334', '791', '803', '384', '554', '594', '933', '626', '208', '292', '633', '480', '720', '848', '800']
['76', '136', '380', '149', '504', '766', '285', '805', '732', '90', '277', '295', '953', '359', '654', '382', '910', '572', '395', '564', '756', '897', '374', '550', '970', '782', '484', '814', '419', '962', '366', '463', '227', '966']
['195', '799', '562', '421', '455', '729', '839', '742', '348', '649', '301', '87', '55', '225', '851', '71', '981', '453', '249', '97', '921', '645', '955', '725', '856', '353', '513', '543', '460', '861', '712', '403', '81', '29', '341', '965', '881', '971']
['108', '577', '127', '917', '889', '437', '869', '390', '928', '383', '254', '14', '188', '354', '657', '356', '651', '151', '101', '262', '738', '405', '514', '49', '226', '153', '850', '676', '911', '749', '272', '179', '853', '21', '946', '69', '170', '546', '478']
['717', '42', '931', '409', '984', '98', '11', '870', '553', '684', '768', '293', '871', '715', '251', '407', '598', '269', '243', '527', '704', '682', '248', '659', '575', '93', '126', '939', '831', '58', '574', '846', '178', '481', '596', '371']
['636', '338', '329', '885', '705', '830', '56', '747', '909', '967', '941', '863', '255', '573', '558', '490', '488', '300', '155', '789', '219', '73', '494', '201', '96', '737', '386', '351', '692', '560', '193', '597', '849', '489', '256', '485', '689']
