['22', '627', '586', '177', '86', '448', '559', '506', '623', '291', '498', '127', '323', '435', '603', '231', '316', '505', '543', '695', '552', '272', '689', '286', '524', '307', '471']
['228', '285', '496', '209', '478', '372', '327', '205', '287', '96', '62', '297', '625', '305', '666', '32', '333', '480', '223', '629', '149', '178', '138', '155', '238', '89', '687']
['350', '430', '501', '144', '694', '532', '185', '253', '174', '560', '369', '146', '454', '69', '589', '475', '31', '548', '456', '509', '596', '332', '503', '311', '207', '317', '493', '356', '538']
['564', '150', '514', '674', '513', '649', '569', '251', '654', '200', '191', '651', '9', '180', '170', '345', '194', '698', '384', '678']
['620', '224', '242', '693', '381', '440', '299', '116', '43', '633', '310', '339', '94', '99', '682', '364', '619', '643', '640', '354', '151', '550', '60', '230']
['512', '488', '50', '44', '669', '459', '161', '413', '218', '594', '444', '352', '284', '47', '45', '128', '342', '269', '10', '188', '483', '490', '11', '540', '239', '182']
['133', '390', '302', '462', '263', '376', '245', '408', '461', '382', '74', '608', '656', '571', '497', '167', '487', '203', '414', '93', '119', '190']
['500', '221', '555', '105', '68', '103', '463', '328', '593', '268', '160', '401', '16', '467', '526', '122', '481', '33', '58', '544', '320', '642', '449', '624', '108', '73', '264', '273', '143']
['530', '137', '78', '276', '213', '97', '14', '377', '432', '635', '630', '258', '591', '644', '235', '556', '510', '112', '653', '533', '407', '250', '652', '577', '159', '53', '457', '296', '464']
['152', '175', '232', '26', '439', '244', '19', '55', '637', '252', '64', '534', '220', '280', '508', '357', '226', '668', '617', '676', '690', '204', '54', '576', '157', '246']
['91', '259', '660', '375', '574', '658', '371', '670', '539', '441', '367', '331', '135', '423', '257', '358', '131', '79', '13', '374', '20', '650', '416', '415']
['424', '293', '531', '491', '558', '237', '605', '442', '236', '389', '378', '156', '523', '551', '425', '210', '557', '106', '427', '554', '499', '102', '486', '179', '334']
['173', '686', '169', '405', '81', '664', '202', '537', '507', '193', '27', '355', '563', '229', '57', '549', '288', '196', '520', '337', '254', '59', '145', '657', '281', '309', '340', '535']
['158', '283', '379', '5', '346', '599', '429', '673', '661', '542', '639', '124', '385']
['570', '335', '525', '584', '575', '647', '349', '6', '142', '247', '87', '206', '648', '140', '417', '521', '592', '404', '95', '400']
['611', '168', '606', '536', '219', '659', '125', '34', '380', '255', '65', '353', '519', '319', '363', '304', '21', '489', '466', '394', '418', '282', '455', '546', '433', '3', '279', '184']
['216', '410', '383', '295', '262', '502', '267', '421', '90', '48', '585', '163', '484', '541', '609', '52', '476', '398', '164', '217', '186', '580', '601', '313', '301', '602']
['343', '308', '115', '227', '622', '42', '485', '181', '597', '636', '465', '75', '336', '699', '172', '450', '631', '199', '165', '234', '468', '528', '348', '681', '28', '434', '402', '460', '406', '83']
['290', '37', '628', '7', '393', '518', '8', '275', '77', '368', '568', '436', '195', '567', '322', '396', '303', '256']
['271', '118', '114', '40', '36', '579', '477', '154', '529', '326', '411', '70', '121', '359', '612', '344', '12', '225', '292', '419', '23', '615', '25', '189', '211', '492']
['618', '72', '29', '667', '671', '451', '41', '614', '428', '162', '84', '248', '582', '324']
['139', '265', '515', '610', '330', '49', '684', '600', '153', '598', '685', '100', '646', '632', '360', '171', '63', '39', '66', '141', '583', '443', '233', '67', '0', '680', '553', '403']
['17', '426', '277', '294', '1', '266', '399', '447', '82', '329', '545', '71', '547', '222', '397', '325', '270', '366', '386', '351', '438', '129']
['495', '18', '445', '494', '249', '565', '192', '51', '98', '431', '517', '634', '420', '437', '392', '110', '176', '470', '683', '655', '665', '362', '566', '677', '197', '621', '241', '469', '130', '452']
['274', '595', '214', '321', '453', '134', '4', '365', '338', '208', '422', '312', '638', '474', '306', '61', '166', '183']
['240', '688', '472', '212', '126', '511', '446', '109', '201', '101', '35']
['672', '120', '117', '641', '278', '561', '76', '85', '588', '604']
['473', '691', '412', '675', '387', '132', '616', '104', '370', '148', '2', '573', '314', '107', '298', '243', '692', '15', '260', '289', '391', '347', '38']
['613', '388', '147', '136', '522', '572', '587', '341', '562', '479', '56', '361', '113', '697', '30', '123', '88']
['261', '482', '315', '92', '80', '679', '215', '373', '409', '300', '516', '111', '607', '645', '46', '578', '663', '24', '187', '696', '662', '527', '590', '198', '626', '458', '581', '318', '504', '395']
