['6', '120', '214', '275', '430', '493', '682', '744', '747', '808', '978']
['13', '258', '264', '276', '441', '463', '579', '630', '687', '835', '894', '969']
['116', '278', '418', '533', '563', '574', '775', '860', '897']
['348', '381', '461', '477', '521', '623', '718', '735', '763', '792', '883', '886']
['133']
['94', '117', '118', '166', '588', '680', '867', '947', '974']
['36', '198', '292', '383', '449', '545', '614', '620', '657', '745', '762', '834']
['199', '305', '423', '510', '559', '561', '601', '672', '889', '910', '924', '992']
['24', '268', '277', '287', '288', '329', '349', '356', '527', '734', '861']
['343', '352', '386', '393', '484', '516', '570', '783', '830', '896', '901']
['40', '139', '340', '717', '866']
['649']
['115', '129', '163', '243', '250', '346', '607', '612', '761', '814', '865', '986']
['67', '98', '108', '174', '285', '377', '409', '508', '635', '656', '794', '891']
['84', '405', '411', '446', '634', '665', '673', '821', '873']
['23', '39', '55', '138', '176', '242', '431', '640', '732', '885']
['265', '802']
['10', '49', '230', '261', '298', '445', '490', '530', '594', '636', '675', '879']
['18', '86', '321', '375', '388', '481', '798', '801', '842', '943', '963', '972']
['63', '357', '364', '432', '476', '507', '600', '618', '645', '651', '725', '893']
['14', '123', '126', '304', '367', '459', '648', '653', '729', '846', '906', '976']
['72', '149', '225', '299', '564', '610', '647', '652', '692', '989']
['47', '359', '382', '474', '486', '578', '638', '662', '688', '689', '804', '979']
['7', '153', '185', '251', '421', '658', '674', '784', '811', '849', '928', '938']
['456']
['27', '33', '188', '206', '224', '312', '714', '724', '817', '913', '927', '948']
['32', '99', '124', '297', '366', '414', '447', '532', '670', '684', '705', '951']
['204', '284', '468', '472', '487', '695', '713']
['8', '25', '31', '318', '528', '546', '622', '728', '843', '844']
['195', '314', '371', '489', '523', '536', '599', '818', '880', '890', '915', '988']
['79', '171', '189', '320', '374', '379', '433', '542', '557', '598', '736', '836']
['387', '427', '678']
['61', '77', '125', '260', '443', '500', '637', '750', '831', '877', '911', '954']
['16', '121', '186', '247', '391', '540', '584', '608', '773', '875']
['15', '60', '180', '370', '389', '538', '685', '696', '702', '764', '944', '968']
['965']
['244', '279', '458', '543', '679', '749', '781', '912', '926']
['83', '111', '135', '272', '478', '524', '526', '591', '741', '757', '908']
['90', '91', '267', '453', '470', '549', '586', '727', '809', '859', '863']
['93', '181', '332', '583', '631', '706', '776', '847', '869', '950', '953']
['3', '12', '34', '127', '161', '249', '444', '460', '760', '820', '930', '991']
['30', '44', '217', '221', '466', '556', '667', '711', '748', '790', '795', '907']
['95', '252', '437', '440', '565', '582', '743', '774', '800', '819', '960']
['85', '170', '227', '248', '376', '539', '644', '740', '752', '785', '854', '961']
['20', '45', '131', '327', '399', '404', '410', '514', '666', '681', '929', '997']
['35', '76', '280', '392', '642', '655', '739', '864', '887', '922', '975', '977']
['4', '167', '184', '347', '467', '518', '617', '628', '691', '857', '998']
['62', '64', '824', '955']
['101', '218', '253', '310', '338', '401', '417', '464', '759', '782', '902', '993']
['46', '114', '144', '396', '416', '473', '547', '751', '799', '851', '984']
['17', '169', '402', '420', '529', '541', '552', '595', '742', '909', '935', '981']
['629']
['28', '107', '109', '145', '193', '256', '316', '328', '698', '707', '815', '848']
['157', '233', '302', '355', '419', '548', '555', '627', '661', '690', '768']
['88', '122', '197', '339', '408', '497', '567', '723', '753', '881', '971', '983']
['155', '324', '344', '385', '568', '575', '576', '615', '668', '721', '839', '853']
['113', '232', '237', '281', '380', '407', '413', '562', '703', '716', '754', '876']
['51', '73', '147', '151', '394', '506', '519', '806', '813', '827', '914', '940']
['71', '102', '238', '455', '874']
['208', '315', '373', '397', '398', '428', '448', '495', '512', '758', '825', '904']
['9', '132', '168', '300', '342', '577', '654', '934', '952', '985']
['38', '202', '294', '309', '363', '422', '465', '496', '646', '710', '932', '945']
['0', '100', '103', '143', '226', '239', '246', '262', '271', '550', '626', '777']
['68', '92', '137', '235', '307', '400', '438', '488', '492', '643', '663', '958']
['11', '175', '306', '322', '337', '454', '457', '503', '699', '731', '826', '855']
['42', '74', '236', '361', '509', '520', '581', '807', '899', '936', '941']
['97', '270', '274', '513', '592', '778', '832', '870', '942', '996']
['130', '257', '317', '351', '918', '921']
['134', '182', '209', '368', '462', '531', '553', '786', '822']
['160', '190', '205', '301', '325', '326', '621', '701', '837', '916', '959', '966']
['96', '106', '150', '156', '173', '210', '263', '296', '330', '424', '919', '999']
['52', '158', '162', '289', '451', '452', '501', '625', '746', '755', '903']
['110', '231', '319', '384', '569', '995']
['87', '196', '286', '434', '469', '504', '511', '585', '693', '715', '862', '878']
['75', '112', '177', '245', '311', '313', '341', '406', '633', '789', '990']
['65', '146', '164', '308', '515', '603', '613', '676', '677', '797', '841', '845']
['66', '334', '566', '605', '616', '704', '788', '923', '949', '987']
['183', '290', '331', '426', '580', '596', '597', '694', '700', '738']
['78', '165', '215', '303', '323', '412', '429', '450', '480', '485', '769', '872']
['41', '216', '593', '722', '765', '796', '850', '900']
['142', '517', '589', '590', '664', '669', '719', '791', '856', '973']
['48', '222', '395', '544', '587', '639', '712', '756', '771', '793', '852']
['70', '80', '82', '283', '403', '471', '534', '632', '660', '895', '956', '982']
['207', '219', '255', '333', '353', '369', '415', '435', '479', '571', '641', '726']
['50', '54', '57', '59', '69', '192', '282', '522', '572', '606', '609', '980']
['37', '104', '136', '291', '336', '354', '390', '442', '558', '611', '892', '905']
['141']
['172', '187', '358', '378', '505', '602', '619', '659', '779', '868', '957', '994']
['26', '43', '178', '240', '293', '425', '499', '502', '671', '838', '882', '884']
['2', '29', '228', '345', '498', '697', '805', '828']
['152', '159', '229', '241', '475', '482', '491', '604', '737', '780', '810']
['58', '119', '140', '335', '360', '365', '372', '624', '730', '787', '812', '833']
['105', '200', '211', '212', '220', '350', '439', '766', '858', '871', '931']
['5', '21', '22', '56', '179', '201', '213', '295', '683', '939']
['1', '223', '494', '650', '767', '925', '933', '970']
['81', '128', '254', '266', '362', '525', '551', '560', '686', '920', '962']
['148', '770']
['19', '89', '154', '203', '269', '535', '573', '733', '772', '816', '829', '964']
['191', '194', '436', '483', '554', '709', '720', '803', '823', '888', '898', '946']
['53', '234', '259', '273', '537', '708', '840', '917', '937', '967']
