['437', '7', '40', '157', '366', '296', '334', '648', '516']
['137', '252', '503', '542', '37', '99', '457', '87', '303', '164', '493', '711', '38', '122', '481', '612', '212', '282', '507', '610', '59', '707', '615', '695', '639', '640', '256', '150']
['683', '31', '226', '131', '717', '380', '670', '60', '669', '170', '298', '207', '530', '708', '432', '570', '100', '525', '451', '552', '597', '464']
['118', '171', '582', '671', '147']
['267', '468', '135', '274', '565', '535', '328', '211', '243', '446', '39', '442', '722', '420', '77', '547', '148', '17', '372', '465', '421', '678', '142', '223', '714', '153', '102', '591']
['713', '230', '354', '454', '237', '659', '349', '324', '609', '129', '81']
['494', '101', '69', '14', '54', '217', '677', '364', '73', '653', '239', '305', '213', '691']
['224', '203', '431', '404', '3', '403']
['388', '377', '501', '161', '405', '424', '580', '76', '445', '177', '595', '12', '46', '184', '182', '473', '216', '613']
['561', '201', '125', '506', '440', '139', '554', '21', '277', '681', '362', '185', '517', '20', '521', '601', '329', '727', '571', '410', '180', '246', '117', '336', '407', '192', '65', '620', '579', '225', '128', '86', '145', '674', '399', '430', '715', '548', '459', '390', '280', '441', '126', '47']
['30', '19', '266', '317', '15', '716', '599', '110', '119', '652', '528', '463', '348', '416', '245', '191', '347', '435', '22', '544', '361', '368', '504', '696', '593', '576', '414', '397', '418', '538']
['284', '630', '524', '23', '92', '587', '499', '359']
['140', '466', '189', '221', '378']
['411', '276', '84', '279', '406', '568', '641', '302', '705', '238', '660', '621', '56', '462', '52', '583', '551', '513', '369', '574', '487', '382', '654', '484', '578', '489', '130', '330', '698', '376', '680', '79', '400', '704', '151', '690', '575', '375', '343', '63', '6', '242', '315', '42', '710', '478']
['539', '386', '149', '288', '510', '365', '628', '598', '251', '91', '138', '581', '121', '25', '672', '391', '667']
['629', '557', '505', '178', '28', '41', '367', '688', '344', '108', '215', '43', '312', '532', '702', '156']
['241', '301', '682', '676', '271']
['165', '492', '106', '320', '11', '289', '394', '327', '719', '166', '693', '199', '132', '401', '605', '173', '72', '197', '160', '57', '67']
['358', '666', '133', '259', '426', '222', '438', '381', '413', '636', '198', '168']
['306', '269', '337', '577', '68', '486', '546', '558', '721', '657', '383']
['114', '234', '461', '250', '350', '444', '491', '627', '651', '260', '220', '588', '85', '240', '332', '319', '592', '174', '433', '700', '186', '490', '96', '273']
['572', '357', '208', '172', '706', '338', '254', '321', '295', '127', '684', '258', '726', '596', '363', '523', '409', '313', '283', '253', '342', '155', '564', '115', '227', '452', '308', '647', '594', '360', '311', '396', '144', '472', '611', '562', '356', '265', '553', '385', '104', '272', '584', '97', '169', '195', '502', '339', '500', '181', '291', '635', '231', '89', '668', '663', '573', '9', '519', '123', '124']
['632', '51']
['402', '112', '456', '141', '202', '509', '218', '709', '105', '71', '607', '479', '309', '261']
['16', '331', '543', '27', '300', '412', '408', '281', '304', '619', '210', '520']
['163']
['64', '204', '725', '515', '646', '262', '453', '529', '393']
['53', '585', '263']
['244', '655', '427']
['194', '616', '232', '608', '236', '718', '268']
['450', '483', '45', '429', '662', '78', '345', '642', '18', '228', '200', '120', '703', '685', '333', '205']
['425', '80', '480', '606', '55', '387', '209', '631', '340', '82', '162', '4', '2', '398', '656', '62', '154', '512', '665', '229', '589', '103', '534', '285', '206', '602']
['649', '586', '498', '566', '699', '511', '175', '514', '116', '633', '526', '689', '626', '455', '264', '643', '66', '146', '287', '559', '134', '550', '638', '476', '485', '563', '624', '371', '196', '533']
['326', '74']
['545', '673', '447', '183', '392', '679', '617', '428', '687', '527']
['188', '278', '70', '29', '697', '537', '460', '497', '449', '249', '567', '518', '75', '214', '508', '136', '540', '560', '496', '255', '549', '346', '58', '275', '294', '477', '318', '686', '355']
['0', '723', '50', '590', '44', '187', '323', '90', '34']
['474', '637']
['724', '370', '143', '5', '434', '353', '634', '482', '94', '193', '36', '458', '176', '569', '415', '26', '352', '389', '310', '316']
['61', '423', '701', '664', '475', '650', '443', '49', '248', '257', '623', '712', '247', '1', '159', '307', '556', '233', '379', '83', '335', '107', '341', '314', '190', '488', '98', '374', '113', '436', '541', '531', '373', '467', '10', '422', '448', '622', '95', '32', '522', '35', '604']
['179', '661', '471', '8', '536', '603']
['384', '219', '286', '645', '555', '167', '325']
['13', '658', '469', '351', '614', '439', '297', '111', '109', '395', '417', '235', '675', '24', '495', '293', '33', '48', '692', '292', '618', '93', '299', '322', '419', '270', '470', '694', '88', '152', '625', '600', '644', '720', '290', '158']
