['139']
['298']
['551']
['612']
['672']
['515']
['548']
['613']
['647']
['415']
['721']
['25', '56', '67', '168', '212', '263', '276', '378', '392', '395', '397', '479', '538', '539', '572', '627', '640', '653', '682', '699']
['688']
['323']
['357']
['564']
['553']
['196']
['463']
['393']
['736']
['557']
['122']
['512']
['492']
['265']
['376']
['751']
['503']
['133', '164', '174', '271', '300', '312', '317', '334', '351', '381', '469', '476', '589', '716', '757', '786', '789']
['406']
['80']
['75']
['793']
['797']
['30', '132', '226', '233', '254', '260', '346', '369', '382', '516', '574', '582', '600', '638', '658', '660', '680', '783', '798', '803']
['642']
['221']
['620']
['489']
['27']
['358']
['7', '13', '37', '169', '191', '195', '214', '224', '266', '307', '403', '473', '566', '644', '649', '663', '711', '724', '744', '771']
['352']
['510']
['245']
['562']
['4']
['209']
['621']
['541']
['423']
['531']
['494']
['324']
['359']
['87', '104', '123', '149', '197', '210', '231', '275', '283', '365', '414', '432', '436', '450', '465', '534', '565', '595', '655', '687']
['5', '16', '28', '47', '147', '236', '321', '402', '513', '521', '575', '633', '685', '705', '767', '776', '778', '781', '785']
['154']
['484']
['694']
['49']
['795']
['73', '186', '232', '269', '451', '457', '460', '467', '502', '578', '608', '656', '693', '749']
['9']
['125', '279', '333', '340', '447', '615', '675']
['354']
['295']
['228']
['315']
['779']
['748']
['79']
['19', '109', '126', '129', '179', '185', '187', '205', '218', '264', '308', '441', '496', '571', '583', '592', '623', '630', '646', '723']
['102']
['547']
['411']
['405']
['617']
['190']
['35', '54', '61', '95', '261', '262', '293', '348', '410', '449', '491', '501', '530', '533', '594', '626', '628', '637', '733', '802']
['17', '34', '63', '82', '97', '107', '111', '150', '153', '178', '201', '270', '302', '337', '372', '390', '417', '546', '683', '709']
['258']
['404']
['342']
['81', '416', '446', '758', '790']
['580']
['746']
['422']
['230']
['464']
['51']
['50']
['8', '14', '20', '26', '55', '70', '103', '157', '320', '363', '374', '443', '561', '611', '625', '643', '678', '679', '787', '807']
['242']
['448']
['10', '64', '567', '718']
['554']
['12', '40', '58', '172', '241', '257', '332', '336', '535', '545', '559', '581', '708', '720', '729', '737', '747', '773', '777', '812']
['316']
['141', '176', '213', '223', '418', '439', '472', '702', '712']
['127']
['622']
['192']
['629']
['389']
['281']
['146']
['259']
['556']
['248']
['719']
['94']
['297']
['68']
['24', '198', '239', '273', '285', '294', '310', '329', '362', '385', '462', '466', '480', '485', '508', '614', '714', '741', '769', '809']
['2', '162', '203', '217', '331', '373', '445', '454', '468', '477', '514', '573', '664', '669', '695', '713', '715', '732', '756', '761']
['3']
['304']
['99', '119', '163', '240', '244', '335', '344', '425', '427', '453', '486', '517', '525', '603', '652', '673', '743', '753', '788', '815']
['791']
['487']
['43', '44', '48', '88', '93', '165', '249', '383', '440', '488', '518', '519', '536', '543', '584', '599', '601', '691', '738', '755']
['189']
['106']
['255']
['734']
['610']
['780']
['74', '77', '118', '651', '750', '796']
['200']
['641']
['537']
['639']
['470']
['419']
['188']
['71']
['284']
['632']
['91', '159', '161', '177', '220', '327', '328', '338', '350', '360', '490', '523', '528', '532', '590', '667', '676', '698', '735', '745']
['763']
['495']
['665']
['428']
['199', '728']
['256']
['22', '202', '211', '247', '290', '301', '325', '330', '361', '370', '407', '563', '657', '681', '765']
['89', '110', '120', '136', '175', '296', '341', '343', '356', '394', '430', '471', '482', '483', '624', '674', '692', '706', '722', '816']
['703']
['593']
['167']
['36', '83', '115', '171', '222', '289', '322', '353', '368', '396', '398', '437', '504', '505', '509', '544', '645', '717', '727', '754']
['345']
['204']
['183']
['684']
['116']
['800']
['142']
['569']
['84']
['792']
['137']
['11', '15', '52', '101', '121', '216', '238', '306', '349', '366', '413', '435', '438', '452', '455', '522', '529', '597', '661', '810']
['775']
['434']
['92']
['39', '90', '98', '105', '112', '291', '367', '429', '481', '527', '585', '587', '605', '648', '731', '740', '782', '784', '794', '817']
['520']
['166']
['235']
['41', '60', '65', '76', '173', '243', '268', '299', '313', '314', '326', '409', '549', '558', '588', '609', '616', '662', '730', '811']
['444']
['21', '23', '100', '108', '113', '114', '184', '371', '387', '459', '474', '568', '586', '631', '635', '700', '774', '801', '808', '818']
['710']
['180']
['237']
['145', '252']
['32']
['208']
['282']
['766']
['511']
['666']
['53', '69', '117', '156', '170', '207', '272', '309', '375', '380', '412', '431', '433', '456', '493', '598', '619', '671', '677', '742']
['42', '45', '72', '251', '311', '318', '377', '384', '426', '442', '475', '550', '634', '689', '696', '707', '739', '762', '768', '799']
['33', '144', '193', '267', '424', '461', '607', '636', '659', '806', '813']
['0']
['386']
['38', '57', '62', '85', '86', '131', '152', '194', '274', '288', '399', '420', '421', '540', '596', '606', '701', '759', '772', '805']
['148']
['552']
['246', '347', '579', '668', '704']
['570']
['96']
['151']
['78', '130', '160', '181', '234', '250', '278', '339', '458', '478', '497', '500', '506', '576', '577', '591', '604', '690', '752', '804']
['158']
['499']
['670']
['135', '253', '292']
['764']
['18', '227', '303', '319', '400', '686', '697']
['219', '305']
['1', '46', '59', '66', '134', '155', '182', '225', '277', '280', '287', '364', '391', '401', '498', '524', '602', '654', '726', '760']
['286']
['143']
['355']
['725']
['128']
['124']
['6', '29', '31', '138', '140', '206', '215', '229', '379', '388', '408', '507', '526', '542', '555', '560', '618', '650', '770', '814']
