['4', '15', '34', '46', '47', '56', '99', '101', '116', '120', '157', '193', '216', '234', '235', '246', '251', '285', '310', '331', '350', '354', '361', '366', '385', '392', '527', '529', '563', '585', '594', '596', '607', '639', '642', '667', '675', '676', '682', '716', '718', '743', '755']
['22', '54', '71', '72', '85', '88', '106', '111', '147', '149', '184', '224', '245', '257', '268', '269', '272', '299', '307', '364', '375', '382', '384', '417', '418', '425', '432', '442', '444', '452', '479', '480', '489', '511', '517', '518', '521', '533', '603', '628', '634', '637', '649', '658', '670', '687', '701', '705', '715', '744']
['130', '181', '186', '214', '243', '279', '308', '325', '421', '451', '484', '534', '562', '629', '728', '736']
['9', '25', '44', '61', '64', '74', '75', '109', '117', '122', '123', '129', '133', '162', '165', '166', '172', '204', '210', '213', '236', '277', '298', '334', '337', '338', '353', '368', '388', '400', '411', '413', '467', '469', '476', '485', '497', '506', '535', '540', '556', '576', '608', '612', '669', '692', '695', '729', '738', '740']
['2', '7', '17', '21', '23', '30', '77', '80', '102', '118', '128', '139', '143', '144', '146', '154', '155', '174', '219', '264', '267', '294', '301', '306', '316', '326', '348', '356', '369', '404', '449', '457', '486', '491', '523', '544', '566', '578', '583', '590', '653', '664', '665', '674', '686', '709', '717', '720', '734', '739']
['11', '31', '39', '43', '67', '82', '92', '98', '138', '140', '142', '145', '171', '177', '179', '199', '225', '228', '238', '275', '293', '352', '355', '373', '376', '397', '429', '431', '433', '462', '466', '488', '493', '509', '546', '553', '558', '588', '616', '636', '643', '646', '673', '721', '723', '725', '727', '733', '735', '741']
['10', '12', '20', '45', '52', '121', '134', '163', '167', '206', '212', '218', '244', '250', '262', '284', '290', '291', '295', '296', '303', '304', '320', '323', '333', '343', '357', '377', '390', '422', '426', '443', '460', '473', '495', '496', '516', '528', '530', '595', '597', '604', '606', '618', '627', '645', '647', '650', '655']
['27', '49', '112', '194', '231', '240', '256', '263', '297', '302', '349', '367', '494', '615', '648', '707', '726']
['0', '55', '83', '135', '136', '137', '176', '185', '332', '347', '399', '481', '683', '693', '694', '747']
['32', '81', '95', '100', '107', '127', '168', '170', '188', '196', '197', '252', '254', '261', '274', '311', '312', '319', '322', '329', '340', '342', '371', '383', '394', '408', '424', '436', '456', '474', '490', '508', '514', '520', '551', '573', '610', '617', '622', '659', '666', '671', '672', '678', '698', '708', '737', '742', '748', '752']
['8', '18', '37', '50', '51', '53', '58', '59', '60', '68', '70', '152', '189', '191', '195', '233', '239', '258', '259', '260', '281', '289', '327', '335', '351', '378', '437', '439', '446', '447', '455', '463', '487', '541', '549', '552', '559', '567', '575', '630', '654', '661', '668', '704', '712', '724', '750', '751', '754']
['3', '28', '65', '78', '94', '110', '113', '131', '153', '164', '178', '182', '198', '249', '345', '360', '363', '374', '401', '412', '416', '435', '470', '505', '542', '548', '571', '574', '577', '613', '660', '710', '746', '756']
['62', '79', '108', '124', '148', '151', '161', '211', '232', '278', '315', '328', '359', '409', '410', '419', '468', '500', '507', '536', '539', '564', '568', '570', '580', '591', '619', '633', '651', '713']
['36', '40', '57', '73', '247', '266', '305', '313', '314', '336', '365', '423', '492', '515', '526', '554', '605', '611', '620', '641', '684', '703', '719', '749']
['29', '48', '63', '160', '300', '464', '545', '582', '599', '614', '691']
['16', '19', '26', '41', '42', '105', '158', '175', '200', '203', '207', '209', '221', '229', '282', '287', '288', '317', '330', '358', '362', '370', '391', '398', '405', '414', '430', '434', '441', '453', '459', '461', '465', '472', '499', '524', '572', '579', '581', '601', '621', '623', '635', '638', '680', '681', '696', '714', '731', '732']
['1', '35', '66', '90', '91', '93', '104', '132', '150', '187', '208', '217', '226', '227', '253', '271', '276', '280', '292', '318', '387', '393', '403', '406', '420', '458', '471', '482', '501', '513', '525', '537', '560', '565', '589', '592', '598', '602', '625', '626', '640', '657', '662', '685', '689', '697', '706', '711', '745', '753']
['6', '13', '76', '84', '96', '97', '103', '114', '156', '173', '183', '190', '201', '230', '241', '248', '255', '265', '286', '321', '339', '341', '346', '379', '381', '396', '402', '415', '427', '445', '477', '498', '503', '504', '512', '543', '555', '584', '586', '587', '600', '609', '631', '677', '679', '690', '700', '730']
['5', '14', '38', '69', '86', '87', '115', '119', '125', '126', '141', '159', '169', '180', '192', '205', '215', '222', '223', '237', '273', '283', '309', '324', '372', '386', '395', '407', '438', '440', '448', '450', '478', '510', '519', '522', '531', '532', '538', '550', '557', '561', '569', '624', '632', '652', '656', '663', '688', '702']
['24', '33', '89', '202', '220', '242', '270', '344', '380', '389', '428', '454', '475', '483', '502', '547', '593', '644', '699', '722']
