['bgx']
['abk', 'abo', 'aco', 'ady', 'aeb', 'aee', 'aep', 'agk', 'ahv', 'aif', 'aig', 'akj', 'all', 'alr', 'alz', 'apc', 'apg', 'apz', 'aqd', 'arj', 'art', 'arz', 'asu', 'asz', 'aue', 'aug', 'aum', 'ava', 'avy', 'awe', 'awo', 'awv', 'axx', 'aya', 'ayh', 'azc', 'bdc', 'bdq', 'bej', 'bey', 'bfc', 'bfd', 'bfn', 'bgz', 'bjd', 'bkd', 'bke', 'bkm', 'blf', 'bmj']
['ayy']
['axr']
['aqc']
['bbn']
['bbw']
['abm']
['bet']
['aoa']
['bgq']
['aec', 'atd', 'atp', 'bgo']
['axd']
['aia']
['bfu']
['axm']
['ape']
['bhg']
['bde']
['avw']
['abx', 'adc', 'ajn', 'ajr', 'als', 'awl', 'azd', 'azm', 'azu', 'baf', 'bau', 'bbh', 'bcj', 'bds', 'bfv', 'bhb', 'bjl', 'blo']
['bcv']
['aaj', 'abd', 'acl', 'act', 'adn', 'afo', 'agp', 'agq', 'agu', 'agw', 'ahq', 'aik', 'ajq', 'akb', 'akq', 'amg', 'anc', 'anm', 'ans', 'aob', 'aoy', 'aqo', 'aqv', 'aqw', 'are', 'asd', 'asx', 'atc', 'avi', 'awj', 'bab', 'bax', 'baz', 'bcn', 'bdg', 'bdh', 'bdp', 'beo', 'bes', 'bfq', 'bfs', 'bgy', 'bhi', 'bho', 'bhp', 'bii', 'biv', 'bkp', 'blv', 'bma']
['app']
['anf']
['bhv']
['acq']
['ajb', 'avg', 'ayc']
['ajy', 'blh']
['ajl']
['bca']
['bek']
['aat', 'adu', 'ael', 'aha', 'ahb', 'alc', 'ams', 'anv', 'apr', 'apv', 'axq', 'axu', 'ayi', 'ayo', 'bdi', 'bff', 'bfj', 'bgs', 'bjx']
['auu']
['ahd', 'ajc', 'apf', 'arn', 'bfa', 'bgg']
['apw', 'bll']
['aae', 'aas', 'abf', 'abw', 'aca', 'acd', 'acs', 'adf', 'aer', 'afp', 'agg', 'agv', 'aib', 'aiq', 'aja', 'aje', 'akv', 'aky', 'aln', 'amr', 'amu', 'ane', 'any', 'aor', 'aos', 'aov', 'aoz', 'aps', 'arm', 'atq', 'att', 'aul', 'avp', 'avt', 'axc', 'axe', 'axh', 'bad', 'bao', 'bbf', 'bbv', 'bcg', 'bea', 'beu', 'bge', 'bgf', 'bil', 'bim', 'bjb', 'bkc']
['aag', 'aav', 'ace', 'age', 'agy', 'ahn', 'ahp', 'ahs', 'ajv', 'ajx', 'akm', 'alf', 'ali', 'ame', 'aog', 'apl', 'apo', 'aqb', 'ark', 'asl', 'asp', 'ate', 'atz', 'auy', 'avf', 'avr', 'awd', 'awm', 'awq', 'aws', 'axb', 'ayq', 'ayx', 'bbg', 'bbj', 'bch', 'bdb', 'bdv', 'bfm', 'bgi', 'bhz', 'bjg', 'bjz', 'ble']
['arf']
['aar', 'acf', 'adl', 'ags', 'agt', 'ahg', 'ajp', 'akf', 'akh', 'akw', 'alm', 'amt', 'anb', 'ann', 'aoe', 'aop', 'aox', 'apu', 'aqh', 'asy', 'awa', 'axz', 'azj', 'bbk', 'bco', 'bfo', 'bfy', 'bhx', 'bka']
['bij']
['bhh']
['aax', 'aiv']
['aap', 'acx', 'ama', 'ank', 'arr', 'asq', 'avj', 'awp', 'ban', 'bbr', 'bft', 'bku', 'bmf']
['afr', 'akn', 'alo', 'alq', 'arq', 'ass', 'atj', 'atk', 'atn', 'auj', 'axa', 'axp', 'azi', 'azp', 'bac', 'bbb', 'bbm', 'bcl', 'bdr', 'bfl', 'bly']
['bcf']
['blw']
['aaq', 'abg', 'abn', 'adh', 'aej', 'afk', 'afv', 'agc', 'air', 'ait', 'ajh', 'aji', 'ajw', 'akr', 'aku', 'akz', 'alu', 'alw', 'amb', 'amd', 'ant', 'aoi', 'apq', 'aqn', 'aqp', 'ase', 'asr', 'atr', 'avm', 'axw', 'ayk', 'aym', 'ayv', 'aze', 'bbp', 'bct', 'bdz', 'bev', 'bfb', 'bfk', 'bfp', 'bga', 'bhf', 'bhw', 'bif', 'big', 'bjm', 'bjt', 'blc', 'bmk']
['bgl']
['abz']
['ahh']
['azs']
['ano']
['aai', 'aci', 'acm', 'acu', 'adb', 'adk', 'afb', 'afc', 'afg', 'afm', 'agr', 'ain', 'ais', 'aiu', 'ajg', 'ajk', 'aki', 'alh', 'amh', 'amv', 'anw', 'aod', 'aoo', 'ard', 'arx', 'ats', 'auq', 'awi', 'awk', 'axf', 'axg', 'ayf', 'baa', 'bai', 'bak', 'bap', 'bas', 'bbc', 'bcx', 'bdu', 'bfr', 'bgh', 'bgu', 'bhr', 'bic', 'biz', 'bjn', 'bko', 'bkz', 'bmb']
['apb']
['aak', 'aau', 'aay', 'abp', 'agn', 'ahk', 'aih', 'ail', 'aju', 'akl', 'alt', 'ana', 'anl', 'aon', 'aqf', 'aqj', 'aqm', 'aqu', 'aqx', 'aqy', 'arg', 'asi', 'ast', 'aua', 'awr', 'awu', 'awy', 'axv', 'axy', 'ayd', 'aye', 'ayu', 'azf', 'azg', 'azk', 'bat', 'bci', 'bdn', 'bec', 'bef', 'bfg', 'bhd', 'bja', 'bjs', 'bkb', 'bkn', 'bkx', 'bld', 'blk', 'bmh']
['afe']
['aaa', 'aaf', 'abv', 'ach', 'adq', 'ads', 'aey', 'afh', 'afi', 'agl', 'agz', 'aho', 'ahy', 'aic', 'aid', 'akk', 'ako', 'alp', 'ami', 'amz', 'ani', 'apm', 'apy', 'aqk', 'aqq', 'aqt', 'aqz', 'ara', 'aro', 'asf', 'ask', 'atb', 'aui', 'aut', 'awx', 'azq', 'bbe', 'bbs', 'bby', 'bdf', 'bdk', 'bdl', 'bgn', 'bhc', 'bhj', 'bik', 'bjf', 'bjp', 'bky', 'blb']
['adv']
['amq']
['aad', 'abl', 'ade', 'adr', 'aeh', 'aek', 'aeu', 'aff', 'agb', 'aim', 'aiw', 'aka', 'alb', 'alv', 'aml', 'amm', 'and', 'anj', 'aoh', 'aol', 'aqe', 'asm', 'asw', 'atl', 'ato', 'aty', 'avo', 'avv', 'awf', 'axj', 'ayr', 'azl', 'azv', 'baq', 'bba', 'bbl', 'bcb', 'bcd', 'bdw', 'bdy', 'bel', 'bem', 'beq', 'bex', 'bfx', 'bgb', 'bgr', 'bgt', 'bhl', 'bit']
['ayj']
['anp']
['bcz']
['agj']
['ago']
['blm']
['bez']
['bhu']
['afl']
['bbt']
['bis']
['abi']
['aij']
['aba', 'aet', 'agi', 'awb', 'azy']
['ajf']
['abt', 'acj', 'acn', 'acv', 'adw', 'aen', 'afu', 'afw', 'agm', 'ahi', 'ahj', 'ahr', 'aip', 'aiy', 'aiz', 'ajs', 'akd', 'akg', 'aks', 'aly', 'amc', 'amf', 'amy', 'aom', 'aql', 'arb', 'arh', 'aso', 'ati', 'atv', 'auk', 'auv', 'avl', 'axs', 'ayt', 'bah', 'baw', 'bbi', 'bbq', 'bbu', 'bbx', 'bdd', 'bha', 'bht', 'biw', 'bjo', 'bjr', 'bki', 'bkw', 'bli']
['bln']
['aam', 'abb', 'acr', 'ada', 'add', 'adj', 'ado', 'adt', 'adz', 'aes', 'afj', 'aft', 'afx', 'afy', 'aga', 'ahf', 'aio', 'ajj', 'akc', 'alg', 'anq', 'aok', 'aoq', 'aph', 'asb', 'asg', 'aub', 'aup', 'aur', 'avq', 'azb', 'bay', 'bce', 'bcr', 'bcy', 'bdm', 'bed', 'bfw', 'bgw', 'bhe', 'bhk', 'bhm', 'bia', 'bio', 'bix', 'bjc', 'bje', 'bkj', 'blj', 'bml']
['adi', 'ahe']
['apt']
['atm']
['acc', 'acz', 'aed', 'aeo', 'aez', 'afd', 'afn', 'agd', 'ahz', 'amk', 'anx', 'apj', 'aqg', 'atg', 'atu', 'aud', 'auf', 'auh', 'ave', 'awg', 'ayl', 'beg', 'bep', 'bfe', 'bgj', 'bhn', 'bih', 'bin', 'biq', 'bjq', 'bkf', 'bkg', 'bkq', 'bkt', 'bls', 'bmd']
['abu', 'agh', 'ala', 'asa', 'aun']
['avb']
['ber']
['awc']
['blt']
['aah', 'adx', 'aot', 'apk', 'atf', 'ath', 'azr', 'bee', 'bid', 'bjk']
['asj']
['blr']
['aie']
['atw']
['bdo']
['azz']
['aab', 'bbo']
['abh', 'abj', 'aby', 'acw', 'adp', 'aef', 'aeg', 'ahl', 'aht', 'akt', 'akx', 'amo', 'amw', 'anz', 'aoj', 'apa', 'api', 'aqi', 'aqs', 'ars', 'auo', 'auw', 'avd', 'avx', 'avz', 'awn', 'awz', 'axn', 'axt', 'ays', 'azo', 'bae', 'baj', 'bam', 'bbz', 'bcc', 'bck', 'bdx', 'bei', 'bfi', 'bfz', 'bgm', 'bhy', 'bjj', 'bjv', 'bkk', 'bkv', 'blu', 'blz', 'bmg']
['ahu']
['bmc']
['aal', 'ack', 'afa', 'afs', 'afz', 'agf', 'agx', 'ahc', 'ahm', 'ajo', 'ajt', 'ajz', 'ald', 'alj', 'alk', 'amj', 'apd', 'aqa', 'aqr', 'arl', 'asc', 'ash', 'auc', 'aus', 'aux', 'avc', 'avk', 'avn', 'ayn', 'ayp', 'azh', 'azn', 'azt', 'bal', 'bar', 'bav', 'bcu', 'beb', 'bew', 'bgc', 'bgk', 'bgp', 'bip', 'biy', 'bji', 'bju', 'bjw', 'bkh', 'bkl', 'blg']
['azw']
['aao']
['ang']
['anh']
['aan', 'aaw', 'abc', 'abq', 'abs', 'acg', 'acp', 'adm', 'aei', 'aev', 'aew', 'aex', 'afq', 'ahx', 'aii', 'aix', 'ajd', 'ajm', 'akp', 'ale', 'amn', 'anr', 'anu', 'aou', 'apn', 'apx', 'arp', 'aru', 'arw', 'asn', 'atx', 'avh', 'avs', 'avu', 'awh', 'aww', 'axi', 'axk', 'axo', 'ayb', 'bag', 'bbd', 'bcp', 'bgd', 'bhq', 'bib', 'bie', 'biu', 'bjy', 'bkr']
['aac', 'aaz', 'abe', 'abr', 'acb', 'acy', 'adg', 'aem', 'aeq', 'ahw', 'ake', 'alx', 'amp', 'amx', 'aoc', 'aof', 'aow', 'arc', 'ari', 'ary', 'asv', 'ata', 'auz', 'awt', 'axl', 'ayg', 'ayw', 'ayz', 'aza', 'azx', 'bcm', 'bcq', 'bcw', 'bda', 'bdj', 'bdt', 'beh', 'ben', 'bfh', 'bgv', 'bhs', 'bir', 'bjh', 'bks', 'bla', 'blp', 'blq', 'blx', 'bme', 'bmi']
['bcs']
['arv']
['aea']
