['481']
['211']
['378']
['588']
['736']
['59']
['504']
['579']
['194']
['611']
['840']
['843']
['208']
['57']
['349']
['185']
['15', '16', '191', '264', '310', '397', '545', '581', '678', '714']
['75', '119', '197', '386', '417', '486', '606', '649', '716', '783']
['266', '623']
['468']
['353', '476']
['202']
['534']
['12', '26', '167', '296', '364', '375', '491', '577', '689', '772']
['474']
['238', '496']
['1', '169', '254', '270', '301', '483', '546', '638', '653', '705']
['31']
['574']
['172']
['45']
['135', '237', '309', '357', '377', '425', '735', '771', '796']
['283', '323', '728']
['53', '117', '122', '182', '517', '589', '688']
['71', '115', '280', '299', '328', '566', '691', '696', '725', '833']
['336']
['96']
['146', '165', '177', '178', '327', '401', '465', '680', '774', '807']
['76']
['66', '106']
['17', '61', '95', '210', '277', '404', '527', '604']
['229']
['214']
['770']
['799']
['645']
['101', '368', '519', '580', '690']
['473']
['427']
['22', '35', '108', '121', '300', '403', '456', '618', '747', '817']
['116']
['273']
['743']
['313']
['665']
['247']
['729']
['70', '159', '204', '392', '437', '495', '555', '788', '789', '841']
['58', '140', '154', '188', '233', '260', '432', '537', '642', '804']
['724']
['39', '139', '281', '298', '325', '372', '512', '551', '633', '809']
['60', '82', '153', '203', '212', '406', '603', '605', '745', '767']
['509']
['515']
['126', '249', '390', '455', '508', '582', '597', '737', '758', '760']
['523']
['707']
['48']
['552']
['452']
['47', '120', '184', '230', '232', '302', '524', '617', '644', '750']
['424']
['311']
['631']
['5', '74', '158', '275', '284', '285', '385', '402', '768', '838']
['395']
['187']
['329']
['236', '333', '438', '445', '461', '536', '561', '612', '679', '780']
['84']
['684']
['358']
['55', '306', '318', '338', '477', '480', '482', '596', '671', '711']
['540']
['786']
['557']
['86', '156', '258', '262', '578', '655', '676', '717', '722', '723']
['381', '490']
['525']
['769']
['356', '362', '370', '485', '488', '624', '650', '713', '763', '810']
['52', '173', '205', '355', '433', '507', '550', '622', '764', '790']
['67']
['209']
['677']
['531']
['350']
['171']
['216']
['99', '123', '137', '222', '454', '610', '619', '792', '830', '839']
['144']
['2', '81', '127', '675', '795']
['573']
['193', '225', '334', '426', '457', '535', '544', '668', '701']
['18', '132', '151', '257', '345', '505', '528', '648', '731', '811']
['19']
['181']
['806']
['740']
['10', '43', '109', '143', '192', '235', '322', '361', '405', '436']
['595']
['664']
['161', '163', '243', '288', '308', '423', '489', '666', '710', '829']
['38', '113', '125', '134', '206', '292', '337', '418', '695', '752']
['387']
['21', '252', '326', '420', '422', '600', '640', '660', '674', '721']
['470']
['584']
['33']
['458']
['464']
['68']
['569']
['27', '142', '242', '282', '331', '407', '442', '511', '516', '641']
['352', '520', '541', '672', '715']
['286']
['549']
['844']
['91', '128', '176', '221', '346', '663', '683', '703', '704', '812']
['32']
['90', '130', '259', '315', '380', '492', '621', '700', '762', '831']
['93', '253', '305', '342', '379', '409', '548', '620', '744']
['207']
['625']
['751']
['30', '77', '83', '104', '105', '297', '542', '733', '794', '819']
['741']
['246', '248', '400', '472', '626', '732']
['583']
['240']
['0', '241', '268', '341', '366', '443', '591', '661', '765', '805']
['263', '462', '538', '813']
['656']
['822']
['444']
['160', '256', '376', '411', '467', '475', '484', '530', '635', '698']
['295']
['471']
['343']
['220']
['367']
['251']
['547']
['72']
['412']
['80', '215', '224', '317', '494', '526', '553', '599', '708', '748']
['565']
['110', '118', '155', '245', '265', '324', '440', '568', '615', '647']
['832']
['14']
['94', '112', '164', '195', '316', '365', '382', '616', '646', '651']
['558']
['654']
['88']
['25', '65', '239', '428', '533', '592', '608', '630', '659', '667']
['20', '85', '351', '394', '396', '413', '742', '787', '818']
['450']
['97']
['575']
['49', '63', '231', '272', '276', '373', '460', '692', '834', '836']
['781']
['837']
['51', '628']
['503', '777']
['816']
['6', '73', '399', '408', '414', '448', '463', '560', '593', '706']
['451']
['374']
['478']
['78', '162', '189', '213', '287', '314', '344', '598', '697', '803']
['493']
['29']
['778']
['274']
['199']
['632']
['46']
['145']
['734']
['4', '42', '223', '332', '469', '556', '570', '699', '757', '759']
['435']
['34', '89', '183', '217', '340', '429', '576', '586', '609', '775']
['227']
['226']
['506']
['36', '138', '152', '330', '449', '613', '639', '682', '761', '826']
['111', '166', '180', '271', '294', '554', '559', '563', '594', '652']
['754']
['37', '41', '64', '219', '278', '354', '391', '431', '755', '798']
['756']
['9', '23', '24', '186', '430', '694', '718', '719', '727', '791']
['303']
['133', '657', '779', '814']
['419']
['129', '148', '290', '307', '487', '497', '499', '513', '634', '808']
['291', '384', '389', '415', '421', '434', '498', '518', '636', '800']
['107']
['100', '103', '149', '174', '371', '585', '693', '702', '776', '793']
['196']
['170']
['712']
['8']
['234']
['198']
['601']
['79']
['141', '514']
['304']
['62', '255', '529', '543', '572', '629', '685', '785', '821', '842']
['827']
['453', '828']
['562', '587']
['363']
['749']
['627']
['348', '709']
['720']
['40']
['54', '114', '190', '228', '267', '662', '746', '815', '835']
['360', '726']
['147']
['201']
['658']
['637']
['168', '820']
['797']
['359']
['738']
['56', '69', '244', '319', '321', '441', '521', '614', '687', '773']
['466']
['289']
['269', '347', '410', '479', '510', '602', '607', '802', '825']
['218', '782']
['7']
['124', '131', '590']
['98']
['439']
['801']
['3', '102', '279', '339', '369', '416', '730', '739', '824']
['312']
['11', '28', '92', '157', '179', '293', '522', '567', '753', '766']
['335']
['669']
['136', '150', '250', '393', '447', '500', '539', '670', '681', '784']
['13', '44', '261', '320', '383', '398', '446', '459', '571', '673']
['87', '175', '200', '388', '501', '502', '532', '643', '686', '823']
['564']
['50']
