['210lol']
['374lol', '717lol', '931lol', '36lol']
['581lol']
['521lol']
['927lol']
['862lol']
['911lol', '323lol', '822lol', '393lol', '599lol', '846lol', '239lol', '786lol', '534lol', '224lol', '758lol', '117lol', '773lol', '774lol', '623lol', '278lol', '55lol', '797lol', '592lol', '163lol', '874lol', '967lol', '243lol', '368lol', '762lol', '649lol', '223lol', '499lol', '805lol', '769lol', '538lol', '432lol', '621lol', '965lol', '628lol', '949lol', '940lol', '872lol', '638lol', '344lol', '98lol', '819lol', '961lol', '218lol', '379lol', '990lol', '748lol', '732lol', '420lol', '222lol', '138lol', '3lol', '477lol', '690lol', '727lol', '281lol', '817lol', '343lol', '677lol', '588lol', '110lol', '133lol', '205lol', '614lol', '594lol', '679lol', '575lol', '635lol', '422lol', '165lol', '900lol', '235lol', '182lol', '788lol', '725lol', '108lol', '738lol', '837lol', '778lol', '789lol', '459lol', '656lol', '658lol', '564lol', '100lol', '523lol', '828lol', '555lol', '236lol', '794lol', '261lol', '457lol', '2lol', '896lol', '33lol', '609lol', '772lol', '833lol', '684lol', '242lol', '647lol', '479lol', '541lol', '882lol', '355lol']
['460lol']
['500lol']
['196lol']
['319lol']
['111lol', '607lol', '300lol', '134lol', '13lol', '238lol', '503lol', '221lol', '229lol', '28lol', '5lol', '827lol', '934lol', '128lol', '340lol', '531lol', '84lol', '312lol', '694lol', '87lol', '982lol', '82lol', '478lol', '742lol', '657lol', '49lol', '372lol', '190lol', '516lol', '42lol', '520lol']
['247lol']
['74lol']
['746lol', '861lol', '198lol', '972lol', '642lol', '348lol']
['119lol']
['565lol']
['524lol', '600lol', '183lol', '114lol', '93lol', '641lol', '542lol', '135lol', '266lol', '785lol', '388lol', '585lol', '839lol', '59lol', '497lol', '563lol', '322lol', '7lol', '875lol', '787lol', '464lol', '793lol', '802lol', '970lol', '932lol', '282lol', '214lol', '94lol', '540lol', '976lol', '953lol', '892lol', '6lol', '494lol', '469lol', '643lol', '968lol', '289lol', '271lol', '881lol', '466lol', '495lol', '403lol', '384lol', '991lol', '424lol', '567lol', '761lol', '719lol', '308lol', '979lol', '683lol', '859lol', '504lol', '101lol', '465lol', '514lol', '76lol', '293lol', '380lol', '362lol', '686lol', '672lol', '722lol', '204lol', '270lol', '710lol', '174lol', '29lol', '580lol', '604lol', '776lol']
['254lol']
['663lol']
['194lol']
['448lol']
['99lol']
['907lol']
['566lol']
['34lol']
['536lol']
['617lol']
['841lol']
['941lol']
['216lol', '458lol', '187lol']
['496lol', '625lol', '231lol', '15lol', '481lol', '175lol', '983lol', '842lol', '370lol', '213lol', '987lol', '186lol', '77lol', '584lol', '914lol', '342lol', '546lol', '273lol', '682lol']
['750lol']
['830lol']
['823lol', '795lol', '382lol', '406lol', '958lol', '944lol', '67lol', '586lol', '120lol', '952lol', '212lol', '25lol', '985lol', '202lol', '125lol', '461lol', '583lol', '434lol', '267lol', '978lol', '345lol', '902lol', '153lol', '939lol', '801lol', '290lol', '35lol', '992lol', '530lol', '988lol', '539lol', '330lol', '30lol', '56lol', '277lol', '489lol', '543lol', '959lol', '650lol', '904lol', '431lol', '418lol', '386lol', '490lol', '879lol', '867lol', '660lol', '898lol', '529lol', '430lol', '441lol', '751lol', '626lol', '85lol', '62lol', '498lol', '419lol', '809lol']
['652lol']
['957lol']
['946lol']
['227lol']
['771lol']
['706lol']
['180lol']
['734lol']
['339lol']
['488lol']
['886lol']
['405lol']
['821lol', '398lol', '349lol', '913lol', '603lol', '744lol', '544lol', '475lol', '263lol', '574lol', '681lol', '596lol', '702lol', '164lol', '515lol', '582lol', '935lol']
['21lol']
['318lol']
['81lol', '39lol']
['288lol', '605lol']
['136lol']
['66lol']
['52lol']
['220lol', '692lol', '31lol', '552lol', '9lol', '633lol', '329lol', '395lol', '926lol', '32lol', '320lol', '452lol', '796lol', '757lol', '630lol', '291lol', '303lol', '813lol', '97lol', '825lol', '790lol', '909lol', '701lol', '268lol', '152lol', '860lol', '936lol', '209lol', '160lol', '525lol', '918lol', '561lol', '96lol', '995lol', '299lol', '804lol', '832lol', '287lol', '666lol', '784lol', '501lol', '532lol', '620lol', '237lol', '669lol', '179lol', '191lol', '589lol', '510lol', '755lol', '19lol', '527lol', '591lol', '18lol', '68lol', '307lol', '14lol', '916lol', '577lol', '858lol', '548lol', '145lol', '612lol', '157lol', '549lol', '400lol', '328lol', '208lol', '533lol', '937lol', '962lol', '407lol', '206lol', '70lol', '54lol', '655lol', '906lol', '305lol', '724lol', '168lol', '815lol', '325lol', '782lol', '285lol', '712lol', '608lol', '112lol', '201lol', '446lol', '636lol', '506lol', '78lol', '838lol']
['443lol']
['250lol']
['779lol']
['595lol']
['590lol']
['673lol']
['115lol']
['711lol']
['783lol']
['491lol']
['144lol']
['556lol']
['92lol']
['737lol']
['905lol']
['363lol']
['40lol']
['975lol', '314lol']
['256lol']
['283lol']
['161lol']
['127lol']
['741lol', '929lol', '845lol', '611lol', '65lol', '257lol', '226lol', '428lol', '933lol', '610lol', '736lol', '747lol', '697lol', '885lol', '998lol', '412lol', '192lol', '893lol', '333lol', '668lol', '695lol', '535lol', '189lol', '357lol', '123lol', '341lol', '351lol', '121lol', '137lol', '648lol', '86lol', '714lol', '44lol', '485lol', '884lol', '984lol', '335lol', '252lol', '116lol', '50lol', '233lol', '777lol', '131lol', '887lol']
['856lol']
['106lol']
['664lol']
['454lol']
['622lol']
['685lol']
['139lol', '262lol', '864lol']
['438lol']
['455lol']
['903lol', '868lol', '11lol', '627lol', '557lol', '791lol', '576lol', '297lol', '989lol', '317lol', '197lol', '402lol', '870lol', '816lol', '492lol', '401lol', '696lol', '367lol', '437lol', '550lol', '387lol', '675lol', '462lol', '994lol', '986lol', '559lol', '654lol', '324lol', '193lol', '147lol', '423lol', '818lol', '676lol', '177lol', '470lol', '568lol', '853lol', '4lol', '302lol', '89lol', '346lol', '326lol', '522lol', '854lol', '390lol', '634lol', '843lol']
['172lol']
['361lol']
['759lol']
['103lol']
['891lol', '426lol', '917lol', '974lol', '353lol', '373lol', '513lol', '865lol', '435lol', '397lol', '547lol', '88lol', '579lol', '203lol', '616lol', '433lol']
['644lol']
['414lol', '474lol', '468lol', '109lol', '526lol', '399lol', '955lol', '920lol', '248lol', '159lol', '554lol', '394lol', '553lol', '440lol', '921lol', '311lol']
['366lol']
['392lol', '269lol', '606lol', '60lol', '20lol', '185lol', '869lol', '1lol']
['631lol', '376lol']
['417lol', '812lol', '313lol', '766lol', '578lol', '502lol', '155lol', '831lol']
['908lol']
['598lol']
['331lol']
['484lol']
['632lol', '871lol', '993lol', '981lol', '22lol', '450lol', '408lol', '709lol', '447lol', '674lol', '509lol', '735lol', '518lol', '24lol', '274lol', '171lol', '456lol', '167lol', '680lol', '826lol', '69lol', '571lol', '803lol', '354lol', '264lol', '255lol', '840lol', '105lol', '763lol', '12lol', '130lol', '938lol', '294lol', '350lol', '217lol', '951lol', '104lol', '601lol', '637lol', '653lol', '966lol', '855lol', '43lol']
['947lol']
['894lol']
['381lol', '700lol', '780lol', '64lol', '316lol', '852lol', '980lol', '467lol', '83lol', '919lol', '897lol', '142lol', '703lol', '126lol', '792lol', '667lol', '241lol', '807lol', '17lol', '371lol', '298lol', '651lol', '292lol', '122lol', '272lol', '880lol', '889lol', '249lol', '181lol', '912lol', '765lol', '806lol', '8lol', '46lol', '385lol', '560lol', '800lol', '245lol', '156lol', '375lol', '971lol', '365lol', '876lol', '835lol', '472lol', '347lol', '471lol', '444lol', '925lol', '895lol', '404lol', '230lol', '873lol', '799lol', '57lol', '16lol', '225lol', '118lol', '615lol', '923lol', '338lol', '26lol', '276lol', '0lol', '154lol', '572lol', '53lol', '820lol', '844lol', '275lol', '824lol', '41lol', '232lol', '260lol', '364lol', '453lol', '215lol', '369lol', '493lol', '708lol', '739lol', '415lol', '963lol', '645lol', '562lol', '334lol', '473lol', '945lol', '487lol', '383lol', '689lol', '27lol', '767lol', '151lol', '781lol', '75lol', '573lol', '749lol', '141lol', '829lol', '327lol', '102lol', '148lol', '996lol', '901lol', '954lol', '720lol']
['72lol']
['754lol']
['79lol']
['178lol']
['597lol']
['279lol']
['890lol']
['602lol']
['726lol']
['688lol']
['143lol']
['943lol']
['219lol']
['321lol']
['421lol', '449lol', '728lol', '517lol', '836lol']
['158lol', '240lol', '691lol', '184lol', '745lol', '857lol', '999lol', '922lol', '336lol', '284lol', '411lol', '730lol', '956lol', '58lol', '63lol', '38lol', '960lol', '413lol', '113lol']
['315lol']
['37lol']
['480lol']
['715lol']
['624lol']
['973lol']
['850lol']
['928lol']
['716lol']
['528lol']
['188lol']
['146lol', '61lol', '545lol', '847lol', '309lol', '80lol', '661lol', '977lol', '258lol', '280lol', '723lol']
['10lol']
['512lol']
['834lol']
['244lol']
['848lol']
['942lol']
['863lol']
['888lol']
['877lol']
['296lol']
['704lol']
['396lol']
['451lol']
['693lol']
['519lol']
['45lol', '228lol', '899lol', '505lol', '95lol', '587lol', '265lol', '359lol', '170lol']
['705lol']
['360lol']
['950lol']
['129lol']
['743lol']
['332lol', '729lol', '639lol', '195lol', '352lol', '851lol', '698lol', '169lol', '176lol', '924lol', '259lol', '511lol', '48lol', '752lol', '760lol', '731lol', '47lol', '618lol', '73lol', '507lol', '948lol', '915lol', '211lol', '51lol', '166lol', '140lol', '569lol', '295lol', '416lol', '678lol', '253lol', '378lol', '753lol', '629lol', '476lol']
['964lol']
['878lol']
['358lol']
['814lol']
['997lol']
['713lol']
['798lol']
['286lol']
['429lol']
['883lol']
['849lol', '721lol', '310lol', '537lol', '775lol', '866lol', '234lol', '132lol', '756lol', '551lol', '71lol', '439lol', '200lol', '150lol', '442lol', '199lol', '910lol', '619lol', '483lol', '699lol', '670lol', '482lol', '659lol']
['246lol', '391lol', '707lol', '764lol', '427lol', '463lol', '687lol', '593lol', '124lol', '770lol', '410lol', '301lol', '733lol', '930lol', '613lol', '436lol', '356lol', '646lol', '671lol', '90lol', '740lol']
['91lol', '251lol', '969lol', '409lol', '768lol', '558lol', '173lol', '389lol', '149lol', '640lol', '425lol', '662lol', '107lol', '665lol', '445lol', '808lol', '377lol', '810lol', '207lol', '162lol', '23lol']
['337lol']
['306lol']
['508lol', '486lol', '811lol']
['718lol']
['570lol']
['304lol']
