['301']
['494']
['414']
['577']
['95']
['776']
['725']
['633']
['204']
['316']
['524']
['434']
['106']
['624']
['178']
['97']
['249']
['314']
['346']
['310']
['63']
['436']
['706']
['326']
['124']
['644']
['188']
['679']
['107']
['268']
['120']
['285']
['183']
['722']
['513']
['738']
['734']
['8']
['55']
['212']
['705']
['607']
['445']
['295']
['147']
['488']
['403']
['538']
['464']
['328']
['717']
['36']
['493']
['427']
['477']
['637']
['214']
['57']
['501']
['458']
['758']
['542']
['643']
['532']
['769']
['642']
['782']
['100']
['194']
['660']
['366']
['533']
['213']
['751']
['454']
['33']
['217']
['554']
['227']
['693']
['296']
['518']
['687']
['686']
['468']
['13']
['259']
['721']
['40']
['621']
['282']
['353']
['582']
['606']
['491']
['12']
['654']
['608']
['69']
['394']
['558']
['570']
['5']
['209']
['731']
['287']
['81']
['143']
['140']
['480']
['218']
['777']
['92']
['387']
['372']
['151']
['483']
['264']
['632']
['478']
['166']
['509']
['54']
['395']
['362']
['763']
['593']
['31']
['457']
['262']
['333']
['399']
['461']
['455']
['16']
['629']
['682']
['622']
['96']
['456']
['240']
['105']
['677']
['492']
['370']
['334']
['232']
['276']
['727']
['337']
['325']
['490']
['400']
['177', '300']
['408']
['773']
['422']
['528']
['663']
['791']
['404']
['484']
['280']
['544']
['299']
['390']
['266']
['497']
['657']
['466']
['313']
['230']
['655']
['584']
['553']
['342']
['368']
['201']
['775']
['559']
['39']
['602']
['302']
['614']
['527']
['65']
['730']
['759']
['746']
['415']
['668']
['755']
['9']
['330']
['428']
['683']
['70']
['567']
['661']
['90']
['243']
['565']
['221']
['594']
['154']
['367']
['42']
['85']
['489']
['291']
['754']
['109']
['421']
['579']
['385']
['117']
['38']
['293']
['743']
['685']
['294']
['112']
['244']
['747']
['605']
['741']
['129']
['604']
['618']
['779']
['669']
['29']
['83']
['504']
['555']
['84', '202']
['59', '130']
['726']
['405']
['507']
['519']
['138']
['463']
['413']
['191']
['610']
['303']
['575']
['785']
['319']
['274']
['62']
['752']
['778']
['98']
['799']
['27']
['419']
['320']
['93']
['792']
['161']
['783']
['691']
['733']
['696']
['546']
['534']
['64']
['273']
['308']
['260']
['398']
['234']
['410']
['60']
['281']
['51']
['152']
['71']
['91']
['495']
['635']
['440']
['459']
['515']
['47']
['634']
['530']
['460']
['648']
['196']
['591']
['228']
['671']
['409']
['261']
['723']
['670']
['142']
['207']
['576']
['689']
['163']
['125']
['376']
['699']
['168']
['364']
['418']
['238']
['631']
['770']
['52']
['254']
['766']
['114']
['728']
['656']
['35']
['198']
['146', '257', '425']
['104']
['580']
['317']
['86']
['595']
['647']
['749']
['306']
['611']
['30']
['447']
['481']
['479']
['195']
['76']
['680']
['108']
['613']
['275']
['511']
['597']
['412']
['453']
['4']
['740']
['3']
['2']
['676']
['787']
['357']
['561']
['15']
['89']
['715']
['742']
['350']
['391']
['469']
['336']
['24']
['796']
['141']
['587']
['522']
['34']
['247']
['571']
['416']
['443']
['321']
['525']
['760']
['102']
['646']
['113']
['77']
['568']
['756']
['219']
['732']
['718']
['267']
['535']
['662']
['135']
['220']
['658']
['226']
['73']
['771']
['352']
['795']
['288']
['164']
['517']
['6']
['465']
['335']
['653']
['684']
['297']
['496']
['406']
['286']
['169']
['564']
['331']
['704']
['583']
['20']
['211']
['348']
['761']
['67']
['651']
['323']
['702']
['617']
['709']
['315']
['672']
['155']
['170']
['206']
['467']
['292']
['171']
['256']
['56']
['49']
['563']
['411']
['623']
['638']
['452']
['616']
['482']
['541']
['253']
['298']
['451']
['407']
['619']
['649']
['800']
['711']
['539']
['122', '145', '180', '233', '439']
['200']
['586']
['160']
['781']
['556']
['78']
['790']
['28']
['442']
['237']
['250']
['695']
['137']
['713']
['324']
['424']
['185']
['127']
['574']
['26']
['349']
['80']
['115']
['375']
['224']
['225']
['420']
['7']
['625']
['636']
['578']
['157']
['762']
['510']
['389']
['712']
['426']
['639']
['75']
['131']
['402']
['263']
['210']
['543']
['215']
['343', '345']
['269']
['438']
['707']
['1']
['697']
['417']
['520']
['128']
['153', '159', '242', '393']
['588']
['737']
['309']
['502']
['373']
['144']
['674']
['58']
['329']
['432']
['272']
['318']
['500']
['37']
['61']
['448']
['508']
['190']
['659']
['88']
['550']
['596']
['446']
['485']
['19']
['557']
['789']
['239']
['673']
['118']
['338']
['94']
['174']
['43']
['627']
['540']
['123']
['173', '498']
['172', '235', '471']
['470']
['628']
['382']
['626']
['573']
['612']
['473']
['499']
['401']
['774']
['716']
['435']
['472']
['355']
['149']
['231']
['284']
['344']
['537']
['126']
['265']
['341']
['50']
['572']
['208']
['474']
['698']
['720']
['552']
['667']
['322']
['23']
['304']
['786']
['710']
['609']
['165']
['688']
['700']
['516']
['87']
['590']
['601']
['187']
['278']
['523']
['18']
['681']
['598']
['560']
['251']
['167']
['431']
['569']
['236']
['592']
['600']
['132']
['701']
['305']
['529']
['277']
['10']
['363']
['216']
['729']
['566']
['378']
['384']
['312']
['650']
['66']
['536']
['162']
['788']
['241']
['430']
['181']
['526']
['99']
['675']
['548']
['258']
['347']
['505']
['692']
['396']
['645']
['270']
['158']
['44']
['374']
['340']
['750']
['361']
['189']
['289']
['664']
['290']
['397']
['798']
['666']
['175', '182', '203']
['110']
['380']
['11']
['429']
['765']
['388']
['678']
['119']
['665']
['739']
['512']
['794']
['652']
['101']
['475']
['531']
['549']
['365']
['32']
['21']
['111']
['134']
['311']
['271']
['307']
['246']
['772']
['736']
['176']
['179']
['193']
['615']
['45']
['551']
['599']
['339']
['369']
['356']
['79']
['283']
['476']
['757']
['521']
['121']
['14']
['383']
['205']
['780']
['450']
['585']
['703']
['248']
['423']
['116']
['797']
['441']
['327']
['359']
['719']
['437']
['252']
['48', '197', '279']
['199']
['514']
['103']
['581']
['694']
['332']
['764']
['386']
['433']
['223']
['82']
['68']
['354']
['245']
['748']
['744']
['724']
['136']
['745']
['503']
['690']
['545']
['41']
['487']
['25']
['381']
['22']
['641']
['53']
['462']
['793']
['735']
['360']
['377']
['562']
['192']
['768']
['358']
['74']
['547']
['784']
['379']
['767']
['156']
['603']
['506']
['589']
['753']
['222']
['72']
['133']
['371']
['620']
['351']
['186']
['486']
['640']
['229']
['630']
['17']
['150']
['449']
['46']
['139']
['708']
['184']
['255']
['714']
['148']
['392']
['444']
