['29', '892', '836', '395', '703', '163', '48', '423', '135']
['167', '869']
['34', '328', '655', '12']
['992', '515', '533', '734', '74', '782', '385', '108', '635', '592']
['212', '173', '820']
['538', '253', '348', '490', '457']
['883', '867', '612', '680', '888', '756', '323', '279', '608']
['242', '53', '17', '220', '52', '991', '884', '802', '854']
['828', '267']
['536']
['209', '250']
['981', '70', '138', '493', '979']
['702', '679', '160', '450', '469', '274', '219']
['531']
['851', '367', '170', '704']
['244', '200', '322']
['408', '943', '120', '535', '617', '416', '481', '487']
['190', '372', '271', '950', '231', '96']
['307', '933', '498', '91', '898']
['111', '440', '483', '787', '853', '221']
['642', '137', '768', '41', '240']
['917', '973', '887', '518', '935', '911', '324', '674', '818']
['852', '92', '486', '833', '54', '571', '742', '118']
['632', '605']
['297', '30']
['321', '93', '584', '501', '43']
['480', '830']
['977', '415', '64', '268', '650', '7', '129']
['296', '491', '191', '665']
['794', '643', '954', '578', '278']
['619', '19', '35', '113', '922']
['942', '916', '624', '826', '565', '564', '344', '455', '929']
['799', '304', '384', '363']
['908', '706']
['393', '294', '226', '985', '881', '452', '968', '748', '496']
['662', '358', '845', '330', '633']
['651', '580', '14', '855', '199', '158', '32', '759', '995']
['435', '895', '251', '131', '417', '332', '245', '610', '133']
['1000', '846']
['994', '261', '437', '495']
['644', '84', '198', '145', '936']
['874', '130', '166', '525', '503', '792', '823', '972', '389', '793']
['813', '394']
['462', '958', '516', '24', '975']
['868', '9', '913']
['438']
['246', '927']
['112', '342', '234']
['736', '298']
['519', '301', '270', '711']
['431', '986', '359', '264', '832']
['38', '325', '458', '282', '208', '180', '858']
['688', '237', '60', '182', '733', '798', '400', '555', '566', '668', '513']
['269', '753', '804', '463']
['374', '614', '56', '647', '721']
['901', '2', '893', '174']
['599', '864', '31', '589', '581']
['299', '132']
['810', '47', '786', '306', '355', '601', '609']
['362']
['544', '716', '587']
['990', '550', '470', '65', '293', '789', '939', '81']
['689', '839', '709', '890', '677', '15', '805', '327', '772', '809', '514']
['392', '648', '13', '957', '168', '705', '51', '573']
['727', '965', '676', '827', '295']
['443', '36', '162', '335', '527', '953', '597', '598', '376']
['319', '86', '762', '821']
['978', '747', '687', '346', '945', '222', '899']
['803', '100', '743', '308', '197', '236', '822', '777', '882', '62']
['645', '921', '630', '769']
['368', '40', '439', '290', '524']
['466', '860', '88', '547', '934', '75']
['707', '353', '959', '878']
['326', '444', '18', '442', '989']
['405', '98', '71', '894', '919', '558', '559']
['144']
['475', '940']
['634', '272', '661', '366']
['150', '806', '870', '213']
['349', '177', '205']
['172', '45', '387', '949', '585', '663']
['140', '879', '588', '288', '915', '740', '956', '948', '857']
['557', '938']
['683', '797']
['615', '397', '926', '673', '554', '287']
['341', '336', '280', '107', '505', '656', '164']
['260', '529', '249', '570', '420', '76', '997', '122', '115']
['241', '904', '403', '402', '334', '984', '59', '712']
['85', '788', '103', '254', '78', '766', '763']
['737', '434', '551', '127', '187', '44']
['749', '980', '637', '639', '685', '543']
['746', '920', '719', '628']
['488', '760', '61', '471', '996', '722', '472', '729', '546', '840', '944']
['775', '68', '795']
['678', '248', '982', '918', '448']
['476', '967', '465', '910', '825']
['3']
['155', '494', '492', '285']
['375', '808', '664', '398', '761', '779', '526', '354', '838', '741']
['419']
['441', '188', '82', '147', '886']
['477', '728', '468', '607', '6']
['181', '556']
['591', '974', '865']
['380', '670', '699', '360', '284']
['5', '710', '436', '905']
['667', '932', '289']
['912']
['225', '4', '708', '724', '819', '960', '119', '57']
['807', '421', '345', '413', '520']
['964']
['426', '479', '540', '478']
['428', '464', '460', '638', '83', '453']
['508', '961', '930', '90']
['79', '754', '371']
['110', '811', '424']
['369', '97', '692', '186']
['159', '866', '512', '99', '265', '873']
['474', '310', '28', '649', '117', '594']
['620', '8']
['843', '532', '445', '946', '987', '548', '66', '780', '151', '352']
['735', '378', '184']
['623', '21', '653']
['521', '569', '847', '396', '545']
['72', '970', '511', '338', '337', '880', '731', '695']
['259', '900', '316', '207', '382', '202', '266', '590']
['696', '963', '256', '447']
['720']
['659', '751', '816', '611', '134', '235']
['876', '583', '791', '281', '317']
['600', '165', '507', '101', '574', '312', '50', '765', '862', '276']
['196', '406', '517', '116', '796', '148', '781', '603', '410', '46']
['871', '451', '10', '89', '189']
['467', '377', '561', '139', '459']
['841', '835', '937', '347', '744']
['195', '896']
['902', '216', '842', '94']
['329', '690', '666', '824', '568', '563', '141', '391', '340']
['429', '102', '770', '456', '504']
['500', '844', '952']
['238', '223', '176', '784']
['499', '941', '243', '433']
['418', '370', '379', '142', '776', '203']
['730', '414', '217', '815', '39', '988', '509', '357', '718', '484', '576']
['713', '539', '534']
['309', '123', '26']
['817', '37']
['206', '210', '149', '790', '606', '652', '185', '16', '409', '333', '885']
['178', '701', '461']
['339', '233', '351', '891', '125', '128']
['407', '682', '283', '365', '386', '152', '121', '717', '49', '25', '567', '969', '22', '215']
['752', '350', '255', '998']
['315', '693', '485']
['745']
['211', '686', '897', '694', '861', '672', '313', '542', '626']
['596']
['247', '87', '889', '778', '640']
['412', '228', '356', '404', '383', '109', '723', '947', '738', '153', '773']
['114']
['422', '124', '257', '562']
['454', '850', '971', '700', '767', '725', '909', '55', '859', '625', '999']
['427', '227', '506', '169', '621']
['106', '80', '275', '684', '63', '726']
['976', '20', '549', '962', '277', '801', '229', '449', '33']
['67', '432']
['388']
['263', '552', '224']
['604', '510']
['993', '258', '522', '292', '364', '849', '714']
['214', '425', '774', '381', '951', '657']
['497', '239', '658']
['831', '660', '291', '430', '303']
['627', '698', '771', '537', '758', '582', '764', '193', '814', '907', '560']
['691', '877', '622', '875', '983', '848', '785', '302', '161', '273', '95']
['800', '654', '530', '390', '872', '641']
['401', '593']
['812', '232', '629', '42', '305', '73']
['923', '783', '143']
['286']
['675']
['201', '175', '204', '577']
['136', '572', '757']
['931', '27', '318']
['671', '314', '320', '739', '523']
['903', '482', '126', '311', '863']
['829']
['154', '914', '837', '218']
['755', '252', '230', '262', '586', '541']
['834', '194', '856', '104', '1']
['575', '411', '58', '343', '602', '373', '732']
['399', '669', '69', '906']
['681', '156', '646', '183', '715', '925']
['146', '616', '636', '528', '750']
['955']
['613', '179', '697', '171', '157', '924', '489', '300', '595', '553']
['618', '105', '446', '502']
['928', '631', '966', '192', '361', '473']
['331', '77']
['579', '11']
['23']
