['AqR', 'saC', 'eu8', 'zGQ', 'p20', 'sgb', 'onK', 'yLH', 'CIk', 'Vl3', 'S3R', 'fYE', 'Ni3', '4yj']
['28H', 'G4Q', 'rgc', 'JPb', 'zAn', 'fqH', '0jF', 'Sv7', 'Eab', 'ToD', 'YS1', 'CGv', '7k7', 'kQr']
['DAH']
['78Z', 'GVP', 'MyS', 'iBf', 'oNy', 'Ttf', 'Vgt', 'nBj', 'eM5', 'Z1r', 'IhT', 'nlp', 'S1g', 'Ee4']
['Tcm', '16O', 'qoT', 'fax', 'cVV', '7Ih', 'oDu', 'MtM', 'QAx', 'n6E', 'yjq', 'nK2', 'ifk', 'rSE']
['qnc', 'X5I', 'NIi', 'JlL', 'ooP', 'JcF', 'akZ', 'rWh', 'RUq', 'VpP', 'FeY', '1c8', 'xwk', '51j']
['LMs', 'nhM', 'Fqs']
['QVL', 'np3', 'ubx', 'YRW', 'jFd', 'eWi', '0LW', 'gpO', 'JQh', '4zd', 'u3q', 'd3n', 'Hxd', '2Lz']
['vJn', 'Fqy', 'nPd', 'W97', 'lUg', 'b5M', 'WGf', 'qpd', 'mbB', 'Ug4', 'm2L', 'OQf', 'ZHa', '4QL']
['dBi', 'adJ', 'Ai7', '4Uu', 'qOE', 'CI7', 'AO2', 'WeL', 'yz9', 'nIw', 'njc', 'cu2', 'tdl', 'g1Z']
['l6D', 'yYa', 'Tkp', '243', 'Ehn', 'U32', 'fYL', '9lP', 'a4T', 'u5i', 'R7X', 'WNm', 'sYx', 'jML']
['L3o', 'ol3', '5Co', 'UET', 'xbc', 'KjJ', 'YWJ', 'DC7', '2f6', '28b', 'sdQ', 'mtP', 'e00', 'fTC']
['okX', 'OHk', 'z9e', 'hxI', '9km', 'txd', 'fsw', 't5B', 'evV', '2EZ', 'EMw', 'MUr', 'PPL', 'YLx']
['STE', 'vbq', '6lA', '4LJ', 'Yoj', 'fiS', '2qA', 'bzV', 'jDP', 'A4D', 'zN9', 'tVs', 'kQ0', 'wOt']
['o7Y', 'Zt2', 'N45', 'I5T', 'poB', 'K07', 'j61', 'SL9', 'RlQ', 'j5Q', 'Cvx', 'WNU', 'bvp', 'qj0']
['NK1', '0H7', 'emo', 'nui', 'Iwq', '6oI', 'Giz', '43q', 'hrw', 'lJB', '5NA', 'FqG', 'wCA', 'Y9L']
['plT', 'oax', '1Sy', '5dA', 'eqN', 'dRG', 'gSv', 'BAA', 'tph', 'txn', 'KG7', 'Rk1', 'xLj', 'gyz']
['oQw', 'fbf', 'gJK', '9yS', '7jK', '44l', 'GMU', 'PUK', 'Z7f', 'XEh', 'WGM', '89P', 'Wa1', 'zoY']
['rUR', 'bZQ', 'bOO', 'wqU', 'BCw', 'Th2', 'VGh', 'Pxa', 'W1M', '41z', '9zD', 'LrH', '79G', 'BFo']
['sbj', 'vl3', '3aH', 'aB1', 'yXf', '5n7', 'TES', 'hIr', 'NYm', 'bWE', 'fpG', 'BjQ', 'ylE', 'bBn']
['q9b', 'khn', 'bJh', 'lDt', 'maf', 'uGu', '4ps', 'lmh', 'UhF', 'hjs', 'hKB', 'yGe', '3hV', 'RUS']
['ynz']
['5R2', 'PM7', 'd6T', 'aIQ', 'aOg', 'tgv', 'kHi', 'hz6', 'nOo', 'ZGX', 'CO5', 'XaB', 'lVq', 'Vmf']
['yMP', '7S1', '4uq', 'AKl', 'X9x', 'icK', '8Ge', 'rI7', 'XaM', '919', '2bJ', 'hSn', 'bJW', 'pXb']
['Zvx', 'N5I', '7df', 'mgt', 'oNg', '9mo', 'i3x', 'zMw', 'F4O', 'Bnu', 'e3L', 'TsJ', 'Zyo', 'EA5']
['J26', 'HJ6', 'hV6', 'afw', 'qAc', 'aMi', 'Bz0', 'dLV', 'lsW', 'XKL', 'jWp', 'HhO', 'jo2', 'fJd']
['2ye', 'Lcw', 'mkh', 'RON', 'nFq', 'uL9', '3oN', 'lG5', '2w4', 'FWu', 'LzC', 'SZi', 'gSg', 'w7X']
['HE4', 'wac', 'gQE', '9Ye', 'mwx', 'CZe', 'fGu', 'rzH', 'Thn', 'wkU', 'vug', 'ktC', 'pUv', 'rFT']
['ChE', 'S9z', 'WcX', 'jfO', 'ywF', 'cGe', 'ZTh', 'wTH', 'Wq1', 'xNV', 'lH0', '3Vt', 'uXk', 'NC3']
['Sru', '8ie', 'XJ8', 'y74', 'pXl', 'NXa', 'npC', 'QUA', 'SkA', 'OYR', 'SgL', 'pzP', '3Xt', 'Tjd']
['kFd', 'KZn', 'KhJ', 'gnV', 'WGV', 'Th7', 'dJR', 'hAD', 'Ski', 'CUr', 'LAd', 'RCL', 'QXI', 'OOe']
['IU6', 'kO2', 'ZwA']
['U9P', 'pSI', 'enl', 'FDH', 'HeA', 'AHl', '0q1', 'BYb', 'ae7', '5m1', 'Vfu', 'zhc', 'zTO', '4nm']
['sXB', 'f4C', 'Hmk', 'f0e', 'qYZ', 'hQQ', 'DRe', '31E', 'oX4', 'NhW', 'yO6', '5tS', '7Wg', 'nnl']
['1pz', 'GQG', 'Cjz', 'gz8', '1CH', 'zya', 'may', 'uo2', 'rN7', 'NA1', 'p3g', 'tFs', '9Yh', 'g5u']
['W1v', 'ovp', 'xba', 'tnb', 'JSO', 'd8K', '7Ra', 'mMy', 'apT', 'pwU', 'u21', '0Hd', 'aPs', 'D92']
['mwy', '1dm', 'tAh', '4QM', 'q3C', '9kE', 'tFz', 'p6i', 'O1j', 'SjL', 'XWB', 'kVs', 'nxV', 'Ict']
['4ZT', 'jkO', 'ASb', 'VN1', 'IOc', 'vyz', 'sSK', 'liM', 'Sw6', 'hbl', 'IJR', 'eYl', 'mIR', 'PeZ']
['OHB', 'gY6', 'JxG', 'qgk', 'iLv', '4Mn', '2dZ', 'Ted', 'WjA', 'gHm', '9NC', '7eF', 'mCu', 'vXW']
['irU', 'cZC', 'ET0', 'q76', 'HqB', 'hIj', 'w4O', '6ka', '1af', '4QY', 'Ka6', 'R2N', '4KC', 'A50']
['K9I', '6ah', 'eK8', 'XDn', 'gaE', 'Rcq', '9Id', 'ioX', 'Nsq', 's9g', 'z7z', 'SR5', '9IP', '6dm']
['lv8', 'dLP', 'ViR', 'nKE', 'NiA', 'jVD', '3Ag', 'hP1', 'pXg', '7us', 'GqO', 'dB1', 'jDJ', 'SE6']
['SbT', 'EE4', 'dlm', 'sbn', '1J5', 'mzp', 'bra', 'K6h', 'yYX', 'r9i', 'js2', 'DSn', 'l14', 'Nuj']
['n1R']
['MvS', 'RVV', 'XYV', 'HIl', 'S2b', 'Aj3', 'A3U', 'zlE', 'YNN', 'BUt', 'Yuu', 'ttl', 'CsX', 's2I']
['DIm', 'EBx', 'eS1', 'EZt', 'Zsu', 'FT3', '6HP', 'RGr', 'WZ0', 'laN', 'N0C', 'yDC', 'RVs', 'Ocl']
['4vG', '0IB', 'dHU', 'hkM', '0gN', 'yA4', 'G0D', 'Nxo', 'arg', '6yD', 'AWr', '4Hw', 'DMx', 'xG2']
['Ei5', 'PRM', 'fyw', 'Y2h', 'dF2', 'eFm', 'vyw', 'cuP', 'j3r', 's7d', 'bP8', 'Jax', 'EwN', 'qP1']
['tMU', 'WD8', 'gGS', 'Wei', 'Lhm', 'WLf', 'DUA', 'LDM', 'M83', 'pN1', 'v0k', 'a7h', 'oGW']
['pN2', 'HuQ', '7S6', 'b4Z', 'NZH', 'Ffc', 'JYC', 'JeV', 'SlE', 'ZKD', '1Mp', 'JqU', 'LVD', 'Vsl']
['nOQ', 'PNQ', '8W9', 'xT6', 'lvA', 'tcm', 'PAK', 'jLQ', 'gO2', 'C46', 'YMH', 'LC6', 'mqV', 'iY3']
['5Ns', 'XwM', 'EQu', 'qEv', 'Gjs', 'h9B', 'tIj', 'gEl', 'MDx', '1Kn', 'KEc', '1ak', 'hn5', 'vSm']
['d31', 'xtE', 'eoA', 'TMD', 'gZn', 'Y1y', '0Bu', 'MZE', '7Sm', 'jWg', 'TKn', 'eZA', 'OWx', '3Uy']
['ozk', 'WTx', 'yUh', 'lNF', 'fkx', 'vtj', 'MX4', 'Wlt', 'uKL', 'tls', 't7E', 'ddO', 'mCb', 'eeH']
['gmz', 'd22', 'rx8', '9Qr', 'vdt', 'qGq', '6e7', '0yK', 'mfl', '8qA', 'yey', 'cDS', 'zGa', 'rHA']
['zMJ', 'Tqt', '2JO', 'fes', '9ul', 'cCZ', '7Mc', '2r1', 'Zpy', 'pya', 'wUv', 'TE6', 'mYG', '9VG']
['Pbm', '5Hk', 't4i', '9CZ', 'rSz', 'QFL', 'zDr', 'BrF', 'R5h', 'LEf', 'Shf', 'Nq2', 'HWQ', 'sal']
['fgU', 'DxE', '9Ys', 'Fcj', '5yL', 'xin', 'K32', 'WyA', 'aml', 'Dz4', 'jjU', 'ekZ', 'JR1', 'unf']
['rw3', 'LsI', 'AT0', 'rAN', 'BOl', 'yaj', 'STu', '02G', 'zo8', 'm6v', 'LPO', 's58', 'yAq', 'Ddq']
['1VI']
['2RF', 'MWt', 'r83', 'd5R', 'Ml8', 'm0k', 'BWH', 'uFa', 'xhH', 'yUR', 'PJx', 'JoQ', 'OD8', 'OSO']
['FLR', 'sNU', 'Vnn', 'Rdl', 'P6C', 'PrW', 'fd3', 'MJd', 'LiY', 'lxq', 'xLh', '7ge', 'xld', 'kts']
['gIW', 'lFC', '77o', 'MUo', '2Sw', 'PzU', 'bXT', '2N4', 'm4B', 'BME', 'crX', 'uZ6', '7IB', 'nho']
['6TB', 'UEA', 'YSr', '5DP', 'bC7', 'lQ0', 'Ky4', 'CNJ', 'G2O', 'ktd', 'c11', 'WnO', 'FVQ', 'nh5']
['sRe', 'I4q', '2QS', 'OXi', 'nQu', 'jn6', 'uci', 'LhI', 'QkW', 'Aac', 'u2Z', '58x', 'gye', 'O2Y']
['XaK', 'j1P', '5e4', 'dKO', 'W7t', 'DUy', '4yO', 'G1u', 's5U', 'ddY', 'A9M', 'CRQ', 'Yqp', 'IYj']
['Yb0', 'rg3', 'gjs', 'SAS', 'kFp', 'Ujw', 'hak', 'q6h', 'MFJ', 'PC6', '3Xd', 'WG7', 'A2l', 'HLj']
['439', 'NJR', '0GZ', '0me', 'krw', 'LnE', 'pdu', 'J5c', '7yy', 'mNx', '7mD', 'ZIH', 'Gco', 'mra']
