['105', '277', '306', '307', '413', '450', '569', '581', '618', '649', '708', '711', '724', '921', '990']
['29', '119', '152', '159', '263', '300', '353', '479', '520', '543', '574', '744', '807', '904']
['47', '352', '534', '623', '703', '793', '825']
['194', '328', '349', '802']
['30', '110', '144', '203', '214', '476', '504', '656', '681', '749', '766', '890', '891']
['443']
['45', '411', '412']
['80', '108', '217', '387', '408', '454', '511', '532', '549', '732', '814', '831', '862', '884', '952']
['63', '146', '150', '197', '221', '358', '359', '455', '472', '728', '854', '980']
['20', '104', '141', '178', '205', '237', '437', '493', '598', '689', '740', '873', '956', '966', '972']
['26', '113', '158', '179', '184', '364', '566']
['116', '754', '912']
['136']
['72', '170', '304', '309', '322', '345', '361', '363', '389', '585', '588', '590', '607', '742']
['12', '121', '137', '267', '273', '388', '394', '431', '481', '488', '567', '660', '677', '903', '929']
['101', '128', '254', '261', '275', '538', '539', '606', '609', '665', '761', '878', '911', '913', '983']
['48', '165', '373', '436', '477', '657', '706', '841', '999']
['65', '106', '196', '226', '321', '375', '444', '644', '848', '922', '982']
['682']
['142', '189', '346', '420', '686', '919', '962']
['140', '288', '804']
['937']
['176', '430', '589', '601', '636', '928']
['258', '370', '790', '998']
['153', '200', '351', '360', '397', '482', '484', '553', '975', '979', '987']
['13', '15', '126', '334', '376', '459', '462', '494', '552', '608', '645', '729', '805', '889', '894']
['283', '315', '378', '826', '859']
['2', '70', '305', '395', '948']
['201', '356', '591', '613', '716', '770', '773', '789', '817', '819', '887', '893']
['27', '212', '220', '238', '312', '324', '340', '426', '460', '631', '713', '722', '798', '808']
['421', '705', '910', '964', '974']
['291']
['31', '83', '89', '183', '318', '434', '550', '858', '914']
['66', '120', '157', '215', '385', '441', '458', '544', '886', '930']
['28', '123', '130', '199', '218', '257', '350', '497', '558', '633', '674', '739', '935', '967']
['129', '164', '195', '564', '810', '860']
['174', '308', '402', '422', '457', '499', '529', '612', '628', '652', '707', '743', '869', '905']
['6', '278', '347', '368', '380', '495', '626', '815']
['41', '100', '125', '471', '528', '712', '748', '842']
['35', '37', '42', '74', '94', '211', '213', '290', '407', '410', '533', '701', '730', '788', '830']
['18', '235', '355', '381', '398', '577', '635', '662', '710', '751', '763', '780', '849', '917']
['21', '64', '139', '145', '216', '222', '245', '326', '435', '496', '853', '883', '940', '954']
['19', '32', '51', '124', '247', '280', '317', '377', '467', '473', '602', '776', '898', '989']
['111', '143', '192', '206', '244', '336', '383', '650', '774', '800', '837', '847', '885', '888']
['25', '168', '191', '379', '424', '445', '531', '688', '692', '772', '900', '958', '959', '984']
['0', '3', '34', '171', '332', '390', '506', '514', '554', '611', '702', '731', '816', '925']
['71', '177', '320', '518', '638', '684', '844', '856']
['59', '202', '240', '365', '449', '515', '605', '758', '778', '796', '797', '916', '931', '943']
['53', '61', '68', '75', '301', '453', '527', '537', '738', '781', '806', '835', '852']
['49', '52', '98', '333', '354', '414', '469', '629', '679', '760', '785', '823', '875', '938', '947']
['223', '526', '578', '647', '683', '857']
['579', '941']
['77', '260', '382', '630', '997']
['22', '166', '229', '286', '310', '555', '599', '634', '651', '653', '719', '735', '786', '866']
['112']
['39', '60', '114', '127', '148', '193', '302', '439', '560', '699', '861', '882', '899', '971']
['67', '750', '791']
['103', '117', '294', '327', '392', '433', '475', '500', '568', '592', '734', '794', '924', '961']
['24', '69', '147', '293', '384', '391', '405', '478', '670', '675', '690', '881', '944', '988']
['4', '33', '118', '232', '343', '367', '508', '594', '624', '676', '704', '820', '850', '963', '976']
['155', '180', '234', '297', '299', '466', '470', '548', '757', '926', '942', '970']
['132', '161', '250', '268', '319', '448', '489', '622', '632', '795', '855', '918', '920', '973', '981']
['279', '551', '570', '573', '583', '640', '659', '915']
['5', '10', '79', '271', '289', '584', '691', '752', '762', '864', '892', '934', '946', '994']
['73', '149', '210', '265', '316', '393', '524', '616', '755', '783', '863', '932']
['102', '369', '409', '446', '559', '698', '779', '829', '840', '897', '950', '951']
['88', '115', '122', '131', '163', '256', '298', '335', '456', '505', '563', '603', '663', '668', '827']
['43', '84', '230', '243', '274', '344', '401', '661', '715', '765', '767', '821', '909']
['36', '54', '172', '272', '281', '296', '492', '523', '580', '639', '693', '721', '901', '991']
['56', '239', '252', '416', '425', '463', '769', '957']
['372']
['50', '227', '685', '870']
['7', '86', '255', '525', '614', '741']
['428', '451', '486', '513', '556', '648', '695', '697', '867', '877']
['154', '181', '188', '374', '461', '465', '485', '509', '562', '753', '775', '993']
['241', '246', '287', '427', '447', '474', '540', '565', '576', '600', '736']
['329', '399', '669', '714', '874', '995']
['249', '572']
['228', '311', '323', '357', '415', '438', '502', '503', '654', '720', '726', '799', '811', '879', '949']
['91', '362', '464', '491', '501', '604']
['78', '207', '337', '339', '442', '561', '587', '595', '625', '709', '822', '836', '955', '996']
['38', '169', '295', '314', '342', '419', '610', '641', '664', '694', '723', '834', '907', '933', '992']
['1', '198', '417', '597', '666', '747', '896']
['96', '282', '285', '325', '480', '498', '507', '586', '619', '725', '756', '764', '784', '824', '828']
['8', '16', '90', '187', '219', '269', '270', '432', '510', '575', '646', '717', '787', '812', '880']
['303', '547', '658', '832', '923', '977']
['331', '490', '813', '908', '936']
['151', '284', '429', '516', '671', '700', '771', '895', '927', '985']
['134', '135', '190', '242', '262', '330', '403', '423', '620', '727', '782', '809', '818', '906', '939']
['14', '58', '93', '160', '167', '248', '487', '557', '768', '843', '968']
['17', '55', '99', '186', '276', '400', '535', '536', '615', '617', '627', '871']
['87', '253', '418', '517', '521', '522', '541', '571', '593', '672', '680', '737', '803']
['57', '76', '292', '313', '341', '348', '366', '371', '452', '512', '519', '696', '777', '801', '845']
['162', '259', '264', '406', '545', '678', '872', '960']
['23', '81', '95', '224', '386', '546', '637', '746', '833', '865']
['97', '109', '182', '396', '468', '483', '530', '582', '642', '643', '687', '759', '839', '846', '851']
['46', '85', '209', '792', '945']
['11', '40', '173', '208', '225', '231', '236', '266', '621', '733', '745', '868', '969', '986']
['107', '138', '175', '185', '251', '404', '542', '655', '667', '673', '718', '838', '902', '953', '965']
['9', '44', '62', '82', '92', '133', '156', '204', '233', '338', '440', '596', '876', '978']
