['10', '24', '39', '46', '49', '50', '71', '87', '138', '211', '216', '379', '385', '386', '388', '396', '399', '657', '661', '677', '678', '859', '899', '906', '916', '918', '920', '926', '964', '975']
['186', '202', '312', '315', '320', '326', '329', '334', '340', '423', '683', '699', '737', '738', '868', '869', '870', '874', '875', '881', '884', '885', '888', '889', '890', '894', '896', '897', '898', '930', '942', '945', '947', '955', '959']
['34', '111', '166', '241', '319', '370', '407', '408', '410', '411', '412', '414', '417', '418', '419', '422', '427', '431', '432', '597', '600', '609', '614', '618', '651', '654', '658', '662', '663', '666', '669', '671', '673', '675', '721']
['106', '155', '164', '173', '249', '353', '415', '420', '425', '434', '602', '746', '749', '751', '753', '758', '771', '872', '931', '932', '933', '934', '936', '937', '938', '940', '943', '946', '950', '951', '952', '954']
['195', '227', '230', '231', '232', '239', '240', '243', '244', '247', '257', '262', '271', '428', '467', '474', '527', '533', '547', '551', '610', '729', '759', '760', '764', '877', '878', '880', '886', '891', '892', '893', '895', '904']
['206', '207', '280', '281', '282', '284', '287', '290', '291', '292', '293', '294', '296', '297', '299', '301', '303', '309', '384', '723', '724', '726', '727', '728', '732', '736', '743', '765', '806', '809', '815', '822', '827', '917', '928']
['13', '32', '167', '267', '510', '563', '564', '567', '584', '714', '744', '745', '747', '750', '752', '755', '756', '757', '761', '766', '767', '770', '772', '773', '810', '811', '817', '819', '820', '821', '826', '830', '832', '834']
['161', '224', '226', '234', '238', '246', '266', '351', '438', '439', '443', '447', '456', '466', '477', '558', '560', '565', '566', '568', '569', '574', '575', '577', '578', '579', '580', '583', '644', '664', '665', '674', '681', '818', '879']
['0', '1', '2', '3', '4', '6', '7', '11', '12', '14', '15', '16', '17', '19', '22', '23', '25', '26', '28', '29', '30', '107', '217', '219', '222', '235', '245', '288', '522', '633', '686', '713', '730', '873', '882']
['218', '220', '223', '225', '228', '229', '242', '254', '406', '426', '493', '559', '635', '807', '808', '812', '813', '814', '816', '823', '824', '825', '828', '829', '831', '833', '835', '914', '921', '965', '972', '976', '979', '981']
['8', '9', '20', '65', '130', '160', '233', '459', '479', '496', '497', '498', '501', '502', '504', '506', '507', '508', '509', '511', '512', '513', '515', '518', '520', '523', '552', '693', '709', '883', '908', '911', '944']
['62', '63', '64', '73', '77', '81', '82', '85', '91', '126', '405', '430', '514', '524', '561', '576', '582', '590', '605', '615', '631', '639', '725', '739', '775', '871', '929', '939', '963', '970', '971', '977', '988', '990', '991']
['135', '283', '285', '286', '289', '298', '300', '306', '307', '308', '342', '360', '436', '441', '442', '444', '445', '446', '448', '449', '452', '453', '455', '457', '458', '460', '463', '464', '528', '655', '748', '768', '839', '856', '862']
['141', '188', '191', '192', '193', '194', '196', '198', '199', '209', '212', '214', '310', '311', '313', '314', '317', '318', '322', '324', '331', '333', '338', '689', '782', '793', '915', '927', '953', '960']
['31', '35', '37', '38', '40', '41', '44', '60', '184', '302', '341', '343', '344', '345', '346', '348', '350', '352', '355', '356', '362', '363', '365', '368', '532', '540', '542', '697', '715', '784', '840', '845', '858', '912']
['187', '189', '190', '203', '204', '205', '215', '236', '251', '259', '295', '316', '323', '325', '327', '328', '336', '429', '603', '656', '837', '838', '841', '842', '844', '846', '849', '851', '852', '853', '854', '860', '861', '866', '935']
['383', '621', '622', '623', '625', '626', '628', '629', '630', '632', '634', '636', '637', '638', '640', '641', '642', '643', '645', '646', '648', '649', '650', '762', '769', '901', '903', '909', '913', '919', '922', '925', '949', '956']
['93', '96', '98', '99', '100', '102', '103', '104', '105', '110', '113', '114', '118', '120', '123', '682', '684', '685', '687', '688', '691', '694', '696', '698', '700', '701', '702', '704', '705', '706', '707', '710', '711', '712', '900']
['18', '42', '124', '129', '131', '150', '165', '237', '354', '359', '361', '364', '366', '367', '409', '416', '530', '531', '534', '535', '536', '537', '541', '543', '549', '550', '554', '555', '557', '606', '627', '786', '791', '948', '957']
['33', '132', '142', '146', '149', '151', '153', '154', '181', '248', '250', '256', '263', '269', '270', '272', '275', '277', '278', '347', '349', '357', '358', '369', '371', '381', '482', '548', '690', '692', '695', '716', '763', '941']
['36', '45', '47', '55', '57', '58', '156', '157', '158', '159', '162', '163', '168', '169', '170', '171', '172', '174', '175', '176', '177', '178', '180', '182', '183', '185', '200', '201', '213', '378', '440', '450', '462', '500', '516']
['27', '208', '255', '258', '260', '261', '264', '265', '268', '273', '274', '389', '435', '437', '454', '476', '481', '485', '488', '490', '495', '589', '591', '592', '593', '594', '595', '598', '599', '604', '608', '612', '619', '708', '902']
['51', '94', '179', '253', '465', '468', '469', '471', '472', '475', '478', '480', '487', '489', '491', '492', '499', '503', '517', '519', '521', '525', '562', '570', '571', '572', '573', '581', '586', '587', '588', '617', '780', '867', '958']
['43', '48', '52', '54', '56', '59', '61', '74', '252', '276', '403', '404', '424', '433', '613', '653', '659', '660', '667', '668', '670', '672', '676', '679', '788', '836', '961', '962', '966', '973', '978', '982', '983', '984', '987']
['66', '67', '68', '69', '70', '72', '75', '76', '78', '80', '83', '84', '88', '89', '90', '92', '108', '140', '451', '529', '538', '539', '544', '545', '546', '553', '556', '596', '616', '787', '863', '887', '905', '907', '924']
['86', '279', '304', '305', '321', '330', '335', '337', '339', '421', '461', '470', '484', '486', '494', '505', '718', '719', '720', '722', '733', '734', '735', '740', '741', '742', '923', '967', '968', '969', '974', '980', '985', '986', '989']
['79', '95', '101', '109', '112', '115', '116', '117', '119', '121', '122', '125', '127', '128', '133', '134', '136', '137', '139', '143', '144', '145', '147', '148', '152', '413', '473', '483', '526', '611', '717', '774', '910']
['5', '21', '53', '197', '585', '601', '607', '620', '624', '647', '731', '754', '776', '777', '778', '779', '781', '783', '785', '789', '790', '792', '794', '795', '796', '797', '798', '799', '800', '801', '802', '803', '804', '805', '876']
['97', '210', '221', '332', '372', '373', '374', '375', '376', '377', '380', '382', '387', '390', '391', '392', '393', '394', '395', '397', '398', '400', '401', '402', '652', '680', '703', '843', '847', '848', '850', '855', '857', '864', '865']
