['73', '77', '166', '400', '487', '604']
['8', '51', '92', '139', '160', '196', '218', '289', '309', '348', '366', '368', '434', '437', '477', '688', '752', '779', '789', '793']
['5', '10', '19', '22', '50', '89', '98', '110', '122', '193', '369', '405', '419', '465', '490', '494', '536', '580', '655', '699', '731', '742']
['67', '116', '118', '156', '180', '358', '359', '383', '389', '410', '427', '439', '511', '551', '601', '612', '618', '632', '669', '715', '724', '760', '777', '798']
['40', '43', '49', '72', '80', '84', '91', '131', '182', '227', '249', '416', '475', '493', '527', '538', '550', '568', '628', '675', '737']
['3', '11', '18', '28', '60', '95', '117', '137', '144', '188', '237', '285', '301', '394', '413', '502', '561', '609', '644', '701', '746', '755']
['25', '222', '223', '242', '257', '284', '328', '340', '357', '504', '509', '559', '587', '615', '620', '640', '677', '691', '703', '740', '764', '769']
['4', '20', '344', '396', '408', '412', '457', '513', '583', '635', '649', '776']
['16', '68', '169', '175', '287', '333', '379', '445', '447', '448', '478', '530', '547', '564', '672', '681', '700', '708', '743']
['15', '27', '103', '113', '128', '142', '154', '158', '190', '216', '248', '361', '365', '380', '428', '432', '485', '499', '508', '607', '624', '634', '641', '689']
['29', '79', '108', '112', '140', '204', '219', '320', '347', '364', '382', '420', '516', '529', '567', '592', '595', '627', '630', '633', '711', '733', '774', '788']
['120', '153', '181', '202', '207', '374', '387', '431', '491', '501', '563', '606', '658', '687', '729', '750', '768']
['52', '69', '88', '135', '141', '261', '291', '307', '327', '388', '453', '544', '571', '573', '657', '671', '686', '704']
['37', '45', '126', '143', '177', '206', '295', '395', '409', '505', '540', '574', '579', '582', '639', '751', '795']
['1', '96', '145', '149', '194', '229', '244', '349', '354', '456', '488', '507', '524', '537', '613', '621', '623', '648', '670', '683', '734', '761', '766', '771', '785']
['53', '71', '76', '82', '105', '133', '161', '209', '210', '296', '306', '355', '356', '363', '372', '377', '455', '581', '698', '765', '778']
['17', '61', '146', '176', '260', '300', '325', '376', '390', '403', '519', '569', '693', '767', '780', '790', '794']
['48', '86', '138', '174', '186', '245', '294', '378', '384', '401', '422', '435', '515', '523', '625', '647', '660', '712', '792']
['36', '70', '78', '106', '129', '185', '264', '314', '367', '438', '661', '706', '727', '763']
['30', '39', '187', '205', '221', '230', '259', '288', '293', '303', '335', '417', '451', '486', '510', '526', '555', '584', '591', '656', '673', '678', '694', '725', '796']
['12', '115', '125', '147', '184', '200', '228', '319', '338', '346', '469', '473', '489', '532', '603', '664', '697', '759', '762']
['21', '47', '64', '87', '99', '164', '172', '197', '278', '280', '299', '321', '424', '454', '463', '522', '553', '652', '739', '758', '770', '782', '799']
['13', '14', '93', '97', '155', '192', '195', '270', '337', '375', '468', '471', '480', '512', '521', '543', '552', '577', '588', '597', '611', '667', '747', '754', '781']
['6', '55', '262', '318', '322', '462', '466', '497', '503', '617', '745', '749']
['42', '63', '208', '231', '238', '253', '312', '316', '317', '330', '339', '371', '414', '461', '472', '549', '586', '600', '605', '650', '662', '702']
['31', '54', '62', '83', '101', '179', '201', '213', '233', '239', '290', '310', '323', '360', '370', '560', '622', '710', '713', '787']
['35', '58', '107', '119', '124', '168', '198', '217', '235', '236', '241', '250', '254', '265', '313', '423', '442', '467', '474', '548', '616', '636', '663', '723']
['24', '46', '148', '215', '224', '336', '436', '443', '459', '476', '533', '565', '575', '590', '626', '642', '643', '696', '705', '753', '784']
['2', '26', '81', '132', '275', '276', '302', '352', '418', '429', '430', '470', '518', '520', '554', '570', '614', '654', '695', '726', '744']
['7', '33', '34', '38', '199', '240', '246', '252', '305', '353', '392', '397', '399', '441', '446', '500', '506', '531', '534', '572', '594', '682', '714', '756']
['23', '65', '94', '104', '109', '114', '123', '136', '150', '162', '163', '183', '267', '279', '332', '345', '391', '407', '556', '558', '578', '668', '692', '707', '797']
['57', '85', '121', '130', '157', '165', '173', '220', '226', '243', '282', '292', '297', '342', '406', '458', '535', '602', '638', '651', '680', '685', '748']
['66', '234', '283', '286', '326', '386', '398', '411', '415', '464', '496', '517', '545', '608', '665', '732', '772']
['44', '159', '211', '324', '341', '350', '373', '479', '483', '557', '576', '619', '653', '666', '717', '722', '741']
['32', '100', '151', '171', '225', '232', '269', '273', '315', '362', '440', '514', '528', '546', '659', '730', '736', '783', '786']
['56', '59', '90', '178', '191', '203', '212', '268', '381', '393', '433', '450', '452', '482', '525', '539', '629', '690', '709', '716', '773']
['0', '9', '41', '74', '75', '102', '167', '247', '255', '263', '266', '274', '304', '311', '331', '343', '385', '449', '481', '589', '718', '719', '735', '757']
['111', '127', '134', '152', '170', '189', '251', '256', '271', '277', '329', '351', '404', '426', '562', '596', '646', '684', '721', '791']
['214', '258', '281', '298', '334', '425', '444', '542', '566', '593', '599', '610', '637', '676', '720', '728', '738']
['272', '308', '402', '421', '460', '484', '492', '495', '498', '541', '585', '598', '631', '645', '674', '679', '775']
