['Adrea', 'Cariotta', 'Abigael', 'Catha', 'Adoree', 'Betsey', 'Benedikta', 'Aura', 'Abbie', 'Carlen']
['Carlotta', 'Bee', 'Celestine', 'Babs', 'Chloris', 'Britney', 'Arluene', 'Ashlie', 'Chrissie', 'Carilyn']
['Aeriell', 'Bobbye', 'Brande', 'Brook', 'Amabel', 'Albertine', 'Adella', 'Bert', 'Audrey', 'Brittney']
['Cammi', 'Brandie', 'Anatola', 'Alanna', 'Alma', 'Barbe', 'Ailis', 'Andree', 'Ardys', 'Aline']
['Caye', 'Bernadette', 'Alysa', 'Austin', 'Annora', 'Caryn', 'Allina', 'Bill', 'Amelita', 'Arlena']
['Audre', 'Annalee', 'Betteann', 'Aurelea', 'Bonnie', 'Amargo', 'Aggie', 'Blakelee', 'Carolee', 'Carolina']
['Benita', 'Alyce', 'Cassandry', 'Alicia', 'Caroline', 'Cassandra', 'Bebe', 'Bev', 'Averil']
['Carina', 'Cammie', 'Adah', 'Bobby', 'Blancha', 'Augustine', 'Ardis', 'Cathrin', 'Addi']
['Ashly', 'Aggy', 'Cecil', 'Cele', 'Billye', 'Batsheva', 'Audrie', 'Bernadine', 'Bethany']
['Celine', 'Arlina', 'Carly', 'Antonia', 'Ann', 'Cherri', 'Carley', 'Agneta', 'Bernetta']
['Christye', 'Beverlee', 'Annelise', 'Catie', 'Aila', 'Bekki', 'Alayne', 'Chere', 'Carlita', 'Penny']
['Adeline', 'Alix', 'Chloette', 'Ashlen', 'Cathee', 'Bonita', 'Bambi', 'Cammy', 'Ashlee', 'Bess']
['Camel', 'Antoinette', 'Auberta', 'Amaleta', 'Caitrin', 'Bobine', 'Camellia', 'Aliza', 'Carlene', 'Anastassia']
['Charlotte', 'Bili', 'Anthiathia', 'Barry', 'Charlena', 'Arlyne', 'Cathleen', 'Catlaina']
['Charlene', 'Alexia', 'Bobbette', 'Bobbee', 'Adriane', 'Arda', 'Celinka', 'Alverta', 'Bernadene']
['Alice', 'Anjanette', 'Babara', 'Anett', 'Annadiane', 'Beryl', 'Alida', 'Charmion', 'Aeriela', 'Arly']
['Binnie', 'Cati', 'Catriona', 'Anastasie', 'Arleyne', 'Bari', 'Cathe', 'Adela', 'Arabella', 'Charleen']
['Christian', 'Cathryn', 'Bridget', 'Adelheid', 'Chris', 'Alika', 'Allsun', 'Cherilyn', 'Charmain', 'Aloise']
['Blanche', 'Angelique', 'Bennie', 'Arabelle', 'Christean', 'Benoite', 'Cheslie', 'Bellanca', 'Ashleigh', 'Blithe']
['Alexina', 'Andie', 'Cara', 'Ainslee', 'Anetta', 'Beatrisa', 'Brunhilde', 'Binny', 'Cherida', 'Annabal']
['Caryl', 'Brinna', 'Brigida', 'Britte', 'Abagael', 'Ami', 'Carin', 'Billie', 'Cacilia', 'Candide']
['Ambur', 'Belle', 'Billi', 'Candra', 'Cecelia', 'Anica', 'Alameda', 'Mary', 'Beret', 'Blake']
['Barbara', 'Carolan', 'Ardisj', 'Amandi', 'Ayn', 'Addy', 'Ailsun', 'Aimee', 'Calli', 'Anderea']
['Agnes', 'Bathsheba', 'Annalise', 'Amalle', 'Bette', 'Christiana', 'Bernita', 'Alie', 'Adora', 'Barbabra']
['Camala', 'Adrian', 'Ailey', 'Andromache', 'Bonny', 'Allyson', 'Angil', 'Arlie', 'Beverley', 'Bobbie']
['Amara', 'Bibbye', 'Abigale', 'Berrie', 'Carry', 'Babb', 'Berta', 'Brit', 'Charlot', 'Carrissa']
['Berny', 'Ashla', 'Cate', 'Beth', 'Analiese', 'Alejandra', 'Amitie', 'Annabella', 'Avis', 'Britni']
['Anthia', 'Aryn', 'Bettye', 'Camila', 'Carla', 'Caterina', 'Carmina', 'Carmel', 'Annamaria', 'Annaliese']
['Adina', 'Carmela', 'Ardella', 'Betty', 'Carlye', 'Antonie', 'Christina', 'Alane', 'Ardith', 'Bambie']
['Ardelia', 'Ali', 'Cathie', 'Candi', 'Audra', 'Adelice', 'Blondy', 'Alberta', 'Caitlin']
['Anselma', 'Brittany', 'Cassondra', 'Ava', 'Brittne', 'Ashley', 'Carolyn', 'Alecia', 'Birgitta', 'Aurilia']
['Bertha', 'Anitra', 'David', 'Abbi', 'Arielle', 'Bree', 'Biddy', 'Ana', 'Andra', 'Brenna']
['Celie', 'Bettina', 'Ainsley', 'Ashia', 'Aridatha', 'Alissa', 'Alexa', 'Ame', 'Alexis', 'Aprilette']
['Christiane', 'Brandy', 'Bernardine', 'Britt', 'Cherin', 'Atlanta', 'Amberly', 'Bella', 'Blondell', 'Blakeley']
['Annamarie', 'Alvina', 'Angelica', 'Bobbi', 'Amalita', 'Breanne', 'Andy', 'Ania', 'Amity', 'Alikee']
['Avrit', 'Alta', 'Carleen', 'Anthe', 'Charmane', 'Brynne', 'Cassie', 'Benetta', 'Alex']
['Casi', 'Carole', 'Carmella', 'Celestina', 'Alyda', 'Brina', 'Alyss', 'Chad', 'Ardyth', 'Barbi']
['Annette', 'Casie', 'Briney', 'Alica', 'Angie', 'Cesya', 'Betteanne', 'Andreana', 'Betta', 'Brear']
['Aurel', 'Angelia', 'Belvia', 'Andria', 'Ashlan', 'Aubrie', 'Alaine', 'Bridie', 'Cherlyn', 'Aloysia']
['Angy', 'Christin', 'Abbey', 'Annis', 'Adel', 'Adelaida', 'Allegra', 'Arliene', 'Carma', 'Anne']
['Audie', 'Bethena', 'Aurore', 'Amelia', 'Chelsy', 'Agace', 'Abigail', 'Adrianna', 'Celia', 'Chandal']
['Brittni', 'Adi', 'Amy', 'Alexandra', 'Bryn', 'Aurelie', 'Ailina', 'Charla', 'Amii', 'Cher']
['Cherye', 'Ange', 'Andi', 'Bryana', 'Carine', 'Birdie', 'Alvera', 'Caressa', 'Christine', 'Atlante']
['Charlotta', 'Brier', 'Anni', 'Cathyleen', 'Catlin', 'Agretha', 'Carroll', 'Agatha', 'Almira', 'Callie']
['Alis', 'Anette', 'Caresse', 'Christy', 'Bernardina', 'Bettine', 'Benedicta', 'Alene', 'Allyn', 'Alisa']
['Caty', 'Brinn', 'Cathy', 'Ardyce', 'Calypso', 'Carlynne', 'Alidia', 'Bibby', 'Carmelle', 'Cecilia']
['Jean', 'Amalea', 'Carlynn', 'Bea', 'Alanah', 'Brenda', 'Blythe', 'Belicia', 'Bride', 'Ceciley']
['Carlin', 'Amandie', 'Benny', 'Adey', 'Beckie', 'Carri', 'Aigneis', 'Babette', 'Allison']
['Ashli', 'Caritta', 'Andee', 'Arlinda', 'Adrienne', 'Carline', 'Cherianne', 'Beverly', 'Brigid', 'Bren']
['Britta', 'Arlen', 'Chelsey', 'Amabelle', 'Camella', 'Ardenia', 'Aile', 'Anny', 'Brandais', 'Agata']
['Beulah', 'Bobette', 'Annetta', 'Berthe', 'Chrysler', 'Cody', 'Carlina', 'Camile', 'Annie', 'Carmita']
