['375']
['84']
['38', '152', '72', '49', '470', '412', '457', '32', '12', '98', '238', '34', '179', '113', '187', '284', '7', '110', '364', '77', '356', '374', '56', '25', '401', '406', '123', '472', '42', '36', '294', '194', '145', '479', '46', '282', '138', '40', '197', '195', '1', '260', '108', '151', '497', '346', '270', '208', '224', '52', '133', '463', '116', '393', '344', '112', '390', '334', '201', '336', '458', '60', '190', '69', '355', '354', '411', '465', '461', '369', '315', '212', '405', '261', '331', '146', '89', '35', '483', '478', '70', '246', '189', '384', '264', '440', '3', '360', '299', '452', '256', '217', '448', '191', '272', '305', '428', '6', '349', '450', '496', '420', '239', '267', '126', '403', '198', '255', '253', '236', '413', '361', '499', '183', '83', '200', '18', '468', '182', '298', '158', '170', '273', '368', '300', '437', '292', '347', '51', '82', '434', '290', '345', '408', '81', '107', '323', '348']
['251', '419', '370', '431', '484', '80', '134', '223', '127', '318', '55', '96', '242', '283', '161', '399', '455', '291', '193', '204', '488', '451', '469', '28', '358', '352', '392', '68', '447', '341', '149', '45', '254', '471', '338', '206', '489', '143', '119', '421', '426', '222', '243', '59', '106', '247', '211', '173', '165', '140', '24', '228', '449', '142', '485', '482', '102', '50', '330', '340', '439', '400', '404', '312', '432', '252', '245', '207', '444', '416', '66', '371', '130', '164', '357', '289', '303', '407', '316', '244', '394', '342', '85', '271', '409', '397', '287']
['456']
['230', '365', '128', '295', '454', '185', '231', '227', '275', '446', '487', '366', '109', '65', '379', '388', '157', '156', '214', '319', '233', '21', '296', '196', '492', '322', '476', '104', '422', '136', '415', '26', '88', '433', '249', '39', '73', '177', '30', '301', '124', '17', '22', '326', '235', '225', '424', '263', '199', '350', '327', '114', '23', '103', '125', '427', '389', '10', '442', '27', '308', '160', '321', '48', '202', '329', '74', '71', '262', '396']
['203']
['184']
['328']
['495']
['343']
['490']
['181']
['234']
['220']
['122']
['307']
['436']
['324', '257', '293', '438', '386', '226', '385', '44', '477', '363', '383', '129', '314', '402', '274', '430', '54', '180', '64', '86', '153', '333', '210', '373', '337', '131', '11', '467', '90', '15', '250', '172', '2', '410', '423', '311', '79', '8', '473', '248', '382', '150', '144', '279', '169', '14', '276', '376', '37', '5', '115', '232', '474', '240', '159', '259', '154', '266', '281', '221', '41', '285', '429', '241', '186', '219', '0', '141', '43', '218', '453', '277', '132', '99', '216', '278', '205', '498', '209', '475', '288', '372', '76', '280', '332', '486', '391', '100', '155', '460', '4', '462', '443', '163', '101', '237', '139', '13', '213', '445', '464', '491', '135', '320', '178', '425', '378', '387', '62', '493', '47', '19', '339', '310', '258', '57', '20', '111', '162', '120', '306', '33', '313', '75', '367', '351', '417', '92', '171', '297', '381', '268', '192', '78', '67', '269', '137', '359', '466', '459', '380', '63', '362', '117', '441', '121', '398', '176', '215', '414', '481', '97', '147', '87', '317', '286', '494', '105', '188', '353', '93', '168', '302', '166', '175', '29', '265', '335', '91', '435', '148', '16', '174', '94', '167', '9', '377', '118', '309', '418', '395', '53', '325', '480', '95', '31', '304', '229', '58']
['61']
