['98']
['292']
['85']
['8', '39', '87']
['111']
['315']
['202', '208', '216', '219', '224', '232', '236', '250', '254', '265', '272', '276', '287', '294', '295', '298']
['503']
['404']
['110']
['214', '223', '229', '231', '256']
['247']
['363']
['94']
['325', '376']
['75']
['592']
['267']
['128']
['118']
['200', '209', '210', '242', '245', '246', '251', '255', '270', '271', '282']
['164']
['501', '508', '515', '522', '524', '534', '554', '555', '561', '577', '585', '590', '593']
['260']
['0']
['326', '347', '394']
['548']
['243']
['400']
['31', '61', '502', '505', '512', '514', '516', '517', '521', '530', '532', '539', '540', '541', '543', '545', '550', '565', '569', '571', '575', '578', '579', '580', '586', '589', '594', '595', '598', '599']
['343']
['12', '26', '41', '50']
['2', '7', '14', '36', '42', '49', '60', '79', '86', '92', '97', '99']
['509', '549', '551', '563']
['474']
['204', '238', '258']
['108', '119', '123', '131', '132', '137', '145', '160', '194', '197']
['357']
['207', '215', '217', '221', '225', '237', '261', '266', '273', '277', '278', '280', '283', '284', '285', '286', '288', '291', '293']
['583']
['80']
['274']
['177']
['340']
['429']
['500', '538', '552', '553', '587']
['10', '28', '34', '40', '44', '52', '74', '76', '95']
['483']
['452', '475', '490']
['314']
['307']
['427']
['480']
['302', '335', '362', '375', '382', '387']
['275']
['105', '150', '161']
['439']
['56']
['59']
['520']
['526', '546', '566', '597']
['289']
['96']
['193']
['45', '51', '62', '66', '70', '78', '84']
['57']
['227']
['67']
['591']
['504', '527', '536', '547', '560']
['329']
['69']
['359']
['306']
['511', '562', '574', '581']
['146']
['38']
['17']
['201']
['29']
['190']
['109']
['485']
['449']
['304', '305', '308', '316', '321', '333', '338', '345', '348', '349', '354', '366', '367', '381', '388']
['351', '391']
['433']
['513', '518', '523', '542', '544', '556', '567', '572', '584']
['151']
['398']
['18']
['309']
['482']
['303', '320', '324', '328', '331', '344', '361', '371', '378', '395', '396']
['1']
['116', '129']
['464']
['528']
['341']
['244']
['519']
['373', '386']
['77']
['365']
['135']
['402', '403', '424', '432', '434', '456', '458', '460', '471', '478', '481', '484', '487', '493']
['358']
['507']
['426']
['222']
['506']
['465']
['445']
['416']
['428']
['588']
['311']
['409', '421', '455', '461']
['112', '114', '136', '152', '159', '181', '195']
['83']
['558']
['220']
['46']
['58']
['48']
['212', '218', '239', '240', '249', '252', '257', '259', '264', '296', '297']
['228']
['115']
['463']
['431']
['233']
['430']
['533']
['370']
['101', '102', '104', '106', '107', '120', '124', '125', '130', '141', '144', '149', '154', '165', '168', '170', '171', '172', '173', '176', '178', '182', '185', '187', '189', '192']
['73']
['4']
['15']
['415']
['535']
['414', '438', '457', '459', '462', '466', '467', '468', '472', '497']
['401', '417', '437', '443', '451', '492']
['300', '301', '313', '317', '318', '322', '330', '336', '339', '346', '350', '353', '355', '368', '372', '377', '380', '383', '384', '390', '392', '393', '399']
['82']
['405', '407', '410', '411', '413', '419', '420', '422', '436', '440', '448', '453', '469', '477', '486', '488', '489', '491', '494', '495', '498', '499']
['133']
['226']
['573']
['312']
['442']
['423']
['163']
['230', '279']
['268']
['334', '364', '374']
['205', '235', '262', '281']
['126', '140', '147', '155', '166', '167', '174', '184', '186']
['568']
['323', '342', '352']
['473']
['369']
['332']
['450']
['100', '113', '117', '121', '122', '127', '138', '157', '162', '169', '188', '196', '198']
['425', '435', '441', '446', '476', '496']
['54']
['337']
['525', '529', '531', '537', '557', '559', '564', '570', '582', '596']
['175']
['510']
['11']
['234', '290']
['199']
['191']
['454']
['269']
['148']
['9', '24']
['263']
['180']
['412']
['444']
['68']
['63']
['22']
['203', '206', '211', '213', '241', '248', '253', '299']
['360']
['139', '142', '143', '153', '156', '158', '179', '183']
['103']
['30']
['72']
['3', '5', '13', '16', '19', '20', '21', '23', '33', '35', '37', '43', '47', '53', '55', '64', '65', '81', '88', '89', '90']
['6']
['576']
['134']
['406', '408', '418', '447', '470', '479']
['310', '319', '327', '356', '385', '389', '397']
['91']
['379']
['25', '27', '32', '71', '93']
