['284']
['630']
['654']
['723']
['341']
['43']
['613']
['118']
['336', '560', '815']
['47', '56', '65', '75', '90', '102', '120', '156', '168', '170', '199', '249', '253', '258', '273', '339', '388', '410', '438', '465', '508', '509', '519', '530', '536', '554', '566', '595', '612', '624', '626', '635', '653', '655', '656', '657', '659', '660', '668', '669', '684', '688', '696', '706', '722', '778', '783', '819', '820', '839']
['3', '15', '20', '23', '30', '35', '42', '50', '96', '129', '131', '146', '211', '212', '233', '248', '285', '327', '338', '360', '378', '383', '384', '391', '394', '419', '421', '464', '471', '478', '488', '514', '535', '562', '565', '604', '609', '610', '642', '661', '703', '714', '716', '718', '745', '749', '758', '786', '807', '826']
['2', '5', '11', '28', '52', '71', '78', '82', '97', '108', '112', '122', '123', '124', '133', '136', '138', '139', '163', '174', '175', '176', '218', '245', '251', '264', '265', '269', '281', '286', '351', '357', '359', '429', '505', '523', '558', '587', '588', '629', '634', '636', '670', '683', '709', '711', '811', '821', '824', '830']
['4', '41', '51', '53', '57', '58', '64', '73', '81', '143', '144', '148', '181', '209', '221', '228', '229', '250', '266', '275', '276', '299', '304', '307', '308', '363', '379', '403', '422', '431', '439', '466', '468', '506', '525', '531', '537', '545', '557', '572', '589', '615', '708', '739', '742', '754', '785', '797', '799', '825']
['225']
['579']
['767']
['239']
['584']
['37', '40', '49', '67', '110', '114', '147', '149', '171', '177', '178', '184', '185', '194', '223', '270', '272', '335', '342', '356', '371', '381', '401', '432', '442', '445', '463', '474', '485', '500', '520', '540', '556', '563', '569', '576', '623', '625', '638', '664', '690', '697', '701', '730', '731', '752', '765', '817', '829', '833']
['8', '13', '21', '32', '39', '69', '86', '103', '109', '115', '126', '140', '161', '162', '214', '215', '267', '274', '282', '291', '298', '306', '310', '316', '330', '372', '380', '408', '420', '440', '443', '477', '480', '487', '496', '511', '513', '515', '528', '552', '553', '567', '585', '586', '649', '679', '689', '764', '782', '837']
['246']
['672']
['643']
['546']
['142']
['312']
['759']
['60']
['458']
['0', '17', '59', '76', '99', '119', '135', '150', '155', '179', '192', '216', '243', '255', '277', '300', '305', '340', '343', '361', '366', '367', '373', '382', '386', '412', '423', '441', '461', '483', '486', '491', '517', '561', '570', '581', '600', '676', '694', '734', '736', '738', '762', '781', '800', '810', '813', '816', '822', '835']
['33', '46', '48', '83', '85', '93', '94', '98', '101', '111', '158', '164', '180', '182', '188', '195', '198', '205', '213', '230', '237', '241', '278', '279', '309', '315', '329', '362', '446', '455', '462', '472', '527', '541', '550', '606', '607', '622', '646', '667', '685', '702', '704', '715', '751', '779', '789', '793', '795', '834']
['413']
['582']
['61', '95', '125', '137', '262', '295', '314', '325', '347', '355', '524', '571', '663', '666', '705', '707', '710', '744', '776']
['9', '18', '34', '63', '84', '152', '153', '165', '172', '190', '206', '235', '238', '283', '321', '323', '324', '344', '346', '352', '376', '390', '397', '400', '414', '417', '437', '450', '453', '456', '470', '489', '497', '498', '539', '578', '590', '591', '592', '597', '628', '641', '650', '651', '671', '680', '692', '771', '784', '806']
['726']
['1', '14', '22', '27', '54', '66', '74', '77', '87', '121', '141', '167', '197', '222', '234', '242', '290', '301', '317', '318', '364', '416', '452', '460', '475', '476', '481', '490', '492', '521', '542', '547', '548', '559', '564', '568', '617', '639', '645', '665', '713', '719', '721', '725', '729', '770', '788', '796', '801', '808']
['62', '68', '72', '88', '116', '130', '159', '166', '191', '200', '202', '256', '257', '292', '302', '320', '337', '345', '348', '349', '354', '387', '395', '404', '407', '415', '426', '428', '447', '484', '504', '522', '532', '538', '577', '594', '621', '686', '698', '717', '724', '727', '740', '741', '755', '756', '777', '787', '805', '818']
['7', '16', '38', '44', '79', '92', '106', '117', '173', '183', '232', '247', '259', '263', '287', '288', '293', '296', '311', '328', '350', '396', '398', '411', '424', '435', '448', '467', '469', '473', '501', '510', '549', '573', '602', '603', '611', '627', '644', '662', '673', '675', '687', '737', '746', '753', '757', '792', '794', '832']
['19', '113', '127', '151', '154', '169', '186', '189', '224', '231', '252', '254', '280', '289', '294', '331', '332', '358', '393', '402', '409', '433', '436', '457', '482', '493', '494', '495', '503', '512', '516', '533', '543', '593', '596', '598', '614', '616', '618', '632', '658', '728', '743', '763', '775', '790', '803', '804', '809', '828']
['620']
['196']
['699']
['80']
['24', '29', '55', '100', '160', '187', '297', '303', '313', '353', '365', '370', '374', '389', '392', '399', '551', '574', '575', '599', '608', '633', '640', '677', '691', '712', '769', '823']
['10']
['236', '377', '385', '479', '499', '637', '700', '735', '747', '814']
['12', '26', '36', '89', '91', '128', '145', '157', '208', '210', '219', '220', '226', '227', '240', '260', '268', '271', '322', '326', '334', '405', '418', '425', '449', '451', '459', '507', '518', '526', '529', '601', '631', '652', '678', '693', '720', '733', '748', '750', '760', '766', '768', '773', '774', '780', '802', '827', '838']
['434']
['6', '25', '31', '45', '70', '104', '105', '107', '132', '134', '193', '201', '203', '204', '207', '217', '244', '261', '319', '333', '368', '369', '375', '406', '427', '430', '444', '454', '502', '534', '544', '555', '580', '583', '605', '619', '647', '648', '674', '681', '682', '695', '732', '761', '772', '791', '798', '812', '831', '836']
