['75', '106', '140', '186', '187', '221', '239', '240', '241', '278', '277', '380', '379', '381', '382', '383', '384', '468', '469', '470', '471', '472', '513', '514', '515', '576', '577', '580', '581', '582', '691', '692', '693', '694', '776', '775']
['146', '156', '216', '215', '319', '320', '321', '408', '407', '409', '429', '430', '431', '442', '523', '524', '525', '526']
['41', '54', '55', '167', '166', '217', '218', '219', '290', '306', '325', '326', '327', '328', '569', '568', '570', '621', '622', '660', '659']
['206', '205', '207', '208', '209', '210', '222', '223', '224', '225', '318', '479', '478', '480', '481', '482', '508', '507', '509', '510', '511', '544', '545', '546', '552', '553', '624', '625', '626', '769']
['375', '496', '529', '530', '646', '647', '682', '683', '684', '685', '755', '754', '756', '797', '796', '798']
['177', '176', '178', '179', '180', '181', '376', '377', '378', '528', '527', '642', '643', '644', '766', '765', '767', '768', '773', '774']
['304', '305', '342', '349', '461', '462', '463', '464', '465', '466', '488', '738', '747', '748', '749', '750', '751', '752']
['8', '9', '10', '11', '123', '124', '168', '169', '170', '275', '276', '330', '331', '332', '352', '353', '354', '355', '428', '427', '445', '446', '563', '564', '565', '629', '753']
['116', '137', '136', '369', '370', '531', '532', '533', '534', '630', '631', '632', '633', '634', '635', '636', '697', '698', '699', '719', '720']
['97', '98', '99', '102', '103', '133', '134', '143', '144', '291', '292', '293', '322', '323', '448', '447', '467', '590', '591', '639', '640', '641', '723', '725', '782', '783', '784']
['105', '104', '373', '454', '455', '456', '501', '502', '558']
['36', '39', '40', '45', '46', '47', '48', '49', '126', '127', '128', '129', '505', '506', '522', '550', '551', '559', '560', '561', '562', '670', '669', '739', '777', '778']
['30', '100', '197', '196', '198', '284', '285', '287', '324', '329', '343', '344', '374', '392', '432', '433', '434', '518', '517', '540', '689', '690']
['5', '366', '367', '385', '386', '387', '612', '613', '614', '615', '616', '617', '651', '652', '734', '735', '794', '795']
['26', '27', '28', '29', '37', '38', '64', '130', '131', '132', '185', '298', '297', '492', '493', '737', '736']
['4', '171', '172', '267', '266', '268', '269', '270', '271']
['458', '459', '497', '548', '549', '628', '627', '696', '709', '710']
['74', '73', '95', '94', '96', '101', '163', '164', '165', '188', '189', '573', '574', '575', '653', '654', '724']
['69', '70', '71', '122', '150', '151', '244', '245', '272', '273', '274', '351', '350', '449', '450', '770', '786', '787', '788']
['247', '246', '250', '279', '280', '281', '282', '283', '535', '726', '727', '728', '729', '733']
['157', '158', '256', '255', '257', '311', '312', '313', '314', '315', '360', '359', '361', '516', '602', '603', '667', '668', '671', '672', '715', '714', '716', '717', '718', '759', '760']
['76', '77', '78', '79', '80', '117', '118', '141', '142', '193', '194', '195', '199', '200', '201', '202', '610', '609', '611', '663', '664', '665', '666']
['53', '52', '56', '62', '152', '231', '232', '233', '234', '242', '405', '406', '586', '587', '732']
['107', '108', '203', '204', '251', '252', '300', '301', '302', '303', '340', '339', '341', '645', '650', '679', '680']
['43', '42', '44', '227', '226', '228', '229', '235', '334', '335', '336', '337', '789', '790', '791', '792', '793']
['32', '31', '33', '34', '35', '115', '397', '404', '439', '438', '440', '441', '571', '572', '619', '618', '620', '686', '695']
['173', '174', '175', '265', '388', '421', '486', '487', '638', '700', '701', '702', '711', '712']
['135', '589', '588', '608', '623', '713', '730', '731', '746', '745', '799']
['2', '1', '3', '15', '16', '50', '51', '81', '82', '190', '191', '192', '230', '258', '259', '260', '261', '262', '263', '264', '473', '474', '475', '476', '477', '579', '578', '703', '704', '740', '741', '742', '743', '744', '761', '762', '763', '764']
['113', '114', '125', '243', '248', '249', '309', '310', '356', '357', '358', '368', '371', '372', '457', '538', '537', '547', '637']
['84', '83', '345', '346', '347', '348', '390', '389', '391', '451', '452', '453', '483', '484', '485', '512', '554', '555', '556', '596', '597', '598', '688', '721', '722', '771', '772', '779', '780', '781']
['6', '7', '138', '139', '237', '238', '557', '757', '758']
['85', '86', '87', '88', '89', '90', '91', '109', '110', '111', '112', '220', '294', '295', '296', '422', '423', '424', '425', '426', '503', '504', '655', '656', '657']
['63', '460', '499', '498', '500', '519', '520', '521', '583', '584', '585', '658']
['60', '61', '72', '182', '183', '184', '308', '307', '443', '444', '592', '593', '594', '595', '681']
['17', '18', '19', '20', '148', '147', '149', '286', '410', '411', '412', '661', '662']
['13', '12', '14', '57', '58', '59', '119', '120', '121', '253', '254', '299', '316', '317', '399', '398', '400', '401', '402', '403', '494', '495', '541', '542', '543', '566', '567', '600', '599', '601', '706', '705', '707', '708']
['153', '154', '155', '362', '363', '364', '365', '393', '394', '395', '396', '604', '605', '606', '607', '649', '648', '673', '674', '675', '676', '677', '687']
['0', '22', '21', '23', '24', '25', '65', '66', '67', '68', '92', '93', '145', '288', '289', '333', '338', '413', '414', '415', '416', '489', '490', '491', '539', '678']
['159', '160', '161', '162', '211', '212', '213', '214', '236', '418', '417', '419', '420', '435', '436', '437', '536', '785']
