['140']
['603', '605', '791']
['741']
['395', '684', '881']
['304', '445', '754', '868']
['47', '448', '650']
['202', '287', '471', '803']
['134', '136', '399', '677', '742']
['385', '463', '465', '466']
['78', '103']
['285']
['119', '524', '839']
['158', '359', '544']
['96', '302']
['161', '378']
['393', '394', '788']
['402', '696']
['44', '75', '440', '686', '875']
['183', '186', '379']
['334', '400', '401', '579']
['4', '656', '715', '718', '846']
['144', '620', '689', '691']
['16', '573', '609']
['12', '13', '622', '717']
['6', '174', '387']
['92', '300', '305', '811', '857']
['241', '653']
['69', '129', '157', '341']
['298', '368', '397']
['118', '594', '601', '866']
['141', '143', '265', '574', '632']
['502', '713', '723', '897', '898']
['42', '147', '617', '657', '861']
['493', '494', '591']
['346', '389', '895']
['23', '156', '322']
['35', '117', '328', '913']
['40', '41', '566']
['139', '372', '469', '614', '702']
['26', '606', '641', '730']
['152', '153', '680', '681', '697']
['135', '333', '611', '778', '780']
['358', '642']
['280', '699', '908', '909']
['453', '454', '879']
['688']
['194', '698', '876', '878']
['303', '353', '678', '771']
['22', '25', '192', '193', '682']
['210', '790']
['71', '87', '101', '767', '889']
['390', '392', '498', '539', '626']
['191', '805', '810']
['50', '53', '705']
['430', '694']
['164', '166', '167', '289', '561']
['274', '558', '559', '665', '745']
['447']
['343', '391', '634', '833']
['148', '414']
['113', '217', '845', '877']
['145', '190', '458', '478', '616']
['286', '404', '405', '496']
['142', '165', '775', '776', '886']
['714', '747']
['146', '357', '796']
['348', '349', '434', '687', '690']
['3', '97', '381', '456', '516']
['621']
['185', '536']
['692', '764', '766']
['245', '647', '738']
['856']
['8', '229', '806', '807']
['85', '86', '219', '630']
['547', '548', '549', '550']
['370', '462', '855', '858']
['19', '20', '38', '39', '55']
['350', '439', '441', '486']
['281', '532']
['307', '679']
['80', '81', '668', '848']
['30', '459', '580', '628', '629']
['61', '62', '360', '505', '746']
['495', '761', '765']
['584', '585', '744']
['49', '215', '216', '455', '709']
['323', '592', '783', '901']
['481', '850']
['88', '233', '356', '610']
['17', '477', '479', '480', '602']
['204', '623']
['89', '784']
['48', '195', '354', '483']
['130', '569', '589', '607', '675']
['342', '812']
['740', '904', '905', '906']
['255', '256', '330', '332']
['180', '284', '327', '461']
['263', '830']
['72', '104', '150', '266', '636']
['68', '410']
['83', '318', '319', '520']
['73', '316', '652', '654', '655']
['672', '873', '874']
['416', '512', '515', '798']
['443', '513', '572']
['31', '66', '67', '733', '734']
['184', '627', '666', '669', '821']
['34', '155', '772', '817', '818']
['1', '79']
['56', '309', '310', '369', '523']
['65', '457']
['160', '276', '282', '488']
['894']
['110', '727', '859']
['82', '171', '779', '865', '867']
['568', '570', '571']
['244', '582', '586', '587', '823']
['52', '74', '76', '254', '911']
['306', '836', '837', '883', '884']
['273', '326', '529']
['808', '809']
['196', '667', '722', '743']
['228', '270', '794']
['151', '757', '888']
['651', '749', '750', '751']
['7', '172', '288', '295', '732']
['60', '554', '556', '789', '903']
['301', '396', '504', '820']
['313', '499', '826', '842']
['325']
['507', '508', '902']
['501', '543', '871', '872']
['612', '613', '773', '896']
['345', '748', '786', '799', '802']
['251', '259', '366', '418']
['170', '351', '352']
['28', '149', '596', '599', '844']
['362', '363', '503', '531', '800']
['250', '511', '768']
['537', '538']
['132', '424', '600', '782', '841']
['232', '382', '470', '500', '533']
['59', '324', '386', '442', '444']
['489', '673', '674']
['218', '365', '367']
['199', '425', '497']
['264', '376', '777']
['813', '815', '816']
['419', '577', '637']
['238', '297', '335']
['21', '33', '54', '206']
['159', '451', '452', '541', '762']
['423']
['84', '179', '201', '721']
['519', '521', '756']
['128', '197', '200']
['105', '176', '178', '428', '535']
['344', '545', '770']
['292', '311', '312', '852', '853']
['173', '275']
['278', '659', '660', '662', '676']
['474', '509', '728']
['208', '562', '759']
['114', '168', '437', '438', '847']
['94', '112', '331', '563', '564']
['557', '882']
['420', '695', '824', '825']
['371']
['2', '116', '237', '472', '473']
['125', '207', '899']
['209', '604', '801', '831']
['712', '769', '827', '828', '829']
['37', '138', '347']
['487', '910']
['58', '127', '337', '338', '624']
['225', '299', '336']
['0', '214', '475', '716', '726']
['106', '108', '291', '758', '819']
['51', '296', '339', '724', '725']
['413', '431']
['293', '527', '644']
['231', '267', '576', '685']
['491', '492', '608', '703', '774']
['9', '663']
['95', '436', '467', '528', '735']
['645', '785']
['107', '403', '567', '619', '915']
['181', '701', '792']
['90', '211', '213', '643']
['246', '514']
['432', '892']
['221', '534', '804']
['421', '422', '710']
['131', '279', '540', '542']
['29', '32', '638', '639']
['177']
['5', '433', '664']
['102', '230']
['262', '553', '890', '893']
['243', '530', '640', '693']
['99', '100', '314', '375', '560']
['840']
['490', '546']
['234', '235', '415', '460', '870']
['258']
['175', '239', '648', '752']
['517', '781']
['377', '593']
['340', '355', '851']
['115', '411', '581', '631', '633']
['45', '46', '162', '163']
['760', '885', '887']
['719', '862', '863', '864']
['24', '249', '253', '598']
['880']
['188', '736', '739']
['891']
['227', '388', '510', '700', '838']
['449', '737']
['205', '240', '525', '912']
['384', '407', '409', '832', '907']
['704', '787', '916']
['182', '290', '398', '814']
['753', '755', '797']
['133', '222', '223', '854', '860']
['220', '526', '551', '552', '731']
['91', '198', '277', '468', '900']
['137', '435', '711']
['187', '294', '575', '578']
['10', '11', '373', '708', '763']
['43', '77', '412', '484', '869']
['57', '109', '242', '417', '482']
['126', '252', '426']
['315']
['317']
['169', '618']
['15', '18', '446']
['226']
['70', '670', '671']
['308', '485', '583', '597']
['189', '464', '588', '834', '835']
['822']
['269', '271', '408', '450', '706']
['36', '374', '429', '625']
['98', '154', '364', '729']
['843', '849']
['120', '121', '122', '123', '261']
['14', '93', '257', '615']
['522', '646']
['320', '321', '361', '427', '555']
['27', '224', '236', '260', '565']
['518', '595', '720', '793']
['247', '268', '506', '914']
['63', '124']
['203', '329', '635', '658']
['64', '248']
['383']
['212', '476', '683', '707', '795']
['111', '283', '380', '590']
['272', '406', '649', '661']
