['306', '335', '336', '365', '366', '378', '379', '380', '381', '382', '395', '410', '412', '413', '414', '443', '444', '453', '472', '473', '474', '483', '485', '502', '503', '504', '505', '510', '513', '532', '540', '543', '658', '659']
['4', '5', '8', '9', '10', '12', '34', '35', '38', '39', '40', '41', '42', '45', '46', '64', '65', '69', '70', '71', '85', '86', '94', '95', '115', '124', '140', '147', '152', '158', '159', '176', '177', '182', '183', '184', '206', '212', '213', '214', '232', '233', '234', '240', '244', '256', '263', '264', '270', '280', '281', '286', '287', '293', '300', '309', '310', '317', '321', '322', '323', '330', '331', '351', '352', '353', '354', '355', '360', '361', '383', '384', '385', '391', '409', '439', '468', '484', '490', '494', '495', '496', '497', '498', '499', '514', '515', '516', '520', '521', '524', '525', '527', '528', '529', '544', '546', '550', '551', '552', '553', '554', '555', '558', '559', '562', '581', '582', '583', '600', '612', '628', '702', '703', '726', '727', '728', '732', '748', '753', '755', '756', '757', '758', '785', '786', '787', '788', '789', '790', '804', '805', '815', '816', '817', '818', '819', '820', '834', '835', '845', '846', '847', '848', '849', '864', '875', '876', '878', '879', '898', '899']
['216', '217', '246', '260', '261', '262', '276', '291', '292', '376', '377', '407', '408', '437', '438', '467', '469', '707', '736', '737', '764', '765', '766', '767', '793', '794', '795', '796', '823', '824', '825']
['506', '535', '536', '537', '565', '566', '570', '592', '593', '596', '622', '623', '774', '775', '800', '801', '831']
['80', '109', '110', '227', '257', '446', '476', '477', '478', '507', '508']
['222', '223', '226', '252', '253', '670', '699', '700', '701', '729', '730', '731', '759', '760', '929']
['154', '181', '211', '241', '271', '288', '318', '613', '643', '743', '744', '890']
['191', '567', '594', '595', '624', '625', '626', '708', '738', '739', '740', '768', '769', '770', '771', '772', '773', '798', '799', '803', '826', '827', '828', '858', '917', '920', '921']
['98', '99', '100', '120', '129', '130', '150', '151', '160', '163', '193', '284', '314', '315', '316', '345', '346', '447', '448', '475', '518', '561', '591', '621', '651', '681', '682', '689', '711', '712', '718', '719', '741', '742', '926', '927']
['155', '156', '157', '185', '186', '215', '675', '676', '677', '752', '761', '791', '797', '821', '822', '851', '852']
['66', '91', '96', '97', '125', '126', '127', '128', '178', '179', '208', '308', '338', '368', '369', '386', '387', '398', '399', '400', '401', '415', '416', '417', '428', '429', '430', '431', '432', '433', '434', '459', '462', '463', '464', '653', '654', '683', '684', '713', '714']
['20', '21', '22', '50', '51', '92', '93', '122', '123', '153', '196', '207', '237', '242', '243', '272', '273', '274', '302', '303', '304', '305', '333', '334', '347', '364', '394', '460', '461', '533', '534', '564', '900', '901', '902', '903', '912', '928']
['189', '190', '289', '290', '319', '602', '603', '632', '633', '662', '663', '692', '715', '716', '745', '746', '776', '806', '807', '836', '854', '865', '866', '867', '884', '894', '895', '896']
['143', '144', '171', '172', '173', '174', '192', '201', '202', '203', '597', '627', '656', '657', '904']
['121', '224', '225', '254', '255', '283', '362', '363', '392', '393', '411', '441', '458', '471', '611', '641', '671', '779', '808', '809']
['720', '870']
['133', '134', '135', '136', '164', '165', '166', '167', '194', '195', '197', '210', '320', '421', '457', '487', '488', '489', '519', '705', '706', '735', '777', '778', '837', '838', '839', '868']
['15', '16', '17', '18', '47', '48', '77', '78', '450', '451', '480', '545', '572', '573', '574', '575', '605', '710', '840']
['111', '112', '141', '142', '344', '348', '349', '350', '373', '374', '375', '390', '420', '440', '470', '517', '547', '548', '577', '578', '642', '672', '673', '674']
['13', '14', '43', '44', '113', '114', '258', '259', '275', '445', '813', '814', '843', '844', '874', '913']
['0', '1', '2', '3', '32', '33', '62', '63', '209', '239', '298', '598', '599', '850', '880']
['6', '26', '36', '49', '56', '75', '76', '79', '83', '84', '105', '267', '297', '327', '328', '357', '418', '652', '750', '780', '810', '811', '853', '882', '883', '911']
['19', '29', '145', '175', '204', '205', '238', '268', '269', '389', '452', '481', '482', '491', '526', '556', '557', '576', '587', '588', '589', '606', '629', '664', '665', '693', '694', '723', '724', '749', '754', '783', '784', '869', '873', '877', '881', '885', '889', '897', '906', '907', '922', '923']
['11', '27', '28', '57', '58', '59', '180', '299', '301', '329', '358', '359', '388', '442', '696', '697', '698']
['187', '188', '218', '219', '235', '236', '245', '249', '250', '265', '266', '294', '295', '296', '311', '312', '313', '324', '325', '326', '340', '341', '342', '343', '356', '370', '371', '372', '422', '423', '511', '512', '541', '542', '560', '571', '695', '704', '725', '733', '734', '924', '925']
['23', '24', '25', '52', '53', '54', '55', '72', '81', '82', '101', '102', '131', '132', '161', '162', '282', '332', '584', '585', '586', '601', '614', '615', '616', '631', '644', '645', '646', '647', '688', '856', '886']
['247', '248', '277', '278', '279', '285', '500', '501', '530', '531', '549', '579', '580', '609', '610', '639', '640', '747', '762', '763', '781', '782', '792', '812', '841', '842', '871', '872', '916', '918', '919']
['108', '137', '138', '139', '168', '169', '170', '200', '396', '419', '449', '479', '509', '539', '568', '569', '590', '617', '618', '619', '620', '648', '649', '650', '678', '679', '680', '709']
['87', '88', '89', '116', '117', '118', '119', '146', '148', '220', '221', '402', '403', '404', '405', '406', '424', '425', '426', '427', '435', '436', '454', '455', '456', '465', '466', '486', '655', '666', '685', '686', '687', '717', '887', '888', '914', '915']
['7', '37', '67', '68', '73', '74', '103', '104', '492', '493', '522', '523', '538', '829', '830', '855', '857', '859', '860', '905']
['106', '107', '149', '198', '199', '228', '229', '230', '231', '307', '337', '339', '367', '397', '563', '604', '607', '608', '634', '635', '636', '637', '638', '667', '668', '669', '802', '832', '833', '862', '863', '891', '892', '893', '910']
['30', '31', '60', '61', '90', '251', '630', '660', '661', '690', '691', '721', '722', '751', '861', '908', '909']
