['s866']
['s950']
['s923', 's909', 's988']
['s922', 's730', 's469', 's638', 's826', 's647', 's373', 's956', 's463', 's999', 's120', 's338', 's537', 's568', 's886', 's389', 's600', 's488', 's645', 's657', 's168', 's500', 's376', 's659', 's819', 's116', 's635', 's813', 's175', 's85', 's566', 's732', 's423', 's233', 's527', 's390', 's808', 's853', 's235', 's933', 's127', 's599', 's893', 's224']
['s215']
['s60', 's943', 's698', 's11', 's246', 's955', 's775', 's72', 's436', 's614', 's559', 's87', 's858', 's693', 's821', 's820', 's772', 's906', 's143', 's546', 's832', 's824', 's256', 's585', 's839', 's661', 's4', 's538', 's621', 's619', 's313', 's945', 's69', 's503', 's934', 's739', 's473', 's410', 's828', 's308', 's232', 's801', 's35', 's2', 's207', 's128', 's82', 's263', 's896', 's983']
['s247', 's925', 's664']
['s743', 's455', 's731', 's240', 's798', 's778', 's38', 's405', 's271', 's494', 's487', 's666', 's452', 's109', 's509', 's964', 's48', 's210', 's356', 's665', 's907', 's90', 's584', 's96', 's846', 's401', 's358', 's991', 's978', 's136', 's418', 's536', 's43', 's397', 's882', 's685']
['s445']
['s766', 's936']
['s169']
['s52', 's19', 's911', 's552', 's675', 's986', 's385', 's523', 's564', 's605', 's695', 's989', 's359', 's42', 's921', 's18', 's179', 's603', 's867', 's129', 's889', 's545', 's881', 's130', 's33', 's323', 's254']
['s327']
['s623', 's421', 's851', 's417', 's46', 's80', 's795', 's514', 's139', 's916', 's898', 's728', 's794', 's904', 's161', 's932', 's394', 's114', 's329', 's443', 's642', 's855', 's572', 's432', 's558', 's863', 's646', 's616', 's133', 's699', 's363', 's352', 's792', 's155', 's75', 's262', 's791', 's259', 's782', 's324', 's994', 's838', 's874', 's227', 's571', 's586', 's334', 's360', 's229']
['s187']
['s341']
['s131', 's897', 's151', 's877', 's961', 's101', 's482', 's953', 's248', 's644', 's894', 's747', 's709', 's63', 's355', 's567', 's461', 's940', 's548', 's588', 's309', 's688', 's442', 's51', 's497', 's814', 's199', 's939', 's28', 's297', 's716', 's490', 's583', 's751', 's539', 's451', 's557', 's703', 's305', 's577', 's608', 's65', 's860', 's26', 's589', 's788', 's281', 's486', 's479', 's343']
['s513']
['s15', 's219', 's680', 's937', 's764', 's377', 's717', 's976', 's885', 's459', 's31', 's439', 's656', 's286', 's472', 's753', 's620', 's159', 's331', 's366', 's191', 's257', 's755', 's92', 's958', 's750', 's251', 's519', 's968', 's299', 's99', 's952', 's209', 's574', 's102', 's265', 's633', 's58', 's783', 's354', 's841', 's556', 's27', 's995', 's22', 's884', 's655', 's694', 's492', 's152']
['s471']
['s618']
['s593', 's806', 's178', 's357', 's756', 's670', 's966', 's745', 's553', 's317', 's484', 's541', 's712', 's784', 's37', 's132', 's770', 's332', 's318', 's900', 's649', 's5', 's368', 's115', 's420', 's104', 's157', 's273', 's416', 's298', 's811', 's239', 's540', 's0', 's752', 's702', 's113', 's992', 's601', 's20', 's419', 's823', 's496', 's692', 's226', 's117', 's982', 's504', 's859', 's873']
['s575', 's241', 's506', 's288', 's483', 's727', 's671', 's56', 's470', 's706', 's481', 's705', 's573', 's691', 's413', 's729', 's347', 's807', 's162', 's255', 's336', 's422', 's596', 's774', 's837', 's849', 's260', 's660', 's526', 's927', 's194', 's827', 's84', 's147', 's725', 's672', 's283', 's516', 's833', 's464', 's195', 's348', 's293', 's47', 's7', 's789', 's335', 's379', 's892', 's411']
['s533', 's996', 's78', 's118', 's948', 's888', 's182', 's124', 's926', 's17', 's245', 's269', 's67', 's6', 's985', 's587', 's303', 's971', 's285', 's979']
['s312']
['s476']
['s435', 's45', 's86', 's480', 's677', 's61', 's148', 's145', 's738', 's817', 's73', 's831', 's641', 's188', 's686', 's857', 's581', 's311', 's344', 's740', 's387', 's930', 's438', 's949', 's970', 's507', 's103', 's350', 's428', 's634', 's25', 's342', 's121', 's720', 's499', 's682', 's475', 's902', 's10', 's734', 's284', 's861', 's221', 's543', 's485', 's697', 's628', 's141', 's879', 's424']
['s190', 's211', 's402', 's910', 's521', 's345', 's505', 's744', 's59', 's735', 's969', 's683', 's917', 's742', 's218', 's431', 's850', 's624', 's606', 's815', 's328', 's508', 's23', 's105', 's125', 's903', 's415', 's384', 's50', 's582', 's973', 's975', 's769', 's150', 's984', 's818', 's322', 's29', 's149', 's875', 's502', 's146', 's412', 's528', 's759', 's276', 's362', 's631', 's710', 's615']
['s972', 's748', 's140']
['s258', 's337']
['s100']
['s79', 's238', 's928', 's206', 's49', 's648', 's842', 's920', 's340', 's758', 's310', 's122', 's773', 's993', 's604', 's640', 's810', 's272', 's722', 's280', 's39', 's929', 's617', 's662', 's765', 's719', 's467', 's372', 's797', 's569', 's741', 's871', 's252', 's701', 's852', 's13', 's869', 's754', 's378', 's718', 's53', 's845', 's249', 's625', 's690', 's643', 's231', 's1', 's54', 's684']
['s126']
['s44', 's913', 's760', 's24', 's876', 's427', 's319', 's707', 's679', 's627', 's550', 's781', 's678', 's780', 's437', 's204', 's667', 's954', 's185', 's189', 's325', 's123', 's21', 's723', 's767', 's214', 's383', 's137', 's454', 's225']
['s561', 's663', 's658', 's346', 's253', 's554', 's905', 's629', 's68', 's279', 's450', 's174', 's400', 's836', 's295', 's81', 's609', 's108', 's184', 's144', 's16', 's57', 's844', 's848', 's785', 's547', 's244', 's163', 's93', 's460', 's326', 's369', 's448', 's456', 's446', 's153', 's407', 's154', 's980', 's591', 's315', 's652', 's274', 's854', 's549', 's300', 's639', 's392', 's899', 's91']
['s535', 's840', 's542', 's302', 's721', 's965', 's3', 's278', 's395', 's651', 's919', 's294', 's530', 's636', 's177', 's825', 's381', 's8', 's544', 's388', 's220', 's524', 's944', 's576', 's761', 's237', 's915', 's193', 's580', 's630', 's453', 's676', 's14', 's531', 's650', 's997', 's941']
['s167', 's403']
['s491', 's374', 's142', 's515', 's525', 's626', 's216', 's351', 's183', 's353', 's306', 's959', 's786', 's517', 's250', 's457', 's700', 's234', 's622', 's829', 's290', 's901', 's41', 's803', 's466', 's106', 's477', 's449', 's809', 's222', 's918', 's208', 's414', 's119', 's512', 's382', 's835', 's520', 's243', 's164', 's963', 's393', 's71', 's590', 's399', 's843', 's865', 's787', 's110', 's458']
['s203']
['s689']
['s493']
['s66', 's425', 's275', 's872', 's957', 's32', 's289', 's967', 's804', 's856', 's595', 's200']
['s296']
['s205', 's321', 's578', 's166', 's613', 's880', 's560', 's88', 's696']
['s365', 's474', 's134', 's611', 's771', 's468', 's762', 's261', 's370', 's34', 's307', 's441', 's94', 's653', 's935', 's62', 's236', 's594', 's433', 's637', 's160', 's478', 's462', 's510', 's74', 's287', 's447', 's330', 's790', 's737', 's212', 's592', 's895', 's931', 's36', 's186', 's834', 's70', 's793', 's230', 's830', 's202', 's816', 's987', 's64', 's534', 's796', 's597', 's887', 's391']
['s668']
['s715', 's268']
['s429', 's375', 's847', 's805', 's282', 's779', 's170', 's654', 's404', 's320', 's107', 's736', 's777', 's551', 's440', 's339', 's724', 's176', 's180', 's981', 's912', 's532', 's522', 's511', 's800', 's768', 's942', 's197', 's946', 's76', 's465', 's198', 's12', 's408', 's883', 's776', 's89', 's610', 's570', 's409', 's361', 's172', 's228', 's977', 's83', 's687', 's291', 's749', 's924', 's349']
['s380', 's135', 's878', 's444', 's868', 's673', 's974', 's430', 's947', 's891', 's267', 's890', 's733', 's951', 's938', 's201', 's563', 's757', 's498', 's192', 's562', 's602', 's30', 's165', 's822', 's217', 's173', 's598', 's242', 's998', 's40', 's223', 's632', 's196', 's333', 's864', 's607', 's396', 's367', 's726', 's277', 's990', 's156', 's112', 's862', 's708', 's364', 's98', 's111']
['s97', 's77', 's704', 's714', 's960', 's386', 's9', 's962', 's371', 's495', 's501', 's406', 's579', 's799', 's870', 's746', 's292', 's266', 's55', 's489', 's518', 's301', 's914', 's908', 's314', 's270', 's529', 's95', 's398', 's711', 's802', 's681', 's138', 's555', 's158', 's565', 's669', 's304', 's426', 's264', 's812', 's171', 's612', 's713', 's213', 's181', 's316', 's674', 's763', 's434']
