['413', '513', '675', '364', '607', '104', '433', '232', '213', '343', '664', '578', '72', '302']
['670', '50', '295', '643', '394']
['617', '464', '341', '25', '543', '273', '676', '217', '155', '161', '304', '83', '119', '269', '55', '234', '461', '289', '610', '431', '437', '76', '259', '71', '192', '94', '663', '75']
['616', '216', '362', '157', '313', '237', '442', '270', '54', '441', '187', '564', '380', '330', '489', '87', '110', '336', '370', '355', '132', '7', '45', '528', '409']
['100', '541', '62', '284', '68', '674', '59', '462', '316', '134', '300', '445', '645', '529', '572', '206', '571', '590', '495', '591', '386', '518', '188', '593', '90', '472', '468']
['40', '646', '660', '43', '368', '359', '503', '212', '419', '383', '268', '125', '354', '26', '690', '563', '594', '567', '181', '449', '222', '189', '655', '264', '147', '358', '457', '466', '210', '694']
['14', '27', '335', '20', '333', '473', '665', '637', '649', '398', '48', '182', '227', '436', '111', '525', '133', '128', '23', '311', '280', '138', '180']
['401', '37', '123', '568', '44', '207', '463', '108', '484', '411', '86', '15', '648', '515', '533', '262', '402', '608', '638', '534', '146', '221', '387', '586']
['153', '106', '19', '127', '399', '471', '245', '673', '22', '446', '657', '536', '53', '618', '511', '385', '305', '346', '243', '381', '465', '644', '276', '390', '535', '272']
['143', '169', '688', '34', '303', '38', '376', '423', '158', '561', '556', '309', '142', '496', '396', '329', '599', '538', '389', '600', '10', '39', '223', '641', '544', '483']
['301', '238', '118', '508', '661', '349', '334', '691', '275', '178', '267', '149', '148', '331', '547', '633', '565', '621', '527', '400', '299', '687', '667', '274', '531', '548', '570', '244']
['486', '131', '620', '654', '70', '448', '322', '598', '377', '140', '135', '438', '623', '692', '650', '577', '51', '630', '16', '65', '592', '226', '145', '425', '257', '318', '258', '177', '293']
['3', '416', '246', '30', '585', '99', '109', '253', '476', '58', '183', '656', '507', '321', '35', '562', '348', '200', '558', '603', '686', '252', '4', '382', '350', '566']
['290', '532', '233', '151', '201', '93', '626', '69', '338', '584', '497', '327', '41', '367', '308', '418', '384', '204', '455', '202', '8', '141']
['122', '29', '251', '60', '49', '549', '605', '379', '601', '625', '681', '596', '317', '415', '569', '500', '374', '510', '539', '478', '697']
['631', '363', '685', '294', '0', '164', '668', '453', '332', '33', '582', '28', '509', '474', '682', '639', '241', '314', '175', '369', '239', '502', '260', '540', '247', '352', '101', '365', '554', '378']
['404', '263', '451', '504', '406', '405', '542', '120', '427', '1', '176', '407', '589', '215', '5', '432', '454', '320', '261', '642', '595', '121', '130', '105', '514', '98', '640', '490', '64']
['553', '393', '229', '186', '470', '353', '671', '677', '281', '357', '288', '159', '443']
['112', '254', '573', '209', '659', '662', '84', '555', '580', '391', '537', '347', '249', '546', '699', '57', '635', '501', '191', '287', '597', '481', '360', '588', '184', '97', '160']
['203', '66', '609', '220', '56', '12', '265', '291', '315', '340', '74', '614', '351', '684', '185', '224', '319', '493', '435', '194', '477', '505', '680', '373', '499', '9', '2', '115', '196']
['658', '506', '24', '165', '296', '551', '679', '606', '17', '604', '326', '669', '236', '429', '519', '91', '197', '279', '250', '460', '375', '428', '81', '574', '450']
['492', '107', '31', '666', '163', '345', '96', '79', '491', '13', '312', '85', '414', '172', '297', '344', '286', '325', '18', '469', '426', '612', '256', '139', '211', '424', '397', '230', '218']
['485', '271']
['208', '282', '73', '439', '214', '162', '421', '557', '459', '63', '136', '198', '475', '467', '193', '619', '576', '526', '627', '482', '240', '67', '628', '587', '277', '698', '420', '144']
['47', '170', '103', '683', '559', '255', '696', '647', '524', '167', '430', '156', '361', '395', '412', '116', '231', '173', '195', '117', '171', '408', '342', '452', '583', '199']
['522', '150', '278', '61', '95', '523', '339', '371', '447', '652', '285', '78', '154', '92', '689', '114', '417', '545', '137', '102', '82']
['520', '152', '129', '310', '695', '228', '6', '422', '494', '521', '126', '479', '242', '298', '458', '88', '168', '672', '434', '372', '283', '32', '480', '11', '307', '52']
['392', '634', '292', '388', '356', '190', '323', '42', '179', '498', '552', '517', '579', '613', '225', '77', '516', '653', '512', '174', '89', '440', '21', '693', '581', '611']
['636', '266', '337', '113', '488', '602', '166', '678', '629', '632', '444', '615', '550', '80', '410', '36', '487', '575', '306', '624', '46', '530', '560', '124', '622', '324', '456', '248']
['235', '366', '219', '403', '651', '328', '205']
