['704', '468', '469', '470', '472', '473', '474', '355', '347', '11120', '219', '220', '221', '223', '152']
['685', '625', '404', '273', '84']
['518', '519', '521', '436', '335']
['561', '563', '524', '525', '530', '372', '374', '377', '209', '201']
['373', '290', '103', '87']
['716', '557', '558', '11125', '11126', '397', '321', '322', '306', '11118', '264', '237', '121', '123', '124', '112', '114', '116', '117']
['330', '331', '334', '191', '138']
['573', '574', '576', '578', '408', '409', '399', '400', '371', '253', '254', '210', '215', '56', '58', '60', '61']
['0', '678', '636', '638', '639', '640', '641', '631', '635', '523', '496', '497', '500', '489', '494', '11130', '459', '444', '445', '446', '438', '440', '432', '433', '434', '437', '368', '370', '362', '354', '288', '175', '99']
['545', '550', '540', '11132', '286', '280']
['579', '527']
['667', '669', '567', '568', '571', '572', '211', '212', '214', '147', '148', '149', '150', '119', '120', '94']
['690', '515', '422', '414', '415', '417', '419', '240', '68']
['551', '490', '495', '301', '295', '11127', '182', '186', '188', '106', '109', '39', '41']
['544', '510', '512', '513', '450', '453', '228', '197', '199', '190', '195', '165', '166', '167', '157', '158', '69']
['646', '632', '634', '603', '605', '607', '577', '493', '270', '271', '272', '274', '275', '203', '204', '171', '25', '14', '7', '8', '9', '10', '11', '13', '1111', '1112']
['700', '702', '703', '679', '682', '684', '604', '606', '364', '365']
['713', '680', '683', '11139', '643', '644', '645', '647', '648', '649', '369', '353', '338', '339', '11119']
['547', '467', '225', '15']
['5', '601', '602', '594', '596', '598', '11131', '456', '458', '460', '461', '425', '375', '367', '11117', '70', '71', '42', '44', '47', '28', '33']
['588', '589', '592', '581', '486', '50', '52']
['2', '629', '630', '633', '616', '619', '455', '439', '441', '442', '435', '426', '427', '428', '429', '411', '412', '413', '403', '11123', '384', '387', '133', '135', '137', '139', '98', '100', '101', '102']
['483', '484', '485', '487', '378', '11122']
['1', '686', '687', '688', '689', '11135', '587', '591', '593', '546', '549', '531', '520', '476', '477', '478', '480', '336', '340', '324', '266', '267', '269', '232', '105', '1116', '49', '51', '53', '55', '40']
['405', '406', '189', '192', '193', '141', '142', '21', '22', '23', '24', '26']
['714', '715', '717', '718', '719', '259', '263', '187', '110']
['622', '623', '624', '626', '627', '628', '11136', '307', '308', '309', '297', '57', '59', '62']
['655', '614', '430', '431', '357', '358', '342', '344', '345', '346', '282', '72', '76']
['651', '656', '385', '388', '389', '249', '216', '11111', '11112', '43', '45']
['681', '671', '672', '673', '674', '675', '676', '677', '670', '11138', '482', '488', '310', '245', '107', '108', '111', '86', '88', '89', '90', '78', '79', '75']
['666', '668', '565', '11133', '11134', '313', '314', '315', '316', '294', '299', '122', '118', '77', '80', '81', '82']
['657', '659', '660', '661', '663', '653', '517', '522', '466', '318', '319', '320', '323', '258', '261', '183', '184', '185', '63', '64', '65']
['360', '83', '73', '74']
['662', '650', '652', '654', '3', '11137', '566', '569', '514', '504', '506', '508', '401', '283', '238', '239', '241', '242', '243', '179', '168', '169', '170', '172', '173', '174', '1119', '11143']
['691', '471', '11141', '244']
['595', '599', '575', '552', '553', '554', '555', '556', '386', '265', '252', '255', '11116', '246', '247', '248', '250', '251', '226', '229', '230']
['570', '507', '475', '479', '481', '260', '262']
['548', '526', '351', '276', '277', '278', '279', '281', '37', '38']
['664', '443', '396', '398', '390', '392', '393', '394', '395', '311', '296', '1117', '1118', '93', '35']
['613', '533', '325', '327', '284', '285', '287', '217', '222', '213', '140', '144', '146']
['708', '699', '6', '697', '4', '532', '534', '535', '536', '528', '529', '511', '11142', '407', '268', '11115', '218', '207', '196', '198', '200', '202', '11110', '151', '153', '125', '104', '91', '92', '95', '96', '97', '1115', '36']
['298', '134', '136']
['621', '609', '610', '611', '597', '600', '590', '537', '451', '452', '454', '356', '359', '224', '227', '46', '48', '1113', '1114', '32']
['665', '658', '509', '498', '499', '501', '502', '420', '421', '423', '424', '11124', '312', '317', '113', '12']
['559', '562', '564', '11129', '447', '161', '162', '163', '164']
['637', '642', '560', '416', '418', '231', '233', '236', '66', '67', '27']
['608', '612', '505', '379', '380', '381', '382', '383', '291', '292', '293', '11128', '205', '206', '208']
['462', '463', '464', '465', '457', '410', '326', '328', '329', '234', '176', '177', '178', '180', '181', '85', '54']
['580', '503', '448', '449', '235', '194', '126', '128', '129', '130', '132', '29', '30', '31', '34', '11113', '11114']
['582', '583', '584', '585', '586', '391', '366', '332', '333', '18', '19', '20']
['692', '693', '694', '695', '696', '698', '615', '617', '618', '620', '538', '539', '541', '542', '543', '492', '376', '143', '145']
['516', '115']
['705', '361', '363', '343', '300', '302', '303', '304', '305', '154', '155', '156', '159', '160', '127', '131', '16', '17']
['706', '707', '709', '710', '711', '712', '701', '11140', '491', '337', '341', '289', '256', '257']
['402', '11121', '348', '349', '350', '352']
