['EYM', 'WCJ', 'IKD', 'KHH', 'EXV', 'OKK', 'DER', 'EGA', 'BLF', 'HPS', 'BCD', 'ATC', 'DOA', 'VDX', 'CSV', 'IYH', 'MMG', 'KBU', 'ZHH', 'WKZ', 'KTZ', 'HUS', 'CPP', 'ILK', 'JCN', 'ERM', 'HGI', 'GSP', 'DQM', 'NKQ']
['OAB', 'LYC', 'YPQ', 'EQW', 'SLE', 'GNK', 'SYF', 'MQL', 'SGF', 'MQY', 'YFE', 'AKA', 'BWO', 'NDS', 'GTV', 'WAV', 'DZX', 'UEU', 'GXN', 'YRF', 'CMU', 'VYO', 'TDD', 'IQX', 'QDT', 'OMX', 'OTF', 'BFJ', 'YDB', 'TYW']
['IBB', 'FTH', 'OOM', 'CGB', 'NEI', 'CVW', 'NBH', 'RET', 'PUK', 'PQL', 'QXV', 'QPF', 'ZVT', 'IPZ', 'BQS', 'DAQ', 'WED', 'MEU', 'KQP', 'URP', 'TFQ', 'SOV', 'DFV', 'FNZ', 'GYT', 'FKE', 'FBH', 'HOW', 'VGG', 'NNP']
['EYQ', 'AGI', 'NWU', 'NFZ', 'NMM', 'GXR', 'YZG', 'BTR', 'OLN', 'TNN', 'ATB', 'VTT', 'FPX', 'QTB', 'AAJ', 'DHI', 'GNV', 'PFE', 'FPF', 'HBR', 'IOT', 'JFC', 'QIT', 'AFQ', 'LTB', 'QZW', 'IKQ', 'EQJ', 'WNV', 'QAL']
['ANU', 'UKU', 'CPB', 'GBS', 'VLB', 'ZEW', 'BNV', 'UGC', 'WEV', 'ZKF', 'UFB', 'MES', 'KZY', 'NAE', 'UYU', 'SDA', 'QKB', 'SEI', 'HOK', 'ZSA', 'UGR', 'ULL', 'HKP', 'HZO', 'GZB', 'QNM', 'PJU', 'HPQ', 'DZC', 'HMK']
['ZCY', 'BHQ', 'DLP', 'UJM', 'BFW', 'EFF', 'PEC', 'OZU', 'HMB', 'VFA', 'EEW', 'MHL', 'VJD', 'ZKP', 'XPS', 'BQE', 'KKF', 'EYJ', 'NYK', 'QZU', 'XWK', 'PCP', 'RDK', 'FOU', 'VAK', 'ODG', 'SWJ', 'SKP', 'HPL', 'TUN']
['GCG', 'UEH', 'TBB', 'OED', 'UXA', 'QUN', 'UST', 'WDU', 'HUJ', 'DCW', 'ZMN', 'KMM', 'HUO', 'CAM', 'UWW', 'KMZ', 'PVK', 'BOQ', 'GQN', 'AMO', 'NPZ', 'ANZ', 'FDG', 'SVM', 'WXT', 'HQD', 'GEJ', 'KAU', 'FQK', 'PII']
['MPK', 'YGB', 'RTR', 'HWR', 'UTJ', 'SWX', 'KXK', 'OFU', 'VQN', 'KXP', 'JVH', 'FIV', 'LCI', 'BTJ', 'KXW', 'ANM', 'LWS', 'DQG', 'NPC', 'OBX', 'RYB', 'DYY', 'PAB', 'LAL', 'WOC', 'NRJ', 'QEA', 'CJX', 'AON', 'KUV']
['XYY', 'IAP', 'FTZ', 'LGC', 'DLA', 'ATO', 'NVU', 'BVY', 'QBK', 'POE', 'TPK', 'RAF', 'DCQ', 'VID', 'BCZ', 'CCV', 'MXX', 'RAA', 'SEX', 'HAE', 'XDT', 'QGM', 'USR', 'WMM', 'FPP', 'LBW', 'DWC', 'IDK', 'LUN', 'HKI']
['KPU', 'YUY', 'OIG', 'RZG', 'GNS', 'YXQ', 'EAT', 'USH', 'XPH', 'VOY', 'KMB', 'GKI', 'TII', 'TYO', 'JYC', 'BVA', 'RWI', 'LRD', 'STX', 'MIH', 'BDN', 'CSW', 'MSE', 'ZUT', 'SLN', 'VOT', 'VCD', 'KSI', 'QBC', 'HHE']
['OTS', 'ENK', 'KPH', 'IXZ', 'REW', 'HSL', 'LHE', 'GTT', 'VIN', 'VUK', 'VAS', 'VHZ', 'MFE', 'TRY', 'CNA', 'GPR', 'GAW', 'WHQ', 'ZFP', 'QSN', 'JTO', 'ZGG', 'EBB', 'HBS', 'YGV', 'STY', 'TKK', 'KUG', 'TXE', 'VRT']
['DRY', 'MBK', 'OVD', 'NQF', 'SLC', 'KDZ', 'OZB', 'SOU', 'VUO', 'GIL', 'ZUQ', 'FWC', 'HLJ', 'PAE', 'RVE', 'GIT', 'NDE', 'ANX', 'DLO', 'XCP', 'BME', 'IZV', 'HXA', 'IUW', 'KOR', 'YCY', 'VYF', 'VZW', 'MQC', 'UCC']
['ZJY', 'LFY', 'CCN', 'SXM', 'DMK', 'SYH', 'ZJO', 'UKA', 'GQD', 'QZX', 'FNT', 'BVK', 'XOB', 'XKH', 'UMR', 'WQO', 'POT', 'BEU', 'ELO', 'FWT', 'FUP', 'URH', 'IET', 'QTY', 'VOL', 'FCT', 'HRX', 'IGA', 'HDA', 'CQG']
['CEP', 'OEF', 'NIL', 'SDJ', 'LIP', 'PUM', 'GBN', 'GTL', 'SVO', 'SBC', 'VJE', 'KGM', 'ASK', 'VBK', 'SHN', 'NAH', 'UWB', 'JLY', 'VPM', 'IOM', 'KMQ', 'ILN', 'JXJ', 'UAO', 'DDZ', 'WWB', 'HGR', 'VJJ', 'ILY', 'SBB']
['NTP', 'RXF', 'LER', 'EES', 'AWY', 'WAD', 'XIP', 'RAO', 'NYA', 'KTI', 'AQD', 'HUP', 'NAU', 'KBC', 'OIN', 'NTQ', 'QIP', 'XVL', 'GXL', 'LRA', 'PSP', 'DEW', 'MKX', 'VYR', 'FGV', 'PBN', 'ICW', 'FVN', 'RBH', 'YAN']
['GUG', 'AOV', 'EBF', 'BOO', 'MTX', 'GXC', 'EYR', 'EWF', 'SDI', 'XJH', 'MRP', 'PGB', 'DFE', 'QZE', 'MHD', 'ESM', 'AVW', 'HIC', 'ABN', 'LOB', 'ITE', 'LZC', 'CNE', 'PSL', 'SJD', 'KIA', 'XAN', 'WZZ', 'SDB', 'PJS']
['RUQ', 'OCM', 'RUY', 'IXY', 'BPX', 'VMA', 'YWU', 'SHV', 'OLU', 'ASB', 'IKV', 'ZNX', 'BZF', 'ATA', 'XHQ', 'DAA', 'OIH', 'CGK', 'BAH', 'NSD', 'NHU', 'TGH', 'NZL', 'IGS', 'PUR', 'NSO', 'LYE', 'SGP', 'QTN', 'XMC']
['ITY', 'ITP', 'KHE', 'GMI', 'BUI', 'NBO', 'ZQL', 'RVW', 'SIF', 'RCL', 'GIA', 'VLU', 'ZWO', 'LCQ', 'MMO', 'PBM', 'OSS', 'XFG', 'EDW', 'ATL', 'VVU', 'DZW', 'EUE', 'EJZ', 'YBM', 'TID', 'IWE', 'JVQ', 'CBT', 'FEL']
['ROV', 'VYL', 'JUO', 'OVW', 'NIE', 'DZY', 'FFC', 'BFX', 'KUO', 'KJZ', 'DFX', 'NXE', 'PTS', 'KRQ', 'BQL', 'CAJ', 'QTL', 'KAC', 'UGM', 'OZO', 'VTK', 'PZP', 'GJL', 'KVV', 'IJY', 'YTW', 'FES', 'UYC', 'YPK', 'WUO']
['XZC', 'DYX', 'NFC', 'MAS', 'LND', 'HVH', 'TWD', 'RSG', 'JPI', 'ATZ', 'LZE', 'XMY', 'HDH', 'JLD', 'MMT', 'UBM', 'RKH', 'UEA', 'MZW', 'ZXM', 'RYI', 'VLZ', 'DAI', 'SBM', 'CDH', 'OYQ', 'HBU', 'OFA', 'SSH', 'BKI']
['YKJ', 'MIO', 'OUM', 'SWM', 'RPU', 'FER', 'KMF', 'OLK', 'OXG', 'QLE', 'AHE', 'TZY', 'WUC', 'DKW', 'ZOD', 'TMW', 'SCT', 'WRL', 'QNR', 'TJK', 'OFD', 'FQW', 'LOV', 'RPD', 'YRG', 'IAK', 'HAI', 'WLN', 'SFC', 'GTN']
['XXQ', 'WZE', 'XYV', 'UNU', 'SXV', 'OTQ', 'COH', 'GSG', 'GUV', 'EAH', 'VXC', 'RQQ', 'IAO', 'HBJ', 'IWT', 'WGE', 'CHQ', 'YQI', 'IZD', 'DLY', 'PDK', 'GMV', 'NLK', 'ZZD', 'MIP', 'GJV', 'SDG', 'LDB', 'YTT', 'HYB']
['JPX', 'IKZ', 'DSH', 'FCO', 'QVZ', 'LWQ', 'NVJ', 'BVZ', 'TOH', 'VMJ', 'ZGA', 'NCO', 'YZX', 'QXJ', 'IFN', 'IZZ', 'YZY', 'SID', 'RNO', 'TKH', 'ULZ', 'HTW', 'ELS', 'JWA', 'SFY', 'TRW', 'MQT', 'FJY', 'VMC', 'MUN']
['HEH', 'MET', 'TUP', 'OWI', 'KVA', 'JSR', 'BCL', 'LUM', 'YVA', 'GMP', 'KNQ', 'CZR', 'MOL', 'WJF', 'ASQ', 'KIK', 'YVJ', 'IIY', 'VVA', 'MBN', 'KXE', 'TWR', 'JXG', 'YMM', 'POR', 'QYS', 'HYZ', 'QWJ', 'PPW', 'PYS']
['YAY', 'LDS', 'QSC', 'EHR', 'TIA', 'QSF', 'XLN', 'ZFD', 'KZR', 'KEF', 'TGM', 'MUA', 'DGN', 'TIO', 'QBY', 'EOL', 'XUN', 'SMW', 'MIT', 'MVM', 'YJK', 'DZF', 'UIG', 'GKN', 'UTO', 'SDV', 'MRA', 'BYS', 'TLX', 'RGG']
['CRU', 'MCF', 'VQD', 'DXT', 'MTC', 'ZCT', 'VZT', 'MWP', 'YAK', 'YBA', 'WBM', 'WZU', 'GMS', 'DLT', 'XZX', 'WGF', 'XTE', 'GGE', 'JSH', 'SQB', 'WJG', 'HOD', 'ZJP', 'VKQ', 'LXU', 'JZT', 'YQC', 'VYN', 'DBI', 'TMG']
['FAM', 'QPG', 'SET', 'DSQ', 'SGJ', 'CVP', 'IPI', 'NJG', 'TWQ', 'IVB', 'RXZ', 'SPS', 'ADN', 'WTN', 'SDN', 'FNA', 'DAU', 'DJD', 'UGS', 'MYR', 'ICX', 'HPX', 'AWX', 'TEJ', 'IOA', 'LHC', 'UUC', 'AZT', 'WTU', 'YNN']
['VDC', 'HWG', 'IRD', 'ZTQ', 'BKM', 'MWF', 'YNK', 'BET', 'TTC', 'BPP', 'KPT', 'GMC', 'UWF', 'WCM', 'SSQ', 'AMX', 'HXZ', 'MOM', 'HWA', 'SAH', 'CUE', 'BWX', 'MDJ', 'XBM', 'EUL', 'VTG', 'CGN', 'PCS', 'UZC', 'GUD']
['WRS', 'OSB', 'DOE', 'TRN', 'MRS', 'UUV', 'LTV', 'JAF', 'YZR', 'EPX', 'IXQ', 'HUW', 'DBU', 'JZD', 'HJX', 'ISR', 'SBW', 'HKF', 'UWA', 'KLD', 'KFF', 'BZS', 'FOR', 'YUA', 'ODT', 'GZN', 'VOC', 'RTD', 'GYQ', 'CFX']
['AZR', 'XZP', 'HSW', 'PEE', 'PNL', 'FQL', 'JPJ', 'FDH', 'VZE', 'DXV', 'XDB', 'KQX', 'LJQ', 'GML', 'DBJ', 'HNY', 'TPR', 'ZXK', 'UBB', 'BML', 'WKW', 'KJM', 'WRA', 'KDF', 'MJT', 'VPF', 'GWA', 'ITG', 'UON', 'JIP']
