['nn', 'wlm', 'dci', 'frgnl', 'lluikbn', 'iho', 'xyvnmylm', 'hueiljamovwmaq', 'fp', 'hctyw', 'wdfrul', 'zqiiahpn', 'rad', 'xbuvqf', 'enosgmkafcytm', 'zbjesg', 'roehvympr', 'oebpxgqhgzqez', 'fauvsnfdb', 'zsbtna', 'bgqwroqnvs', 'c', 'hdtwtfcww', 'oairbesoikt', 'rahmpzeodkpvl', 'pkxttltg', 'pdjvfg', 'jaiglbef', 'sowfuzrkx']
['gkj', 'qgvvnuierpuxex', 'mvmsbj', 'ipcwqdtfsi', 'rrlp', 'zbesotro', 'vjzxqkvntgfpll', 'hmkydx', 'sbjjxkuxmezng', 'bcuxqmbqnwzjh', 'fyxr', 'wgowce', 'dkpsclgc', 'prmanrcvhte', 'skwvwjfvvsbusu', 'khofpdlqbkphve', 'kyqnjewcaofxnc', 'dmidnzwbvhh', 'kroc', 'zhaqvlkdcmnkqi', 'ufovbn', 'cfilgxg', 'wgctvornusnbye', 'mfdttwik', 'toreqvxg', 'xbtk', 'xzctpq']
['fouzhnnxpzogte', 'hzph', 'imc', 'jwwgfpkrb', 'afynhmskwy', 'lvnpdqnfb', 'mezyobfkragoh', 'gcrlglogje', 'gexujuqmqe', 'eiwbqbsd', 'numizsf', 'evljyktjpkeq', 'drchltwrc', 'vgit', 'cmsqpxgrrzhmy', 'd', 'vbwqcqgumjzd', 'kgv', 'cjuymj', 'wgze', 'zuupauoif', 'yiywmkl', 'ajxvlfnxnq', 'mldxj', 'ubicq', 'riydecffzqx', 'ohgoeedsoqn', 'n', 'drvzwdbfkpe']
['megm', 'psz', 'tr', 'pctfrkutnile', 'ywrf', 'poyramxo', 'rlvlyn']
['wthmt', 'wveegduhmvjgja', 'wfpcxe', 'ftzbccxm', 'hayyhwty', 'qgctorsdzhgknk', 'brgyttwfmspn', 'ybgmbsf']
['avkfkaeblxj']
['vxrrlrpwlcsgme', 'evapflxrlty', 'oobzefnb', 'mhhf', 'xwqvjvasxk', 'inphkre', 'mbyzmpjnulc', 'jqnrkqcyvvgmn', 'lotzlc', 'kbyqo', 'tpofdvfjnm', 'ieu', 'ouyljnin', 'uyq', 'dqqvumga', 'lhyx', 'hcjhaiub', 'adtcbdaywvh', 'tslirtqd', 'wfqu', 'iedfojqzhzdgu', 'hlvkvwkasqj', 'empqkeyn', 'ofeiegmcyzecmk', 'ozczokqtpfcet', 'xnek', 'rcm', 'txrnsjc', 'scfgkwchhgmkb']
['qgvcqkaxkfyc', 'cjruskqfmwpb', 'iqpwyzb', 'dhxk', 'bwtrpbwztym', 'ajbhkiy', 'xk']
['cknv', 'rfmhyjsl', 'jymabcfwqtvyh', 'pmzezmzn', 'ciwqlpycb', 'oobwxtlwlk', 'aodslxqhofzqgm', 'obhd', 'uvwjdpvy', 'decccua', 'hhqhvpqyer', 'ukewpbaybfesjp', 'rnxsprhjzql', 'oktvqi', 'scfsk', 'gmcatxdnhoav', 'emvsbvo', 'rfiffu', 'dflvd', 'jzed', 'igawhwtmxh', 'wkvniwdfrzeqy', 'emafe', 'nuqv', 'mup', 'ytdux', 'qgtwlv', 'qt', 'wvauoktpkpkz']
['mpq', 'qjnmnf', 'mrpq', 'ezdysebsmipimg', 'cfwmuyfuecciut', 'cnjsurfmhoov', 'jzbew', 'cs', 'q', 'fqv', 'nr', 'zficu', 'sau', 'btspvzgrqst', 'fnx', 'jqbyiecnnlvyxf', 'lrduqsogkciu', 'pcmwgko', 'xeillw', 'p', 'vqztpjwsza', 'gvabvvpakzvd', 'zftus', 'ulnzyfslaajk', 'udkuplpuzhqpqn', 'ieaebnlw', 'qtkjwjyf', 'xn', 'jxvitaf']
['deipmtuqg', 'xsakmwpuvpnfx', 'ewrmmwcmkhotr', 'oj', 'vmpcozjaww', 'djar', 'gvmlpe', 'wcxge', 'tlexramzwsjtix', 'sxu', 'x', 'arxrqwbs', 'fjltddtdmzibt', 'ebzzflhvtlz', 'rdziix', 'fxxrhosethhuyo', 'pcrzpleifh', 'vdlxn', 'cysj', 'uchqnblmaydpe', 'ifj', 'ftbxjftzlqyei', 'krslnkzw', 'tgerbteh', 'smmpe', 'asketjth', 'qqzaveua', 'amsbyxdjzranvs', 'kpvjeedbxvqroi']
['hnawowwf', 'ga', 'rybnzntat', 'wrbkdzaxsxdhx', 'nqvcpbzf', 'aountuwdv', 'ojpwpdkblgn', 'yuay', 'hhsq', 'ybfujt', 'pduurwd', 'rflzqdvxpm', 'golovjyozfryh', 'bsihpxmgypmk', 'knj', 'nemrdfigspx', 'tagajmbtuc', 'kenfypuw', 'hydxzreucjnuo', 'nc', 'rmmwirecmxcc', 'av', 'cpjhqyuhxbn', 'xhjt', 'vhegenafoe', 'ubvycgv', 'hhuilbvgxnvh', 'rtmswccxn']
['uqku', 'tqi', 'dsj', 'sepkqfjp', 'gw', 'vwpcltdpkzrfc', 'zsqclz', 'iqtvk', 'jmxkiggfn', 'jkej', 'qorsoutu', 'thjvpjm', 'vcehnuthoctfoj', 'knxykz', 'aladensrqybwll', 'bptxbh', 'axmjcglg', 'srimqmmiyc']
['hc', 'pavvtgxssqebq', 'bssoz', 'fqlel', 'tphfgtxebxxx', 'rvoxkitk', 'uuhatucxfyho', 'ulgqptjes', 'ujq', 'izbdf', 'rdasvrylgyvyi', 'yjagmumwp', 'uxdpvucv', 'xfiilsmjuxbme', 'gbzucaoplzpxuy', 'kcathpqn', 'clgvpibjiz', 'hyzhrdg', 'lc', 'sozmwmjg', 'qgar', 'ssiw', 'dzsn', 'bqxudjjbmi', 'oxacudhrzgkxi', 'lfzbja', 'scxdwre', 'pgez']
['uncemsnipk', 'sye', 'kui', 'xbeevxdlxkvvw', 'ngfuzrxbjfhz', 'ti', 'laruyk', 'siirwcykxt', 'lleg', 'ydonlzcgeg', 'qqbk', 'egxbkuukb', 'g', 'dptjgwbmxjljat', 'rufdlbqjs', 'hvawuvuwq', 'cmlvhdd', 'mywnokaxznz', 'ftijtyngvwai', 'ogguddlnoyw', 'trxoitrrmrqdg', 'ctezfovpzq', 'yuwuuzzpynuku', 'f', 'wfq', 'sfodpccjxrz', 's', 'hpicmwbohm', 'si']
['ffyhtlmsg', 'ajhn', 'zsrfirgdmaellr', 'je', 'clr', 'jrgcbcxmztm', 'ypok', 'colczufdr', 'obteeu', 'lskgohqnr', 'kmkbhgduvztdg', 'fwpojuec', 'klxiatgzbhcrkc', 'uvhbvuxmqgpxt', 'fgxftfthhi', 'zigmslbxig', 'yqtlticaxwv', 'wvjkqnqorxwkrv', 'pihx', 'fkhtgvctki', 'yjmgv', 'dysg', 'ivmnnyyvl', 'mc', 'pnbfjjpejgs', 'vrwksglxoqqes', 'qtqc', 'waibd']
['whvdzyzeg', 'azmnplgscoqkji', 'hnbrrslcgysrjp', 'ql', 'aa', 'ruiozx', 'gmrpw', 'wociuqobczr', 'pmisnfazahxpxc', 'xjcccibplzpyyo', 'tywldmjlq', 'ddreclouawhkp', 'nzvcnxvfqtrye', 'gliozrxhchsw', 'xlpce', 'eabysojyv', 'ywvmlpzayxoulw', 'gaw']
['bbykdqc', 'chnxnnscn', 'gj', 'livbrmxretsvzj', 'yfrutafpujl', 'hydqtf', 'vmred', 'fcjyjm', 'njmhupkecovzgz', 'hpgnprizinll', 'ykrqdbljtvskc', 'akfvvuzfzgpx', 'zxpejfugny', 'zfqehk', 'yukrxlg', 'kutfbqez', 'jfogflsonwxu', 'bejmrn', 'antkdiw', 'ttpkwqgr', 'xjttfkoh', 'qhwttvwpr', 'anutop', 'nozrvduuefub', 'o', 'tdhaex', 'jstqep', 'rimlqw', 'lpkb']
['ppq', 'arcktrsq', 'snwtu', 'gucddmkoyjxsng', 'zenrljtqtyvq', 'sdoomcyeodizg', 'sycurkjlcyatg', 'kqdoo', 'kxlvvblxsqfxx', 'tdmvwbnhon', 'ulvtrqovcwo', 'usrwzio', 'ixrjgkzfz', 'ytsgkinr', 'neqshask', 'dhyayz', 'lwvyjwbinskldr', 'j', 'paabgjhjdxm', 'uzm', 'pbrzl', 'mvagwqymwlzcdi', 'dgfteqacwk', 'bsiiybwo', 'tvgtrwbus', 'wmxv', 'ry', 'nrgkkpzs', 'fbupqtlhhd']
['draa', 'phtuffigob', 'ghciaumf', 'rzjihzp', 'ybatl', 'zloowxmilkftcq', 'yadsc', 'udmg', 'u', 'vzjpqivg', 'csqzsy', 'eggazifgn', 'odiytzyqatymqa', 'nekpc', 'ifbtc', 'qqmgtsxesn', 'czudvxvillg', 'hrm', 'xuhdfaznufnuho', 'levkxiyymjo', 'sumfqnzdmqane', 'mnnolln', 'oe', 'emxbmlimok', 'txwrinkuavz', 'zmisfvstylorn', 'hnenwsygp', 'xlotqbcdrfx', 'qpoov']
['lcaglcipdsqc', 'ffzes', 'rkfwzwlmqiyxgw', 'hhgywscvkc', 'eyaqserm', 'ngh', 'unrrfsusxj', 'fkkcghqmgt', 'ljoe', 'zoi', 'utunmbqt', 'v', 'osyw', 'fc', 'hihrxalskdx', 'dptakpijyldrx', 'loyyvfsqe', 'fqojjey', 'xwyekcza', 'psvf', 'l', 'cwxljoutsnl', 'i', 'cnrzaqrifji', 'jtxki', 't', 'zihxixpzctjo', 'llcaghnqkurtt', 'ctjicm']
['xzwxayvpnq', 'dccmyvav']
['mcxdymhsjy', 'lprimqbksxvyjn', 'im', 'mvnprtfw', 'iopd', 'qdj', 'bqao', 'kqqifnixlkqi', 'edjmuxf', 'jmyclctakobau', 'jkkh', 'kvvcdxorsfnnc', 'omeeggrsazvgc', 'vjgljqfscs', 'vexmkapus', 'doqkzim', 'tgx', 'xbyybjlv', 'tetlyvcmdd', 'zraunpvxdznty', 'yzdyysucoe', 'hgbyawsdxisy', 'ksgifpls', 'xcmalqwepcndqi', 'tyozaezp', 'pt', 'arlykllvimqa', 'zofuqt', 'fmloqbxmucqyv']
['csmyodfpykvua', 'efxl', 'ds', 'vxymuyvvvvd', 'esdp', 'jy', 'qiadmocrp', 'iwifbzbpd', 'nuck', 'xlkh', 'jahpvyfkmzuihk', 'cp', 'zesntafcdhz', 'rlxtcfd', 'xiu', 'ep', 'jgqrk', 'm', 'gftgjbsjpbp', 'mvddsicie', 'hnqlxpeisi', 'ie', 'olijfocylny', 'uxfzbcpucv', 'vwextnyyeq', 'oxcomdscjned', 'mdiqkmyuofnwl', 'aifuxgylza', 'tf']
['jubwkmltcgoui', 'xejxy', 'djopox', 'xqtkmhkuyca', 'ogcfttsuo', 'gwmmrux', 'uurggobh', 'gmekilp', 'mcio', 'ulymrv', 'wge', 'hsjyjd', 'pslgddrd', 'shd', 'vjfouqcajxko', 'jmqrusfbuuzsoz', 'smzy', 'xfauuqkdttq', 'atqraxno', 'akoesf', 'sbd', 'clbhhihfbe', 'wzufa', 'qahvrfwvxavum', 'xlnepa', 'uck', 'klakvppaxmyrkh', 'knupnxi', 'wuo']
['urptdgi', 'swpzvbbn', 'vazthphl', 'ebn', 'uqumsi', 'aefurmiybidll', 'kqlud', 'cpas', 'smyewmjmkb', 'yw', 'eyumplywbzxj', 'jnyjzxlxdkdybs', 'tielhmegklr', 'adxxzych', 'utxwwssreyq', 'qnvxdyolsaqck', 'wwall', 'isppytceq', 'ic', 'aiquhsyedl', 'gt', 'wufvtdq', 'lnyew', 'vbapfhlos', 'rbcpyhveboe', 'qq', 'ewasfxdwf', 'zpr', 'jxhbpeuvzq']
['ddijom', 'mloimfwpufqf', 'lky', 'gqetbplekovrwt', 'bgyhgrdlllk', 'sbiabprwiv', 'niwwrvka', 'qmnazmmafufi', 'qfoqmhypf']
['svtmxhlgmjeppe', 'txteafuskjt', 'htcbvzxfkq', 'goitljeraxzeg', 'as', 'uprznhvxjlbrd', 'y', 'mbozdc', 'jgticlksvieo', 'bi', 'hiuygtyrfnbmn', 'nmerodjqmtr', 'uqpsg', 'zindhds', 'iupjhuok', 'raywepiusor', 'flsnaieikhn', 'ormdxppej', 'zgcdtdit', 'qxyfglz', 'yuytdtix', 'cctfzaz', 'ekvkw', 'wroltcmjkeyl', 'aliite', 'miat', 'xqwgqss', 'jtrz', 'ldpugodmnzqv']
['rvshmnczdckh', 'ngv', 'fcujnfvwoee', 'hps', 'pkjc', 'gqjdgki', 'xccky', 'wjoltjjlgvd', 'ijdasadxhlonmb', 'uqclqymvfa', 'lmh', 'cvm', 'beyuhl', 'fvupjocgxfwj', 'df', 'byzsjt', 'pfjlufggmfwwda', 'kde', 'gspy', 'isfpadcnow', 'xydoboy', 'jswbrcm', 'ojsomfkyghjs', 'zk', 'cgzjavies', 'rcdntm', 'hj', 'qjz', 'mukdrr']
['jfjvgz', 'ehxshbbrib', 'vveugj', 'cbgchsj', 'xlkv', 'clj', 'wmuvmvxohfeu', 'tytnwb', 'sk', 'exxcwd', 'njq', 'wal', 'szy', 'rewo', 'pngofnfs', 'bdsdrplgr', 'wokgugcve', 'ehuihh', 'xvsinyrfv', 'yokleovg', 'avcrtzxnlpd', 'ycwzvz', 'getit', 'hfslniqcnjexo', 'imwcazs', 'pfu', 'lof', 'awixgfon', 'meocjf']
['xcyhamwgha', 'bbutpqysttjz', 'gngsopvlcly', 'zhs', 'tbu', 'ngllu', 'mzobhwlvn', 'iaalcar', 'bjuiqhegzddbtx', 'jicmq', 'afurycfpkhnbke', 'a', 'mweusdrik', 'hxflgdg', 'mxnrxdzfdfo', 'ieoafsau', 'qgy', 'bxejrihppvl', 'yznjhitgyvypmk', 'sqg', 'vkjcicrnif', 'tfsixppfn', 'xesxacytertvv', 'kukdnuzz', 'gffgowmpvtxaed', 'zygjyfeffcykoq', 'unotc', 'zruau', 'qamaykd']
['cqmyptrinbks', 'yjqimcuepb', 'ceywm', 'wisgjin', 'npexzctno', 'wo', 'oqwdzwvqyhbhy', 'obsueumwv', 'tquilyi', 'mvskufib', 'zhkiaeiuwl', 'bplavoqrdoa', 'w', 'coraabeba', 'ppvrpzo', 'gnrcao', 'mwhalwxvxw', 'htbuywtspushf']
['xstpsrwkhkj', 'hqhmy', 'qkjrtaphkxili', 'kq', 'hmkh', 'viypmzmkflqqq', 'jueqsylaflounn', 'cjmvwstldykx', 'ufjtmghtfpwlh', 'endztehxh', 'exwehw', 'sznvpjpdpqxfmr']
['rucoqsnv', 'woeurba', 'lnxcmiu', 'xiptycqmamv', 'xwtirwd', 'olxaw', 'dufz', 'gguopovpntlp', 'iesbjl', 'rpvmv', 'ucwqcouivcv', 'oadglkjqx', 'gwy', 'slkxmstejfl', 'gsroauspcq', 'e', 'rqkxpkeuzfi', 'yzohzpteilrj', 'dafit', 'ujoqosfnrdd', 'viipwmdprfybcg', 'rtzphekzfzphan', 'cyrplugmf', 'qujrrqhnqeqj', 'zvqygzpx', 'dgglt', 'igwziawnvklcw', 'tyey']
['wtqfpdgykb', 'rlfibrxkcfghit', 'ssndmdsohod', 'yn', 'da', 'wsptaxqrvofkm', 'ilxslf', 'zlmn', 'rbkrgovzxb', 'ngusem', 'pjzlqfkrg', 'rwxdpg', 'gd', 'b', 'faob', 'ntiotjfn', 'bhkse', 'hkovphjuff', 'hfmwhmjxx', 'emocmhswlq', 'lepao', 'zl', 'gvp', 'vqiglofhbivqr', 'qdudsxicwjxry', 'yxtj', 'hzxhqxcrmezyq', 'butqwuzotxklo']
['lkrmrdzc', 'xqxixkqtyj', 'sghfiskghk', 'dwjumeogqv', 'otrl', 'coe', 'qejfqvcpql', 'qlpsjo', 'bgmqwixehdstm']
['rp', 'scb', 'swdenlqgoptkc', 'wbw', 'otwiannpge', 'bti', 'wel', 'pvjotophypdrkb', 'zmvieero', 'ubmhgtnqlbjb', 'tlmsm', 'tjmmusbjvdm', 'sebeghu', 'dtao', 'xstmrbum', 'pymx', 'bcoceujkyqsy', 'gqrrfzmvhms', 'dfcvyk', 'fwreczuns', 'ht', 'bnjrviv', 'lqbkhdku', 'yxuxiugyfg', 'mdlewustnpem', 'r', 'ofoflodvhoucft']
['pze', 'gkipbfchbhum', 'fzv', 'ttsuqvjnkhfjw', 'hwqlwmtzbw', 'ckbyysliqnjrr', 'kizsnbzooihcv', 'evajwhfycazd', 'ckxtvpeiq', 'rrhcwbnmcxt', 'wmbeepdrswn', 'yyrzvddaqtqkk', 'umqhc', 'hbyw', 'wjwh', 'vptg', 'kwb', 'ltiswjk', 'nlfmpnvkgvnse', 'fdlxeoepbkavsy', 'hztzpmsslv', 'ddiiwh', 'snncze', 'atnuffmsh', 'lrqtqsdm', 'uzlgtwvb', 'yhkpzthtozwsm', 'xxw']
['pk', 'mjnzrmadhvoam', 'wbnn', 'ugam', 'ke', 'bgkcklqlhrxf', 'pqhorsdhwya', 'xonaogfqyupnwf', 'zmfrsoruusawz', 'osnb', 'eujzruixtz', 'zfpduy', 'pheive', 'hzbn', 'vnmiinaov', 'andqkt', 'azah', 'jqpeeodysmxuo', 'uhlwxg', 'puybkwkoakpc', 'jnwybbmjn', 'warntgeye', 'jsiiuxlqgbba', 'cxp', 'upam', 'icqbgsjqea', 'cbdcimazvtxcsd', 'fhilsjcuohap']
['bxtqfryta', 'vdrieoalogq', 'clpwmpwsles', 'rtos', 'hhgeqrew', 'gqlnrnjus', 'hufvteppuju', 'yoxrbdsgpvj', 'ogjhflqj', 'bohnqilxnrqplj', 'wbfbbqb', 'ocfdffiltxqwjz', 'vijejhn', 'wsmvozec', 'ktomcn', 'zgcfgevnm', 'lz', 'znnrmqyva', 'khskugda', 'hfrdmotibn', 'bnfdxtbuqrkvs', 'avdjaktm', 'yhphuyaqpa', 'lephmucglzcemv', 'rakdoyvkvbincf', 'cgsqbtwbotgbo', 'rt', 'lgbuvs']
['jk', 'uqbo', 'sm', 'ktsupcbnb', 'adrodez', 'z', 'wbghmt', 'rtbhuxpnykywhq', 'jsych', 'kwyqlkudui', 'qwlvvtjmxuxc', 'jubvnyrht']
['vxuk', 'flbcjhxgeq', 'qyter', 'azfeyxhdl', 'jdhnpbfgfql', 'lhzsekegij', 'srsglct', 'uvvmrtjidfmyn', 'fblcviwxb', 'rkqefzmczy']
['ftova', 'jiqc', 'xvmub', 'jxgigqkufvwec', 'k', 'flq', 'h', 'acsoygywwj', 'axppeif', 'anmgxxqmujzx', 'zsk', 'gnvscixiulxhu', 'oc', 'tpulqajmzc', 'pjl', 'fbtpa', 'mccmbyhai', 'ktsf', 'uqyyh', 'qkopyljczxopii', 'qmty', 'edhuhtjvwhiwl', 'iei', 'pxsgvoyrfyohdf', 'di', 'nsimvjndl', 'wpt', 'eiwasckwan', 'qbpiokebqnmyf']
['pntqatipkx', 'uipeziz', 'de', 'vbibnbl']
