['572', '508']
['667']
['341']
['938', '841', '254', '167', '165', '150', '141', '134', '132', '129', '116', '90', '89', '87', '86', '85', '84', '83', '82', '81', '80', '79', '78', '77', '75', '74', '73', '72', '71', '70', '69', '68', '67', '66', '64', '62', '59', '57', '55', '53', '51', '50', '47', '46', '45', '43', '42', '41', '38', '37', '36', '35', '34', '33', '31', '28', '20', '10', '9']
['642']
['351']
['829', '464', '463', '462', '461', '459', '458', '457', '456', '455', '454', '453', '452', '451', '449', '446', '444', '442', '441', '438', '437', '436', '434', '258', '230']
['673', '670', '662', '619', '618', '617', '616', '615', '614', '613', '612', '611', '610', '608', '607', '606', '605', '604', '603', '602', '601', '600', '599', '597', '595', '594', '593', '592', '591', '589', '409', '370', '337', '328', '323', '247', '245', '244', '239', '238', '237', '236', '231', '220', '219', '185', '183', '180', '170', '164', '163', '162', '158', '63', '61', '30', '18', '1', '0']
['503', '5']
['588', '587', '586', '585', '584', '583', '580', '577', '576', '575', '573', '569', '568', '567', '562', '561', '559', '558', '547', '309', '287', '278', '195']
['710', '709', '708', '706', '705', '701', '700', '698', '697', '696', '695', '694', '693', '692', '690', '689', '687', '686', '683', '366', '365', '360', '357', '356', '354', '352', '350', '349', '347', '345', '344', '343', '234', '232', '216', '215', '214', '212', '211', '210', '209', '207', '206', '204', '203', '201', '200', '199', '197', '196', '194', '192', '191', '189', '188', '187', '186', '174', '173', '138', '39']
['773', '771', '759', '754', '753', '749']
['779', '650', '647', '644', '638', '637', '629', '621', '429']
['873', '825', '817', '809', '808', '681', '680', '679', '678', '676', '674', '671', '669', '668', '665', '664', '663', '660', '659', '657', '656', '654', '653', '651', '643', '590', '582', '526', '524', '522', '520', '518', '517', '516', '515', '514', '513', '512', '510', '507', '506', '505', '504', '502', '501', '497', '460', '450', '447', '445', '443', '440', '439', '391', '294', '267']
['919', '777', '774', '772', '770', '769', '767', '766', '765', '764', '763', '762', '761', '760', '758', '757', '756', '755', '752', '751', '748', '746', '745', '743', '742', '741', '740', '739', '737', '735', '733', '732', '731', '730', '726', '725', '723', '722', '721', '720', '719', '718', '716', '715', '714', '675', '672', '661', '658', '655', '570', '523', '511', '500', '499', '273', '147', '136', '124']
['946', '929', '928', '927', '926', '925', '924', '923', '922', '920', '917', '915', '913', '912', '911', '910', '909', '908', '906', '905', '904', '903', '902', '901', '899', '768', '699', '560', '488', '435', '371', '340', '339', '336', '335', '334', '333', '332', '331', '329', '327', '326', '325', '324', '322', '319', '318', '316', '315', '314', '313', '312', '311', '310', '302', '123', '119', '112', '105', '96']
['931', '879', '831', '823', '794', '579', '369', '363', '362', '358', '353', '291', '288', '266', '233', '125', '122', '121', '120', '118', '117', '113', '111', '110', '109', '108', '107', '106', '104', '103', '101', '100', '99', '98', '95', '94', '92', '49', '29', '27', '26', '25', '23', '22', '21', '19', '17', '16', '15', '14', '13', '12', '11', '8', '7', '6', '4', '3', '2']
['475', '474', '473', '468', '467', '268']
['960', '867', '866', '865', '864', '862', '861', '860', '859', '857', '856', '855', '854', '853', '852', '851', '850', '849', '848', '847', '846', '845', '844', '843', '842', '839', '838', '826', '738', '736', '734', '729', '728', '724', '717', '713', '596', '574', '565', '540', '466', '433', '425', '420', '415', '411', '404', '348', '330', '153']
['252']
['914', '907', '889', '801', '791', '788', '778', '775', '747', '521', '432', '431', '430', '428', '427', '426', '424', '423', '422', '421', '419', '418', '417', '416', '414', '413', '412', '410', '408', '407', '406', '405', '403', '368', '367', '364', '361', '359', '346', '271', '182', '181', '179', '178', '177', '172', '171', '169', '168', '166', '161', '159', '157', '156', '155', '148', '146', '115', '114', '102', '97']
['712', '707', '704', '702', '691', '688', '685', '684', '682', '556', '205', '202', '198', '193', '190', '160']
['652', '649', '648', '646', '645', '641', '640', '639', '636', '635', '634', '633', '632', '631', '630', '628', '627', '626', '625', '624', '623', '622', '620', '609', '550', '154', '152', '151', '149', '142', '140', '139', '137', '135', '133', '131', '128', '127']
['711', '677', '666', '578', '534', '402', '401', '400', '399', '398', '397', '396', '395', '394', '393', '392', '390', '389', '388', '387', '386', '385', '384', '383', '382', '381', '380', '379', '378', '377', '376', '375', '374', '373', '372', '338', '320', '275', '274', '272', '269', '264', '263', '261', '260', '257', '253', '251', '213', '144', '130', '93', '60', '58', '56', '54', '52', '48', '44', '40', '32']
['921', '495', '494', '493', '492', '491', '490', '489', '487', '486', '485', '484', '483', '482', '481', '480', '479', '478', '477', '476', '472', '471', '470', '469', '465', '24']
['898', '896', '895', '893', '892', '890', '885', '884', '883', '881', '880', '877', '876', '875', '872', '870', '869', '863', '858', '840', '837', '563', '355', '91']
['959', '958', '957', '956', '955', '954', '953', '952', '951', '950', '949', '948', '947', '945', '944', '943', '942', '941', '940', '939', '937', '936', '935', '934', '933', '932', '930', '900', '598', '566', '554', '543', '519', '509', '448', '321', '246', '243', '242', '241', '240', '235', '229', '228', '227', '226', '225', '224', '223', '222', '221', '218', '217', '184', '175', '145', '143', '126']
['277', '276', '270', '265', '259', '256', '255', '250', '249', '248']
['525', '496', '308', '307', '306', '304', '303', '301', '300', '299', '298', '297', '296', '295', '293', '292', '290', '289', '286', '285', '284', '283', '282', '281', '280', '279']
['897', '894', '891', '888', '887', '886', '882', '878', '874', '871', '868', '703', '557', '555', '553', '552', '551', '549', '548', '546', '545', '544', '542', '541', '539', '537', '536', '535', '533', '532', '531', '530', '529', '528', '527', '317', '305', '262', '176']
['918', '916', '836', '835', '834', '833', '832', '830', '828', '827', '824', '822', '821', '820', '819', '818', '816', '815', '814', '813', '812', '811', '810', '807', '806', '805', '804', '803', '802', '800', '799', '798', '797', '796', '795', '793', '792', '790', '789', '787', '786', '785', '784', '783', '782', '781', '780', '776', '750', '744', '727', '581', '571', '564', '538', '498', '342', '208', '88', '76', '65']
