['53', '55', '75', '134', '155', '160', '209', '212', '236', '253', '290', '328', '348', '354', '365', '441', '511', '564', '568', '599', '616', '625', '633', '666', '684', '696', '727', '738', '752', '784', '812', '816', '883', '889', '918']
['1', '13', '16', '33', '34', '76', '86', '207', '208', '224', '268', '321', '353', '378', '388', '391', '401', '436', '467', '501', '550', '556', '579', '580', '663', '700', '735', '783', '799', '820', '834', '852', '854', '865', '904']
['6', '11', '36', '111', '142', '174', '175', '191', '202', '277', '283', '284', '300', '400', '410', '472', '528', '533', '542', '574', '585', '596', '661', '681', '715', '720', '751', '808', '815', '824', '870', '874', '899', '903', '934']
['39', '47', '105', '119', '130', '135', '186', '190', '210', '214', '215', '227', '301', '307', '349', '358', '373', '423', '481', '535', '539', '548', '606', '651', '665', '760', '777', '778', '782', '851', '869', '875', '876', '912', '919']
['14', '32', '63', '65', '73', '101', '159', '263', '319', '327', '329', '368', '434', '444', '456', '458', '459', '478', '514', '524', '537', '575', '576', '592', '731', '736', '759', '775', '817', '868', '885', '896', '910', '928', '944']
['24', '95', '107', '144', '146', '331', '439', '471', '540', '571', '641', '655', '699', '726', '729', '746', '840']
['8', '50', '57', '60', '96', '138', '165', '184', '189', '226', '231', '234', '292', '363', '372', '380', '415', '495', '521', '544', '559', '566', '569', '572', '630', '657', '674', '803', '826', '828', '867', '917', '921', '933', '937']
['20', '223', '235', '250', '254', '258', '272', '276', '291', '305', '316', '322', '344', '346', '399', '416', '447', '469', '496', '507', '512', '529', '545', '586', '614', '682', '714', '732', '766', '791', '801', '881', '915', '929', '938']
['41', '72', '74', '78', '133', '180', '222', '225', '243', '275', '297', '330', '347', '350', '362', '411', '412', '420', '428', '482', '484', '488', '525', '541', '618', '650', '658', '771', '804', '805', '900', '906', '925', '927', '941']
['3', '44', '64', '66', '110', '118', '123', '196', '252', '261', '355', '367', '394', '460', '470', '473', '518', '546', '581', '598', '623', '654', '664', '675', '721', '725', '741', '742', '753', '770', '788', '807', '848', '863', '905']
['0', '17', '40', '67', '90', '113', '200', '221', '262', '270', '304', '311', '334', '376', '398', '422', '489', '492', '517', '526', '611', '637', '646', '689', '692', '708', '711', '713', '730', '749', '764', '795', '802', '850', '913']
['26', '52', '117', '141', '192', '197', '220', '286', '296', '302', '310', '324', '357', '387', '389', '442', '450', '453', '461', '491', '499', '547', '565', '600', '619', '672', '712', '762', '768', '781', '821', '833', '843', '849', '940']
['15', '85', '100', '166', '179', '199', '206', '216', '239', '244', '245', '295', '318', '343', '429', '443', '449', '464', '500', '519', '573', '608', '610', '629', '679', '685', '694', '703', '722', '745', '776', '830', '847', '873', '945']
['2', '31', '48', '56', '145', '164', '193', '211', '218', '240', '339', '341', '364', '366', '384', '386', '408', '509', '527', '530', '531', '563', '615', '636', '683', '702', '748', '769', '793', '809', '829', '836', '887', '892', '931']
['9', '37', '49', '106', '219', '257', '271', '326', '382', '409', '435', '448', '498', '502', '505', '515', '612', '639', '647', '652', '678', '688', '716', '750', '756', '765', '810', '838', '844', '845', '861', '877', '878', '893', '935']
['68', '81', '83', '88', '94', '103', '137', '167', '198', '282', '303', '314', '320', '342', '390', '407', '418', '432', '479', '493', '497', '613', '624', '668', '669', '719', '740', '787', '842', '879', '916', '923', '926', '936', '946']
['281', '356', '397', '503', '779', '864', '943']
['480']
['21', '28', '62', '70', '80', '82', '109', '114', '140', '150', '178', '232', '237', '251', '288', '360', '369', '374', '427', '438', '468', '494', '560', '577', '582', '604', '701', '706', '718', '733', '744', '794', '825', '894', '898']
['104', '112', '126', '136', '229', '256', '278', '309', '317', '345', '359', '381', '424', '440', '451', '475', '532', '553', '557', '583', '627', '643', '645', '662', '677', '690', '747', '757', '774', '814', '823', '835', '857', '895', '920']
['79', '128', '161', '217', '242', '266', '273', '280', '293', '294', '299', '332', '404', '406', '414', '462', '476', '506', '538', '561', '588', '595', '601', '603', '622', '691', '698', '724', '743', '755', '780', '790', '832', '897', '902']
['29', '116', '122', '148', '157', '162', '172', '177', '201', '241', '247', '248', '306', '336', '396', '421', '425', '446', '457', '474', '510', '520', '584', '607', '617', '640', '673', '773', '822', '831', '839', '890', '901', '914', '930']
['18', '54', '97', '108', '132', '158', '176', '230', '233', '255', '264', '265', '269', '379', '433', '455', '490', '508', '522', '562', '594', '642', '644', '709', '723', '754', '785', '798', '811', '841', '860', '871', '888', '924', '932']
['38', '46', '120', '124', '139', '143', '149', '163', '182', '238', '259', '260', '298', '313', '393', '403', '413', '437', '454', '466', '477', '487', '549', '555', '593', '648', '659', '667', '695', '739', '806', '837', '846', '858', '922']
['7', '19', '35', '42', '45', '58', '87', '98', '129', '153', '185', '194', '246', '249', '279', '287', '308', '337', '370', '383', '385', '392', '567', '590', '609', '671', '707', '728', '763', '767', '789', '796', '872', '884', '908']
['22', '23', '25', '43', '51', '91', '93', '99', '102', '115', '127', '151', '152', '171', '187', '323', '333', '351', '352', '371', '405', '417', '419', '486', '536', '554', '578', '591', '638', '660', '686', '704', '797', '886', '907']
['5', '61', '204', '289', '315', '402', '445', '452', '465', '620', '827', '856']
['27', '71', '89', '92', '121', '131', '147', '154', '173', '213', '267', '274', '361', '426', '463', '483', '485', '504', '558', '570', '589', '597', '621', '632', '649', '758', '761', '786', '800', '853', '855', '880', '882', '891', '942']
['4', '10', '12', '30', '84', '169', '181', '188', '195', '205', '228', '285', '312', '325', '340', '534', '551', '626', '628', '631', '634', '635', '653', '656', '676', '693', '697', '705', '710', '734', '813', '862', '866', '911', '939']
['59', '69', '77', '125', '156', '168', '170', '183', '203', '335', '338', '375', '377', '395', '430', '431', '513', '516', '523', '543', '552', '587', '602', '605', '670', '680', '687', '717', '737', '772', '792', '818', '819', '859', '909']
