['11', '56', '108', '121', '179', '287', '351', '370', '414', '423', '449', '478', '496', '541', '584', '602', '663', '706', '737', '746', '768', '819', '834', '878', '886', '915', '933']
['440', '552']
['47', '64', '82', '143', '161', '215', '237', '267', '282', '306', '400', '417', '439', '451', '481', '562', '620', '664', '690', '700', '725', '744', '788', '806', '824', '868', '914']
['9', '21', '42', '50', '70', '125', '187', '218', '244', '259', '307', '327', '346', '375', '401', '436', '474', '489', '586', '632', '703', '740', '791', '811', '880', '887', '938']
['10', '31', '96', '133', '142', '153', '189', '270', '329', '399', '421', '500', '553', '599', '609', '633', '648', '669', '676', '729', '739', '745', '799', '853', '874', '898', '921']
['76', '107', '126', '152', '199', '203', '230', '286', '315', '365', '413', '432', '448', '464', '546', '559', '574', '610', '628', '652', '682', '695', '772', '808', '831', '888', '928']
['24', '132', '170', '258', '292', '456', '505', '519', '533', '539', '841', '844', '860', '897']
['1', '37', '115', '154', '196', '202', '253', '311', '328', '354', '374', '396', '406', '466', '503', '528', '549', '571', '592', '615', '658', '712', '736', '818', '848', '883', '924']
['54', '123', '155', '162', '234', '263', '271', '294', '321', '364', '407', '463', '493', '507', '554', '567', '622', '680', '698', '713', '751', '821', '828', '859', '894', '905', '929']
['2', '12', '28', '46', '72', '90', '146', '220', '246', '319', '355', '362', '394', '461', '514', '572', '611', '710', '717', '761', '777', '822', '829', '851', '864', '879', '936']
['20', '38', '62', '98', '122', '131', '242', '264', '331', '356', '383', '412', '431', '459', '484', '513', '524', '540', '569', '608', '651', '730', '756', '796', '892', '910', '934']
['32', '52', '140', '256', '279', '300', '312', '323', '338', '419', '479', '495', '576', '600', '616', '643', '649', '667', '679', '705', '726', '741', '750', '807', '826', '909', '930']
['63', '85', '97', '116', '137', '195', '225', '240', '283', '302', '309', '318', '336', '433', '488', '506', '512', '542', '556', '629', '635', '715', '733', '765', '827', '867', '899']
['6', '158', '164', '176', '210', '245', '249', '290', '320', '341', '416', '426', '465', '520', '527', '582', '594', '640', '656', '693', '709', '767', '784', '852', '854', '870', '906']
['8', '80', '99', '147', '159', '175', '191', '197', '200', '247', '261', '289', '343', '363', '403', '447', '467', '551', '573', '587', '603', '625', '645', '722', '770', '804', '847']
['75', '102', '238', '260', '296', '317', '353', '360', '428', '452', '483', '504', '510', '575', '617', '657', '665', '674', '686', '702', '728', '760', '781', '787', '802', '812', '939']
['3', '41', '59', '88', '100', '120', '174', '192', '194', '209', '284', '298', '335', '395', '460', '473', '486', '522', '566', '590', '653', '691', '776', '837', '871', '895', '937']
['45', '48', '109', '128', '156', '181', '201', '221', '239', '268', '291', '325', '369', '380', '455', '492', '548', '578', '630', '666', '696', '716', '747', '792', '797', '869', '917']
['78', '89', '145', '217', '255', '301', '337', '348', '385', '415', '442', '485', '508', '515', '536', '595', '619', '638', '719', '743', '766', '783', '805', '849', '881', '916', '927']
['26', '35', '93', '136', '204', '223', '262', '275', '352', '358', '377', '408', '427', '475', '491', '534', '588', '631', '641', '661', '704', '734', '753', '801', '815', '889', '926']
['677']
['55', '77', '103', '119', '127', '148', '172', '178', '193', '207', '222', '342', '347', '371', '389', '393', '420', '425', '502', '547', '623', '723', '755', '782', '817', '877', '903']
['5', '86', '94', '110', '118', '124', '168', '227', '285', '297', '330', '350', '368', '384', '443', '457', '499', '529', '557', '589', '694', '789', '839', '843', '862', '908', '925']
['16', '40', '51', '71', '83', '101', '113', '173', '185', '236', '324', '340', '367', '391', '409', '453', '472', '480', '498', '531', '596', '671', '681', '732', '790', '833', '918']
['68', '112', '129', '163', '205', '233', '254', '273', '299', '310', '333', '344', '359', '410', '444', '458', '501', '518', '525', '545', '555', '579', '604', '762', '775', '779', '890']
['0', '15', '91', '135', '226', '250', '293', '313', '339', '387', '398', '422', '462', '470', '521', '530', '550', '564', '655', '685', '688', '724', '780', '825', '902', '912', '940']
['25', '44', '57', '67', '92', '144', '166', '190', '265', '277', '334', '361', '388', '405', '438', '446', '543', '637', '668', '711', '721', '749', '778', '838', '855', '872', '922']
['4', '14', '30', '60', '65', '74', '111', '139', '151', '165', '180', '243', '278', '308', '316', '386', '490', '523', '560', '601', '634', '650', '673', '687', '748', '896', '919']
['7', '19', '33', '66', '84', '114', '157', '167', '183', '224', '295', '379', '392', '411', '434', '509', '585', '607', '624', '654', '670', '689', '731', '759', '793', '810', '842']
['13', '22', '105', '160', '213', '216', '251', '304', '366', '390', '424', '430', '469', '517', '526', '538', '642', '660', '675', '714', '720', '757', '809', '846', '865', '873', '920']
['104', '141', '186', '211', '228', '281', '288', '314', '345', '378', '429', '450', '468', '516', '537', '563', '636', '692', '701', '758', '769', '794', '800', '835', '857', '875', '904']
['29', '117', '437', '544', '662', '832']
['23', '79', '134', '138', '171', '212', '235', '252', '274', '303', '322', '418', '441', '454', '487', '561', '591', '598', '644', '708', '771', '798', '813', '858', '900', '911', '932']
['17', '27', '34', '53', '81', '169', '182', '214', '232', '276', '435', '445', '482', '494', '565', '583', '613', '626', '678', '735', '786', '820', '836', '850', '856', '882', '885']
['18', '49', '69', '106', '149', '150', '188', '198', '206', '229', '248', '272', '326', '381', '404', '580', '597', '646', '697', '752', '773', '785', '830', '876', '893', '923', '935']
['36', '58', '73', '95', '184', '219', '257', '372', '376', '471', '511', '535', '568', '581', '606', '621', '647', '684', '699', '707', '718', '738', '764', '845', '861', '884', '907']
['39', '61', '177', '208', '231', '266', '269', '305', '373', '402', '476', '477', '532', '570', '605', '612', '627', '659', '742', '774', '795', '803', '816', '823', '863', '901', '913']
['43', '87', '130', '241', '280', '332', '349', '357', '382', '397', '497', '558', '577', '593', '614', '618', '639', '672', '683', '727', '754', '763', '814', '840', '866', '891', '931']
