['822', '651', '180']
['629', '937']
['683']
['708', '935']
['26', '325', '479', '36', '438']
['497', '784', '89', '416', '243', '424', '950', '303', '875']
['789', '599', '895', '723', '190', '856']
['357', '609']
['251', '293', '815', '764', '806', '812', '894', '696', '939', '431', '874', '142']
['990', '636', '995', '515', '585']
['864', '509', '858', '581']
['484', '472', '506', '548', '720', '838', '572', '556', '117']
['463', '348']
['682', '843']
['335', '282', '314', '714', '761']
['460', '469', '942', '22', '405', '969', '202', '341', '119', '551', '627', '569', '440', '147', '603', '611']
['49']
['931']
['750', '579', '66', '900', '836', '798', '448']
['715']
['897', '932']
['684', '309']
['35', '805', '360', '670', '79', '439', '92', '924', '386', '97', '769', '329', '13', '946', '164', '547', '869', '713', '273', '268', '706', '606', '275', '934']
['697', '240', '622']
['140', '426', '739']
['758']
['455', '590', '970', '735']
['16', '901']
['860', '917']
['176', '452', '957']
['973']
['122']
['494', '488']
['259']
['748', '211']
['110', '375']
['688']
['409']
['317', '169']
['94', '133', '301', '464']
['161', '490', '136', '402']
['362', '289']
['666']
['263']
['736']
['42', '7', '711']
['131', '619', '525']
['994']
['74', '459']
['541']
['347']
['829']
['137', '201', '576']
['933', '288']
['389', '801', '876', '954']
['286', '754', '689', '52']
['90', '542', '102', '70', '457', '419', '98', '378', '726', '905', '401', '826', '213', '332', '21']
['635', '880', '978']
['718', '886', '415', '105', '238', '277', '793']
['23', '291', '600']
['274', '775', '270']
['333', '370', '498', '264', '521', '747']
['429', '781', '385', '330', '613', '673', '502', '302', '813', '104', '692']
['751', '819', '745', '821']
['985', '76', '276', '255']
['442', '560']
['222']
['396', '508', '187']
['492']
['546', '456']
['376', '563', '159']
['641', '109', '652', '656', '728', '830', '56', '773', '186', '281', '719', '435']
['5']
['536', '640']
['513', '2', '324', '71', '552', '99', '235']
['663', '879', '466']
['733', '139', '962', '512', '531']
['737', '336', '984', '837']
['234', '319', '103', '267', '908']
['647', '788']
['9', '96', '550']
['861', '261', '363', '840', '149', '583', '412', '873']
['617', '996', '780']
['388', '73']
['212', '740']
['779', '823', '450']
['113', '655', '575', '304', '659']
['83', '148', '724', '81']
['919']
['918']
['511']
['981']
['749', '374', '707', '61', '372', '272', '359']
['559', '383', '671']
['77', '411']
['404', '351', '381', '256']
['11', '644', '648', '0', '871']
['379', '183', '358']
['58', '345', '326']
['672']
['584', '215', '963']
['529']
['499', '882', '709', '543', '809', '245', '863', '69', '834', '101', '514', '219', '206', '678']
['808', '909', '504']
['241', '701', '816', '232']
['944', '225']
['51', '643', '432']
['45', '157', '265', '198']
['744', '18']
['510']
['532', '355']
['615', '454', '517', '75', '384']
['580', '597']
['870']
['322', '577', '397', '85', '845', '483', '828', '50', '191']
['320', '218']
['852', '553', '938', '371']
['172']
['44']
['605']
['594', '482']
['555', '620', '968']
['653']
['500', '849', '470', '608', '952', '60', '818', '948', '705', '977', '334', '898']
['461']
['570', '959']
['87']
['53', '294', '573']
['956', '660', '32', '128']
['910', '710', '884']
['763']
['24', '423', '958']
['48']
['15']
['84', '549', '989']
['135', '207', '175', '228', '339']
['27', '940']
['451', '610', '794']
['731', '782', '642', '17', '349']
['369', '477', '209', '681']
['702', '178']
['331', '337', '33', '983', '181', '746', '41', '447', '589', '914', '503', '262']
['639', '759', '476']
['774', '395', '177', '266', '132']
['115', '598', '811']
['425', '244']
['418']
['694']
['530', '916']
['37', '365', '591', '188', '827']
['160', '39']
['93', '486', '297', '465', '562', '308']
['928', '204']
['685']
['316', '231', '623', '495']
['520', '680', '441']
['394', '535', '496', '380', '967', '741']
['725', '732', '558', '323', '287', '446', '839', '343', '519', '964', '997', '14']
['377', '398', '960']
['574', '810']
['4', '941']
['848']
['902']
['315', '982', '802', '915']
['116', '475', '633']
['306']
['292', '803', '233', '285']
['987', '742', '768', '955', '120']
['468', '449', '762', '926', '185', '1', '832', '443', '478', '480', '712', '67']
['208']
['899', '203', '505']
['106']
['907', '650']
['126', '604']
['966', '38', '340']
['134', '313']
['986', '752', '903', '28', '46', '602', '278', '523', '923', '197', '524']
['410', '646']
['220', '196', '328']
['158', '649', '226', '595']
['912', '471']
['999', '943', '975']
['72', '216', '657', '481']
['792', '799']
['911', '662', '467', '421', '507', '700', '392']
['925', '127']
['637', '686']
['290', '80', '518', '224', '533', '607']
['961', '248', '593', '571', '540']
['390', '356', '34']
['537']
['690']
['677', '242', '420', '327', '783']
['734']
['10', '173', '354', '462']
['893']
['896']
['866', '730', '353']
['817', '295', '279']
['704', '760', '785']
['991']
['30', '168', '430']
['249', '979', '795', '927']
['254']
['841', '703', '695']
['485', '121', '588', '790', '618', '205', '859']
['145']
['592']
['210', '833', '945']
['487', '195']
['557', '951', '364']
['846', '107', '616', '661', '257', '787', '174', '166', '129', '693', '624', '892']
['165', '366', '628', '654']
['246', '872']
['853', '831']
['630', '638', '770', '193', '888', '214', '679', '881']
['199']
['929', '444', '25', '716', '850']
['124', '862']
['436', '566', '138', '55']
['564', '791', '820']
['300', '634', '920', '844']
['601']
['527']
['68', '194', '755']
['992']
['786', '3']
['427']
['111', '312', '565', '814']
['526', '947', '936']
['236']
['29']
['221', '766', '965', '971', '125']
['417', '854']
['57', '922', '491']
['250', '847']
['756', '239']
['545', '403', '776']
['753']
['54', '189', '587']
['453', '625']
['400', '407', '612', '258', '842']
['522', '800', '687']
['223', '906']
['474', '772']
['170', '95']
['921']
['65']
['237', '280', '777', '993', '433', '8']
['528', '645', '667']
['614', '269', '824', '771', '868']
['930', '12', '621', '428']
['669']
['64', '851']
['437', '393']
['62', '307']
['632']
['717', '757', '217']
['698', '493', '596']
['156']
['271']
['227', '367']
['86']
['118', '691', '885', '150']
['807', '414', '344', '155']
['458', '988', '567']
['631', '949', '765', '387', '561']
['974', '887']
['904', '953']
['729', '544']
['143', '835']
['913']
['151', '305', '31', '539', '192', '676']
['82', '878']
['283', '658', '167']
['284']
['382', '534', '59', '152', '434', '91', '391']
['130']
['883', '998']
['578', '350']
['489', '182', '980']
['153']
['144']
['889']
['674']
['675', '108', '727', '877', '501', '184', '253']
['361', '114', '321', '738', '141', '664']
['100', '123', '857', '422', '229']
['855']
['162', '318', '668']
['310', '311']
['406', '368', '445', '767', '976', '568', '626']
['825']
['40', '972', '63']
['516', '200', '538', '408', '554', '43', '19', '890', '797']
['6']
['342']
['230', '891', '796', '722', '299']
['582']
['154', '47', '338', '247', '88', '665', '586', '163', '352', '743']
['721', '778']
['298', '20']
['399']
['346', '867', '179', '373']
['252', '260', '699', '804', '78']
['171', '112', '413']
['473', '296', '865']
['146']
