['48', '162', '168', '171', '277', '281', '282', '286', '416', '417', '418', '419', '420', '424', '431', '432', '433', '438', '439', '440', '441', '442', '443', '445', '447', '485', '486', '493', '754', '889', '933', '943', '950', '956', '957', '959', '969', '972', '980', '985']
['106', '124', '138', '139', '214', '229', '312', '320', '322', '330', '358', '360', '361', '362', '363', '364', '367', '369', '371', '372', '373', '380', '411', '425', '434', '449', '479', '576', '722', '741', '785', '837', '934', '937', '961', '978', '987', '988', '994']
['975', '983']
['13', '45', '53', '85', '98', '102', '111', '123', '150', '153', '176', '180', '184', '192', '205', '227', '268', '269', '331', '446', '448', '534', '541', '545', '547', '594', '624', '681', '694', '734', '747', '780', '781', '806', '810', '822', '876', '922', '923', '986']
['24', '34', '114', '191', '255', '353', '382', '385', '387', '390', '391', '392', '393', '394', '396', '397', '398', '399', '400', '401', '402', '403', '405', '406', '407', '410', '465', '472', '550', '739', '753', '759', '790', '812', '848', '890', '902', '906', '919', '926']
['25', '50', '52', '60', '146', '161', '186', '228', '251', '261', '383', '384', '395', '404', '451', '464', '494', '495', '559', '564', '568', '572', '575', '601', '657', '666', '680', '685', '723', '726', '731', '941', '945', '953', '955', '958', '967', '977', '981']
['6', '15', '23', '121', '125', '126', '129', '149', '165', '232', '256', '280', '335', '408', '468', '488', '490', '499', '502', '507', '522', '527', '535', '538', '539', '549', '558', '561', '565', '567', '743', '778', '799', '800', '809', '828', '843', '875', '894', '914']
['82', '128', '236', '990', '995']
['1', '9', '10', '46', '56', '96', '237', '260', '262', '263', '287', '311', '318', '332', '377', '422', '430', '435', '454', '458', '460', '469', '658', '729', '760', '767', '771', '773', '775', '789', '811', '817', '829', '846', '861', '866', '888', '903', '916', '921']
['970']
['31', '36', '44', '78', '89', '103', '105', '109', '115', '117', '118', '132', '155', '157', '189', '197', '198', '206', '292', '310', '315', '323', '412', '484', '491', '659', '711', '738', '761', '768', '777', '782', '802', '831', '836', '844', '863', '881', '899', '928']
['19', '39', '40', '70', '71', '86', '94', '107', '179', '202', '204', '208', '209', '210', '211', '213', '238', '242', '324', '523', '556', '630', '631', '633', '637', '641', '643', '645', '651', '744', '748', '752', '755', '758', '932', '938', '948', '951', '997', '999']
['971', '979']
['84', '87', '91', '110', '112', '122', '159', '177', '178', '224', '257', '278', '283', '284', '288', '317', '413', '427', '428', '444', '544', '554', '661', '670', '674', '682', '688', '690', '691', '695', '696', '791', '835', '842', '869', '891', '895', '896', '900', '909']
['63', '931', '935', '966']
['974']
['949']
['2', '12', '47', '81', '113', '116', '120', '127', '144', '148', '158', '160', '194', '220', '235', '264', '265', '301', '308', '309', '414', '415', '426', '429', '516', '524', '530', '533', '536', '537', '543', '713', '795', '803', '850', '851', '865', '868', '887', '929']
['21', '49', '51', '55', '64', '77', '97', '104', '137', '207', '216', '218', '222', '271', '273', '274', '302', '305', '314', '326', '328', '329', '381', '423', '437', '546', '614', '683', '774', '788', '813', '824', '841', '854', '855', '864', '879', '884', '904', '927']
['100', '145', '201', '223', '225', '297', '316', '354', '359', '455', '520', '531', '542', '703', '704', '705', '706', '707', '708', '710', '712', '715', '716', '717', '718', '720', '721', '724', '725', '727', '728', '730', '732', '733', '735', '808', '878', '898', '901', '910']
['14', '16', '28', '32', '37', '38', '41', '154', '156', '167', '174', '182', '193', '195', '250', '258', '300', '303', '304', '306', '307', '421', '436', '467', '518', '521', '618', '640', '766', '784', '930', '936', '939', '942', '952', '960', '968', '982', '984', '993']
['0', '8', '11', '29', '43', '67', '73', '130', '386', '473', '540', '557', '940', '954', '962', '963', '964', '965', '989', '996']
['72', '74', '75', '80', '88', '90', '93', '136', '140', '152', '163', '230', '243', '254', '259', '285', '290', '295', '321', '327', '450', '453', '466', '471', '496', '553', '560', '573', '649', '736', '787', '793', '794', '859', '877', '883', '892', '905', '912', '918']
['5', '7', '99', '108', '170', '175', '196', '219', '221', '233', '240', '245', '270', '293', '355', '365', '366', '370', '374', '375', '376', '388', '452', '528', '719', '740', '763', '769', '770', '772', '776', '779', '786', '805', '814', '832', '838', '852', '860', '873']
['4', '33', '42', '92', '172', '266', '532', '578', '579', '580', '584', '585', '586', '588', '591', '592', '593', '595', '596', '597', '598', '600', '602', '603', '605', '606', '610', '611', '616', '619', '620', '625', '684', '702', '714', '797', '830', '834', '858', '862']
['30', '141', '142', '164', '166', '215', '456', '474', '475', '476', '478', '481', '483', '487', '489', '492', '497', '498', '500', '501', '503', '504', '506', '508', '509', '510', '511', '512', '513', '514', '515', '525', '548', '570', '676', '798', '818', '867', '880', '944']
['976']
['973', '992']
['76', '83', '131', '134', '135', '151', '203', '217', '226', '239', '246', '247', '253', '294', '313', '344', '378', '389', '409', '477', '526', '552', '562', '574', '628', '638', '648', '737', '745', '750', '751', '757', '820', '823', '827', '839', '853', '856', '915', '925']
['3', '35', '59', '62', '66', '68', '69', '133', '185', '187', '200', '231', '234', '244', '299', '319', '333', '356', '357', '368', '379', '462', '519', '529', '551', '555', '563', '566', '590', '627', '678', '764', '816', '849', '857', '870', '871', '872', '920', '924']
['20', '22', '27', '79', '101', '212', '267', '272', '275', '276', '279', '334', '336', '337', '338', '339', '340', '341', '342', '343', '345', '346', '347', '348', '349', '350', '352', '480', '482', '505', '569', '571', '765', '783', '804', '825', '874', '882', '885', '946']
['65', '169', '190', '199', '241', '249', '252', '289', '298', '325', '459', '461', '517', '626', '629', '632', '634', '635', '636', '639', '642', '644', '646', '647', '650', '652', '653', '654', '655', '679', '709', '756', '762', '807', '833', '847', '886', '907', '913', '917']
['54', '57', '58', '61', '119', '147', '181', '296', '463', '470', '656', '660', '662', '663', '664', '665', '667', '668', '669', '671', '672', '673', '675', '677', '686', '687', '689', '692', '693', '697', '698', '699', '700', '701', '792', '796', '801', '819', '821', '840']
['947', '991', '998']
['17', '18', '26', '95', '143', '173', '183', '188', '248', '291', '351', '457', '577', '581', '582', '583', '587', '589', '599', '604', '607', '608', '609', '612', '613', '615', '617', '621', '622', '623', '742', '746', '749', '815', '826', '845', '893', '897', '908', '911']
