['18', '119', '139', '458', '605', '614', '670', '693', '750', '871', '979', '990']
['85', '164', '261', '390', '415', '492', '535', '658', '716', '736', '799', '914', '936', '973']
['33', '161', '174', '231', '454', '462', '686', '764', '836', '903']
['151', '169', '202', '229', '483', '519', '575', '637', '802', '845', '869', '890', '906', '996']
['8', '53', '155', '167', '260', '325', '368', '491', '513', '559', '597', '601', '624', '993']
['5', '17', '184', '272', '283', '443', '612', '706', '747', '777', '851', '911', '941', '953']
['52', '178', '209', '405', '408', '412', '486', '578', '722', '809', '855', '878', '898', '926']
['82', '134', '207', '297', '311', '421', '432', '500', '538', '568', '688', '758', '792', '818']
['19', '54', '59', '72', '95', '110', '193', '230', '255', '341', '380', '479', '718', '725']
['48', '75', '90', '274', '293', '335', '338', '356', '590', '854', '864', '891', '913', '949']
['13', '36', '290', '508', '544', '631', '656', '662', '677', '707', '763', '874', '928', '983']
['114', '186', '195', '221', '250', '271', '292', '340', '506', '562', '596', '641', '756', '868']
['50', '76', '165', '296', '329', '351', '411', '728', '798', '859', '905', '945', '948', '997']
['115', '171', '185', '225', '287', '536', '585', '629', '676', '685', '724', '733', '768', '870']
['121', '183', '251', '431', '456', '547', '623', '653', '732', '749', '846', '876', '877', '960']
['77', '249', '257', '269', '300', '402', '406', '704', '734', '779', '789', '904', '937', '987']
['4', '370', '442', '445', '576', '580', '655', '667', '731', '791', '828', '857', '957', '989']
['22', '103', '284', '467', '543', '556', '583', '737', '757', '817', '838', '883', '916', '966']
['227']
['419', '717', '769']
['3', '43', '71', '108', '264', '426', '433', '436', '453', '713', '719', '803', '853', '925']
['16', '31', '34', '175', '364', '481', '530', '642', '661', '679', '691', '696', '888', '961']
['25', '28', '29', '64', '152', '258', '314', '330', '489', '549', '715', '820', '840', '950']
['349']
['63', '143', '157', '197', '206', '218', '285', '315', '357', '447', '557', '665', '766', '999']
['92', '144', '252', '321', '367', '387', '522', '762', '800', '866', '892', '901', '947', '951']
['78', '148', '343', '346', '388', '418', '573', '668', '774', '778', '847', '887', '896', '971']
['15', '38', '127', '128', '129', '168', '212', '397', '512', '659', '767', '814', '933', '981']
['87', '378', '392', '474', '611', '663', '673', '714', '726', '760', '801', '858', '889', '932']
['336']
['91', '99', '118', '131', '136', '194', '267', '348', '484', '628', '740', '811', '829', '908']
['66', '81', '113', '317', '371', '493', '518', '553', '711', '721', '793', '852', '927', '970']
['44', '124', '126', '240', '299', '403', '417', '455', '618', '625', '884', '912', '976', '986']
['41', '179', '247', '277', '365', '526', '545', '632', '671', '738', '752', '882', '886', '920']
['2', '47', '79', '263', '420', '471', '477', '511', '616', '919', '934', '992']
['86', '216', '246', '355', '425', '503', '539', '569', '579', '683', '687', '754', '833', '994']
['104', '201', '220', '244', '304', '404', '429', '501', '635', '744', '770', '808', '958', '985']
['116', '208', '312', '324', '326', '358', '379', '386', '393', '438', '461', '525', '729', '895']
['581']
['39', '97', '132', '173', '192', '310', '374', '395', '416', '666', '739', '806', '940', '943']
['37', '89', '245', '295', '359', '515', '593', '619', '680', '700', '755', '830', '894', '977']
['241', '265', '320', '469', '521', '555', '644', '748', '843', '848', '873', '902', '929', '998']
['23', '35', '98', '190', '327', '434', '480', '504', '505', '652', '797', '897', '923', '931']
['32', '51', '80', '84', '140', '160', '333', '342', '498', '701', '795', '881', '918', '972']
['20', '67', '69', '101', '142', '156', '162', '332', '603', '621', '695', '727', '816', '819']
['88', '111', '133', '203', '270', '280', '302', '347', '385', '463', '550', '643', '650', '654']
['226', '233', '235', '239', '345', '352', '377', '391', '424', '646', '657', '812', '827', '978']
['106', '125', '253', '268', '422', '487', '524', '533', '594', '694', '776', '842', '850', '863']
['600']
['49', '181', '191', '224', '288', '353', '361', '475', '570', '627', '697', '765', '841', '875']
['9', '60', '187', '189', '289', '331', '428', '494', '574', '785', '831', '861', '865', '969']
['196', '275', '323', '360', '401', '439', '507', '527', '537', '540', '595', '807', '813', '815']
['10', '30', '58', '147', '205', '248', '273', '308', '337', '468', '577', '649', '910']
['117', '146', '279', '282', '410', '430', '448', '598', '660', '664', '681', '790', '839', '856']
['120', '188', '350', '384', '409', '523', '532', '592', '599', '610', '675', '712', '796', '955']
['457', '459', '478', '510', '606', '633', '698', '705', '834', '844', '879', '893', '975', '995']
['26', '228', '237', '383', '449', '472', '565', '584', '709', '723', '735', '773', '956', '980']
['21', '57', '130', '222', '313', '375', '437', '640', '682', '689', '788', '862', '922']
['234', '334', '344', '399', '413', '451', '604', '617', '771', '787', '832', '907', '921', '965']
['42', '238', '242', '243', '259', '435', '452', '495', '502', '651', '692', '743', '805', '935']
['1', '7', '149', '163', '166', '180', '198', '236', '262', '440', '529', '587', '647', '751']
['74', '83', '141', '176', '217', '303', '369', '396', '572', '674', '702', '786', '821', '899']
['107', '177', '199', '214', '328', '366', '414', '514', '528', '554', '703', '761', '772', '804']
['12', '204', '266', '319', '373', '460', '531', '542', '591', '648', '837', '944', '946']
['210', '215', '307', '354', '382', '446', '464', '588', '669', '699', '775', '824', '915', '982']
['40', '46', '56', '158', '400', '444', '450', '639', '753', '783', '826', '880', '939', '952']
['14', '135', '276', '278', '318', '372', '407', '566', '684', '742', '835', '924', '959', '963']
['45', '159', '182', '254', '281', '394', '476', '496', '499', '563', '620', '720', '822', '930']
['27', '68', '96', '109', '153', '389', '482', '560', '608', '626', '630', '823', '938', '984']
['65', '102', '122', '154', '256', '322', '441', '466', '473', '551', '741', '849', '860', '872']
['561']
['11', '70', '145', '150', '301', '363', '427', '465', '546', '589', '781', '909', '917', '974']
['0', '62', '112', '213', '223', '298', '306', '488', '497', '516', '558', '582', '609', '678']
['745']
['93', '219', '294', '309', '423', '485', '490', '517', '613', '634', '690', '780', '782', '942']
['172', '200', '305', '376', '398', '520', '534', '567', '615', '730', '746', '759', '825', '900']
['61', '94', '137', '286', '362', '470', '541', '548', '607', '622', '708', '784', '967', '988']
['6', '24', '100', '105', '291', '316', '381', '602', '672', '794', '810', '885', '954']
['55', '123', '170', '232', '339', '509', '552', '571', '636', '638', '645', '710', '962', '968']
['964']
['73', '138', '211', '564', '586', '867', '991']
