['173', '174', '175', '204', '205', '206', '351', '353', '354', '355', '512', '513', '514', '515', '597', '598', '599', '628', '629', '630', '631', '648', '649', '650', '651', '652']
['8', '9', '10', '140', '141', '142', '143', '144', '184', '185', '186', '187', '188', '448', '449', '450', '451', '452', '453', '454', '476', '477', '478', '479', '480', '481', '482', '483', '484', '548', '549', '550', '600', '601', '602', '603']
['11', '45', '60', '61', '62', '63', '88', '89', '90', '91', '356', '357', '358', '359', '360', '380', '381', '382', '400', '401', '402', '403', '455', '500', '501', '502', '503', '505', '506', '507', '508', '509', '510', '511', '536', '537', '538', '539', '613', '614', '615', '616', '617', '618', '619', '620', '688', '689', '690', '691']
['69', '70', '71', '72', '232', '233', '234', '235', '252', '253', '254', '255', '256', '258', '460', '461', '462', '463', '464', '465', '466', '467', '468', '469', '470', '471', '472', '473', '474', '475', '516', '517', '518', '519', '591', '592', '593', '594', '595', '596', '661', '662', '663']
['112', '113', '114', '115', '116', '117', '118', '119', '145', '146', '147', '200', '201', '202', '203', '212', '213', '214', '215', '244', '245', '246', '247', '341', '342', '388', '412', '413', '414', '415', '543', '544', '545', '546', '547', '656', '657', '664', '665', '666', '696', '697', '698', '699']
['104', '106', '168', '169', '170', '171', '172', '196', '197', '198', '199', '261', '262', '263', '295', '331', '332', '333', '334', '335', '336', '337', '338', '339', '340', '390', '692', '693', '694', '695']
['20', '21', '22', '23', '57', '58', '59', '100', '101', '102', '103', '148', '149', '150', '151', '179', '180', '396', '397', '398', '399', '436', '437', '438', '439', '636', '637', '638', '639']
['108', '109', '110', '111', '176', '177', '178', '216', '217', '218', '219', '275', '343', '344', '345', '346', '347', '376', '377', '378', '379', '408', '409', '410', '411', '420', '421', '422', '423', '520', '521', '522', '523', '560', '561', '562', '563', '621', '622', '623', '624', '625', '626', '627']
['133', '134', '135', '136', '207', '208', '209', '210', '211', '220', '221', '222', '223', '272', '273', '274', '288', '289', '290', '291', '292', '293', '294', '495', '496', '497', '498', '499', '580', '581', '583', '584', '585', '586', '587', '588', '589', '590', '604', '605', '606', '607', '608']
['64', '65', '66', '67', '68', '92', '93', '94', '95', '152', '153', '154', '155', '189', '190', '191', '192', '228', '229', '230', '231', '319', '320', '321', '322', '323', '324', '326', '327', '328', '329', '330', '609', '610', '611', '612', '632', '633', '634', '635', '660']
['105', '107', '125', '126', '127', '181', '182', '183', '308', '309', '310', '311', '428', '429', '430', '431', '432', '433', '434', '435', '564', '565', '566', '567', '572', '573', '574', '575']
['0', '1', '2', '3', '24', '25', '26', '27', '48', '49', '50', '51', '52', '53', '54', '55', '56', '120', '121', '122', '123', '124', '300', '348', '349', '350', '456', '457', '458', '459']
['352', '372', '373', '374', '375', '424', '425', '426', '427', '491', '492', '493', '494']
['33', '73', '74', '75', '76', '77', '78', '79', '80', '81', '82', '128', '156', '157', '158', '159', '283', '284', '285', '286', '287', '361', '362', '363', '364', '365', '366', '367', '641', '642', '643', '644', '645', '646', '647', '681', '682', '683']
['4', '5', '6', '7', '46', '47', '83', '84', '85', '86', '87', '248', '249', '250', '251', '257', '259', '260', '383', '384', '385', '386', '387', '444', '445', '446', '447', '524', '525', '526', '527', '540', '541', '542', '568']
['36', '37', '38', '39', '130', '131', '132', '165', '166', '167', '240', '241', '242', '243', '276', '277', '278', '279', '296', '297', '298', '299', '407', '416', '417', '418', '419', '528', '529', '530', '531', '532', '533', '534', '535', '576', '577', '578', '579', '684', '685', '686', '687']
['137', '138', '139', '160', '161', '162', '163', '164', '193', '194', '195', '304', '305', '306', '307', '312', '313', '314', '315', '325', '368', '369', '370', '371', '389', '391', '392', '393', '394', '395', '440', '441', '442', '443', '556', '557', '558', '559']
['12', '13', '14', '15', '16', '17', '18', '19', '35', '129', '224', '225', '226', '227', '236', '237', '238', '239', '301', '302', '303', '316', '317', '318', '488', '489', '490', '569', '570', '571', '671', '672', '673', '674', '675', '676']
['96', '97', '98', '99', '404', '405', '406', '485', '486', '487', '504', '551', '552', '553', '554', '555', '582', '640', '658', '659', '677', '678', '679', '680']
['28', '29', '30', '31', '32', '34', '40', '41', '42', '43', '44', '264', '265', '266', '267', '268', '269', '270', '271', '280', '281', '282', '653', '654', '655', '667', '668', '669', '670']
