['236']
['612']
['309']
['895']
['356']
['36', '271', '377', '427', '438', '485', '500', '567', '638', '706', '714', '721', '722', '783', '826', '892', '888', '911', '913', '918']
['113', '125', '157', '160', '238', '259', '316', '331', '363', '423', '446', '551', '556', '577', '701', '760', '769', '808', '883', '959']
['11', '30', '78', '114', '129', '199', '217', '258', '266', '280', '452', '518', '579', '605', '610', '687', '704', '945', '955', '974']
['182']
['9', '69', '70', '188', '218', '243', '268', '379', '389', '525', '594', '595', '632', '692', '773', '809', '820', '894', '920', '926']
['48', '67', '112', '170', '267', '272', '278', '303', '355', '359', '380', '390', '499', '533', '642', '679', '685', '735', '738', '837']
['458']
['42', '61', '104', '106', '155', '228', '462', '467', '471', '505', '515', '529', '536', '561', '599', '611', '669', '754', '992', '998']
['659']
['14', '35', '91', '107', '143', '200', '205', '242', '347', '388', '400', '404', '470', '477', '508', '709', '772', '810', '944', '954']
['940', '932']
['442']
['637']
['72', '84', '135', '174', '253', '263', '378', '405', '449', '537', '621', '620', '649', '740', '759', '777', '792', '866', '896', '906']
['57']
['296', '981']
['922', '999']
['103', '124', '136', '145', '216', '391', '396', '403', '445', '460', '490', '522', '626', '641', '794', '802', '840', '861', '961', '975']
['4', '115', '172', '175', '186', '239', '246', '248', '362', '558', '568', '614', '646', '661', '695', '711', '805', '874', '914', '964']
['26', '98', '102', '189', '353', '489', '517', '510', '539', '571', '598', '639', '653', '658', '676', '744', '846', '869', '872', '930']
['79']
['83', '87', '92', '95', '333', '604', '941', '994']
['0', '5', '7', '46', '142', '178', '225', '298', '289', '305', '367', '431', '433', '439', '484', '531', '628', '791', '849', '965']
['19', '24', '76', '122', '234', '249', '279', '441', '463', '498', '583', '708', '762', '816', '838', '841', '857', '933', '977', '993']
['332', '736']
['86', '126', '171', '177', '195', '231', '250', '292', '312', '313', '387', '428', '509', '544', '585', '651', '780', '824', '919', '929']
['32', '39', '74', '93', '123', '150', '187', '192', '291', '299', '307', '311', '440', '540', '547', '582', '686', '788', '876', '963']
['96']
['40', '44', '85', '116', '121', '146', '153', '156', '215', '237', '317', '345', '352', '437', '501', '516', '683', '717', '720', '771']
['909']
['25', '184', '327', '385', '447', '482', '472', '506', '606', '657', '746', '775', '774', '801', '806', '819', '927', '957', '978', '982']
['45', '100', '152', '207', '257', '334', '369', '406', '430', '435', '478', '524', '654', '689', '718', '800', '871', '873', '952', '956']
['120', '159', '191', '197', '202', '203', '281', '294', '319', '354', '392', '481', '503', '592', '636', '644', '664', '766', '899', '912']
['68', '161', '180', '349', '554', '813']
['16', '21', '233', '330', '370', '488', '543', '542', '573', '580', '586', '600', '833', '847', '856', '881', '884', '889', '891', '937']
['903']
['615']
['546']
['879']
['213', '412', '545', '593', '702', '758']
['63', '109', '130', '169', '241', '340', '371', '376', '422', '448', '454', '552', '557', '680', '684', '807', '950', '951', '976', '984']
['589']
['862']
['831']
['17', '10', '65', '77', '99', '144', '229', '245', '282', '326', '341', '350', '382', '507', '541', '549', '564', '682', '710', '905']
['295']
['49']
['1', '18', '52', '140', '158', '164', '166', '204', '244', '261', '321', '496', '752', '767', '770', '844', '848', '850', '897', '924']
['23', '71', '82', '88', '94', '208', '255', '283', '365', '368', '409', '415', '461', '616', '622', '624', '627', '648', '858', '953']
['574']
['38', '97', '230', '232', '318', '320', '322', '324', '329', '351', '374', '393', '451', '602', '781', '785', '864', '868', '948', '979']
['8', '12', '20', '56', '163', '240', '492', '550', '596', '633', '703', '725', '730', '830', '863', '882', '901', '902', '972', '986']
['34']
['227']
['58', '132', '183', '276', '408', '411', '426', '450', '474', '495', '514', '528', '553', '629', '688', '699', '723', '776', '786', '815']
['779']
['696']
['795']
['22', '151', '315', '323', '348', '401', '425', '429', '459', '456', '487', '634', '643', '652', '656', '742', '778', '836', '845', '947']
['13', '73', '110', '220', '338', '381', '384', '504', '640', '681', '761', '768', '828', '839', '852', '854', '886', '898', '958', '990']
['625']
['414']
['572']
['2', '6', '15', '222', '273', '328', '325', '421', '630', '660', '757', '793', '797', '822', '842', '867', '887', '921', '943', '996']
['803']
['176', '206', '418', '410', '420', '455', '475', '497', '520', '560', '588', '713', '750', '799', '834', '875', '893', '908', '923', '962']
['916']
['53', '59', '179', '210', '252', '277', '287', '302', '306', '301', '373', '453', '521', '578', '655', '694', '716', '724', '825', '890']
['663']
['75']
['27', '128', '194', '275', '310', '314', '468', '502', '535', '566', '601', '609', '617', '726', '765', '817', '870', '904', '949', '970']
['843']
['41', '62', '66', '101', '111', '185', '219', '304', '407', '519', '581', '623', '728', '737', '756', '790', '798', '885', '971', '985']
['37', '50', '60', '105', '168', '173', '256', '343', '361', '366', '480', '483', '645', '650', '678', '700', '743', '804', '823', '936']
['31', '43', '138', '147', '167', '198', '262', '342', '434', '523', '534', '690', '705', '787', '829', '865', '877', '910', '973', '997']
['47', '80', '131']
['33', '81', '90', '139', '226', '270', '346', '419', '493', '691', '719', '747', '753', '755', '915', '966', '967', '980', '989', '991']
['988']
['28', '64', '117', '118', '193', '212', '265', '274', '308', '399', '479', '532', '565', '619', '631', '751', '763', '818', '835', '931']
['89', '154', '165', '211', '285', '337', '395', '469', '548', '555', '584', '607', '666', '670', '727', '731', '733', '796', '880', '946']
['141', '260', '264', '269', '288', '336', '398', '443', '465', '466', '476', '491', '603', '613', '662', '677', '693', '729', '749', '907']
['494']
['134', '148', '149', '201', '235', '286', '344', '360', '464', '486', '530', '590', '647', '739', '741', '745', '821', '859', '942', '960']
['51', '137', '221', '254', '416', '526', '527', '562', '635', '712', '812', '851', '853', '928', '935', '939', '934', '968', '995']
['784']
['54']
['29', '402', '570', '734', '983']
['108', '190', '209', '223', '284', '432', '436', '457', '513', '538', '575', '597', '618', '665', '675', '707', '732', '811', '878', '938']
['782']
['674']
['55', '127', '162', '247', '293', '297', '357', '386', '394', '424', '473', '511', '587', '667', '671', '698', '748', '764', '925', '969']
['300']
['608']
['119', '133', '181', '196', '335', '339', '397', '417', '413', '444', '559', '591', '668', '672', '697', '715', '814', '832', '900', '987']
['3', '214', '224', '251', '290', '358', '364', '375', '372', '383', '512', '563', '569', '576', '673', '789', '827', '855', '860', '917']
