['45', '100', '128', '335', '360', '383', '444', '476', '481', '725', '818', '920', '936', '937']
['1', '64', '78', '127', '204', '210', '211', '239', '246', '251', '274', '309', '337', '400', '426', '470', '490', '493', '494', '496', '505', '533', '554', '573', '638', '652', '659', '694', '722', '732', '876', '974']
['458', '485', '897']
['282', '440', '479']
['271', '283', '510', '727', '792', '944']
['4', '5', '18', '110', '138', '145', '146', '222', '257', '264', '278', '404', '424', '480', '495', '516', '535', '544', '565', '586', '607', '628', '635', '705', '726', '733', '742', '747', '748', '754', '761', '768', '838', '845', '894', '922', '938', '943', '964', '971', '985']
['62', '289', '311', '408', '518', '520', '523', '615']
['15', '114', '219', '464', '605', '662', '777', '780', '781', '783', '848']
['92', '498', '709', '757', '779']
['69', '70', '71', '73', '189', '191', '213', '273', '275', '456', '864']
['592', '760', '855', '990']
['160', '423', '718', '826', '850', '858']
['333']
['9', '60', '236', '390', '504', '507', '508', '509', '630', '634', '895', '957']
['14', '19', '20', '108', '112', '115', '176', '212', '221', '506', '550', '917', '919']
['93', '196', '197', '202', '214', '284', '698', '912']
['28', '30', '33', '52', '126', '129', '132', '174', '358', '407', '666', '820', '874']
['8', '17', '192', '298', '422', '491', '519', '649', '805', '806', '869', '872']
['256', '616', '620', '677', '813', '968']
['521', '909']
['16', '98', '101', '103', '193', '291', '441', '445', '585', '744']
['367', '583', '691', '730', '884', '965']
['24', '79', '376', '433', '728', '729', '731', '739', '770', '771', '773', '775', '849', '871']
['312', '724']
['104', '384', '824', '913']
['88', '155', '610', '644', '648', '782']
['328', '457', '680', '745']
['13', '218', '224', '228', '229', '354', '365', '759', '830']
['91', '94', '96', '97', '368', '933']
['439', '478', '625', '714', '717', '786', '952', '954']
['158', '280', '281', '286', '292', '398', '419', '552', '577']
['345', '862', '898', '921']
['76', '165', '746', '769']
['270', '285', '647', '856']
['918']
['34', '340', '752', '916']
['32', '195', '269']
['29', '243', '412', '734', '834']
['461', '650', '861', '863', '866', '867']
['48', '72', '106', '601', '941']
['182', '186', '187', '188', '356', '486']
['51', '66', '172', '689', '854', '857']
['512']
['120', '209', '557', '774', '972']
['49', '54', '55', '99', '427', '430']
['185', '255', '357', '362', '363']
['31', '377', '801']
['22', '50', '159', '240', '299', '546', '623', '984']
['454', '587']
['336', '406', '411', '525', '530', '665', '667', '827']
['254', '321', '322', '323', '327', '621', '651', '657']
['56', '57', '58', '566', '622', '755']
['272', '302', '548', '574', '624', '632']
['339', '436', '678']
['86', '131', '465', '646', '684']
['46', '392', '393', '394', '547', '865']
['119', '121', '124', '276', '715']
['84', '87', '89', '603', '641', '658', '660', '664', '679', '681', '685', '852']
['90', '410', '483', '579', '600', '637', '640', '695', '735', '741', '815', '906']
['53', '421', '558', '575', '762']
['161', '166', '167', '543', '654', '808', '899', '930']
['2', '43', '148', '597', '602', '606']
['198', '277', '366', '704']
['82', '231', '753']
['23', '334', '409', '559', '643', '655', '675']
['953']
['364', '369', '812', '816', '817']
['190', '348', '351', '570', '672', '676']
['0', '310', '347', '459', '763', '765', '825']
['373', '839', '924', '926', '928', '929', '945', '946', '948', '950', '951', '981']
['3', '38', '122', '150', '178', '227', '290', '297', '402', '448', '451', '453', '471', '528', '612', '619', '626', '674', '682', '696', '750', '878', '927', '962', '969', '980', '982', '983']
['175', '177', '180', '288']
['149', '304', '371', '372', '374', '375', '653', '693', '697', '840', '846']
['65', '324', '330', '382', '469', '473', '712', '882', '883']
['401', '670']
['259', '261', '262', '265', '517', '819', '821', '823', '940']
['244', '395', '452', '785', '800', '993']
['137', '163', '183', '194', '545', '595', '599']
['201', '235', '475', '538', '766']
['116', '205', '252', '258', '263', '279', '319', '669', '829']
['442', '604', '879', '925']
['300', '447', '803']
['113', '241', '514', '541', '686', '688', '702', '831']
['416', '527', '627', '687']
['63', '67', '68', '305', '308', '313', '756', '758', '791', '795', '797', '885']
['77', '80', '168', '169', '170', '171', '173', '215', '233', '396', '668', '796']
['370', '385', '386', '388', '482', '835', '881', '886', '942', '960']
['253']
['179', '477', '489', '497', '502', '503', '613', '737', '772', '811', '822', '842']
['341', '636', '690', '911']
['315', '316', '318', '320', '420', '425', '455', '460', '492', '692', '810']
['232', '847', '851', '853', '875', '877']
['434', '707', '710', '719', '738', '870', '931', '932', '935']
['437', '487', '788', '892']
['107', '332', '387', '736', '787']
['81', '242', '301', '306', '361', '609', '611', '614', '764', '893']
['117', '157', '338', '536', '549']
['102', '142', '234', '266', '428', '793', '828']
['162', '645', '661', '896', '900', '986']
['6', '417', '484', '596', '778']
['237', '578', '639']
['245', '248', '250', '515', '529', '949']
['721', '723', '966']
['303', '561', '903', '904', '907', '934']
['226', '342', '397', '673', '833', '836', '837']
['36', '217', '223', '405']
['75', '153', '413', '414', '539', '540']
['83', '184', '378', '379', '381', '713', '802']
['164', '249', '287', '293', '314', '608', '923']
['200', '499', '915']
['39', '389', '429', '967']
['294', '295', '415', '522', '567', '571', '572', '633', '683', '701']
['95', '551', '798', '799', '804', '807']
['317', '418', '720', '880']
['21', '27', '435', '809']
['74', '133', '135', '136', '139', '181', '353', '767', '860', '890']
['225', '230', '326', '526', '955']
['247', '843', '891', '947', '989']
['532', '534', '956']
['35', '40', '41', '472', '474']
['11', '569', '844']
['59', '296', '562', '568', '671', '708', '794', '987', '988', '991']
['325', '749', '751', '979']
['208', '446', '449', '740', '868', '873']
['147', '151', '152', '260', '380', '958']
['26', '307', '329', '331', '537', '910', '914', '959', '961', '963']
['37', '154', '156', '501', '584', '656', '905', '970']
['61', '118', '352']
['85', '216', '888']
['359', '663', '973', '975', '976', '977', '978']
['105', '109', '111', '581', '582', '700', '706']
['450', '593', '902']
['7', '10', '511', '513', '743', '776', '992']
['25', '203', '206', '207', '432', '462', '463', '466', '467', '468', '500', '553', '555', '556', '591', '617', '618', '716', '814']
['123', '125', '438']
['238', '267', '598', '784', '789']
['199', '901']
['703', '841', '908']
['220']
['12', '42', '44', '47', '576', '711', '832', '889']
['268', '399', '403', '443', '887']
['130', '140', '141', '143', '144', '488', '580']
['134', '542', '560', '563', '564', '631', '699']
['391', '431', '524', '531', '588', '589', '590', '594', '629', '642', '939']
['343', '344', '346', '349', '350', '355', '790', '859']
