['2', '30', '59', '116', '118', '202', '232', '236', '354', '464', '486', '510', '550', '634', '708', '786', '802', '892', '928', '944']
['39', '62', '156', '247', '351', '423', '493', '494', '505', '507', '571', '663', '741', '788', '806', '986']
['4', '50', '88', '100', '112', '148', '164', '180', '296', '328', '368', '392', '440', '492', '556', '600', '662', '692', '756', '880']
['81', '189', '501', '567', '891']
['41', '82', '233', '246', '287', '483', '551', '574', '615', '738', '781', '839', '861', '932', '984']
['80', '96', '160', '193', '214', '428', '463', '480', '579', '640', '772', '863', '864', '927', '965']
['93', '185', '186', '201', '306', '517', '744', '925']
['115', '345', '577', '690', '691', '693', '787']
['69', '138', '276', '278', '414', '449', '552', '687', '722', '834']
['210', '298', '497', '573', '596', '668', '894']
['12', '14', '24', '36', '56', '60', '83', '108', '168', '249', '288', '336', '396', '456', '498', '516', '828', '840', '996']
['130', '131', '262', '268', '286', '536', '581', '606', '611', '655', '804', '910', '988']
['21', '84', '87', '664', '672', '683', '857', '866', '921']
['15', '74', '122', '211', '285', '300', '366', '422', '656', '685', '724', '732', '735', '793', '829', '885', '906', '946']
['513', '583', '652']
['314', '407', '475', '630', '814', '942', '994']
['295', '303', '469', '599', '931', '949', '961']
['43', '137', '179', '358', '363', '411', '473', '509', '548', '559', '661', '679', '822', '856', '989']
['251', '453']
['19', '38', '57', '76', '133', '152', '383', '399', '532', '608', '627', '684', '703', '798', '801', '836', '874', '893', '903', '969']
['135', '261', '481', '653', '674', '713', '810', '811']
['438', '876']
['434', '868', '914']
['103', '412', '433', '643', '697', '743', '824', '933']
['331', '353', '706', '779', '993']
['67', '123', '355', '603', '673', '710', '737', '751', '842', '938', '963']
['33', '66', '487', '528', '539', '633', '641', '821', '858']
['269', '437', '667', '723', '807']
['196', '279', '511', '558', '731']
['10', '125', '290', '291', '307', '330', '350', '410', '580', '614', '730', '820', '970', '1000']
['254', '327', '485', '508', '619', '632', '659', '794', '913', '981']
['53', '101', '159', '163', '265', '289', '404', '424', '477', '545', '578', '795', '808', '901', '978', '999']
['361', '436', '523', '570', '773', '854', '983']
['292', '339', '584', '593', '763', '895', '975']
['762', '967']
['119', '200', '205', '400', '476', '514', '595', '766', '952', '982']
['215', '318', '373', '491', '654', '746', '909', '954']
['140', '184', '223', '241', '482', '531', '604', '964']
['61', '153', '244', '305', '409', '439', '459', '502', '610', '617', '666', '671', '785', '818', '915']
['218', '226', '397', '629', '881', '904']
['23', '92', '124', '230', '253', '299', '379', '386', '391', '394', '460', '529', '657', '758', '759', '805', '815', '897']
['45', '65', '97', '520', '582', '585', '650', '776', '827', '855', '873']
['11', '55', '99', '111', '165', '191', '198', '264', '297', '429', '506', '594', '605', '649', '792', '869', '929', '955', '990']
['245', '443', '479', '837', '886', '958']
['78', '195', '322', '390', '454', '716', '780', '908', '959']
['63', '126', '266', '367', '435', '441', '467', '504', '538', '882', '934']
['415', '557', '898']
['3', '6', '9', '27', '162', '174', '216', '243', '315', '324', '342', '360', '378', '432', '522', '675', '720', '918', '945', '972']
['31', '155', '169', '209', '217', '310', '338', '372', '465', '519', '541', '589', '597', '676', '775', '879', '953']
['117', '157', '234', '252', '273', '471', '543', '819']
['13', '18', '26', '52', '91', '129', '207', '258', '260', '312', '364', '387', '468', '546', '572', '598', '637', '645', '702', '774']
['48', '166', '332', '709', '911', '977']
['72', '187', '229', '275', '718', '721', '825', '883', '916', '935']
['402', '587', '620', '669', '809', '853', '878', '930']
['271', '413', '542', '826']
['8', '16', '128', '144', '192', '304', '344', '384', '408', '448', '488', '496', '576', '592', '639', '688', '768', '816', '896', '976']
['188', '739', '757', '835', '849', '940']
['197', '591', '682', '830', '937', '941']
['114', '228', '495', '747', '912']
['106', '176', '212', '227', '293', '309', '317', '337', '352', '566', '586', '618', '621', '631', '636', '848', '884']
['127', '149', '263', '381', '455', '549', '635', '745', '789', '971']
['95', '535', '651', '742', '871']
['139', '199', '447', '681', '920']
['98', '105', '154', '311', '451', '457', '490', '838', '907', '943']
['77', '86', '231', '462', '602', '729', '847']
['257', '389', '622', '771']
['7', '49', '79', '147', '158', '175', '238', '301', '359', '395', '474', '525', '553', '714', '784', '790', '833', '889', '917', '987']
['51', '357', '382', '561', '689', '701', '707', '764', '890']
['150', '235', '405', '450', '797', '899']
['813', '867']
['17', '25', '46', '75', '85', '170', '221', '225', '250', '340', '375', '425', '500', '680', '736', '750', '765', '782', '900']
['239', '255', '478', '503', '563', '717', '791', '980']
['47', '141', '282', '466', '564', '705', '846', '919']
['29', '248', '377', '696', '783', '850', '992']
['5', '90', '181', '190', '325', '362', '380', '430', '470', '515', '665', '755', '760', '845', '860', '865', '870', '905', '950', '995']
['71', '323', '547', '568', '607', '646', '841', '877', '923', '926']
['37', '121', '222', '242', '259', '333', '444', '518', '613', '711', '726', '777', '851', '888', '962', '968']
['54', '151', '183', '219', '270', '461', '527', '540', '817', '922', '997']
['274', '862']
['22', '44', '110', '142', '145', '146', '182', '308', '418', '445', '484', '524', '616', '660', '704', '725', '902', '985']
['446', '753', '887']
['177', '220', '403', '628', '844']
['20', '32', '40', '64', '120', '240', '256', '320', '398', '416', '512', '647', '677', '796', '800', '960']
['113', '171', '371', '452', '554', '565', '678']
['203', '277', '406', '427', '521', '609', '812', '831']
['109', '719', '740', '872', '956', '991']
['143', '284', '370', '590', '715', '727', '733']
['42', '58', '132', '294', '319', '348', '349', '575', '588', '638', '698', '734', '754', '924', '957']
['73', '365', '778', '799', '803', '973']
['172', '326', '393', '458', '562', '769']
['89', '213', '313', '343', '388', '426', '472', '623', '626', '686', '712', '852', '939', '951', '974']
['134', '136', '206', '335', '376', '533', '537', '670']
['281', '369', '526', '555', '601', '843']
['104', '173', '178', '208', '267', '341', '346', '401', '417', '534', '624', '625', '728', '832', '936', '947', '979']
['28', '35', '70', '161', '224', '280', '385', '420', '499', '560', '569', '644', '700', '770', '875', '966', '998']
['34', '68', '102', '167', '204', '272', '302', '334', '374', '421', '442', '544', '612', '748', '761']
['107', '321', '431', '642', '648', '749']
['94', '194', '237', '316', '329', '530', '658', '767', '948']
['283', '356', '419', '695', '699', '859']
['347', '489', '694', '752', '823']
