['300', '352', '523', '921']
['167', '688']
['935']
['43', '94', '168', '170', '216', '249', '287', '389', '406', '419', '435', '447', '454', '509', '554', '555', '653', '723', '728', '792', '989', '999']
['269', '346', '407', '713']
['72', '475', '558', '575', '605']
['86', '90', '147', '199', '225', '307', '333', '360', '377', '417', '573', '777', '833', '834']
['7', '13', '62', '150', '244', '273', '278', '286', '341', '390', '395', '495', '530', '553', '569', '574', '598', '603', '654', '663', '715', '717', '735', '748', '820', '851', '874', '946', '965', '972']
['117', '172', '218', '245', '382', '463', '588', '697', '727', '789', '839', '903', '929', '937', '952', '996']
['92', '146', '228', '336', '340', '342', '420', '491', '594', '597', '623', '782', '894']
['19', '33', '42', '68', '132', '145', '220', '248', '288', '299', '304', '421', '449', '503', '511', '518', '630', '652', '680', '703', '809', '811', '836', '891', '896', '951', '953']
['468', '642', '719', '749']
['178', '291', '636', '672', '817', '862']
['49', '81', '104', '122', '141', '240', '408', '643', '742', '759', '868']
['121', '162', '165', '206', '268', '274', '301', '317', '337', '373', '385', '393', '434', '450', '477', '480', '483', '545', '570', '579', '587', '631', '740', '760', '856', '869', '912', '942', '947', '967']
['939', '968']
['955']
['39', '88', '130', '230', '247', '255', '265', '327', '358', '465', '632', '687', '693', '716', '761', '774', '788', '793', '795', '830', '852', '878', '938', '992']
['26', '27', '91', '279', '364', '366', '533', '561', '571', '576', '608', '690', '822']
['10', '51', '53', '142', '153', '173', '283', '335', '365', '462', '474', '515', '534', '600', '639', '645', '700', '720', '724', '726', '741', '790', '808', '819', '846', '932']
['46', '418', '762']
['572', '769']
['20', '186', '200', '289', '500', '551', '744', '807', '857', '880', '928']
['253']
['319', '386', '493', '580', '649', '758', '916']
['50', '70', '108', '152', '297', '302', '343', '356', '368', '378', '387', '405', '424', '478', '512', '524', '567', '610', '675', '725', '732', '824', '828', '914', '925', '940', '957']
['841']
['109', '123', '750']
['15', '17', '66', '214', '226', '233', '246', '285', '427', '532', '562', '590', '607', '621', '659', '670', '686', '691', '770', '771', '794', '806', '813', '843', '899', '915', '919', '933', '958', '964']
['29', '45']
['37', '55', '187', '318', '348', '520', '531', '864']
['31', '277', '457', '548', '616', '800', '990']
['876']
['322']
['298', '375', '456', '469', '559', '614', '635', '721', '733', '890', '977']
['8', '12', '241', '461', '564', '694']
['21', '59', '102', '143', '267', '326', '388', '438', '473', '591', '708', '886']
['23', '64', '128', '144', '176', '224', '239', '251', '263', '284', '293', '311', '433', '504', '710', '729', '747', '755', '772', '801', '845', '900', '956', '988']
['54', '106', '120', '137', '154', '306', '309', '496', '505', '549', '565', '577', '609', '667', '783', '827', '842', '875', '906', '978']
['38', '100', '258', '295', '330', '332', '379', '506', '547', '658', '674', '681', '683', '751', '909', '911', '950']
['439']
['30', '32', '56', '116', '151', '157', '217', '271', '400', '425', '453', '499', '592', '601', '650', '666', '685', '706', '767', '798', '810', '814', '825', '838', '859', '871', '883', '945', '959', '982']
['682']
['254']
['323', '367', '484', '709', '718', '826', '941', '981']
['52', '410']
['57', '998']
['34', '127', '215', '371', '611', '669', '803', '823']
['197', '198', '201', '401', '404', '413', '426', '444', '481', '522', '538', '702']
['131', '138', '190', '231', '261', '266', '328', '399', '466', '479', '510', '527', '537', '585', '604', '655', '665', '695', '730', '776', '837', '917']
['47', '61', '89', '110', '111', '114', '148', '164', '182', '195', '227', '305', '334', '344', '369', '409', '488', '519', '539', '540', '568', '627', '633', '738', '818', '840', '893', '907']
['16', '136', '163', '194', '339', '489', '508', '583', '962']
['65', '264', '320', '918']
['41', '93', '101', '159', '175', '183', '221', '296', '349', '661', '855', '867', '974', '994']
['363', '376', '445', '544', '589', '791']
['223']
['18', '119', '156', '177', '191', '203', '272', '443', '854', '898', '913', '970', '983']
['442']
['44', '139', '310', '347', '370', '411', '416', '485', '521', '628', '662', '779']
['174', '238', '324', '398', '441', '467', '501', '582', '629', '641', '832', '863']
['113', '486', '542']
['84', '294', '498', '927']
['422', '452', '781']
['0', '96', '169', '232', '541', '743', '831', '897']
['351', '895']
['125', '193', '705', '712', '991']
['135', '181', '235', '237', '415', '464', '513', '525', '584', '595', '612', '722', '756', '765', '797', '954', '966']
['321', '657', '701', '784']
['74', '316', '497', '637', '660', '734', '902', '936']
['83', '209', '262', '345', '380', '384', '476', '622', '668', '673', '766', '835', '973', '995']
['158']
['25', '149', '160', '171', '179', '234', '270', '315', '396', '432', '470', '526', '528', '634', '656', '699', '731', '785', '799', '804', '860', '861', '931', '980']
['2', '4', '22', '63', '85', '87', '189', '207', '210', '213', '243', '312', '325', '391', '394', '414', '431', '451', '492', '613', '676', '684', '711', '812', '877', '879', '904']
['281', '355', '428', '494']
['619', '648', '664']
['48', '75', '134', '204', '276', '292', '331', '471', '647', '745', '802', '881', '889', '948']
['11', '76', '112', '260', '403']
['3', '97', '107', '133', '205', '229', '242', '250', '308', '313', '314', '329', '353', '354', '436', '437', '440', '472', '563', '599', '606', '678', '847', '850', '858', '866', '870', '882', '884', '984']
['362']
['617']
['82', '208', '423', '560', '736', '944']
['596', '651']
['303']
['5', '40', '180', '714', '752', '775', '805', '844', '848', '922']
['24', '184']
['1', '28', '71', '105', '126', '129', '256', '290', '361', '392', '448', '459', '482', '517', '602', '626', '638', '640', '704', '739', '780', '853', '865', '872', '873', '887', '926', '930']
['60', '383', '397', '446', '514', '581', '615', '644', '696', '737', '905', '960', '961', '979', '986', '987', '993']
['79', '95', '202', '282', '350', '357', '507', '529', '546', '787', '920', '923', '969', '985']
['773']
['212', '487', '556', '593']
['901']
['14', '69', '124', '219', '259', '455', '460', '536', '550', '557', '753', '754', '763', '934']
['98', '885']
['35', '58', '73', '115', '118', '192', '338', '359', '429', '552', '566', '618', '646', '677', '692', '768', '816', '821', '971']
['36', '236', '796']
['6', '196', '280', '412', '516', '535', '625', '786', '892', '908', '924', '943', '975']
['620']
['103']
['9', '67', '77', '78', '99', '155', '161', '185', '188', '252', '257', '372', '374', '402', '430', '458', '543', '578', '624', '671', '679', '707', '757', '778', '829', '849', '910', '976']
['80', '140', '166', '211', '222', '275', '381', '490', '502', '586', '689', '698', '746', '764', '815', '888', '949', '963', '997']
