['50']
['373']
['6', '42', '46', '79', '234', '283', '314', '423', '475', '532', '572', '616', '660', '735']
['35', '82', '123', '166', '327', '352', '390', '395', '402', '533', '601', '619', '678', '682', '697']
['53', '59', '60', '66', '97', '100', '194', '348', '467', '487', '518', '600', '654', '731', '748']
['13', '67', '76', '93', '200', '324', '335', '343', '396', '520', '571', '584', '639', '655', '691']
['162', '256']
['24', '32', '34', '86', '138', '212', '222', '315', '332', '413', '516', '531', '596', '665', '701']
['57', '118', '155', '160', '184', '187', '191', '243', '328', '386', '405', '492', '582', '663', '737']
['28', '52', '95', '181', '218', '226', '295', '316', '421', '470', '526', '609', '649', '709']
['43', '88', '109', '136', '182', '221', '259', '291', '299', '310', '391', '459', '545', '628', '690']
['2', '73', '96', '130', '188', '198', '307', '350', '418', '478', '505', '593', '640', '676', '730']
['4', '10', '91', '127', '169', '253', '270', '353', '380', '398', '404', '483', '662', '680', '695']
['669']
['388']
['175', '179', '297', '313', '378', '449', '509', '512', '537', '560', '564', '569', '674', '687', '712']
['20', '112', '120', '128', '146', '150', '159', '189', '205', '236', '301', '462', '464', '494', '586']
['736']
['240', '414']
['101', '111', '261', '265', '279', '293', '489', '508', '513', '573', '623', '626', '670', '711', '726']
['29']
['0', '45', '51', '70', '403', '438', '486', '523', '530', '539', '617', '650', '653', '681']
['72', '81', '115', '124', '202', '213', '262', '334', '387', '553', '566', '579', '668', '672', '747']
['415']
['31', '122', '171', '172', '176', '203', '230', '272', '284', '379', '417', '429', '538', '657', '716']
['135']
['8', '173', '177', '216', '278', '320', '338', '346', '357', '416', '529', '588', '645', '715', '729']
['54', '271', '370', '401', '445', '466', '468', '502', '510', '563', '578', '594', '595', '634', '743']
['190', '498', '602', '728']
['56', '61', '89', '94', '165', '204', '208', '249', '250', '252', '254', '356', '368', '410', '446']
['64', '139', '145', '196', '238', '294', '321', '351', '484', '514', '606', '627', '637', '684', '698']
['38', '68', '107', '170', '280', '288', '495', '590', '607', '622', '629', '631', '677', '707', '725']
['541']
['7', '30', '210', '211', '228', '276', '340', '347', '372', '440', '471', '597', '648', '675', '694']
['1', '55', '84', '103', '161', '242', '302', '330', '367', '389', '411', '515', '592', '659', '744']
['559']
['11', '58', '140', '201', '308', '317', '341', '407', '424', '460', '506', '555', '557', '683', '732']
['44', '71', '125', '149', '199', '246', '285', '427', '431', '472', '574', '613', '706', '713', '717']
['565']
['524']
['15', '40', '62', '98', '144', '185', '377', '454', '598', '621', '635', '688', '723', '734', '739']
['19', '22', '83', '245', '260', '274', '305', '306', '452', '480', '580', '608', '612', '643', '646']
['745']
['36', '37', '131', '214', '244', '312', '336', '374', '409', '420', '463', '479', '507', '558', '581']
['108', '163', '296', '358', '360', '430', '433', '443', '521', '525', '577', '611', '651', '746']
['65', '85', '215', '248', '251', '258', '359', '473', '491', '540', '548', '620', '686', '714', '718']
['21', '102', '129', '157', '329', '342', '422', '477', '485', '527', '544', '647', '696', '704', '749']
['14', '69', '119', '137', '151', '178', '223', '277', '286', '434', '447', '461', '605', '656', '673']
['78', '114', '141', '167', '193', '207', '298', '344', '362', '394', '499', '630', '699', '702', '724']
['27', '90', '132', '158', '233', '365', '375', '400', '426', '441', '456', '632', '658', '666', '740']
['318']
['197']
['48', '147', '209', '264', '337', '345', '355', '364', '371', '399', '439', '488', '493', '519', '638']
['339', '436', '554', '705', '742']
['9', '25', '133', '220', '227', '290', '311', '354', '366', '383', '448', '453', '543', '547', '625']
['741']
['16', '80', '104', '180', '186', '195', '257', '392', '437', '451', '457', '599', '708', '720', '727']
['87', '106', '152', '153', '174', '225', '231', '275', '289', '376', '412', '469', '482', '534', '562']
['23', '33', '110', '219', '282', '309', '382', '552', '556', '567', '568', '603', '636', '710', '733']
['381']
['241']
['476']
['528']
['121']
['18', '148', '269', '300', '333', '361', '369', '393', '432', '504', '522', '633', '644', '722', '738']
['3', '5', '105', '156', '224', '239', '255', '292', '322', '325', '326', '428', '550', '589', '721']
['12', '47', '143', '229', '419', '458', '542', '551', '561', '585', '624', '693', '700', '703']
['41', '63', '117', '247', '263', '303', '425', '496', '517', '536', '591', '604', '614', '671']
['667']
['397']
['17', '49', '77', '142', '154', '192', '237', '266', '349', '406', '455', '474', '500', '511', '692']
['26', '75', '92', '206', '217', '268', '444', '535', '575', '618', '642', '652', '661', '679', '685']
['126', '183', '232', '235', '273', '304', '323', '363', '435', '546', '583', '610', '615', '641', '664']
['99', '116', '134', '267', '319', '384', '408', '450', '490', '497', '501', '570', '576', '587', '689']
['39', '74', '113', '164', '168', '281', '287', '331', '385', '442', '465', '481', '503', '549', '719']
