['Theresa', 'Tamara', 'Alayna', 'Sonia', 'Genevieve', 'Kenya', 'Piper', 'Amari', 'Marlene', 'Julianne']
['Elena', 'Kamryn', 'Ashleigh', 'Baylee', 'Heaven', 'Teresa', 'Tayler', 'Casandra', 'Shea', 'Joana']
['Faith', 'Skyler', 'Viviana', 'Susan', 'Abbey', 'Emilie', 'Amya', 'Nathalie', 'Monserrat', 'Lourdes']
['Daniela', 'Valerie', 'Jazmin', 'Eileen', 'Carlee', 'Thalia', 'Karli', 'Abigayle', 'Hadley', 'Adrian']
['Larissa', 'Chyna', 'Esperanza', 'Regina', 'Ericka', 'Lyndsey', 'Tracy', 'America', 'Sheridan', 'Joelle']
['Katelynn', 'Allyson', 'Nia', 'Anastasia', 'Kassidy', 'Carissa', 'Celia', 'Anika', 'Emmalee', 'Rebecca']
['Macie', 'Eliana', 'Sydnee', 'Toni', 'Simone', 'Hana', 'Madilyn', 'Micah', 'Raina', 'Jill']
['Peyton', 'Kyra', 'Marisa', 'Maia', 'Maritza', 'Desirae', 'Nyah', 'Shaina', 'Melisa', 'Natalie']
['Melanie', 'Selena', 'Ayana', 'Chantel', 'Amiya', 'Belen', 'Jana', 'Julia', 'Morgan', 'Haley']
['Lisa', 'Hallie', 'Aimee', 'Sarai', 'Leanna', 'Valentina', 'Graciela', 'Anjali', 'Neha', 'Annamarie']
['Katie', 'Cheyenne', 'Kylie', 'Jocelyn', 'Alexus', 'Rylie', 'Maegan', 'Rachelle', 'Yasmeen', 'Laisha']
['Kristen', 'Judith', 'Sienna', 'Calista', 'Kianna', 'Kacie', 'Jenifer', 'Dallas', 'Katerina', 'Martina']
['Angelina', 'Haylie', 'Laila', 'Blanca', 'Meaghan', 'Shawna', 'Dariana', 'Teagan', 'Yamilet', 'Alexys']
['Kate', 'Shania', 'Lucy', 'Clarissa', 'Anahi', 'Irene', 'Janelle', 'Paula', 'Roxanne', 'Emily']
['Krista', 'Janet', 'Noemi', 'Yolanda', 'Noelia', 'Maranda', 'Darby', 'Kaela', 'Chloe', 'Katherine']
['Carly', 'Rebekah', 'Yasmine', 'Sharon', 'Fiona', 'Alina', 'Ciera', 'Isis', 'Drew', 'Lilliana']
['Madelyn', 'Ella', 'Alaina', 'Tia', 'Mariela', 'Isabela', 'Keara', 'Reanna', 'Kalyn', 'Hannah']
['Danielle', 'Michelle', 'Hayley', 'Michaela', 'Lindsay', 'Camryn', 'Ariel', 'Brielle', 'Dawn', 'Abigale']
['Ashlee', 'Lea', 'Lizeth', 'Jalyn', 'Cielo', 'Rhianna', 'Yessenia', 'Amina', 'Marlen', 'Alexis']
['Andrea', 'Mariah', 'Angela', 'Briana', 'Kendall', 'Destini', 'Tanya', 'Frances', 'Stella', 'Princess']
['Sofia', 'Makenzie', 'Karla', 'Yasmin', 'Emilia', 'Kathy', 'Janice', 'Yazmin', 'Dayana', 'Maria']
['Marissa', 'Adriana', 'Lillian', 'Sandra', 'Haylee', 'Layla', 'Zoey', 'Carley', 'Aurora', 'Tierra']
['Meghan', 'Julie', 'Esmeralda', 'Josie', 'Katlyn', 'Emilee', 'Georgia', 'Karissa', 'Kenna', 'Megan']
['Guadalupe', 'Genesis', 'Nadia', 'Tessa', 'Jaqueline', 'Marilyn', 'Barbara', 'Alysa', 'Maeve', 'Rocio']
['Leslie', 'Rachael', 'Alison', 'Macy', 'Cindy', 'Wendy', 'Krystal', 'Maddison', 'Jayda', 'Elaine']
['Alicia', 'Annie', 'Carolyn', 'Dana', 'Rosa', 'Logan', 'Destinee', 'Talia', 'Eliza', 'Eryn']
['Kassandra', 'Daniella', 'Gisselle', 'Julissa', 'Eleanor', 'Lexus', 'Lizette', 'Nikita', 'Maryam', 'Allison']
['Monique', 'Marie', 'Rebeca', 'Chandler', 'Kari', 'Reese', 'Stefanie', 'Unique', 'Mireya', 'Aryanna']
['Cassidy', 'Ariana', 'Margaret', 'Naomi', 'Deja', 'Anya', 'Kaylyn', 'Abbie', 'Moriah', 'Amanda']
['Hanna', 'Aliyah', 'Aisha', 'Jackeline', 'Gwendolyn', 'Shirley', 'Saige', 'Joanne', 'Aliza', 'Taylor']
['Kyla', 'Christy', 'Joyce', 'Karlie', 'Delilah', 'Gabriel', 'Nya', 'Jeanette', 'Presley', 'Elissa']
['Kaitlin', 'Diamond', 'Kayleigh', 'Ashton', 'Clara', 'Shyanne', 'Carol', 'Anita', 'Jaime', 'Rachel']
['Lindsey', 'Alma', 'Araceli', 'Candace', 'Nataly', 'Laney', 'Arely', 'Alycia', 'Dejah', 'Estefania']
['Leah', 'Gabriella', 'Amy', 'Taryn', 'Jaclyn', 'Edith', 'Carina', 'Fernanda', 'Sarah', 'Abigail']
['Jacqueline', 'Sophie', 'Alexia', 'Julianna', 'Elise', 'Anne', 'Ivy', 'Kali', 'Lesley', 'Madyson']
['Cameron', 'Savanna', 'Kailyn', 'Kelsi', 'Haven', 'Keira', 'Abagail', 'Aria', 'Delia', 'Ashtyn']
['Claire', 'Alexa', 'Angel', 'Erika', 'Lily', 'Paulina', 'Elaina', 'Stephany', 'Jaycee', 'Destany']
['Jade', 'Gabriela', 'Madeleine', 'Cecilia', 'Josephine', 'Brenna', 'Skye', 'Violet', 'Willow', 'Shyann']
['Melissa', 'Britney', 'Kennedy', 'Mckenna', 'Kara', 'Carmen', 'Felicia', 'Keely', 'Micaela', 'Mackenzie']
['Gracie', 'Marisol', 'Zaria', 'Tianna', 'Jayden', 'Alanna', 'Jaelyn', 'Elyssa', 'Rita', 'Rayna']
['Kathleen', 'Jewel', 'Karlee', 'Jadyn', 'Kayley', 'Kaelyn', 'Norma', 'Taya', 'Trisha', 'Sky']
['Breanna', 'Laura', 'Arianna', 'Sally', 'Lilian', 'Candice', 'Aliya', 'Alena', 'Kenia', 'Stephanie']
['Jillian', 'Aaliyah', 'Jessie', 'Noelle', 'Madisen', 'Jailyn', 'Grace', 'Kayla', 'Anna', 'Sydney']
['Asia', 'Katrina', 'Jazmine', 'Joanna', 'Tara', 'Juliana', 'Fatima', 'Karly', 'Shaylee', 'Sophia']
['Erica', 'Alice', 'Adeline', 'Dianna', 'Lara', 'Ingrid', 'Randi', 'Lisette', 'Bonnie', 'Shaniya']
['Catherine', 'Janae', 'Chelsey', 'Cora', 'Abbigail', 'Maura', 'Lila', 'Armani', 'London', 'Kaia']
['Kirsten', 'Cristina', 'Justice', 'Tess', 'Lexie', 'Nicolette', 'Itzel', 'Mariam', 'Jennifer', 'Nicole']
['Erin', 'Caroline', 'Kailey', 'Deborah', 'Macey', 'Ryan', 'Dulce', 'Nayeli', 'Karley', 'Ryleigh']
['Alexandria', 'Ashlyn', 'Alondra', 'Shayla', 'Kaila', 'Regan', 'Johanna', 'Parker', 'Darian', 'Michele']
['Kelsie', 'Kiersten', 'Kiera', 'Jazlyn', 'Dorothy', 'Chanel', 'Annalise', 'Cortney', 'Magdalena', 'Hailey']
['Audrey', 'Skylar', 'Alejandra', 'Gianna', 'Callie', 'Brisa', 'Aylin', 'Hillary', 'Kinsey', 'Caleigh']
['Liliana', 'Deanna', 'Jaden', 'Pamela', 'Lucia', 'Skyla', 'Carli', 'Kayli', 'Ansley', 'Lia']
['Eve', 'Melina', 'Arielle', 'Jesse', 'Giovanna', 'Darlene', 'Juanita', 'Ryann', 'Tatianna', 'Nyasia']
['Caitlin', 'Delaney', 'Amelia', 'Shayna', 'Reyna', 'Kaya', 'Lillie', 'Catalina', 'Maci', 'Abril']
['Brooklyn', 'Ciara', 'Mercedes', 'Addison', 'Linda', 'Tyler', 'Nora', 'Samantha', 'Olivia', 'Lauren']
['Rose', 'Imani', 'Kellie', 'Sandy', 'Joselyn', 'Quinn', 'Kallie', 'Christa', 'Alysha', 'Annabel']
['Sierra', 'Angelica', 'Elisa', 'Carson', 'Diane', 'Reilly', 'Kiarra', 'Shakira', 'Elizabeth', 'Emma']
['Riley', 'Serena', 'April', 'Vivian', 'Ayanna', 'Halle', 'Ally', 'Damaris', 'Liana', 'Brook']
['Autumn', 'Evelyn', 'Nina', 'Kaitlynn', 'Haleigh', 'Felicity', 'Tyra', 'Joy', 'Angelique', 'Jasmine']
['Kimberly', 'Vanessa', 'Holly', 'Jasmin', 'Amaya', 'Kylee', 'Maggie', 'Claudia', 'Juliet', 'Victoria']
['Brooke', 'Tiffany', 'Ruth', 'Justine', 'Leila', 'Jazmyn', 'Janessa', 'Kenzie', 'Devyn', 'Loren']
['Brittany', 'Kelli', 'Madelynn', 'Breana', 'Mattie', 'Chaya', 'Kaylah', 'Kaci', 'Madison', 'Isabella']
['Avery', 'Jordyn', 'Kendra', 'Cierra', 'Alissa', 'Miriam', 'Alisa', 'Antonia', 'Donna', 'Ivana']
['Kiana', 'Makenna', 'Natasha', 'Reagan', 'Annika', 'Emely', 'Devin', 'Marlee', 'Beatrice', 'Blair']
['Maya', 'Gillian', 'Mikaela', 'Halie', 'Arlene', 'Izabella', 'Lyric', 'Allyssa', 'Alexandra', 'Savannah']
['Makayla', 'Shelby', 'Gina', 'Gloria', 'Renee', 'Virginia', 'Bailee', 'Malia', 'Kailee', 'Kaylynn']
['Mikayla', 'Kelly', 'Miranda', 'Tabitha', 'Kiley', 'Mollie', 'Cayla', 'Mara', 'Margarita', 'Baby']
['Paige', 'Trinity', 'Diana', 'Lesly', 'Cara', 'Angie', 'Brianne', 'Zoie', 'Savana', 'Caitlynn']
['Harley', 'Ashlynn', 'Melody', 'Alisha', 'Serenity', 'Celina', 'Jaquelin', 'Cydney', 'Odalys', 'Daija']
['Charlotte', 'Meredith', 'Eva', 'India', 'Tania', 'Carrie', 'Samara', 'Hazel', 'Patience', 'Iyana']
['Hailee', 'Ann', 'Stacey', 'Kennedi', 'Emerald', 'Kirstin', 'Luisa', 'Jena', 'Katlynn', 'Maiya']
['Molly', 'Ana', 'Hope', 'Brittney', 'Lydia', 'Bethany', 'Shannon', 'Kasey', 'Ali', 'Jessica']
['Payton', 'Jenny', 'Cristal', 'Sydni', 'Destiney', 'Laurel', 'Jaida', 'Lori', 'Janiya', 'Katy']
['Amber', 'Mary', 'Gabrielle', 'Katelyn', 'Madeline', 'Mckenzie', 'Ava', 'Desiree', 'Raegan', 'Alize']
['Isabelle', 'Esther', 'Lacey', 'Kierra', 'Kyleigh', 'Maribel', 'Silvia', 'Aja', 'Ashly', 'Kameron']
['Elisabeth', 'Charity', 'Annabelle', 'Brynn', 'Katharine', 'Alessandra', 'Marianna', 'Jaylin', 'Paloma', 'Anaya']
['Heather', 'Summer', 'Sidney', 'Mariana', 'Jacquelyn', 'Lizbeth', 'Mayra', 'Aspen', 'Tina', 'Asha']
['Kathryn', 'Mia', 'Kristina', 'Valeria', 'Katelin', 'Yvette', 'Kacey', 'Katia', 'Aracely', 'Daisha']
['Natalia', 'Brandi', 'Allie', 'Hayden', 'Susana', 'Harmony', 'Aniyah', 'Nadine', 'Sonya', 'Ashley']
['Karina', 'Helen', 'Tiana', 'Cassie', 'Cheyanne', 'Martha', 'Jaiden', 'Gretchen', 'Breanne', 'Jayde']
['Crystal', 'Jamie', 'Abby', 'Mckayla', 'Lena', 'Leticia', 'Alivia', 'Savanah', 'Dasia', 'Scarlett']
['Yesenia', 'Tatiana', 'Alana', 'Aileen', 'Athena', 'Adrienne', 'Clare', 'Corinne', 'Montana', 'Myra']
['Lauryn', 'Iris', 'Ellen', 'Colleen', 'Sasha', 'Greta', 'Yvonne', 'Amira', 'Gia', 'Fabiola']
['Jordan', 'Veronica', 'Estrella', 'Amara', 'Aiyana', 'Christiana', 'Reina', 'Jazmyne', 'Leann', 'Mandy']
['Monica', 'Bianca', 'Mya', 'Nancy', 'Tori', 'Raquel', 'Heidi', 'Hunter', 'Melinda', 'Yadira']
['Rylee', 'Dakota', 'Kaylie', 'Madalyn', 'Lexi', 'Paris', 'Jacey', 'Jasmyn', 'Bridgette', 'Jakayla']
['Christina', 'Casey', 'Giselle', 'Brooklynn', 'Perla', 'Eden', 'Miracle', 'Kasandra', 'Cecelia', 'Hailie']
['Dominique', 'Jayla', 'Lilly', 'Jane', 'Rosalinda', 'Amani', 'Bella', 'Anissa', 'Aubree', 'Brionna']
['Zoe', 'Kelsey', 'Sabrina', 'Patricia', 'Phoebe', 'Sage', 'Nichole', 'Katarina', 'Celine', 'Beatriz']
['Isabel', 'Daisy', 'Aubrey', 'Denise', 'Bryanna', 'Marina', 'Meagan', 'Stacy', 'Robin', 'Aleah']
['Christine', 'Kira', 'Christian', 'Aniya', 'Essence', 'Misty', 'Dayna', 'Antoinette', 'Kori', 'Breonna']
['Bailey', 'Kaylee', 'Caitlyn', 'Karen', 'Cynthia', 'Ellie', 'Nikki', 'Sydnie', 'Myah', 'Kaitlyn']
['Cassandra', 'Sadie', 'Whitney', 'Celeste', 'Kourtney', 'Robyn', 'Marley', 'Alia', 'Marian', 'Selina']
['Adrianna', 'Raven', 'Kristin', 'Paola', 'Alyson', 'Lorena', 'Kaley', 'Leilani', 'Berenice', 'Jolie']
['Jada', 'Brenda', 'Litzy', 'Tatyana', 'Brandy', 'Francesca', 'Tatum', 'Tamia', 'Jacklyn', 'Citlalli']
['Carolina', 'Camille', 'Bridget', 'Priscilla', 'Tiara', 'Daphne', 'Rosemary', 'Salma', 'Brianna', 'Destiny']
['Mallory', 'Chasity', 'Carlie', 'Sylvia', 'Ebony', 'Deasia', 'Elsa', 'Bryana', 'Kaylan', 'Keeley']
['Sara', 'Courtney', 'Jenna', 'Alexandrea', 'Cali', 'Elyse', 'Sarina', 'Kristy', 'Ayla', 'Alex']
['Kiara', 'Chelsea', 'Ruby', 'Carla', 'Precious', 'Luz', 'Devon', 'Bria', 'Helena', 'Alyssa']
['Kaleigh', 'Kaylin', 'Rhiannon', 'Madisyn', 'Juliette', 'Camila', 'Sheila', 'Kristine', 'Annette', 'Iliana']
