['78', '214', '215', '216', '297', '298', '397', '398', '514', '515', '609', '610', '611', '721', '751', '752']
['108', '201', '224', '225', '343', '463', '464', '481', '661', '662', '763', '764']
['27', '28', '29', '65', '66', '88', '89', '90', '91', '128', '164', '165', '166', '167', '168', '186', '236', '315', '316', '317', '351', '435', '440', '494', '495', '502', '505', '521', '522', '552', '555', '590', '601', '651', '664', '713', '714', '765', '766', '767']
['4', '5', '30', '31', '126', '150', '171', '187', '188', '189', '190', '209', '210', '226', '268', '269', '274', '309', '328', '329', '378', '469', '480', '499', '523', '524', '525', '526', '591', '592', '744', '758', '759', '760', '768']
['9', '40', '41', '42', '69', '70', '71', '72', '73', '95', '202', '238', '239', '267', '301', '314', '413', '421', '560', '561', '562', '587', '588', '625', '626', '658', '668', '669', '670', '671', '742', '790']
['310', '311', '567', '568', '656']
['20', '21', '22', '59', '115', '145', '146', '208', '270', '509', '584', '624', '644', '676', '677', '696', '704', '772', '773', '774']
['6', '7', '139', '140', '141', '143', '144', '220', '259', '260', '299', '300', '425', '535', '618', '723', '724', '778', '779', '780', '796', '797']
['0', '1', '159', '160', '161', '170', '207', '354', '355', '385', '399', '400', '401', '442', '443', '444', '445', '458', '460', '461', '527', '528', '529', '530', '602', '640', '715', '716', '733', '761', '762', '781', '782', '789', '799']
['46', '47', '174', '175', '184', '227', '228', '356', '357', '365', '366', '406', '407', '408', '409', '411', '412', '431', '432', '459', '500', '501', '537', '538', '539', '540', '616', '617', '619', '691', '692', '693', '694', '699', '700', '775', '791', '792', '793']
['39', '178', '179', '180', '234', '318', '319', '320', '330', '358', '383', '384', '394', '395', '396', '489', '490', '571', '572', '573', '577', '578', '639', '736']
['26', '67', '112', '113', '114', '122', '123', '124', '125', '247', '248', '249', '336', '337', '347', '382', '423', '424', '470', '471', '472', '473', '477', '487', '488', '491', '492', '493', '513', '534', '541', '542', '558', '559', '576', '593', '727', '728', '745']
['10', '11', '12', '13', '23', '68', '117', '222', '223', '230', '231', '232', '323', '352', '353', '377', '410', '579', '580', '597', '607', '608', '612', '613', '614', '615', '620', '621', '659', '660', '672', '695', '737', '748', '749', '750']
['49', '50', '101', '102', '156', '157', '158', '240', '294', '295', '296', '332', '367', '437', '438', '657', '787', '788']
['3', '60', '61', '62', '63', '94', '233', '244', '245', '246', '462', '565']
['8', '55', '56', '127', '282', '392', '393', '433', '434', '531', '532', '533', '603', '604', '605', '606', '635', '717', '718', '784', '785', '786']
['54', '116', '151', '152', '153', '154', '155', '176', '200', '203', '204', '205', '206', '265', '266', '290', '291', '308', '338', '339', '340', '341', '342', '418', '419', '420', '430', '436', '574', '575', '581', '589', '665', '666', '667', '680', '681']
['32', '48', '74', '79', '87', '130', '131', '132', '133', '303', '368', '369', '370', '371', '551', '566', '600']
['51', '64', '134', '193', '217', '218', '219', '261', '262', '263', '264', '285', '331', '379', '450', '755']
['2', '17', '18', '19', '25', '135', '172', '173', '277', '348', '349', '350', '404', '405', '427', '428', '429', '536', '546', '547', '678', '679', '687', '688', '738', '739', '740', '741', '776']
['57', '58', '110', '111', '191', '195', '221', '237', '286', '287', '288', '372', '373', '374', '375', '376', '414', '454', '455', '594', '595', '754', '757']
['44', '45', '80', '81', '82', '83', '84', '98', '99', '129', '182', '183', '235', '271', '272', '324', '325', '326', '327', '446', '447', '448', '449', '465', '466', '467', '474', '475', '484', '556', '557', '632', '641', '642', '643', '652', '653', '654', '655']
['103', '255', '256', '257', '289', '508', '582', '583']
['52', '53', '104', '105', '177', '258', '281', '293', '304', '344', '389', '390', '391', '439', '478', '479', '497', '498', '506', '507', '511', '512', '631', '673', '682', '683', '684', '685', '686', '689', '690', '705', '706', '707', '708', '729', '730', '731', '756', '798']
['37', '38', '136', '275', '305', '306', '307', '363', '364', '585', '586', '663', '794', '795']
['33', '35', '36', '137', '138', '169', '185', '194', '250', '251', '252', '253', '254', '273', '276', '321', '322', '345', '346', '415', '426', '485', '516', '548', '549', '550', '553', '554', '563', '564', '622', '623', '627', '633', '701', '711', '712', '769', '783']
['14', '15', '16', '43', '75', '76', '77', '85', '86', '96', '97', '292', '312', '313', '416', '417', '422', '520', '645', '646', '647', '648', '649', '650', '674', '675', '697', '698', '732', '743', '746', '747']
['34', '109', '120', '121', '142', '147', '148', '149', '162', '163', '181', '196', '197', '198', '199', '211', '212', '213', '229', '278', '279', '280', '386', '387', '388', '441', '456', '457', '482', '483', '496', '503', '504', '510', '517', '518', '519', '634', '734', '735']
['24', '100', '106', '107', '118', '119', '192', '302', '359', '360', '361', '362', '468', '476', '486', '543', '544', '545', '628', '629', '630', '636', '637', '702', '703', '709', '710', '719', '720', '722', '725', '726']
['92', '93', '241', '242', '243', '283', '284', '333', '334', '335', '380', '381', '402', '403', '451', '452', '453', '569', '570', '596', '598', '599', '638', '753', '770', '771', '777']
