['10', '27', '40', '85', '121', '142', '192', '196', '222', '226', '227', '241', '248', '249', '298', '332', '348', '357', '371', '381', '406', '433', '434', '462', '464', '470', '479', '488', '498', '518', '575', '579', '600', '612', '614', '616', '626', '643', '705', '739', '747', '751', '760', '828', '869']
['21', '22', '43', '52', '54', '77', '133', '146', '159', '179', '180', '187', '194', '199', '206', '258', '261', '292', '322', '378', '396', '416', '421', '475', '484', '513', '523', '525', '533', '550', '599', '625', '635', '657', '675', '676', '737', '756', '768', '793', '818', '823', '833', '837', '868']
['33', '34', '39', '106', '110', '118', '119', '122', '128', '145', '158', '168', '169', '208', '244', '251', '277', '290', '310', '319', '344', '387', '426', '472', '549', '571', '576', '578', '580', '608', '613', '630', '649', '693', '698', '757', '763', '776', '783', '795', '796', '803', '841', '859', '863']
['16', '18', '35', '69', '71', '78', '98', '108', '109', '123', '170', '176', '186', '273', '301', '347', '354', '368', '373', '395', '401', '404', '427', '438', '440', '443', '456', '481', '503', '509', '537', '539', '540', '559', '561', '562', '567', '659', '668', '767', '770', '800', '822', '861', '879']
['8', '135', '302', '352', '585', '674', '787']
['691']
['293']
['23', '88', '132', '157', '166', '209', '218', '255', '268', '281', '311', '336', '339', '345', '362', '390', '408', '413', '447', '493', '497', '507', '514', '520', '526', '527', '590', '617', '650', '651', '683', '688', '696', '701', '710', '732', '740', '784', '794', '819', '847', '878', '881', '883', '887']
['5', '26', '73', '103', '111', '155', '164', '173', '182', '195', '205', '210', '219', '220', '263', '278', '284', '314', '374', '414', '415', '430', '465', '494', '502', '524', '535', '546', '552', '564', '642', '644', '680', '702', '724', '730', '733', '775', '781', '809', '817', '824', '849', '855', '880']
['243']
['476']
['11', '13', '37', '61', '100', '101', '114', '131', '136', '139', '154', '228', '230', '238', '270', '276', '282', '296', '304', '323', '351', '353', '409', '442', '463', '466', '485', '486', '548', '565', '574', '618', '629', '632', '633', '634', '637', '640', '662', '667', '686', '699', '758', '814', '846']
['1', '4', '17', '79', '90', '116', '125', '126', '130', '172', '189', '202', '275', '285', '287', '312', '329', '337', '341', '350', '356', '380', '435', '448', '453', '495', '528', '529', '554', '555', '566', '582', '584', '594', '606', '639', '694', '717', '731', '735', '780', '791', '799', '839', '858']
['250', '821']
['15']
['3', '62', '63', '64', '83', '84', '91', '115', '160', '223', '233', '236', '262', '288', '295', '340', '366', '383', '386', '418', '445', '455', '491', '506', '536', '543', '544', '572', '636', '646', '677', '689', '703', '711', '738', '754', '766', '769', '789', '804', '808', '815', '840', '852', '885']
['28', '70', '72', '74', '86', '94', '96', '113', '148', '156', '165', '177', '200', '239', '245', '247', '252', '256', '269', '331', '355', '359', '369', '394', '398', '422', '449', '471', '512', '588', '601', '607', '623', '641', '652', '753', '759', '762', '772', '778', '797', '810', '831', '876', '877']
['14', '67', '80', '127', '181', '190', '201', '203', '214', '300', '313', '367', '429', '431', '459', '469', '490', '500', '501', '505', '534', '542', '545', '547', '570', '587', '592', '595', '619', '656', '663', '706', '709', '734', '743', '777', '785', '786', '790', '811', '825', '838', '843', '844', '864']
['315']
['25', '46', '49', '51', '65', '76', '92', '117', '138', '163', '211', '260', '280', '328', '330', '349', '375', '382', '411', '424', '437', '446', '460', '483', '496', '541', '560', '563', '586', '593', '598', '611', '615', '622', '631', '653', '666', '670', '695', '752', '773', '813', '872', '882', '886']
['9', '20', '41', '53', '60', '93', '95', '97', '99', '107', '140', '167', '175', '184', '188', '204', '232', '235', '242', '265', '274', '306', '320', '334', '343', '388', '436', '441', '473', '487', '508', '516', '522', '557', '624', '660', '664', '665', '672', '687', '742', '746', '788', '792', '802']
['2', '44', '48', '81', '89', '149', '150', '151', '216', '221', '224', '229', '240', '246', '253', '254', '257', '279', '308', '309', '338', '370', '428', '474', '499', '511', '519', '532', '553', '597', '605', '638', '645', '647', '671', '681', '682', '685', '690', '721', '726', '741', '798', '827', '836']
['55', '68', '143', '264', '266', '267', '271', '272', '283', '289', '291', '305', '318', '327', '377', '400', '402', '407', '420', '444', '451', '452', '461', '477', '478', '482', '489', '504', '510', '530', '538', '556', '589', '596', '661', '669', '684', '704', '715', '725', '749', '806', '845', '873', '884']
['144']
['29']
['19']
['7', '30', '42', '45', '47', '50', '104', '147', '178', '215', '259', '303', '316', '326', '333', '384', '385', '391', '393', '399', '403', '412', '417', '468', '558', '581', '583', '591', '609', '620', '654', '673', '697', '707', '712', '714', '718', '720', '748', '750', '830', '850', '856', '870', '871']
['174']
['842']
['317']
['32', '727', '829', '832']
['405']
['294']
['379']
['161']
['24', '58', '66', '75', '87', '112', '134', '137', '152', '153', '193', '197', '212', '237', '299', '321', '363', '365', '397', '423', '439', '450', '454', '457', '458', '467', '480', '492', '521', '569', '628', '648', '678', '700', '716', '728', '729', '744', '761', '764', '801', '835', '860', '862', '866']
['346']
['358']
['0', '59', '120', '124', '129', '162', '207', '286', '297', '361', '372', '376', '410', '551', '577', '602', '604', '610', '627', '658', '708', '719', '723', '771', '779', '834', '853', '854', '857', '865', '874']
['234']
['389']
['183']
['621']
['6', '12', '31', '38', '56', '57', '82', '102', '105', '171', '185', '191', '198', '213', '217', '225', '231', '307', '324', '342', '360', '364', '392', '419', '425', '515', '517', '531', '603', '655', '679', '692', '736', '745', '755', '765', '774', '782', '805', '807', '826', '848', '851', '867', '875']
['36', '141', '325', '335', '432', '568', '573', '713', '722', '812', '816', '820']
