['2', '3', '7', '153', '740', '741', '742']
['33', '35', '486', '487']
['212', '213', '215']
['408', '409', '558']
['698']
['300', '523']
['738']
['230', '344', '345', '664', '667', '724']
['461', '798']
['284', '579']
['187', '641', '726']
['452']
['421', '422', '423', '424', '427']
['111', '355', '516']
['114', '118', '620', '623']
['101']
['388', '549', '550', '551', '643', '647']
['265', '514', '650', '765', '766', '767']
['236', '237', '455']
['488', '489', '490', '491', '688', '708']
['277', '543']
['468', '471', '472', '475', '508', '511']
['375', '644', '645']
['292', '376', '378']
['12', '14']
['447', '450', '451', '769', '770']
['394', '657', '658', '788', '790', '791', '795']
['72', '73', '74', '466', '467']
['154', '244', '245', '246', '357', '358', '434']
['288', '289', '509', '510', '637', '638']
['75', '260', '446', '512']
['369', '370', '524', '526', '596']
['180', '182', '257', '258', '392', '535', '548']
['92', '94', '97', '397', '399']
['442', '715']
['146', '457', '459', '496', '498', '501', '503']
['190', '286', '404', '407']
['220']
['443']
['327', '339', '528', '529', '530']
['123', '124', '127', '640', '722', '756']
['39', '326', '482']
['214']
['200']
['341', '342', '499', '639']
['99', '291', '293', '295', '299']
['5', '584']
['196', '198', '597']
['328', '329', '330', '776', '777']
['0', '24', '26', '56']
['58', '86', '308', '578']
['186', '495', '716', '717', '796']
['312', '377', '786']
['145', '147', '695', '797', '799']
['21', '22', '386', '605']
['151', '152', '155', '307', '464', '465']
['393', '395', '480', '483', '729']
['76', '444', '445', '478', '692', '693', '694']
['41', '350', '351', '387']
['164', '166', '274', '456', '458', '588', '590']
['321', '332', '333', '334', '400']
['709', '710', '711']
['100', '102', '428', '429', '430']
['28', '29', '31', '54', '318']
['57', '59', '225', '227', '238']
['77', '78', '79']
['156', '157', '158', '159']
['110', '417']
['615', '617', '618', '619', '789']
['592', '594', '701', '702', '703']
['282', '662']
['178', '262', '470', '784', '785', '787']
['602', '697']
['685', '720']
['103', '107', '340', '576', '577']
['268', '313', '314', '315', '372', '373']
['476', '672', '674']
['259', '261', '263', '266', '267', '271']
['359']
['555', '556', '557', '559']
['96', '120', '275', '279', '283', '593', '609']
['125', '335', '356']
['70', '176', '177', '179', '353', '481', '677']
['202', '448']
['278', '653']
['285', '287', '513']
['93', '252']
['613', '654']
['603', '607', '611', '734']
['320', '322', '323', '670', '671']
['191', '223', '310', '544', '545']
['181', '183', '749']
['233', '235', '418', '700', '778', '779']
['216']
['87', '538', '762', '771']
['668']
['337', '401', '402', '727', '731', '735', '739']
['53', '55', '616']
['363']
['60', '62', '63', '67', '173', '175', '730']
['80', '319', '580', '581', '583', '625']
['367', '371', '636']
['91', '106', '398', '564', '566']
['61', '624', '757', '758', '759']
['595', '600']
['621', '622', '689', '737']
['264', '360', '379', '383', '585', '586', '587']
['25', '255', '690', '691']
['1', '104', '105', '232', '552', '554']
['391', '405', '601']
['280', '281', '352', '612', '614']
['8', '172', '174']
['296', '298']
['81', '83', '354']
['239', '242', '243', '453', '675', '679']
['36', '37', '160', '161', '163', '565', '567']
['167', '168', '171']
['30', '656', '665']
['208', '210', '431', '696', '699', '713', '714']
['40', '42', '43']
['13', '50', '606']
['27', '311', '479', '492', '493', '500', '642']
['85', '250', '331', '477', '752', '753', '755']
['309', '316', '317', '502']
['582']
['374', '416', '522', '568', '574']
['170', '736']
['45', '366', '426', '704', '705', '706', '707']
['336', '338', '561', '563']
['128', '604']
['712']
['129', '130', '678']
['9', '82', '132', '133', '240']
['44', '47', '48', '49', '51', '760']
['419']
['204', '205', '206', '454', '655', '659']
['148', '149', '162', '420', '562', '630', '669']
['272', '273', '521', '673', '792']
['17', '598', '761', '763']
['484']
['324', '325', '515', '517', '518', '519']
['627', '631']
['32']
['46', '361', '362', '547', '748', '751']
['194', '197', '269', '364', '396', '684']
['169', '188']
['4', '6', '248', '629']
['131', '746']
['432', '433']
['276', '599', '728', '782', '793', '794']
['112', '343', '346', '347', '403']
['38', '150', '184', '185']
['121', '122']
['231', '648', '649', '651']
['207', '209', '211', '463']
['52', '290', '506']
['365', '406', '536', '537', '539']
['385', '569', '571', '572', '575']
['98', '113', '115', '540', '541', '542', '573']
['64', '570']
['485', '520', '628']
['589', '591']
['201', '203', '754']
['69', '221', '222']
['68', '71', '229']
['18', '135', '139', '143', '436', '437']
['253', '254', '410', '411', '660', '661', '663']
['297', '676', '775']
['494']
['136', '137']
['16', '19', '438', '780', '781', '783']
['142', '189', '224', '764']
['117', '249', '251', '384']
['646', '666']
['440']
['199', '226', '348', '389', '390', '560']
['302']
['368', '732', '733']
['84', '380', '381', '382']
['138', '228', '301', '303', '632', '633', '635']
['20', '23', '473', '474']
['88', '89', '90', '425']
['247', '256']
['65', '66', '144', '241', '718']
['721', '723']
['10', '11', '15', '109', '140', '141']
['116', '119', '165', '234', '610']
['95', '217', '218', '219', '449', '553', '719']
['192', '193', '195', '497', '626']
['531', '772', '773', '774']
['270', '412', '413', '414', '415']
['126', '680', '681', '682', '683']
['304', '305', '306']
['504', '505', '507', '534']
['525', '527', '608']
['134', '294', '349', '469', '546', '652', '725']
['34', '435', '439', '532', '533', '686', '687']
['108', '750']
['460', '462', '743', '744', '745', '747']
['441', '634', '768']
