['1', '36', '39', '84', '89', '91', '109', '115', '235', '242', '243', '244', '269', '286', '303', '337', '352', '358', '393', '401', '402', '404', '446', '479', '485', '493', '513', '556', '560', '570', '594', '672', '741', '746', '750', '751', '767', '777', '780', '787', '825', '840', '857', '882', '886', '904', '966', '998']
['16', '44', '62', '112', '124', '148', '161', '162', '166', '171', '205', '230', '237', '251', '317', '336', '426', '462', '464', '475', '529', '542', '568', '572', '596', '636', '669', '700', '707', '740', '745', '764', '809', '838', '872', '912', '937', '949', '960']
['24', '55', '114', '125', '176', '203', '316', '320', '338', '366', '395', '428', '476', '482', '497', '543', '578', '583', '633', '702', '742', '770', '797', '830', '901', '991']
['10', '66', '99', '117', '121', '163', '165', '181', '213', '217', '220', '229', '262', '263', '290', '306', '342', '384', '418', '438', '483', '533', '541', '563', '581', '587', '589', '661', '664', '673', '722', '749', '773', '782', '793', '801', '804', '812', '813', '844', '849', '999']
['23', '26', '57', '95', '108', '183', '190', '214', '232', '239', '250', '283', '308', '311', '350', '423', '445', '449', '501', '552', '554', '607', '609', '615', '660', '692', '696', '711', '730', '756', '766', '786', '807', '811', '832', '834', '842', '852', '860', '863', '945', '946', '953']
['51', '92', '184', '193', '206', '264', '299', '315', '322', '331', '376', '429', '430', '491', '494', '508', '547', '559', '569', '733', '791', '847', '854', '893', '981']
['43', '81', '90', '122', '130', '164', '177', '180', '245', '284', '313', '318', '329', '452', '459', '510', '530', '571', '597', '634', '651', '691', '701', '724', '739', '768', '781', '837', '851', '855', '884', '926', '944']
['3', '50', '111', '157', '159', '160', '167', '187', '353', '362', '377', '385', '387', '409', '413', '448', '450', '520', '562', '565', '619', '638', '644', '689', '721', '747', '755', '775', '906', '929', '935', '942', '962']
['2', '46', '70', '78', '182', '291', '295', '433', '435', '503', '566', '579', '591', '620', '622', '665', '684', '695', '735', '743', '759', '805', '821', '853', '891', '911', '982']
['4', '34', '42', '67', '104', '105', '119', '128', '132', '158', '260', '280', '293', '443', '458', '495', '524', '577', '593', '625', '698', '712', '715', '720', '753', '765', '783', '785', '806', '814', '856', '862', '948', '955', '976']
['7', '12', '20', '45', '64', '68', '110', '168', '172', '178', '179', '185', '192', '207', '216', '231', '348', '372', '394', '399', '406', '436', '441', '444', '526', '539', '540', '580', '621', '662', '678', '688', '734', '761', '778', '817', '822', '835', '870', '888', '892', '899', '919', '965', '983', '985', '989']
['15', '31', '74', '150', '173', '204', '210', '211', '222', '226', '253', '257', '261', '268', '309', '319', '344', '347', '374', '381', '389', '468', '484', '496', '504', '518', '550', '551', '601', '628', '653', '666', '703', '758', '760', '762', '828', '831', '877', '880', '900', '908', '930', '941']
['47', '85', '259', '298', '388', '396', '424', '517', '573', '879', '890', '897', '907', '933', '977', '994']
['8', '86', '101', '123', '198', '218', '305', '325', '327', '405', '419', '478', '509', '515', '522', '537', '546', '553', '564', '624', '637', '648', '650', '683', '754', '779', '794', '810', '827', '858', '867', '997']
['189', '191', '215', '219', '228', '248', '272', '302', '354', '380', '454', '477', '500', '502', '527', '595', '600', '617', '719', '769', '795', '824', '848', '875', '896', '915', '970', '988']
['6', '22', '48', '49', '72', '73', '77', '118', '133', '142', '175', '247', '252', '292', '294', '314', '351', '369', '390', '417', '420', '440', '455', '461', '492', '507', '514', '555', '574', '605', '608', '613', '618', '658', '667', '690', '693', '699', '704', '748', '771', '836', '869', '947', '971', '972', '973']
['155', '174', '238', '439', '490', '528', '576', '680', '871', '902', '967', '968', '974']
['0', '13', '17', '21', '71', '82', '116', '141', '146', '152', '194', '196', '208', '240', '296', '324', '383', '386', '410', '416', '427', '434', '447', '466', '486', '498', '534', '548', '557', '558', '585', '590', '598', '603', '611', '614', '627', '642', '663', '681', '731', '800', '889', '916', '920', '940', '959', '963', '984']
['11', '18', '60', '87', '107', '267', '278', '323', '333', '345', '349', '367', '382', '403', '408', '411', '412', '465', '505', '575', '652', '654', '675', '685', '705', '714', '737', '788', '792', '833', '841', '859', '865', '873', '903', '909']
['5', '41', '52', '96', '106', '137', '195', '281', '301', '334', '343', '368', '456', '488', '532', '545', '588', '592', '604', '616', '623', '639', '641', '709', '713', '727', '728', '802', '894', '922', '932', '943', '957', '969']
['38', '56', '88', '93', '94', '100', '143', '149', '156', '186', '188', '197', '200', '274', '276', '282', '364', '392', '463', '470', '481', '535', '561', '606', '610', '629', '635', '657', '659', '676', '694', '732', '738', '763', '789', '796', '820', '845', '866', '868', '898', '905', '939', '958', '979', '992']
['27', '32', '113', '120', '126', '127', '139', '144', '221', '332', '371', '373', '391', '437', '474', '521', '544', '626', '645', '679', '697', '729', '823', '846', '876', '917', '931', '975', '978', '987']
['25', '53', '54', '58', '134', '135', '138', '140', '234', '300', '321', '339', '356', '415', '425', '473', '480', '512', '519', '586', '599', '612', '649', '723', '772', '776', '790', '808', '816', '850', '954', '961', '990']
['65', '83', '151', '224', '254', '266', '270', '304', '378', '460', '469', '471', '489', '499', '511', '531', '538', '582', '671', '686', '718', '798', '815', '819', '829', '881', '883', '951', '995']
['75', '76', '145', '154', '199', '225', '275', '307', '335', '346', '370', '375', '431', '630', '643', '670', '716', '725', '818', '843', '861', '878', '924', '952']
['14', '79', '97', '103', '227', '273', '326', '357', '432', '453', '472', '525', '536', '567', '632', '646', '674', '706', '710', '736', '752', '803', '826', '864', '895', '918', '986', '993']
['37', '102', '209', '233', '249', '256', '258', '297', '310', '359', '360', '422', '516', '708', '744', '799', '885', '914', '950']
['19', '33', '35', '40', '63', '80', '98', '147', '223', '246', '255', '265', '277', '279', '289', '365', '397', '421', '640', '655', '757', '774', '887', '910', '923', '925', '934', '996']
['28', '136', '153', '170', '201', '236', '241', '271', '285', '287', '288', '312', '328', '330', '340', '361', '363', '379', '398', '414', '442', '451', '457', '487', '506', '549', '584', '647', '687', '717', '726', '874', '921', '980']
['9', '29', '30', '59', '61', '69', '129', '131', '169', '202', '212', '341', '355', '400', '407', '467', '523', '602', '631', '656', '668', '677', '682', '784', '839', '913', '927', '928', '936', '938', '956', '964']
