['11', '41', '94', '133', '138', '140', '164', '181', '280', '312', '320', '391', '407', '483', '484', '548', '550', '559', '560', '605', '626', '664', '674', '688', '712', '720', '730', '791', '816', '844', '872', '940', '953', '983']
['40', '58', '72', '77', '79', '92', '122', '216', '220', '246', '264', '281', '331', '396', '399', '451', '453', '461', '488', '503', '510', '524', '544', '592', '604', '616', '697', '727', '744', '853', '877', '902', '930', '996']
['18', '22', '88', '105', '196', '207', '223', '257', '308', '340', '346', '397', '513', '535', '575', '589', '647', '658', '709', '728', '751', '755', '756', '797', '869', '904', '909', '935', '936', '950', '959', '962', '994', '998', '999']
['3', '30', '73', '99', '127', '145', '152', '179', '250', '268', '273', '277', '325', '334', '373', '408', '414', '515', '601', '628', '650', '705', '724', '776', '787', '801', '820', '875', '884', '914', '919', '957', '958', '960', '973']
['176', '177', '204', '214', '283', '286', '291', '297', '304', '328', '352', '431', '448', '466', '506', '538', '570', '621', '633', '672', '735', '743', '750', '762', '766', '772', '815', '824', '858', '879', '882', '899', '900', '905', '941']
['33', '144', '172', '189', '208', '238', '252', '261', '330', '398', '424', '486', '568', '576', '741', '752', '948', '951']
['39', '54', '89', '124', '143', '163', '213', '294', '316', '318', '385', '415', '447', '450', '455', '530', '534', '536', '612', '676', '681', '703', '729', '767', '770', '805', '819', '823', '831', '898', '913', '926', '954']
['42', '64', '103', '115', '128', '165', '192', '197', '265', '288', '311', '342', '380', '419', '425', '441', '496', '502', '508', '600', '631', '641', '699', '773', '785', '817', '834', '836', '840', '841', '865', '871', '880', '889', '897']
['35', '55', '98', '101', '108', '132', '168', '173', '260', '262', '295', '337', '345', '348', '406', '421', '428', '429', '528', '566', '624', '653', '670', '671', '710', '722', '760', '800', '857', '933', '952', '981', '985', '993']
['24', '29', '37', '66', '97', '148', '170', '185', '200', '231', '269', '321', '390', '456', '493', '494', '495', '520', '531', '551', '556', '573', '580', '615', '637', '638', '701', '704', '711', '736', '764', '868', '896', '907', '971']
['38', '74', '137', '146', '198', '239', '271', '301', '335', '350', '374', '416', '422', '435', '497', '527', '539', '545', '564', '567', '572', '577', '579', '636', '659', '723', '747', '757', '759', '768', '775', '784', '814', '843', '860']
['21', '67', '107', '109', '120', '233', '242', '267', '272', '317', '343', '411', '427', '485', '537', '540', '607', '627', '640', '649', '665', '689', '694', '695', '740', '799', '822', '838', '864', '888', '906', '920', '928', '975', '984']
['23', '43', '49', '83', '131', '157', '183', '187', '219', '226', '227', '254', '287', '333', '361', '367', '504', '517', '597', '675', '683', '691', '700', '706', '774', '796', '842', '851', '861', '873', '918', '944', '955', '961']
['15', '46', '84', '93', '96', '104', '106', '118', '119', '153', '155', '186', '228', '241', '302', '344', '357', '386', '387', '395', '401', '430', '452', '454', '458', '464', '468', '555', '660', '696', '765', '811', '923', '956', '991']
['4', '28', '50', '52', '57', '71', '78', '80', '110', '123', '135', '174', '218', '225', '234', '258', '310', '482', '543', '562', '594', '599', '610', '611', '673', '677', '726', '746', '847', '849', '856', '863', '931', '934', '995']
['2', '6', '20', '27', '95', '136', '158', '175', '194', '203', '206', '211', '323', '339', '417', '433', '438', '440', '473', '593', '603', '619', '620', '623', '655', '662', '669', '690', '717', '745', '792', '818', '845', '915', '963']
['44', '70', '76', '134', '180', '247', '282', '341', '369', '372', '376', '379', '394', '442', '459', '460', '467', '522', '529', '595', '614', '668', '685', '713', '763', '802', '848', '866', '883', '917', '964', '986']
['68', '102', '178', '221', '232', '347', '353', '364', '370', '384', '480', '500', '541', '584', '590', '632', '715', '769', '780', '876', '895', '990']
['17', '25', '31', '60', '62', '125', '142', '161', '191', '224', '319', '329', '358', '368', '533', '546', '553', '557', '586', '587', '630', '635', '656', '702', '719', '738', '739', '749', '789', '809', '828', '837', '862', '929', '937']
['5', '10', '19', '34', '48', '166', '205', '251', '284', '299', '309', '324', '362', '363', '377', '437', '462', '469', '471', '498', '629', '651', '652', '680', '698', '725', '737', '778', '827', '830', '878', '921', '939', '949', '987']
['9', '47', '63', '82', '87', '130', '154', '171', '201', '248', '276', '290', '298', '332', '351', '382', '383', '465', '474', '512', '519', '547', '608', '625', '754', '782', '790', '826', '855', '874', '886', '932', '968', '988', '989']
['61', '69', '117', '147', '215', '236', '266', '270', '306', '313', '354', '393', '423', '505', '532', '563', '581', '609', '622', '661', '679', '686', '707', '714', '734', '761', '807', '812', '890', '892', '908', '965', '974', '982', '992']
['1', '16', '59', '65', '75', '139', '151', '156', '169', '190', '210', '243', '303', '338', '403', '490', '549', '552', '583', '618', '654', '718', '777', '781', '793', '795', '810', '813', '829', '833', '912', '938', '947', '969']
['7', '51', '90', '113', '149', '159', '188', '199', '240', '249', '253', '256', '278', '336', '389', '392', '402', '404', '444', '477', '479', '499', '514', '542', '558', '565', '571', '657', '682', '748', '852', '903', '925', '970', '978']
['56', '111', '141', '230', '255', '263', '275', '285', '293', '356', '375', '388', '432', '443', '449', '478', '507', '525', '569', '578', '596', '613', '678', '687', '731', '753', '779', '794', '798', '803', '821', '846', '901', '942', '980']
['14', '100', '116', '126', '129', '182', '245', '274', '292', '296', '300', '349', '360', '366', '418', '434', '445', '475', '476', '492', '518', '523', '585', '645', '648', '783', '804', '850', '854', '870', '893', '922', '946', '979', '997']
['12', '81', '86', '91', '112', '150', '202', '217', '235', '244', '315', '326', '400', '409', '412', '413', '436', '439', '470', '501', '554', '588', '591', '644', '666', '684', '708', '758', '788', '806', '894', '916', '943', '966', '976']
['8', '13', '45', '53', '195', '222', '237', '307', '314', '371', '381', '410', '487', '491', '526', '582', '606', '639', '663', '733', '742', '771', '839', '867', '881', '887', '924', '927']
['0', '26', '85', '114', '121', '160', '184', '193', '212', '322', '327', '426', '446', '457', '463', '481', '489', '509', '598', '602', '617', '634', '642', '643', '692', '716', '786', '832', '835', '859', '891', '910', '911', '977']
['32', '36', '162', '167', '209', '229', '259', '279', '289', '305', '355', '359', '365', '378', '405', '420', '472', '511', '516', '521', '561', '574', '646', '667', '693', '721', '732', '808', '825', '885', '945', '967', '972']
