['964']
['818']
['758']
['258']
['851']
['416']
['174']
['969']
['59', '718']
['184']
['615']
['333']
['25', '28', '41', '49', '92', '113', '161', '175', '183', '192', '193', '225', '239', '302', '368', '387', '407', '419', '443', '518', '646', '657', '670', '683', '699', '722', '754', '801', '804', '829', '849', '899', '972', '985']
['11', '12', '26', '34', '35', '53', '58', '83', '84', '88', '98', '103', '111', '131', '135', '140', '153', '167', '173', '222', '233', '242', '251', '257', '270', '272', '282', '309', '318', '330', '331', '358', '366', '383', '388', '400', '404', '420', '439', '450', '458', '493', '495', '497', '519', '532', '536', '546', '551', '561', '582', '593', '596', '604', '647', '650', '658', '684', '701', '704', '708', '730', '736', '740', '744', '751', '753', '771', '790', '795', '797', '834', '838', '842', '844', '850', '852', '853', '872', '889', '893', '927', '929', '946', '950', '978', '986', '988', '990', '998']
['221']
['99']
['686']
['245', '349', '363', '732', '773', '774', '882']
['438']
['148']
['5', '30', '36', '54', '81', '102', '104', '112', '127', '145', '170', '179', '228', '231', '260', '275', '328', '375', '395', '397', '401', '403', '408', '430', '433', '440', '441', '444', '452', '453', '474', '477', '480', '505', '537', '547', '558', '566', '578', '585', '625', '640', '668', '688', '702', '745', '752', '786', '855', '861', '863', '866', '877', '892', '924', '943', '955']
['182', '350', '494', '500', '641', '649', '959']
['1', '38', '62', '120', '126', '141', '158', '181', '199', '206', '211', '250', '256', '274', '308', '322', '327', '334', '360', '371', '423', '427', '466', '476', '482', '533', '542', '568', '570', '576', '579', '613', '619', '675', '680', '720', '726', '743', '767', '785', '793', '813', '819', '886', '928', '987']
['76', '80', '185', '203', '337', '432', '446', '481', '552', '587', '624', '637', '671', '723', '727', '823', '865', '878', '910', '958']
['455']
['130']
['46', '86', '107', '116', '136', '142', '160', '165', '281', '314', '377', '412', '418', '434', '548', '609', '622', '642', '659', '663', '669', '728', '748', '825', '932', '933', '935', '957', '966']
['292']
['143']
['514']
['968']
['666']
['828']
['89']
['953']
['14', '628']
['79', '151', '232', '254', '436', '442', '572', '586', '755', '772', '996']
['543']
['332']
['700', '757']
['313']
['70']
['119']
['784']
['914']
['3', '52', '214', '246', '261', '271', '479', '486', '522', '535', '540', '634', '724', '725', '760', '808', '848', '868', '912', '995']
['903']
['589']
['836']
['402']
['152']
['307']
['529']
['69']
['7', '15', '24', '33', '39', '57', '64', '65', '121', '125', '150', '154', '163', '164', '166', '191', '207', '213', '217', '249', '252', '255', '263', '290', '291', '297', '324', '335', '339', '346', '347', '359', '364', '369', '382', '391', '421', '425', '428', '465', '471', '473', '496', '506', '521', '531', '534', '538', '557', '565', '573', '581', '600', '610', '623', '629', '632', '645', '662', '695', '710', '713', '721', '731', '735', '762', '794', '800', '815', '824', '835', '857', '871', '873', '874', '875', '891', '895', '938', '989', '993', '994']
['396']
['816']
['74']
['847']
['636']
['341']
['128']
['614']
['265']
['32', '91', '194', '196', '230', '304', '393', '598', '644', '761', '821', '921']
['489']
['676']
['310']
['105']
['355']
['468']
['8', '17', '21', '42', '51', '71', '109', '114', '118', '124', '146', '186', '195', '200', '209', '219', '220', '236', '243', '262', '277', '278', '285', '300', '301', '303', '325', '356', '365', '367', '372', '399', '424', '435', '464', '472', '475', '478', '507', '508', '527', '541', '545', '550', '564', '569', '592', '608', '630', '643', '656', '741', '749', '765', '768', '776', '777', '780', '843', '845', '856', '900', '920', '942', '954', '961', '981']
['9', '344', '351', '352', '484', '567', '678', '697', '714', '925', '949']
['504']
['462']
['448']
['326']
['2']
['963']
['296']
['320']
['940']
['85']
['913']
['885']
['63', '690', '832']
['715']
['392']
['485']
['61']
['778']
['266']
['312']
['859']
['48']
['13', '215', '672', '944']
['78', '95', '621', '633', '694', '763', '915', '952', '970', '982']
['19']
['449']
['108']
['696']
['617']
['917']
['87', '269', '315', '357', '373', '530', '553', '560', '883', '888', '890', '918']
['620']
['509']
['677']
['212']
['410']
['764']
['679']
['971']
['590']
['862']
['23', '93', '96', '134', '162', '169', '298', '338', '342', '345', '353', '385', '406', '411', '414', '422', '445', '461', '470', '501', '520', '588', '594', '612', '618', '639', '667', '689', '709', '766', '788', '806', '810', '811', '839', '840', '841', '860', '904', '909', '916', '945', '984']
['746']
['204']
['40']
['336']
['157']
['223']
['247']
['879']
['4', '6', '20', '29', '37', '56', '66', '75', '94', '100', '106', '117', '139', '149', '156', '180', '188', '198', '202', '208', '216', '218', '224', '235', '248', '264', '283', '287', '288', '311', '317', '343', '361', '374', '376', '379', '380', '384', '398', '417', '426', '437', '459', '460', '467', '498', '503', '510', '511', '513', '517', '526', '528', '539', '549', '554', '591', '595', '597', '599', '607', '616', '635', '655', '660', '664', '665', '673', '674', '681', '691', '692', '693', '698', '706', '707', '716', '717', '719', '733', '734', '742', '750', '756', '759', '770', '782', '789', '798', '799', '802', '809', '812', '814', '837', '846', '854', '858', '880', '884', '897', '898', '901', '905', '936', '974', '997']
['491']
['922']
['362']
['138']
['803']
['796']
['16', '18', '31', '50', '129', '190', '210', '240', '294', '305', '319', '381', '390', '415', '583', '652', '661', '738', '781', '864', '881', '941', '967', '973', '980', '983', '992']
['907']
['896']
['155']
['902']
['178', '273', '580', '584', '687', '705', '962']
['682']
['712']
['775']
['556']
['779']
['389']
['499']
['563']
['172']
['451']
['820']
['512']
['234']
['27', '47', '101', '137', '227', '268', '289', '413', '429', '502', '737']
['977']
['189']
['562']
['833']
['340', '729', '826']
['306', '515']
['960']
['226']
['133']
['654']
['951']
['653']
['10']
['703']
['43', '44', '55', '67', '68', '72', '82', '90', '110', '122', '144', '159', '171', '176', '201', '229', '237', '253', '267', '279', '280', '286', '299', '316', '321', '329', '348', '354', '370', '394', '431', '516', '523', '525', '544', '555', '559', '571', '605', '606', '611', '626', '631', '739', '783', '791', '792', '807', '817', '822', '831', '869', '887', '919', '923', '926', '937', '939', '947', '956', '965', '975', '976', '979']
['830']
['638']
['488', '711']
['123']
['603']
['447']
['276']
['45']
['0']
['284']
['60', '168', '177', '293', '323', '378', '463', '574', '602', '648', '651', '747', '787', '805', '908', '930', '999']
['524']
['409']
['97', '132', '187', '238', '241', '405', '454', '456', '483', '487', '492', '577', '601', '627', '685', '769', '827', '870', '911', '934']
['22']
['457']
['894']
['931']
['244']
['867']
['77']
['147', '205']
['906']
['295']
['948']
['115']
['197']
['259']
['876']
['73']
['575']
['386']
['469']
['490']
['991']
