['54', '9946', '167', '241', '326', '9552', '9551']
['9969', '126']
['9984', '9746', '269', '9632']
['384', '385', '9561']
['439']
['58', '110', '407']
['327', '328', '337', '338']
['9711', '9710']
['34', '9952']
['9839', '9703']
['9770', '9769']
['413']
['9995', '9918', '83', '9917', '138', '9610']
['210', '211', '9745']
['9912', '9783', '9673']
['4', '9502']
['195', '9666', '9603']
['61', '9907', '127', '9626', '9566', '9565']
['170', '246', '9712', '290']
['420']
['47', '9829', '340']
['128', '9872', '190', '9779', '285']
['9919', '9911', '9824', '9740', '263', '276', '277']
['9828', '9817', '9798', '9797', '436']
['176']
['9503']
['9607', '412', '414', '496']
['73', '9927', '9886', '197', '9636']
['9916', '9501', '499', '283', '284', '9567']
['9538', '485']
['9844', '9748', '9747', '9637']
['9831', '9517', '9516']
['9646', '404']
['321', '367', '9560']
['55', '9889']
['106', '216', '217', '9664', '411', '9518']
['9949', '9827', '9802']
['9736', '9713', '9691']
['77']
['76', '9788', '9787']
['36', '9941', '131', '9869', '317', '380', '9529', '9528']
['168', '426']
['9981', '9943', '9513']
['162', '468']
['9725', '9653', '9652']
['399']
['31', '32']
['9859', '9754', '9753']
['94', '218', '232', '394']
['9778', '421']
['9994', '9993', '9765']
['9838', '266', '381']
['39', '43', '175', '9671']
['37', '9963', '9923']
['9967', '9904', '9761', '297']
['9961', '192', '193', '194', '9657', '451']
['9826', '368', '9616', '9615']
['355', '447']
['9791']
['9862', '199', '282', '331', '346', '389', '9571', '442']
['9978', '27', '9504']
['335', '341', '342', '379', '9590']
['85', '116']
['230', '231', '9557']
['9692']
['9890', '356', '357']
['70', '9679', '417']
['90', '215', '9763', '448']
['9586', '9585', '9550', '9532', '9531']
['9945', '107', '9893', '9892', '9705']
['332']
['306']
['108', '9822', '9821', '191']
['12', '9814', '397', '9576']
['66', '386']
['9937', '9833', '422', '495']
['9650']
['79', '9921', '9870', '9823', '9699', '406']
['9793', '446']
['9661']
['171', '9682', '9577']
['9922', '9901', '9846', '268']
['8', '9896', '9690', '9605']
['134', '135', '153', '9847']
['344', '489']
['9737']
['9970', '9968', '93', '104', '105', '9803']
['92', '9808', '208', '9523']
['9973', '9527']
['163', '224', '9507', '9506']
['309']
['82', '9903', '9773', '9730']
['29', '9515']
['81']
['9942', '9812', '371', '475', '476']
['9914', '9693', '9597']
['25']
['9801', '252', '253', '257', '258', '400', '462']
['182']
['9794', '9774']
['11', '145']
['222', '312']
['48', '9709', '457']
['9800', '9799', '443']
['3', '9965', '9733']
['13', '9987', '242']
['9971']
['9865', '250', '9702']
['74', '122', '383', '484']
['302']
['9933', '9836', '178', '9749', '9575']
['392', '497']
['393']
['184', '9549', '455', '456']
['9852', '9768']
['9718', '9678']
['130', '9547', '473']
['9931', '308']
['432']
['9741']
['185', '235']
['366']
['7', '9930', '71', '9929', '161', '236', '237', '9729', '9728', '278']
['9885', '9720', '347', '348', '349']
['9533']
['183', '9758']
['78']
['9766']
['173', '267', '9668']
['9751']
['9982', '9900', '139', '9614', '390', '408', '409']
['202', '259', '260']
['9960', '9842', '9807', '205', '206', '305', '9654', '9583']
['256']
['207', '9789', '9645']
['148', '9634']
['9548']
['9584']
['186', '9649', '9648', '9627', '9578']
['100', '9535']
['19', '68', '9782', '9723', '325', '378']
['9715']
['9964', '9962', '209']
['38', '75', '204', '227', '9625', '9594']
['387', '388', '465']
['9635']
['5']
['9878', '9544']
['9640', '433', '9521']
['9956']
['9819', '9818', '200']
['9858']
['98', '9877', '339']
['9732', '9602']
['9707', '9706']
['9940', '201', '9641', '9512', '9511']
['9897', '120', '121']
['23', '67', '240']
['113', '9887', '143']
['57', '313', '314', '9629']
['238', '9651']
['219', '9695', '463']
['415']
['9764', '333', '9628']
['9760', '9759']
['9568', '9541', '9540', '9539', '474']
['69', '9820', '9522']
['261', '9658', '458']
['9643', '423']
['9639']
['9947', '9655']
['9665', '402']
['140', '9735', '9734', '310', '9672', '466']
['9992', '9934']
['9', '95']
['198', '9608', '9595']
['50', '9884', '159', '275']
['9675', '9556', '9526']
['22', '72', '298', '470']
['9976', '9599']
['42', '9958', '9686', '453', '454']
['329', '330', '9644']
['147']
['9876', '213', '214', '9677', '9514']
['395']
['403']
['281', '364']
['9910', '9596']
['9701', '316', '431', '471', '472']
['9988']
['9719']
['89', '9525']
['196', '311', '9681', '376']
['119', '150', '9850', '151', '382']
['9881', '9880']
['112', '9888', '372', '405']
['9825', '9757', '9756', '9755', '9714']
['9906', '479']
['18', '336', '9582']
['124', '360', '361', '9630', '467']
['365', '9621', '9620', '480', '481']
['114', '115', '9816', '187']
['358', '377']
['63', '226']
['9674', '9520', '9519']
['9810', '334']
['9875']
['350', '9524']
['9977', '9879', '9871', '9744', '270', '9574', '9573']
['180', '9638', '9572']
['20', '9980', '9908', '483']
['9939', '419', '9508']
['91', '460', '9537']
['9894', '9593']
['88', '9726', '352', '362', '363']
['9667']
['9809', '9743']
['9841']
['59', '299', '300']
['9915', '9790']
['123', '9835', '295']
['223']
['9866', '9832']
['9739', '9738', '430', '490', '491']
['9856', '174', '9811']
['9924']
['6']
['9913', '9857']
['293', '294']
['84', '320', '9669', '493']
['111', '9806']
['437']
['35', '418', '440', '441']
['464']
['97', '141']
['9775', '264', '303', '304', '401', '9598']
['188', '373', '374', '9542']
['156', '9704', '427', '9570', '9569', '9555']
['203', '220', '221', '416', '9505']
['2', '9951', '9619', '9618']
['144', '461']
['9777', '9776', '288', '289', '492']
['9905', '146', '243', '410']
['9986', '9985']
['9543']
['177', '9700']
['9780']
['9724', '345']
['375', '9530']
['9959', '9604']
['424', '425']
['9752']
['9698', '9601', '9600', '9579', '486']
['9663', '9589', '9588']
['17', '498']
['9697']
['9936', '9727']
['9991', '291']
['262', '9685', '9546']
['9731', '318', '9587']
['9581', '9580']
['9750']
['179', '9559', '9558']
['9662']
['181', '251', '9696', '435']
['9983', '87', '152']
['10', '9990', '9966']
['9564']
['9849', '9631']
['9785', '9684', '9683']
['118', '307']
['96', '233', '9613', '9612', '9611', '434']
['53', '132', '9868']
['9848', '172', '315', '9680', '452', '9536']
['9975']
['21', '9979', '212']
['9813']
['9676', '9660', '396']
['248', '249']
['9792', '9642']
['9860', '239']
['9938', '166', '9834', '9688', '9687', '9659', '353']
['9999', '9998', '9997', '9996', '9957', '9955', '9954', '9928', '9926', '9925', '9909', '137', '9863', '9840', '9717', '9716']
['14', '80', '9920', '103', '9830', '9534']
['9837']
['369', '370']
['9853']
['286']
['228', '229', '271', '272', '9721', '9633']
['9855', '9854', '234', '9623']
['359']
['1', '33', '40', '51', '52', '56', '60', '62', '64', '65', '9935', '99', '102', '136', '142', '158', '254', '9694']
['44', '164', '9554', '9553']
['247', '273']
['301', '444', '445']
['244', '9591', '469']
['9805', '9804', '351']
['26', '9974', '255', '9708']
['9784', '9656']
['9861']
['9874', '354', '9622', '459']
['9689']
['86', '292']
['109', '9606', '428', '429']
['9948', '9895', '391', '9609', '487', '488']
['160', '225', '398']
['9953', '149']
['9902']
['9891']
['41', '9873']
['9883', '9882']
['477', '478', '482']
['9545']
['9772', '9771', '9617']
['30', '101', '9899', '9898', '9781', '265']
['287', '322', '323', '324', '9624', '9592']
['9989', '28', '9972', '9944', '343', '9647', '449', '450']
['49', '9867', '9510', '9509']
['9950', '169']
['9796', '9795']
['129', '494']
['133', '9815', '9786', '9767']
['15', '16']
['45', '46', '9563', '9562']
['9932', '117', '274', '9670', '438']
['165', '245']
['9851']
['24', '9864', '319']
['9722']
['125', '189', '296']
['154', '155', '9845', '157', '9843', '9762', '279', '280']
['9742']
