['48', '70', '98', '148', '198', '270', '298', '320', '348', '370', '374', '398', '448', '498']
['22', '42', '72', '92', '122', '142', '168', '179', '192', '218', '268', '333', '418', '442', '522', '542', '568', '583']
['4', '33', '54', '83', '104', '204', '233', '254', '283', '433', '483', '504']
['73', '223', '231', '255', '328', '373', '431', '473', '563', '572', '581']
['8', '9', '31', '108', '109', '124', '131', '158', '209', '281', '308', '324', '358', '359', '381', '409', '458', '481', '531', '559']
['47', '147', '297', '347', '492', '497', '547', '592', '597']
['6', '18', '106', '118', '256', '273', '306', '318', '350', '356', '368', '406', '454', '456', '468', '518']
['59', '61', '111', '161', '173', '185', '211', '259', '285', '338', '411', '535', '585']
['69', '159', '258', '309', '509', '554', '558']
['14', '34', '35', '64', '85', '87', '114', '134', '135', '214', '234', '235', '284', '335', '414', '435', '464', '484', '514', '564']
['40', '46', '96', '127', '140', '196', '240', '290', '296', '327', '340', '346', '390', '396', '477', '490', '496', '590', '596']
['24', '45', '74', '77', '424', '595']
['29', '62', '66', '79', '95', '162', '166', '210', '229', '245', '262', '279', '445', '479', '579']
['27', '117', '172', '177', '189', '207', '362', '439', '489', '527', '589']
['183', '437', '453', '507']
['349']
['12', '116', '228', '266', '316', '322', '366', '383', '385', '416', '420', '470', '472', '485', '516', '566']
['164', '227', '264', '277', '311', '314', '364']
['112', '212', '312', '412', '432', '539']
['39', '56', '78', '128', '139', '274', '289', '389', '474', '524', '574']
['26', '76', '84', '143', '184', '334', '367', '384', '426', '476', '540', '562', '584']
['16', '17', '32', '90', '167', '182', '216', '232', '248', '267', '317', '377', '382', '417', '466', '467', '512', '532', '567', '598']
['82', '199', '249', '260', '282', '299', '329', '332', '379', '449', '482', '499', '529', '582', '599']
['5', '55', '105', '155', '205', '305', '355', '405', '429', '455', '508']
['13', '129', '133', '163', '174', '194', '213', '224', '294', '313', '363', '394', '413', '444', '513']
['11', '25', '75', '125', '175', '225', '275', '325', '375', '440', '475', '503', '511', '525', '561', '575']
['67', '132', '188', '217', '238', '425', '446', '538', '546']
['49', '99', '149', '341', '399', '549']
['15', '65', '115', '165', '265', '315', '415', '565']
['63', '89', '113', '239', '242', '263', '292', '339', '342', '392', '427', '463']
['10', '21', '60', '110', '121', '160', '271', '310', '321', '360', '371', '410', '421', '460', '471', '510', '521', '560', '571', '587']
['37', '38', '80', '88', '137', '138', '171', '187', '221', '237', '280', '288', '380', '388', '438', '487', '488', '588']
['43', '93', '154', '156', '193', '243', '293', '304', '343', '354', '372', '393', '404', '408', '443', '543', '593']
['145', '190', '195', '208', '286', '295', '345', '386', '395', '495', '545']
['287', '337', '387', '391', '462', '526', '537', '548']
['151', '152', '252', '301', '352', '452']
['36', '86', '97', '136', '186', '197', '236', '247', '336', '422', '436', '486', '505', '536', '555', '586']
['20', '120', '150', '170', '206', '220', '226', '276', '376', '506', '520', '533', '550', '556', '570', '576']
['7', '107', '215', '222', '257', '272', '307', '357', '365', '407', '457', '465', '515', '557']
['2', '30', '44', '52', '102', '130', '144', '180', '202', '230', '302', '402', '480', '493', '494', '502', '552', '594']
['58', '71', '577', '580']
['0', '1', '51', '100', '101', '157', '201', '246', '250', '251', '300', '351', '400', '401', '451', '501', '517', '551']
['23', '28', '123', '178', '253', '278', '303', '323', '353', '378', '403', '423', '428', '434', '478', '523', '528', '573', '578']
['19', '119', '169', '219', '269', '319', '369', '419', '469', '519', '569']
['68', '330', '331', '530']
['126', '176', '326', '361', '397', '447', '459']
['94', '244', '344', '430', '534', '544']
['50', '200', '261', '450', '461', '500']
['81', '146', '181']
['3', '41', '53', '57', '91', '103', '141', '153', '191', '203', '241', '291', '441', '491', '541', '553', '591']
