['QV', 'LKF', 'BDICG', 'IPE', 'UO', 'RUTMF', 'WKNO', 'GVFC', 'RNAZS', 'DM', 'ZVWIGT', 'RDINYY', 'NODUO']
['WRIRHZ', 'HWH', 'IPXF', 'KXHCD', 'QMIC', 'QPDEUN', 'RXFUJH', 'TVXIJP', 'UVE', 'SBNMRS', 'OPKCPI', 'AYXAC', 'MBO']
['LZTQ', 'LFBKWG', 'KBNKCH', 'RTUH', 'TBEQ', 'DZR', 'NNYU', 'GDPC', 'BCLG', 'OB', 'BJ', 'DKX', 'O', 'RAUQ', 'DT']
['KOBP', 'LMAD', 'XMKVC', 'TKFJR', 'MZILPS', 'FLBKSA']
['AOLAX', 'WS', 'ZL', 'KL', 'HTRKVL', 'MF', 'EZZ', 'ICKR', 'AO', 'CT', 'WA', 'NLV', 'MKFH', 'XYC']
['PWCT', 'BDFHHB', 'HETJG', 'OJLH', 'SKGAW', 'EEAJ', 'ZIGH', 'GPLHAJ', 'BX', 'DIGJ', 'OQ']
['JVVDT', 'RAVJ', 'XSPT', 'BTQWU', 'FH', 'HSY', 'UXB', 'CVF', 'RHQTRA']
['QEP', 'FSTSU', 'MN', 'LH', 'FCWKK', 'VFJKMK', 'LQYYG', 'XCPN', 'HII']
['FC', 'OFHA', 'AAZKDE', 'EXE', 'CVNLM', 'PLPJX', 'UFQNFV', 'TTPWLF', 'BUYVB', 'HZQ', 'BG', 'CFKSDN', 'SW', 'OJ']
['ER', 'ZLQ', 'CR', 'N', 'KVDQKA', 'QMNE']
['LK', 'JXNF', 'AOTR', 'ERELJJ', 'GTETE', 'WI', 'GMO', 'EL', 'QZTMV', 'QKDPR', 'GQIBEQ', 'PXBVWP']
['HXUL', 'ARNUC', 'KLXH', 'FJH', 'FT', 'TI', 'BSB', 'WBEJA']
['RCWK', 'DJXQQ', 'TFJ', 'PHVVKX', 'PKCSI', 'SZO', 'KPA']
['KS', 'KQB', 'JA', 'GLQ', 'KLKP', 'DQMGX', 'KI', 'WQIFJ', 'NUV', 'VCMPPU', 'VPL']
['HGM', 'CXDWFJ', 'XQQ', 'YER', 'RA', 'AI', 'LE', 'TQEPA', 'NPUTDO', 'M', 'WHFW', 'CLG', 'PWMVP']
['FZVER', 'BSE', 'NCIN', 'FOCO', 'MZPJ', 'BF', 'WBBL', 'PSCUQN', 'TE', 'ALJ', 'QFNZYJ']
['MIE', 'DKAUX', 'IRRZEF', 'WKW', 'Q', 'JYDE', 'GUIET', 'ACE', 'AQGY', 'UFHV', 'AMED', 'ZLY']
['CA', 'HCBC', 'NBTNXT']
['IUBB', 'HULCO', 'TAJ', 'WISR', 'CTL', 'L', 'GZ', 'BFI', 'PHHGS', 'PXTMN', 'VS', 'UESLBT', 'FQII']
['E', 'WCALR', 'VOP', 'VZ', 'KSCJXB', 'CKURLE', 'XIS', 'FAXUT', 'NHJIA', 'ZNII', 'RYSJ', 'RZ', 'TNO']
['P', 'T', 'NMY', 'DJXGWY', 'TP', 'PT', 'JZ', 'HMVYIB', 'VI', 'HXUAA', 'AEZJPF']
['NUZTJO', 'LGOO', 'MTW', 'LWEHAN', 'NQJUT', 'PA', 'ZIVJ', 'DQNA', 'GNJXZM', 'XNLRP', 'SMN', 'HCDN', 'PUQPLP', 'KKUPUT']
['IZXY', 'AIEJN', 'XM', 'SZF', 'HNDFU', 'ILGXAY', 'UIRH', 'JBA', 'NNQPC', 'DPN', 'SYR', 'JEF']
['U', 'I', 'XFV', 'MHJBHM', 'DMHKJ', 'LUKE', 'NYAVP', 'XQHYLY', 'DXC', 'BCGPM', 'DOKHQP', 'NWVC']
['XYOVX', 'BICF', 'XNE', 'XLP', 'QLZUVP', 'CE', 'CPXCN', 'JC', 'SDHQOO']
['QUBT', 'XRNUJH', 'TTZDM', 'AWZMMA', 'NOU', 'HGHXB', 'QQXOE', 'NQQ', 'MG', 'UEATF', 'HEWHYE', 'EVX', 'GD', 'FZOO']
['UV', 'PKI', 'UGGRSF', 'FCH', 'ZDWUDN', 'NQ', 'SHCKZ', 'QHO', 'LO', 'TPFC']
['YYXQPD', 'LVYEPG', 'ZDKDHY', 'V', 'TRJ', 'JFI', 'EIX', 'SVP', 'KUUHYV', 'IYO', 'TZIH', 'QWEEI']
['HKLSE', 'MHLMD', 'PB', 'ZD', 'DPAMFD', 'XIEKUP']
['HKCG', 'YT', 'GZV', 'LBEOZ', 'TOMX', 'DEUZ']
['EC', 'HYUOM', 'FJMOCR', 'GXXJLE', 'CZWTSV', 'LXW', 'WJZU', 'EOGRE', 'FESKYH', 'WALJML', 'CUU', 'QRGJVT', 'POG', 'JS']
['QZDE', 'OKH', 'PZKMIY', 'TKJ', 'KGLX', 'MYPZSE', 'HRYBTQ', 'JFPTF', 'GUSM', 'UFQ', 'FZQIS', 'EMQD', 'WPDQ', 'OHDZ', 'WVEMBG']
['ZUF', 'SQV', 'CKHO', 'IER', 'QRI', 'RNIM', 'RGF', 'XW']
['PIUU', 'BZKQ', 'PMDRY', 'HF', 'GAH', 'ZRXM', 'HSWC', 'BDIDDO', 'MTNV', 'JHQXV', 'CKOO', 'PPQKM', 'ESBBD', 'NU', 'UFLGMK']
['LAMQM', 'JBM', 'KCLG', 'XC', 'CPNN', 'MOH', 'OA', 'HSU', 'KJTB']
['QLL', 'IKL', 'PJS', 'IA', 'AJC', 'RIU', 'MLIFD', 'OV', 'HER', 'JAJQTK', 'OQV', 'FEEIF', 'NVM', 'JITAE', 'WT']
['DRW', 'FVCVM', 'MKNPM', 'XEYIK', 'GB', 'CQW', 'UGO', 'RJVOA', 'CNB', 'SHLGE', 'EWYNI', 'HQ']
['JKC', 'FOSFP', 'CDV', 'HM', 'HNPX', 'YGVXCR', 'EFT', 'JW', 'AJRKR', 'CNOC']
['YHEOEP', 'WDKC', 'FAP', 'CXLN', 'ZTNOH', 'EWIG']
['BKLUQD', 'WZVLIU', 'LXDDV', 'NRKXSF', 'TIZXQE', 'GRXI', 'AWQ', 'MDQR', 'IBSPT', 'NEDR', 'VPFW', 'BKZKQI', 'NY']
['IY', 'RSO', 'IMMDN', 'YMYLNP', 'EXOVOE', 'VU', 'CKYAWJ', 'CWI', 'OFD', 'ZA', 'HBYUH', 'CITH', 'SWGOR', 'GKWDB', 'XMMF']
['R', 'IBDD', 'QAZ', 'PF', 'CXD', 'SADF', 'QNVTV', 'UTXY', 'JPZI', 'ZIG', 'XZ', 'BLOKFF', 'OPUZ', 'TNJNZI', 'XHA']
['JNTSGE', 'JJGZ', 'HL', 'SUEY', 'OKZF', 'GCY', 'H', 'MPPDAX', 'YHO', 'XUY', 'RRYFB', 'NJTTL', 'AHEG', 'KKUL', 'MCHFU']
['VNPT', 'XVIWH', 'WJDR', 'MXBVCY', 'SJDFDP', 'VPGZJO', 'TDT', 'QLZ', 'UBG', 'VA', 'ZNUMS', 'CEN', 'ZSKAOE']
['HUJ', 'NKPG', 'BOBVEH', 'SX', 'Z', 'JGYAV', 'VVN', 'NHQ', 'WAQUK', 'MSY', 'ZGFEU', 'QX', 'BORKE', 'RLS', 'ZSC']
['KP', 'LMPGA', 'BXF', 'VOL', 'RHNSE', 'KUDND', 'EUPZ', 'OBS', 'UPPN', 'GKT', 'RMP', 'ST', 'ZZCMBG', 'PCAG', 'IAR']
['FS', 'PUQKP', 'QBNQF', 'YSEKHP', 'BBSCG', 'ZS', 'SPSM', 'EGCCZ', 'XL', 'RWCHAF']
['XJA', 'RRSCI', 'GU', 'NQNU', 'TZPSJ', 'DY', 'GLI', 'EMOM', 'RFEVG', 'Y', 'BIYQCY', 'ABZOZ', 'SU', 'DAC', 'UHN']
['GTRVNI', 'AHV', 'MEZVS', 'DKC', 'QREUG', 'SMIRZ', 'MQTP', 'OKCPU', 'VXYYL', 'OITV', 'NTH', 'OE', 'HQYNX', 'HRV']
['TTXZDL', 'CRE', 'QS', 'NFL', 'QI', 'DUJCM', 'J', 'RADV', 'JNAGC', 'WRLAGX', 'ZZO', 'CKB', 'VQJV', 'HECKTM', 'MAUNXC']
['JRW', 'KABWQD', 'CFQ', 'KEJ', 'HUR', 'UAAFO', 'VOPR', 'QPHW', 'BTJV', 'CRAMW', 'RF', 'FCN', 'XDFYNF']
['KWKJX', 'XDF', 'TD', 'A', 'BEZW', 'RKAMR', 'GBTCV', 'QIDDC', 'YDH', 'URWYI', 'OJQR', 'MPPY', 'FQ', 'FTVSYI', 'YN']
['LMDB', 'FRRXC', 'RBQF', 'AIGG', 'YOIOT', 'LKZT', 'VVEY', 'KOXT', 'ME', 'AXNTN', 'GDUI', 'ZWFX']
['UMU', 'ABMO', 'LI', 'LVJVBN', 'JFE', 'GZZ', 'UWHOPP', 'HGHPUD', 'VX', 'PCHZW', 'NYNO', 'QWMUG', 'DEFB']
['HD', 'OVHY', 'ZHF', 'CBVM', 'FVEOMN', 'SIUEM', 'QDA', 'LHK', 'DI', 'HFGUWD']
['TRNWAE', 'LWSFT', 'ZCVW', 'XR', 'UJTRG', 'NIA', 'NJIWI', 'OMBK', 'BVI', 'ICM', 'JU', 'B', 'DZW', 'MULG']
['CDCD', 'BE', 'QYO', 'LHQ', 'GPWG', 'RZWBQ', 'KPXECX', 'GG', 'ZP', 'FO', 'VK', 'KEK']
['UW', 'SZFE', 'DVL', 'ZGJOG', 'RQXZE', 'W', 'KDH', 'VJR', 'WQWBQ', 'GNWAP', 'WX', 'HPV', 'LP']
['MFYA', 'BVRU', 'IWLH', 'PGTGW', 'PK', 'KMCY', 'UAJOX', 'XSV', 'QYGM', 'UFMNWB', 'ICUXOW', 'JVN', 'VZDU']
['BMW', 'GJG', 'NQI', 'SH', 'FCW', 'LRGJ', 'ICJDE', 'YUBU', 'XOKO', 'DYKA', 'UXZEDF', 'VXJA', 'ZARFVS', 'DYYT', 'YQGH']
['OS', 'QCY', 'GLPFDA', 'C', 'CBM', 'HMWLSN', 'MQR', 'ZQ']
['DDA', 'DZMIAZ', 'JAQSYZ', 'OEKEWW', 'CBI', 'QT', 'TOAIW', 'BY', 'TWQKH', 'AODSNC', 'LQJKLH', 'AGOVWE', 'OFNJXS', 'RC']
['VOGY', 'IM', 'UK', 'MDP', 'RBLO', 'ATAU', 'XOQT', 'ELCMCJ', 'QVMBU', 'LGXG', 'MPHP', 'CZD', 'AVF']
['WNFWJ', 'IO', 'DVBB', 'INEQYV', 'PEFUXT', 'MLEDX', 'PNDPR', 'JMXZ', 'UCIREG', 'DZNGGC', 'JXCGEA', 'VWT']
['KVF', 'ZGYY', 'MMKT', 'FN', 'TTVR', 'FLESMK', 'ULPW', 'VUM', 'AOOX', 'KDS', 'MA', 'BHG', 'IZ', 'XRQVFG', 'MM']
['IBEEG', 'BS', 'RGFRV', 'WVQ', 'TINNN', 'AJ', 'RROJ', 'S', 'XNHKML', 'ALJGX', 'VP', 'CYLS', 'JRTSXL', 'LXXMN', 'VNM']
['HLPIZ', 'ZBC', 'PTYEFH', 'JD', 'F', 'AFHY', 'AV', 'NRDYW', 'XFQCI', 'XHCNVH', 'IFRVB', 'GO']
['D', 'PNMTS', 'SBHVUO', 'IH', 'DZP', 'CTGL', 'VHIY', 'EUR', 'FB', 'NCCM']
['TPRJ', 'DKI', 'IWQ', 'VH', 'MNZY', 'XQ', 'HMEAT', 'LZKJ', 'MURSB', 'LIHCRY', 'XAXTZP', 'XNBWEA', 'VYNS', 'ERAP']
['MKF', 'QDB', 'UP', 'CRBE', 'PD', 'EV', 'MK', 'MIHSET', 'CTLR', 'OTIA', 'QSRGJZ', 'LZ', 'YCNGLS', 'WKV']
['BFHD', 'WGA', 'DO', 'MGQVC', 'EBKGGP', 'DXIM', 'EXDJ', 'JKLZC', 'WEF', 'RFWFI', 'BICTN', 'EEO', 'HIDSH', 'VEW', 'QQ']
['DIEGC', 'SWYV', 'XAQJC', 'AEQBYO', 'GGML', 'JKBPRG', 'QCFSUQ', 'KXJ', 'ZGA', 'LXMKI', 'LIO']
['BDL', 'ROD', 'XAQK', 'GKSLPF', 'WCQSF', 'WQ', 'EOQ', 'TC', 'YZLB', 'NXRYEZ', 'RBTT', 'ASVIRM', 'QKFKPY', 'WCXA']
['QF', 'AKXN', 'RWELAF', 'PPVLEY', 'QICRNV', 'NAUX', 'ORL', 'UFMJ', 'HW', 'OURYH', 'RHVNLM', 'DMJP', 'IWH', 'JJV']
['KFVRBD', 'X', 'WEFEWV', 'JMFXDQ', 'RJMGB', 'RNIWL', 'NTRWJU', 'YTL', 'DBW', 'ITZFQK', 'WSQU', 'JALH', 'PODI', 'MXOVAA', 'LXM']
['EYNMW', 'PXOAD', 'FSM', 'XJJEMP', 'EOIEQ', 'RHAL', 'NHEI', 'JTVA', 'KKVM', 'FVXRX', 'DVFGAY', 'QCK']
['LNLI', 'G', 'LJSQVB', 'DLOP', 'CVPVRF', 'DU', 'QJVMSO', 'GPMB', 'K', 'MIKOWM', 'YEXGF', 'UBYO']
['KXVNLD', 'XB', 'IQYALQ', 'YP', 'LNTTE', 'JMIRVA']
['WFFDC', 'GBPB', 'NCEVSG', 'IVAVSM', 'BUNPYK', 'NQAC', 'DDUKO', 'ULYZYS', 'QC', 'ENJGYD', 'DYZXC', 'WFKJ', 'WFOM', 'LJLWU']
['LZPU', 'NCRT', 'GLP', 'PDBQ', 'UKG', 'ATKT', 'RY', 'LVN', 'OFZMDV', 'IDWS', 'HUJEHQ', 'HEJ']
