['FF', 'QL', 'BKD', 'SW', 'NR', 'BT', 'IJ', 'BDR', 'VO', 'RW']
['YY', 'EA']
['GL', 'BDM', 'ZX', 'BEM', 'SN', 'BDS', 'WX']
['XT', 'OZ', 'MC', 'BKE', 'JC', 'PL', 'SI']
['CF']
['BMG', 'NS', 'RQ', 'MW', 'FE']
['JS', 'PD', 'QP', 'EV', 'XA', 'JT', 'TV', 'EQ', 'UY', 'T', 'BS', 'CJ']
['BFF', 'RN', 'PG', 'BLR', 'ZG', 'LO', 'LG', 'GE', 'SK', 'BFU', 'SJ']
['HY']
['FT', 'ZO', 'OK', 'IY']
['HG', 'BLO', 'HX', 'WK', 'BAG', 'ZI', 'BGW', 'BHE']
['BJG', 'BIN', 'NO', 'LD', 'BDH', 'PX', 'MS']
['RD', 'YX']
['ET', 'BCZ', 'MR', 'BAD']
['OU', 'RY', 'BEW', 'YV', 'OS', 'KA', 'GN', 'FQ', 'C', 'UA', 'BX']
['RC', 'XQ', 'BFJ', 'BGQ', 'BJM', 'BKF', 'BHG', 'VR', 'SL']
['L', 'OY', 'BH', 'KF', 'PC', 'BF', 'BHC', 'BAJ', 'SS', 'CT', 'BJR']
['ZU', 'FN', 'UJ', 'ZV', 'G']
['EP', 'HS', 'BHT', 'JX', 'BDV']
['FU']
['BAI', 'QK']
['TC', 'KX']
['BIH', 'BCC']
['BFH', 'DZ']
['BML', 'OX', 'BDC', 'JJ', 'BBB', 'CI', 'BGE', 'US', 'BIU', 'NB', 'UZ', 'BAE']
['DI', 'OP', 'BJE']
['BAK']
['XS', 'PJ', 'BIM', 'PW', 'SX', 'HC', 'VC', 'BEX']
['OT', 'BO', 'KJ', 'BBF']
['ZY', 'BJY', 'FJ', 'KV', 'BIP']
['LU', 'BDE', 'OJ', 'PH', 'BET', 'JB', 'SP', 'NF', 'KD', 'VQ']
['KT', 'BDD', 'YC', 'BMH']
['XJ']
['BME', 'GF', 'PT', 'PR', 'E', 'FM', 'TP', 'BCN', 'BBY', 'YI']
['RJ', 'BDO', 'HU', 'BGN', 'BJW', 'NV', 'BLN', 'TW', 'BJF', 'BKQ', 'EX', 'LT']
['HJ', 'BIW', 'FS', 'ZA', 'FD', 'TS', 'PY']
['QC', 'RZ', 'BJD', 'WD', 'BBO', 'BCD', 'RF', 'EI', 'BHZ']
['BLM', 'JM', 'BKG', 'N', 'ZN']
['BER', 'PI', 'SE', 'BAT', 'BGG', 'BB', 'TT']
['BKN', 'MH', 'WL', 'DR']
['ZT', 'U', 'MZ', 'BLS', 'FH', 'WF', 'QA', 'SZ']
['BBI', 'IF', 'ER']
['DW', 'KH', 'BZ', 'QJ', 'YW', 'VX', 'BHP']
['BIB', 'RP', 'BLD', 'JQ', 'QZ', 'EM', 'ZJ', 'WI', 'BAC', 'LM', 'SB']
['CW', 'MO', 'BC', 'BGH', 'UT', 'BJB']
['TB', 'MT', 'BY', 'BFW', 'RR', 'JG', 'DJ', 'QI']
['YO', 'HR', 'RU']
['BGU', 'WC', 'DO', 'BHV', 'LJ', 'BFR', 'PV', 'QY', 'BHX', 'BBX', 'MU', 'UF']
['V', 'BCR', 'BMJ', 'GY', 'XN', 'ZE', 'GZ', 'VE', 'XH', 'GI']
['BIC', 'CR', 'TF', 'DX', 'LY', 'BFE', 'QB', 'BAO', 'TI', 'BIJ', 'BK', 'BIV']
['IM']
['FB', 'FK', 'RV']
['ML']
['BJ', 'UP', 'BKZ', 'BCS', 'BCK', 'TA', 'NJ', 'JF', 'MI']
['XP', 'VW', 'ND', 'VS', 'NE']
['M', 'JD', 'BAU', 'YU', 'NH']
['MM', 'IR', 'SQ', 'RX', 'BG', 'FY', 'BIX', 'BMI', 'BEH']
['RH', 'BHB', 'BMC', 'IX', 'XE', 'YJ', 'PZ', 'BFO', 'DM', 'JI', 'ZK', 'BGX']
['TL']
['BIR', 'BDU']
['BCM', 'TU', 'BJS', 'BID', 'BAM', 'MA', 'BGZ', 'NA', 'HV', 'BAN']
['BHH']
['LV', 'BDQ', 'CX', 'VK', 'SF']
['HW', 'BFP', 'PF', 'WO', 'ZP', 'FZ', 'TG', 'OQ', 'CP', 'BV', 'K', 'BGV']
['JK', 'BHR', 'NY', 'IL', 'BGI', 'WV', 'RM', 'OB']
['CA', 'LA', 'DS']
['IW', 'TR', 'BDZ', 'RB', 'ID', 'HQ']
['OV']
['XW', 'HK', 'BD', 'ME', 'UI', 'QN', 'WT', 'BJI']
['BHF']
['KQ', 'LZ', 'H', 'BLC', 'HB', 'BEL', 'HP', 'EO', 'QS', 'BKO', 'DU']
['YB']
['WJ']
['CS', 'EC', 'RS', 'MK', 'BEN', 'KU', 'GQ', 'VY', 'BBT', 'KK', 'I']
['BFQ', 'BKL', 'BMA']
['BEB', 'BIO', 'BES', 'DF', 'BKH', 'BDF', 'YG', 'IS', 'RK', 'BDB', 'RL']
['PE', 'BJN', 'GG', 'IV', 'KI', 'GT', 'QH', 'EY', 'ZZ', 'GU', 'ZS', 'QE']
['ZD', 'GX', 'PO', 'KP']
['BCI', 'ZF', 'BEU', 'KY', 'GV', 'JY', 'GD', 'IE']
['BDP', 'BEE', 'BDA']
['VZ', 'YH', 'FG', 'BBE']
['SG', 'EH', 'BKW', 'KG']
['BEC']
['CG', 'BFL', 'NZ', 'BCO', 'BEQ', 'BIL', 'BAH']
['BKV', 'W', 'QO', 'BKJ', 'XI', 'TN', 'NT', 'BLZ', 'MB']
['IT', 'BEG', 'Y', 'BGB', 'LS', 'LH', 'GA']
['BLX', 'BAV', 'BFI', 'BCW', 'B']
['ZR', 'CH', 'BKI', 'BKY', 'XG', 'UH']
['HO']
['EJ', 'BKM', 'BMK']
['KW', 'JP', 'UO']
['BLI', 'UQ', 'UX', 'YS', 'DA', 'DP', 'XO']
['RG']
['BMD', 'BCA', 'BIZ', 'BCE', 'BIE', 'BHN', 'RA', 'PQ', 'YE', 'VD', 'TD']
['MP', 'BIY', 'BR', 'DT', 'YP', 'BFG', 'BGA', 'BP', 'BLH', 'XY', 'BHY']
['BHQ']
['BDG', 'BGC', 'BCV', 'BW', 'QU', 'JU', 'DQ', 'BED', 'YR', 'D', 'VF', 'GH']
['HI', 'BDN', 'BEY', 'LX', 'PK', 'BFD', 'JW', 'BMB', 'BCY', 'VB']
['YA', 'YF', 'BBP', 'ED']
['J', 'FX', 'DC', 'MF', 'LF', 'DY']
['XX', 'BJQ']
['BBC', 'BBU', 'PB', 'FR', 'NI', 'IA', 'DV']
['EG', 'WP', 'BAQ', 'ZM', 'YD']
['OF', 'BLL', 'BDI', 'SC', 'BJL', 'BIS', 'II', 'KO', 'VT', 'FL', 'ZL', 'YL']
['ZB', 'QF', 'SY', 'BHO', 'LB']
['HE']
['SV', 'CU', 'P', 'KB', 'WQ']
['TQ', 'MN', 'WM', 'BBL', 'LN', 'QM', 'BLY']
['YZ']
['SD', 'OW', 'TM', 'BLJ', 'XR', 'Z', 'PM', 'BLP', 'LC', 'WN', 'NC', 'BKP']
['VV']
['BGO', 'EB', 'FO', 'BGD', 'BCJ']
['JZ', 'BHW', 'QW', 'OD']
['UB']
['IQ', 'VP', 'QT', 'S']
['ON']
['VL', 'EW', 'BKB', 'BFC', 'SU', 'CE', 'HN', 'UD', 'BGT', 'BFS', 'BAX']
['BLV', 'QD', 'BJP', 'FP', 'GM', 'BA']
['BMF']
['BL', 'YN', 'ZQ', 'BHK', 'HA', 'NP', 'BLQ', 'BI', 'BCB', 'BKA', 'XB', 'MY']
['BCX', 'BFX', 'BE', 'JL', 'YM', 'BFA', 'LW']
['BAF', 'BHL', 'IB', 'BFV', 'IH']
['CK']
['SR', 'OO', 'OC', 'BBK', 'WB']
['GS', 'DK', 'VM', 'IC', 'BCH', 'HD', 'MX', 'BHD', 'BJA', 'EN']
['BDY', 'BCF', 'BJU', 'GR', 'BBW', 'XZ']
['NU', 'NM', 'BAP', 'BFK', 'BLG', 'BJK', 'BHI', 'VA', 'BKC', 'UE', 'BFZ', 'LQ']
['VU', 'GO', 'MQ', 'BJO', 'IP']
['KL', 'DH', 'SM', 'DN', 'BIG', 'GK', 'WU']
['BFT', 'NX', 'BDK']
['BBV', 'BKU']
['XU', 'BBG', 'TZ']
['WH', 'OH', 'BBR']
['BGS', 'CY']
['KS', 'WS', 'JH']
['BJT', 'BFM', 'PP']
['BGK', 'UG', 'BGJ', 'TH', 'TX', 'CL', 'JO', 'CB', 'RT']
['BDW', 'DD', 'EZ', 'O', 'BM', 'BAB', 'FC', 'EU', 'GJ']
['CD', 'TE']
['HT', 'UL']
['BCT', 'BU', 'LE', 'RE', 'QR', 'SH', 'XC', 'BFN']
['BEA']
['YK', 'SO', 'BEK', 'BEP', 'UR', 'BBZ', 'UU', 'IU', 'BDX', 'BAA', 'MV']
['NL', 'CO', 'X', 'PN', 'BAR', 'BIK', 'FV', 'JV', 'BLF', 'EE']
['BAZ', 'CN', 'XV']
['RI', 'LL', 'BJH', 'IK']
['BIA']
['NK', 'UN', 'DG', 'GP', 'BBA']
['RO', 'TO', 'XD', 'DB', 'ZH', 'TY', 'QV']
['ES', 'HF', 'WA', 'BGY', 'BLE', 'BLT', 'KZ', 'OG', 'BGF', 'KM']
['BKK', 'CV']
['QG']
['BKS', 'BAY', 'JN', 'BHS', 'WE', 'JA', 'ST', 'BHU', 'BEI', 'QQ', 'BFY']
['Q', 'CC', 'KR', 'BBH', 'A']
['BCP', 'OE']
['XF', 'OA', 'NW', 'LI', 'VJ', 'F', 'BLU', 'IZ', 'BGL']
['SA', 'WZ']
['HH', 'ZW', 'CZ', 'BHM', 'UC', 'BDJ', 'BIT']
['HZ']
['DE', 'IN', 'IG', 'VN', 'BCG']
['BBS']
['UW', 'BLB', 'GC', 'BLW', 'HM', 'GW', 'BHJ']
['VH']
['BFB', 'BLA', 'WY', 'XK', 'BGR', 'UK', 'BLK']
['BIQ']
['MG', 'BKT', 'BQ', 'BBQ', 'MJ', 'WR', 'BAW', 'IO', 'BII', 'EF', 'BIF', 'OM']
['EK']
['OR']
['BEJ', 'BGM', 'FW', 'BEF', 'BJC']
['NN', 'NQ', 'BBN', 'DL', 'BDT', 'BAL', 'FA', 'BDL', 'BBD', 'NG', 'BJJ']
['R']
['LK', 'PU', 'LR', 'BEZ', 'TK', 'BBJ', 'WW', 'OI']
['BKX', 'KE', 'BHA', 'BEV', 'BKR']
['YQ', 'XM', 'TJ', 'XL', 'BGP', 'BJZ', 'OL', 'BCU']
['BBM', 'ZC', 'BCQ', 'GB']
['VG', 'BN', 'PA', 'HL', 'BEO', 'PS']
['WG', 'EL', 'BJX', 'UM', 'MD']
['CM', 'VI', 'BAS', 'FI']
['QX', 'KC', 'KN', 'BJV', 'YT', 'CQ', 'JR', 'BCL', 'UV', 'LP', 'JE']
