['6', '63', '70', '134', '160', '166', '182', '198', '230', '262', '294', '351', '358', '390', '486', '518', '557', '627', '646', '678', '683', '703', '710', '754', '787', '799', '900', '909', '966', '988', '998']
['0', '32', '92', '96', '128', '224', '288', '334', '352', '384', '433', '448', '480', '509', '512', '532', '576', '603', '630', '640', '641', '672', '736', '768', '783', '832', '872', '920', '954', '960', '982', '992']
['20', '52', '116', '144', '150', '180', '212', '240', '276', '303', '308', '372', '392', '402', '404', '468', '496', '500', '564', '596', '639', '653', '660', '756', '770', '788', '791', '807', '809', '815', '854', '916', '980']
['24', '64', '69', '80', '151', '156', '169', '175', '216', '348', '416', '441', '495', '529', '543', '549', '651', '699', '775', '792', '842', '888', '903', '917', '924', '927', '935', '956', '963']
['4', '48', '56', '88', '168', '184', '189', '222', '238', '249', '253', '256', '286', '318', '337', '344', '376', '393', '414', '562', '574', '628', '652', '728', '806', '814', '840', '856', '886', '964']
['196', '239', '243', '245', '267', '353', '357', '371', '385', '417', '421', '449', '450', '461', '478', '481', '577', '622', '666', '673', '700', '712', '761', '767', '818', '845', '869', '897', '961']
['8', '29', '61', '66', '84', '93', '200', '221', '226', '258', '281', '290', '317', '349', '381', '418', '445', '477', '514', '573', '605', '637', '663', '738', '797', '819', '861', '866', '893', '919', '930', '962', '997']
['27', '91', '119', '123', '187', '194', '219', '251', '283', '293', '315', '321', '347', '379', '405', '411', '443', '458', '475', '507', '539', '565', '635', '667', '763', '827', '859', '868', '891', '901', '955']
['22', '25', '39', '45', '57', '72', '89', '127', '217', '309', '377', '391', '424', '505', '537', '544', '555', '601', '629', '681', '688', '697', '748', '781', '793', '795', '885', '911', '921', '925', '933', '981', '985']
['71', '86', '232', '260', '336', '359', '368', '394', '398', '465', '466', '502', '516', '533', '560', '569', '679', '684', '704', '719', '726', '735', '747', '757', '765', '808', '833', '852', '871', '931', '950', '957', '979']
['5', '28', '37', '101', '103', '133', '220', '252', '284', '295', '316', '325', '375', '412', '479', '498', '519', '540', '581', '592', '645', '668', '677', '693', '709', '764', '773', '805', '858', '948', '970', '996']
['15', '38', '44', '87', '102', '172', '215', '264', '279', '300', '311', '343', '400', '407', '422', '471', '503', '535', '547', '599', '610', '614', '620', '631', '656', '695', '779', '843', '846', '855', '951']
['98', '130', '162', '191', '205', '209', '210', '229', '306', '320', '380', '409', '451', '515', '521', '567', '594', '608', '694', '708', '729', '749', '759', '769', '800', '801', '867', '877', '883', '895', '896', '902', '994']
['23', '100', '122', '328', '355', '386', '403', '435', '436', '439', '452', '548', '550', '554', '604', '611', '636', '675', '698', '766', '776', '798', '804', '823', '826', '882', '887', '890', '922', '946', '958', '983', '989']
['9', '18', '41', '50', '73', '82', '107', '114', '146', '178', '201', '203', '233', '265', '297', '326', '338', '457', '523', '553', '584', '626', '649', '690', '713', '742', '745', '841', '850', '880', '905', '937', '972']
['26', '30', '58', '85', '94', '126', '158', '190', '254', '274', '304', '350', '378', '382', '446', '474', '510', '606', '638', '670', '702', '724', '730', '734', '790', '862', '894', '926', '943', '993']
['124', '188', '444', '470', '476', '796', '828']
['2', '13', '77', '109', '111', '141', '173', '237', '247', '301', '333', '365', '395', '397', '429', '489', '493', '511', '525', '546', '572', '589', '621', '642', '674', '685', '717', '722', '785', '813', '864', '939', '941']
['11', '31', '43', '54', '60', '75', '139', '159', '171', '214', '223', '235', '255', '287', '298', '299', '310', '319', '363', '370', '459', '575', '587', '607', '619', '715', '857', '863', '907', '910', '959', '971', '987']
['90', '95', '112', '125', '154', '157', '186', '218', '250', '275', '282', '285', '314', '323', '346', '410', '413', '492', '506', '538', '563', '570', '595', '602', '616', '634', '654', '744', '794', '812', '822', '884', '986']
['7', '115', '135', '147', '176', '199', '231', '246', '278', '307', '364', '423', '487', '534', '551', '566', '583', '598', '615', '658', '662', '707', '711', '743', '758', '782', '810', '834', '839', '918', '999']
['21', '49', '53', '113', '117', '143', '149', '167', '181', '213', '277', '335', '339', '341', '373', '374', '437', '453', '463', '469', '491', '497', '725', '789', '853', '892', '913', '928', '938', '945', '949', '965', '977']
['3', '19', '47', '51', '83', '131', '163', '179', '195', '211', '227', '259', '271', '291', '354', '438', '442', '483', '541', '571', '597', '661', '720', '755', '771', '803', '811', '835', '837', '851', '914', '969', '975']
['36', '68', '106', '132', '185', '208', '228', '292', '313', '324', '356', '366', '388', '420', '427', '484', '499', '580', '612', '676', '721', '753', '772', '784', '802', '816', '836', '848', '923', '932', '934', '944', '984']
['16', '76', '79', '120', '152', '170', '207', '248', '280', '312', '399', '408', '431', '440', '472', '508', '527', '536', '559', '568', '591', '600', '623', '632', '664', '687', '751', '824', '847', '849', '879', '899', '953']
['10', '42', '138', '202', '234', '263', '266', '330', '362', '367', '419', '426', '490', '504', '561', '617', '618', '624', '655', '669', '682', '714', '723', '732', '746', '778', '830', '874', '875', '906', '952', '973', '978']
['40', '97', '104', '136', '244', '270', '296', '305', '322', '340', '389', '456', '488', '501', '520', '531', '552', '579', '644', '648', '680', '686', '692', '696', '701', '706', '718', '762', '825', '860', '873', '915']
['12', '99', '105', '137', '165', '183', '242', '261', '269', '327', '329', '331', '425', '454', '485', '517', '528', '613', '633', '647', '650', '659', '671', '727', '777', '820', '821', '829', '870', '889', '967', '990']
['108', '118', '140', '142', '164', '174', '197', '204', '236', '268', '302', '332', '396', '401', '428', '460', '462', '467', '524', '526', '556', '558', '588', '590', '691', '740', '741', '780', '844', '898', '936', '968', '974']
['1', '14', '33', '46', '55', '59', '65', '74', '78', '110', '129', '148', '155', '161', '193', '206', '225', '257', '272', '289', '434', '513', '545', '582', '609', '705', '731', '737', '865', '876', '878', '904', '942']
['17', '35', '67', '81', '145', '177', '241', '273', '342', '360', '361', '369', '383', '464', '585', '586', '593', '625', '643', '657', '689', '733', '739', '760', '817', '831', '881', '929', '947', '976', '995']
['34', '62', '121', '153', '192', '345', '387', '406', '415', '430', '432', '447', '455', '473', '482', '494', '522', '530', '542', '578', '665', '716', '750', '752', '774', '786', '838', '908', '912', '940', '991']
