['193', '196', '207', '208', '209', '287', '488', '489', '490', '491']
['115', '117', '486', '487']
['13', '250', '251', '252', '255', '315', '317']
['58', '359', '406', '407', '408', '409', '410']
['22', '102', '253', '254', '259', '261', '264', '368', '498']
['210', '436', '437', '439', '443']
['47', '48', '49', '348', '403', '404', '469', '470', '471', '472']
['306', '307', '308']
['155', '159', '161', '168', '235', '375', '376', '377', '378']
['15', '17', '268', '269', '270', '271', '272', '274', '339', '341']
['0', '1', '5', '425', '426', '427', '428', '429']
['183', '273', '331', '332', '333', '335', '451', '453', '454']
['130', '172', '173', '200', '202', '242', '312', '313', '314', '316']
['2', '3', '4', '380', '388']
['201', '203', '204', '257', '258', '260']
['76', '309', '379', '432', '433', '435']
['105', '112', '113', '114', '116', '137', '139', '141']
['43', '52', '53', '54', '249', '417']
['100', '101', '103']
['16', '219', '220', '221', '222', '223', '224', '231', '233', '234']
['78', '79', '84', '86', '282', '283', '284']
['459']
['25', '28', '30', '36']
['286']
['50', '55', '56', '63', '175', '180', '182', '184', '185', '186']
['140', '142', '355', '360', '361', '363']
['156', '157', '158', '381', '383', '385']
['73', '74', '356', '357', '358', '440', '441', '444', '445']
['205', '275', '342']
['166', '239', '364', '369', '372']
['75', '77', '80', '81', '160', '197', '198', '199']
['51', '218', '334', '336']
['9', '19', '20', '21', '23', '24']
['164', '370', '371', '373', '374']
['153', '216', '386', '387', '389', '390', '391', '397', '398', '431']
['217', '232', '266', '446', '447', '448', '449']
['82']
['131', '138', '181', '187', '188', '189', '191', '365', '367']
['194', '195', '206', '211', '212', '213', '214', '215']
['344', '345', '346', '347', '349']
['62', '64', '65', '66', '400', '401', '402', '405']
['37', '38', '39', '40', '125', '337', '338', '340', '474']
['190', '192', '229', '298', '362', '366']
['59', '69', '70', '71', '72', '93', '94', '96', '98']
['176', '177', '179', '228', '236', '243']
['325', '326', '327', '328', '329', '330', '468']
['134']
['57', '60', '61', '481']
['480']
['6', '7', '8', '10', '87', '88', '89', '300', '305']
['104', '280', '281', '288', '289', '290', '291', '292', '450']
['97']
['267', '382', '384']
['248', '456', '462', '463', '464', '465', '466', '467']
['90', '91', '148', '492']
['95', '99', '143', '144', '145', '146', '147', '149', '452']
['434', '475', '476', '477', '478', '479']
['150', '151', '152', '154', '276', '277', '278', '279']
['174']
['225', '226', '227', '285', '423']
['392']
['67', '109', '111', '118', '119', '163', '393', '394', '396', '399']
['310', '415', '416']
['169', '170', '171', '321', '323', '324', '442']
['26', '27', '29', '178', '293', '311', '318', '319', '320', '322']
['121', '123', '162', '165', '167', '411', '412', '413', '414', '418']
['18', '44', '45', '241']
['31', '32', '33', '34', '35', '351', '352', '353', '354', '458']
['41', '106', '107', '108', '110', '395']
['42']
['256', '262', '263', '265', '350', '430', '438']
['83', '85', '120', '122', '124', '132', '133', '135']
['11', '12', '14', '473']
['343']
['244', '245', '246', '247', '493', '494', '495', '496', '497', '499']
['68', '126', '127', '128', '129']
['92', '419', '420', '421', '422', '424', '482', '483', '484', '485']
['46', '301', '302', '303', '304']
['136', '230', '237', '238', '240', '294', '295', '296', '297', '299']
['455', '457', '460', '461']
