['289']
['408']
['482']
['450']
['316']
['439']
['168']
['452']
['1', '4', '6', '7', '8', '10', '17', '19', '22', '27', '28', '30', '31', '34', '35', '36', '40', '43', '48', '49', '51', '54', '59', '61', '62', '66', '67', '70', '81', '85', '90', '91', '95', '102', '108', '110', '111', '113', '116', '117', '120', '121', '123', '126', '129', '133', '139', '142', '143', '145', '148', '151', '153', '154', '155', '156', '169', '170', '171', '172', '173', '176', '179', '180', '182', '183', '187', '188', '189', '196', '198', '200', '204', '206', '207', '214', '215', '216', '222', '223', '224', '228', '230', '231', '232', '233', '234', '240', '242', '243', '247', '248', '250', '253', '261', '262', '263', '265', '266', '270', '273', '276', '277', '281', '283', '285', '290', '291', '294', '295', '297', '299', '306', '308', '310', '318', '319', '320', '321', '328', '329', '330', '333', '334', '335', '336', '337', '339', '341', '343', '345', '348', '349', '350', '356', '357', '360', '371', '373', '375', '378', '379', '381', '387', '391', '392', '393', '397', '398', '402', '411', '414', '415', '417', '419', '424', '425', '426', '428', '431', '434', '436', '442', '443', '449', '454', '457', '458', '461', '465', '468', '469', '471', '472', '477', '478', '483', '486', '487', '488', '489', '490', '492']
['495']
['354']
['167']
['284', '470']
['304']
['12', '26', '42', '58', '71', '75', '84', '97', '114', '127', '130', '141', '149', '174', '199', '220', '302', '317', '386', '389', '404', '420', '446', '448', '467', '476', '481', '498']
['184']
['162']
['251']
['229']
['112']
['340']
['399']
['409']
['322']
['405', '496']
['287']
['74', '100', '278', '380', '407']
['430', '438', '451']
['463']
['68']
['53']
['344']
['89']
['369']
['107']
['78']
['239']
['435']
['15']
['165']
['33']
['403']
['192']
['203']
['86']
['301']
['459']
['55']
['445']
['311']
['132']
['93']
['313']
['323']
['422']
['21']
['217']
['138']
['134']
['208']
['432']
['332']
['60', '136']
['406']
['202']
['205']
['5', '14', '18', '23', '32', '41', '46', '65', '69', '72', '73', '98', '105', '106', '115', '118', '137', '140', '146', '147', '175', '177', '178', '190', '194', '212', '218', '226', '227', '237', '238', '241', '259', '268', '271', '274', '280', '282', '286', '296', '309', '315', '347', '351', '353', '355', '358', '359', '365', '368', '372', '376', '382', '388', '401', '413', '421', '444', '453', '456', '462', '466', '475', '484', '497']
['191']
['2', '24', '25', '38', '44', '47', '50', '52', '56', '63', '64', '76', '77', '79', '82', '83', '87', '92', '94', '101', '109', '122', '124', '125', '135', '150', '152', '158', '159', '164', '166', '185', '186', '193', '195', '197', '209', '210', '213', '219', '225', '236', '246', '249', '256', '258', '260', '267', '269', '272', '279', '288', '292', '298', '303', '312', '314', '324', '325', '326', '338', '342', '346', '364', '366', '367', '374', '383', '384', '385', '390', '394', '395', '400', '410', '412', '418', '423', '429', '437', '440', '441', '447', '464', '474', '479', '480', '485', '491', '493', '494']
['29']
['455']
['362']
['16', '96', '128', '244', '257', '361', '460']
['119']
['88']
['307']
['252']
['39']
['103']
['416']
['300']
['473']
['327']
['160']
['104']
['500']
['163']
['235']
['305']
['211', '352']
['255']
['221']
['144']
['80']
['20']
['131']
['3', '9', '11', '13', '37', '45', '57', '99', '157', '161', '181', '201', '245', '293', '331', '363', '370', '377', '396', '427', '433', '499']
['264']
['254']
['275']
