['75FD35', 'FC18D5', 'FAD62F', '2E07B1', 'DDCFD0', 'ED8BA3', 'E8F10C', '072F7C', '1884D1', '7FD9F3', '107AE3', 'B11AFD', '2193BC', 'DE7A88', '6954BC', '3AD5AF', '9AC33C', '8E9F36', '6DC908', '0551E4']
['8F5D3D', '70591F', '4A7BD4', 'EF6AC9', '3E7572', '40A265', 'ACAF5B', 'D9008A', '900972', 'A366A3', '87B9A1', '58AA7E', 'D212D8', '72AEE2', 'F0EF55', 'D7BAF8', '1EF2C0', '050755', '76859D', 'F29568']
['190A16', '00FE8E', 'E5FA4C', '3AA1D0', 'CD4EE2', 'CDF4D0', '7DA6ED', '6F08B8', 'FFEF97', 'BE007C', 'FCB0B1', 'E6554B', '546905', 'F96372', '167BF9', '25C12B', '82B9D6', '504599', '296950', 'C539DA']
['4BEAA8', '3E9EC5', '64AB96', '8CE750', '642B0E', '06BCBD', 'D8AF89', '60E348', 'CFBFCE', 'E23DD5', 'CB9E0F', '876381', '2B9A39', '98BB64', 'D9126C', '9353B5', 'CCCB2C', 'D6B361', '97710D', '1AAF3F']
['63E927', '1E6481', '280EB5', 'B81B38', '3B31CD', 'F6E8F5', '75B5C7', '69C438', '5E0297', '93679A', '89D1DA', 'A0A341', '99767B', '4EC392', '162D2B', 'C9809F', '9AACC7', '3B32B8', 'E2112B', '76A32A']
['223FE2', 'B0C48A', '1A38DA', '1F3A59', '7774E0', '98EDDE', 'C75F0A', 'F18AC9', '082B08', '531ABE', '679AC9', '2478BE', '5B7555', 'E75414', 'D8B4B3', '55CCC8', 'E5E763', '80C664', '8B823D', 'BBD65F']
['841AB6', 'FEB03E', '67A219', '190D3E', 'CBB276', '38B1BF', '36C7CB', '72155E', '3B8280', '3C94CF', 'D8ADAB', '474359', 'B94E1C', 'F9D4F2', 'D46B33', 'FB89A6', '9725D2', 'B8C245', '96E01C', '5F9BF4']
['4B6D90', '3E12A4', 'CD9F8E', '45DD45', '5627B9', 'ABA340', 'EB1689', 'E17D1E', '0E0621', '595697', '1771FB', '08581B', '245AE0', '0B4E3F', '731D43', 'BD7603', 'D5C0D6', '01AF84', '4C8691', '622A24']
['AD30B1', '8F6917', 'DC366B', '8073AA', '4B5052', '197860', 'DD8183', '265554', '7A7EFA', '0AC38B', 'AC005F', 'FF5526', '03900B', '872FB4', 'E11E95', '5DB845', '94CDAA', '46AC52', '7D6ABE', '8D59DD']
['695D06', '85F06F', 'ABB7E1', '019523', 'F6FD02', 'F87A8C', 'A439E5', 'A80B9C', 'DFE830', '601545', 'EABD10', 'E1416D', '4ABFDE', '350AEE', '161A8B', '12B065', '54F50F', '63B3F9', 'BC5257', '63F31C']
['7BEE85', 'EF9229', '213FEF', 'F7F468', 'FB8C79', 'BACB6C', '389EF7', 'A2F670', '19DF3C', '57E8F8', '9668A1', '519BB1', 'E9C0DB', 'D3F62D', 'DCD046', '144C54', '707A9A', '9E88CA', 'D1F58A', 'A65150']
['F6D914', '54FD50', '874D87', 'F3B7E8', '550D13', '0DF355', 'DEA774', 'F3C1D1', '15B633', 'D1C86D', 'F91C0D', '9205E9', '3C4F97', 'B84363', '2F50D4', '108A86', '63F8CA', 'E16AC8', '13EC64', 'D31AE4']
['98C570', 'BDE56F', '1CAAA7', 'E1607C', '0D4721', '446164', '3A4A63', '5D51EE', '428AF7', '79982A', 'EB6336', '0B3657', '531609', '9C1F1E', '11256D', '110CAE', 'AD4751', '4F8B74', '7DA204', '8FAADE']
['DA15B6', '383C1E', 'EF8B29', '0CCD83', '704C3B', 'AAF5FB', '278048', '9B0CD1', 'B0DDCF', '590A13', '42D323', 'D18846', '55901D', 'AA7CF0', '0D6B75', 'B25ED9', '115A9F', '36B749', '0250B9', '0E9C0C']
['1050A1', '521A90', 'DAF215', 'ACD48B', '97D16E', '4791F8', '4E7A07', '3ADA19', '87148B', 'D8E8AC', 'B41BDE', 'F2E2E2', 'EF9F5B', 'BDE1BC', '4446DE', '98417C', '8B3632', '29B795', '922412', 'A37D21']
['B55315', '805660', '3273D8', 'C91A6D', '824DEE', '8466F4', 'FB1695', '232EA3', '5DB63B', 'BE1052', 'E4BD2F', '945560', '436BBD', 'C6B0AC', '3B2F64', '181309', '6EE783', '16BE2F', 'CDE5BD', '9CF26F']
['096240', 'FF1F95', '32FB9A', '9CFE0D', 'D42BCD', '22C20B', '916CFB', '051447', 'A991D3', '7D01B0', '242129', 'A6A244', 'A6D718', '038EC0', '318630', '01DEB5', '236007', 'DA58DF', '5DDCD0', '64CAE8']
['C58A5B', '2B7BA7', '632E21', 'D96F17', '642633', '0C32D9', '703C81', 'D61775', '5B428C', '40DBB5', 'B6828A', 'C5983E', 'C1CF9D', 'FD7848', 'BB1A0C', '861C1A', '849FA0', 'D24969', 'FD4C3F', '345303']
['11D5A0', '2AC4B2', '6C367E', '07FD3B', '5399B6', '5363FB', '8BCB1E', 'C767C4', '77A111', '1ACEA4', '9536C0', '34E68B', 'D68800', '1A550D', 'A206B6', 'DFD9A5', '05392F', 'CAE9BF', '217474', '2B4454']
['09649D', 'DE6D3F', '77482F', 'B4A785', '10C212', '9BAD1B', '4553A6', '299301', 'A02C94', 'E487A0', '5044AF', 'E35C77', '1EDF33', '828A27', 'B4D19E', 'E4F6D3', '8BB297', '184840', '439661', '50B2FA']
['E21A9D', 'B407F0', '3D0320', 'BCFA2A', 'E0AB16', 'C2EA00', '46CA45', '0726F7', 'BB54FA', '204555', '46FB99', '680425', '1EEDD4', 'EE4272', 'F7F7C4', '398249', '190714', 'E2FDE6', '66A26C', '22C96E']
['4BC891', '8045AB', '785097', 'BB45E2', '472DE0', 'AFBC2C', '9BAA32', '5832FE', 'F6A1FE', '580B97', 'D7C29A', '56F6B3', '58B63E', 'E72455', '48CF34', '1992E4', 'DF1B1B', 'C16E96', 'E47E78', 'F9A562']
['166144', 'B30209', '02C6C3', '3ED06E', '19CD8A', '74A63D', '804C51', '198719', '6E736A', 'DE8EFA', '3B4E98', '267E07', 'D69006', '539D6E', '319747', '5C7ADA', '726911', '9DE436', '5B51BE', '011BD7']
['C84BA1', 'E89217', '5CE483', 'CB5628', 'FFBA75', '2355FE', 'F8FB71', '010A8E', 'B2B759', 'AC2467', '465C65', '395EFD', '3BB975', '74013D', '085771', '3DD364', 'BC2DF6', '866153', '24D77E', 'AF1E12']
['709407', 'CBDD58', 'F16F4A', '8BC31C', '24905F', 'E07033', '8CAEAC', 'AEAE5D', 'D3A127', '050F79', '0DAAED', '2E1A70', '5D2F55', 'B2393E', '5CE804', 'A75FAD', '357F5C', '5CEBC7', '0F2085', 'AFACEA']
['4DFAA5', '6FAC22', 'CC66E7', 'F1B6B4', '79FD51', 'DFDF35', 'D767A6', '8D18EB', 'ABAEBE', 'C77820', '15E761', '7AD05F', '8C0368', '7312E1', '3FE84E', '16C01C', 'BFCF1E', '8EF45E', '365F29', '9894EC']
['91E2DB', '667724', '4AF14D', '2C4E8D', '647775', 'C8B2D1', '5865B9', 'B3ADBE', '8FF82D', 'D28790', '4DB13D', '6F6150', 'C41C13', '3B2B82', '41182D', '0D4B21', '2ECB91', '39950D', '69E65E', 'A33032']
['1DA671', '75800D', '50AF7A', 'C78D01', '8F4B2A', '1C498A', 'B93AFC', 'CC92A0', '85F08F', '0F884F', '93350D', 'FE82CE', 'A947FC', '47F582', 'D668C6', '0E9CE4', 'B012D7', 'FB6D61', '816FFB', 'F13656']
['610C7F', 'DC4B9C', '37ED7B', '03C0BF', 'A7D95D', '3658E6', '664C7D', '27C736', '01C721', 'ED8DEE', 'B16767', 'A1F0D5', '23133D', '5FDD46', '7795A9', '9E2E77', 'C2171A', '593ABC', '00FFD9', 'E1E1DA']
['FCBA61', 'F43598', '3BEA3A', 'D670D6', '40F15B', '2D0A40', '04F658', '4F7C41', 'F6F022', '506DA8', 'FEFBEB', '9FF47C', 'A52469', '22BF50', '25D4A2', '16251E', 'EEF437', '9C42F7', 'D8CD3A', 'F7C362']
['A3A90E', '59BAFE', 'E32AD7', 'D6290D', 'A9310F', '2D574D', 'D0C3F4', '750C4E', '882A47', 'B392EB', 'FBC777', '23F925', '8C1B87', 'EA9838', 'D4FAA1', '78C00D', '6EC7AE', '4CA6E4', '5F9367', '64FD9D']
['64143A', '78C53F', '9F6100', '38BE61', 'D01DF2', 'E1B1C7', '756883', '655495', '2CFCAD', '42BBE4', '331C15', '5CA11E', 'D074AD', '1F7298', 'B0FDB7', 'BFDE09', 'AEAFB7', '6C4504', '6D1D20', '4D0388']
['F56B78', 'A034B6', '26014C', '651634', '650124', '593EDD', 'B158EC', '9A0C55', 'CA62FE', 'DBC960', '3F3650', 'F6EB9C', 'B90594', '2FBBAD', '5FD5FD', '9C4BD0', 'AA8871', '1D2B1D', '742536', 'CD7A0B']
['5DB6A7', '10AA93', '21D4EF', '41C73D', '2DB58E', '1B3BB2', 'F7897D', '5305DC', '1EDBBC', 'F6C508', 'C9485B', '326962', '363BA8', 'FEB106', '73837C', '92F171', 'F2E3D0', '8B1878', '386499', 'FB93D8']
['00D12A', 'CC99BE', 'A6F922', '178D9C', 'C62B50', '1516C6', '0511AF', '4524C5', '8540DA', '2EE5C3', '900207', '07D298', '2A12DA', '8303B2', 'E709FE', '52AB24', '859141', 'A0FA13', 'ED55AB', 'B7CCD0']
['20CFE1', '9AB89E', '0EAC7E', '09960E', 'D82EE1', '9DA776', '682195', '7D23B1', '498D35', '64CB67', 'B5EAFE', 'ECFA70', 'BD8A02', '112A5D', '9A7B01', '1EF878', '479F56', '25088D', '9C79D5', '03EA37']
['8E5A74', '92DC45', 'D00A38', '814496', 'A8F831', '88B4FB', '601EB2', '696CC9', '81F252', '3C594A', '8EB062', '2CA3D9', 'D783D0', '26C52E', '7BB154', '210F6B', '2A68D5', 'A9060D', 'B01EFE', '46B4C1']
['C164EF', '5CAA99', '61B4D6', '495BB3', 'FAC9A5', 'EFE6D4', 'B401D1', '06C085', '389A06', 'CEA21A', 'F49FF6', '8E715B', 'F09B9E', '6C743B', '97EF79', '6FBEA0', '46A2DE', '35A3DD', '5B3D43', 'CFDA87']
['65F1F6', 'D6CFD3', 'A3D059', 'F37473', 'BDD506', '23A208', '0459DD', '5EA24C', '9A3DF4', 'C6663A', '8F3267', '757A98', '0BB826', 'D06E65', '88C404', '4F5A07', '563DB6', 'B926DC', '302AA5', '4B7813']
['495837', '97FEFE', '4BA3B6', '2B8168', '668BD6', 'BBFBC3', '2C7824', '20A3C4', '8FB884', 'D27589', '86909F', 'E054B5', 'BC9D07', '8AB8D0', '38021A', '6369EA', 'C95370', '21BDB9', '824C3B', 'A951B8']
['58C2AC', '662386', '2B053C', '7E6F84', '931958', 'BDAE2B', 'D39BF3', 'E32E1B', '54F422', '52F44D', '49FC67', 'E5669F', '42E761', '5BCA8F', 'BC7104', '1BF69F', 'C47FBD', '35FFC6', '07940E', 'ABE0D2']
['880529', 'C68031', '87521E', '174C31', '60E2A5', '12BCED', 'CFFA39', '51C926', 'B626AD', '8129A2', 'C9D985', '06006E', '1DEC7F', 'CBE1F1', 'D0A0C2', '37CB3D', 'C974B1', '6722C1', 'F3BDC6', '1C562E']
['3AC41C', '4E3749', 'EC1B76', 'E5227F', '4DF4B9', 'C68A63', '23DE40', 'DCE6D7', 'D3D709', '71E849', '2C8695', '8B4C02', 'C23084', '969174', '429B45', 'D5F9E6', '9DBA7C', '198C93', '6AFA75', '953987']
['4B9B0B', '92EC92', '2A4865', 'DCC2EE', 'C27F13', '7D1D9A', '45579C', 'B796A4', '18D38F', '86F423', 'C70FDA', '4F3EB0', '0BFA62', '0E766F', '45FDF9', 'FDD1F9', '816A65', '2546CB', 'D99D73', '6D1C54']
['EB535E', '294D61', '51C133', '877921', '047CF0', 'DC1AA9', '184086', 'F84737', '8CCB3C', '261610', 'CC70D1', '018F88', '405722', 'FBD021', 'C06879', '3667E1', '8D520C', 'DCF1DD', 'D07EC6', '506A32']
['6D7BC4', '5AE3A2', 'E23534', '1745CF', '29B5D2', '8BF6EB', '32FA85', '72B8D2', '38A1EF', 'E83F3A', '49D6E2', 'FAFDC0', '741295', '2EFA06', '9FEC07', 'AB0091', '0C7BEA', 'D148BB', 'D87BC7', 'C2F201']
['DB4FC9', '0329C7', '509D15', '930D20', '307E13', '19DF4F', '3807D7', 'BB512B', '0A7716', '572039', 'B5C9B5', 'B42617', 'A17316', 'F90911', '0D415E', 'FA77A1', 'D0F91A', '3ABBB3', 'ABD913', 'F589C7']
['33FD6F', '3145DC', '6C77A5', '25543F', 'BA2412', 'B1FF31', '79B660', 'FB0008', '3E63CD', '675D0E', '2FA5B3', 'EF2536', '8D2F56', 'C78E8E', '266181', '16E221', '9930E3', '6AC517', '634699', 'C1FAC4']
['08EAAB', 'E5B63F', 'A18DE2', '656CAF', 'ACD80A', '43085A', '27526A', '5BA9F5', '8C7D2C', '4A610E', 'D31616', 'CF05B3', '0C1FD2', '03FB7D', '8C214F', 'B0579B', '140BFF', '6F7774', '820C55', 'CBC0EC']
['534678', '480904', '4B6074', '0372B7', 'EFBDD9', 'F9E41E', '4D6A27', 'BA4A32', '5B24C2', '2C9762', '2A4678', 'FCE536', 'C2FEAF', '8EC4A5', 'AED2F4', '26357C', '589067', '518983', 'A15669', '0A10DD']
