['422', '615', '624', '630', '635', '647', '653', '659', '663', '668', '688', '693']
['909', '915', '932', '949', '950', '957', '965', '976', '982', '983', '993', '997']
['6', '7', '10', '37', '40', '57', '71', '74', '86', '94', '287', '445']
['13', '19', '30', '31', '33', '39', '53', '61', '62', '64', '82', '83']
['2', '34', '54', '58', '70', '293', '316', '318', '332', '334', '381', '459']
['161', '250', '278', '313', '415', '498', '638', '698', '944']
['131', '182', '346', '410', '711', '743', '768', '797']
['600', '609', '640', '664', '667', '679', '680', '683', '691', '695', '699']
['900', '905', '930', '947', '956', '964', '967', '969', '979', '988', '990', '995']
['55', '81', '229', '266', '299', '304', '322', '337', '360', '424', '426', '427']
['100', '166', '601', '619', '646', '649', '661', '666', '674', '689', '697']
['238', '339', '477', '523', '554', '565', '569', '570', '776', '807', '879']
['192', '348', '395', '399', '402', '472', '487']
['150', '507', '511', '521', '522', '528', '532', '534', '536', '540', '544', '588']
['700', '701', '705', '715', '717', '719', '749', '771', '782', '783', '786', '795']
['289', '632', '657', '907', '922', '925', '942', '971', '980', '981', '987', '994']
['138', '174', '209', '239', '327', '329', '366', '383', '503', '873', '891', '899']
['269', '703', '708', '716', '720', '724', '731', '739', '756', '758', '785', '791']
['608', '610', '613', '622', '626', '643', '645', '648', '651', '670', '675', '677']
['812', '816', '830', '837', '839', '848', '852', '859', '868', '876', '880', '886']
['702', '704', '706', '714', '738', '740', '748', '762', '772', '774', '777', '789']
['908', '917', '920', '921', '933', '936', '943', '951', '968', '972', '989', '992']
['103', '194', '246', '273', '323', '340', '438']
['15', '17', '18', '23', '24', '26', '32', '46', '60', '66', '75', '96']
['219', '296', '300', '317', '358', '380', '382', '384', '404', '450', '452']
['124', '222', '228', '284', '311', '388', '469', '929', '946', '955']
['506', '508', '514', '556', '559', '564', '573', '585', '587', '589', '594', '599']
['501', '509', '535', '543', '553', '558', '560', '568', '571', '583', '593', '596']
['108', '186', '374', '840', '846', '858', '867', '871', '874', '885', '892', '897']
['180', '244', '294', '822', '845', '853', '854', '856', '866', '888', '895', '898']
['165', '167', '195', '216', '224', '261', '351', '479', '513']
['107', '114', '117', '175', '326', '356', '368', '439', '901', '918', '923', '977']
['272', '333', '341', '707', '709', '725', '730', '759', '765', '779', '796']
['158', '172', '227', '251', '279', '283', '315', '349', '350', '456']
['1', '8', '241', '275', '611', '627', '629', '658', '660', '671', '685', '931']
['111', '128', '132', '136', '256', '335', '379', '451', '455', '494', '497', '787']
['173', '215', '343', '804', '805', '814', '815', '836', '855', '893']
['115', '157', '207', '226', '263', '320', '392', '441', '461', '484', '733']
['104', '225', '249', '282', '321', '377', '906', '940', '952', '966', '991', '996']
['105', '801', '802', '803', '835', '838', '844', '849', '850', '863', '872', '877']
['183', '295', '312', '370', '385', '397', '401', '421', '432', '483']
['135', '145', '217', '236', '237', '274', '344', '413', '453', '467', '597']
['146', '151', '178', '276', '353', '373', '398', '429', '440', '442']
['56', '97', '129', '303', '345', '405', '435', '482', '490', '491', '912', '975']
['121', '133', '197', '255', '314', '473', '486', '612', '617', '641', '684', '819']
['179', '911', '916', '924', '926', '934', '935', '945', '954', '959', '961', '963']
['242', '277', '308', '347', '371', '475', '800', '808', '820', '828']
['125', '134', '162', '191', '223', '504', '525', '527', '529', '537', '552', '576']
['710', '718', '721', '728', '741', '746', '750', '751', '753', '760', '784', '798']
['127', '193', '200', '220', '243', '267', '302', '364', '417', '425', '431', '466']
['101', '143', '201', '206', '214', '265', '286', '342', '390', '454', '515']
['154', '221', '257', '325', '362', '375', '474', '476', '492', '735', '736', '794']
['298', '604', '605', '614', '621', '623', '637', '639', '652', '656', '678', '690']
['904', '913', '919', '941', '948', '953', '958', '960', '962', '978', '984', '998']
['0', '3', '29', '36', '41', '63', '67', '72', '80', '88', '90', '91']
['109', '188', '232', '260', '281', '336', '361', '367', '406', '462', '478']
['11', '12', '20', '35', '38', '43', '65', '69', '76', '87', '92', '470']
['809', '811', '826', '829', '833', '842', '851', '862', '864', '865', '883', '889']
['4', '22', '27', '44', '50', '51', '52', '59', '77', '79', '84', '89']
['813', '821', '823', '827', '831', '834', '843', '847', '875', '878', '887', '890']
['147', '148', '230', '259', '307', '319', '409', '420', '430', '436']
['119', '359', '389', '754', '767', '773', '775', '778', '780', '788']
['42', '45', '49', '78', '98', '123', '271', '290', '328', '412', '493', '692']
['168', '210', '264', '324', '378', '444', '458', '465', '841', '860', '894']
['434', '806', '810', '817', '818', '824', '825', '832', '861', '869', '870', '896']
['116', '153', '177', '235', '248', '268', '291', '305', '393', '394', '407', '495']
['712', '726', '727', '744', '745', '752', '757', '761', '764', '781', '790', '792']
['102', '113', '144', '163', '187', '292', '330', '396', '463', '468', '481', '496']
['713', '722', '729', '732', '734', '737', '742', '747', '763', '766', '793', '799']
['122', '139', '355', '365', '369', '446']
['110', '118', '130', '190', '449', '723', '755', '769', '770']
['140', '160', '386', '416', '433', '607', '634', '642', '672', '681', '687', '696']
['142', '203', '212', '254', '258', '280', '354', '411', '457', '460', '471', '480']
['270', '310', '902', '903', '914', '927', '928', '937', '939', '970', '974']
['602', '618', '625', '628', '631', '636', '654', '655', '665', '669', '676', '686']
['112', '408', '437', '512', '516', '538', '545', '551', '557', '567', '580', '582']
['519', '526', '530', '533', '539', '546', '549', '550', '561', '562', '586', '590']
['5', '14', '16', '25', '47', '99', '149', '164', '489', '499']
['159', '240', '253', '262', '363', '910', '938', '973', '985', '986', '999']
['106', '152', '155', '170', '208', '247', '331', '357', '400', '447', '448', '464']
['196', '199', '218', '309', '418', '423', '488']
['156', '297', '376', '500', '510', '517', '563', '572', '575', '577', '591', '592']
['120', '137', '171', '181', '306', '387', '391', '428']
['9', '21', '28', '48', '68', '73', '85', '93', '95', '184', '213', '372']
['176', '204', '211', '231', '234', '485', '857', '881', '882', '884']
['502', '518', '531', '541', '542', '555', '578', '579', '581', '584', '595', '598']
['126', '141', '169', '202', '205', '245', '338', '414', '419']
['185', '198', '233', '252', '288', '301', '352', '403', '443']
['189', '505', '520', '524', '547', '548', '566', '574']
['285', '603', '606', '616', '620', '633', '644', '650', '662', '673', '682', '694']
