['13', '24', '57', '80', '81', '114', '115', '152', '220', '248', '382', '394', '410', '457', '482', '490', '567', '618', '640', '654', '670', '672', '751', '755', '861', '877']
['0', '28', '74', '96', '98', '107', '147', '153', '174', '221', '222', '300', '386', '391', '476', '545', '577', '641', '650', '658', '744', '774', '813', '815', '831', '872']
['145', '149', '164', '180', '260', '275', '283', '296', '327', '396', '466', '505', '520', '531', '533', '548', '657', '695', '740', '742', '788', '801', '812', '874', '876', '879']
['63', '71', '82', '87', '91', '135', '166', '197', '198', '224', '247', '279', '286', '357', '400', '454', '468', '544', '661', '687', '702', '721', '728', '739', '802', '817']
['69', '126', '131', '217', '403', '571', '575', '595', '617', '674', '839']
['138', '361', '419', '495', '620', '759', '841']
['36', '41', '48', '53', '95', '155', '216', '295', '307', '378', '412', '456', '488', '508', '564', '585', '608', '667', '675', '688', '731', '781', '818', '824', '859', '878']
['29', '143', '172', '188', '290', '306', '310', '343', '358', '379', '388', '431', '477', '527', '538', '621', '668', '693', '724', '754', '758', '786', '808', '837', '846', '868']
['14', '37', '125', '171', '178', '179', '238', '262', '269', '313', '349', '370', '393', '402', '446', '509', '563', '580', '600', '681', '704', '741', '756', '767', '819', '833']
['3', '11', '42', '51', '104', '124', '150', '200', '288', '312', '351', '430', '435', '496', '526', '586', '611', '655', '666', '673', '733', '748', '771', '775', '811', '880']
['1', '75', '105', '132', '154', '163', '199', '258', '354', '356', '367', '383', '401', '420', '463', '471', '535', '546', '550', '553', '561', '625', '768', '804', '851', '870']
['17', '100', '157', '207', '226', '231', '301', '304', '309', '317', '324', '374', '398', '404', '425', '449', '504', '540', '579', '592', '616', '648', '671', '823', '832', '850']
['35', '109', '113', '116', '119', '196', '256', '272', '321', '332', '335', '337', '390', '411', '418', '464', '473', '635', '644', '743', '794', '828', '834', '836', '852', '860']
['18', '23', '84', '173', '187', '192', '261', '287', '308', '314', '340', '368', '376', '417', '445', '472', '478', '502', '528', '536', '699', '701', '708', '747', '778', '881']
['12', '16', '31', '46', '185', '227', '237', '276', '334', '342', '433', '493', '516', '521', '523', '532', '542', '549', '570', '583', '604', '627', '636', '760', '766', '847']
['15', '55', '79', '99', '111', '121', '122', '160', '230', '352', '365', '415', '437', '507', '547', '610', '622', '647', '649', '712', '763', '780', '795', '848', '863', '873']
['27', '38', '70', '182', '233', '259', '265', '293', '323', '347', '362', '429', '441', '443', '524', '559', '663', '683', '706', '792', '805', '809', '826', '835', '867', '869']
['413']
['64']
['19', '33', '85', '90', '139', '167', '264', '371', '397', '426', '448', '462', '485', '534', '551', '552', '598', '601', '632', '678', '690', '783', '821', '830', '856', '857']
['6', '30', '32', '88', '97', '137', '214', '284', '294', '303', '364', '372', '422', '424', '453', '465', '469', '475', '479', '489', '501', '557', '716', '734', '791', '827']
['21', '45', '56', '86', '123', '134', '162', '244', '257', '345', '346', '373', '384', '483', '515', '555', '566', '581', '638', '665', '676', '709', '726', '773', '825', '853']
['22', '44', '62', '108', '168', '194', '206', '263', '281', '289', '326', '380', '389', '392', '499', '513', '525', '529', '565', '587', '623', '626', '642', '646', '694', '790']
['719']
['253']
['9', '49', '94', '129', '158', '203', '223', '318', '427', '440', '447', '487', '576', '593', '594', '597', '624', '669', '697', '705', '750', '752', '789', '806', '854', '866']
['50', '54', '65', '73', '89', '102', '148', '201', '229', '232', '241', '341', '428', '434', '492', '503', '554', '609', '629', '653', '689', '745', '762', '772', '793', '803']
['110', '170', '175', '235', '245', '252', '254', '302', '338', '348', '363', '423', '436', '438', '460', '486', '500', '518', '530', '539', '574', '682', '717', '729', '784', '844']
['730']
['4', '8', '140', '165', '191', '212', '240', '243', '268', '291', '315', '316', '319', '344', '399', '450', '474', '568', '602', '684', '715', '736', '738', '796', '862', '882']
['106', '142', '184', '186', '209', '210', '219', '225', '270', '377', '387', '421', '451', '461', '470', '484', '491', '512', '522', '562', '572', '589', '746', '782', '864', '883']
['120', '193', '218', '234', '299', '329', '339', '366', '442', '458', '494', '498', '588', '619', '631', '634', '651', '677', '679', '686', '714', '723', '800', '807', '838', '871']
['26', '43', '58', '76', '78', '92', '93', '130', '176', '205', '215', '280', '331', '432', '444', '480', '511', '514', '556', '643', '720', '749', '765', '779', '816', '858']
['2', '60', '77', '151', '181', '202', '204', '213', '236', '251', '255', '277', '325', '353', '517', '590', '596', '659', '660', '662', '696', '725', '764', '776', '777', '843']
['5', '20', '34', '83', '101', '103', '141', '159', '169', '208', '228', '242', '298', '320', '336', '409', '510', '569', '599', '603', '615', '645', '692', '707', '814', '840']
['52', '414']
['117', '128', '146', '183', '246', '278', '350', '359', '360', '369', '467', '497', '543', '558', '584', '612', '628', '698', '710', '718', '727', '737', '785', '829', '855', '875']
['10', '40', '59', '61', '118', '127', '144', '211', '239', '285', '381', '439', '459', '519', '537', '582', '606', '652', '700', '703', '735', '769', '822', '845', '849', '865']
['68']
['39', '47', '67', '72', '133', '161', '195', '250', '282', '311', '330', '333', '355', '385', '407', '408', '578', '591', '633', '664', '691', '713', '761', '770', '810', '820']
['25', '66', '136', '156', '177', '190', '273', '297', '322', '375', '405', '406', '452', '455', '506', '541', '560', '607', '630', '680', '685', '711', '732', '787', '797', '799']
['7', '112', '189', '249', '266', '267', '271', '274', '292', '305', '328', '395', '416', '481', '573', '605', '613', '614', '637', '639', '656', '722', '753', '757', '798', '842']
