['AGUSTIN']
['DOLLY']
['CHRIS']
['CURT']
['LEANN']
['SERENA']
['REUBEN']
['GEOFFREY']
['CANDICE', 'MARCOS', 'JANELLE', 'RUSSEL', 'IVA', 'ROD']
['DONNELL']
['BYRON', 'BLANCA', 'EBONY', 'BROCK']
['CLAIRE', 'JOANNA', 'JODI', 'RICKEY', 'SHELLEY', 'LULA', 'EARNEST', 'ERMA', 'MYRA', 'JODY', 'ISMAEL', 'FREDA', 'JOSH', 'LAVERNE', 'DELIA', 'PHIL', 'SOPHIE', 'SHARI', 'JAIME', 'HUMBERTO', 'SHELBY', 'GOLDIE', 'LORNA', 'POLLY', 'KERMIT', 'CECILE', 'SAMMIE', 'LIZZIE', 'STACEY', 'MILLIE', 'WARD', 'CLEMENT', 'CARMELO', 'MATILDA', 'LATISHA', 'IRWIN', 'CONCEPCION', 'WILMER', 'FLETCHER', 'SONNY']
['BLAINE']
['OLA']
['SHERRI', 'RENE', 'STUART', 'WILBUR', 'MALCOLM', 'PAM', 'LUCAS', 'LEVI', 'ELOISE', 'STEWART', 'BRENDAN', 'LELA', 'TAMI', 'ABIGAIL', 'HEATH', 'LENORA', 'KENDALL', 'LAUREL', 'ELVIN', 'CAREY', 'ROB', 'RAPHAEL', 'SHANA', 'BEATRIZ', 'BASIL', 'SEBASTIAN', 'FEDERICO', 'DANTE', 'LARA', 'IVY', 'COLBY', 'CHARLEY', 'ERICKA']
['ELISE']
['EDUARDO', 'JACKIE', 'NATASHA', 'PABLO', 'WM', 'ELIAS', 'CLAY', 'SANTOS', 'ALISHA', 'BRET', 'ANTOINE', 'NELL', 'JANINE', 'IMOGENE', 'GRACIE', 'RIGOBERTO', 'DEANA', 'SYBIL', 'DENVER', 'PENELOPE']
['TAMIKA']
['ROBYN']
['ELVIRA', 'ILA', 'DALTON']
['JONI']
['SHELLY']
['VIRGIE']
['SYLVESTER']
['TRICIA']
['DARYL']
['JOHANNA']
['MIA']
['DANE']
['KERRI']
['SHAWNA']
['ROMEO']
['MARION', 'LATASHA', 'NOLAN', 'ESTER', 'PETRA', 'JEFFRY', 'KATHARINE', 'OFELIA', 'DIRK']
['ARMAND']
['RODGER']
['EMILIO']
['INA']
['SOLOMON']
['ROSALYN']
['AUGUST']
['ROCCO']
['ANGELICA']
['ADELINE']
['MARGO']
['KATE']
['LUCILE']
['CASEY', 'EDMOND', 'JESS', 'LUCINDA', 'RUSTY', 'AVERY', 'JEANINE', 'REED', 'AILEEN']
['MORRIS']
['LYNNE']
['JACQUES']
['OTTO']
['KRISTY']
['BRANDY', 'ENRIQUE', 'WENDELL', 'SANDY', 'SHAUN', 'RODERICK', 'YVETTE', 'LUZ', 'CESAR', 'BEULAH', 'GARRY', 'GERARDO', 'TRACI', 'HOPE', 'DIXIE', 'WINSTON', 'MARLON', 'LOUIE', 'ROBBIE', 'STAN', 'CANDY', 'JARROD', 'STEFANIE', 'LESLEY', 'THADDEUS', 'LUISA', 'NESTOR']
['ROSETTA']
['WHITNEY']
['KIRSTEN']
['DOREEN', 'CORNELIUS']
['WILSON']
['TASHA', 'FRANCINE']
['SIDNEY', 'VELMA', 'MARSHALL', 'MISTY', 'TERRANCE', 'JULIUS', 'IRIS', 'MONIQUE', 'SUSIE', 'COLIN', 'GUILLERMO', 'ALEXANDRA', 'FORREST', 'JASMINE', 'MABLE', 'MURIEL', 'RUFUS', 'WOODROW', 'ESTELLE', 'DIANNA', 'MONA', 'CLINT', 'LAURENCE', 'LYNETTE', 'CRISTINA', 'AL', 'WILFRED', 'CONRAD', 'NOAH', 'KELLIE', 'LILA', 'MANDY', 'DOMINICK', 'ELISA', 'MELBA', 'ADRIANA', 'CELESTE', 'REBEKAH', 'AURORA', 'JUNIOR', 'BRYCE', 'ERWIN', 'SCOTTY', 'ELWOOD', 'MOISES', 'FIDEL', 'JOESPH', 'MARISA', 'ADOLPH', 'SOCORRO', 'EMERY', 'ODELL', 'DUDLEY', 'BARNEY', 'WELDON', 'GRETA', 'MARCELINO', 'LILLY', 'CATALINA', 'AVA', 'MOHAMMAD']
['CAITLIN']
['MIRIAM', 'ISABEL', 'MARGUERITE', 'DELBERT', 'GUSTAVO', 'GRADY', 'MARTA', 'TRENT', 'STERLING', 'BART', 'THURMAN', 'JODIE', 'NICKOLAS', 'JOHNATHON', 'RHODA', 'PASQUALE', 'TIA', 'MARYLOU', 'ZACHERY', 'ERROL', 'ODESSA', 'MONROE']
['OLGA', 'DIANNE', 'KIRK', 'MARGARITA', 'OLIVER', 'EUNICE', 'MATT', 'ALISON', 'SHERI', 'KARI', 'JAKE', 'GINGER', 'TOMAS', 'DARREL', 'BERT', 'DARLA', 'AMOS', 'IRVIN', 'DARNELL', 'SHERRIE', 'STEPHAN', 'JEWEL', 'FREDDY', 'CLEVELAND', 'INGRID', 'EUGENIA', 'DEBORA', 'CLEO', 'BETTE', 'SUSANA', 'DAPHNE', 'GABRIELA', 'REGGIE', 'SHEENA', 'GABRIELLE', 'DOMINIQUE', 'MARTINA', 'JERI', 'ELIZA', 'BRIDGETTE', 'HILARY', 'TRENTON', 'LEONEL', 'MARIANO']
['ISSAC']
['CHANDRA']
['JUANA', 'HERIBERTO']
['JAMAL']
['TABATHA']
['BILLIE', 'LEONA', 'KENT', 'GUADALUPE', 'ARTURO', 'ALEJANDRO', 'ADA', 'BLANCHE', 'ALBERTA', 'ERNESTO', 'MELODY', 'FLORA', 'DAMON', 'KELLI', 'HANNAH', 'KARLA', 'LATOYA', 'PATTY', 'DOMINIC', 'JACQUELYN', 'BENNY', 'NOEL', 'LETICIA', 'RODOLFO', 'MARTY', 'DESIREE', 'GILBERTO', 'DREW', 'FAITH', 'TOBY', 'KRISTIE', 'RONDA', 'DEMETRIUS', 'TRACIE', 'CHASE', 'MAUDE', 'ELLIOTT', 'XAVIER', 'ANTON', 'MARIBEL', 'SON', 'ALTA', 'KEISHA', 'KERI', 'RORY', 'ELMA', 'MAYNARD', 'DION', 'CORNELIA', 'BEAU', 'BARBRA', 'KIRBY', 'COLLIN', 'CLARISSA', 'ALEXANDRIA', 'RAE', 'NUMBERS', 'MELISA']
['KENDRA']
['COY']
['SUSANNE']
['HELENE']
['SHAUNA']
['JOAN']
['VAN']
['ROLANDO']
['MARYANN']
['BENITA']
['SAMMY']
['BRANDEN']
['CLARK']
['MARCO']
['ELTON']
['OPAL', 'ADRIENNE', 'CALEB', 'RAQUEL', 'EMMETT', 'GROVER', 'DAMIAN', 'FERN', 'ROSCOE', 'LILY']
['BOBBIE', 'JEREMIAH', 'HORACE', 'ARCHIE', 'GAYLE', 'CEDRIC', 'LEIGH', 'IGNACIO', 'SONJA', 'MOSES', 'LUCIA', 'ETHAN', 'CORINNE', 'LEONARDO', 'DENIS', 'TRUDY', 'LUPE', 'FABIAN', 'JUSTINE', 'GALE', 'BETTYE', 'NELDA', 'NEVA', 'BOOKER']
['JERALD']
['JARVIS']
['GRAHAM']
['MEREDITH']
['LOREN', 'BURTON']
['LEE']
['CELIA']
['KARA']
['SERGIO', 'JENNA', 'SHANNA', 'JACLYN', 'RODRIGO']
['QUINCY']
['ADDIE']
['SETH', 'HATTIE', 'KRISTI', 'GRANT', 'VERNA', 'FELIPE', 'PERCY', 'MERLE', 'TIMMY', 'WILL', 'DAMIEN', 'PAIGE', 'JOLENE', 'JAYNE', 'SONDRA', 'MANUELA', 'HALEY', 'HUNTER', 'EARLINE']
['STEFAN']
['DERICK']
['DANA', 'BUDDY', 'CARMELA', 'CHRISTI', 'GALEN', 'ISIDRO', 'TRUMAN']
['ANDRES', 'RANDOLPH', 'RANDAL', 'SILAS']
['RUTHIE']
['ROSS', 'CECILIA', 'LUKE', 'REX', 'CAMERON', 'FANNIE', 'JOHNATHAN', 'PRESTON', 'SHELIA', 'PAT', 'JERMAINE', 'ERVIN', 'HUGO', 'ELBERT', 'ROMAN', 'EMANUEL', 'REYNALDO', 'STACIE', 'STACY', 'SALLIE', 'MICKEY', 'TYSON', 'JOCELYN', 'CLIFF', 'BIANCA', 'FREDERIC', 'DICK', 'LANE', 'EMORY', 'EMERSON', 'MILAGROS']
['SONIA', 'DEXTER', 'EMIL', 'TEDDY', 'JEWELL', 'MOLLIE', 'EDDY', 'BERNADINE', 'CORRINE']
['SHERYL', 'ANGELO', 'MARCEL', 'CHARITY', 'DONOVAN', 'ADELA', 'JEANIE', 'NANNIE']
['MEGHAN']
['ERIKA', 'WADE', 'ROSIE', 'DOUG', 'KENNY', 'HUBERT', 'LYLE', 'LYNN', 'NEAL', 'JAN', 'IRA', 'RUDY', 'JONATHON', 'SALVATORE', 'FRANCIS', 'BETHANY', 'WILBERT', 'LELAND', 'ROSEMARIE', 'ANGEL', 'GRETCHEN', 'HENRIETTA', 'OLIVE', 'RAMIRO', 'PATTI', 'LANA', 'ESSIE', 'JEANNIE', 'MIRANDA', 'CAMILLE', 'TAMMIE', 'PATRICE', 'LAMONT', 'MILES', 'ELDON', 'ESTELLA', 'MARISSA', 'BETTIE', 'HARRISON', 'HARLAN', 'JILLIAN', 'ROSARIO', 'WILLIAMS', 'HAL', 'RACHELLE', 'JACKSON', 'BRYON', 'GRACIELA', 'GLENNA', 'ROSALIND', 'TONIA', 'NORRIS', 'WILEY', 'ALPHONSO', 'LUELLA', 'CALLIE', 'ULYSSES', 'LEANNE', 'DENNY', 'GAVIN', 'DALE', 'MAXWELL', 'MARCY', 'MINERVA', 'TERRIE', 'CARTER', 'SHARRON', 'ADAN', 'JOSUE', 'WILFORD']
['CHRISTIE', 'GERMAN']
['GENEVA']
['GENEVIEVE', 'ALFONSO', 'LORA', 'DEWEY', 'BRITTNEY', 'DYLAN', 'BRAIN', 'DAVIS', 'DEE', 'GEORGINA', 'AVIS']
['WILLA']
['AMELIA', 'SANFORD']
['KRISTINE']
['LOLA']
['MAE']
['JEAN', 'LATONYA', 'CLAUDETTE']
['MASON']
['CATHLEEN']
['MARISOL']
['ERNIE']
['WILLIS']
['FREDDIE', 'LINDSAY', 'NICK', 'JANIE', 'RUDOLPH', 'MYRON', 'GREGG', 'DEVIN', 'KIM', 'BERNADETTE', 'RACHAEL', 'CARROLL', 'ANGELINA', 'ELLIS', 'MERCEDES', 'TERI', 'CECELIA', 'AIMEE', 'DEWAYNE', 'CARA', 'TRINA', 'NIKKI', 'FRANCISCA', 'BENITO', 'JOAQUIN', 'DESMOND', 'DARWIN', 'ALISA', 'DARIUS', 'GUS', 'GONZALO', 'RICKIE', 'ELVIS', 'SCOT', 'COLE', 'BRUNO', 'SIMONE', 'VALARIE', 'ALLIE', 'LORAINE', 'EDWARDO']
['ROYCE']
['INEZ']
['DONNY']
['BROOKE']
['JEANNETTE']
['TOMMIE', 'ORA', 'CAROLINA', 'MICHEL', 'MAYRA']
['NOLA']
['JEANNINE']
['ALONZO']
['TONI', 'ROOSEVELT']
['ALEXIS']
['KRIS']
['DARRIN']
['TERRENCE']
['VERN']
['LEOLA']
['SAUL']
['LEA']
['CLARICE']
['TRISHA']
['BECKY']
['LOTTIE']
['ROSALIE', 'MEAGAN']
['HANS']
['MARLA']
['MAMIE']
['LIDIA']
['STACI']
['EMILIA']
['JANIS']
['MERRILL']
['SIMON']
['HIRAM']
['ROXANNE', 'AUBREY', 'ADELE', 'DORTHY', 'ISABELLE', 'MILLARD']
['SILVIA']
['RAMONA']
['DAISY', 'ED', 'NICHOLE', 'WILFREDO', 'LENORE']
['AIDA']
['NADINE']
['DIEGO']
['CARLO']
['HOMER']
['ORLANDO']
['COURTNEY', 'CRUZ']
['FREDRICK']
['OLIVIA']
['OLLIE', 'MONTY']
['GWEN']
['KIMBERLEY']
['URSULA']
['BETSY']
['ALI']
['TRACEY', 'FELICIA', 'PETE', 'ROBIN', 'LOWELL', 'SADIE', 'BRYANT', 'NICOLAS', 'SHELDON', 'DOYLE', 'BRADFORD', 'MAY', 'MINDY', 'LORENE', 'MARINA', 'JASPER', 'THERESE', 'DINA', 'LOYD', 'FRIEDA', 'LORIE', 'SELMA', 'MAGDALENA', 'HARRIS', 'VITO', 'JAMI']
['LIONEL']
['FAY']
['ANTOINETTE']
['JOHNNIE']
['LORENA']
['TREVOR']
['JULIAN', 'ANDY', 'KRISTINA', 'CORA', 'SABRINA', 'DONNIE', 'KAYLA', 'ABRAHAM', 'EDMUND', 'IRVING', 'KRYSTAL', 'PAULETTE', 'DALLAS', 'ORVILLE', 'ERICK', 'JOSEFINA', 'ELIJAH', 'CARY', 'NETTIE', 'DOMINGO', 'MORGAN', 'VICENTE', 'GARLAND', 'SHAWN', 'PIERRE', 'ELI', 'MONTE', 'QUENTIN', 'CONSUELO', 'ESPERANZA', 'KENDRICK', 'BERNARDO', 'JIMMIE', 'MAVIS', 'WINNIE', 'MARY', 'LINWOOD', 'CLAIR']
['SOPHIA']
['EVAN', 'WINIFRED', 'HELENA']
['JAYSON']
['MARGRET']
['MAGGIE', 'DENA']
['BRIDGET']
['CANDACE']
['HARRIET']
['SHANNON', 'GARRETT', 'SHERMAN', 'TAYLOR', 'ALYSSA', 'DARIN', 'MYRNA', 'BONITA', 'HARLEY', 'EFFIE', 'REBA', 'ROCKY', 'ETTA', 'VANCE', 'DOROTHEA', 'PATRICA', 'VAUGHN', 'GERRY', 'TY', 'AUTUMN', 'NOE', 'BOBBI', 'ABBY', 'RANDI', 'ESTELA', 'KURTIS']
['JOEY', 'MACK', 'EFRAIN', 'ELISABETH', 'MURRAY', 'ADOLFO', 'JANETTE', 'NORBERT', 'ISAIAH']
['ISRAEL', 'CHELSEA', 'ELENA', 'ANTONIA', 'SANTIAGO', 'DELORIS', 'MAURICIO', 'VINCE', 'BUFORD']
['LORENZO']
['LANDON']
['CHRISTA']
['LETHA']
['ANGELIA', 'HOLLIS']
['GERARD']
['ROCHELLE', 'ALVARO']
['EULA']
['ALTON']
['SPENCER', 'GREGORIO']
['LADONNA']
['PERRY', 'MARIANNE']
['KERRY', 'FRANKIE', 'JOSIE', 'ELLIOT', 'MARLIN']
['SALVADOR']
['LEILA']
['KELLEY']
['ABEL']
['DELMAR']
['ASHLEY']
['JENNY']
['LOGAN']
['SUMMER']
['WILLARD', 'VIRGIL', 'VIOLET', 'KATRINA', 'LINDSEY', 'AUSTIN', 'BELINDA', 'MOLLY', 'OTIS', 'ANGIE', 'OMAR', 'BENNIE', 'KRISTA', 'MARCELLA', 'KRISTOPHER', 'JANA', 'ELSA', 'BOYD', 'EMMANUEL', 'CHERI', 'KARIN', 'LOURDES', 'KELSEY', 'CASSIE', 'JENIFER', 'DEVON', 'QUINTON', 'LOU', 'LACEY', 'NED', 'AUDRA', 'ART', 'BRIANNA', 'WINFRED', 'BLAIR', 'ELNORA', 'SOFIA', 'HARRIETT']
['DONA']
['DELLA']
['ISAAC', 'CLIFTON', 'TRACY', 'FAYE', 'LUTHER', 'BRANDI', 'LYNDA', 'MADELINE', 'CARLTON', 'SONYA', 'BLAKE', 'KELVIN', 'VICKY', 'ERNESTINE', 'OWEN', 'ROGELIO', 'TERENCE', 'TERRELL', 'TABITHA', 'RENA', 'MICAH', 'CHUCK', 'ELVA', 'CHERIE', 'ESTEBAN', 'ANGELINE', 'CARMEN', 'RILEY', 'MARITZA', 'FLOSSIE', 'MERLIN', 'AURELIO', 'DANIAL', 'BERNIE', 'ALLYSON']
['JEFFERSON']
['LAMAR']
['BRADY']
