['19', '64', '112', '161', '172', '249', '263', '337', '481', '493', '545', '590', '597', '638', '639', '654', '697', '775', '793']
['8', '14', '87', '109', '174', '194', '195', '219', '260', '298', '372', '421', '439', '443', '497', '541', '556', '579', '722', '751']
['34', '75', '85', '154', '158', '186', '223', '248', '250', '300', '326', '394', '403', '434', '457', '496', '514', '521', '532', '560', '599', '604', '609', '622', '674', '704', '716', '737', '788']
['36', '71', '79', '175', '275', '330', '334', '362', '413', '430', '440', '484', '489', '500', '518', '531', '537', '538', '606', '616', '625', '640', '720']
['80', '114', '125', '130', '181', '218', '225', '233', '261', '267', '286', '348', '386', '405', '425', '431', '458', '509', '558', '567', '576', '618', '620', '703', '706', '721', '761', '777']
['41', '93', '126', '164', '169', '176', '228', '230', '322', '444', '487', '506', '548', '582', '594', '595', '629', '630', '631', '666', '668', '673', '694', '733', '768', '773']
['27', '30', '69', '124', '139', '163', '240', '253', '270', '327', '370', '402', '411', '428', '442', '491', '508', '519', '543', '555', '584', '607', '612', '685', '713', '731', '759', '767', '798']
['10', '23', '28', '39', '45', '98', '143', '217', '231', '232', '342', '409', '438', '469', '499', '524', '528', '536', '549', '566', '587', '626', '677', '679', '686']
['9', '21', '57', '58', '63', '67', '116', '132', '187', '288', '302', '308', '325', '332', '339', '354', '360', '520', '525', '623', '659', '671', '682', '712', '732', '746', '760', '794', '796']
['46', '49', '53', '55', '100', '104', '137', '167', '183', '210', '236', '241', '293', '297', '318', '382', '452', '456', '498', '502', '511', '535', '592', '636', '645', '647', '696', '723', '770']
['15', '32', '89', '90', '118', '166', '171', '190', '198', '239', '280', '291', '294', '296', '305', '329', '367', '369', '392', '414', '415', '450', '522', '564', '621', '656', '680', '699', '707', '789']
['2', '54', '70', '102', '135', '151', '178', '247', '257', '335', '363', '423', '449', '455', '488', '512', '527', '561', '585', '641', '643', '700', '734', '766', '786']
['65', '165', '180', '211', '234', '243', '256', '265', '271', '324', '467', '485', '490', '540', '546', '570', '589', '601', '615', '619', '624', '633', '634', '646']
['48', '52', '74', '123', '141', '152', '162', '226', '227', '282', '317', '338', '341', '412', '515', '550', '553', '568', '575', '586', '614', '661', '672', '708', '719', '762', '771']
['5', '17', '22', '56', '76', '78', '88', '105', '113', '115', '120', '199', '201', '215', '266', '287', '333', '343', '349', '358', '397', '459', '468', '476', '516', '529', '542', '658', '738', '765']
['72', '84', '91', '131', '224', '237', '269', '279', '344', '351', '355', '378', '387', '427', '436', '503', '504', '523', '551', '610', '644', '676', '681', '705', '726', '758', '776', '785', '792']
['29', '31', '40', '82', '95', '97', '136', '140', '157', '177', '197', '209', '246', '278', '299', '340', '385', '398', '424', '470', '473', '486', '501', '544', '559', '605', '613', '698', '714', '739']
['42', '101', '138', '220', '229', '311', '368', '371', '383', '416', '534', '552', '569', '588', '652', '664', '684', '689', '695', '748', '755', '757']
['4', '37', '44', '59', '60', '117', '122', '129', '134', '153', '156', '159', '323', '376', '379', '417', '448', '471', '474', '598', '642', '648', '651', '724', '744', '772', '779', '790', '799']
['6', '16', '121', '146', '179', '184', '191', '193', '207', '216', '251', '274', '283', '284', '295', '380', '400', '410', '420', '422', '435', '453', '475', '479', '593', '649', '670', '710', '743', '783']
['20', '94', '110', '147', '155', '168', '202', '292', '310', '365', '381', '393', '395', '447', '460', '463', '466', '505', '583', '608', '617', '632', '665', '692', '718', '725', '742', '782']
['86', '99', '111', '182', '222', '321', '347', '350', '374', '454', '572', '591', '611', '660', '769', '784', '797']
['7', '61', '66', '96', '160', '221', '252', '259', '264', '276', '277', '290', '312', '315', '328', '359', '361', '364', '373', '406', '478', '483', '557', '600', '678', '687', '741', '756', '787']
['13', '18', '35', '47', '142', '149', '170', '206', '258', '285', '314', '352', '418', '419', '432', '437', '446', '462', '494', '574', '602', '667', '715', '730', '747', '752', '764', '774', '778']
['33', '68', '77', '144', '145', '205', '238', '244', '245', '262', '316', '319', '331', '345', '346', '407', '472', '480', '510', '539', '563', '581', '627', '628', '637', '669', '688', '740']
['11', '25', '50', '92', '204', '235', '366', '377', '384', '389', '399', '408', '441', '451', '461', '495', '547', '635', '650', '657', '683', '729', '745', '754', '791', '795']
['51', '103', '106', '107', '128', '188', '200', '208', '213', '268', '272', '304', '309', '353', '357', '390', '396', '401', '465', '477', '482', '492', '571', '596', '653', '711', '736', '763']
['12', '127', '148', '173', '185', '189', '203', '254', '255', '273', '301', '320', '375', '391', '429', '517', '533', '565', '573', '580', '655', '663', '675', '691', '702', '709', '727', '753', '780']
['1', '3', '26', '38', '43', '196', '242', '281', '306', '307', '336', '426', '464', '507', '526', '562', '577', '603', '662', '690', '693', '717', '728']
['0', '24', '62', '73', '81', '83', '108', '119', '133', '150', '192', '212', '214', '289', '303', '313', '356', '388', '404', '433', '445', '513', '530', '554', '578', '701', '735', '749', '750', '781']
