['107', '185', '192', '234', '319', '568', '632', '854', '858', '860', '862', '863', '864', '865', '866', '869', '872', '875', '878', '879', '882', '883', '885', '886', '887', '889', '890', '891', '892', '910', '914']
['439', '660', '664', '667', '668', '669', '672', '674', '676', '677', '680', '682', '683', '684', '686', '687', '688', '690', '691', '692', '693', '694', '695', '696', '697', '704', '705', '707', '710', '715', '719']
['56', '450', '528', '531', '533', '534', '535', '536', '537', '540', '541', '542', '543', '545', '546', '547', '548', '553', '554', '555', '556', '557', '559', '560', '563', '588', '793', '800', '823', '857', '899']
['46', '462', '463', '464', '466', '469', '470', '472', '473', '474', '475', '477', '479', '480', '481', '485', '486', '487', '488', '489', '491', '492', '493', '494', '496', '497', '504', '506', '507', '650', '846']
['66', '72', '73', '80', '83', '87', '90', '91', '98', '100', '103', '105', '110', '112', '113', '114', '118', '119', '120', '123', '124', '126', '127', '194', '314', '374', '512', '634', '725', '772', '788']
['656', '915', '924', '926', '929', '930', '935', '936', '937', '938', '939', '940', '941', '943', '946', '947', '949', '951', '952', '953', '955', '957', '960', '961', '962', '963', '965', '967', '969', '971', '973']
['63', '121', '125', '131', '136', '158', '199', '209', '214', '216', '217', '220', '223', '228', '230', '236', '309', '317', '367', '372', '383', '527', '529', '578', '630', '631', '828', '845', '902', '976', '982']
['287', '293', '300', '303', '305', '316', '328', '329', '539', '727', '728', '731', '733', '734', '735', '736', '737', '738', '739', '742', '743', '745', '747', '748', '749', '751', '754', '755', '756', '761', '972']
['36', '129', '177', '301', '306', '356', '377', '451', '572', '583', '721', '726', '729', '730', '732', '740', '744', '746', '750', '752', '753', '758', '759', '760', '853', '918', '921', '970']
['108', '661', '662', '663', '665', '666', '670', '671', '673', '675', '678', '681', '861', '867', '868', '870', '871', '873', '876', '877', '880', '881', '893', '894', '900', '901', '913', '916', '917', '919', '922']
['61', '104', '168', '178', '186', '253', '446', '456', '518', '521', '530', '532', '538', '544', '549', '550', '551', '552', '558', '561', '562', '585', '700', '701', '711', '767', '781', '837', '923']
['128', '176', '257', '500', '792', '794', '796', '797', '798', '801', '802', '803', '804', '805', '806', '807', '808', '809', '810', '811', '814', '815', '816', '817', '819', '821', '826', '827', '847', '988']
['106', '132', '134', '137', '138', '139', '141', '142', '143', '144', '145', '146', '152', '154', '155', '160', '162', '163', '164', '165', '166', '167', '195', '248', '261', '368', '679', '689', '706', '782', '785']
['54', '55', '157', '173', '180', '193', '255', '258', '304', '315', '378', '430', '442', '503', '519', '575', '592', '639', '831', '859', '884', '906', '925', '932', '942', '954', '964', '981', '985', '996', '997']
['41', '60', '71', '81', '88', '102', '172', '179', '181', '241', '244', '471', '501', '509', '513', '524', '577', '582', '657', '699', '762', '790', '842', '904', '908', '920', '977', '987', '989', '991']
['57', '174', '324', '375', '384', '389', '565', '586', '597', '601', '603', '604', '606', '610', '613', '615', '617', '624', '626', '655', '698', '722', '799', '812', '820', '822', '824', '825', '830', '905', '912']
['1', '2', '3', '4', '6', '11', '12', '13', '14', '15', '16', '17', '19', '21', '22', '24', '25', '26', '27', '30', '31', '32', '34', '35', '40', '520', '712', '835', '909', '975', '979']
['117', '122', '183', '187', '260', '271', '273', '275', '276', '279', '281', '288', '291', '295', '298', '327', '379', '386', '391', '416', '423', '447', '505', '526', '591', '633', '641', '844', '983', '992', '994']
['50', '171', '246', '396', '397', '398', '399', '401', '404', '406', '407', '408', '409', '410', '414', '415', '417', '418', '419', '420', '421', '422', '424', '428', '429', '431', '453', '646', '849', '856']
['116', '385', '438', '461', '476', '495', '566', '581', '637', '649', '741', '763', '764', '766', '768', '769', '770', '771', '773', '774', '775', '776', '778', '780', '783', '784', '787', '789', '791', '848', '993']
['8', '28', '67', '68', '69', '70', '74', '75', '76', '77', '78', '79', '82', '84', '85', '86', '89', '92', '93', '94', '95', '96', '97', '99', '101', '311', '458', '874', '958', '968', '978']
['511', '594', '596', '598', '599', '600', '602', '605', '607', '608', '609', '611', '612', '614', '616', '618', '619', '620', '621', '623', '625', '627', '628', '636', '640', '642', '648', '652', '658', '659', '990']
['5', '7', '9', '10', '18', '20', '23', '29', '33', '37', '49', '62', '161', '184', '252', '371', '376', '380', '449', '498', '522', '584', '589', '635', '643', '777', '836', '841', '850']
['48', '65', '109', '133', '135', '140', '147', '148', '149', '150', '151', '153', '156', '159', '170', '191', '312', '313', '320', '387', '580', '587', '595', '622', '629', '647', '685', '709', '897', '903', '911']
['38', '169', '175', '196', '242', '302', '388', '432', '448', '459', '465', '467', '468', '478', '482', '483', '484', '490', '499', '510', '514', '516', '517', '525', '574', '651', '702', '839', '888', '896', '984']
['58', '111', '130', '197', '264', '265', '266', '267', '268', '269', '270', '272', '274', '277', '280', '282', '283', '284', '285', '286', '289', '290', '292', '294', '296', '297', '299', '325', '382', '644', '843']
['39', '51', '115', '188', '237', '250', '308', '318', '321', '326', '332', '333', '334', '336', '341', '346', '351', '353', '362', '370', '571', '573', '638', '714', '717', '851', '852', '974', '980', '995']
['59', '238', '239', '278', '310', '440', '455', '502', '523', '567', '576', '590', '593', '703', '716', '720', '723', '724', '786', '795', '813', '818', '832', '834', '840', '895', '986']
['43', '44', '52', '182', '207', '231', '233', '307', '322', '323', '508', '515', '569', '645', '653', '708', '718', '829', '838', '855', '898', '907']
['45', '47', '189', '190', '339', '390', '400', '402', '403', '405', '411', '412', '413', '425', '426', '427', '433', '435', '436', '437', '441', '443', '444', '445', '452', '454', '457', '460', '564', '579', '765']
['218', '235', '240', '243', '245', '247', '249', '251', '254', '256', '259', '262', '263', '393', '394', '395', '434', '833', '927', '928', '931', '933', '934', '944', '945', '948', '950', '956', '959', '966', '998']
['330', '331', '335', '337', '338', '340', '342', '343', '344', '345', '347', '348', '349', '350', '352', '354', '355', '357', '358', '359', '360', '361', '363', '364', '365', '366', '369', '373', '381', '392', '713']
['0', '42', '53', '64', '198', '200', '201', '202', '203', '204', '205', '206', '208', '210', '211', '212', '213', '215', '219', '221', '222', '224', '225', '226', '227', '229', '232', '570', '654', '757', '779']
