['16', '33', '34', '244', '254', '257', '258', '264', '265', '266', '280', '281', '294', '295', '311', '312', '611', '641', '665', '714', '736', '737', '738']
['31', '32', '36', '54', '164', '330', '346', '347', '356', '486', '550', '551', '658', '659', '689']
['85', '100', '101', '102', '172', '366', '452', '464', '488', '489', '532', '533', '561', '562', '755']
['114', '176', '423', '456', '457', '472', '473', '474', '475', '600', '653', '677', '678', '726', '739', '740', '811']
['88', '89', '115', '116', '118', '308', '494', '496', '805']
['143', '144', '162', '163', '170', '171', '190', '224', '293', '441', '442', '443', '444', '445', '448', '449', '450', '451', '458', '463', '487', '509', '516', '517', '747', '748', '749', '765', '776', '854', '855']
['0', '1', '2', '235', '236', '638', '696', '881', '882', '918']
['3', '4', '7', '8', '9', '10', '19', '20', '22', '40', '41', '46', '96', '97', '98', '99', '110', '238', '253', '255', '256', '262', '414', '415', '476', '477', '851', '878']
['47', '277', '304', '317', '531', '558', '559', '560', '615', '616', '617', '618', '824', '831', '860', '861', '862']
['127', '128', '130', '135', '145', '146', '147', '165', '166', '167', '168', '169', '217', '218', '245', '246', '249', '363', '391', '405', '406', '436', '437', '651', '652', '675', '676', '681']
['247', '248', '459', '478', '479', '704', '705', '706', '707', '716', '717', '741', '742', '743', '785', '786', '817', '818', '819', '821', '825', '832', '890', '900']
['66', '70', '120', '121', '122', '340', '341', '367', '368', '395', '413', '433', '434', '435', '578', '579', '591', '592', '619', '857']
['71', '72', '73', '79', '80', '239', '240', '470', '499', '500', '514', '571', '576', '587', '588', '589', '593', '620', '621', '622', '702', '703', '715', '763', '771', '772', '787', '788']
['142', '159', '160', '161', '222', '223', '279', '404', '431', '432', '468', '469', '497', '498', '529', '530', '555', '556', '826', '827']
['18', '37', '38', '39', '124', '125', '335', '336', '357', '358', '359', '360', '572', '573', '580', '581', '687', '719', '720', '836', '846', '873', '874', '875', '876']
['78', '94', '95', '331', '348', '349', '419', '420', '421', '422', '607', '608', '609', '610']
['192', '196', '197', '201', '202', '203', '204', '205', '206', '207', '208', '214', '215', '216', '220', '221', '225', '226', '227', '228', '642', '721', '750', '751', '858', '859', '865', '879', '937', '938', '939']
['129', '133', '134', '141', '241', '242', '243', '315', '316', '318', '322', '323', '332', '350', '351', '352', '669', '670', '671', '863', '915', '916']
['268', '286', '287', '378', '379', '692', '698', '699', '764', '773', '774', '791', '792', '793', '794', '834', '850']
['21', '43', '44', '45', '151', '152', '177', '178', '179', '386', '904', '905', '927', '928', '944']
['6', '13', '14', '274', '275', '296', '297', '299', '300', '545', '887', '893', '894']
['108', '109', '333', '353', '453', '460', '461', '466', '467', '480', '481', '482', '483', '645', '646', '661', '662', '663', '664', '784', '889', '897', '898', '913', '914']
['454', '504', '506', '521', '537', '538', '539', '602', '603', '674', '883', '885', '886', '892']
['5', '11', '23', '112', '131', '210', '219', '232', '233', '250', '251', '342', '361', '369', '370', '371', '380', '673']
['261', '282', '309', '310', '313', '314', '334', '354', '426', '427', '536', '637', '761', '766', '767', '778', '779', '780', '804', '806', '810', '828', '829', '838', '839', '840', '929', '930', '931']
['12', '24', '25', '26', '50', '51', '52', '53', '157', '158', '271', '272', '290', '291', '292', '400', '401', '402', '425', '566', '688', '777', '781', '799', '800', '808', '809', '907', '908', '936']
['30', '60', '61', '67', '68', '74', '455', '512', '513', '522', '523', '534', '541', '564', '565', '629', '644', '660', '691', '713', '734', '735', '746']
['259', '524', '525', '595', '596', '597', '625', '626', '627', '628', '635', '636', '679', '680', '830', '841', '842', '866', '867']
['27', '55', '56', '57', '58', '59', '567', '568', '569', '655', '690', '693', '694', '695', '847', '848', '877', '884', '922']
['69', '76', '77', '90', '91', '92', '93', '123', '267', '273', '283', '284', '285', '326', '327', '338', '339', '364', '365', '542', '543', '544', '590', '613', '614', '632']
['319', '324', '325', '337', '398', '570', '574', '575', '582', '583', '584', '598', '599', '601', '732', '733']
['132', '139', '153', '180', '181', '182', '471', '501', '502', '503', '718', '723', '744', '745']
['28', '29', '75', '320', '321', '329', '345', '374', '375', '376', '377', '385', '393', '394', '409', '410', '411', '412', '631', '633', '634', '639', '640', '643', '656', '657', '683', '684', '685', '686', '760', '935']
['392', '407', '408', '438', '439', '440', '446', '447', '563', '585', '630', '647', '654', '708', '725', '820', '822', '823', '906', '932', '933']
['15', '83', '84', '103', '104', '105', '154', '183', '184', '428', '429', '430', '594', '623', '624', '697', '722', '789', '790', '871']
['48', '49', '107', '140', '155', '185', '186', '388', '399', '864']
['106', '612', '835', '852', '853', '891', '901', '902', '919', '920', '921', '923', '924']
['252', '387', '396', '397', '417', '418', '577', '753', '754', '775', '795', '796', '816', '899', '917']
['306', '546', '547', '756', '757', '758', '759']
['298', '307', '511', '519', '520', '535', '553', '554', '666', '667', '682', '801', '807', '896', '912', '943']
['62', '63', '64', '65', '126', '189', '191', '195', '209', '211', '229', '230', '231', '234', '355', '416', '510', '515', '518', '527', '528', '552', '727', '856', '909']
['17', '35', '117', '465', '490', '491', '492', '493', '762', '768', '769', '770', '782', '783', '812', '813', '814', '815', '843', '844', '845', '868', '869', '870', '872', '911', '942']
['328', '343', '344', '372', '373', '381', '382', '383', '384', '389', '390', '403', '462', '484', '485', '495', '505', '507', '508']
['81', '82', '193', '194', '198', '199', '200', '212', '213', '237', '263', '276', '278', '301', '302', '305', '526', '548', '549', '797', '798', '888', '895', '903', '910', '925', '926', '940', '941']
['113', '156', '187', '188', '362', '540', '586', '604', '605', '606', '648', '649', '650', '668', '672', '700', '701', '709', '710', '711', '712', '728', '729', '730', '731', '752', '802', '803', '934']
['42', '86', '87', '111', '119', '136', '137', '138', '148', '149', '150', '173', '174', '175', '260', '269', '270', '288', '289', '303', '424', '557', '724', '833', '837', '849', '880']
