['197', '229', '264', '946']
['253', '326', '330', '380', '398', '445', '625', '665', '738', '828']
['57', '145', '282', '311', '382', '385', '415', '607', '799', '869']
['32', '130', '177', '188', '315', '354', '471', '475', '684', '818']
['28', '190', '289', '534', '630', '643', '810', '849', '885', '936']
['226', '301', '578', '611', '616', '670', '683', '745', '814', '944']
['29', '141', '569', '777', '855', '901', '908', '913', '955', '985']
['8', '116', '778']
['619', '633', '636', '732', '964']
['152', '178', '208', '361', '489', '590', '676', '704', '809', '838']
['134', '158', '406', '425', '431', '544', '558', '642', '743']
['793']
['132', '547', '555', '718', '736', '776', '805', '940', '942']
['414', '830']
['347', '591', '709', '834', '873', '928', '990']
['118', '125', '213', '453', '604', '693', '705', '847', '917']
['184']
['383', '473', '478', '602', '672', '712', '858']
['140', '228', '283', '358', '408', '585', '708', '772', '837', '853']
['50', '64', '345', '370', '479', '510', '598', '771', '890', '983']
['104', '166', '285', '349', '495', '508', '566', '740', '750', '950']
['251', '298', '312', '554', '652', '691', '722']
['94', '525', '594', '675', '728']
['11', '155', '328', '363', '502', '677', '690']
['265', '894']
['13', '151', '179', '572', '622']
['287', '314', '417', '540', '681', '751', '875', '929', '941']
['124', '138', '302', '528', '765', '811', '866', '880']
['35', '404', '583', '686', '694', '741', '774', '867', '884', '895']
['217', '376', '527', '668', '739', '974']
['93', '120', '364', '470', '700', '754', '801']
['170', '203', '351', '451', '575', '692', '803', '961']
['23', '91', '458', '533', '582', '860', '973']
['5', '20', '70', '205', '284', '626', '768', '808', '852', '989']
['33', '42', '110', '122', '128', '418', '481', '697', '879']
['182', '209', '371', '529', '545', '567', '661', '703', '888', '971']
['51', '76', '99', '239', '338', '420', '956', '970', '972']
['92', '96', '169', '227', '297', '342', '782', '850']
['58', '160', '250', '393', '452', '498', '857', '963', '975', '999']
['119', '268', '339', '378', '410', '592', '617', '699', '851']
['509', '781', '827', '864', '902', '935']
['998']
['231', '232', '252', '357', '367', '457', '530', '624', '819']
['150', '189', '340', '752', '769', '789', '919']
['47', '183', '432', '462']
['46', '112', '263', '399', '483', '514', '682', '713', '786', '787']
['36', '135', '143', '365', '472', '513', '603', '645', '960']
['65', '202', '400', '447', '539', '614', '648', '747', '779', '883']
['204', '237', '260', '323', '386', '610', '615', '717', '725', '952']
['24', '174', '223', '441', '444', '542', '737', '881', '932', '965']
['306']
['49', '79', '187', '360', '440', '503', '526', '702', '766']
['54', '73', '101', '394', '532', '577', '863', '910', '976']
['436', '459', '488', '549', '753', '762', '806', '825', '957', '977']
['25', '422', '496', '561', '584', '637', '926']
['6', '157', '273', '329', '372', '541', '597', '667', '685', '689']
['9', '127', '163', '292', '553', '878']
['257', '279', '568', '600', '634', '638', '649']
['31', '137', '215', '419', '434', '669', '872']
['3', '67', '77', '424', '556', '595', '606', '639']
['30', '83', '107', '255', '333', '563', '605', '650', '756', '906']
['331', '336', '387', '403', '429', '493', '726', '953']
['195', '319', '412', '560', '656', '662', '788', '835', '848', '877']
['220', '463', '464', '612', '680', '759', '783', '812', '927']
['167', '210', '274', '657', '674', '798', '939']
['10', '45', '85', '246', '321', '515', '518', '574', '654', '979']
['324', '500', '641', '659', '889']
['102', '381', '405', '426', '435', '557', '599', '802']
['71', '100', '108', '224', '235', '291', '474', '501', '931', '993']
['303', '325', '384', '537', '937']
['38', '168', '172', '266', '467', '796', '839', '988']
['12', '14', '17', '21', '194', '259', '288', '438', '551', '720']
['198', '299', '313', '346', '373', '492', '687', '696', '746']
['56', '87', '196', '281', '443', '482', '570', '571', '820', '966']
['212', '499', '504', '576', '911']
['109', '402', '409', '758', '800', '833', '959', '996']
['105', '146', '369', '391', '580', '653', '920', '921']
['27', '84', '222', '225', '355', '439', '487', '579', '861', '967']
['63', '211', '271', '332', '448', '506', '899', '930', '934']
['48', '159', '240', '468', '589', '618', '757', '945']
['69', '180', '396', '505', '546', '548', '678', '854', '865', '951']
['7', '68', '142', '609', '856']
['34', '186', '199', '244', '344', '350', '507', '807', '836', '922']
['53', '88', '294', '392', '485', '519', '640', '767', '933']
['61', '456', '601', '711', '727', '896', '903']
['16', '173', '262', '401', '407', '521', '763', '797', '986', '987']
['133', '201', '249', '512', '543', '664', '760', '795', '813', '876']
['60', '123', '206', '318', '397', '490', '733', '891', '914']
['89', '162', '538', '608', '716', '784', '923', '992']
['247', '310', '635', '947', '982']
['337', '341', '374', '389', '748', '761', '843']
['44', '230', '238', '267', '334', '596', '620']
['219', '290', '308', '430', '660', '775', '794', '842', '962']
['136', '356', '484', '587', '621', '821', '859', '887', '949']
['37', '43', '242', '286', '307', '742', '892', '938']
['1', '115', '256', '322', '460', '868']
['40', '55', '175', '216', '309', '511', '524', '948']
['15', '98', '121', '276', '413', '416', '454', '729', '770', '918']
['86', '111', '156', '161', '300', '320', '497', '870', '893', '912']
['41', '221', '368', '552', '655', '695', '943', '968']
['153', '176', '362', '494', '531', '623', '780', '817', '871', '1000']
['2', '26', '74', '117', '192', '234', '304', '455', '904', '991']
['82', '275', '427', '486', '491', '517', '628', '631', '845']
['97', '126', '200', '353', '658', '671', '721', '749', '773', '995']
['352', '647', '701', '804', '831', '897', '905', '978']
['62', '72', '293', '305', '469', '666', '840', '900']
['66', '218', '272', '343', '379', '411', '522', '644', '646', '823']
['236', '243', '316', '476', '764', '844', '898', '958']
['185', '395', '428', '523', '632', '724', '829', '874']
['207', '245', '270', '375', '520', '710', '822', '907']
['18', '103', '335', '477', '581', '679', '730', '735', '909', '954']
['81', '149', '269', '278', '390']
['114', '193', '442', '461', '593', '841']
['4', '39', '106', '148', '258', '359', '586', '688', '790', '925']
['131', '214', '433', '446', '550', '719', '980', '981', '994', '997']
['52', '95', '154', '165', '233', '388', '480', '562', '755', '984']
['181', '191', '277', '348', '421', '423', '466', '629', '723', '846']
['19', '171', '254', '535', '536', '573', '627', '673', '706', '734']
['59', '80', '90', '296', '449', '707', '832', '862']
['241', '280', '295', '327', '366', '714']
['139', '248', '377', '588', '663', '698', '715', '882', '886', '969']
['22', '78', '261', '559', '564', '565', '785', '826']
['75', '113', '144', '147', '164', '317', '437', '651', '731', '915']
['129', '450', '613', '744', '815', '824', '916', '924']
['465', '516', '791', '792', '816']
