['Leonanie', 'Lissi', 'Masha', 'Celka', 'Kristy', 'Marline', 'Adele', 'Johnna', 'Peta', 'Ilka', 'Ardisj', 'Kyle', 'Jennilee', 'Christine', 'Sarita', 'Mercy', 'Leandra', 'Tarra', 'Hatty', 'Andria']
['Wilona', 'Thomasin', 'Doralyn', 'Krissy', 'Diannne', 'Gracia', 'Cecilia', 'Aleen', 'Ardys', 'Domeniga', 'Ellie', 'Britte', 'Minnnie', 'Theresina', 'Buffy', 'Adi', 'Nat', 'Liva', 'Mada', 'Iolanthe']
['Rebeka', 'Viki', 'Harmonie', 'Marna', 'Friederike', 'Tatum', 'Vanna', 'Del', 'Arabella', 'Sela', 'Julietta', 'Nalani', 'Maria', 'Danita', 'Alisun', 'Bonnee', 'Donica', 'Kaile', 'Pris', 'Vikky']
['Allianora', 'Modestine', 'Bridget', 'Trescha', 'Glori', 'Sophie', 'Fern', 'Ara', 'Gale', 'Bibbie', 'Moira', 'Chrysa', 'Irene', 'Nicoli', 'Leonie', 'Ricca', 'Fina', 'Quentin', 'Rycca', 'Kerianne']
['Dita', 'Alida', 'Dorey', 'Dode', 'Tally', 'Christa', 'Jojo', 'Mufi', 'Gabbie', 'Roanne', 'Carmen', 'Madelene', 'Yoko', 'Teodora', 'Kessiah', 'Cristabel', 'Donna', 'Mitzi', 'Abigale', 'Jenny']
['Kasey', 'Lela', 'Torie', 'Etheline', 'Tomi', 'Philippe', 'Chandal', 'Giana', 'Farra', 'Aili', 'Goldarina', 'Shelli', 'Leshia', 'Blakelee', 'Henriette', 'Elaina', 'Raquel', 'Keely', 'Emera', 'Adena']
['Krystyna', 'Elnore', 'Arline', 'Janith', 'Cortney', 'Lucienne', 'Caitrin', 'Sibyl', 'Latrina', 'Ki', 'Adriaens', 'Arleta', 'Tiphany', 'Linnea', 'Cyndy', 'Griselda', 'Vania', 'Fay', 'Georgeta', 'Eden']
['Keriann', 'Tiphanie', 'Jacqueline', 'Eve', 'Camille', 'Jackqueline', 'Adorne', 'Joycelin', 'Ninette', 'Thomasine', 'Alethea', 'Roxana', 'Cordie', 'Inesita', 'Eugine', 'Charline', 'Aprilette', 'Paolina', 'Dru', 'Sabra']
['Luce', 'Colette', 'Tonie', 'Rorie', 'Brandise', 'Clarabelle', 'Ruthi', 'Wilhelmine', 'Hazel', 'Andra', 'Alisa', 'Giselle', 'Serene', 'Ivonne', 'Rosanna', 'Karlotta', 'Lydia', 'Leonore', 'Poppy', 'Gilemette']
['Dody', 'Almeta', 'Kenna', 'Moyra', 'Bambie', 'Enriqueta', 'Lian', 'Shir', 'Alison', 'Faydra', 'Analise', 'Lynelle', 'Laverna', 'Pat', 'Tiffi', 'Vernice', 'Genevra', 'Chery', 'Dorise', 'Brooks']
['Roxy', 'Willow', 'Vera', 'Margaret', 'Arly', 'Emalee', 'Goldina', 'Randene', 'Jerrine', 'Sophia', 'Biddie', 'Georgena', 'Miguelita', 'Nora', 'Dania', 'Daveta', 'Gladi', 'Olenka', 'Casi', 'Venus']
['Roseanne', 'Brandie', 'Shela', 'Joye', 'Nichole', 'Jonie', 'Liv', 'Paloma', 'Lianne', 'Hestia', 'Leora', 'Agneta', 'Shaylynn', 'Dorie', 'Ollie', 'Morgan', 'Daria', 'Lonni', 'Yasmeen', 'Dionne']
['Phelia', 'Carena', 'Cristal', 'Prudi', 'Maisie', 'Sally', 'Caria', 'Nyssa', 'Rosemary', 'Eadie', 'Misty', 'Elinor', 'Tisha', 'Gertrudis', 'Eilis', 'Consolata', 'Jayme', 'Jacquetta', 'Dorrie', 'Esme']
['Norene', 'Galina', 'Celestina', 'Rivkah', 'Fanchette', 'Hinda', 'Emmye', 'Clair', 'Greta', 'Audrye', 'Eleonore', 'Nollie', 'Cherice', 'Anestassia', 'Sissie', 'Rachel', 'Doroteya', 'Yvonne', 'Berget', 'Elka']
['Janel', 'Chelsy', 'Evangelina', 'Malia', 'Natalee', 'Aubine', 'Sianna', 'Helaina', 'Avis', 'Aleta', 'Fredericka', 'Nicholle', 'Annabel', 'Bonnie', 'Gratiana', 'Kassia', 'Louisette', 'Cindy', 'Bethina', 'Dorothea']
['Emmie', 'Cherlyn', 'Kelila', 'Shandie', 'Selestina', 'Mirabelle', 'Valery', 'Willie', 'Milka', 'Eleanora', 'Denny', 'Leonelle', 'Natividad', 'Lindsay', 'Daffy', 'Melantha', 'Meg', 'Alysa', 'Cariotta', 'Geneva']
['Edith', 'Glynda', 'Tobye', 'Arabele', 'Merci', 'Odelle', 'Joellen', 'Helena', 'Pierrette', 'Caren', 'Marsha', 'Karine', 'Lulita', 'Beryl', 'Camila', 'Enid', 'Xenia', 'Mella', 'Adara', 'Maegan']
['Suzette', 'Veronike', 'Bobbye', 'Melody', 'Jodee', 'Quintilla', 'Agathe', 'Georgia', 'Wendeline', 'Jolynn', 'Arlette', 'Caye', 'Andromache', 'Terza', 'Wynny', 'Dominga', 'Mariejeanne', 'Breanne', 'Charin', 'Dulciana']
['Teddi', 'Josefina', 'Wilma', 'Marlene', 'Karlotte', 'Blanca', 'Maurizia', 'Ladonna', 'Atlante', 'Mara', 'Gloria', 'Sandye', 'Imogen', 'Rosaleen', 'Biddy', 'Jaquelyn', 'Elvira', 'Jaynell', 'Marlena', 'Caroline']
['Moina', 'Glenn', 'Grissel', 'Kip', 'Wendie', 'Cassey', 'Dorice', 'Carmencita', 'Milissent', 'Penny', 'Kass', 'Mandi', 'Evita', 'Ertha', 'Clari', 'Channa', 'Cathie', 'Giuditta', 'Ralina', 'Donni']
['Abagael', 'Brana', 'Marlyn', 'Josi', 'Malissa', 'Agnella', 'Heida', 'Christel', 'Bee', 'Vivi', 'Margette', 'De', 'Erina', 'Analiese', 'Debera', 'Hephzibah', 'Lotte', 'Muriel', 'Cinderella', 'Jacquelyn']
['Wallie', 'Kathrine', 'Lenora', 'Tabbatha', 'Pru', 'Nelly', 'Erinn', 'Tabbi', 'Anissa', 'Heddi', 'Perrine', 'Kalinda', 'Ebony', 'Kamila', 'Page', 'Maribeth', 'Ericka', 'Lisbeth', 'Laryssa', 'Clementina']
['Linnie', 'Alecia', 'Gianna', 'Brittni', 'Aura', 'Alexina', 'Nydia', 'Alex', 'Martita', 'Felicity', 'Celene', 'Evey', 'Bliss', 'Arlene', 'Damita', 'Veda', 'Mab', 'Lorita', 'Ranee', 'Phoebe']
['Austina', 'Jazmin', 'Colline', 'Elyn', 'Neely', 'Angil', 'Gilli', 'Linea', 'Jess', 'Frayda', 'Tiertza', 'Allix', 'Aurelea', 'Sybilla', 'Rachelle', 'Reta', 'Danice', 'Donielle', 'Miran', 'Mathilda']
['Lorianna', 'Brittany', 'Una', 'Brigitte', 'Gennie', 'Judi', 'Trixy', 'Estella', 'Dredi', 'Bunnie', 'Willa', 'Franny', 'Ursa', 'Adel', 'Nada', 'Rozalie', 'Hailee', 'Keelia', 'Kali', 'Evie']
['Iona', 'Tonye', 'Patrizia', 'Elisabetta', 'Kiersten', 'Rivi', 'Vida', 'Kerrill', 'Cristie', 'Dolorita', 'Tilly', 'Bernie', 'Winnah', 'Shannah', 'Janey', 'Mikaela', 'Marcelle', 'Becka', 'Ediva', 'Gerianna']
['Cati', 'Cyb', 'Adore', 'Val', 'Tracie', 'Lola', 'Lura', 'Latrena', 'Winnifred', 'Polly', 'Stephie', 'Steffie', 'Ethelind', 'Leila', 'Noelani', 'Tanhya', 'Romola', 'Wally', 'Chiquita', 'Nikoletta']
['Norri', 'Briana', 'Mirabella', 'Leontyne', 'Vannie', 'Lanae', 'Modesta', 'Farica', 'Klara', 'Tessie', 'Nanni', 'Shelby', 'Ramonda', 'Adrea', 'Bibi', 'Ninnetta', 'Mercie', 'Jobyna', 'Margi', 'Emili']
['Lonnie', 'Angelica', 'Elnora', 'Henrieta', 'Benedicta', 'Alvina', 'Marleah', 'Tasia', 'DeeDee', 'Nani', 'Selena', 'Katheryn', 'Ginnifer', 'Oona', 'Frankie', 'Cissy', 'Kerri', 'Meghan', 'Carmel', 'Blondelle']
['Yolanthe', 'Philis', 'Georgeanna', 'Gayel', 'Debby', 'Petronille', 'Janetta', 'Simonne', 'Roseanna', 'Fallon', 'Claudia', 'Kelsey', 'Elisa', 'Kattie', 'Cherianne', 'Mariana', 'Gelya', 'Lorie', 'Binni', 'Aggi']
['Saloma', 'Gayleen', 'Ddene', 'Mattie', 'Melisse', 'Peggy', 'Cassandra', 'Dianemarie', 'Joni', 'Rasia', 'Mia', 'Lesli', 'Ludovika', 'Nolana', 'Konstance', 'Allene', 'Rosette', 'Marybelle', 'Deerdre', 'Terri']
['Clara', 'Chrissie', 'Maighdiln', 'Cecil', 'Norina', 'Bernice', 'Lori', 'Georgie', 'Violante', 'Hermia', 'Jacenta', 'Lenka', 'Mirna', 'Kat', 'Deanna', 'Debi', 'Michaela', 'Yvette', 'Lurleen', 'Cherise']
['Hilary', 'Celesta', 'Roz', 'HelenElizabeth', 'Cammy', 'Katerine', 'Hollyanne', 'Penni', 'Manon', 'Ines', 'Marissa', 'Lurette', 'Constantine', 'Lillis', 'Bettina', 'Cornie', 'Charissa', 'Laurene', 'Kandy', 'Dniren']
['Adrienne', 'Olivette', 'Leigh', 'Naoma', 'Zorine', 'Gusta', 'Gabi', 'Lynnet', 'Ros', 'Kitti', 'Sherrie', 'Arlinda', 'Jorie', 'Sal', 'Brietta', 'Andree', 'Benny', 'Ema', 'Merrile', 'Lauralee']
['Doe', 'Lexie', 'Merry', 'Zoe', 'Ermina', 'Lacey', 'Cindelyn', 'Clary', 'Jolene', 'Ainslee', 'Leeanne', 'Nathalia', 'Hildegaard', 'Ann', 'Danit', 'Veronica', 'Freddy', 'Maxie', 'Perl', 'Mollee']
['Bari', 'Deena', 'Lorry', 'Isa', 'Ashil', 'Hedi', 'Minta', 'Norrie', 'Vittoria', 'Marcile', 'Marcellina', 'Joeann', 'Aggie', 'Bethena', 'Alessandra', 'Berta', 'Arlen', 'Delphine', 'Theressa', 'Astra']
['Phyllys', 'Caprice', 'Estrella', 'AnnaDiana', 'Calida', 'Leland', 'Gwendolen', 'Wendy', 'Grayce', 'Ronda', 'Dyanne', 'Merilee', 'Megan', 'Mickie', 'Ysabel', 'Clarice', 'Deane', 'Starla', 'Trenna', 'Jerrylee']
['Luciana', 'Debor', 'Natala', 'Sena', 'Lorianne', 'Regina', 'Shirl', 'Livvyy', 'Charmine', 'Sella', 'Annissa', 'Shalne', 'Sharlene', 'Linette', 'Kaela', 'Alie', 'Tierney', 'Melinde', 'Klarrisa', 'Vyky']
['Max', 'Drusi', 'Rici', 'Mary', 'Melisa', 'Gussi', 'Aime', 'Susana', 'Letisha', 'Eddi', 'Francoise', 'Angelle', 'Sybil', 'Fifine', 'Sarajane', 'Marjie', 'Tiffany', 'Reeta', 'Arlina', 'Kinna']
['Indira', 'Lise', 'Matilda', 'Sibylla', 'Ginelle', 'Kandace', 'Winnie', 'Rosamond', 'Abra', 'Minne', 'Austin', 'Phebe', 'Anabella', 'Kora', 'Esmaria', 'Cora', 'Vevay', 'Noelle', 'Beret', 'Issie']
