['389', '644', '721', '129', '378', '651', '975', '279', '481', '740', '501', '736', '102', '363', '25', '181', '80', '942']
['241', '463', '631', '901', '944', '58', '577', '995', '888', '909', '349', '409', '439', '907', '844', '588', '170', '820']
['462', '336', '365', '541', '716', '269', '99', '123', '151', '422', '551', '68', '223', '596', '645', '904', '240', '390']
['6', '333', '428', '244', '821', '953', '994', '119', '985', '469', '411', '500', '744', '924', '537', '81', '450', '281']
['404', '111', '763', '497', '590', '77', '127', '495', '559', '234', '352', '887', '64', '276', '562', '235', '663', '989']
['598']
['294']
['211', '254', '612', '921', '130', '359', '670', '172', '719', '192', '287', '485', '570', '964', '337', '732', '207', '629']
['37', '661']
['703', '857', '867', '295', '468', '657', '993', '289', '300', '593', '224', '317', '41', '313', '383', '613', '445', '602']
['864', '547', '982', '202', '832', '7', '986', '808', '666', '502', '790']
['43']
['169', '21', '263', '108', '168', '841', '863', '926', '5', '453', '723', '756', '199', '272', '44', '742', '480', '427']
['314', '766', '14', '255', '881', '116', '379', '584', '122', '140', '278', '569', '45', '941', '966', '17', '571', '536']
['152', '343', '788', '109', '304', '578', '153', '386', '930', '9', '465', '464', '441', '635', '334', '302', '63', '214']
['799']
['222', '280', '466', '467', '526', '560', '594', '754', '914', '233', '196', '572', '738', '473', '377', '54', '351', '739']
['0', '10', '215', '543', '685', '903', '391', '996', '470', '772', '220', '706', '894', '737', '948', '22', '669', '30']
['624', '458', '880', '205', '831', '854', '325', '198', '847', '978', '680', '494', '372', '555', '678', '568']
['850']
['424', '159', '203', '316', '354', '563', '472', '528', '177', '387', '595', '702', '874', '160', '961', '564', '749', '585']
['956', '461', '34', '227']
['699']
['27']
['479', '554', '870', '155', '653', '976', '101', '138', '908', '425', '248', '350', '394', '523', '643', '28']
['221', '367', '575', '786', '15', '395', '893', '902', '50', '504', '936', '433', '625', '839', '916', '514', '191', '245']
['344', '128', '231', '4', '879', '697', '35', '632', '715', '827', '371', '987', '512', '491', '638', '741', '810', '388']
['826']
['132', '282', '727', '805', '813', '988', '189', '787', '726', '659', '311', '126', '919', '188']
['257']
['933', '318', '816', '955', '991', '449', '542', '566']
['194']
['76', '432', '187', '561', '26', '361', '823', '667', '957', '770', '580', '489', '954', '797', '66', '607', '830', '695']
['573']
['708', '616']
['243', '586', '448', '843', '733', '752', '705', '369', '370', '380', '356', '757', '232', '861', '713', '520', '452', '228']
['72', '824']
['895']
['20', '78', '493', '581', '845', '393', '413', '486', '620', '535', '889', '691', '324', '376', '842', '332', '759', '553']
['483']
['540', '360']
['545', '149', '164', '402', '777', '932', '60', '158', '418', '646', '131', '225', '146', '216', '773', '605', '31', '753']
['516', '875', '761', '307', '878', '94', '687', '734', '992', '161', '213', '809', '286', '260', '319', '440', '355', '775']
['682', '510', '849', '990', '273', '345', '626', '84', '347', '822', '606', '534', '905', '963', '639', '97', '576', '407']
['784']
['549', '36', '162', '634', '735', '251', '818', '627', '934', '945', '247', '266', '684', '760', '556', '524', '546']
['768']
['672', '322', '435', '858', '290', '457', '789', '165', '960', '38', '118', '446', '48', '475', '87', '238', '121', '834']
['414']
['59']
['868']
['277', '785', '938', '346', '415', '506', '511', '725', '729', '764', '885', '615', '544', '817', '550', '641', '321', '603']
['882']
['29', '145', '600', '315', '928', '11', '920', '185', '264', '780', '718', '871', '892', '366', '617', '421', '23', '973']
['748', '283', '303', '83', '209', '262', '640', '965', '42', '381', '801', '795', '115', '275', '851', '674', '686', '204']
['100', '750', '420', '2', '147', '434', '717', '156', '496', '929', '915', '252', '410', '592', '950', '105', '696', '630']
['700']
['323', '40']
['178']
['619', '751', '527', '71', '114', '148', '166', '693', '285', '900', '16', '852', '980', '124', '338', '722', '88', '683']
['219', '647', '877', '515', '358']
['758']
['183', '397', '689', '55', '61', '104', '587', '437', '567', '210', '320', '368', '186', '531', '299', '677', '364', '505']
['940', '664', '362', '692', '951', '92', '591', '747', '342', '712', '939', '236', '937', '565', '583', '819', '853', '308']
['174']
['532', '195', '896', '33', '197', '774', '701', '798', '75', '144', '769', '52', '312', '405', '353', '508']
['310', '19', '557', '999', '107', '95', '426', '710', '962', '339', '698', '709', '675', '943', '530', '807', '519', '714']
['237']
['886']
['478', '261']
['912', '979', '952', '24', '82', '137', '608', '51', '253', '656', '746', '265', '597', '348', '239', '518', '477', '690']
['112', '637', '825', '141', '806', '46', '396', '455', '460', '400', '891', '848', '392', '246', '373', '284', '582', '341']
['539', '288']
['459', '694']
['171', '96', '173', '482', '676', '838', '869', '484', '611', '707', '804', '217', '375', '416', '935', '91', '90', '206']
['983']
['923']
['212', '704', '488', '890', '12', '306', '454', '673', '796', '242', '621', '208', '922', '931', '431', '301', '803']
['430', '681', '767', '552', '89', '271', '403', '93', '267', '13', '876', '724', '384', '69', '103', '984', '79', '419']
['800', '997']
['113', '633', '898', '296', '776', '884', '793', '918', '998', '474', '579', '256', '622', '558', '829', '927', '230', '614']
['609', '406', '649', '665', '3', '106', '447', '476', '618', '487', '802', '53', '648', '828', '958', '201', '548', '812']
['270', '730', '47', '176', '525', '910', '974', '668', '840', '522', '190', '135', '623', '778']
['328', '604', '866', '897', '136', '492', '833', '946', '507', '865', '8', '298', '335', '872', '143', '731', '330', '382']
['200', '1', '86', '331', '503', '711', '856', '117', '163', '906', '399', '184', '972', '229', '85', '134', '73', '499']
['911']
['157', '509', '862', '636', '762', '791', '720', '967', '471', '218', '292', '660', '250', '39', '811', '836', '860', '133']
['110', '443', '589', '652', '679', '855', '374', '650', '125', '658', '438', '268', '142', '883', '782', '340', '971', '74']
['781']
['49', '139', '167', '917', '32', '154', '259', '309', '977', '451', '662', '771', '65', '517', '258', '327', '628', '925']
['293', '538', '846', '274', '456', '175', '291', '412', '815', '873', '417', '837', '150', '599', '655', '18', '398', '728']
['326', '533', '794', '193', '529', '755', '970', '179', '513', '429', '835', '67', '180', '305', '792', '385', '297', '98']
['968']
['490']
['329', '688', '814', '859', '182', '444', '610', '442', '671', '743', '913', '226', '779', '62', '745', '574', '423', '899']
['969', '949', '959', '56', '357', '401', '783', '498', '436', '947', '654', '981', '765', '57', '249', '642', '601', '120']
['521', '70']
['408']
