['ccccccc', 'jjjjjjjj', 'nn', 'nnnnnnnnnnnn', 'nnnnnnnnnnnnn', 'DDDD', 'DDDDDDDDDDD', 'VV', 'VVV', 'VVVVVVV', 'VVVVVVVVVVVVV', 'VVVVVVVVVVVVVVVV', 'YYYYYY', 'YYYYYYYY', '4', '88', '8888888', '888888888888', '888888888888888', '8888888888888888']
['jj', 'P', 'PPPPPP', 'PPPPPPP', 'PPPPPPPPPPP', 'PPPPPPPPPPPPP', 'PPPPPPPPPPPPPPP', 'RR', 'RRRRRRRRRRR', 'UUUUUU', 'UUUUUUUUUUUUUU', 'WWWWWWWWWWWWWWWW', '7777777', '77777777', '777777777777', '77777777777777']
['fffffffff', 'ggggggggggg', 'hh', 'hhhhh', 'hhhhhh', 'hhhhhhhhhhh', 'hhhhhhhhhhhhhhh', 'n', 'xxx', 'MMMMMMMM', 'PPPPP', '33333', '33333333']
['aaaaaaaaaaa', 'aaaaaaaaaaaa', 'aaaaaaaaaaaaaaa', 'BBBBBB', 'BBBBBBBBBBBB', 'BBBBBBBBBBBBBB', 'C', 'CC', 'CCCCCCC', 'CCCCCCCCC', 'CCCCCCCCCC', 'CCCCCCCCCCC', 'CCCCCCCCCCCCCCC', 'F', 'FFF', 'FFFF', 'FFFFF', 'FFFFFFFFF', 'FFFFFFFFFFFFF', 'FFFFFFFFFFFFFFFF', 'XX', 'YYYYY', 'ZZZ', '3333333333']
['hhhhhhh', 'o', 'ooooo', 'oooooooo', 'BBBBBBBBB', 'DD', 'DDD', 'DDDDDD', 'DDDDDDD', 'DDDDDDDDDDDDD', 'FF', 'FFFFFFF', 'FFFFFFFF', 'NNNNNNNNNNNNNNN', 'SSSS', 'SSSSS', 'SSSSSS', 'SSSSSSSSSS', 'SSSSSSSSSSS', 'SSSSSSSSSSSSSS', 'SSSSSSSSSSSSSSSS', 'UU']
['nnn', 'nnnnnn', 'nnnnnnn', 'nnnnnnnn', 'nnnnnnnnnnn', 'nnnnnnnnnnnnnn', 'nnnnnnnnnnnnnnn']
['gggggggggggggg', 'ggggggggggggggg', 'm', 'mmmmmm', 'AAAA', 'AAAAAAA', 'AAAAAAAAAAAA']
['j', 'vv', 'vvv', 'vvvvvvvvvv', 'xxxxxxxxxxx', 'JJJJJJJJJJ', 'PPPPPPPPPP']
['ccccccccccc', 'eeeeee', 'eeeeeeeee', 'eeeeeeeeeeeeeeee', 'gg', 'gggg', 'l', 'ssssssss', 'OOO', 'OOOOOOO', 'OOOOOOOOOO', 'OOOOOOOOOOOO', 'OOOOOOOOOOOOO', 'OOOOOOOOOOOOOOO']
['dd', 'ddddd', 'dddddddddddd', 'dddddddddddddddd', 'nnnn', 'nnnnn', 'nnnnnnnnnnnnnnnn', 'r', 'rr', 'rrrrrrrrrrrr', 'vvvvvvvvvvvvvvvv', 'wwwwwwwwwwww', 'z', 'zz', 'zzzz', 'zzzzz', 'zzzzzzz', 'zzzzzzzzz', 'zzzzzzzzzzzzzz', 'zzzzzzzzzzzzzzz', 'zzzzzzzzzzzzzzzz', 'MMMMMMMMMMMMMM']
['bb', 'ccccccccccccc', 'pp', 'pppppppppppp', 'ww', 'www', 'wwww', 'wwwww', 'wwwwww', 'wwwwwwww', 'wwwwwwwww', 'wwwwwwwwww', 'wwwwwwwwwwwww', 'wwwwwwwwwwwwwwww', 'xx', 'xxxx', 'xxxxxx', 'xxxxxxx', 'xxxxxxxx', 'xxxxxxxxx', 'xxxxxxxxxxxxx', 'xxxxxxxxxxxxxxx', 'xxxxxxxxxxxxxxxx', '7', '77777777777']
['ggggg', 'gggggggggggg', 'jjjjjjjjjjj', 'QQQQ', 'QQQQQQQQQQQQQQ']
['nnnnnnnnn', 'rrrrr', 'rrrrrrrrr', 'GG', 'GGG', 'GGGGGGG', 'GGGGGGGGGGGGG', 'HHHHHHHHHHHHHHH', 'MMMMMMM', 'MMMMMMMMMMM', 'MMMMMMMMMMMMMMM', 'MMMMMMMMMMMMMMMM']
['bbbbb', 'KKKKKKKKK', '222', '22222', '222222', '2222222', '22222222', '222222222', '2222222222', '2222222222222', '22222222222222', '222222222222222']
['ooo', 'ooooooooooo', 'oooooooooooo', 'ooooooooooooo', 'FFFFFFFFFFFF']
['hhhhhhhhhh', 'wwwwwwwwwwwwwww', '22', '22222222222']
['wwwwwwwwwww', 'yyyyyyyyy', 'A', 'AAAAAA', 'AAAAAAAAAA', 'G', 'GGGG', 'GGGGG', 'GGGGGGGG', 'GGGGGGGGG', 'V', 'VVVV', 'VVVVVV', 'VVVVVVVVV', 'VVVVVVVVVV', 'VVVVVVVVVVV', 'VVVVVVVVVVVV', 'VVVVVVVVVVVVVV', 'VVVVVVVVVVVVVVV']
['s', 'ss', 'sss', 'ssss', 'ssssss', 'sssssss', 'sssssssss', 'ssssssssss', 'sssssssssss', 'ssssssssssss', 'ssssssssssssss', 'sssssssssssssss', 'ssssssssssssssss', 'zzzzzzzzzzz', 'zzzzzzzzzzzzz', 'N', 'NNN', 'NNNN', 'NNNNN', 'NNNNNNN', 'NNNNNNNN', 'NNNNNNNNNNN', 'PPPPPPPPP', 'YYYYYYYYYYYYYY', 'ZZ', 'ZZZZZ']
['qq', 'qqqq', 'qqqqqqq', 'qqqqqqqqqqqqq', 'qqqqqqqqqqqqqqq', 'uuuuuuuuuuuuuuu', 'GGGGGGGGGGGGGGG', 'HHHHH', 'NN', 'NNNNNNNNNN', 'T', 'TTTT', 'TTTTTTTT', 'TTTTTTTTTT', 'TTTTTTTTTTT', 'TTTTTTTTTTTTT', 'TTTTTTTTTTTTTTT', 'TTTTTTTTTTTTTTTT', 'XXXXXXXXXXXXXX', 'Z', 'ZZZZZZZ', 'ZZZZZZZZ', 'ZZZZZZZZZ', 'ZZZZZZZZZZZ', 'ZZZZZZZZZZZZ', 'ZZZZZZZZZZZZZ']
['g', 'ggg', 'gggggg', 'ggggggg', 'gggggggg', 'ggggggggg', 'gggggggggg', 'ggggggggggggg', 'gggggggggggggggg', 'jjjjjj', 'lllllllllll', 'LLL', 'LLLLL', 'LLLLLLLLLLLLLL', 'RRRRRRRRRRRRR']
['SSS', 'X', 'XXXXX', 'XXXXXXXXX', '11111111', '8888', '888888', '88888888888']
['mm', 'mmm', 'mmmm', 'mmmmm', 'mmmmmmm', 'mmmmmmmm', 'mmmmmmmmmm', 'mmmmmmmmmmm', 'mmmmmmmmmmmm', 'mmmmmmmmmmmmm', 'mmmmmmmmmmmmmm', 'mmmmmmmmmmmmmmm', 'ttttttttttttttt', 'tttttttttttttttt', 'NNNNNNNNNNNN', 'TTTTTTTTT', 'XXX', 'XXXX', 'XXXXXXX', 'XXXXXXXX', 'XXXXXXXXXXX', 'XXXXXXXXXXXX', 'XXXXXXXXXXXXX', 'XXXXXXXXXXXXXXX', 'XXXXXXXXXXXXXXXX']
['kkk', 'kkkk', 'kkkkkkkkkkkk', 'kkkkkkkkkkkkkkk', 'vvvv', 'vvvvvvvvvvvvvvv', 'GGGGGGGGGGGG']
['ddddddd', 'O', 'QQQQQQQQ', 'YYYYYYYYYYY', 'ZZZZZZ', 'ZZZZZZZZZZ', 'ZZZZZZZZZZZZZZ', 'ZZZZZZZZZZZZZZZ', 'ZZZZZZZZZZZZZZZZ']
['ffffffffff', 'w', 'wwwwwwwwwwwwww', 'BB', 'BBB', 'BBBB', 'BBBBBBBB', 'EEEEE', 'EEEEEEEE', 'MMMMMMMMMMMMM']
['b', 'bbb', 'bbbb', 'bbbbbbb', 'bbbbbbbb', 'bbbbbbbbb', 'bbbbbbbbbbbb', 'bbbbbbbbbbbbb', 'bbbbbbbbbbbbbbb', 'bbbbbbbbbbbbbbbb', 'u', 'uu', 'uuu', 'uuuuu', 'uuuuuu', 'uuuuuuu', 'uuuuuuuuuuuu', 'II', 'MM', 'MMMM', 'MMMMMMMMMMMM', 'NNNNNNNNNNNNNN']
['EEEEEEEEEEEEEE', 'GGGGGGGGGGG', 'YY', 'YYY', 'YYYY', 'YYYYYYY', 'YYYYYYYYYYYY', 'YYYYYYYYYYYYYYYY']
['rrrr', 'rrrrrrr', 'rrrrrrrr', 'rrrrrrrrrrr', 'rrrrrrrrrrrrr', 'rrrrrrrrrrrrrr', 'rrrrrrrrrrrrrrrr', 'CCCCC', 'FFFFFFFFFF', 'FFFFFFFFFFF', 'FFFFFFFFFFFFFF', 'J', 'JJ', 'JJJ', 'JJJJ', 'JJJJJJ', 'JJJJJJJJ', 'JJJJJJJJJ', 'JJJJJJJJJJJ', 'JJJJJJJJJJJJ', 'JJJJJJJJJJJJJ', 'JJJJJJJJJJJJJJJ', 'JJJJJJJJJJJJJJJJ', 'KKKKKKKKKKKKKKKK', 'NNNNNNNNN', 'UUUU', 'UUUUUUUU', '111111111', '333333', '33333333333', '3333333333333']
['aa', 'aaaaaaa', 'aaaaaaaaa', 'aaaaaaaaaaaaaaaa', 'i', 'iii', 'iiiii', 'iiiiii', 'iiiiiiii', 'iiiiiiiiiiiiii', 'iiiiiiiiiiiiiii', 'mmmmmmmmmmmmmmmm', 'rrrrrrrrrr', 'sssssssssssss', 'v', 'vvvvv', 'vvvvvv', 'vvvvvvv', 'vvvvvvvvv', 'vvvvvvvvvvv', 'vvvvvvvvvvvvv', 'LLLLLLLLLL', 'PP', 'PPP', 'PPPP', 'PPPPPPPPPPPPPP', 'PPPPPPPPPPPPPPPP', 'TT', 'TTT', 'TTTTTT', 'TTTTTTT', 'WWWWWWW', '1', '11111', '1111111', '1111111111', '11111111111111', '5', '55', '55555', '555555', '5555555', '5555555555', '55555555555', '555555555555', '5555555555555', '55555555555555', '5555555555555555', '666', '666666', '6666666666666', '6666666666666666']
['lllllllllllll', 'H', 'HH', 'HHHHHHH', 'HHHHHHHHH', 'HHHHHHHHHHHHH', 'HHHHHHHHHHHHHH', 'HHHHHHHHHHHHHHHH']
['sssss', 'tttttttt', 'HHH', 'HHHH', 'HHHHHH', 'HHHHHHHH', 'HHHHHHHHHHH', 'HHHHHHHHHHHH', 'KKKKKKK', 'KKKKKKKKKK', 'KKKKKKKKKKKKK', 'KKKKKKKKKKKKKKK', '77', '7777', '77777', '777777', '777777777', '7777777777']
['jjj', 'jjjjjjjjjjjjjjjj', 'vvvvvvvv', 'vvvvvvvvvvvv']
['h', 'hhh', 'hhhhhhhh', 'hhhhhhhhh', 'hhhhhhhhhhhhh', 'hhhhhhhhhhhhhh', 'hhhhhhhhhhhhhhhh', 'kkkkk', 'kkkkkk', 'kkkkkkk', 'U', 'UUUUUUU', 'UUUUUUUUU', 'UUUUUUUUUU', 'UUUUUUUUUUU', 'UUUUUUUUUUUU', 'UUUUUUUUUUUUU', 'UUUUUUUUUUUUUUU', 'UUUUUUUUUUUUUUUU', '66', '66666', '6666666', '66666666', '666666666', '66666666666', '8888888888']
['aaaaaa', 'aaaaaaaa', 'aaaaaaaaaa', 'ii', 'iiiiiiiiii', 'iiiiiiiiiii', 'iiiiiiiiiiii', 'iiiiiiiiiiiii', 'yyyyy', 'yyyyyy', 'yyyyyyyy', 'yyyyyyyyyyyy', 'yyyyyyyyyyyyyy', 'yyyyyyyyyyyyyyy', 'K', 'KK', 'KKK', 'KKKK', 'KKKKK', 'KKKKKK', 'KKKKKKKK', 'KKKKKKKKKKK', 'KKKKKKKKKKKK', 'KKKKKKKKKKKKKK', 'LLLLLLLLL', 'LLLLLLLLLLLLLLL', 'VVVVV', 'VVVVVVVV', '777777777777777']
['ll', 'lll', 'lllllll', 'llllllllllll', 'lllllllllllllll', 'oooooooooo', 'zzzzzzzz', 'D', 'DDDDDDDD', 'DDDDDDDDDDDD', 'DDDDDDDDDDDDDD', 'DDDDDDDDDDDDDDD', 'DDDDDDDDDDDDDDDD', 'III', 'IIII', 'IIIII', 'IIIIIII', 'IIIIIIII', 'IIIIIIIIIIII', 'IIIIIIIIIIIIIIII', '55555555', '555555555']
['Q', 'QQ', 'QQQQQQQQQ', 'QQQQQQQQQQQQQ', 'QQQQQQQQQQQQQQQ', 'QQQQQQQQQQQQQQQQ', '44', '44444', '4444444', '44444444', '4444444444', '444444444444', '4444444444444', '44444444444444', '4444444444444444']
['q', 'qqq', 'qqqqq', 'qqqqqq', 'qqqqqqqqq', 'qqqqqqqqqq', 'qqqqqqqqqqq', 'qqqqqqqqqqqq', 'qqqqqqqqqqqqqq', 'yy', 'GGGGGGGGGG', 'GGGGGGGGGGGGGG', 'GGGGGGGGGGGGGGGG', 'M', 'MMM', 'MMMMM', 'MMMMMM', 'MMMMMMMMM', 'MMMMMMMMMM', '11', '777']
['k', 'kk', 'kkkkkkkk', 'kkkkkkkkk', 'kkkkkkkkkk', 'kkkkkkkkkkk', 'kkkkkkkkkkkkk', 'kkkkkkkkkkkkkk', 'kkkkkkkkkkkkkkkk', 'CCCC', '8', '888', '88888', '88888888', '888888888', '8888888888888', '88888888888888']
['bbbbbbbbbb', 'jjjj', 'jjjjjjj', 'jjjjjjjjjj', 'jjjjjjjjjjjj', 'jjjjjjjjjjjjj', 'jjjjjjjjjjjjjj', 'jjjjjjjjjjjjjjj', 'oooooooooooooooo', 'JJJJJ', 'JJJJJJJ', 'JJJJJJJJJJJJJJ', 'OO', 'OOOOOO', 'OOOOOOOO', 'OOOOOOOOOOO', 'WWWWWWWW', 'WWWWWWWWWW', 'WWWWWWWWWWWWW', 'WWWWWWWWWWWWWW']
['f', 'fff', 'ffffff', 'fffffff', 'ffffffff', 'fffffffffff', 'fffffffffffffff', 'ffffffffffffffff', 't', 'tt', 'ttttt', 'tttttt', 'ttttttt', 'ttttttttt', 'tttttttttt', 'ttttttttttt', 'tttttttttttt', 'ttttttttttttt', 'tttttttttttttt', 'wwwwwww', 'xxxxxxxxxxxx', 'CCC', 'CCCCCC', 'CCCCCCCC', 'CCCCCCCCCCCC', 'CCCCCCCCCCCCC', 'CCCCCCCCCCCCCC', 'CCCCCCCCCCCCCCCC', 'IIIIII', 'IIIIIIIIIIIII']
['pppp', 'ppppppp', 'ppppppppppp', 'pppppppppppppp', 'ppppppppppppppp', 'qqqqqqqq', 'DDDDD', 'DDDDDDDDD', 'DDDDDDDDDD', 'NNNNNNNNNNNNN', 'OOOO', 'OOOOO', 'OOOOOOOOO', 'OOOOOOOOOOOOOO', 'OOOOOOOOOOOOOOOO', 'R', 'YYYYYYYYYY', '2222', '222222222222', '2222222222222222', '333333333333333']
['qqqqqqqqqqqqqqqq', 'ttt', 'tttt', 'WWWWWWWWWWWW', 'WWWWWWWWWWWWWWW', '3', '33', '333', '3333', '3333333', '333333333', '333333333333', '33333333333333', '3333333333333333']
['cc', 'ccc', 'cccccccc', 'hhhhhhhhhhhh', 'iiiiiii', 'iiiiiiiii', 'iiiiiiiiiiiiiiii', 'oo', 'oooo', 'oooooo', 'ooooooo', 'ooooooooo', 'oooooooooooooo', 'ooooooooooooooo', 'GGGGGG']
['E', 'EEE', 'EEEEEEEEEE', 'EEEEEEEEEEE', 'EEEEEEEEEEEE', 'EEEEEEEEEEEEE', 'XXXXXX', 'XXXXXXXXXX']
['rrr', 'yyyyyyyyyy', 'EEEEEEEEEEEEEEEE', 'WWW', 'WWWW', 'Y', 'YYYYYYYYYYYYY', '6', '6666', '6666666666', '666666666666', '66666666666666', '666666666666666']
['cccc', 'ccccc', 'cccccc', 'ccccccccc', 'cccccccccc', 'cccccccccccc', 'cccccccccccccc', 'cccccccccccccccc', 'eee', 'x', 'xxxxx', 'xxxxxxxxxx', 'xxxxxxxxxxxxxx']
['hhhh', 'jjjjjjjjj', 'mmmmmmmmm', 'zzzzzz', 'zzzzzzzzzzzz', 'ZZZZ']
['bbbbbb', 'bbbbbbbbbbb', 'bbbbbbbbbbbbbb', 'uuuu', 'uuuuuuuu', 'uuuuuuuuu', 'uuuuuuuuuuuuuuuu', 'AAA']
['c', 'jjjjj', 'B', 'BBBBBBB', 'BBBBBBBBBB', 'BBBBBBBBBBB', 'BBBBBBBBBBBBB', 'BBBBBBBBBBBBBBB', 'BBBBBBBBBBBBBBBB', 'LL', 'LLLLLLL', 'TTTTTTTTTTTT', 'TTTTTTTTTTTTTT', '1111']
['ee', 'eeee', 'eeeee', 'eeeeeeee', 'eeeeeeeeeee', 'eeeeeeeeeeeeeee', 'ff', 'ffff', 'fffff', 'ffffffffffff', 'fffffffffffff', 'ffffffffffffff', 'AA', 'AAAAA', 'AAAAAAAAAAAAAA', 'AAAAAAAAAAAAAAA', 'AAAAAAAAAAAAAAAA', 'SS', '444444', '7777777777777777']
['a', 'aaa', 'aaaa', 'aaaaa', 'aaaaaaaaaaaaa', 'aaaaaaaaaaaaaa', 'dddd', 'dddddddddd', 'vvvvvvvvvvvvvv', '111', '111111', '11111111111', '111111111111', '1111111111111', '111111111111111']
['rrrrrr', 'EE', 'EEEE', 'EEEEEE', 'EEEEEEEEE', 'QQQ', 'QQQQQ', 'QQQQQQ', 'QQQQQQQ', 'QQQQQQQQQQ', 'QQQQQQQQQQQ', 'QQQQQQQQQQQQ', 'RRR', 'RRRRRR', 'RRRRRRR', 'RRRRRRRR', 'RRRRRRRRR', 'RRRRRRRRRRRRRRR', 'RRRRRRRRRRRRRRRR', 'TTTTT', '555']
['llllll', 'llllllllll', 'FFFFFF', 'FFFFFFFFFFFFFFF', 'I', 'IIIIIIIII', 'IIIIIIIIII', 'IIIIIIIIIII', 'IIIIIIIIIIIIII', 'IIIIIIIIIIIIIII', 'UUU', 'UUUUU', '1111111111111111']
['nnnnnnnnnn', 'uuuuuuuuuu', 'uuuuuuuuuuu', 'uuuuuuuuuuuuu', 'uuuuuuuuuuuuuu', 'zzz', 'zzzzzzzzzz', 'AAAAAAAA', 'AAAAAAAAA', 'AAAAAAAAAAA', 'AAAAAAAAAAAAA', 'YYYYYYYYY', 'YYYYYYYYYYYYYYY']
['llll', 'lllll', 'llllllll', 'lllllllll', 'llllllllllllll', 'llllllllllllllll', 'y', 'yyy', 'yyyy', 'yyyyyyy', 'yyyyyyyyyyy', 'yyyyyyyyyyyyy', 'yyyyyyyyyyyyyyyy', 'BBBBB', 'L', 'LLLL', 'LLLLLL', 'LLLLLLLL', 'LLLLLLLLLLL', 'LLLLLLLLLLLL', 'LLLLLLLLLLLLL', 'LLLLLLLLLLLLLLLL', 'RRRR', 'RRRRR', 'RRRRRRRRRR', 'RRRRRRRRRRRR', 'RRRRRRRRRRRRRR', '444', '4444', '444444444', '44444444444', '444444444444444']
['iiii', 'p', 'ppp', 'ppppp', 'pppppp', 'pppppppp', 'ppppppppp', 'pppppppppp', 'ppppppppppppp', 'pppppppppppppppp', 'NNNNNN', 'NNNNNNNNNNNNNNNN', 'PPPPPPPPPPPP']
['d', 'ddd', 'dddddd', 'dddddddd', 'ddddddddd', 'ddddddddddd', 'ddddddddddddd', 'dddddddddddddd', 'ddddddddddddddd', 'EEEEEEE', 'EEEEEEEEEEEEEEE', '555555555555555']
['W', 'WW', 'WWWWW', 'WWWWWW', 'WWWWWWWWW', 'WWWWWWWWWWW']
['PPPPPPPP', '7777777777777']
['ccccccccccccccc', 'e', 'eeeeeee', 'eeeeeeeeee', 'eeeeeeeeeeee', 'eeeeeeeeeeeee', 'eeeeeeeeeeeeee', 'rrrrrrrrrrrrrrr', 'HHHHHHHHHH', 'S', 'SSSSSSS', 'SSSSSSSS', 'SSSSSSSSS', 'SSSSSSSSSSSS', 'SSSSSSSSSSSSS', 'SSSSSSSSSSSSSSS', '2', '5555']
