['36', '100', '136', '204', '293', '371', '427', '437', '630', '885']
['93', '129', '203', '268', '274', '319', '388', '508', '513', '546', '651', '702', '746', '886']
['57', '135', '248', '350', '421', '460', '610', '620', '647', '678', '711', '735', '919', '946', '986']
['148', '191', '301', '343', '434', '490', '503', '608', '777', '788', '864', '870', '964', '969']
['15', '63', '77', '106', '147', '275', '399', '432', '480', '509', '628', '640', '697', '858', '906']
['30', '80', '209', '244', '255', '261', '331', '354', '464', '505', '553', '877', '915', '947', '965']
['17', '140', '223', '297', '402', '516', '547', '552', '676', '707', '767', '862', '942', '955', '987']
['118', '143', '178', '231', '233', '284', '328', '346', '448', '600', '604', '771', '780', '908']
['127', '134', '218', '256', '270', '280', '342', '491', '493', '635', '675', '682', '745', '772', '988']
['43', '162', '187', '238', '307', '468', '472', '588', '621', '627', '631', '781', '832']
['23', '76', '86', '179', '196', '253', '285', '317', '363', '424', '445', '470', '811', '830', '920']
['66', '114', '186', '289', '320', '372', '476', '557', '592', '661', '744', '756', '792', '813', '901']
['26', '109', '185', '273', '329', '413', '447', '537', '668', '677', '762', '848', '866', '909', '997']
['116', '153', '177', '351', '358', '409', '443', '691', '732', '742', '753', '779', '785', '816', '846']
['25', '46', '158', '287', '290', '444', '536', '674', '689', '700', '701', '733', '856', '868', '941']
['21', '56', '103', '225', '315', '316', '334', '440', '565', '715', '783', '841', '855', '882', '938']
['2', '172', '235', '239', '325', '352', '582', '760', '825', '834', '889', '926', '968', '977']
['72', '164', '355', '380', '454', '548', '653', '840', '958', '962', '994']
['173', '207', '214', '366', '451', '457', '524', '591', '636', '804', '814', '837', '854', '932', '954']
['74', '260', '314', '411', '484', '514', '519', '556', '560', '584', '585', '681', '719', '759', '786']
['90', '96', '146', '197', '198', '353', '439', '532', '566', '576', '589', '612', '624', '716', '989']
['61', '94', '219', '230', '266', '300', '376', '383', '632', '644', '646', '731', '797', '951']
['24', '50', '51', '181', '326', '387', '416', '465', '477', '517', '528', '559', '664', '693', '966']
['10', '52', '69', '142', '348', '361', '446', '475', '672', '683', '892', '963', '992', '995']
['70', '78', '81', '121', '365', '463', '523', '721', '819', '863', '867', '878', '883', '891']
['123', '159', '174', '236', '241', '318', '403', '507', '581', '625', '656', '688', '720', '859', '930']
['37', '125', '234', '345', '378', '425', '453', '571', '578', '605', '684']
['68', '189', '216', '344', '360', '400', '504', '563', '595', '598', '642', '703', '736', '827', '961']
['108', '119', '126', '199', '200', '217', '485', '527', '728', '798', '917', '924', '945', '949', '993']
['35', '91', '160', '245', '250', '294', '311', '512', '569', '603', '616', '692', '694', '755', '799']
['188', '271', '277', '412', '426', '461', '596', '641', '657', '660', '757', '803', '808', '849', '902']
['14', '92', '105', '222', '237', '303', '309', '499', '500', '645', '763', '770', '790', '850', '990']
['29', '32', '175', '286', '292', '368', '575', '590', '593', '648', '667', '820', '822', '900', '939']
['5', '137', '152', '171', '206', '341', '408', '521', '551', '622', '705', '748', '776', '800', '829']
['115', '221', '243', '330', '379', '397', '404', '415', '471', '704', '724', '725', '795', '936', '974']
['39', '79', '83', '139', '149', '305', '406', '410', '442', '529', '533', '810', '911', '931']
['0', '73', '122', '201', '502', '712', '758', '833', '844', '875', '923', '928', '952', '972']
['58', '145', '192', '232', '420', '486', '497', '574', '626', '722', '738', '876', '916', '985']
['42', '62', '150', '156', '194', '347', '362', '428', '466', '479', '531', '545', '741', '944', '957']
['3', '27', '183', '184', '247', '299', '338', '359', '522', '568', '609', '921', '971', '976', '998']
['38', '45', '64', '75', '107', '205', '473', '506', '541', '606', '680', '734', '937', '982']
['49', '97', '131', '269', '281', '304', '327', '357', '773', '812', '815', '888', '948', '967']
['6', '16', '22', '31', '228', '258', '336', '587', '669', '698', '713', '845', '896', '929', '934']
['47', '211', '227', '279', '291', '395', '498', '515', '601', '649', '709', '861', '913', '943']
['101', '169', '195', '224', '489', '526', '564', '607', '614', '690', '729', '828', '893', '927', '984']
['11', '84', '367', '369', '370', '384', '540', '544', '617', '723', '740', '768', '838', '851', '852']
['1', '20', '44', '71', '133', '283', '332', '391', '450', '511', '599', '727', '860', '880', '890']
['138', '323', '394', '481', '554', '718', '743', '807', '818', '872', '874', '983']
['190', '226', '288', '324', '364', '385', '458', '496', '572', '577', '699', '769', '895']
['112', '251', '310', '389', '417', '456', '510', '520', '662', '747', '752', '802', '824', '940', '980']
['210', '240', '405', '423', '467', '478', '602', '655', '751', '970']
['12', '111', '128', '220', '246', '333', '374', '429', '525', '586', '650', '663', '778', '879', '897']
['104', '176', '433', '462', '550', '583', '634', '739', '835', '873', '912', '933', '981']
['155', '180', '229', '259', '276', '306', '337', '430', '469', '765', '782', '789', '839', '999']
['19', '28', '132', '252', '312', '356', '373', '452', '492', '567', '652', '710', '726', '754', '978']
['65', '130', '170', '282', '322', '335', '488', '518', '561', '623', '708', '869', '991']
['18', '40', '48', '87', '89', '202', '212', '257', '474', '483', '658', '714', '737', '842', '914']
['34', '99', '113', '161', '166', '295', '298', '375', '377', '543', '671', '717', '730', '775', '847']
['9', '110', '208', '321', '381', '494', '549', '706', '750', '766', '794', '881', '884', '899']
['60', '117', '154', '168', '393', '530', '538', '558', '666', '836', '865', '887', '898', '905', '975']
['151', '272', '296', '398', '418', '422', '436', '482', '495', '654', '670', '696', '843', '853', '918']
['13', '55', '98', '102', '215', '249', '407', '539', '643', '686', '764', '910', '979']
['85', '120', '124', '157', '167', '349', '487', '613', '637', '673', '831', '894', '953', '960', '996']
['144', '182', '263', '265', '414', '441', '562', '570', '579', '618', '619', '665', '695', '749', '809']
['67', '165', '302', '339', '386', '392', '615', '629', '633', '774', '801', '823', '903', '950', '956']
['59', '88', '163', '213', '396', '401', '449', '501', '542', '685', '791', '857', '871', '922']
['254', '267', '308', '435', '535', '597', '679', '761', '806', '817', '821', '907', '925', '959']
['4', '7', '54', '262', '264', '313', '340', '419', '431', '459', '555', '573', '580', '639', '904']
['8', '33', '53', '141', '193', '242', '455', '534', '611', '687', '793', '796', '826', '935', '973']
['41', '82', '95', '278', '382', '390', '438', '594', '638', '659', '784', '787', '805']
