['17', '27', '64', '66', '68', '85', '186', '201', '207', '253', '280', '303', '340', '347', '388', '402', '408', '441', '445', '476', '479', '524', '544', '561', '564', '588', '670', '677', '741', '747', '820', '861', '872', '879', '894', '906', '949', '967', '982', '989']
['0', '4', '23', '30', '32', '44', '62', '82', '87', '95', '134', '205', '239', '290', '313', '315', '322', '328', '371', '382', '412', '435', '458', '474', '545', '559', '576', '578', '701', '709', '724', '762', '804', '808', '827', '921', '984', '985', '994', '999']
['15', '21', '31', '106', '159', '208', '215', '222', '230', '232', '237', '261', '295', '298', '324', '357', '427', '461', '483', '498', '512', '526', '582', '597', '612', '674', '681', '771', '787', '797', '806', '821', '841', '853', '859', '905', '961', '966', '970', '971']
['3', '34', '46', '55', '88', '98', '99', '121', '128', '139', '140', '168', '170', '191', '243', '247', '249', '275', '311', '434', '455', '468', '472', '503', '507', '516', '538', '542', '596', '631', '637', '648', '652', '716', '772', '858', '900', '938', '976', '979']
['51', '60', '101', '115', '162', '177', '181', '210', '226', '251', '272', '300', '308', '352', '379', '393', '417', '440', '447', '451', '501', '513', '534', '557', '567', '589', '598', '622', '743', '753', '759', '767', '786', '856', '935', '947', '959', '978', '986', '988']
['10', '67', '105', '273', '390', '392', '428', '505', '633', '877']
['169', '346', '421', '532', '876', '910']
['25', '58', '61', '72', '104', '133', '218', '219', '224', '254', '263', '288', '350', '358', '360', '362', '383', '399', '416', '522', '523', '583', '614', '642', '666', '668', '690', '698', '719', '765', '790', '822', '831', '835', '840', '847', '882', '913', '945', '998']
['18', '45', '70', '153', '179', '193', '212', '221', '245', '309', '310', '329', '342', '389', '401', '436', '439', '443', '467', '497', '539', '540', '568', '624', '626', '653', '726', '733', '735', '749', '755', '788', '792', '828', '834', '852', '873', '884', '889', '975']
['6', '35', '40', '48', '71', '83', '108', '111', '164', '182', '216', '220', '244', '256', '282', '297', '302', '317', '337', '391', '397', '450', '492', '504', '519', '521', '530', '548', '615', '647', '657', '661', '768', '830', '863', '888', '893', '899', '933', '996']
['14', '42', '50', '52', '65', '113', '144', '192', '238', '258', '265', '325', '384', '438', '442', '510', '515', '537', '541', '549', '569', '577', '585', '646', '651', '656', '660', '663', '676', '695', '727', '744', '751', '774', '778', '851', '897', '898', '940', '969']
['103', '116', '119', '142', '152', '154', '156', '160', '195', '197', '202', '236', '255', '257', '267', '269', '291', '318', '323', '348', '400', '405', '426', '449', '471', '486', '514', '570', '673', '679', '720', '754', '758', '824', '895', '930', '964', '968', '991', '995']
['69', '126', '173', '206', '240', '246', '276', '289', '292', '334', '344', '353', '414', '430', '459', '465', '470', '509', '527', '535', '536', '594', '620', '671', '706', '730', '757', '766', '795', '796', '813', '816', '817', '819', '826', '844', '892', '923', '965', '983']
['1', '9', '59', '91', '93', '100', '110', '112', '127', '129', '149', '155', '165', '234', '287', '293', '335', '339', '345', '351', '364', '373', '395', '464', '586', '599', '604', '608', '639', '692', '739', '752', '785', '789', '849', '880', '887', '944', '954', '980']
['425']
['53', '57', '63', '74', '97', '120', '135', '141', '151', '189', '204', '252', '277', '283', '284', '326', '327', '333', '356', '386', '398', '469', '488', '546', '662', '684', '713', '723', '737', '761', '801', '802', '857', '860', '866', '868', '869', '915', '958', '992']
['12', '16', '49', '79', '94', '102', '132', '143', '209', '229', '231', '248', '271', '274', '320', '336', '378', '381', '403', '413', '424', '485', '518', '566', '616', '640', '669', '703', '710', '718', '731', '784', '794', '800', '807', '862', '924', '943', '950', '953']
['278']
['11', '28', '47', '54', '75', '136', '146', '148', '172', '213', '262', '281', '296', '305', '314', '332', '341', '368', '406', '410', '420', '422', '448', '453', '520', '529', '550', '556', '601', '606', '635', '636', '700', '745', '805', '902', '925', '937', '946', '977']
['5', '89', '117', '122', '147', '187', '194', '196', '211', '228', '286', '394', '407', '452', '457', '475', '484', '500', '571', '572', '579', '595', '611', '638', '664', '665', '689', '725', '740', '748', '809', '810', '833', '846', '848', '850', '907', '929', '960', '997']
['8', '36', '37', '76', '123', '130', '180', '223', '235', '366', '419', '462', '466', '496', '543', '560', '573', '592', '603', '610', '617', '628', '634', '644', '685', '705', '708', '714', '721', '756', '773', '779', '799', '845', '854', '885', '886', '914', '922', '928']
['13', '43', '107', '131', '150', '185', '233', '242', '266', '268', '270', '285', '321', '330', '359', '365', '380', '385', '404', '491', '495', '502', '517', '528', '625', '630', '645', '655', '691', '693', '694', '750', '763', '777', '780', '783', '829', '883', '891', '916']
['26', '80', '125', '161', '166', '167', '171', '174', '175', '190', '279', '319', '355', '375', '429', '463', '480', '493', '506', '533', '551', '552', '605', '618', '643', '650', '654', '712', '729', '736', '746', '764', '825', '896', '901', '911', '936', '942', '963', '972']
['7', '92', '157', '203', '260', '304', '316', '354', '363', '374', '418', '423', '432', '433', '460', '525', '555', '602', '609', '623', '632', '715', '728', '742', '775', '781', '791', '837', '842', '874', '890', '903', '918', '919', '956', '962', '973', '974', '981', '990']
['38', '73', '78', '86', '96', '118', '137', '217', '250', '343', '349', '370', '396', '409', '411', '431', '456', '478', '508', '554', '565', '587', '590', '600', '607', '621', '629', '680', '683', '687', '696', '702', '722', '734', '811', '818', '823', '832', '864', '993']
['22', '90', '109', '183', '188', '225', '241', '259', '367', '372', '446', '477', '482', '489', '490', '499', '547', '574', '593', '619', '627', '641', '658', '682', '688', '699', '770', '776', '793', '798', '815', '865', '870', '875', '878', '904', '908', '932', '939', '952']
['2', '20', '24', '29', '33', '77', '145', '200', '227', '264', '299', '306', '444', '563', '580', '581', '584', '591', '613', '659', '667', '672', '686', '732', '738', '760', '769', '812', '814', '838', '843', '855', '881', '912', '926', '931', '948', '951', '957', '987']
['81', '114', '184', '294', '338', '369', '377', '437', '454', '494', '675', '678', '711', '803', '836', '839', '867', '909', '920', '941', '955']
['19', '39', '41', '56', '84', '124', '138', '158', '163', '176', '178', '198', '199', '214', '301', '307', '312', '331', '361', '376', '387', '415', '473', '481', '487', '511', '531', '553', '558', '562', '575', '649', '704', '707', '717', '782', '871', '917', '927', '934']
['697']
