['524']
['550', '738']
['3', '77', '149', '306']
['562']
['656']
['979']
['60']
['44', '57', '84', '126', '165', '204', '260', '277', '282', '307', '327', '329', '330', '410', '427', '444', '472']
['606']
['674']
['161', '162', '409', '941']
['950']
['959']
['555']
['989']
['598']
['177', '201']
['760']
['570']
['313', '331', '341', '433', '608']
['899']
['822']
['777']
['816']
['604']
['526']
['819', '971']
['782']
['64']
['851']
['784']
['920']
['573']
['990']
['707']
['857']
['776']
['740']
['858']
['867']
['888']
['739']
['647']
['907']
['843']
['734']
['38']
['54', '120', '167', '188', '199', '221', '225', '267', '273', '287', '289', '304', '317', '350', '362', '396', '415', '437', '809']
['807']
['699']
['531']
['663']
['790']
['515']
['586']
['518']
['826']
['976']
['946']
['583']
['929']
['387', '715']
['875']
['883']
['529']
['78', '348', '609']
['775']
['514']
['113', '150', '151', '205', '383', '397']
['574']
['552']
['13', '351']
['969']
['682']
['508']
['909']
['705']
['862']
['637']
['650']
['768']
['903']
['720']
['982']
['766']
['714']
['803']
['917']
['722']
['780']
['659']
['814']
['522']
['539']
['42', '155', '229', '235']
['500', '713']
['359', '652']
['837']
['702']
['662']
['582']
['599']
['5']
['645']
['587']
['934']
['497', '560', '724']
['806']
['669']
['757']
['856']
['589']
['828']
['579']
['953']
['870']
['585']
['887']
['109', '197', '208', '278', '376', '385', '418', '697']
['510']
['733']
['584']
['694']
['568']
['541']
['638']
['592']
['623']
['335']
['517']
['17', '56', '58', '62', '74', '118', '133', '160', '175', '276', '295', '308', '315', '324', '340', '388', '404', '644']
['879']
['802']
['761']
['355', '639']
['605']
['503']
['688']
['750']
['732']
['769']
['542']
['10', '145', '249', '255', '470']
['661']
['125', '132', '181', '207', '275', '369', '375', '422', '640', '758']
['624', '686']
['963']
['964']
['753']
['366']
['945']
['502']
['844']
['737']
['836']
['627']
['11', '15', '35', '45', '100', '123', '138', '243', '253', '270', '283', '301', '344', '391', '430', '441', '549', '614', '770']
['796']
['559']
['581']
['626']
['578']
['762']
['191']
['636']
['868']
['372']
['730']
['621']
['904']
['970']
['613']
['4', '813']
['248', '596']
['974']
['577']
['788']
['572']
['829']
['12', '23', '128', '176', '238', '312', '338', '474', '489', '520', '968']
['698']
['773']
['960']
['725']
['554']
['804']
['657']
['265', '368', '386', '390']
['691']
['551']
['347', '742']
['881']
['664']
['310']
['242']
['985']
['882']
['830']
['533']
['564']
['792']
['726', '846']
['230', '293', '701']
['848']
['6', '32', '33', '49', '52', '70', '106', '108', '116', '135', '136', '143', '179', '187', '215', '246', '271', '314', '319', '345', '367', '373', '412', '413', '414', '416', '446', '459', '464', '482', '772', '951']
['653']
['933']
['675']
['978']
['877']
['872']
['840']
['34', '140', '222', '226', '239', '405', '445', '462', '481', '602']
['972']
['825', '996']
['580']
['938']
['981']
['534']
['525']
['557']
['610']
['916']
['808']
['998']
['660']
['696']
['8', '28', '59', '98', '127', '139', '168', '186', '196', '224', '234', '254', '266', '272', '297', '311', '339', '360', '380', '400', '408', '423', '448', '449', '451', '456', '457', '471', '492', '631', '731', '783']
['913']
['743']
['611']
['649']
['569']
['754']
['612']
['672']
['575']
['921']
['683']
['898']
['689']
['749']
['795']
['735']
['927']
['778']
['676']
['547']
['565']
['755']
['952']
['0', '71', '99', '134', '152', '154', '156', '169', '171', '180', '214', '232', '258', '294', '300', '337', '363', '364', '365', '377', '392', '411', '425', '436', '460', '465', '485', '727', '896', '908']
['667']
['890']
['812']
['506']
['528']
['600']
['901']
['567']
['957']
['285']
['561']
['797']
['622']
['690']
['823']
['900']
['523']
['63', '83', '85', '96', '124', '164', '261', '269', '309', '320', '357', '371', '394', '476', '477', '521']
['240']
['594']
['501']
['588']
['546']
['810']
['805']
['509']
['711']
['746']
['993']
['940']
['553']
['493']
['824']
['540']
['827']
['1', '14', '21', '69', '91', '95', '137', '142', '157', '178', '219', '252', '280', '354', '401', '487', '491', '723']
['983']
['18', '27', '87', '110', '131', '141', '153', '170', '172', '182', '184', '233', '247', '250', '288', '318', '343', '403', '419', '431', '434', '496']
['223', '891']
['72', '291', '299', '378', '468', '918']
['50', '67', '101', '173', '190', '206', '217', '292', '398', '417', '426', '443', '817', '922']
['930']
['2', '30', '68', '88', '117', '146', '159', '174', '236', '325', '432', '435', '469', '591', '625', '634']
['92']
['548']
['16', '90', '183', '231', '237', '245', '349', '488', '811', '855']
['873']
['869']
['684']
['66']
['741']
['841']
['771']
['831']
['895']
['878']
['833']
['563']
['641']
['859']
['290']
['815']
['839', '991']
['692']
['7', '20', '22', '26', '48', '55', '81', '119', '130', '144', '185', '194', '195', '198', '200', '203', '212', '220', '259', '286', '316', '333', '361', '370', '407', '429', '439', '461', '466', '467', '512', '695']
['721']
['954']
['632']
['850']
['673']
['794']
['516']
['937']
['543']
['818', '893']
['801']
['763']
['832', '931']
['962']
['752']
['717', '919']
['793']
['601']
['607']
['29', '129', '274', '447', '897']
['791']
['519']
['655']
['677']
['530']
['932']
['651']
['39', '47', '53', '97', '244', '428', '452']
['847']
['874']
['629']
['884']
['864']
['284', '849']
['798']
['821']
['928']
['965']
['9', '41', '65', '86', '94', '112', '241', '264', '298', '336', '352', '353', '395', '498', '499', '538', '799', '910']
['628']
['51']
['89', '421', '617']
['912']
['779']
['977']
['999']
['710']
['995']
['681']
['595']
['943']
['648']
['566']
['988']
['838']
['986']
['679']
['685']
['994']
['505']
['800']
['947']
['24', '76', '166', '189', '202', '218', '296', '303', '322', '326', '393', '455', '478', '942', '992']
['842']
['948']
['925']
['935']
['785']
['708']
['115', '211']
['507', '642']
['654']
['745']
['635']
['747']
['545']
['719']
['865']
['886']
['924']
['966']
['736']
['532']
['19', '43', '111', '216', '251', '334', '356', '358', '384', '490', '646']
['678']
['704']
['939']
['729']
['892']
['781']
['36', '73', '93', '147', '263', '328', '399', '475', '483', '484', '495', '671']
['665']
['504']
['630']
['973']
['618']
['744']
['442']
['590']
['718']
['619']
['860']
['854']
['213']
['537', '876']
['852']
['835']
['853']
['615']
['680']
['997']
['597']
['603', '666']
['914']
['787']
['558']
['633']
['880']
['107']
['687']
['863']
['764']
['759']
['751']
['693']
['956']
['936']
['643']
['620']
['861']
['949']
['955']
['536']
['923']
['209', '257', '305', '402']
['748']
['700']
['527']
['556']
['389']
['576']
['593']
['256', '958']
['765']
['984']
['789']
['866']
['535']
['511']
['915']
['670']
['544', '905']
['902']
['668']
['834']
['80', '845']
['571']
['944']
['889']
['980']
['975']
['616']
['926']
['37', '79', '102', '103', '104', '105', '114', '121', '210', '262', '323', '342', '379', '382', '458', '463', '479', '480', '486', '494', '513']
['703']
['774']
['658']
['911']
['82', '158', '192', '193', '227', '228', '268', '279', '302', '346', '374', '381', '440', '450', '454', '894', '967']
['906']
['424', '728']
['871']
['716']
['961']
['706']
['767']
['122']
['453']
['987']
['885']
['25', '31', '40', '46', '61', '75', '148', '163', '281', '321', '332', '406', '420', '438', '473', '709', '820']
['712']
['786']
['756']
