['248']
['0', '1', '2', '6', '17', '42', '50', '66', '74', '76', '148', '156', '158', '159', '161', '163', '164', '165', '166', '168', '171', '172', '173', '174', '175', '177', '178', '180', '181', '182', '183', '184', '186', '187', '188', '189', '191', '192', '196', '202', '205', '211', '212', '218', '253', '258', '262', '265', '271', '273', '276', '277', '278', '279', '281', '282', '283', '284', '285', '286', '287', '289', '290', '292', '293', '295', '299', '300', '303', '305', '306', '385', '407', '425', '427', '431', '435', '497', '500', '502', '503', '504', '506', '510', '514', '515', '518', '523', '546', '751', '762', '787', '802', '835', '836', '837', '838', '840', '841', '842', '843', '844', '845', '846', '847', '848', '851', '852', '853', '855', '856', '857', '858', '861', '864', '867', '868', '869', '870', '871', '875', '877', '879', '881', '883', '884', '885', '887', '890', '891', '892', '893', '894', '895', '897', '898', '900', '901', '903', '904', '905', '908', '910', '912', '914', '920', '922', '932', '934', '935', '954']
['7', '82', '86', '87', '88', '93', '101', '106', '108', '109', '111', '113', '114', '115', '116', '117', '118', '119', '120', '121', '122', '124', '125', '126', '127', '128', '129', '130', '132', '133', '134', '135', '136', '140', '141', '143', '144', '155', '195', '201', '207', '208', '209', '210', '213', '216', '219', '222', '430', '509', '765', '928', '929', '936', '941', '943', '947', '952', '953']
['85']
['823']
['13', '22', '89', '97', '100', '104', '142', '151', '153', '157', '221', '272', '294', '378', '405', '476', '501', '508', '512', '513', '516', '578', '579', '581', '585', '587', '599', '601', '607', '619', '622', '637', '639', '648', '650', '655', '659', '663', '673', '674', '679', '682', '684', '693', '709', '713', '716', '721', '724', '731', '747', '756', '767', '769', '770', '771', '772', '774', '775', '776', '777', '779', '781', '782', '784', '788', '789', '790', '791', '792', '794', '798', '800', '805', '860', '862', '918', '926', '949', '956', '970']
['761']
['21', '26', '28', '59', '72', '78', '79', '80', '90', '91', '92', '95', '167', '190', '193', '194', '197', '200', '204', '214', '215', '217', '220', '223', '224', '227', '229', '255', '257', '260', '275', '280', '291', '296', '298', '302', '319', '332', '345', '357', '386', '388', '391', '397', '408', '413', '415', '417', '429', '441', '442', '448', '451', '465', '471', '472', '474', '475', '477', '478', '489', '490', '495', '532', '539', '541', '542', '547', '550', '552', '558', '559', '561', '563', '566', '568', '592', '618', '651', '688', '745', '754', '827', '865', '873', '913', '915', '917', '927', '939', '945', '946']
['418', '958', '962', '963', '964', '965', '966', '968', '969', '971', '973', '974', '975', '976', '977', '979', '980', '981', '982', '983', '984', '985', '988', '989', '990', '991', '992', '993', '995', '997', '999']
['98']
['301']
['84', '137', '160', '203', '230', '231', '232', '234', '235', '236', '237', '239', '240', '241', '243', '244', '245', '246', '247', '250', '251', '308', '446', '459', '799', '814', '919', '933', '961', '972', '978', '996']
['930']
['421', '773', '778', '783', '786', '793', '797']
['422']
['3', '8', '9', '11', '14', '15', '20', '24', '25', '27']
['31', '33', '34', '35', '36', '38', '40', '43', '44', '47', '48', '49', '52', '53', '56', '57', '58', '60', '62', '64', '65', '67', '69', '70', '71', '73', '199', '206', '392', '420', '768', '780', '796']
['10', '18', '37', '51', '55', '68', '96', '105', '107', '110', '131', '139', '176', '198', '225', '226', '238', '274', '310', '377', '383', '389', '403', '409', '414', '434', '469', '498', '499', '505', '507', '511', '517', '519', '529', '574', '575', '576', '577', '583', '584', '589', '590', '591', '594', '595', '597', '598', '600', '602', '603', '605', '606', '608', '609', '610', '611', '612', '613', '614', '615', '620', '623', '624', '625', '626', '627', '628', '629', '630', '631', '633', '634', '635', '636', '640', '642', '644', '646', '647', '649', '653', '654', '656', '657', '660', '664', '665', '667', '668', '670', '672', '676', '677', '678', '681', '683', '686', '689', '692', '694', '696', '697', '698', '700', '703', '706', '715', '717', '718', '719', '720', '722', '723', '942', '944', '960', '994']
['146', '154', '179', '252', '256', '269', '311', '313', '314', '315', '320', '321', '322', '323', '325', '330', '331', '333', '334', '335', '336', '337', '338', '339', '340', '341', '342', '343', '344', '347', '349', '352', '353', '354', '356', '359', '360', '361', '362', '364', '365', '923', '931']
['924']
['4', '19', '23', '394', '400', '521', '586', '685', '701', '702', '948', '950', '955', '967']
['152', '419', '522', '725', '726', '727', '728', '729', '730', '732', '733', '734', '736', '737', '738', '739', '742', '743', '746', '748', '749', '750', '752', '753', '755', '757', '758', '759', '760', '763', '766', '801', '810', '813', '815', '830']
['432']
['795']
['112']
['29', '30', '41', '45', '54', '61', '63', '169']
['288']
['5', '145', '185', '228', '249', '297', '304', '370', '382', '396', '412', '426', '436', '437', '438', '439', '440', '443', '444', '445', '447', '449', '450', '452', '453', '454', '455', '456', '457', '458', '460', '461', '462', '463', '464', '466', '467', '468', '470', '473', '479', '480', '481', '482', '483', '484', '485', '486', '487', '488', '491', '492', '493', '494', '496', '714', '938', '998']
['75']
['138', '263']
['233', '254', '526', '530', '531', '533', '535', '536', '538', '540', '544', '548', '549', '553', '555', '556', '557', '560', '562', '567', '569', '571', '572']
['12', '46', '83', '103', '123', '162', '170', '266', '387', '390', '393', '395', '398', '399', '401', '402', '404', '406', '410', '411', '416', '428', '524', '528', '537', '565', '573', '580', '582', '588', '593', '596', '604', '616', '617', '621', '632', '638', '641', '643', '645', '652', '658', '661', '662', '666', '669', '671', '675', '680', '687', '690', '691', '695', '699', '704', '705', '707', '708', '710', '711', '712', '735', '740', '741', '764', '785']
['433']
['102', '803', '806', '807', '808', '809', '811', '812', '817', '818', '819', '820', '822', '825', '828', '829', '831', '832', '833', '834', '986']
['16', '32', '39', '77', '81', '94', '99', '147', '149', '150', '242', '307', '309', '312', '316', '317', '318', '324', '326', '327', '328', '329', '346', '348', '350', '351', '355', '358', '363', '366', '367', '368', '369', '371', '372', '373', '374', '375', '376', '380', '423', '424', '520', '744', '804', '816', '821', '824', '826', '839', '849', '850', '854', '859', '863', '866', '872', '874', '876', '878', '880', '882', '886', '888', '889', '896', '899', '902', '906', '907', '909', '911', '921', '937', '951', '957', '959', '987']
['381']
['259', '261', '264', '267', '268', '270']
['384', '525', '527', '534', '543', '545', '551', '554', '564', '570', '916', '925']
['379']
['940']
