['8', '91', '103', '151', '193', '267', '275', '294', '382', '385', '399', '444', '448', '461', '467', '478', '496', '537', '553', '556', '560', '639', '653', '697', '731', '752', '753', '764', '785', '807', '921', '954', '957']
['4', '23', '43', '53', '118', '123', '134', '212', '221', '226', '227', '246', '247', '324', '339', '397', '423', '427', '463', '474', '596', '626', '638', '649', '672', '673', '727', '729', '769', '840', '867', '939', '950']
['17', '119', '145', '159', '187', '306', '326', '335', '348', '357', '374', '393', '440', '455', '486', '493', '518', '538', '544', '562', '629', '703', '741', '784', '846', '850', '984']
['777']
['1', '64', '66', '80', '132', '163', '166', '225', '258', '260', '297', '308', '329', '371', '412', '422', '424', '541', '572', '589', '642', '663', '744', '746', '766', '771', '811', '823', '845', '854', '872', '973', '987']
['68', '76', '82', '94', '115', '188', '240', '295', '303', '344', '365', '417', '419', '469', '475', '483', '490', '525', '557', '575', '646', '667', '675', '695', '734', '750', '772', '781', '844', '858', '861', '976', '992']
['39', '67', '79', '87', '138', '147', '183', '190', '194', '198', '216', '278', '289', '337', '338', '372', '395', '563', '581', '700', '705', '714', '778', '800', '806', '837', '864', '878', '879', '886', '964', '977', '990']
['65', '104', '133', '200', '262', '358', '363', '375', '449', '453', '465', '484', '513', '527', '534', '548', '551', '573', '637', '658', '690', '702', '712', '745', '759', '762', '792', '847', '877', '890', '907', '931', '979']
['3', '18', '70', '164', '168', '185', '205', '241', '264', '271', '280', '285', '330', '471', '480', '500', '509', '528', '579', '580', '598', '617', '683', '707', '733', '755', '768', '773', '821', '935', '938', '966', '970']
['7', '69', '135', '157', '195', '203', '206', '208', '213', '239', '359', '402', '408', '438', '450', '451', '458', '472', '491', '502', '515', '561', '570', '587', '666', '794', '838', '880', '906', '937', '962', '982', '997']
['10', '27', '110', '139', '148', '153', '197', '272', '279', '291', '368', '376', '391', '392', '396', '464', '466', '498', '506', '507', '549', '586', '588', '608', '610', '687', '711', '719', '723', '765', '819', '916', '920']
['11', '44', '93', '98', '107', '114', '228', '235', '245', '266', '284', '298', '299', '356', '425', '426', '447', '539', '602', '636', '686', '808', '809', '818', '827', '830', '835', '852', '925', '947', '956', '960', '989']
['6', '13', '21', '35', '55', '113', '126', '127', '174', '207', '232', '259', '282', '300', '361', '420', '445', '459', '583', '647', '717', '721', '726', '796', '825', '828', '870', '899', '928', '941', '971', '985', '994']
['36', '81', '122', '218', '273', '281', '292', '302', '319', '322', '333', '342', '364', '383', '421', '434', '468', '476', '618', '622', '685', '706', '730', '743', '775', '793', '799', '866', '871', '888', '934', '953', '983']
['29', '31', '38', '40', '51', '130', '144', '161', '165', '169', '179', '229', '255', '270', '305', '314', '328', '355', '373', '446', '508', '519', '543', '547', '567', '577', '688', '716', '747', '789', '826', '876', '951']
['2', '41', '63', '83', '125', '150', '162', '171', '237', '248', '249', '250', '353', '389', '495', '612', '620', '621', '628', '661', '662', '670', '751', '757', '779', '780', '782', '822', '862', '894', '913', '940', '963']
['28', '102', '111', '137', '156', '173', '189', '199', '204', '293', '320', '325', '340', '388', '429', '431', '439', '457', '505', '522', '536', '571', '604', '607', '650', '724', '783', '889', '917', '918', '919', '948', '980']
['9', '15', '57', '88', '99', '112', '149', '152', '191', '210', '224', '351', '370', '473', '488', '492', '523', '542', '585', '603', '619', '631', '632', '634', '713', '715', '738', '749', '820', '829', '885', '887', '915']
['25', '85', '105', '108', '167', '175', '181', '286', '304', '310', '345', '362', '366', '387', '404', '433', '487', '489', '545', '564', '591', '645', '674', '692', '693', '804', '833', '834', '863', '892', '924', '952', '999']
['20', '32', '74', '106', '140', '170', '182', '296', '301', '343', '380', '405', '454', '503', '512', '566', '593', '597', '611', '624', '641', '654', '659', '676', '701', '732', '788', '795', '832', '857', '875', '914', '972']
['24', '26', '56', '89', '172', '186', '214', '233', '244', '261', '334', '378', '428', '443', '497', '501', '600', '652', '657', '679', '681', '684', '737', '748', '763', '801', '815', '816', '839', '874', '909', '943', '975']
['54', '61', '77', '86', '136', '178', '184', '211', '220', '414', '435', '442', '470', '550', '569', '605', '616', '623', '655', '664', '720', '758', '770', '774', '824', '851', '883', '884', '893', '944', '967', '968', '996']
['0', '47', '50', '71', '78', '143', '158', '215', '238', '418', '456', '504', '552', '559', '568', '592', '660', '678', '696', '699', '708', '740', '754', '810', '848', '869', '926', '929', '932', '958', '969', '978', '991']
['49', '96', '101', '180', '192', '256', '307', '309', '313', '316', '336', '381', '407', '411', '432', '437', '477', '485', '516', '533', '574', '640', '651', '689', '704', '718', '767', '802', '881', '945', '955', '961', '974']
['121', '154', '209', '277', '287', '406', '460', '669', '776', '905']
['62', '95', '100', '120', '146', '155', '201', '252', '253', '288', '390', '400', '403', '430', '529', '535', '555', '599', '606', '613', '614', '680', '682', '728', '787', '790', '797', '812', '836', '859', '898', '908', '949']
['5', '52', '84', '117', '142', '177', '276', '331', '377', '394', '409', '436', '441', '481', '510', '514', '584', '601', '625', '668', '671', '722', '786', '791', '798', '803', '814', '868', '910', '911', '930', '981', '993']
['12', '42', '46', '73', '129', '141', '202', '222', '231', '234', '263', '265', '268', '290', '347', '350', '369', '401', '462', '517', '520', '532', '578', '630', '648', '698', '842', '849', '855', '882', '896', '927', '988']
['19', '22', '37', '48', '58', '59', '75', '109', '230', '242', '243', '254', '346', '354', '360', '384', '386', '413', '526', '530', '546', '558', '635', '665', '677', '742', '831', '841', '853', '865', '922', '933', '946']
['33', '60', '72', '90', '128', '131', '196', '219', '251', '283', '323', '332', '349', '398', '415', '452', '494', '499', '531', '540', '582', '594', '656', '694', '709', '735', '756', '760', '860', '895', '901', '903', '942']
['327', '479', '643', '805', '902']
['34', '236', '257', '274', '311', '312', '315', '317', '318', '341', '379', '416', '482', '511', '554', '565', '590', '615', '633', '691', '725', '817', '843', '856', '873', '891', '897', '912', '923', '959', '965', '995', '998']
['14', '16', '30', '45', '92', '97', '116', '124', '160', '176', '217', '223', '269', '321', '352', '367', '410', '521', '524', '576', '595', '609', '627', '644', '710', '736', '739', '761', '813', '900', '904', '936', '986']
