['525', '522', '101', '339', '237', '614', '768', '131', '138', '586', '247', '73', '364', '781', '501', '467', '165', '761', '289', '678', '420', '159', '486']
['296', '599', '448', '35', '686', '793', '386', '785', '570', '600', '300', '561', '41', '639']
['344', '445', '6', '611', '409', '663', '662', '604', '608', '44', '42']
['715', '710', '593', '99', '743', '322', '204', '631', '423', '305', '224', '152']
['347', '349', '197', '103', '105', '491', '26', '21', '379', '85', '248', '11', '18', '630', '633', '162']
['343', '712', '736', '291', '30', '554', '12', '664', '693', '124', '363', '735']
['136', '25', '22', '177', '76', '541', '549', '120', '368', '114', '424', '755', '723', '154', '158']
['108', '748', '148', '683', '132', '393', '795', '607', '450', '452', '456', '186', '414', '315', '360', '380', '649', '356', '58', '112', '307', '228', '473']
['195', '279', '645', '92', '404', '375', '620', '453', '183', '17', '323', '72', '2', '462', '163', '352', '281', '267', '265', '774', '534', '301', '153']
['38', '706', '80', '178', '174', '187', '756', '666', '509', '504', '215', '219', '701', '54', '57', '53', '634', '749']
['594', '619', '597', '276', '438', '684', '628', '209', '695', '498', '258', '65', '354', '216', '763', '535', '751', '487']
['341', '342', '714', '293', '527', '589', '624', '546', '412', '116', '773', '40']
['738', '520', '238', '170', '320', '70', '665', '602', '766', '51', '537']
['345', '596', '740', '133', '513', '361', '385', '505', '632', '350', '308', '303', '567', '475']
['640', '336', '236', '685', '758', '519', '201', '655', '572', '576', '210', '269', '569', '221', '727', '471']
['199', '100', '551', '232', '146', '610', '681', '408', '798', '243', '753', '543', '788', '573', '351', '421', '750', '724', '488']
['436', '130', '402', '704', '796', '171', '764', '661', '698', '760', '288', '482']
['191', '109', '102', '338', '558', '555', '552', '623', '709', '411', '466', '166', '648', '358', '671', '564']
['292', '441', '28', '378', '394', '585', '325', '668', '696', '365', '383', '579', '168', '263', '771', '119', '429', '304', '729']
['340', '716', '36', '746', '230', '141', '618', '583', '176', '182', '74', '129', '468', '169', '536', '63', '155']
['270', '31', '455', '653', '752', '415']
['346', '348', '192', '528', '446', '104', '335', '332', '741', '233', '374', '700', '658', '651', '77', '311', '316', '787', '69', '262', '113', '225', '45']
['294', '194', '526', '449', '612', '688', '371', '587', '580', '244', '240', '627', '207', '419', '362', '259', '250', '357', '427', '226', '478']
['617', '395', '458', '621', '208', '128', '410', '319', '310', '314', '574', '359', '218', '268', '229']
['277', '434', '234', '172', '540', '3', '784', '507', '502', '160', '562', '151']
['297', '275', '742', '239', '687', '622', '512', '16', '161', '150', '157']
['298', '196', '193', '334', '140', '494', '27', '405', '396', '84', '7', '581', '588', '367', '789', '734', '355', '282', '425', '306', '390', '638']
['278', '524', '521', '523', '440', '331', '98', '584', '241', '511', '776', '387', '508', '560', '566', '223']
['437', '430', '90', '682', '403', '13', '545', '68', '125', '497', '575', '167', '762', '677', '754']
['330', '559', '799', '200', '121', '499', '725', '571', '577', '731', '9', '59', '50', '111', '726', '635', '5']
['595', '198', '613', '407', '82', '797', '791', '615', '459', '626', '179', '180', '185', '779', '673', '49', '483']
['299', '295', '272', '106', '431', '333', '94', '144', '149', '392', '83', '87', '656', '657', '759', '78', '699', '765', '318', '388', '66', '506', '46', '484']
['713', '33', '747', '139', '89', '659', '75', '413', '733', '164', '674', '260', '302', '563', '720', '472']
['591', '107', '37', '642', '435', '616', '518', '514', '206', '647', '539', '422']
['96', '145', '400', '794', '246', '454', '650', '312', '384', '605', '60', '61', '353', '211', '115']
['86', '327', '669', '548', '500', '469', '283', '485']
['590', '745', '134', '88', '660', '697', '366', '255', '503', '800', '287', '531', '739', '222', '43']
['644', '337', '744', '550', '231', '629', '790', '582', '249', '189', '15', '389', '780', '256', '156', '47']
['592', '447', '495', '490', '24', '23', '708', '707', '245', '173', '253', '181', '652', '62', '71', '690', '598', '126', '496', '460', '212', '675', '670', '565', '399', '470']
['370', '373', '601', '515', '451', '636', '461', '286', '261', '538', '609', '474']
['34', '432', '553', '689', '510', '175', '10', '692', '542', '123', '369', '464', '213', '309', '481']
['439', '557', '142', '680', '397', '81', '64', '251', '254', '676', '55']
['711', '442', '95', '235', '203', '202', '122', '317', '382', '217', '285', '117', '568', '48']
['271', '444', '97', '147', '321', '313', '786', '637', '530', '479']
['443', '641', '401', '372', '703', '184', '324', '328', '416', '418', '603', '465', '4', '672', '52', '110', '227', '220', '728', '480']
['719', '717', '643', '93', '556', '1', '137', '135', '20', '578', '730', '646', '266', '56', '533', '118', '770', '772', '426', '722', '477']
['718', '606', '529', '32', '433', '705', '792', '242', '457', '14', '19', '691', '694', '417', '280', '264', '775', '476']
['39', '143', '492', '406', '188', '547', '544', '127', '463', '532', '391', '489']
['290', '190', '493', '702', '654', '667', '769', '8', '381', '252', '732', '777', '757', '721']
['273', '274', '91', '29', '377', '376', '517', '516', '625', '326', '329', '205', '778', '79', '782', '783', '67', '257', '214', '767', '284', '679', '428', '737', '398']
