['Vertex1238']
['Vertex597', 'Vertex635', 'Vertex671', 'Vertex691', 'Vertex707', 'Vertex734', 'Vertex761', 'Vertex811', 'Vertex849', 'Vertex859', 'Vertex905', 'Vertex914', 'Vertex952', 'Vertex1001', 'Vertex1029', 'Vertex1038', 'Vertex1042', 'Vertex1059', 'Vertex1073', 'Vertex1091']
['Vertex779']
['Vertex911']
['Vertex738']
['Vertex441', 'Vertex450', 'Vertex499', 'Vertex522', 'Vertex523', 'Vertex564', 'Vertex589', 'Vertex611', 'Vertex698', 'Vertex731', 'Vertex733', 'Vertex741', 'Vertex774', 'Vertex923', 'Vertex981', 'Vertex1006', 'Vertex1084', 'Vertex1197', 'Vertex1233', 'Vertex1234']
['Vertex1143']
['Vertex509', 'Vertex912', 'Vertex1076', 'Vertex1131', 'Vertex1218']
['Vertex953']
['Vertex443', 'Vertex482', 'Vertex486', 'Vertex495', 'Vertex506', 'Vertex529', 'Vertex547', 'Vertex637', 'Vertex721', 'Vertex745', 'Vertex900', 'Vertex902', 'Vertex1093', 'Vertex1112', 'Vertex1132', 'Vertex1175', 'Vertex1177', 'Vertex1186', 'Vertex1191', 'Vertex1210']
['Vertex602']
['Vertex442', 'Vertex553', 'Vertex569', 'Vertex607', 'Vertex630', 'Vertex640', 'Vertex720', 'Vertex752', 'Vertex778', 'Vertex796', 'Vertex819', 'Vertex865', 'Vertex882', 'Vertex894', 'Vertex997', 'Vertex1036', 'Vertex1102', 'Vertex1109', 'Vertex1151', 'Vertex1231']
['Vertex1178']
['Vertex1158']
['Vertex463', 'Vertex476', 'Vertex515', 'Vertex534', 'Vertex541', 'Vertex561', 'Vertex565', 'Vertex687', 'Vertex689', 'Vertex768', 'Vertex853', 'Vertex901', 'Vertex980', 'Vertex986', 'Vertex1087', 'Vertex1098', 'Vertex1139', 'Vertex1145', 'Vertex1161', 'Vertex1217']
['Vertex474']
['Vertex1060']
['Vertex1208']
['Vertex950']
['Vertex554', 'Vertex571', 'Vertex587', 'Vertex598', 'Vertex681', 'Vertex724', 'Vertex729', 'Vertex730', 'Vertex766', 'Vertex812', 'Vertex845', 'Vertex893', 'Vertex968', 'Vertex972', 'Vertex985', 'Vertex1053', 'Vertex1183', 'Vertex1196', 'Vertex1214', 'Vertex1232']
['Vertex452', 'Vertex454', 'Vertex497', 'Vertex507', 'Vertex537', 'Vertex542', 'Vertex693', 'Vertex898', 'Vertex919', 'Vertex931', 'Vertex984', 'Vertex1048', 'Vertex1236']
['Vertex477', 'Vertex626', 'Vertex651', 'Vertex755', 'Vertex759', 'Vertex827', 'Vertex864', 'Vertex1054', 'Vertex1090', 'Vertex1221']
['Vertex1215']
['Vertex1011']
['Vertex445', 'Vertex503', 'Vertex533', 'Vertex584', 'Vertex613', 'Vertex624', 'Vertex650', 'Vertex677', 'Vertex703', 'Vertex710', 'Vertex725', 'Vertex747', 'Vertex771', 'Vertex781', 'Vertex784', 'Vertex832', 'Vertex908', 'Vertex1018', 'Vertex1079', 'Vertex1172']
['Vertex465', 'Vertex475', 'Vertex500', 'Vertex518', 'Vertex567', 'Vertex576', 'Vertex581', 'Vertex655', 'Vertex739', 'Vertex749', 'Vertex765', 'Vertex895', 'Vertex917', 'Vertex1020', 'Vertex1040', 'Vertex1063', 'Vertex1075', 'Vertex1123', 'Vertex1153', 'Vertex1189']
['Vertex835', 'Vertex1081', 'Vertex1164']
['Vertex470', 'Vertex543', 'Vertex617', 'Vertex618', 'Vertex631', 'Vertex672', 'Vertex783', 'Vertex803', 'Vertex867', 'Vertex904', 'Vertex921', 'Vertex974', 'Vertex983', 'Vertex1003', 'Vertex1024', 'Vertex1049', 'Vertex1108', 'Vertex1113', 'Vertex1209', 'Vertex1211']
['Vertex1068']
['Vertex492', 'Vertex596', 'Vertex643', 'Vertex663', 'Vertex686', 'Vertex695', 'Vertex780', 'Vertex794', 'Vertex879', 'Vertex924', 'Vertex927', 'Vertex938', 'Vertex989', 'Vertex999', 'Vertex1027', 'Vertex1039', 'Vertex1133', 'Vertex1162', 'Vertex1192', 'Vertex1194']
['Vertex580']
['Vertex1017']
['Vertex455', 'Vertex498', 'Vertex510', 'Vertex572', 'Vertex573', 'Vertex579', 'Vertex615', 'Vertex648', 'Vertex669', 'Vertex713', 'Vertex715', 'Vertex815', 'Vertex816', 'Vertex876', 'Vertex994', 'Vertex995', 'Vertex1136', 'Vertex1138', 'Vertex1185', 'Vertex1203']
['Vertex447', 'Vertex467', 'Vertex468', 'Vertex501', 'Vertex568', 'Vertex601', 'Vertex656', 'Vertex667', 'Vertex684', 'Vertex685', 'Vertex861', 'Vertex863', 'Vertex888', 'Vertex899', 'Vertex998', 'Vertex1016', 'Vertex1071', 'Vertex1097', 'Vertex1100', 'Vertex1147']
['Vertex444', 'Vertex453', 'Vertex484', 'Vertex488', 'Vertex530', 'Vertex634', 'Vertex659', 'Vertex756', 'Vertex791', 'Vertex896', 'Vertex910', 'Vertex1173']
['Vertex975']
['Vertex628', 'Vertex657', 'Vertex678', 'Vertex690', 'Vertex748', 'Vertex874', 'Vertex886', 'Vertex920', 'Vertex955', 'Vertex969', 'Vertex987', 'Vertex996', 'Vertex1014', 'Vertex1019', 'Vertex1023', 'Vertex1044', 'Vertex1117', 'Vertex1144', 'Vertex1154', 'Vertex1163']
['Vertex947']
['Vertex813', 'Vertex1159']
['Vertex1200']
['Vertex732']
['Vertex872']
['Vertex525', 'Vertex566', 'Vertex585', 'Vertex592', 'Vertex664', 'Vertex682', 'Vertex692', 'Vertex706', 'Vertex805', 'Vertex814', 'Vertex818', 'Vertex826', 'Vertex839', 'Vertex956', 'Vertex971', 'Vertex982', 'Vertex1125', 'Vertex1190', 'Vertex1216', 'Vertex1228']
['Vertex464']
['Vertex457', 'Vertex490', 'Vertex494', 'Vertex636', 'Vertex769', 'Vertex856', 'Vertex875', 'Vertex897', 'Vertex916', 'Vertex918', 'Vertex978', 'Vertex1032', 'Vertex1055', 'Vertex1065', 'Vertex1092', 'Vertex1116', 'Vertex1141', 'Vertex1157', 'Vertex1174', 'Vertex1220']
['Vertex462', 'Vertex777', 'Vertex843', 'Vertex970']
['Vertex528', 'Vertex532', 'Vertex556', 'Vertex604', 'Vertex644', 'Vertex694', 'Vertex705', 'Vertex709', 'Vertex790', 'Vertex810', 'Vertex824', 'Vertex834', 'Vertex844', 'Vertex959', 'Vertex1022', 'Vertex1130', 'Vertex1167', 'Vertex1169']
['Vertex1184']
['Vertex459', 'Vertex473', 'Vertex502', 'Vertex540', 'Vertex546', 'Vertex654', 'Vertex700', 'Vertex764', 'Vertex775', 'Vertex782', 'Vertex785', 'Vertex909', 'Vertex944', 'Vertex960', 'Vertex963', 'Vertex1002', 'Vertex1021', 'Vertex1148', 'Vertex1155', 'Vertex1206']
['Vertex673', 'Vertex737', 'Vertex935', 'Vertex1010', 'Vertex1061', 'Vertex1166', 'Vertex1193']
['Vertex753']
['Vertex964']
['Vertex575']
['Vertex481', 'Vertex489', 'Vertex594', 'Vertex603', 'Vertex683', 'Vertex757', 'Vertex763', 'Vertex773', 'Vertex795', 'Vertex840', 'Vertex946', 'Vertex1037', 'Vertex1057', 'Vertex1107', 'Vertex1127', 'Vertex1128', 'Vertex1168', 'Vertex1198', 'Vertex1204', 'Vertex1237']
['Vertex1160']
['Vertex577']
['Vertex868', 'Vertex1035', 'Vertex1129']
['Vertex548', 'Vertex549', 'Vertex586', 'Vertex627', 'Vertex679', 'Vertex708', 'Vertex772', 'Vertex788', 'Vertex797', 'Vertex837', 'Vertex869', 'Vertex928', 'Vertex933', 'Vertex936', 'Vertex1000', 'Vertex1033', 'Vertex1078', 'Vertex1126', 'Vertex1187', 'Vertex1213']
['Vertex728']
['Vertex574', 'Vertex870']
['Vertex485']
['Vertex578', 'Vertex591', 'Vertex593', 'Vertex606', 'Vertex633', 'Vertex727', 'Vertex744', 'Vertex793', 'Vertex850', 'Vertex871', 'Vertex930', 'Vertex966', 'Vertex967', 'Vertex977', 'Vertex990', 'Vertex1004', 'Vertex1013', 'Vertex1104', 'Vertex1111', 'Vertex1199']
['Vertex925']
['Vertex718']
['Vertex471', 'Vertex480', 'Vertex504', 'Vertex520', 'Vertex560', 'Vertex562', 'Vertex612', 'Vertex619', 'Vertex653', 'Vertex726', 'Vertex751', 'Vertex762', 'Vertex789', 'Vertex798', 'Vertex846', 'Vertex884', 'Vertex1088', 'Vertex1120', 'Vertex1122', 'Vertex1135']
['Vertex1180']
['Vertex1070']
['Vertex1119']
['Vertex448', 'Vertex449', 'Vertex588', 'Vertex629', 'Vertex646', 'Vertex680', 'Vertex743', 'Vertex767', 'Vertex770', 'Vertex881', 'Vertex954', 'Vertex1067', 'Vertex1072', 'Vertex1086', 'Vertex1095', 'Vertex1099', 'Vertex1156', 'Vertex1188', 'Vertex1212', 'Vertex1225']
['Vertex746']
['Vertex1041']
['Vertex446', 'Vertex552', 'Vertex609', 'Vertex610', 'Vertex621', 'Vertex625', 'Vertex641', 'Vertex642', 'Vertex699', 'Vertex717', 'Vertex801', 'Vertex831', 'Vertex852', 'Vertex907', 'Vertex922', 'Vertex949', 'Vertex1015', 'Vertex1140', 'Vertex1146', 'Vertex1182']
['Vertex458', 'Vertex493', 'Vertex512', 'Vertex557', 'Vertex647', 'Vertex696', 'Vertex758', 'Vertex825', 'Vertex828', 'Vertex885', 'Vertex891', 'Vertex929', 'Vertex957', 'Vertex979', 'Vertex993', 'Vertex1025', 'Vertex1045', 'Vertex1152', 'Vertex1223', 'Vertex1239']
['Vertex517', 'Vertex722', 'Vertex750', 'Vertex792', 'Vertex1219']
['Vertex508', 'Vertex514', 'Vertex600', 'Vertex697', 'Vertex711', 'Vertex787', 'Vertex817', 'Vertex822', 'Vertex841', 'Vertex847', 'Vertex848', 'Vertex851', 'Vertex873', 'Vertex903', 'Vertex941', 'Vertex942', 'Vertex948', 'Vertex1007', 'Vertex1028', 'Vertex1202']
['Vertex714']
['Vertex937']
['Vertex590']
['Vertex478', 'Vertex483', 'Vertex538', 'Vertex544', 'Vertex545', 'Vertex563', 'Vertex632', 'Vertex639', 'Vertex674', 'Vertex712', 'Vertex877', 'Vertex878', 'Vertex889', 'Vertex932', 'Vertex1008', 'Vertex1047', 'Vertex1056', 'Vertex1062', 'Vertex1165']
['Vertex519', 'Vertex645', 'Vertex915', 'Vertex1235']
['Vertex456', 'Vertex461', 'Vertex524', 'Vertex535', 'Vertex583', 'Vertex662', 'Vertex701', 'Vertex704', 'Vertex735', 'Vertex806', 'Vertex829', 'Vertex887', 'Vertex1009', 'Vertex1012', 'Vertex1026', 'Vertex1069', 'Vertex1074', 'Vertex1101', 'Vertex1137', 'Vertex1201']
['Vertex670']
['Vertex605']
['Vertex1034']
['Vertex539']
['Vertex1031']
['Vertex821', 'Vertex958']
['Vertex516', 'Vertex527', 'Vertex595', 'Vertex658', 'Vertex668', 'Vertex688', 'Vertex776', 'Vertex823', 'Vertex892', 'Vertex926', 'Vertex934', 'Vertex1106', 'Vertex1115', 'Vertex1150', 'Vertex1171', 'Vertex1205', 'Vertex1207', 'Vertex1226', 'Vertex1227', 'Vertex1229']
['Vertex638']
['Vertex1181']
['Vertex491', 'Vertex505', 'Vertex558', 'Vertex559', 'Vertex570', 'Vertex649', 'Vertex652', 'Vertex736', 'Vertex807', 'Vertex820', 'Vertex890', 'Vertex943', 'Vertex961', 'Vertex962', 'Vertex965', 'Vertex1051', 'Vertex1064', 'Vertex1105', 'Vertex1110', 'Vertex1224']
['Vertex451', 'Vertex460', 'Vertex466', 'Vertex469', 'Vertex526', 'Vertex551', 'Vertex599', 'Vertex660', 'Vertex666', 'Vertex676', 'Vertex723', 'Vertex760', 'Vertex804', 'Vertex833', 'Vertex858', 'Vertex862', 'Vertex1066', 'Vertex1077', 'Vertex1179', 'Vertex1195']
['Vertex479', 'Vertex496', 'Vertex511', 'Vertex582', 'Vertex623', 'Vertex786', 'Vertex802', 'Vertex842', 'Vertex940', 'Vertex945', 'Vertex973', 'Vertex976', 'Vertex988', 'Vertex1005', 'Vertex1030', 'Vertex1114', 'Vertex1124', 'Vertex1134', 'Vertex1170', 'Vertex1230']
['Vertex1082']
['Vertex622']
['Vertex440', 'Vertex472', 'Vertex555', 'Vertex608', 'Vertex614', 'Vertex661', 'Vertex665', 'Vertex675', 'Vertex716', 'Vertex742', 'Vertex799', 'Vertex808', 'Vertex809', 'Vertex854', 'Vertex855', 'Vertex951', 'Vertex1046', 'Vertex1080', 'Vertex1149', 'Vertex1176']
['Vertex536', 'Vertex620', 'Vertex740', 'Vertex754', 'Vertex836', 'Vertex860', 'Vertex866', 'Vertex883', 'Vertex906', 'Vertex913', 'Vertex991', 'Vertex992', 'Vertex1050', 'Vertex1058', 'Vertex1085', 'Vertex1089', 'Vertex1094', 'Vertex1121', 'Vertex1142']
['Vertex880']
['Vertex487', 'Vertex513', 'Vertex521', 'Vertex531', 'Vertex550', 'Vertex616', 'Vertex702', 'Vertex719', 'Vertex800', 'Vertex830', 'Vertex838', 'Vertex857', 'Vertex939', 'Vertex1043', 'Vertex1052', 'Vertex1096', 'Vertex1103', 'Vertex1118', 'Vertex1222']
['Vertex1083']
