['0', '47', '88', '102', '152', '196', '207', '214', '345', '453', '479']
['5', '48', '74', '90', '92', '119', '244', '257', '371', '473', '497']
['17', '41', '65', '118', '131', '163', '183', '324', '354', '372', '424']
['1', '128', '179', '188', '264', '300', '323', '348', '365', '373', '414']
['43', '83', '101', '114', '173', '282', '333', '370', '465']
['10', '40', '50', '159', '304', '318', '384', '423', '442', '443']
['8', '66', '115', '144', '153', '155', '250', '308', '390', '398', '485']
['32', '63', '89', '182', '186', '190', '230', '269', '334', '346', '499']
['96', '112', '117', '135', '164', '212', '243', '253', '287', '342', '427']
['54', '169', '217', '265', '337', '347', '364', '415', '419', '462', '496']
['361', '486']
['26', '87', '129', '177', '306', '352', '381', '434', '445', '451', '492']
['126', '136', '195', '197', '262', '321', '322', '368', '420', '457', '464']
['13', '16', '31', '34', '176', '218', '251', '277', '298', '328', '439']
['28', '86', '160', '174', '184', '189', '238', '319', '320', '481', '491']
['134', '202', '241', '245', '275', '288', '293', '397', '409', '446']
['3', '36', '45', '95', '100', '111', '150', '249', '286', '366', '432']
['107', '121', '219', '237', '279', '285', '290', '309', '327', '391', '474']
['56', '147', '187', '236', '246', '260', '296', '376', '380', '383', '469']
['78', '85', '127', '148', '171', '205', '206', '267', '339', '476']
['58', '97', '229', '248', '252', '258', '272', '312', '355', '377', '483']
['232', '325', '356']
['22', '51', '53', '55', '80', '130', '193', '326', '396', '441', '484']
['122', '213', '224', '276', '284', '291', '330', '389', '500']
['71', '98', '124', '180', '192', '261', '399', '417', '429', '458', '494']
['33', '60', '141', '216', '266', '357', '374', '416']
['68', '113', '125', '137', '149', '172', '228', '302', '336', '418', '422']
['18', '166', '175', '191', '225', '242', '294', '349', '375', '388', '463']
['44', '200', '255', '299', '311', '315', '362', '411', '428', '488']
['9', '52', '84', '116', '142', '157', '215', '410']
['30', '35', '106', '170', '281', '301', '425']
['39', '110', '162', '335', '338', '408', '435', '437', '470']
['72', '76', '133', '199', '209', '223', '235', '274', '360', '379', '436']
['21', '29', '77', '146', '154', '208', '240', '263', '341', '404', '466']
['64', '73', '231', '270', '402', '426']
['11', '59', '105', '109', '132', '259', '363', '400', '456', '478']
['2', '12', '61', '165', '273', '332', '387', '433', '440', '475']
['57', '91', '108', '138', '280', '283', '331', '343', '480']
['25', '38', '151', '181', '203', '271', '297', '401', '454', '490', '495']
['27', '94', '168', '247', '316', '382', '393', '452', '461', '467', '477']
['69', '120', '167', '178', '185', '233', '239', '268', '295', '406', '444']
['103', '104', '161', '220', '329', '369', '459', '482']
['19', '158', '256', '305', '317', '351', '353', '359', '392', '407', '421']
['15', '79', '82', '99', '198', '201', '204', '254', '412', '431', '493']
['6', '7', '37', '194', '344', '358', '367', '405', '450', '460', '472']
['123', '145', '156', '221', '227', '289', '378', '386', '413', '438', '448']
['4', '49', '81', '226', '234', '278', '313', '430', '449', '455', '487']
['20', '23', '67', '143', '211', '222', '307', '340', '350', '468', '498']
['14', '46', '70', '93', '140', '210', '303', '385', '403', '447', '489']
['24', '42', '62', '75', '139', '292', '310', '314', '394', '395', '471']
