['Owen', 'Joshua', 'Ezra', 'Jonah', 'Tucker', 'Peter', 'Israel', 'Enzo', 'Chance', 'Emerson', 'Caiden', 'Conner', 'Jensen', 'Shane', 'Muhammad', 'Adan', 'Philip', 'Lewis', 'Gustavo', 'Santino', 'Alvin', 'Mack', 'Kylan', 'Axton']
['Logan', 'Carter', 'Jaxon', 'Santiago', 'Maddox', 'Ashton', 'Jude', 'Preston', 'Clayton', 'Legend', 'Phoenix', 'Colt', 'Karson', 'Lane', 'Desmond', 'Pedro', 'Alexis', 'Nixon', 'Chandler', 'Ronin', 'Roland', 'Jamari', 'Mohammad', 'Cayson', 'Carl']
['Mason', 'Ethan', 'Matthew', 'Gabriel', 'Josiah', 'Colton', 'Diego', 'Ryker', 'Edward', 'Jaden', 'Jake', 'Erick', 'Anderson', 'Travis', 'Seth', 'Solomon', 'Hayes', 'Kian', 'Corey', 'Asa', 'Julio', 'Taylor', 'Emmitt', 'Callen', 'Lionel']
['Grayson', 'Bryce', 'Grant', 'Lorenzo', 'Paxton', 'Javier', 'Derek', 'Remington', 'Romeo', 'Wade', 'Noel', 'Marcos', 'Dax', 'Francis', 'Davis', 'Cason', 'Alonzo', 'Duke', 'Ayaan', 'Nikolas', 'Chris', 'Jalen', 'Hamza', 'Gary', 'Stetson']
['Liaam', 'Dylan', 'Aaron', 'Alex', 'Beau', 'August', 'Kaden', 'Louis', 'Iker', 'Walker', 'Erik', 'Odin', 'Andy', 'Ismael', 'Kason', 'Sterling', 'Damon', 'Alijah', 'Frederick', 'Quentin', 'Brennan', 'Darren', 'Korbin', 'Quincy', 'Ares']
['Levi', 'Brayden', 'Gavin', 'Vincent', 'Miles', 'Max', 'Juan', 'Oscar', 'Jax', 'Beckett', 'Ellis', 'Garrett', 'Nehemiah', 'Clark', 'Fabian', 'Roberto', 'Ruben', 'Khalil', 'Ezequiel', 'Royce', 'Donald', 'Jasiah', 'Curtis', 'Briggs', 'Devon']
['Henry', 'Jackson', 'Andrew', 'Hunter', 'Tyler', 'Luis', 'George', 'Malachi', 'Victor', 'Milo', 'Adriel', 'Eduardo', 'Cristian', 'Jett', 'Johnny', 'Shawn', 'Porter', 'Lennox', 'Landen', 'Kamden', 'Drake', 'Gerardo', 'Kieran', 'Rodrigo', 'Marcelo']
['James', 'Charles', 'Asher', 'Maverick', 'Jason', 'Harrison', 'Luca', 'Finn', 'Cayden', 'Simon', 'Andre', 'Kameron', 'Finley', 'Rafael', 'Ace', 'Jayceon', 'Tyson', 'Hank', 'Keith', 'Brock', 'Braden', 'Mekhi', 'Bryant', 'Case', 'Alberto']
['William', 'Lincoln', 'Mateo', 'Landon', 'Cameron', 'Zachary', 'Micah', 'Declan', 'Jayce', 'Kaleb', 'Lukas', 'Holden', 'Sean', 'Walter', 'Spencer', 'Ali', 'Atticus', 'Emanuel', 'Luka', 'Alec', 'Kobe', 'Mathew', 'Soren', 'Forrest', 'Lance']
['Christopher', 'Leo', 'Robert', 'Adam', 'Bentley', 'Bennett', 'Justin', 'Abraham', 'Jesse', 'Zane', 'Emiliano', 'Brian', 'Barrett', 'Cohen', 'Quinn', 'Frank', 'Russell', 'Cyrus', 'Esteban', 'Kolton', 'Jayson', 'Brendan', 'Gianni', 'Roy', 'Edison']
['Noah', 'Elijah', 'Michael', 'Nicholas', 'Elias', 'Damian', 'Brody', 'Patrick', 'Richard', 'Dawson', 'Dallas', 'Gideon', 'Mario', 'Arlo', 'Donovan', 'Devin', 'Ibrahim', 'Mohamed', 'Kasen', 'Enrique', 'Aden', 'Deacon', 'Arjun', 'Kaison', 'Alden']
['Anthony', 'Julian', 'Ezekiel', 'Bryson', 'Jace', 'Emmanuel', 'Alan', 'Marcus', 'Tobias', 'Maximiliano', 'Fernando', 'Hector', 'Dante', 'Orion', 'Collin', 'Prince', 'Gregory', 'Phillip', 'Mathias', 'Oakley', 'Luciano', 'Ryland', 'Izaiah', 'Rex', 'Zain']
['Alexander', 'Christian', 'Jose', 'Ayden', 'Silas', 'Tristan', 'Steven', 'Mark', 'Paul', 'Corbin', 'Cody', 'Malik', 'Jay', 'Moises', 'Jonas', 'Remy', 'Matthias', 'Benson', 'Raul', 'Uriel', 'Sam', 'Mohammed', 'Rayan', 'Cassius', 'Kashton']
['Evan', 'Leonardo', 'Braxton', 'Giovanni', 'Calvin', 'Amir', 'Miguel', 'Maximus', 'Nicolas', 'Caden', 'Felix', 'Manuel', 'Reid', 'Ricardo', 'Jase', 'Daxton', 'Warren', 'Dominick', 'Rory', 'Zayne', 'Johan', 'Ahmad', 'Conrad', 'Reece', 'Kellen']
['Daniel', 'Wesley', 'Matteo', 'Matias', 'Conor', 'Cesar', 'Dakota', 'Cruz', 'Troy', 'Marshall', 'Johnathan', 'Ari', 'Bowen', 'Brycen', 'Jerry', 'Wilder', 'Ty', 'Kamari', 'Raylan', 'Neil', 'Fletcher', 'Alessandro', 'Bruno', 'Jakob']
['Theodore', 'Austin', 'Greyson', 'Kevin', 'Kyrie', 'Brady', 'Omar', 'Josue', 'Atlas', 'Joaquin', 'Jaxton', 'Jared', 'Abram', 'Zaiden', 'Bruce', 'Zachariah', 'Drew', 'Nikolai', 'Isaias', 'Niko', 'Memphis', 'Tatum', 'Issac', 'Douglas', 'Crosby']
['David', 'Wyatt', 'Ryan', 'Nathan', 'Jaxson', 'Brandon', 'Emmett', 'Carlos', 'Blake', 'Elliot', 'Brantley', 'Bryan', 'Knox', 'Arthur', 'Riley', 'Archer', 'Jaiden', 'Kayson', 'Winston', 'Ronald', 'Casey', 'Tony', 'Elian', 'Lucian']
['Benjamin', 'Jayden', 'Nathaniel', 'Ryder', 'Maxwell', 'Jesus', 'Kyle', 'Emilio', 'Amari', 'Nash', 'Jeffrey', 'Marco', 'Edgar', 'Adonis', 'Malakai', 'Raiden', 'Jamison', 'Pablo', 'Derrick', 'Saul', 'Pierce', 'Aarav', 'Marvin', 'Makai']
['Adrian', 'Ian', 'Xavier', 'Parker', 'Chase', 'Kaiden', 'Karter', 'Charlie', 'Leon', 'Francisco', 'Reed', 'Sullivan', 'Nico', 'Albert', 'Rocco', 'Skyler', 'Rhys', 'Armando', 'Ariel', 'Lawrence', 'Armani', 'Moshe', 'Finnley', 'Nelson', 'Wilson']
['Hudson', 'Weston', 'Ivan', 'Rowan', 'Joel', 'Avery', 'Messiah', 'Zion', 'Myles', 'Bradley', 'Griffin', 'Cash', 'Theo', 'Titus', 'Allen', 'Princeton', 'Kade', 'Braylen', 'Moses', 'Jaime', 'Rowen', 'Dustin', 'Apollo', 'Jimmy', 'Zeke']
['Angel', 'Roman', 'Kayden', 'Axel', 'Abel', 'King', 'Hayden', 'Graham', 'Jasper', 'Brooks', 'Judah', 'Andres', 'Damien', 'Julius', 'Peyton', 'Hendrix', 'Harvey', 'Hugo', 'Lawson', 'Tate', 'Sage', 'Eden', 'Uriah', 'Quinton', 'Hezekiah']
['Joseph', 'Sebastian', 'Easton', 'Cooper', 'Sawyer', 'Jameson', 'Xander', 'Gael', 'Zayden', 'Tanner', 'Martin', 'Rylan', 'Raymond', 'Major', 'Grady', 'Kendrick', 'Leonidas', 'Cullen', 'Raphael', 'Landyn', 'Dennis', 'Yusuf', 'Callum', 'Titan', 'Larry']
['Samuel', 'Isaac', 'Caleb', 'Everett', 'Kingston', 'Waylon', 'Aidan', 'Colin', 'Jorge', 'Zander', 'Killian', 'Stephen', 'Beckham', 'Ronan', 'Bodhi', 'Kyler', 'Angelo', 'Zayn', 'Jaylen', 'Leland', 'Danny', 'Dorian', 'Mauricio', 'Sincere', 'Colby']
['Jacob', 'Luke', 'Jack', 'Isaiah', 'Thomas', 'Dominic', 'Carson', 'Cole', 'Eric', 'Jeremy', 'Alejandro', 'Gage', 'Edwin', 'Leonel', 'Malcolm', 'Finnegan', 'Trenton', 'Braylon', 'Scott', 'Darius', 'Royal', 'Justice', 'Trey', 'Arturo', 'Samson']
['Lucas', 'John', 'Eli', 'Jeremiah', 'Nolan', 'Jordan', 'Kai', 'Camden', 'Dean', 'Kenneth', 'Keegan', 'Sergio', 'Kash', 'Dalton', 'Augustus', 'Franklin', 'Cade', 'Dexter', 'Maximilian', 'Dillon', 'Kellan', 'Kyree', 'Leonard', 'Bo']
['Oliver', 'Aiden', 'Jonathan', 'Connor', 'Antonio', 'Elliott', 'Timothy', 'Rhett', 'River', 'Thiago', 'Gunner', 'Kane', 'Trevor', 'Nasir', 'Gunnar', 'Kyson', 'Milan', 'Otto', 'Omari', 'Ahmed', 'Cannon', 'Keaton', 'Alfredo', 'Julien', 'Roger']
