['29', '63', '120', '131', '148', '187', '231', '258', '327', '340', '341', '386', '394', '445', '491', '506', '527', '575', '629', '693', '798', '824', '852']
['35', '57', '60', '157', '280', '299', '306', '321', '398', '443', '463', '472', '519', '556', '602', '673', '695', '714', '719', '766']
['190', '345', '452']
['742']
['322']
['156', '882']
['571']
['15', '281', '537']
['10', '161', '178', '205', '318', '350', '512', '524', '526', '531', '551', '576', '586', '594', '600', '701', '725', '735', '776', '801', '828', '844']
['811']
['439', '509', '764']
['287', '809']
['624', '632']
['336', '354', '465', '728']
['201']
['261', '262', '339', '430']
['44', '49', '77', '138', '197', '344', '383', '389', '417', '419', '429', '457', '483', '542', '675', '722', '723', '781', '783', '864']
['616']
['26']
['54', '147', '347', '856']
['678']
['83', '237']
['5', '487', '756', '834']
['85', '101', '180', '286', '352', '493', '598', '667', '758', '868', '880']
['533', '553']
['73', '81', '300', '731']
['438']
['203', '638', '646', '879']
['375', '744']
['236', '499', '522', '752', '768', '858']
['51', '416', '498', '504', '528', '873']
['42', '45', '164', '192', '232', '278', '298', '372', '437', '620', '862']
['516', '605', '721', '778']
['305', '369', '747']
['0', '557']
['464', '580']
['255', '444', '510']
['20']
['94']
['256']
['467']
['674', '817']
['291', '753']
['238', '260', '698']
['61']
['215']
['9', '97', '99', '239', '242', '335', '484', '488', '625', '681', '808', '822', '865']
['50', '346', '737']
['222']
['11', '78', '219', '302', '657', '694', '734']
['122', '559', '596']
['90']
['4', '108', '170', '177', '251', '365', '400', '408', '471', '690', '765']
['151', '481', '567']
['6', '106', '109', '149', '198', '204', '217', '254', '307', '317', '407', '431', '513', '622', '656', '717', '767', '799', '821', '877']
['130', '220', '496', '812', '881']
['23', '155', '253']
['33', '850']
['103']
['875']
['894']
['652', '688']
['30', '325', '662', '826', '853', '900']
['456']
['28', '314', '410', '684', '707', '750', '869']
['727']
['92']
['277', '655']
['696']
['116']
['111', '166', '175', '183', '355', '387', '390', '797', '871']
['794']
['221', '450']
['378', '447', '453']
['185', '829']
['590']
['745']
['127', '136', '206', '326', '397', '425', '547', '581', '676', '683', '713', '775']
['66', '427', '755', '888']
['241']
['141', '288', '406', '511', '816']
['143', '171', '174', '189', '207', '226', '233', '283', '293', '348', '470', '477', '543', '597', '606']
['56', '150', '428', '475', '549', '607', '705', '878']
['32', '552', '854']
['413']
['297']
['421', '716']
['146']
['139', '142', '267', '609', '874']
['301', '670']
['87', '310', '636', '892']
['546']
['356']
['13', '153', '196', '270', '379', '441', '507', '671', '771', '772', '848', '896']
['371']
['152', '172', '405', '544', '599', '689', '842', '846', '859']
['31', '514', '610', '791']
['65', '860']
['173']
['199']
['489']
['601', '890']
['135']
['289']
['645', '650']
['704']
['48', '107', '114', '259', '284', '358', '388', '393', '435', '440', '474', '517', '520', '521', '548', '554', '665', '682', '686', '687', '710', '748', '815', '831', '891']
['373']
['194']
['104', '162', '224', '415', '640', '724', '787', '796', '814', '827']
['128', '366']
['311', '459', '478']
['832']
['47', '80']
['53', '160', '169', '195', '328', '604', '647', '648', '691']
['635']
['82', '312', '872']
['412']
['361', '403', '434']
['176', '296', '320', '364', '550', '628', '715', '759']
['257']
['38', '89', '145', '202', '225', '240', '269', '294', '334', '338', '391', '476', '685', '733', '751', '820', '855']
['96', '134', '154', '168', '246', '252', '272', '273', '279', '324', '508']
['165', '214', '243', '249', '303', '396', '424', '426', '461', '572', '627', '664', '741', '746', '760']
['539', '663']
['584']
['43', '59', '100', '158', '210', '422', '473', '501', '708', '786']
['41', '46', '84', '105', '110', '229', '244', '295', '332', '414', '423', '585', '810', '863']
['91', '839']
['55', '113', '186', '209', '292', '304', '377', '433', '591', '611', '803']
['333', '530', '615', '617', '840']
['208']
['395', '455', '458']
['14', '39', '76', '182', '211', '500', '536', '743']
['376']
['337', '351', '402', '460', '653', '720', '738', '806']
['159', '228', '268', '570', '660', '779']
['25', '184', '319', '329', '392', '420', '644', '692', '709', '793', '851', '876']
['641', '870']
['19', '22', '68', '79', '88', '95', '98', '119', '191', '274', '285', '359', '368', '492', '541', '545', '565', '587', '702', '703', '762', '777', '780', '818']
['67', '124', '126', '140', '234', '248', '263', '323', '540', '568', '569', '589', '639', '643', '661', '730']
['614']
['574', '784']
['276', '658', '807']
['3', '74', '250', '494', '529', '654', '699', '706', '883']
['593']
['64', '112', '711', '830', '897']
['380']
['357']
['505']
['275', '800', '833']
['503']
['18', '75', '188', '227', '245', '446', '515', '535', '669']
['466']
['534', '769']
['384', '613']
['163', '200', '213', '331', '409', '497', '523']
['230', '782']
['740', '823']
['129', '362', '887']
['2', '825']
['265']
['757']
['566', '582']
['532']
['58', '266', '626', '700', '790']
['193', '837']
['518', '773']
['21', '367', '451', '588', '732', '802', '884', '889', '893']
['538']
['118', '181', '432', '479', '562', '595', '789']
['117', '167', '308', '401', '448', '502', '560', '583', '621', '642', '697', '761', '886']
['718']
['271', '309', '490', '564']
['819']
['34', '71', '137', '374', '418', '603', '672', '861', '885', '899']
['216', '247']
['17', '282', '579', '763', '804', '841']
['125']
['1']
['7', '218', '223', '525', '618', '623', '736', '843']
['838']
['27', '40', '86', '93', '132', '133', '342', '442', '555', '578', '612', '633', '739', '849', '895']
['121', '411', '680']
['679']
['115', '123', '264', '313', '330', '360', '469', '480', '630', '726', '749']
['12', '24', '70', '315', '343', '577', '592', '659', '813', '857', '898']
['235']
['62', '72', '102', '349', '353', '399', '449', '729', '770', '785', '795', '835', '847']
['792']
['608', '867']
['52', '69', '381', '382', '468', '485', '668']
['454']
['788', '845']
['16', '144', '316', '363', '404', '462', '634', '712']
['290', '651', '774']
['212', '495', '563', '573', '649', '754', '805', '836', '866']
['36', '37', '179', '619', '631']
['666']
['8', '370', '385', '436', '482', '486', '558', '561', '637', '677']
