['38', '69', '93', '138', '176', '180', '188', '208', '215', '252', '278', '280', '295', '330', '343', '350', '354', '373', '381', '409', '423', '429', '438', '448', '474', '527', '550', '558', '561', '584', '592', '606', '608', '617', '636', '649', '653', '662', '680', '697']
['3', '95', '120', '124', '130', '145', '186', '230', '242', '255', '256', '275', '282', '290', '301', '305', '324', '337', '340', '345', '359', '364', '366', '433', '442', '472', '506', '517', '536', '547', '553', '609', '625', '633', '635', '650', '686', '699']
['11', '28', '53', '83', '117', '168', '171', '183', '279', '289', '291', '306', '379', '385', '411', '418', '421', '452', '568', '571', '586', '631']
['12', '14', '112', '132', '288', '341', '346', '529', '593', '681']
['10', '19', '42', '60', '61', '67', '80', '102', '161', '182', '209', '235', '236', '238', '254', '260', '272', '283', '335', '360', '371', '378', '380', '382', '450', '463', '466', '473', '483', '500', '521', '534', '554', '555', '565', '582', '598', '666', '678', '694']
['27', '44', '111', '136', '167', '226', '229', '243', '245', '257', '262', '303', '307', '308', '328', '352', '447', '454', '465', '471', '479', '495', '516', '520', '522', '543', '559', '562', '570', '577', '600', '603', '613', '629', '637', '644', '651', '663', '673', '679']
['0', '26', '29', '32', '37', '48', '78', '79', '84', '86', '119', '129', '147', '151', '155', '158', '194', '205', '212', '227', '248', '276', '281', '327', '333', '362', '375', '377', '407', '425', '430', '445', '453', '469', '493', '499', '523', '575', '599', '618']
['8', '33', '39', '40', '52', '64', '72', '73', '81', '94', '169', '175', '178', '191', '199', '206', '219', '259', '265', '277', '284', '287', '325', '351', '387', '406', '408', '451', '511', '519', '530', '532', '535', '542', '556', '560', '591', '602', '687', '688']
['1', '7', '21', '22', '36', '59', '96', '113', '125', '127', '143', '154', '184', '198', '217', '220', '261', '263', '267', '270', '312', '322', '339', '401', '405', '410', '435', '441', '444', '446', '460', '461', '492', '494', '509', '551', '563', '590', '624', '667']
['13', '41', '97', '100', '137', '177', '240', '285', '298', '299', '320', '336', '369', '374', '457', '485', '504', '539', '546', '566', '587', '626', '693']
['6', '20', '23', '24', '35', '62', '65', '141', '148', '150', '165', '173', '192', '196', '207', '218', '222', '313', '342', '372', '384', '388', '416', '420', '426', '476', '482', '489', '540', '549', '583', '604', '612', '628', '632', '646', '648', '659', '665', '672']
['4', '43', '55', '57', '91', '101', '103', '123', '126', '153', '185', '190', '214', '216', '239', '246', '247', '250', '268', '315', '318', '319', '331', '344', '383', '389', '412', '436', '481', '567', '579', '589', '595', '605', '615', '619', '630', '634', '660', '690']
['16', '47', '51', '58', '82', '85', '106', '116', '121', '134', '164', '172', '181', '200', '221', '228', '234', '300', '347', '363', '367', '370', '397', '422', '431', '434', '497', '502', '537', '594', '607', '627', '639', '642', '643', '645', '668', '677', '691', '695']
['49', '98', '162', '179', '195', '223', '231', '251', '264', '292', '293', '294', '311', '314', '329', '386', '396', '398', '427', '449', '467', '488', '491', '508', '518', '526', '528', '531', '545', '557', '574', '585', '611', '658', '661', '664', '671', '674', '685', '698']
['18', '56', '71', '87', '107', '108', '110', '135', '149', '157', '174', '201', '202', '204', '210', '269', '274', '302', '348', '357', '358', '390', '395', '402', '428', '439', '440', '464', '477', '487', '490', '510', '538', '569', '576', '597', '616', '620', '621', '638']
['5', '9', '17', '30', '45', '68', '76', '104', '109', '128', '187', '189', '203', '213', '224', '266', '309', '368', '400', '462', '475', '478', '503', '513', '524', '533', '544', '564', '572', '578', '581', '622', '623', '647', '654', '669', '670', '683', '684', '696']
['2', '15', '34', '46', '50', '75', '92', '131', '139', '163', '233', '241', '249', '271', '310', '321', '334', '349', '391', '404', '424', '480', '486', '512', '514', '573', '588', '652', '675', '692']
['66', '70', '89', '99', '105', '118', '122', '133', '142', '146', '156', '193', '197', '225', '237', '244', '317', '361', '399', '413', '417', '432', '437', '443', '455', '456', '458', '459', '470', '498', '505', '515', '525', '548', '596', '601', '610', '656', '676', '689']
['88', '114', '273', '286', '296', '316', '332', '338', '392', '393', '403', '414', '415', '468', '541', '614', '655']
['25', '31', '54', '63', '74', '77', '90', '115', '140', '144', '152', '159', '160', '166', '170', '211', '232', '253', '258', '297', '304', '323', '326', '353', '355', '356', '365', '376', '394', '419', '484', '496', '501', '507', '552', '580', '640', '641', '657', '682']
