['33', '36', '115', '127', '129', '169', '181', '219', '226', '280', '282', '294', '298', '312', '340', '412', '435', '453', '468', '513', '555', '557', '617', '633', '648', '650', '671', '708']
['18', '29', '50', '79', '85', '86', '178', '187', '191', '232', '237', '239', '241', '262', '295', '347', '381', '409', '426', '438', '439', '444', '463', '472', '481', '512', '514', '550', '551', '570', '577', '587', '611', '652', '663', '673', '688', '692']
['66', '78', '83', '84', '97', '136', '165', '182', '429', '447', '531', '626', '698']
['26', '27', '51', '62', '101', '112', '140', '150', '208', '212', '250', '289', '341', '373', '380', '491', '614', '644', '651']
['38', '45', '93', '96', '234', '248', '327', '398', '404', '445', '475', '517', '642', '657']
['7', '109', '111', '154', '192', '217', '221', '222', '227', '231', '246', '264', '279', '281', '310', '314', '328', '343', '350', '366', '389', '406', '413', '416', '423', '433', '441', '443', '469', '477', '500', '503', '524', '549', '582', '599', '606', '630', '636', '637', '684']
['25', '437', '485', '511']
['54', '131', '247', '301', '436', '450', '603', '701']
['24', '34', '139', '177', '297', '333', '421', '473', '578', '586', '607', '623']
['8', '10', '12', '37', '42', '63', '73', '87', '128', '135', '144', '188', '190', '193', '284', '299', '308', '315', '320', '326', '329', '342', '415', '449', '459', '480', '483', '488', '493', '505', '520', '566', '568', '589', '592', '618', '641', '653', '655', '658', '667']
['16', '72', '107', '133', '134', '153', '164', '199', '213', '225', '245', '276', '288', '292', '339', '344', '346', '348', '361', '367', '391', '457', '458', '461', '499', '504', '522', '529', '530', '538', '561', '569', '580', '581', '593', '601', '645', '660', '681', '699']
['1', '2', '3', '56', '94', '104', '124', '148', '151', '198', '253', '256', '260', '268', '286', '313', '332', '375', '376', '378', '425', '452', '454', '462', '492', '495', '497', '502', '509', '515', '554', '591', '604', '643', '696', '700', '704']
['30', '64', '137', '143', '210', '397', '418', '422', '518', '534']
['5', '23', '32', '43', '48', '77', '82', '103', '116', '117', '119', '166', '170', '186', '205', '209', '214', '249', '263', '273', '285', '296', '323', '357', '359', '377', '384', '394', '456', '498', '507', '510', '546', '596', '600', '629', '631', '662', '675', '677']
['39', '355', '420', '471', '695', '697']
['638']
['464', '474']
['49', '57', '98', '108', '114', '142', '149', '163', '167', '172', '196', '201', '235', '243', '272', '278', '302', '309', '363', '369', '372', '374', '393', '402', '408', '489', '501', '508', '532', '535', '542', '576', '585', '595', '598', '610', '612', '622', '669', '707']
['31', '53', '161', '175', '194', '258', '266', '269', '306', '318', '336', '351', '360', '362', '364', '574', '609', '616', '649', '689']
['311', '487', '605', '691']
['251']
['120', '545']
['4', '19', '41', '61', '75', '76', '110', '122', '145', '176', '197', '207', '224', '233', '242', '275', '316', '319', '321', '324', '330', '349', '358', '401', '403', '417', '460', '521', '527', '536', '537', '547', '556', '562', '571', '619', '628', '672', '680', '694', '702']
['0', '80', '91', '155', '160', '304', '354', '395', '399', '432', '466', '467', '470', '490', '496', '525', '558', '620', '632', '666', '674', '676']
['146', '218', '331', '356', '371', '430', '434', '476', '548', '572']
['411']
['13', '52', '141', '223', '271', '334', '352', '465', '482', '543', '584', '656', '661', '706']
['21', '58', '100', '113', '118', '125', '159', '173', '174', '189', '236', '255', '290', '325', '345', '396', '440', '455', '478', '516', '540', '564', '573', '615', '624', '639', '654', '659', '670', '678', '683']
['244', '526']
['28', '44', '90', '270', '293', '448', '563', '705']
['6', '9', '11', '74', '92', '106', '123', '156', '157', '195', '200', '202', '204', '228', '229', '238', '252', '265', '317', '322', '353', '370', '424', '428', '451', '479', '519', '523', '528', '533', '541', '544', '552', '559', '575', '579', '597', '665', '679', '690']
['71', '682']
['15', '20', '22', '55', '65', '68', '81', '88', '99', '102', '105', '132', '152', '171', '180', '183', '184', '185', '206', '283', '307', '335', '337', '338', '390', '405', '410', '419', '446', '486', '494', '506', '560', '583', '625']
['14', '35', '46', '59', '69', '121', '126', '130', '138', '158', '162', '168', '179', '203', '211', '215', '230', '240', '254', '287', '305', '365', '368', '392', '414', '427', '431', '484', '539', '553', '567', '594', '602', '621', '634', '635', '647', '668', '686', '687', '703']
['17', '40', '47', '60', '67', '70', '89', '95', '147', '216', '220', '257', '259', '261', '267', '274', '277', '291', '300', '303', '379', '382', '383', '385', '386', '387', '388', '400', '407', '442', '565', '588', '590', '608', '613', '627', '640', '646', '664', '685', '693']
