['Shannelle', 'Beauty', 'William', 'Kaydynce', 'Ilai', 'Zackry', 'Aseel', 'Ameerah', 'Rhiannon', 'Damiyon']
['Evany', 'Manasvi', 'Vida', 'Joeangel', 'Tashaun', 'Beatrice', 'Emalynn', 'Cale', 'Nasean', 'Karas', 'Shivani', 'Orren', 'Abbagail', 'Yancey', 'Jontavious', 'Abrea', 'Kenton', 'Ahmarie', 'Jadelyn', 'Farrell', 'Arianna', 'Eliseo', 'Cort', 'Dalli', 'Zaheem']
['Caly']
['Lovelee', 'Paxten', 'Rane', 'Elainah', 'Fatouma', 'Beny', 'Micael', 'Ondrej', 'Akeya', 'Brogan', 'Maile', 'Andia', 'Wilbur']
['Kawon', 'Kaimana', 'Yoali', 'Ariston', 'Genae', 'Jali', 'Carlia', 'Tlaloc', 'Evana', 'Rigo', 'Miabella', 'Kore', 'Tamirra', 'Dalyn', 'Ike', 'Rochel', 'Caeley', 'Rich', 'Maelie', 'Constantino', 'Lavon', 'Nardos', 'Aundra', 'Brayten', 'Jermaya', 'Mychael', 'Elsa', 'Jerry', 'Kijuan', 'Blaike', 'Juwon']
['Genise', 'Nicolet', 'Analleli', 'Dontrae', 'Ivett', 'Stanly', 'Andin', 'Ilma', 'Keandra', 'Ward', 'Azriel', 'Bodyn', 'Guiliana', 'Nazire', 'Zaniyha', 'Khadijatou', 'Nilaja', 'Mikea', 'Madelyne', 'Deavon', 'Markavious', 'Shanay', 'Carriana', 'Illyana', 'Bellamy', 'Krystie']
['Aeris', 'Emah', 'Envee', 'Renay', 'Whitney', 'Khamar', 'Eliot', 'Chau', 'Jailen', 'Gabryel', 'Vinicio', 'Ingrid', 'Zohair', 'Zaniyla', 'Alija', 'Sinay', 'Enmanuel', 'Olajuwon', 'Rayann', 'Edwinn', 'Jamauria', 'Avriel', 'Jordin', 'Xzavian', 'Hasnain', 'Anahi', 'Gad']
['Severin', 'Taray']
['Zarif']
['Eber', 'Yashvi', 'Sylah', 'Kirby', 'Brighid', 'Surabhi', 'Breia', 'Jachob', 'Vivian', 'Willi', 'Atalie', 'Hopelynn', 'Legacy', 'Cobi', 'Azhia', 'Mainor', 'Amayia', 'Bhavesh', 'Rossie', 'Haidy', 'Kiristen', 'Hadeel', 'Shay', 'Alexandr', 'Shannen', 'Evy', 'Antoin', 'Danyah']
['Suhail', 'Rheana', 'Giona', 'Kirk', 'Abshir', 'Senay', 'Rayson', 'Felicia', 'Aditri', 'Kristlyn', 'Grisham', 'Trason', 'Marques', 'Yoseline', 'Alicyn', 'Tamila', 'Eulogio', 'Sommer', 'Avel', 'Kla', 'Ihsaan', 'Drue', 'Jazzlene', 'Rosali']
['Tierney']
['Loren', 'Laiyah', 'Amirrah', 'Tearsa', 'Karimah', 'Nayomie', 'Nouvelle', 'Stiven', 'Khyla', 'Esli', 'Jeliyah', 'Malaijah', 'Disa', 'Beryl', 'Khailee', 'Jamarrius', 'Keighan', 'Jonpaul', 'Giacomo', 'Johanne', 'Tejaswini', 'Kahliya', 'Eirene', 'Durham', 'Tuesday', 'Akiyah', 'Ernestine', 'Orry', 'Rionna']
['Bryleigh', 'Ninah']
['Rayniyah', 'Vatsal', 'Nitzia', 'Jeralyn', 'Haji', 'Jaiona', 'Herlinda']
['Kailie', 'Mcrae', 'Paityn', 'Derron', 'Jakobie', 'Havanna', 'Dshawn', 'Amador', 'Danette', 'Yoceline', 'Jayen', 'Addalina', 'Alayasia', 'Aayanah', 'Shephard', 'Jacque', 'Hazelyn', 'Yerick', 'Yoanna', 'Janis', 'Shaley', 'Jnya', 'Adalai', 'Trever', 'Leiby', 'Antionette', 'Heylee', 'Emontae', 'Vandon', 'Brinklee', 'Trung', 'Danyal', 'Kaija', 'Sai', 'Zakyrah', 'Sidnei', 'Malaya']
['Niera', 'Elliet', 'Reily', 'Jamy', 'Ladainian', 'Gracelynne', 'Kosta', 'Fabyan', 'Zanden', 'Karaleigh', 'Colter', 'Mathews', 'Fatema', 'Jasan', 'Savaughn', 'Joriel', 'Jackelynn', 'Myha', 'Tyreonna', 'Falisha', 'July', 'Adalyn', 'Minal', 'Mitch', 'Damariah', 'Naja', 'Adarion']
['Ithan', 'Trang', 'Brit', 'Jaquavis', 'Tyner']
['Ranvir', 'Marayna', 'Steven', 'Atiya', 'Brynna', 'Jaqui', 'Kasim', 'Cian', 'Kirollos', 'Afia', 'Luay', 'Yaitza', 'Srihita', 'Mehmet', 'Kadidia']
['Alexei', 'Nazario', 'Navy', 'Markese', 'Natsuki', 'Dexter', 'Josearmando', 'Coben', 'Zayvien', 'Brookley', 'Marquasia', 'Azaryah', 'Rogelio', 'Jamara', 'Tyasiah', 'Gwynne', 'Kambrea', 'Demontrell', 'Malak', 'Duke', 'Shakia', 'Jarek', 'Cherish', 'Jacob', 'Zaria', 'Norelle', 'Kotaro', 'Feliciana', 'Arali', 'Mellony', 'Madox', 'Ariannah', 'Haiden', 'Paytn', 'Brieann', 'Jahir', 'Tais']
['Kiylee', 'Tilynn', 'Ankita', 'Chanie', 'Job', 'Albin', 'Trent']
['Shya', 'Jeancarlo', 'Aaniah', 'Nikiyah', 'Ivin', 'Quincey', 'Kamal', 'Sivad', 'Basya', 'Sunday', 'Aideliz', 'Chrissie', 'Johnson', 'Peniel', 'Jaci', 'Gustabo', 'Kadija', 'Matea', 'Ronisha', 'Alianne', 'Sequoia', 'Christy', 'Jorrin', 'Haidon']
['Julieanne', 'Zvi', 'Aneyah', 'Olya', 'Sissy', 'Maika', 'Keyri', 'Kaylla', 'Kyrra', 'Lean', 'Eljin', 'Orlin', 'Kenniya', 'Thaleia', 'Anaysha', 'Aulelei', 'Korianna', 'Kashawna', 'Casyn', 'Abygael', 'Emoree', 'Shadrach', 'Raylon', 'Albert', 'Nazere', 'Zalmen', 'Kaytlin', 'Aleyah', 'Lam', 'Audrina', 'Juanmiguel', 'Shevy', 'Raoul', 'Brady', 'Abdulhadi', 'Jesua', 'Jesper', 'Teddy', 'Shyla', 'Demitrus', 'Mabry', 'Gadge']
['Navin', 'Mally', 'Jahvion', 'Cato', 'Karilynn', 'Tyrese', 'Nathanyal', 'Ilan', 'Mirtha']
['Perl', 'Andy', 'Thristan', 'Damieon', 'Haila', 'Anfernee', 'Addalee', 'Olivya', 'Davell']
['Lazare', 'Bayle', 'Icker', 'Giulian', 'Evon', 'Alexas', 'Javen', 'Narciso', 'Slaton', 'Amanee', 'Renato', 'Devynn', 'Trelon', 'Izai', 'Brien', 'Monzerath', 'Yitzel', 'Jenniyah', 'Arnela', 'Youcef', 'Julea', 'Jafari', 'Salome', 'Carine', 'Jeffry', 'Kaleya', 'Zalea', 'Takuma', 'Maddix', 'Mckayla', 'Anoush', 'Jaidin', 'Kahleah', 'Khanh', 'Caoimhe']
['Isai', 'Kaser', 'Izaiyah', 'Rokas', 'Dallin', 'Talaya', 'Allizzon', 'Cinthya', 'Angelene', 'Lisseth', 'Elvis', 'Briajah', 'Amara', 'Thayer', 'Duwayne', 'Yasmyn', 'Takeru', 'Latravia', 'Brelan', 'Elizabethmarie']
['Oluwadara', 'Willamina', 'Gerard', 'Shani', 'Jakiah', 'Chava', 'Ferdinand', 'Jamorian', 'Javin', 'Raiya', 'Brecklyn', 'Mishti', 'Karsten', 'Zanay', 'Alayza', 'Rut', 'Zackaria', 'Haileigh', 'Diangelo', 'Sima', 'Danali', 'Taaliyah', 'Aasiya', 'Lyliana', 'Kyrillos', 'Davarius', 'Socorro', 'Zyquez']
['Librado', 'Kiyani']
['Damaria', 'Prudence', 'Tyland', 'Ellana', 'Fitzgerald', 'Kaiea', 'Aubrieanna', 'Katilyn', 'Rye', 'Keyashia', 'Bentley', 'Breezie', 'Sumayya', 'Dalia', 'Aquil', 'Ceana', 'Vedant']
['Lilyanna', 'Fadi', 'Ambreal', 'Malaki', 'Ulyssa', 'Thaddaeus', 'Rayleen', 'Jakaila', 'Chananya', 'Bellagrace', 'Sylar', 'Akif', 'Coryn', 'Andalasia', 'Tanzania', 'Sariya', 'Benson', 'Artavis', 'Hailyn', 'Ilani', 'Trasean', 'Gwyneth', 'Jaxon', 'Ascher', 'Journe']
['Amyiah', 'Reeve', 'Hellen', 'Torah', 'Xena', 'Ahilyn', 'Madalynn', 'Sharell', 'Vivika', 'Makayden', 'Malayasia', 'Guinness', 'Sharleen']
['Eugenia', 'Mavis', 'Edwen', 'Hena', 'Julliana', 'Samba', 'Klair', 'Nikholas', 'Karlette', 'Kip', 'Janaiyah', 'Travelle', 'Faybian', 'Khaleed', 'Oktober', 'Hudsen', 'Khyana', 'Nakaiya', 'Dolores', 'Kaison', 'Aleise', 'Naidelyn', 'Siddhant', 'Eileen', 'Damarea', 'Genavive', 'Asheton', 'Dreson', 'Mckell', 'Shirlee']
['Avinash', 'Zariea', 'Valente', 'Ashar', 'Yengkong']
['Lazavion']
['Miu', 'Josaiah', 'Mishal', 'Semir', 'Maelin', 'Demarques', 'Tommaso', 'Kenderick', 'Laylene', 'Timofey', 'Michaelle', 'Jazmaine', 'Raziya', 'Anselm', 'Mazee', 'Jasmina', 'Austynn', 'Aerin', 'Jorge', 'Skyi', 'Pavlos', 'Tamyrah']
['Tullia', 'Jadine', 'Anjani', 'Sadeel', 'Camoren', 'Lania', 'Anevay', 'Everlyn', 'Raegen', 'Kristie', 'Sunshine', 'Yaniyah', 'Avary', 'Urias', 'Alexander', 'Francella', 'Kamdon', 'Katianna', 'Saidi', 'Kipp', 'Brynne', 'Daphnee', 'Katherin', 'Chanda', 'Mylz', 'Zahirah', 'Keelie', 'Mert', 'Brando', 'Harpreet', 'Larri', 'Skilar']
['Rolondo', 'Svanik', 'Bence', 'Lajaya', 'Daritza', 'Zaaire', 'Shlomo', 'Mikye', 'Grabiela', 'Brinton', 'Ryllie', 'Teniola', 'Kiani', 'Allegra', 'Kedus', 'Jassiel', 'Maryori', 'Herbert', 'Tavarian', 'Jasmen', 'Jadah', 'Shanya', 'Poetri', 'Quinley', 'Nishka']
['Jakavion', 'Dreanna']
['Viera', 'Shahir', 'Mikko', 'Keynia', 'Gayathri', 'Dilraj', 'Gabe', 'Shakiya', 'Govani', 'Yackelin', 'Kellsie', 'Pratham', 'Brock', 'Ejay', 'Grady', 'Raiyan', 'Makaylynn', 'Jaeliah', 'Liesel', 'Labrandon', 'Winifred', 'Aroldo', 'Lark', 'Holdan']
['Gabrianna', 'Dayn', 'Pranita', 'Viola', 'Keimari', 'Quavon', 'Znya', 'Rheagan', 'Jocilynn', 'Samah', 'Makhayla', 'Jezrael']
['Edden', 'Rohil', 'Kaeliegh', 'Makaylla', 'Jt', 'Thaine', 'Saxon', 'Tytus', 'Kaitlynne', 'Jeramy', 'Janelli', 'Keno', 'Gamya', 'Keyshia', 'Jabaree', 'Sahib', 'Rogers', 'Donoven', 'Ermina', 'Anieya', 'Latricia', 'Keiasia', 'Madelin', 'Andriana', 'Kieth']
['Zinnia', 'Samajae', 'Waneta', 'Yulianna']
['Zyshaun', 'Chanze', 'Stavros', 'Ingram']
['Umar', 'Nerissa', 'Ayvree', 'Emilie', 'Llayla', 'Bania', 'Lynette', 'Tatyiana', 'Xzavion', 'Dontavis', 'Abrham', 'Atreus', 'Everson', 'Shatoya', 'Eviana', 'Katalina', 'Adylin', 'Nerik', 'Eamon', 'Oluwanifemi', 'Xela', 'Issabelle', 'Argel', 'Eryanna', 'Zamirra', 'Guadalupe', 'Pranjal', 'Jordian', 'Gabby', 'Eziah', 'Aalayah', 'Jeovanny', 'Havilah', 'Cierrah', 'Mishael', 'Takyra', 'Jaiyon', 'Torrie', 'Shandra', 'Milia', 'Annalicia', 'Itzy', 'Brecken', 'Hagan']
['Roderick', 'Allycia']
['Renata', 'Melyssa', 'Brittney', 'Markevion', 'Moustapha', 'Dorianna', 'Jacaden', 'Makalee', 'Raylie', 'Loghan', 'Syria', 'Jonthan', 'Johathan', 'Osias', 'Siosiua', 'Cyrus', 'Shamal', 'Tameia', 'Tabatha', 'Garren', 'Jemima', 'Tarron']
['Emrey', 'Galina', 'Nakyla', 'Ciarah', 'Lyndee', 'Ender', 'Sevon', 'Joanna', 'Jamella']
['Nived', 'Idaly', 'Zyanya', 'Holland', 'Tadeja']
['Emily']
['Amilya', 'Azera']
['Lloyd', 'Siddhanth', 'Takera', 'Nishi', 'Skylee', 'Leondra', 'Deontray', 'Dereonna', 'Lehua', 'Yendy', 'Kenniah', 'Niang', 'Kiahra', 'Janeen', 'Kaeden', 'Abdalrahman', 'Ziva', 'Tamaya', 'Yahir', 'Karli', 'Tahj', 'Thea', 'Gabryelle', 'Akia', 'Wolf', 'Jaslin', 'Kaleem', 'Shavon', 'Jerzy', 'Amunique', 'Ion', 'Darlyne', 'Eirik', 'Winter', 'Lizet', 'Mykenzie', 'Lya', 'Dariona', 'Talisha', 'Izellah', 'Vyncent', 'Diar', 'Nathaniel']
['Jaysiah', 'Adriauna', 'Iian', 'Zaliyah', 'Geovonni', 'Calaya', 'Traymon', 'Richie', 'Joey', 'Elanah', 'Irene', 'Kayan', 'Anaili', 'Cailen', 'Kwaku', 'Liliahna', 'Javant', 'Koleigh', 'Octaviana', 'Marx', 'Anoushka', 'Erandy', 'Raiden', 'Chazity', 'Jazzmyne', 'Jahmad', 'Zila', 'Ahmyah', 'Essence', 'Lucca', 'Avigail', 'Nkechi', 'Westley', 'Surafel', 'Kieron', 'Daffne', 'Kalyn', 'Katurah', 'Kmya']
['Mahum', 'Tayden', 'Treniyah', 'Morghan', 'Waled', 'Taleia', 'Shamaree', 'Kadean', 'Jalesa', 'Jewelian', 'Reganne', 'Dionysios', 'Keelin', 'Filipe', 'Teniya', 'Timber', 'Shemia', 'Kayshia', 'Xoe', 'Niara', 'Taleen', 'Horace', 'Katalyna', 'Anju', 'Serjio', 'Cayde', 'Eris', 'Temia', 'Giovann', 'Nella', 'Georgie', 'Gaylon', 'Simi', 'Georgianna', 'Cardyn']
['Tanyiah', 'Lynett', 'Analaura', 'Rafi', 'Cobe', 'Matison', 'Estella', 'Breylen', 'Kiersten', 'Leela', 'Kellianne', 'Cytlali', 'Treveon']
['Abagale', 'Cyarra']
['Santhosh', 'Harshil', 'Dayja', 'Eyad', 'Crystin', 'Aleeha', 'Raia', 'Hrishi', 'Dearies', 'Djuan', 'Ellary', 'Rosey', 'Cristofher', 'Kavan', 'Sinead', 'Cate', 'Balie', 'Takeria']
