['73']
['731']
['598']
['204']
['220']
['59', '251', '255', '494', '518', '531', '565', '704', '785', '925', '973']
['164', '561', '593']
['33', '285', '547']
['19']
['159', '218']
['63', '228', '328', '474', '695', '720', '869']
['268', '505', '568', '602', '765', '792', '983']
['837']
['708']
['386']
['962']
['77', '470']
['336']
['405', '501', '534', '693', '736', '826', '897', '910', '957']
['14', '20', '151', '217', '225', '244', '271', '300', '347', '543', '562', '574', '597', '623', '763', '811', '832']
['48', '145', '169', '203', '407', '519', '654', '937']
['206', '526', '907', '929']
['314', '594']
['480']
['153', '242']
['977']
['861']
['254', '345', '511', '843', '877', '953']
['237', '289', '637']
['750']
['93']
['200']
['7', '987']
['238']
['183', '230', '284', '545']
['724']
['397']
['358']
['447']
['76', '84', '390', '687', '766', '871', '992']
['205', '508', '985']
['114', '749', '775', '812']
['126', '296']
['223', '638', '753', '863']
['44', '86', '329', '429', '469', '490', '652', '829']
['46', '364', '403', '509', '563', '607', '942']
['924']
['344', '523', '641', '697']
['482', '590']
['224']
['841']
['119', '760']
['865']
['101', '327', '427']
['15', '389', '955']
['302']
['80', '325', '475', '524', '670', '706', '735', '747', '946']
['391', '909']
['272']
['559']
['712']
['558']
['138']
['36']
['1']
['108']
['728']
['261']
['961']
['727']
['60']
['111', '365', '774', '807', '908', '944']
['134']
['163']
['16', '274', '317']
['840', '854']
['303']
['571', '612', '769']
['186']
['98', '309', '934']
['143', '315', '982']
['941']
['180', '357', '535', '716', '768', '781', '804', '852', '927']
['644']
['94', '340', '472', '656']
['31', '744', '919']
['258', '444', '797']
['67']
['455', '625']
['786', '820']
['103', '221', '436', '620', '621', '756', '845']
['222', '745', '860']
['124']
['175', '576', '658']
['312']
['591']
['275']
['438', '510', '879']
['450']
['338']
['88', '196', '235', '256', '308', '421', '456', '737', '857', '965']
['51', '978']
['748']
['552']
['58', '310']
['416', '721']
['817']
['461']
['342']
['332']
['66', '210', '458']
['803']
['463']
['131', '208', '301', '376', '646', '702', '788']
['39', '270', '295', '348', '377', '409', '430', '560', '639']
['282']
['81', '83', '140', '323', '473', '999']
['689']
['643']
['554', '614']
['110', '352']
['464', '667', '828']
['91']
['45', '488']
['341', '764']
['2', '8', '21', '24', '141', '465', '478', '649', '660', '698', '755', '889', '916', '918', '933']
['420', '848']
['333']
['548', '818']
['666']
['149']
['640']
['239']
['104']
['371', '824']
['57', '188', '307', '556']
['575']
['139', '930']
['182']
['53', '174', '441', '577', '665', '742', '856', '899', '959']
['43', '49', '115', '129', '383', '401', '487', '881', '949']
['466']
['566', '777', '926']
['713', '794', '844']
['806', '968']
['42']
['18', '62', '493', '521', '599', '632', '655', '659', '679', '890', '989']
['800']
['398']
['280']
['696']
['96', '278', '363', '499']
['369']
['564']
['146', '154', '264', '291', '431', '481', '825', '834']
['516', '895']
['288', '791']
['198', '201', '249', '367', '773', '931', '979']
['158', '483', '502', '801']
['107', '161', '354', '396', '633', '729', '847', '898']
['426', '692']
['399']
['417']
['35', '148']
['395']
['964']
['173', '486', '673', '675', '743', '880']
['92', '125', '185', '339', '484', '497', '538', '557', '609', '642', '739', '758', '872', '884', '911', '996']
['17', '38']
['754']
['767']
['90', '241', '496', '746']
['988']
['227']
['588']
['404', '651', '715', '734', '922']
['6', '22', '102', '170', '191', '373', '570', '664', '912', '915', '928', '967']
['147']
['199', '453', '789', '839']
['751']
['72', '954', '991']
['650', '850']
['939']
['503']
['121', '232']
['9', '11', '723', '809', '891', '974']
['106', '120', '156', '168', '177', '424', '592', '678']
['460', '787', '795', '842']
['512', '540', '876']
['253', '752']
['611']
['549']
['64', '422', '428', '699']
['866']
['434']
['616']
['906']
['674']
['123', '166', '167', '366', '530', '771', '810', '814', '821', '827', '990']
['54', '197', '265', '305', '379', '415', '585', '833', '893', '958', '971']
['311']
['385', '506']
['605']
['684']
['269']
['858']
['997']
['938']
['240', '359']
['95', '211', '361', '443', '446']
['514']
['394']
['171']
['194', '283']
['703', '885']
['287']
['604', '808']
['855']
['209', '243', '257', '370', '636', '690', '816']
['580']
['267']
['297']
['40']
['3', '368', '887']
['231']
['189', '539', '710', '994']
['26', '770', '790', '878']
['360', '631']
['645']
['984']
['477']
['28']
['10']
['0', '476', '830']
['319']
['388', '859']
['513']
['819', '822', '851']
['546']
['29', '109', '144', '772']
['179', '322', '628', '875']
['411', '757']
['97', '581', '608', '805', '886', '966']
['923']
['532']
['685', '783']
['517', '831']
['935']
['117']
['50']
['796']
['584']
['128', '252', '318', '680', '896', '960']
['351', '387', '901']
['112', '250', '374', '657', '950', '969']
['528']
['653']
['439']
['100', '262', '445']
['135']
['578', '782']
['130', '246', '541', '553', '610', '672', '688', '836', '867', '917']
['70', '99', '425', '582', '677']
['74', '349', '353', '356', '406', '661', '719', '813', '995']
['226', '975']
['236', '618', '676', '883']
['550']
['544']
['626']
['346']
['4', '133', '286', '355', '542', '589', '798', '849', '972']
['187']
['694']
['569']
['617', '759']
['55', '165', '730', '846', '868']
['190', '298', '741', '799']
['150']
['853']
['87']
['378']
['462', '823']
['245']
['709']
['870']
['82', '290', '595', '963', '970']
['615', '780']
['864']
['567', '586', '669']
['181', '948', '956']
['304']
['12']
['176']
['132', '529', '951', '976']
['435']
['442', '894']
['32', '71', '89', '213', '276', '606']
['892']
['947']
['306', '381']
['324']
['701']
['215']
['335', '362', '682']
['157', '522']
['998']
['491', '627']
['259']
['152', '451', '600', '663', '718', '904']
['778']
['372', '815']
['247']
['78', '952']
['118', '408', '596']
['489']
['122', '263', '498', '686', '902']
['316', '337', '448', '471', '495', '668', '700', '762', '913', '980']
['23', '37', '162', '414', '551', '619', '622', '726']
['326', '525']
['294', '454']
['136']
['30', '65', '219', '321', '413', '459', '725', '903']
['515']
['105', '266', '279', '784', '981']
['648', '802']
['137', '192', '905']
['331', '630']
['681']
['601']
['504']
['940']
['380']
['662']
['707']
['172', '216', '260', '273', '299', '313', '334', '343', '437', '520', '533', '573', '647', '732', '779', '943', '986', '993']
['195']
['375']
['69', '116', '178', '402', '536']
['537']
['41', '293', '392', '418', '467']
['835']
['330', '900']
['292', '717']
['740']
['248']
['85']
['52', '936']
['5', '27']
['862']
['13']
['193', '350', '479', '500']
['945']
['229', '233', '419', '683', '722']
['184', '423', '761']
['79', '160', '281', '579', '921']
['61']
['207']
['234', '492']
['613']
['449', '635']
['624']
['873']
['874']
['202', '691']
['527']
['920']
['583']
['400']
['572']
['113', '320']
['68']
['34', '277', '393', '507', '733']
['56', '127', '468', '587', '603', '711']
['212']
['932']
['776', '882']
['793']
['25', '47', '75', '142', '214', '384', '412', '433', '440', '457', '485', '555', '629', '671', '705', '738']
['432', '714']
['382', '410', '452', '634', '838', '888', '914']
['155']
