['Stacee', 'Kerry', 'Carlota', 'Veronika', 'Jorrie', 'Nichol', 'Sandi', 'Joycelin', 'Marlena', 'Malia', 'Tate', 'Amitie', 'Dora', 'Dalila', 'Maurita', 'Morganica', 'Ranee', 'Jeannie', 'Benoite']
['Dorie', 'Dorrie', 'Eadie', 'Barbe', 'Ranna', 'Dallas', 'Genna', 'Jayne', 'Lyndel', 'Keeley', 'Moreen', 'Ileane', 'Leola']
['Abra', 'Jammie', 'Joletta', 'Herminia', 'Elna', 'May']
['Joby', 'Carlin', 'Rica', 'Bernetta', 'Gleda', 'Danica', 'Carolina', 'Grissel', 'Charity', 'Karalynn', 'Polly', 'Minetta', 'Jeniffer', 'Christi', 'Wendeline', 'Ladonna', 'Sybil', 'Katrine', 'Katerine', 'Valentia', 'Elspeth', 'Twila', 'Leeann', 'Juliann', 'Kathleen', 'Mil', 'Dagmar', 'Kristy', 'Wanda', 'Ciel']
['Josselyn', 'Leodora', 'Jorry', 'Lynda', 'Feodora', 'Margarette', 'Correy', 'Bea', 'Rosene', 'Trish', 'Ronnica', 'Noell', 'Ester', 'Ramona', 'Hedy', 'Mariele', 'Beverie', 'Bianca', 'Marcelle', 'Gwenore', 'Della', 'Elysee', 'Ashien', 'Arabelle', 'Kaila', 'Wenda', 'Alexa']
['JoAnn', 'Erinn', 'Jess', 'Illa', 'Korrie', 'Harrietta', 'Karrie', 'Verna', 'Ollie', 'Jania', 'Carin', 'Eleanor', 'Dorise', 'Audry', 'Lezlie', 'Eleen', 'Enid', 'Rhea', 'Melany', 'Rochette', 'Blinny', 'Amil', 'Ardis', 'Xylina', 'Fredericka', 'Morissa', 'Arly']
['Yovonnda', 'Fred', 'Carlye', 'Cortney', 'Rebekah', 'Kathrine', 'Ree', 'Florence', 'Adelina', 'Brear', 'Anastasie', 'Angelina', 'Goldia', 'Kippy', 'Frederica', 'Luci', 'Arleyne', 'Marketa', 'Nita', 'Maye', 'Brooke', 'Kayla', 'Nessa', 'Jenine', 'Irma', 'Reeba', 'Elicia', 'Yetty', 'Quintana', 'Korney']
['Honey', 'Rene', 'Aurelia', 'Mabel', 'Aeriela', 'Willow', 'Maribel', 'Alexi', 'Jayme', 'Livy', 'Geri', 'Nikki', 'Shannen', 'Carly', 'Gene', 'Enrichetta', 'Hesther', 'Cacilie']
['Tova', 'Katerina', 'Marieann', 'Leslie', 'Tricia', 'Maitilde', 'Harrie', 'Farrah', 'Kaycee', 'Connie', 'Danyette', 'Rodi', 'Gilli', 'Gaby', 'Rosalynd', 'Cymbre', 'Adda', 'Dacey', 'Livvie', 'Nance', 'Nat', 'Samara']
['Elsy']
['Ceciley', 'Viva', 'Bernadina', 'Andi', 'Corrina', 'Alena', 'Jackelyn', 'Krysta', 'Carlee', 'Ada', 'Chelsea', 'Cassi', 'Lula', 'Maryann', 'Wynnie', 'Perle', 'Cindelyn', 'Shellie', 'Chloris', 'Diahann', 'Kissiah']
['Wally', 'Chloette', 'Ingrid', 'Charlot', 'Michaeline', 'Rona', 'Carree', 'Simona', 'Valli', 'Helli', 'Eveline', 'Bella', 'Karita', 'Gwen', 'Walliw', 'Paolina', 'Jena', 'Vickie', 'Milicent', 'Candace', 'Mireille', 'Lark', 'Jesse', 'Fifi', 'Melody', 'Crissy', 'Darci', 'Alane']
['Marci', 'Garnet', 'Arabela', 'Amalea', 'Ede', 'Elisabetta', 'Florie', 'Harmony', 'Chastity', 'Drusie', 'Barbaraanne', 'Giana', 'Giorgia', 'Freda', 'Wren', 'Chryste', 'Harmonie', 'Carolin', 'Coraline', 'Julissa', 'Kial', 'Gipsy', 'Robena', 'Vere', 'Augustine', 'Cecelia', 'Bel', 'Melessa']
['Shelly', 'Edith', 'Lorri', 'Pam', 'Olympe', 'Nerita', 'Leanna', 'Olimpia', 'Sharl', 'Gilemette', 'Lillis', 'Windy', 'Shayne', 'Allegra', 'Georgiana', 'Rosaleen', 'Brana', 'Angele', 'Abbie', 'Lenore', 'Jessy', 'Arabella', 'Marlene', 'Gracia', 'Ophelie', 'Fawnia', 'Rheba', 'Lilllie', 'Denyse']
['Mabelle', 'Clarey', 'Deborah', 'Pegeen', 'Krista', 'Jeri', 'Dee', 'Ronnie', 'Kandy', 'Vonny', 'Madella', 'Joni', 'Brook', 'Shanie', 'Emmeline', 'Elene', 'Billie', 'Elenore', 'Marabel', 'Nickie', 'Freddy', 'Zaria', 'Addie']
['Ofella', 'MarieJeanne', 'Brunhilde', 'Crissie', 'Tracey', 'Adore', 'Leonore', 'Emelyne', 'Fionna', 'Raeann', 'Emilee', 'Perrine', 'Briny', 'Julina', 'Silvana', 'Babette', 'Amelita', 'Lesley', 'Timothea', 'Kristien', 'Ardith', 'Cassie', 'Merilee', 'Lily', 'Rebe', 'Agnesse', 'Faun', 'Dolley', 'Kate', 'Ayn']
['Paula', 'Liliane', 'Dorine', 'Vallie', 'Zuzana', 'Frankie', 'Olivie', 'Catlaina', 'Minda', 'Edie', 'Karil', 'Charmian', 'Audrye', 'Tamma', 'Jeanne', 'Francyne', 'Terri', 'Beverlie', 'Averil', 'Thea', 'Angelia', 'Genovera', 'Marleen', 'Ludovika', 'Dorothea', 'Cecily', 'Tami', 'Ann', 'Carmita', 'Tasia']
['Carrie', 'Melisa', 'Rachelle', 'Daune', 'Willabella', 'Anabella', 'Portia', 'Kirsteni', 'Candy', 'Corrie', 'Grazia', 'Zarla', 'Rubie', 'Mirabel', 'Damita', 'Opaline', 'Bamby', 'Debi', 'Marty', 'Zea', 'Reba', 'Kristel', 'Cam', 'Gussy', 'Nissie', 'Koressa', 'Adelice', 'Tiffany', 'Brandi']
['Bernie', 'Aubree', 'Tatiania', 'Johanna', 'Jerrie', 'Noami', 'Dolores', 'Lexine', 'Belle', 'Linea', 'Pietra', 'Marquita', 'Carina', 'Catie', 'Melina', 'Neala', 'Gertie', 'Tish', 'Alex', 'Aeriell', 'Oralle', 'Daisi', 'Deeann', 'Chiarra', 'Evvie', 'Jilly', 'Carline', 'Simone', 'Bernelle', 'Shirlee']
['Georgianne', 'Mommy', 'Alecia', 'Shannon', 'Andreana', 'Amelie', 'Gianina', 'Zia', 'Eilis', 'Lorilee', 'Corene', 'Zitella', 'Desiree', 'Elisa', 'Sascha', 'Josefa', 'Lonni', 'Eveleen', 'Eloise', 'Lorry', 'Erina', 'Merrielle', 'Deni', 'Brandais', 'Karna', 'Letti', 'Wallie', 'Jobina', 'Meta']
['Ruthanne', 'Phelia', 'Meade', 'Terrye', 'Corrine', 'Elsinore', 'Josey', 'Valeria', 'Marsha', 'Erika', 'Vittoria', 'Adria', 'Nessie', 'Courtnay', 'Katey', 'Emmalynn', 'Dode', 'Beatrix', 'Othilia', 'Sena', 'Karlee', 'Chanda', 'Gilberta', 'Mirna', 'Rafa', 'Henrieta', 'Charmane', 'Kriste', 'Miquela']
['Sheryl', 'Lianna', 'Wynne', 'Daniella', 'Jaquenetta', 'Carroll', 'Herta', 'Ines', 'Celestia', 'Kassandra', 'Gaynor', 'Kattie', 'Starlin', 'Evie', 'Janette', 'Yolanda', 'Odessa', 'Constantina', 'Dorris', 'Sherill', 'Dulcine', 'Mireielle', 'Rebeca', 'Marcie', 'Lura', 'Charlean', 'Karla', 'Kelley']
['Lilly', 'Jacquetta', 'Lenka', 'Raye', 'Codi', 'Rosella', 'Dara', 'Lorrayne', 'Susi', 'Karilynn', 'Pierrette', 'Bibi', 'Elie', 'Anestassia', 'Dale', 'Wilona']
['Susette', 'Melinda', 'Glenda', 'Rosaline', 'Frances', 'Sadella', 'Priscella', 'Holly', 'Sherrie', 'Chelsae', 'Sonya', 'Randie', 'Candida', 'Faydra', 'Roxane', 'Sarina', 'Agnese', 'Melly', 'Melantha', 'Sara', 'Glyn', 'Evania', 'Dorotea', 'Raquel', 'Josefina', 'Karena', 'Coretta', 'Kacie', 'Janaye', 'Mellisa']
['Jacquelin', 'Evelyn', 'Mandie', 'Ortensia', 'Trenna', 'Evangeline', 'Karola', 'Moselle', 'Noemi', 'Yoko', 'Cal', 'Ronalda', 'Bari', 'Ilse', 'Ethelyn', 'Marta', 'Maggy', 'Hetti', 'Dorthy', 'Clovis', 'Bee', 'Morna', 'Hilliary', 'Shantee', 'Virginie', 'Roselle', 'Kathi']
