['6', '303', '413', '443', '457', '609', '713', '985']
['69', '82', '128', '132', '135', '136', '143', '152', '183', '196', '235', '272', '275', '282', '314', '328', '381', '388', '392', '424', '474', '490', '510', '532', '544', '553', '568', '589', '594', '617', '636', '639', '647', '671', '697', '753', '766', '774', '782', '793', '795', '860', '870', '875', '984', '986']
['673']
['780']
['90', '103', '133', '156', '199', '208', '246', '291', '312', '319', '323', '338', '376', '399', '414', '416', '429', '433', '491', '494', '497', '500', '514', '554', '561', '562', '635', '683', '712', '738', '746', '762', '769', '787', '807', '810', '835', '847', '853', '876', '878', '893', '905', '910', '963', '981']
['295']
['17', '64', '87', '88', '101', '107', '144', '157', '178', '202', '209', '222', '234', '281', '298', '304', '330', '340', '349', '361', '420', '434', '439', '463', '472', '536', '537', '567', '580', '591', '643', '676', '680', '724', '727', '732', '742', '764', '783', '826', '833', '859', '887', '898', '921', '959']
['817']
['93']
['146', '206', '227', '485', '663', '935']
['177', '293']
['865']
['748']
['11', '63', '123', '139', '175', '191', '204', '213', '240', '243', '252', '256', '264', '318', '326', '384', '421', '475', '495', '506', '508', '547', '551', '555', '612', '632', '648', '679', '689', '702', '706', '723', '745', '784', '806', '811', '822', '845', '857', '867', '871', '880', '889', '964', '965', '980']
['346']
['13', '37', '56', '112', '124', '154', '159', '192', '218', '220', '245', '263', '289', '290', '342', '344', '368', '370', '386', '396', '398', '438', '466', '470', '505', '541', '559', '600', '651', '692', '730', '743', '799', '804', '818', '831', '886', '896', '907', '931', '947', '954', '958', '960', '977', '987']
['354']
['80']
['102', '134', '140', '403', '405', '462', '539', '620', '650', '699', '800', '829', '913', '922', '983']
['513']
['504']
['868']
['176', '241', '249', '325', '404', '435', '477', '499', '527', '575', '599', '605', '670', '694', '700', '760', '816']
['1', '19', '40', '42', '49', '52', '75', '78', '81', '85', '104', '129', '138', '147', '179', '180', '238', '254', '260', '262', '267', '284', '296', '301', '322', '333', '339', '360', '371', '400', '407', '451', '458', '569', '577', '611', '667', '690', '761', '770', '828', '872', '884', '888', '903', '951']
['7', '12', '23', '24', '31', '45', '58', '111', '141', '188', '189', '224', '233', '253', '285', '305', '306', '336', '352', '353', '397', '411', '453', '478', '523', '528', '573', '597', '606', '608', '626', '640', '659', '681', '718', '756', '771', '802', '885', '895', '901', '902', '917', '926', '934', '988']
['72', '84', '89', '98', '126', '195', '207', '214', '217', '226', '274', '280', '311', '347', '350', '369', '377', '417', '441', '450', '471', '515', '524', '525', '550', '558', '655', '658', '665', '668', '714', '736', '744', '751', '777', '778', '788', '792', '801', '879', '899', '927', '932', '967', '968', '975']
['16']
['512']
['0', '15', '47', '71', '74', '99', '118', '125', '164', '187', '190', '201', '219', '237', '244', '257', '310', '331', '334', '337', '358', '359', '385', '406', '448', '482', '516', '519', '533', '538', '543', '579', '581', '593', '653', '698', '721', '731', '737', '785', '824', '842', '846', '881', '911', '991']
['20', '33', '51', '66', '76', '110', '117', '148', '168', '200', '268', '273', '313', '373', '375', '387', '393', '430', '431', '440', '479', '492', '502', '545', '552', '586', '642', '675', '701', '709', '716', '741', '757', '791', '809', '861', '862', '866', '891', '914', '915', '919', '920', '944', '948', '978']
['9', '30', '86', '131', '137', '225', '247', '259', '286', '287', '316', '327', '372', '412', '442', '460', '503', '521', '529', '549', '584', '585', '638', '654', '704', '719', '752', '755', '768', '790', '797', '825', '840', '850', '852', '877', '894', '909', '936', '941', '953', '955', '956', '966', '970', '971']
['277']
['193']
['890']
['57', '59', '60', '91', '97', '151', '155', '173', '182', '210', '212', '228', '315', '343', '389', '401', '422', '464', '473', '571', '588', '590', '595', '603', '619', '625', '664', '666', '672', '685', '703', '710', '734', '739', '794', '812', '820', '849', '851', '863', '918', '946', '952', '961', '976', '982']
['402']
['662']
['973']
['3', '8', '35', '65', '67', '70', '92', '95', '142', '149', '153', '167', '197', '269', '283', '288', '309', '380', '382', '390', '394', '409', '444', '446', '480', '484', '509', '511', '518', '556', '622', '633', '652', '682', '765', '786', '796', '798', '808', '821', '848', '856', '858', '892', '897', '924']
['5', '10', '46', '61', '115', '145', '169', '174', '203', '229', '230', '258', '270', '302', '324', '355', '363', '366', '449', '456', '467', '489', '501', '517', '530', '542', '572', '596', '602', '604', '615', '634', '649', '674', '711', '720', '749', '763', '779', '832', '883', '930', '942', '943', '972', '994']
['27', '38', '41', '96', '108', '114', '165', '172', '181', '211', '215', '236', '261', '265', '308', '329', '415', '418', '425', '426', '452', '476', '483', '570', '574', '578', '583', '598', '607', '610', '614', '618', '627', '630', '641', '644', '669', '684', '688', '715', '725', '772', '823', '912', '938', '992']
['705']
['14', '32', '54', '109', '113', '116', '119', '120', '163', '170', '205', '248', '251', '299', '348', '365', '367', '378', '379', '383', '410', '459', '468', '565', '576', '592', '616', '621', '628', '629', '631', '656', '657', '691', '693', '708', '726', '740', '775', '838', '844', '908', '923', '945', '962', '974']
['21', '43', '53', '62', '68', '77', '105', '121', '184', '185', '221', '297', '317', '341', '356', '374', '408', '423', '447', '454', '487', '496', '498', '520', '540', '566', '613', '624', '645', '661', '677', '678', '686', '707', '722', '728', '729', '735', '776', '834', '855', '874', '937', '949', '969', '990']
['696']
['48']
['864']
['646']
['158', '250', '469', '486']
['335']
['100', '194', '292', '362', '427', '507']
['493']
['34', '395']
['351']
['827']
['22', '122', '150', '160', '162', '166', '186', '198', '231', '279', '419', '428', '432', '436', '465', '548', '563', '582', '750', '781', '830', '904', '929', '939', '993']
['2', '4', '18', '36', '39', '50', '73', '83', '106', '130', '171', '232', '239', '266', '271', '278', '294', '320', '321', '345', '437', '455', '461', '481', '526', '531', '560', '601', '687', '717', '733', '758', '773', '805', '813', '814', '836', '843', '854', '869', '882', '900', '925', '928', '957', '989']
['25', '26', '28', '29', '44', '79', '216', '223', '242', '255', '276', '300', '307', '332', '357', '364', '391', '445', '488', '522', '534', '535', '546', '557', '564', '587', '623', '637', '660', '695', '747', '754', '759', '767', '803', '815', '819', '837', '839', '841', '906', '916', '933', '940', '950', '979']
['789']
['127']
['94']
['55', '161', '873']
