['33', '36', '39', '237', '518', '788', '800', '815']
['413', '416', '419', '426', '427', '429', '435', '961', '962', '963', '966', '968', '969', '971', '972', '977', '978']
['414', '417', '418', '420', '421', '422', '423', '425', '428', '430', '431', '432', '433', '434', '539', '540', '547', '548', '549', '550', '552', '554', '660', '671', '673', '826', '830', '832', '833', '834', '835', '836', '837', '838', '839', '845', '847']
['538', '557', '667', '672', '959']
['104', '128', '131', '137', '145', '173', '177', '363', '367']
['25', '217', '219', '220', '223', '229', '331', '335', '339', '342', '346', '348', '357', '360', '361', '362', '365', '366', '368', '370', '372', '373', '374', '375', '376', '379', '380', '382', '383', '487', '546', '616', '676', '680', '682', '683', '685', '686', '687', '688', '689', '690', '692', '693', '695', '696', '697', '698', '701', '702', '703', '773', '780', '781', '785', '786', '789', '790', '792', '794', '889', '890', '895', '899']
['189', '192', '205', '282', '287', '289', '290', '292', '296', '541', '542', '551', '555']
['79', '91', '92', '94', '95', '506', '507', '508', '509', '511', '513', '514', '519', '523', '525', '526', '527', '528', '529', '532', '639', '653', '654', '675', '677', '678', '679', '681', '684', '691', '694', '699', '700', '856', '857', '859', '863', '875', '876', '878', '973']
['184', '185', '186', '187', '190', '191', '195', '196', '197', '198', '199', '200', '202', '204', '206', '207', '214', '215', '221', '222', '224', '226', '230', '232', '233', '234', '236', '239', '241', '243', '244', '245', '246', '247', '248', '249', '591']
['53', '56', '57', '58', '60', '63', '65', '68', '166', '168', '169', '171', '172', '174', '175', '176', '178', '181', '182', '620', '630', '908', '909', '910', '911', '912', '914', '915', '917', '920', '921', '922', '923', '924', '925', '926', '927', '928', '929', '930', '931', '932', '933']
['54', '607', '749', '750', '753', '754', '756', '757', '758', '763', '769', '772', '981', '988', '990', '993', '994', '998', '999']
['1', '2', '3', '4', '7', '8', '10', '11', '12', '13', '16', '17', '18', '19', '20']
['720', '734', '735', '736', '741', '742', '745', '913', '918', '919']
['129', '130', '132', '135', '136', '141', '142', '143', '146', '147', '148', '149', '150', '151', '155', '156', '157', '158', '159', '160', '161', '231', '240', '437', '439', '440', '441', '443', '444', '446', '448', '450', '452', '454', '455', '456', '458', '460']
['74', '356', '358', '359', '378', '381', '384', '615', '617', '618', '619', '621', '622', '623', '624', '625', '626', '628', '629', '632', '733']
['386', '387', '388', '389', '390', '391', '392', '393', '394', '395', '396', '397', '398', '401', '402', '408', '409', '412', '512', '516', '517', '520', '522', '524', '530', '531', '806', '808', '811', '814', '816', '819', '823', '824', '992']
['75', '78', '97', '179', '301', '303', '304', '310', '313', '315', '318', '321', '322', '325', '424', '436', '474', '738', '740', '807', '810', '813', '820', '821', '822', '843', '851', '916', '934', '970', '976']
['101', '105', '109', '110', '111', '127', '438', '656', '657', '658', '659', '661', '662', '663', '664', '665', '666', '668', '670', '674', '708', '711', '797', '812', '950', '957']
['80', '88', '100', '235', '238', '242', '403', '410', '553', '986', '991']
['0', '5', '9', '14', '15', '133', '259', '314', '634', '635', '636', '637', '642', '644', '645', '646', '647', '648', '651', '652', '655', '705', '707', '709', '713', '718', '719', '817', '849', '979', '980', '982', '983', '984', '985', '987', '989', '995', '996', '997']
['400', '404', '406', '411', '935', '937', '941', '942', '944', '945', '946', '947', '948', '949', '952', '953', '954', '955', '956', '958']
['112', '212', '278', '286', '369', '371', '582', '583', '584', '585', '586', '587', '588', '589', '590', '592', '593', '594', '596', '597', '599', '600', '601', '602', '603', '605', '612', '613', '614']
['415', '463', '464', '465', '469', '471', '473', '476', '477', '479', '481', '482', '483', '484', '498', '638', '774', '775', '776', '777', '778', '779', '782', '783', '784', '787', '791', '793', '795', '796', '798', '799', '801', '802', '803']
['704', '706', '710', '712', '714', '715', '716', '717', '893']
['66', '67', '84', '85', '256', '263', '272', '306', '328', '960', '964', '965', '967', '974', '975']
['134', '138', '139', '140', '144', '152', '153', '154', '167', '170', '442', '445', '449', '451', '453', '457', '459', '561', '567', '570', '572', '573', '575', '580']
['43', '332', '333', '334', '337', '340', '341', '343', '345', '347', '349', '351', '352', '353', '354', '560', '577', '578', '627', '631', '805', '809', '818']
['275', '276', '277', '279', '280', '281', '283', '284', '285', '288', '291', '293', '294', '295', '297', '298', '299', '300', '505', '510', '515', '521', '827', '828', '829', '831', '840', '842', '844', '846', '848', '850', '852', '853', '855', '858', '860', '861', '862', '864', '865', '866', '868', '869', '870', '871', '872', '873', '874', '877', '880', '881']
['250', '251', '252', '253', '254', '255', '257', '258', '260', '261', '264', '265', '267', '268', '269', '270', '271', '273', '274', '491', '494', '496', '640', '641', '643', '649', '650', '882', '883', '884', '885', '886', '887', '888', '891', '892', '894', '896', '897', '900', '901', '902', '903', '904', '905', '906', '907']
['102', '103', '107', '108', '113', '114', '115', '116', '117', '118', '119', '121', '122', '123', '125', '126']
['478', '480', '533', '534', '535', '536', '537', '543', '544', '545', '556', '558', '559', '562', '563', '564', '565', '566', '568', '569', '571', '574', '576', '579', '581']
['201', '898']
['6', '55', '59', '61', '62', '64', '69', '70', '71', '72', '73', '76', '77', '262', '266', '485', '486', '488', '490', '492', '495', '499', '501', '804']
['208', '209', '211', '213', '216', '218', '225', '227', '364', '377', '385', '504', '595', '598', '604', '606', '608', '609', '610', '611', '669']
['302', '305', '307', '308', '309', '311', '312', '316', '317', '319', '320', '323', '324', '326', '327', '329', '330', '493', '497', '500', '502', '503']
['21', '51', '210', '228', '350', '747', '748', '751', '759', '760', '761', '764', '766', '767', '768', '770', '940']
['22', '23', '24', '26', '27', '28', '29', '30', '31', '32', '34', '35', '37', '38', '40', '41', '42', '44', '45', '46', '47', '48', '49', '50', '52', '336', '338', '344', '355', '461', '462', '466', '467', '468', '470', '472', '475', '936', '943', '951']
['188', '193', '194', '203', '721', '722', '723', '724', '725', '726', '727', '728', '729', '730', '731', '732', '737', '739', '743', '744', '746', '752', '755', '762', '765', '771', '938', '939']
['106', '120', '124', '162', '163', '164', '165', '180', '183', '407', '489', '633', '825', '841', '854', '867', '879']
['81', '82', '83', '86', '87', '89', '90', '93', '96', '98', '99', '399', '405', '447']
