['0', '5', '51', '53', '57', '60', '61', '111', '119', '147', '153', '154', '157', '160', '165', '168', '169', '177', '180', '181', '183', '184', '238', '246', '271', '343', '346', '353', '358', '364', '385', '421', '423', '430', '436', '529', '588', '673', '722', '730', '738', '743', '744']
['29', '59', '441', '590', '598', '608', '613', '618', '669', '761', '764', '766', '795', '976']
['27', '63', '178', '202', '474', '478', '487', '494', '497', '540', '541', '636', '641', '650', '790', '809', '814', '826', '827', '834', '838', '842', '843', '852', '854', '957', '966', '996']
['54', '62', '98', '291', '315', '319', '339', '348', '391', '394', '411', '507', '526', '581', '594', '610', '685', '716', '726', '789', '792', '808', '811', '906', '913', '921', '934', '956']
['2', '15', '16', '22', '46', '67', '71', '92', '96', '117', '118', '232', '234', '242', '472', '475', '479', '482', '721', '725', '740', '745', '750', '787', '799']
['31', '50', '55', '130', '131', '132', '140', '300', '352', '355', '442', '459', '664', '758', '844', '845', '848', '853', '855', '868', '873', '874', '876', '882', '885', '888', '889', '891', '892', '893', '895', '898', '899']
['17', '101', '138', '149', '150', '152', '156', '158', '162', '203', '250', '317', '329', '388', '415', '416', '420', '424', '427', '429', '432', '433', '437', '495', '532', '534', '535', '536', '662', '694', '732', '736', '748', '797', '810']
['161', '201', '229', '230', '397', '413', '414', '435', '488', '545', '551', '574', '575', '580', '583', '585', '629', '762', '778', '783', '907', '943', '947']
['8', '40', '74', '174', '207', '215', '216', '218', '226', '298', '313', '591', '595', '599', '601', '604', '689', '692', '698', '699', '700', '701', '709', '756', '769', '775', '784', '786', '812', '813', '914', '924', '926', '932', '940', '946', '961', '964', '972', '981', '985', '988', '991', '999']
['20', '26', '32', '365', '367', '369', '376', '377', '379', '384', '400', '401', '408', '412', '443', '463', '467', '500', '517', '520', '671', '712', '804', '806', '819', '820', '880', '980']
['28', '35', '84', '99', '104', '105', '106', '109', '110', '113', '123', '133', '137', '139', '145', '170', '172', '173', '175', '293', '295', '340', '345', '360', '418', '419', '560', '570', '573', '624', '631', '634', '638', '642', '644', '754', '759', '767', '772', '773', '779', '780', '781', '785', '850']
['272', '275', '283', '286', '434', '530', '538', '542', '544', '546', '548', '553', '555', '556', '602', '605', '617']
['12', '47', '126', '128', '159', '163', '164', '199', '296', '302', '303', '431', '509', '606', '724', '752', '832', '860', '881', '950']
['9', '11', '25', '127', '144', '306', '330', '338', '349', '356', '359', '363', '446', '447', '448', '452', '460', '508', '511', '514', '518', '521', '523', '572', '877', '986', '987', '994', '995']
['56', '58', '121', '695', '708', '825', '830', '840', '849']
['24', '30', '214', '243', '314', '323', '325', '331', '337', '341', '344', '347', '350', '351', '354', '357', '368', '444', '451', '453', '454', '456', '457', '464', '465', '466', '628']
['43', '64', '70', '72', '73', '76', '185', '212', '294', '304', '552', '562', '579', '587', '718', '933', '951', '952', '959', '962', '967', '975']
['14', '309', '746']
['36', '66', '69', '89', '112', '155', '227', '471', '477', '485', '486', '490', '492', '493', '496', '626', '639', '648', '776', '777', '846', '847', '989']
['114', '115', '254', '256', '257', '258', '259', '264', '267', '268', '277', '371', '374', '387', '504', '621', '622', '623', '625', '630', '632', '633', '635', '640', '643', '645', '649', '665', '717', '729', '739', '749', '837', '851', '858', '859', '875', '878']
['93', '151', '192', '240', '265', '284', '320', '321', '324', '334', '380', '417', '425', '661', '668', '727', '731', '747', '931']
['166', '167', '655', '682', '788', '805', '807', '821']
['37', '41', '42', '49', '143', '288', '470', '476', '489', '491', '539', '543', '564', '565', '578', '687', '688', '693', '697', '702', '753', '755', '763', '768', '774', '782', '824', '833', '836', '870', '872', '908', '918', '978']
['68', '120', '480', '498', '499', '501', '502', '506', '515', '516', '519', '524', '660', '871', '887', '905', '938', '955', '960', '984']
['4', '48', '78', '83', '88', '342', '405', '410', '445', '449', '450', '455', '468', '469', '473', '620', '765', '828', '883', '890', '925', '954', '965', '968', '969', '973', '983', '990', '997']
['34', '77', '82', '91', '182', '235', '327', '361', '382', '422', '426', '513', '619', '930', '970', '974']
['6', '21', '65', '75', '94', '95', '97', '100', '102', '208', '211', '213', '219', '220', '221', '223', '224', '225', '251', '260', '263', '269', '395', '484', '686', '690', '719', '720', '735', '741', '865']
['247', '362', '366', '373', '375', '383', '462', '510', '791', '793', '796', '815', '816', '817', '818', '822', '909', '912', '915', '928', '936']
['44', '189', '200', '205', '278', '281', '282', '289', '290', '370', '372', '378', '381', '386', '481', '559', '567', '569', '582', '584', '592', '600', '603', '612', '614', '615', '616', '627', '771']
['108', '134', '209', '217', '237', '253', '589', '593', '596', '597', '607', '609', '611', '656', '674', '680', '681', '794', '800', '801', '802', '803', '831', '963', '979', '992']
['1', '18', '19', '52', '116', '136', '186', '187', '188', '191', '193', '194', '195', '197', '198', '210', '231', '249', '252', '255', '262', '279', '307', '318', '322', '392', '393', '398', '406', '407', '428', '438', '439', '440', '505', '512', '547', '707', '737', '742', '798', '829', '856', '953', '958', '971', '977', '982', '993', '998']
['3', '122', '124', '125', '233', '241', '245', '657', '679', '684', '691', '703', '705', '706', '710', '711', '713', '714', '715']
['142', '568']
['38', '45', '79', '80', '81', '90', '176', '179', '261', '266', '274', '316', '326', '328', '336', '389', '390', '396', '399', '402', '403', '404', '409', '458', '503', '527', '696', '770']
['23', '33', '135', '148', '196', '228', '236', '244', '297', '554', '654', '667', '670', '728', '751', '901', '902', '903', '904', '910', '911', '916', '919', '920', '922', '923', '927', '929', '935', '937', '941', '942', '944', '945', '948']
['7', '39', '146', '248', '528', '531', '533', '537', '549', '550', '557', '646', '651', '652', '653', '666', '678', '683', '704', '939']
['87', '107', '129', '141', '206', '287', '461', '659', '861', '862', '864', '869', '879', '884', '886', '894', '896']
['10', '13', '103', '270', '292', '299', '301', '305', '308', '311', '312', '483', '558', '561', '563', '566', '571', '576', '577', '586', '637', '647', '757', '760', '900', '917', '949']
['85', '86', '190', '204', '222', '333', '335', '823', '839', '841']
['171', '239', '273', '276', '280', '285', '310', '332', '522', '525', '658', '663', '672', '675', '676', '677', '723', '733', '734', '835', '857', '863', '866', '867', '897']
