['AJX', 'ALP', 'APT', 'AQX', 'ARC', 'ARY', 'ASC', 'AXR', 'BBX', 'BCH', 'BDS', 'BGG', 'BJT', 'BLB', 'BLL', 'BLQ', 'BLT', 'BMB', 'BNT', 'BOD']
['ACT', 'AES', 'AFD', 'AFO', 'AFP', 'AGI', 'ALC', 'ALS', 'ALU', 'AMG', 'AMQ', 'ANG', 'ANO', 'AOO', 'APM', 'AQC', 'AQE', 'ATB', 'AWR', 'AXK', 'BDD', 'BFR', 'BKO', 'BNH']
['AAY', 'ABT', 'ACU', 'ACY', 'AFU', 'AGS', 'AHU', 'AHV', 'AJY', 'AKC', 'AMD', 'AMY', 'ANL', 'ANV', 'ARW', 'AST', 'AVC', 'AWJ', 'BAS', 'BBN', 'BFA', 'BFW', 'BIF', 'BKX', 'BOB']
['AAL', 'AAN', 'AAT', 'ABY', 'ACN', 'AFF', 'AKS', 'AOH', 'AOQ', 'APC', 'APK', 'APQ', 'ASF', 'ATG', 'AUO', 'AYB', 'AYL', 'BAO', 'BAR', 'BDI', 'BDL', 'BLX', 'BMV', 'BNA', 'BNN']
['AAS', 'AFJ', 'AKI', 'ALV', 'ARO', 'ASJ', 'ATM', 'AUJ', 'AVO', 'AYS', 'BAA', 'BAI', 'BBB', 'BEH', 'BIN', 'BKH', 'BKL', 'BMK', 'BNV', 'BOE']
['AAA', 'ABG', 'AEB', 'AGR', 'AIQ', 'AIT', 'AQK', 'AVA', 'AVV', 'AWS', 'BAB', 'BCJ', 'BCS', 'BEQ', 'BFF', 'BGR', 'BIG', 'BJR', 'BKI', 'BMF', 'BOX']
['AAK', 'AAR', 'ABU', 'ACV', 'ADA', 'AEF', 'AEU', 'AGH', 'AHR', 'AIY', 'AMN', 'APS', 'AWE', 'AWW', 'BAT', 'BCX', 'BEY', 'BGM', 'BHU', 'BIT']
['ABS', 'AFR', 'AFW', 'AIC', 'AIG', 'AJH', 'AKA', 'ANC', 'AOR', 'AOU', 'ARU', 'AXY', 'BBG', 'BCF', 'BCO', 'BDC', 'BET', 'BGL', 'BGN', 'BJP', 'BLJ', 'BLW', 'BMQ']
['AAF', 'ADJ', 'ADN', 'AGA', 'AHP', 'AJJ', 'AMV', 'AOG', 'AOS', 'AQI', 'AUI', 'AWQ', 'BBM', 'BBS', 'BBU', 'BDU', 'BHG', 'BHQ', 'BHY', 'BIJ', 'BJL', 'BKD', 'BLP', 'BMO', 'BNX']
['AAJ', 'ADV', 'AHB', 'AHI', 'AHQ', 'ANH', 'ANT', 'ARM', 'ARP', 'ATS', 'ATV', 'AWV', 'AXL', 'BBI', 'BEA', 'BER', 'BFK', 'BGS', 'BHX', 'BIR', 'BKA', 'BKW']
['AAG', 'ABX', 'AFG', 'AGO', 'AIS', 'AQQ', 'ARQ', 'AUE', 'AUN', 'AVK', 'AVT', 'AVY', 'BAD', 'BCE', 'BDP', 'BEI', 'BFS', 'BHB', 'BHM', 'BOY']
['AGQ', 'AIM', 'AKH', 'AMO', 'APB', 'APO', 'AQU', 'ATC', 'AVR', 'AXQ', 'BCI', 'BCT', 'BDJ', 'BDV', 'BEX', 'BFE', 'BGO', 'BGQ', 'BIB', 'BKS', 'BLO', 'BNU', 'BOA', 'BOO']
['AHL', 'AJK', 'AJR', 'AKQ', 'ALL', 'AQS', 'ARB', 'AWI', 'AXC', 'AXN', 'AYP', 'BDE', 'BDR', 'BFJ', 'BFV', 'BGB', 'BGP', 'BHA', 'BJQ', 'BMH', 'BNC', 'BON']
['ABF', 'ABH', 'ACM', 'ADG', 'AEY', 'AFX', 'AKN', 'ANI', 'AOT', 'ASU', 'ATW', 'AWC', 'BBR', 'BGC', 'BMR']
['AAP', 'AEP', 'AGL', 'AGN', 'AIB', 'AJA', 'AKE', 'AKG', 'ALO', 'AMC', 'AMI', 'AUS', 'AVG', 'BAH', 'BAJ', 'BBV', 'BIP']
['ABN', 'AGG', 'AHW', 'AIV', 'AJL', 'APA', 'APH', 'API', 'ARI', 'ASH', 'ASK', 'AVH', 'AVU', 'AWD', 'BDY', 'BHL', 'BHN', 'BKK', 'BLM', 'BMG']
['AAB', 'AGX', 'AHK', 'AJE', 'ANM', 'AOY', 'AQN', 'ARR', 'ATA', 'AVM', 'AWU', 'AYK', 'BCV', 'BFG', 'BGW', 'BHF', 'BIU', 'BJH', 'BJS', 'BMY', 'BNB', 'BNE', 'BNR', 'BOP']
['AAH', 'ADE', 'AGV', 'AHS', 'ALQ', 'AMK', 'AMS', 'ANP', 'ANX', 'AOJ', 'ARG', 'ASL', 'AXG', 'BBE', 'BFC', 'BLE', 'BOS']
['AAW', 'ACA', 'ACD', 'ACP', 'AFM', 'AIW', 'ARL', 'ATH', 'AUA', 'AUB', 'AUD', 'AWB', 'AWG', 'AXU', 'BAU', 'BCG', 'BDQ', 'BDW', 'BEB', 'BEN', 'BFD', 'BNF', 'BNS', 'BOK']
['ABQ', 'ADD', 'ADY', 'AEC', 'AIF', 'AIJ', 'AJI', 'ALK', 'ANN', 'ANW', 'APE', 'APP', 'APU', 'ASX', 'AUG', 'AVS', 'AYN', 'BAM', 'BID', 'BIQ', 'BJN', 'BJX', 'BMW', 'BOM']
['AQW', 'AXT', 'BJV', 'BNL']
['ABK', 'AKU', 'ATI', 'AUH', 'AWK', 'BAG', 'BAQ', 'BBY', 'BHJ', 'BKY']
['ADW', 'AGD', 'AHF', 'AHG', 'AIO', 'AJG', 'ANJ', 'ATD', 'ATO', 'AXS', 'AYI', 'BBA', 'BLV', 'BOJ']
['ABM', 'AGT', 'AIE', 'AIH', 'AKW', 'AMU', 'AOB', 'APV', 'AQO', 'ARF', 'ARK', 'ART', 'ARV', 'ASQ', 'AUU', 'AVB', 'AWN', 'AWT', 'AXD', 'AXH', 'AYO', 'BEF', 'BNI', 'BOU']
['AAV', 'AEK', 'AFB', 'ALX', 'AOD', 'AUM', 'AUW', 'BEM', 'BFT', 'BNO']
['ALG', 'ALM', 'AOA', 'AQR', 'AVF', 'AWP', 'BFH', 'BFL', 'BIM', 'BKT', 'BMT']
['ABE', 'ADU', 'AEL', 'AGF', 'AHT', 'AOE', 'AON', 'APF', 'ATJ', 'AVD', 'AWA', 'BCC', 'BHH', 'BKV', 'BMD']
['AAC', 'AGY', 'AHA', 'AHJ', 'AHX', 'AJQ', 'AKP', 'AKV', 'ALN', 'AML', 'ASI', 'AVN', 'AWM', 'BAX', 'BGA', 'BGV', 'BLR', 'BOC']
['AGE', 'AGP', 'AJM', 'AKM', 'ALI', 'ANU', 'AQA', 'AQG', 'AQL', 'ARA', 'ARD', 'ARJ', 'ARX', 'ATN', 'ATQ', 'AYU', 'BAP', 'BAV', 'BFB', 'BGI', 'BIY', 'BJK', 'BKM', 'BLU', 'BOL']
['AAD', 'ADR', 'AFI', 'AFL', 'AGJ', 'AJN', 'AJS', 'AKB', 'AMA', 'AMT', 'APW', 'ARH', 'AUL', 'AXV', 'AXW', 'BAW', 'BCN', 'BES', 'BEU', 'BGU', 'BGY', 'BJA', 'BJJ', 'BMA', 'BNP']
['AAX', 'ACI', 'ACJ', 'AEG', 'AEI', 'AEN', 'AFN', 'AMH', 'AOC', 'APG', 'BLF', 'BOR', 'BOT']
['ACL', 'AEO', 'AHN', 'AME', 'AMR', 'ANA', 'AUX', 'AXM', 'AYE', 'AYJ', 'BAY', 'BBC', 'BBO', 'BCR', 'BEO', 'BGD', 'BGJ', 'BHV', 'BJG', 'BKN', 'BLC', 'BNG', 'BOH', 'BOW']
['AAQ', 'ADF', 'AID', 'AJO', 'ALA', 'ALB', 'ANQ', 'ARS', 'ASD', 'ASG', 'ASO', 'ASR', 'ATL', 'BAC', 'BCP', 'BIC', 'BIV', 'BLI', 'BLY', 'BMN', 'BMU', 'BND']
['ABP', 'ADO', 'AFK', 'AHM', 'AIR', 'AJF', 'AKF', 'ALF', 'ANF', 'APN', 'APY', 'AQJ', 'AQP', 'ASP', 'ATX', 'AUQ', 'AWL', 'AXE', 'BDX', 'BHS', 'BHT', 'BJM', 'BOQ']
['ADI', 'ADS', 'AGU', 'AIK', 'AJP', 'AOL', 'AQM', 'AQV', 'ARN', 'ASE', 'AVJ', 'AYY', 'BAL', 'BFX', 'BHO', 'BHP', 'BLH', 'BLN']
['ABI', 'ACO', 'ACS', 'ADB', 'AEA', 'AEM', 'AFC', 'AIA', 'AKJ', 'AKT', 'ANE', 'ASS', 'AXO', 'AXP', 'AYH', 'BAE', 'BDT', 'BEV', 'BFP', 'BIE', 'BIO', 'BJI', 'BLA']
['ABJ', 'ADT', 'AET', 'AEW', 'AEX', 'AGW', 'AIN', 'AJC', 'ALY', 'ANR', 'AQD', 'AUP', 'AUY', 'AXI', 'AYA', 'AYW', 'BBD', 'BBL', 'BEK', 'BGF', 'BIH', 'BMJ', 'BMM', 'BOV']
['ABW', 'ADH', 'ADX', 'AER', 'AEV', 'AFT', 'AHH', 'AIX', 'AMF', 'AND', 'ANK', 'AOP', 'AVX', 'AWO', 'AWY', 'AYX', 'BCY', 'BFI', 'BFM', 'BHC', 'BII', 'BJY', 'BKJ', 'BNY']
['ACR', 'ADC', 'ADK', 'AKR', 'ALD', 'AQY', 'ASA', 'ATF', 'ATU', 'AXF', 'AYV', 'BBT', 'BCD', 'BCW', 'BFO', 'BFY', 'BIL', 'BIS', 'BJF', 'BKP', 'BLD', 'BMI']
['AAE', 'ABA', 'AFA', 'AFE', 'AIL', 'AJU', 'AKD', 'AKY', 'ALR', 'AMJ', 'AMM', 'AMP', 'AOM', 'APD', 'APL', 'AVQ', 'AYR', 'BAN', 'BGK', 'BKG', 'BMC', 'BMX', 'BOG']
['ACH', 'AGK', 'AII', 'ASV', 'AUF', 'AVI', 'BBK', 'BEG', 'BEL', 'BFU']
['ACC', 'ADQ', 'AQT', 'BBP', 'BED', 'BHE', 'BKE', 'BKU', 'BNJ']
['ABD', 'ABO', 'ACK', 'AEJ', 'AHY', 'AJB', 'AKK', 'AKO', 'ALE', 'AMW', 'AMX', 'APR', 'AQH', 'ASW', 'AXA', 'BCB', 'BCL', 'BCQ', 'BHD', 'BKB', 'BLS', 'BOI']
['AAU', 'ABV', 'ACQ', 'AED', 'AEH', 'AEQ', 'ALH', 'ALT', 'ANS', 'ASB', 'AUC', 'AYC', 'BAF', 'BCU', 'BDB', 'BFQ', 'BHR', 'BIA', 'BJB', 'BJO', 'BJU', 'BJW', 'BKC', 'BNK', 'BNQ']
['ABC', 'AFV', 'AFY', 'AJD', 'AJT', 'AJV', 'AKX', 'AOF', 'APX', 'AQB', 'AQF', 'ASY', 'ATP', 'AXX', 'AYD', 'AYF', 'BBW', 'BCK', 'BDO', 'BEP', 'BGE', 'BHI', 'BIW', 'BLK', 'BNW']
['AAI', 'ABL', 'ACF', 'ADL', 'AFH', 'AFS', 'AGB', 'AHE', 'ASN', 'AUR', 'AUT', 'AVL', 'AWF', 'BBH', 'BBQ', 'BCM', 'BDH', 'BEC', 'BJD', 'BJE', 'BKF', 'BKR', 'BLG', 'BMP']
['AAM', 'ACB', 'ADP', 'AIP', 'AJW', 'ALJ', 'AOV', 'AOW', 'ARE', 'AUK', 'AYT', 'BAK', 'BDA', 'BEW', 'BHW', 'BIK', 'BJC', 'BME']
['AAO', 'ACE', 'ACW', 'ADM', 'AFQ', 'AGC', 'AHC', 'AHD', 'AHO', 'ANB', 'APJ', 'ASM', 'ATR', 'AUV', 'AWX', 'AXB', 'AYQ', 'BBF', 'BDG', 'BEE', 'BFN', 'BGX', 'BIX', 'BNM']
['ACG', 'ACX', 'AEE', 'AGM', 'AIU', 'AKL', 'ALW', 'ANY', 'AOI', 'AOX', 'ATE', 'ATK', 'ATT', 'AWH', 'AXJ', 'BBJ', 'BDM', 'BDN', 'BEJ', 'BGH', 'BGT', 'BML', 'BOF']
['ABB', 'ABR', 'AMB', 'AOK', 'ATY', 'AVE', 'AVP', 'AVW', 'AYG', 'AYM', 'BCA', 'BDF', 'BDK', 'BHK', 'BKQ', 'BMS']
