['296', '579', '581', '582', '583', '584', '588', '593', '594', '595', '596', '597', '598', '600', '719', '726', '730', '751', '754', '755', '756', '759', '811', '813', '816', '951']
['862', '866', '867', '868', '870', '953', '978']
['103', '163', '222', '276', '278', '280', '283', '284', '285', '286', '288', '297', '302', '303', '308', '314', '318', '320', '322', '323', '331', '337', '342', '344', '350', '551', '554', '555', '558', '559', '560', '561', '562', '565', '569', '570', '573', '574', '575', '758', '801']
['532', '698', '747', '748', '952']
['840', '871', '874', '875', '876', '877', '878', '991', '1000']
['281', '311', '316', '327', '333', '338', '430', '432', '433', '436', '440', '443', '454', '458', '471', '472', '474', '475', '476', '479', '482', '487', '496', '498', '500', '572', '746', '896', '898', '963']
['265', '507', '552', '635', '676', '717', '721', '729', '881', '883', '884', '887', '889']
['687', '693', '779', '783', '784', '855', '858', '913', '915', '917', '920', '933']
['441', '627', '658', '659', '732', '735', '736', '737', '738', '740', '741', '742', '749', '757', '760', '879', '880']
['358', '671', '673', '674', '680', '681', '683', '685', '822', '826', '828', '829', '831', '833', '854', '905', '938', '939']
['30', '32', '45', '46', '66', '67', '70', '77', '84', '99', '648', '834', '861', '863', '865', '942', '946', '947', '949']
['201', '203', '205', '209', '212', '214', '216', '218', '224', '226', '228', '230', '233', '234', '238', '240', '242', '244', '251', '257', '258', '259', '260', '262', '264', '266', '267', '270', '271', '272', '274', '431', '444', '445', '467', '468', '716', '724', '886', '954', '957', '958']
['503', '506', '508', '511', '513', '515', '519', '521', '523', '524', '647', '993']
['15', '28', '38', '65', '94', '100', '556', '576', '587', '589', '645', '650', '651', '654', '655', '805', '825', '835', '983', '987']
['80', '931']
['501', '514', '516', '764', '765', '775', '777', '787', '790']
['700', '940', '943', '956']
['691', '695', '699', '711', '872', '907', '910', '984']
['277', '282', '290', '291', '294', '295', '299', '300', '304', '306', '307', '309', '310', '312', '313', '317', '324', '325', '329', '334', '335', '336', '341', '343', '346', '347', '348', '349', '602', '603', '606', '607', '609', '611', '618', '624', '750', '922', '924']
['164', '206', '221', '548', '608', '619', '623']
['660', '666', '667', '679', '814', '817', '830']
['279', '326', '339', '340', '720', '807', '869', '893', '908', '985']
['328', '426', '428', '429', '435', '448', '453', '455', '456', '462', '473', '477', '488', '490', '493', '497', '585', '591', '663', '668', '727', '731', '733', '753', '789', '961', '977', '997', '998']
['101', '108', '110', '111', '112', '115', '119', '121', '122', '123', '125', '132', '134', '136', '141', '144', '145', '151', '157', '159', '160', '167', '169', '171', '178', '179', '180', '187', '188', '191', '196', '198', '200', '354', '367', '388', '389', '393', '399', '400', '404', '406', '421', '557', '568', '678', '806', '808', '810', '815', '820', '892', '894', '971', '980', '986', '995']
['127', '563', '566', '567', '580', '630', '925', '927', '928', '941', '994']
['450', '492', '578', '641', '643', '649', '653', '904', '966', '968']
['51', '130', '464', '533', '686', '688', '692', '696', '697', '970']
['170', '197', '207', '213', '223', '235', '239', '253', '504', '505', '509', '512', '517', '520', '672', '778', '782', '891', '899']
['243', '250', '332', '528', '537', '547', '626', '628', '632', '634', '637', '639', '640', '675', '823', '827', '832', '895', '934', '935', '936']
['629', '631', '633', '636', '638', '694', '901', '902', '909', '921']
['118', '577', '590', '592', '599', '677', '838', '841', '842', '845', '848', '849', '852', '857', '859', '860', '916']
['298', '319', '330', '839', '843', '844', '850', '944']
['900', '945', '948', '950', '959', '960']
['321', '345', '427', '434', '437', '438', '439', '442', '446', '447', '449', '451', '452', '457', '459', '460', '461', '463', '465', '466', '470', '478', '480', '481', '484', '485', '486', '489', '491', '494', '495', '499', '708', '792', '794', '796', '798', '800', '802', '803', '804', '853', '992', '996', '999']
['2', '9', '10', '11', '12', '17', '20', '21', '23', '25', '29', '34', '36', '40', '42', '44', '47', '56', '57', '58', '59', '60', '61', '62', '68', '69', '71', '72', '73', '78', '79', '81', '83', '86', '87', '93', '690']
['4', '5', '18', '26', '31', '74', '89', '95', '292', '351', '356', '359', '362', '363', '365', '366', '371', '372', '373', '374', '376', '377', '378', '379', '381', '382', '391', '392', '394', '395', '396', '397', '402', '403', '405', '407', '408', '409', '411', '412', '414', '415', '416', '417', '419', '420', '422', '425', '586', '642', '646', '652', '704', '885', '914']
['289', '670', '682', '752', '761', '768', '771', '888', '972', '973', '979', '990']
['352', '357', '360', '364', '370', '375', '380', '384', '385', '387', '418', '897', '911']
['644', '718', '722', '821', '824', '882', '890', '903', '906', '955', '965', '969', '975']
['1', '3', '6', '7', '8', '13', '14', '16', '19', '22', '24', '27', '33', '35', '37', '39', '41', '43', '48', '49', '50', '52', '53', '54', '55', '63', '75', '76', '82', '85', '88', '90', '91', '92', '96', '97', '98', '361', '390', '423', '553']
['483', '689', '725', '728', '836', '837', '846', '847', '864', '912']
['64', '604', '613', '614', '615', '701', '703', '705', '706', '710', '712', '713', '714', '715', '723', '734', '739', '743', '744', '964', '967']
['105', '106', '113', '126', '128', '133', '137', '138', '140', '142', '150', '154', '155', '156', '161', '172', '174', '175', '190', '192', '194', '204', '210', '211', '246', '263', '273', '657', '709', '819', '873', '974', '976']
['202', '208', '215', '217', '219', '220', '225', '227', '229', '231', '232', '236', '237', '241', '245', '247', '248', '249', '252', '255', '261', '268', '269', '275', '534']
['287', '293', '301', '305', '315', '564', '571', '605', '610', '616', '617', '620', '621', '622', '665', '684', '766', '773', '774', '793', '795', '797', '799', '923', '926', '929', '930']
['656', '661', '662', '664', '669', '982']
['116', '152', '166', '254', '355', '398', '401', '502', '510', '601', '612', '625', '702', '707', '918', '919', '932', '937', '962', '981', '988', '989']
['102', '104', '107', '109', '114', '117', '120', '124', '129', '131', '135', '139', '143', '146', '147', '148', '149', '153', '158', '162', '165', '168', '173', '176', '177', '181', '182', '183', '184', '185', '186', '189', '193', '195', '199', '518', '522', '525', '549', '762', '763', '767', '769', '770', '772', '809', '812', '818']
['353', '368', '369', '383', '386', '410', '413', '424', '469', '529', '545', '776', '780', '781', '785', '786', '788', '791', '851', '856']
['256', '526', '527', '530', '531', '535', '536', '538', '539', '540', '541', '542', '543', '544', '546', '550', '745']
