['154', '512']
['49', '117', '306', '504', '601', '619', '683', '729']
['99', '197', '232', '322', '339', '380', '419', '532', '624', '679', '694', '731']
['471']
['73', '627']
['22', '220', '221', '316', '342', '401', '520', '709', '760', '798']
['140', '211', '227', '368', '395']
['30']
['229', '384']
['44', '152', '185', '315', '386', '478', '609', '643']
['118', '134', '256']
['677']
['25', '27', '90', '142', '162', '223', '277', '389', '516', '593', '642', '660', '672', '688', '783']
['148', '466']
['61', '84', '106', '168', '240', '412', '501', '579', '705']
['174', '228', '259', '268', '432', '441', '530', '578', '722']
['75', '198', '204', '376', '414', '600', '616', '759']
['287', '312', '464', '676', '772']
['467']
['50', '53', '86', '130', '195', '305', '308', '399', '486', '633']
['767']
['17', '699', '766']
['155', '242', '365', '777']
['43', '163']
['114', '379', '396', '410', '567', '646', '684', '698', '768', '785']
['243', '273', '406', '417', '525']
['510', '513']
['296', '311']
['178', '324', '741']
['141', '157', '282', '775']
['2']
['12', '182']
['477']
['533', '678']
['100', '422', '492', '539', '725', '739']
['685']
['113', '244', '799']
['42', '196', '201', '245', '303']
['16', '403', '405', '544', '761', '765']
['561']
['255']
['591']
['92', '297', '319', '505', '710']
['28', '129', '552']
['393', '474', '476', '757']
['47']
['4', '39', '45', '102', '144', '164', '186', '250', '314', '470', '551', '572', '691', '707', '763', '788', '790']
['425']
['62', '63', '239', '279', '463', '506', '576']
['9', '29']
['1', '325', '352', '367', '390', '524', '657']
['602', '655']
['33', '119', '329', '411', '455', '473', '482']
['70', '79', '548', '554']
['177', '219', '404', '582', '599', '669', '703']
['285']
['143', '191', '233', '269', '299', '448', '569', '583']
['210', '327', '421']
['7', '392', '503', '689', '764', '771']
['60', '247']
['248', '445']
['203', '618', '621', '648']
['15', '345', '507', '608']
['283', '337', '721']
['66', '605']
['6', '41']
['133', '173']
['340']
['55']
['65', '181', '202', '361', '625', '706', '716', '751', '774']
['98', '158', '215', '252', '307', '346', '391', '469', '560', '687', '713']
['371', '427']
['212', '450', '658']
['190', '271', '650']
['36', '59', '147', '394', '475', '744']
['363']
['333', '344', '550', '708', '711', '726']
['416']
['123', '183', '206']
['264', '718', '776']
['291', '439', '460']
['10', '94', '146', '762']
['104', '594', '778']
['169', '542', '636', '754']
['383', '629']
['370', '517']
['563']
['88', '175', '194', '490', '495', '626', '733', '736']
['366', '449']
['435']
['603']
['301', '407', '558']
['13', '224', '451', '456']
['742', '791']
['649', '782']
['51', '310']
['620']
['56', '440']
['145', '286', '529', '555', '566', '612', '680', '712', '732']
['23', '78', '153', '226', '266', '461']
['11', '200', '385', '623', '717']
['523']
['518', '796']
['111', '290', '356', '357', '493']
['188', '734']
['253', '284', '298', '454', '497', '521', '546', '590', '638', '652', '667', '702']
['46', '127', '424', '553', '592', '611', '737', '792']
['442']
['302', '353', '358', '418', '420', '528', '535', '547', '562', '665']
['31', '87', '159', '402', '409', '434', '557', '640', '659', '728', '770', '784']
['216', '408', '444', '452', '663']
['69', '91', '128', '138', '151', '160', '208', '257', '377', '479', '480', '499', '519', '644', '673', '686', '795']
['293']
['628', '745']
['565']
['89', '260', '292', '400', '723']
['272', '468', '549', '571']
['397']
['132']
['318', '675', '693', '738']
['19', '112', '187', '214', '254', '487', '588', '607', '719', '727', '730', '786']
['97', '121', '179', '275', '348', '489', '537', '647']
['122', '213', '237', '388', '715']
['780']
['64', '230', '457', '458', '585', '674', '756']
['156']
['170', '251', '670']
['74', '280', '334', '534', '615', '671', '682', '695', '720', '797']
['236', '304', '714']
['360']
['526']
['116', '262', '320', '364']
['37', '38', '95', '359', '381']
['5', '149', '176', '235', '246', '258', '270', '349', '426', '431', '437', '465', '596', '610', '654', '697', '743', '789']
['574']
['76', '309', '692']
['209', '265', '502', '514']
['67', '80', '93', '103', '124', '234', '300', '338', '350', '369', '438', '481', '494', '573', '577', '589', '740', '748', '779', '794']
['24', '604', '617', '651']
['278']
['109']
['3', '115', '274', '343', '485']
['108', '690']
['40']
['58']
['135', '167', '498', '661']
['701']
['105', '328', '362', '704']
['14', '71', '72', '110', '288', '295', '323', '398', '423', '570', '656', '746']
['336', '749']
['631']
['101', '136', '351']
['294']
['0', '21']
['531']
['222', '527', '540', '564', '668', '769']
['281', '378', '447', '509', '559', '580']
['131', '375', '755']
['8', '20', '35', '54', '137', '313']
['354']
['415']
['81', '85', '150', '161', '165', '321', '382', '413', '773']
['192', '484', '541', '586']
['225', '584']
['433']
['500']
['125', '446', '491', '575', '595', '664', '781']
['459']
['598']
['26', '82', '166', '184', '241', '538', '545', '632']
['77', '107', '189', '261', '462', '543']
['436']
['597', '639', '681', '696']
['249', '374']
['172', '330', '332', '372', '496', '587', '614', '653']
['662']
['317', '747']
['83']
['331', '430', '606', '641', '735']
['96', '238', '289', '341', '515', '666', '793']
['199', '700']
['18', '205', '207', '326', '428', '522', '556', '568', '613', '630', '634', '637']
['68']
['180', '645']
['126', '429', '750', '753']
['48', '171', '453']
['120']
['57', '511']
['335', '483', '787']
['276']
['139']
['347', '488', '724']
['472', '622']
['581']
['52']
['218', '267', '355', '443', '536']
['387']
['231', '263']
['758']
['32', '34', '193', '217', '373', '508', '635', '752']
