['841', '937', '222', '169', '68', '628', '542', '559', '535', '853', '92', '685', '94', '39', '531', '700', '830', '442', '252', '870', '650', '953', '302', '565', '190', '944', '798', '510', '338', '418', '613', '362', '778', '109', '111', '780', '918', '639', '225', '839', '100', '692', '789', '14', '60', '131', '287', '683']
['625', '328', '622', '210', '775', '373', '781', '822', '584', '30', '699', '285', '731', '173', '238', '917', '421', '532', '274', '196', '672', '293', '194', '441', '346', '434', '102', '907', '91', '714', '375', '847', '899', '427', '37', '739', '232', '292', '500', '172', '750', '723', '363', '909', '204', '122', '598', '522']
['164', '167', '656', '41', '612', '291', '260', '349', '86', '453', '404', '42', '470', '8', '140', '433', '468', '686', '904', '796', '530', '654', '32', '525', '526', '702', '80', '390', '681', '740', '334', '501', '119', '258', '315', '857', '406', '763', '696', '138', '368', '422', '31', '920', '788', '77', '933', '586']
['451']
['195', '858', '679', '384', '256', '861', '596', '249', '236', '733', '18', '508', '343', '768', '25', '760', '342', '919', '143', '341', '108', '820', '703', '835', '89', '914', '414', '476', '193', '550', '480', '217', '658', '943', '601', '300', '911', '347', '804', '873', '361', '595', '865', '520', '161', '237', '676', '896']
['757', '718', '235', '957', '87', '301', '310', '405', '541', '665', '35', '777', '713', '426', '812', '396', '893', '932', '564', '673', '283', '329', '3', '200', '926', '335', '868', '150', '554', '449', '785', '611', '447', '314', '130', '680', '939', '323', '348', '438', '776', '370', '576', '1', '43', '290', '495', '250']
['147', '813', '632', '413', '146', '850', '823', '645', '199', '503', '395', '336', '817', '5', '553', '224', '891', '936', '397', '419', '127', '772', '485', '168', '543', '725', '490', '270', '227', '506', '627', '862', '352', '724', '547', '867', '689', '52', '561', '132', '695', '741', '337', '509', '134', '107', '214', '483']
['931', '450', '648', '228', '216', '562', '660', '677', '254', '355', '299', '76', '727', '21', '737', '137', '701', '641', '580', '913', '816', '910', '908', '883', '929', '546', '664', '587', '549', '407', '599', '872', '64', '460', '874', '26', '436', '516', '247', '324', '719', '457', '803', '415', '537', '493', '631', '955']
['488']
['165', '471', '152', '157', '687', '203', '831', '63', '502', '83', '145', '244', '440', '141', '819', '463', '188', '609', '189', '243', '51', '938', '925', '4', '266', '162', '62', '391', '761', '668', '208', '573', '726', '895', '332', '118', '149', '708', '47', '386', '769', '36', '198', '381', '600', '827', '540', '657']
['892', '97', '78', '387', '279', '271', '851', '605', '539', '709', '117', '504', '890', '309', '752', '223', '582', '128', '566', '534', '55', '548', '575', '556', '45', '606', '742', '170', '930', '621', '275', '364', '385', '552', '511', '667', '652', '303', '818', '178', '707', '555', '54', '425', '589', '824', '431', '242']
['805']
['607']
['846']
['126', '133', '954', '22', '104', '528', '764', '382', '629', '614', '416', '74', '840', '401', '185', '863', '220', '420', '88', '481', '745', '935', '572', '475', '345', '479', '583', '230', '610', '139', '34', '951', '836', '653', '927', '297', '411', '889', '358', '633', '273', '912', '410', '353', '245', '735', '712', '182']
['514', '428', '49', '897', '618', '19', '276', '84', '922', '264', '682', '359', '356', '947', '113', '705', '749', '638', '924', '603', '952', '675', '845', '320', '313', '377', '53', '251', '330', '852', '153', '10', '710', '351', '477', '906', '792', '46', '158', '286', '233', '192', '456', '793', '69', '163', '882', '218']
['569', '593', '392', '98', '306', '44', '354', '767', '129', '70', '357', '779', '538', '112', '367', '289', '484', '838', '491', '124', '825', '826', '902', '268', '371', '61', '950', '33', '263', '96', '754', '472', '663', '615', '806']
['29']
['241', '773', '544', '253', '350', '496', '941', '581', '288', '751', '732', '482', '666', '317', '142', '56', '590', '794', '811', '770', '734', '588', '13', '942', '280', '604', '807', '536', '574', '871', '821', '446', '801', '259', '379', '636', '181', '774', '661', '591', '507', '923', '759', '688', '66', '634', '859', '643']
['894', '389', '854', '743', '915', '308', '23', '791', '597', '71', '560', '439', '721', '691', '579', '784', '473', '202', '720', '758', '226', '646', '262', '523', '498', '57', '175', '318', '649', '240', '255', '136', '430', '125', '144', '624', '454', '715', '833', '160', '435', '842', '630', '187', '459', '837', '93', '519']
['239', '7', '81', '698', '875', '432', '403', '282', '497', '344', '105', '828', '856', '374', '810', '339', '815', '398', '916', '79', '267', '424', '879', '736', '521', '325', '694', '277', '921', '316', '278', '399', '797', '729', '722', '489', '799', '738', '886', '206', '183', '461', '417', '592', '800', '877', '783', '478']
['755', '191', '16', '697', '184', '637', '166', '17', '85', '67', '48', '393', '388', '408', '674', '174', '114', '864', '209', '494', '177', '452', '248', '462', '197', '179', '176', '24', '327', '9', '655', '437', '948', '0', '58', '215', '602', '900', '881', '423', '626', '372', '959', '65', '499', '246', '207', '577']
['527', '782', '205', '28', '294', '12']
['901']
['469', '2', '662', '156', '486', '808', '844', '101', '762', '231', '855', '809', '298', '340', '956', '848', '219', '834', '75', '585', '331', '659', '669', '148', '728', '322', '651', '717', '467', '474', '135', '73', '885', '678', '394', '814', '533', '795', '693', '505', '557', '790', '529', '571', '928', '619']
['642']
['644', '647', '443', '40', '186', '617', '690', '934', '786', '180', '946', '623', '448', '880', '570', '272', '281', '82', '99', '958', '594', '551', '744', '766', '730', '123', '568', '121', '706', '465', '383', '319', '515', '829', '876', '366', '670', '402', '50', '492', '747', '949', '257', '27', '376', '106', '620', '748']
['305', '567', '304', '903', '716', '15', '884', '940', '671', '229', '608', '213', '866', '90', '849', '635', '524', '95', '466', '400', '333', '487', '756', '120', '616', '832', '201', '704', '115', '211', '888', '284', '360', '843', '110', '269', '265', '464', '307', '326', '545', '429', '945', '261', '380', '458', '887', '6']
['640', '898', '905', '321', '11', '684', '860', '746', '378', '20', '787', '103', '412', '151', '38', '771', '155', '753', '802', '365', '59', '578', '711', '171', '116', '212', '312', '455', '296', '878', '444', '558', '518', '234', '517', '72', '311', '563', '221', '869', '295', '159', '445', '409', '765', '512', '154', '513']
['369']
