['26', '33', '44', '46', '74', '106', '110', '191', '206', '300', '466', '503', '563', '696', '703', '754', '875', '925']
['868']
['48', '82', '160', '170', '171', '207', '232', '235', '236', '237', '238', '243', '247', '280', '337', '353', '493', '597', '621', '668', '710', '747', '753', '761', '763', '781', '798', '799', '849', '895', '982', '983', '986', '995', '997']
['8', '24', '94', '97', '121', '135', '137', '151', '196', '197', '255', '323', '352', '391', '401', '415', '422', '451', '472', '490', '535', '542', '583', '585', '632', '677', '726', '780', '838', '844', '887', '981', '991', '994', '998']
['4', '23', '93', '198', '201', '202', '209', '210', '214', '216', '219', '222', '223', '234', '242', '246', '309', '316', '320', '332', '345', '369', '375', '474', '500', '554', '576', '627', '661', '680', '681', '766', '885', '889', '891']
['871']
['5', '15', '16', '83', '85', '88', '112', '124', '143', '180', '193', '199', '310', '321', '358', '402', '475', '502', '526', '533', '534', '613', '614', '646', '768', '774', '762', '791', '812', '836', '848', '881', '912', '963', '968']
['149']
['62', '174', '177', '213', '218', '268', '269', '271', '334', '395', '421', '528', '546', '575', '578', '579', '580', '581', '595', '645', '657', '659', '660', '663', '671', '721', '745', '794', '876', '886', '928', '940', '945', '951', '962']
['18', '81', '147', '126', '189', '194', '204', '205', '293', '296', '302', '413', '432', '480', '485', '514', '525', '538', '549', '596', '616', '685', '694', '750', '760', '765', '803', '804', '816', '817', '821', '864', '911', '937', '950']
['53', '68', '84', '364', '368', '390', '396', '378', '417', '450', '454', '456', '458', '460', '461', '465', '473', '477', '566', '665', '667', '686', '792', '826', '833', '839', '842', '896', '899', '913', '923', '929', '933', '952', '969']
['0', '38', '55', '63', '66', '71', '134', '181', '184', '264', '267', '276', '304', '327', '408', '409', '423', '443', '488', '540', '593', '594', '599', '604', '606', '618', '634', '675', '734', '801', '856', '883', '890', '908', '966']
['91', '99', '158', '265', '379', '669', '782', '888', '935']
['14', '32', '34', '54', '56', '64', '67', '77', '131', '173', '305', '312', '365', '376', '380', '382', '419', '425', '429', '433', '447', '448', '484', '519', '531', '547', '559', '570', '689', '700', '720', '788', '934', '942', '976']
['7', '10', '148', '211', '226', '240', '241', '273', '284', '295', '303', '328', '340', '343', '371', '410', '452', '489', '498', '527', '536', '560', '568', '622', '649', '708', '805', '811', '813', '814', '815', '882', '959', '979', '993']
['948']
['11', '22', '43', '78', '80', '100', '111', '114', '116', '167', '212', '225', '228', '277', '349', '355', '462', '495', '496', '515', '520', '509', '511', '529', '530', '609', '731', '752', '787', '802', '914', '915', '930', '941', '947']
['231', '769']
['2', '108', '115', '119', '145', '127', '161', '260', '270', '286', '351', '354', '381', '486', '517', '521', '557', '598', '623', '707', '712', '715', '718', '751', '778', '785', '793', '829', '843', '846', '884', '903', '919', '943', '973']
['13', '19', '57', '76', '98', '155', '156', '159', '182', '221', '224', '230', '322', '384', '400', '403', '436', '467', '469', '483', '573', '678', '684', '687', '688', '697', '701', '795', '825', '893', '900', '931', '938', '953', '975']
['29', '58', '105', '142', '153', '186', '192', '215', '233', '274', '282', '292', '301', '362', '399', '412', '513', '516', '541', '548', '589', '641', '625', '630', '633', '635', '638', '639', '662', '872', '926', '936', '939', '944', '960']
['17', '52', '79', '95', '128', '133', '139', '140', '144', '146', '200', '217', '325', '350', '374', '385', '437', '470', '479', '522', '501', '505', '510', '553', '561', '571', '608', '611', '617', '706', '775', '776', '783', '808', '809']
['101', '109', '117', '138', '125', '157', '166', '220', '227', '258', '279', '281', '294', '298', '299', '363', '366', '373', '393', '411', '555', '564', '567', '624', '648', '704', '705', '716', '746', '796', '840', '857', '870', '878', '955']
['1', '72', '165', '208', '256', '259', '263', '266', '272', '252', '253', '333', '338', '405', '550', '552', '600', '666', '674', '693', '702', '709', '727', '729', '732', '736', '786', '806', '822', '824', '858', '866', '977', '989', '992']
['254', '398', '377', '518']
['37', '49', '297', '383', '512', '532', '676', '735', '759', '764', '790', '818', '820']
['28', '31', '35', '36', '104', '120', '164', '175', '183', '188', '229', '290', '372', '394', '445', '459', '464', '468', '487', '499', '524', '545', '582', '610', '626', '654', '728', '742', '797', '865', '897', '905', '946', '980', '984']
['3', '9', '12', '27', '61', '130', '178', '179', '326', '335', '341', '418', '426', '434', '463', '651', '652', '653', '656', '658', '672', '695', '698', '714', '717', '724', '819', '879', '901', '924', '949', '954', '958', '972', '974']
['86', '122', '132', '190', '239', '245', '249', '307', '313', '317', '367', '428', '430', '431', '438', '439', '440', '508', '551', '558', '584', '586', '587', '590', '592', '664', '779', '789', '859', '863', '873', '978', '985', '988', '996']
['59', '89', '107', '168', '203', '275', '291', '330', '416', '427', '444', '497', '537', '565', '588', '601', '605', '711', '722', '737', '738', '772', '756', '850', '851', '852', '853', '854', '860', '867', '869', '874', '917', '971', '987']
['103']
['21', '30', '42', '87', '92', '113', '150', '162', '262', '283', '287', '288', '289', '308', '319', '414', '420', '424', '449', '471', '481', '523', '577', '591', '642', '643', '644', '628', '682', '800', '807', '810', '892', '904', '961']
['41', '47', '70', '73', '118', '123', '172', '285', '306', '324', '329', '346', '370', '389', '404', '407', '453', '457', '491', '504', '574', '607', '612', '691', '723', '725', '770', '771', '773', '755', '757', '758', '767', '823', '894']
['39', '45', '65', '75', '102', '129', '152', '154', '176', '195', '248', '261', '311', '314', '318', '361', '387', '388', '392', '397', '441', '482', '569', '602', '670', '690', '713', '777', '784', '847', '909', '910', '916', '918', '990']
['719', '920']
['40', '50', '69', '90', '96', '136', '185', '187', '257', '251', '344', '356', '386', '476', '506', '507', '543', '544', '603', '615', '631', '655', '730', '733', '739', '740', '743', '744', '749', '855', '862', '922', '957', '964', '970']
['20', '25', '169', '331', '336', '339', '342', '347', '348', '478', '494', '539', '562', '620', '640', '679', '683', '699', '741', '748', '827', '828', '830', '831', '832', '834', '837', '841', '845', '861', '898', '877', '880', '956', '967']
['6', '51', '60', '141', '163', '244', '278', '315', '357', '359', '360', '406', '435', '442', '446', '455', '492', '556', '572', '619', '647', '629', '636', '637', '650', '673', '692', '835', '902', '906', '907', '921', '927', '932', '965']
['250']
['999']
