['295', '408', '410', '412', '414', '415', '417', '418', '419', '420', '422', '423', '424', '425', '426', '428', '430', '431', '432', '433', '435', '436', '437', '438', '439', '440', '500', '504', '506', '507', '508', '509', '510', '513', '514', '516', '519', '521', '523', '883']
['80', '81', '83', '84', '85', '87', '88', '89', '90', '92', '93', '94', '97', '98', '101', '102', '103', '104', '106', '107', '108', '109', '110', '111', '113', '115', '116', '117', '118', '119', '324', '338', '339', '340', '342', '348', '349', '357', '409', '411']
['14', '714', '749', '755', '878', '888']
['86', '95', '100', '105', '137', '578', '579', '580', '582', '583', '585', '586', '587', '588', '589', '590', '591', '593', '597', '599', '600', '602', '603', '604', '605', '606', '607', '609', '610', '613', '614', '616', '620']
['248', '262', '385', '387', '413', '416', '429', '441', '465', '467', '468', '479', '494', '497', '517', '660', '661', '662', '664', '665', '667', '669', '671', '672', '673', '675', '679', '680', '681', '683', '684', '685', '687', '688', '690', '693', '711']
['45', '51', '53', '58', '65', '68', '74', '76', '162', '167', '171', '174', '175', '176', '180', '181', '182', '185', '186', '190', '194', '196', '197', '198', '526', '529', '545']
['120', '122', '123', '124', '125', '126', '128', '129', '130', '131', '132', '133', '134', '135', '136', '138', '142', '146', '147', '149', '150', '151', '152', '153', '154', '155', '156', '157', '158', '159', '359', '372', '374', '375', '473', '484', '492', '658']
['240', '247', '261', '263', '269', '270', '276', '463', '464', '466', '469', '470', '471', '472', '474', '475', '476', '477', '478', '480', '482', '485', '488', '489', '490', '493', '496', '498', '692', '699', '703', '704', '708', '710', '712', '713', '715', '718', '723', '726']
['303', '304', '305', '306', '307', '308', '311', '313', '314', '316', '318', '320', '321', '322', '325', '328', '332', '333', '335', '358', '360', '362', '366', '367', '368', '369', '370', '371', '373', '376', '377', '378', '379', '380', '381', '382', '383', '384', '388']
['1', '15', '200', '201', '203', '204', '205', '220', '221', '225', '227', '228', '231', '232', '234', '235', '288', '775']
['96', '141', '148', '389', '390', '391', '392', '393', '394', '395', '397', '399', '400', '401', '402', '404', '405', '406', '407', '499', '501', '502', '503', '515', '518', '520', '522', '525', '909', '910', '921', '923', '926', '927', '935', '936']
['40', '41', '42', '43', '44', '46', '47', '48', '49', '50', '52', '55', '56', '57', '59', '60', '61', '62', '63', '64', '66', '67', '69', '70', '71', '72', '78', '79', '82', '91', '99', '112', '114', '285', '286', '293', '486', '495']
['209', '212', '245', '280', '294', '511', '618', '619', '622', '623', '624', '625', '626', '627', '629', '630', '631', '632', '633', '635', '636', '637', '638', '639', '640', '641', '642', '643', '644', '647', '648', '649', '651', '652', '653', '654', '656', '657']
['202', '206', '207', '208', '210', '211', '213', '214', '215', '216', '217', '218', '219', '222', '223', '224', '226', '229', '230', '233', '236', '237', '238', '239', '691', '695', '696', '697', '700', '701', '705', '706', '707', '709', '716', '717', '720', '722', '724', '725']
['11', '12', '17', '18', '22', '27', '35', '36', '54', '73', '341', '343', '344', '345', '347', '350', '352', '353', '361', '524', '834', '975', '976', '977', '978', '980', '981', '982', '983', '984', '985', '986', '988', '990', '991', '992', '993', '994', '995']
['481', '491', '764', '766', '767', '768', '769', '770', '771', '772', '773', '774', '776', '777', '779', '780', '781', '782', '785', '786', '787', '788', '790', '791', '792', '794', '799', '800', '874', '875', '881', '885', '891', '892', '895', '897', '900', '901']
['0', '2', '3', '4', '5', '6', '7', '8', '9', '10', '13', '16', '19', '20', '21', '23', '24', '25', '26', '28', '29', '30', '31', '32', '33', '34', '38', '39', '75', '77', '309', '312', '319', '329', '918', '930']
['37', '161', '163', '164', '165', '166', '168', '173', '178', '179', '188', '191', '192', '904', '905', '906', '907', '908', '911', '912', '913', '914', '916', '917', '919', '920', '922', '924', '925', '928', '929', '931', '932', '933', '934', '937', '959']
['160', '169', '170', '177', '183', '187', '193', '199', '267', '271', '272', '281', '282', '283', '284', '287', '289', '290', '291', '292', '296', '297', '298', '299', '300', '301', '351', '456', '795', '843', '849', '856', '862', '867', '868']
['584', '659', '663', '666', '670', '677', '678', '682', '797', '802', '803', '805', '807', '808', '812', '813', '814', '815', '816', '817', '818', '819', '820', '821', '822', '824', '825', '827', '828', '829', '830', '831', '832', '835', '836', '838', '839', '840', '890', '898']
['189', '195', '581', '594', '595', '598', '601', '608', '612', '617', '621', '628', '634', '645', '646', '650', '655', '668', '801']
['346', '355', '356', '442', '765', '778', '783', '793', '796', '798', '938', '940', '941', '943', '945', '946', '947', '948', '949', '950', '951', '954', '955', '956', '957', '958', '960', '961', '963', '965', '966', '967', '970', '971', '973', '974']
['121', '127', '139', '140', '143', '144', '145', '337', '354', '434', '592', '596', '611', '615', '686', '727', '728', '729', '730', '731', '733', '735', '736', '737', '738', '739', '741', '742', '745', '747', '748', '751', '752', '753', '754', '757', '760', '761', '762', '763']
['241', '242', '243', '244', '246', '249', '251', '252', '253', '254', '256', '257', '258', '260', '264', '266', '268', '274', '275', '277', '278', '279', '531', '532', '534', '536', '543', '939', '942', '944', '952', '962', '968', '972', '979', '987', '989']
['302', '310', '315', '317', '323', '326', '327', '330', '331', '334', '363', '364', '365', '386', '396', '398', '403', '505', '512', '557', '806', '872', '873', '876', '877', '879', '880', '882', '884', '886', '887', '889', '893', '894', '896', '899', '902', '903']
['483', '487', '527', '528', '530', '535', '537', '539', '540', '541', '542', '544', '552', '953']
['421', '427', '538', '674', '676', '689', '743', '750', '804', '809', '826', '848', '865']
['250', '255', '259', '265', '273', '336', '546', '547', '549', '550', '553', '555', '556', '559', '560', '561', '562', '563', '566', '567', '569', '571', '572', '573', '574', '575', '576', '577', '732', '734', '740', '744', '746', '756', '758', '759']
['172', '184', '443', '444', '445', '446', '447', '448', '449', '450', '451', '452', '453', '454', '455', '457', '458', '459', '460', '461', '462', '533', '694', '698', '702', '719', '721', '964']
['548', '551', '554', '558', '564', '565', '568', '570', '784', '789', '810', '811', '823', '833', '837', '841', '842', '844', '845', '846', '847', '850', '851', '852', '853', '854', '855', '857', '858', '859', '860', '861', '863', '864', '866', '869', '870', '871', '915', '969']
