['Joan', 'Elicia', 'Robert', 'Marlo', 'Kris', 'Sharilyn', 'Renetta', 'Altagracia', 'Percy', 'Meg', 'Myrtle', 'Laurence', 'Imelda', 'Ebony', 'Sang', 'Jill', 'Lonnie']
['Deana', 'Clarissa', 'Trena', 'Orval', 'Meagan', 'Aretha', 'Kim', 'Clarice', 'Ezequiel', 'Micheal', 'Virginia', 'Exie', 'Aleisha', 'Carmelita', 'Antionette', 'Dottie', 'Miriam', 'Marilee', 'Elijah', 'Regine']
['Stephani', 'Wes', 'Camelia', 'Easter', 'Kisha', 'Sonya', 'Monet', 'Carmella', 'Vicente', 'Risa', 'Deja', 'Camilla', 'Beulah', 'Song', 'Tawny', 'Micha', 'Vesta']
['Glenda', 'Annamarie', 'Kirstie', 'Tony', 'Natividad', 'Bailey', 'Pasquale', 'Dennis', 'Enoch', 'Linda']
['Darwin', 'Dusti', 'Joye', 'Clarinda', 'Nickolas', 'Mariah', 'Tanisha', 'Elvie', 'Angella', 'Esther', 'Val', 'Joya', 'Ardis', 'Adrianna', 'Kurt', 'Gil', 'Gregoria', 'Myrtice']
['Reita', 'Gisela', 'Tamisha', 'Marvis', 'Treena', 'Edmond', 'Sharla', 'Alexandra', 'Merrill', 'Lynette', 'Tamela', 'Deena']
['Oneida', 'Alex', 'Eloisa', 'Susannah', 'Agustin', 'Tarsha', 'Julia', 'Clement', 'Karissa', 'Prince', 'Susanna', 'Eartha', 'Yang', 'Olimpia', 'Pam', 'Yanira']
['Rachel', 'Lorelei', 'Elliott', 'Rita', 'Susan', 'Dorthea', 'Vada', 'Vita', 'Jaqueline', 'Sherman', 'Cassy', 'Dalia', 'Edgar', 'Malka', 'Christin', 'Elvira', 'Cassidy', 'Frederica', 'Earleen', 'Charley']
['Angeline', 'Kristi', 'Olevia', 'Joelle', 'Leila', 'Vivien', 'Theo', 'Rosalba', 'Grant', 'Ella', 'Naomi', 'Alfred', 'Dora', 'In', 'Holley', 'Latanya', 'Jaimie', 'Gilberto', 'Alyson']
['Earnest', 'Claretha', 'Jacque', 'Jennie', 'Dion', 'Gus', 'Dixie', 'Salome', 'Tomi', 'Genoveva', 'India', 'Dortha', 'Cherise', 'Carmine', 'Jacelyn', 'Carlyn', 'Barb', 'Patrick', 'Shellie']
['Nicole', 'Tarah', 'Ok', 'Horace', 'Lilly', 'Lue', 'Son', 'Laticia', 'Alton', 'Caitlyn', 'Lasonya', 'Margart', 'Odell', 'Alvin', 'Renea', 'Vernon', 'Lyndon', 'Taneka', 'Antonette', 'Mariano']
['Heide', 'Lana', 'Florinda', 'Clarita', 'Guadalupe', 'Birdie', 'Ara', 'Leopoldo', 'Lennie', 'Latricia', 'Coleman', 'Onie', 'Delena', 'Anh', 'Kristina', 'Yuk', 'Gwen', 'Cassi', 'Delta', 'Alphonso']
['Piedad', 'Annabel', 'Shelton', 'Dewitt', 'Roxane', 'Kylie', 'Laraine', 'Retta', 'Irma', 'Rachael', 'Kasey', 'Rosalee', 'Rodger', 'Magdalene', 'Omar', 'Elodia', 'Vanessa', 'Wilmer']
['Dorene', 'Alethia', 'Latia', 'Arcelia', 'Alicia', 'Enola', 'Cleotilde', 'Marcie', 'Russell', 'Kareem', 'Alpha', 'Mckenzie', 'Piper', 'Providencia', 'Evelin', 'Sharolyn', 'Elisa', 'Jessenia', 'Mirtha']
['Jan', 'An', 'Catherine', 'Felecia', 'Adolph', 'Lon', 'Judie', 'Eneida', 'Zada', 'Angela', 'Darius', 'Jerri', 'Yu', 'Jene', 'Elnora', 'Justine', 'Kermit']
['Kristopher', 'Joanne', 'Garland', 'Naida', 'Eustolia', 'Carolee', 'Irena', 'Adah', 'Mitzi', 'Nelly', 'Ellis', 'Carolynn', 'Fairy', 'Jacinto', 'Darleen', 'Michiko', 'Vanita', 'Bernadine', 'Amy', 'Georgina']
['Eve', 'Kay', 'Janetta', 'Edda', 'Angelina', 'Tawanna', 'Jackelyn', 'Gilma', 'Elinor', 'Alden', 'Charla', 'Oleta', 'Roma', 'Dionne', 'Maybelle', 'Aline', 'Rasheeda', 'Heriberto', 'Verla', 'Vonda']
['Marvin', 'Jeremy', 'Rima', 'Garret', 'Rolando', 'Raul', 'Valorie', 'Jefferey', 'Elfrieda', 'Rudolf', 'Marcellus', 'Josie', 'Harland', 'Xochitl', 'Kristen', 'Tasha', 'Leonor', 'Elvin', 'Jimmie', 'Leona']
['Eugene', 'Lucas', 'Jeffrey', 'Alane', 'Neida', 'Harvey', 'Cristi', 'Linnie', 'Lyle', 'Sanda', 'Louetta', 'Karl', 'Alita', 'Bridgett', 'Sharmaine', 'Sunday', 'Eduardo', 'Leah', 'Rick', 'Hester']
['Madison', 'Hiroko', 'Emmanuel', 'Wallace', 'Sana', 'Mohamed', 'Sabrina', 'Celia', 'Lanora', 'Leota', 'Marcelo', 'Roslyn', 'Glory', 'Harriet', 'Alysha', 'Nicolas', 'Beatrice', 'Sandra', 'Gaynell']
['Cassie', 'Isabel', 'Loria', 'Murray', 'Selma', 'Tai', 'Ambrose', 'Chelsie', 'Nelda', 'Ressie', 'Madlyn', 'Deshawn', 'Edythe', 'Dustin']
['Clinton', 'Claudie', 'Shonda', 'Antoinette', 'Aaron', 'Rodrigo', 'Charmaine', 'Jina', 'Audie', 'Lisa', 'Fonda', 'Deon', 'Theressa', 'Lane', 'Earline', 'Brenton', 'Georgiana', 'Ettie', 'April']
['Zoraida', 'Sherwood', 'Kitty', 'Leonida', 'Herlinda', 'Dexter', 'Thuy', 'Vernita', 'Toby', 'Karen', 'Damion', 'Lavette', 'Diamond', 'Corinna', 'Kylee', 'Chase', 'Isidro']
['Refugio', 'Xuan', 'Delmar', 'Vernia', 'Lyn', 'Erna', 'Bea', 'Andreas', 'Rosalie', 'Iris', 'Jonell', 'Telma', 'Maryanne', 'Hal', 'Lynn', 'Ophelia', 'Dorcas', 'Daisy', 'Erlene', 'Nina']
['Byron', 'Kendall', 'Helene', 'Sharell', 'Shavon', 'Danial', 'Clyde', 'Hyun', 'Tory', 'Joeann', 'Theresa', 'Phillip', 'Hubert', 'Perry', 'Florencia', 'Charleen', 'Azalee', 'Tamar', 'Norbert']
['Jade', 'Doyle', 'Chun', 'Ocie', 'Lezlie', 'Travis', 'Chester', 'Jama', 'Teddy', 'Milagros', 'Simon', 'Stewart', 'Bill', 'Jarod', 'Meridith', 'Ofelia', 'Elisabeth', 'Colette', 'Opal', 'Arlene']
['Destiny', 'Phylis', 'Amada', 'Randa', 'Clara', 'Johnny', 'Lizabeth', 'Alla', 'Janell', 'Ranee', 'Adelaide', 'Maris', 'Lila', 'Jon', 'Alberto']
['Kyung', 'Bonnie', 'Chance', 'Tamala', 'Houston', 'August', 'Alesha', 'Hilma', 'Joline', 'Mariko', 'Archie', 'Karina', 'Lorri', 'Tennille', 'Daren', 'Damian', 'Luise', 'Estella', 'Tisha', 'Sheron']
['Toya', 'Danita', 'Bertha', 'Jeanetta', 'Herman', 'Keshia', 'Janis', 'Sophia', 'Kamilah', 'Leandra', 'Felicita', 'Rebbeca', 'Gertie', 'Tabitha', 'Lavon', 'Daniel', 'Mauro', 'Ann', 'Michele', 'Janet']
['Felix', 'Ron', 'Winford', 'Dewayne', 'Louise', 'Darrel', 'Esperanza', 'Vena', 'Brandie', 'Akiko', 'Emilia', 'David', 'Helena', 'Catalina', 'Buddy', 'Isaura', 'Dominque', 'Wendie', 'Caryl']
['Kurtis', 'Tiffani', 'Ryann', 'Artie', 'Spencer', 'Almeta', 'Trey', 'Antonina', 'Juliet', 'Carline', 'Dione', 'Lisbeth', 'Miguel', 'Jacquelynn', 'Alfredo', 'Selena', 'Roxanne', 'Hanna', 'Loan', 'Kate']
['Clifton', 'Xavier', 'Gerardo', 'Flavia', 'Glenna', 'Chas', 'Mack', 'Neal', 'Harris', 'Lala', 'Iliana', 'Temika', 'Tobi', 'Hilda', 'Elyse', 'Randi', 'Elaine', 'Elsa', 'Valeria', 'Elaina']
['Sharlene', 'Cortney', 'Whitney', 'Loura', 'Marquis', 'Eufemia', 'Kara', 'Soledad', 'Ila', 'Mallie', 'Candance', 'Lashandra', 'Neva', 'Patricia', 'Elizebeth', 'Wilford', 'Zachariah', 'Lelah', 'Tim']
['Saul', 'Tina', 'Stanley', 'Jesus', 'Marion', 'Freddie', 'June', 'Vincenzo', 'Chrissy', 'Cammie', 'Graham', 'Tanesha', 'Clay', 'Sybil', 'Otha', 'Lucretia']
['Yevette', 'Darnell', 'Princess', 'Mariette', 'Lola', 'Griselda', 'Kelly', 'Imogene', 'Nadia', 'Oswaldo', 'Florencio', 'Hortense', 'Lucia', 'Dagmar', 'Hershel', 'Tameika', 'Edmundo', 'Jerrell']
['Clarence', 'Elena', 'Ema', 'Porter', 'Chang', 'Hayden', 'Riley', 'Gerard', 'Emanuel', 'Yer', 'Hye', 'Vance', 'Suzi', 'Anya', 'Janyce', 'Demetrice', 'Delois', 'Wilburn', 'Dinah', 'Willa']
['Carson', 'Hilario', 'Carmon', 'Beverley', 'Savanna', 'Jamila', 'Jeniffer', 'Danilo', 'Irene', 'Majorie', 'Lula', 'Jamaal', 'Janiece', 'Verna', 'Genevive', 'Guillermina', 'Delmy', 'Tyesha', 'Karmen', 'Tamica']
['Pinkie', 'Alexa', 'Lashay', 'Fanny', 'Sheldon', 'Hui', 'Latoya', 'Leontine', 'Osvaldo', 'Elenora', 'Loren', 'Leonard', 'Stanford', 'Jeanette', 'Milissa', 'Pa', 'Maria', 'Antoine', 'Jaclyn', 'Madie']
['Chan', 'Millicent', 'Lamonica', 'Michaela', 'Alec', 'Rheba', 'Deedee', 'Heath', 'Dave', 'Samara', 'Precious', 'Paul', 'Dorathy', 'Sung', 'Loma', 'Branden', 'Van', 'Rhiannon', 'Idell', 'Enriqueta']
['Louella', 'Kimbra', 'Genesis', 'Maurine', 'Faye', 'Jodi', 'Jenae', 'Mazie', 'Kymberly', 'Noe']
['Zena', 'Inga', 'Pearlie', 'Jay', 'Sharan', 'Nathalie', 'Deirdre', 'Tammi', 'Tyisha', 'Brendon', 'Allena', 'Oma', 'Shayna', 'Bryan', 'Pamila', 'Tricia', 'Brain', 'Sheena', 'Cherryl']
['Marci', 'Jami', 'German', 'Hassan', 'Nieves', 'Leilani', 'Lauren', 'Marilynn', 'Logan', 'Verona', 'Kiara', 'Vania', 'Gladys', 'Marvel', 'Lisette', 'Emelia']
['Marquitta', 'Terry', 'Frederic', 'Kirstin', 'Junior', 'Jae', 'Christiane', 'Shaun', 'Marcos', 'Anabel', 'Randall', 'Daron', 'Thea', 'Noreen', 'Penelope', 'Alonzo', 'Maximo', 'Jorge', 'Jerica', 'Ute']
['Tressa', 'Dong', 'Charisse', 'Alvera', 'Raleigh', 'Honey', 'Tracie', 'Marcella', 'Hillary', 'Debora', 'Oscar', 'Miranda', 'Nohemi', 'Hobert', 'Juliette', 'Krystle', 'Tena', 'Martha', 'Danna', 'Jannie']
['Martin', 'Elvia', 'Dean', 'Jennefer', 'Lillia', 'Charlene', 'Thalia', 'Lois', 'Deloras', 'Genie', 'Courtney', 'Clementine', 'Liane', 'Donna', 'Dayna', 'Kathi', 'Era', 'Lela']
