['17', '346', '630', '964']
['847', '890', '953']
['145', '982']
['224']
['312', '641']
['929', '983']
['745']
['318']
['143', '253']
['96', '917']
['252', '413', '830']
['530', '725', '755']
['19']
['928']
['753']
['256', '300']
['313']
['365', '757']
['329', '669']
['477']
['614', '617']
['38', '215', '705']
['372']
['322']
['305', '720']
['460']
['853']
['384']
['197']
['756']
['0']
['139', '870']
['26', '548']
['42', '710', '861']
['431']
['421', '776', '850', '868', '933']
['52']
['442']
['11', '482', '507', '800']
['743', '992']
['550']
['44', '455']
['105', '551', '854', '886']
['700']
['27', '851', '875', '935']
['567']
['362', '589']
['21', '28', '742']
['219']
['332', '474']
['673', '751']
['262', '633', '679']
['172']
['281']
['13', '330']
['500', '562', '826']
['770']
['624', '947']
['53']
['910']
['948']
['86', '363', '445']
['484', '642']
['907']
['24', '240']
['590', '719']
['265', '714']
['766']
['32', '120', '214', '453']
['995']
['266', '708', '715']
['248']
['186', '435', '943']
['464']
['398', '599']
['470', '816']
['980']
['102', '578', '657']
['191', '422', '540']
['278']
['648', '896']
['968']
['408']
['558']
['466']
['234']
['142']
['973']
['383']
['497']
['90', '225', '420']
['173', '533', '841']
['977']
['67', '148', '351', '449', '591', '644', '678', '856']
['936']
['571']
['103']
['390', '519']
['61']
['488', '604', '685', '724']
['33', '112', '236', '243', '549', '819']
['16']
['428', '626', '795']
['531', '797']
['327', '356']
['584']
['76', '133', '879']
['83']
['492', '628']
['12', '261', '674', '803', '919']
['306', '350', '565']
['9', '221', '292', '961']
['35', '596']
['481']
['863']
['361', '735', '794']
['616']
['352']
['985']
['31']
['924']
['353']
['212', '575']
['123', '487']
['296']
['272']
['174']
['393']
['546']
['493', '693', '835']
['68', '623', '722']
['711', '963']
['570', '979']
['232']
['354']
['885', '990']
['712']
['618']
['545']
['419']
['607']
['130', '169']
['58', '702', '926']
['69', '286', '553', '837']
['260', '280']
['216', '801']
['75', '836']
['468', '827']
['180', '269', '542']
['132']
['741', '773', '799']
['80', '343']
['414']
['91', '153']
['733']
['73', '524', '577', '608']
['615']
['559', '665', '738', '889']
['339', '904']
['110']
['189', '508', '939']
['930']
['499']
['347', '612']
['128', '213']
['625']
['81', '374']
['85', '459']
['317', '833', '859']
['166', '310']
['29']
['208']
['138']
['381']
['77', '147', '379', '486', '518', '842', '956']
['366', '407', '638', '726']
['820']
['391']
['504']
['658']
['144', '218', '228', '237', '525']
['543']
['20', '554']
['462', '541']
['568']
['701']
['325']
['620', '852']
['941']
['45', '70', '397', '416', '792']
['514']
['273', '680', '809', '891']
['87', '245', '539', '858', '860', '997']
['238']
['116', '267', '709']
['857']
['394']
['483', '866']
['198', '848']
['782']
['196', '704']
['635', '821']
['670']
['271']
['476', '528', '650']
['146', '239', '611']
['55']
['447']
['832']
['396']
['151', '572', '789']
['380']
['1', '734', '828']
['233', '288', '839']
['36', '247', '360', '580']
['373']
['452', '463']
['639']
['706']
['950']
['30', '916']
['727']
['927']
['39', '906']
['257', '784']
['168', '703']
['41', '825', '905', '925']
['511']
['126', '162', '264', '791']
['432', '681', '759']
['254', '454']
['23', '479', '649', '898']
['194', '595', '838', '944', '960']
['959', '989']
['155', '227']
['446', '713', '951']
['92', '395', '660']
['971']
['22', '315', '659', '758']
['718']
['475', '661']
['57', '244', '645']
['370', '814']
['114', '131', '387']
['729']
['535']
['399', '574', '634', '737', '976']
['25', '513']
['10', '334']
['984']
['425']
['167', '556']
['104', '229']
['527']
['223', '304', '443', '768']
['302', '403']
['18', '672']
['37', '547', '862']
['605']
['15', '258', '465']
['602']
['259', '440', '769']
['289', '417', '774']
['457']
['739']
['160', '666', '987']
['118']
['333']
['358', '646', '752']
['958']
['404']
['335', '448']
['190', '537', '592', '717', '746', '763']
['56', '93', '389', '427', '824']
['439']
['60', '873', '952']
['775', '937']
['34']
['675', '894']
['970']
['137', '472', '621', '869']
['510', '668']
['100', '298']
['287', '523', '893', '908']
['495']
['175', '285', '823']
['127', '293', '319', '780']
['344']
['136', '217', '371', '697', '790']
['140']
['986']
['109', '309']
['521', '536', '597', '975']
['82']
['231', '451']
['473', '581']
['14']
['765']
['586', '594']
['154', '392', '434', '441']
['199', '402', '601', '957']
['303', '806']
['121']
['181', '698']
['99']
['299']
['101']
['62', '249', '438', '587', '777', '855']
['204', '274', '761']
['341']
['342']
['748']
['663']
['981']
['405', '945']
['241']
['320', '426', '576']
['122', '994']
['632', '747', '913']
['631']
['72']
['915']
['636']
['84', '98']
['111', '509', '965']
['182']
['106', '652']
['785', '788']
['226']
['843']
['699', '932']
['736', '969']
['686', '988']
['156', '563']
['382', '813']
['461', '723', '877']
['336', '812', '867', '972']
['97', '692', '918', '954']
['903']
['323']
['367', '764']
['113']
['340', '480', '682']
['135', '324', '582', '840']
['202']
['787']
['529', '544']
['316', '962', '993']
['610']
['2', '865', '897', '938']
['494', '637', '872']
['295', '337', '338', '520', '564', '796']
['165']
['619', '901']
['283', '583']
['188']
['6', '89', '270']
['609']
['251', '503']
['388']
['163']
['485']
['749']
['369']
['458', '688']
['59', '436']
['192', '779', '798', '921', '996']
['450', '942']
['888', '895']
['193', '290']
['46']
['307', '716']
['871']
['831']
['489', '538', '640', '880', '899']
['883']
['54', '561', '892']
['48']
['999']
['377', '517']
['230', '279', '849', '949']
['767']
['653', '781', '955']
['328', '731']
['998']
['210', '235', '532']
['40', '71', '78', '754', '805', '946']
['164', '301', '456', '491']
['321', '654']
['331', '683']
['478']
['107', '522']
['176', '429', '655', '845']
['171']
['598', '721', '834']
['400', '622']
['566', '966']
['7', '934']
['357']
['864', '914']
['43', '206']
['150', '355']
['275']
['47', '424', '818']
['656']
['690']
['467']
['430', '664']
['179', '534']
['203', '783', '902']
['689']
['158']
['177', '375', '490', '579']
['401']
['978']
['74', '728']
['152', '326']
['159', '627']
['345']
['65']
['195']
['64']
['437']
['282', '506', '606', '771']
['498']
['411', '557']
['687', '967']
['200', '573']
['846']
['268', '887']
['79', '297']
['516', '600', '647']
['50', '406', '515']
['348']
['263', '695']
['732', '778', '878']
['134', '815']
['94', '662', '707', '810']
['242', '804']
['184', '808', '923']
['63', '593', '829']
['811', '882', '909']
['940']
['284', '501', '677']
['423', '444', '974']
['187']
['552', '881']
['4', '117', '349', '433']
['696']
['108']
['603']
['211', '911']
['308', '822']
['125', '378', '471', '762']
['115', '922']
['95', '912']
['149', '469']
['49', '294', '364']
['526', '786']
['409']
['3', '512', '676', '684']
['817']
['209', '291', '386']
['750']
['201', '205', '772']
['124', '255', '931']
['129', '651']
['555']
['276', '730']
['569']
['119']
['385']
['629']
['51', '418', '807']
['250']
['876']
['311']
['920']
['178', '410', '415', '496', '613', '900']
['844']
['8', '207', '314', '667']
['220', '744']
['161', '246', '359', '740']
['183']
['277']
['5', '560']
['88', '991']
['66', '368', '793']
['141', '376', '643', '671', '691']
['157']
['170', '588']
['802']
['222', '585']
['185']
['760', '874']
['884']
['694']
['505']
['412']
['502']
