['443', '603']
['11', '84', '101', '120', '402', '536', '756', '757', '758', '795', '815', '829', '861', '890', '961', '973']
['99', '165', '199', '200', '317', '373', '388', '424', '521', '526', '739', '827', '860', '984']
['3', '60', '329', '546', '962']
['456', '505', '772', '998']
['29', '30', '139', '164', '197', '265', '352', '466', '558', '559', '779', '885', '991']
['1', '41', '51', '54', '97', '108', '169', '170', '171', '252', '427', '547', '560', '611', '641', '666', '848']
['45', '46', '47', '162', '163', '206', '222', '242', '411', '435', '482', '618', '653', '670', '671', '759', '791']
['5', '168', '254', '318', '372', '506', '927']
['73', '81', '82', '338', '731']
['104', '191', '339', '369', '404', '410', '624']
['71', '72', '234', '260', '377', '468', '490', '574', '615', '654', '692', '837', '889']
['37', '91', '92', '144', '145', '190', '218', '398', '462', '519', '520', '635', '803', '847', '886', '916', '979']
['16', '31', '32', '39', '247', '253', '316', '363', '389', '415', '632', '663', '677', '790', '846', '966', '988']
['49', '53', '62', '112', '128', '192', '309', '330', '331', '351', '406', '407', '472', '477', '478', '566', '575', '576', '577', '582', '595', '661', '678', '684', '688', '689', '724', '782', '816', '818', '843', '844', '868', '923', '924']
['67', '481', '614']
['310', '457', '604', '605', '870', '982']
['6', '7', '33', '52', '93', '94', '105', '111', '194', '209', '215', '216', '217', '224', '276', '281', '282', '286', '430', '442', '485', '550', '606', '638', '639', '714', '715', '753', '783', '797', '833', '834', '835', '876', '878', '879', '905', '956', '983']
['143', '223', '786']
['117', '423', '460', '894']
['35', '285', '353', '662', '812', '925']
['2', '86', '98', '158', '386', '674', '855', '899', '917', '943']
['129', '302', '599', '648', '752', '850']
['146', '235', '290', '291', '414', '511', '594', '601', '636', '698', '761', '799', '831', '918']
['27', '138', '229', '298', '299', '475', '640', '669', '685', '706', '764', '776', '902', '945']
['14', '40', '136', '151', '173', '174', '221', '243', '244', '273', '379', '469', '572', '585', '637', '740', '771', '777']
['110', '205', '361', '365', '569', '867', '871', '931', '932', '967']
['452', '501', '502', '503', '510', '541', '556', '570', '609', '610', '619', '631', '672', '686', '744', '745', '841']
['195', '255', '256', '292', '557', '628', '652', '939', '940']
['13', '266', '333', '408', '445', '496', '591', '592', '627', '728', '859', '950', '958']
['127', '201', '428', '770', '828', '911', '912', '953', '992']
['9', '17', '25', '26', '58', '78', '141', '142', '214', '236', '283', '392', '403', '529', '530', '581', '691', '793', '805', '853', '866', '909', '929', '930', '944', '978', '993', '995']
['116', '539', '707', '839', '935']
['4', '43', '85', '123', '137', '153', '348', '349', '355', '459', '493', '578', '579', '590', '597', '616', '629', '668', '694', '732', '814', '875', '888', '897', '954']
['34', '80', '336', '436', '494', '586', '675']
['177', '598', '642', '720']
['36', '87', '788', '789']
['12', '532', '533', '561', '593', '643', '649', '650', '722', '729', '741', '910', '949', '996', '997']
['602', '660', '676']
['10', '188', '366', '461', '552', '664', '742', '785', '821', '877', '895']
['303', '397', '491', '492']
['555']
['269', '898', '989']
['44', '175', '176', '270', '280', '297', '447', '448', '449', '450', '451', '562', '565', '656', '695', '702', '716', '811', '813', '937', '941', '980']
['38', '323', '528', '548', '952']
['19', '20', '21', '135', '258', '358', '390', '455', '507', '554', '634', '644', '746', '747', '762']
['24', '59', '186', '238', '367', '368', '370', '429', '580', '778', '787', '808', '864']
['74', '183', '207', '208', '334', '464', '498', '667', '836', '901', '970']
['134', '149', '231', '623', '657', '709', '710', '908', '926']
['8', '119', '150', '178', '319', '344', '488', '489', '517', '518', '857']
['63', '198', '364', '800']
['212', '499', '500']
['148', '237', '251', '314', '346', '347', '484', '537', '583', '584', '617', '679', '701', '960']
['211', '332', '545', '573', '681', '942']
['321', '994']
['159', '335', '453', '497', '725', '809', '883']
['0', '61', '125', '179', '180', '228', '277', '304', '354', '382', '383', '522', '613', '849', '856', '858', '919', '999']
['341', '409', '413', '651', '751', '825', '872']
['118', '166', '473', '700', '990']
['69', '70', '250', '840', '938', '946', '947']
['181', '396', '687', '862']
['155', '156', '203', '204', '395', '755', '900', '904']
['103', '248', '315', '399', '633', '655', '718', '774', '823', '824', '896']
['219', '287', '294', '311', '312', '504', '625', '697', '733', '865', '957']
['95', '96', '107', '182', '189', '213', '239', '267', '268', '337', '345', '417', '422', '476', '512', '596', '621', '622', '680', '683', '704', '749', '765', '794', '817', '881', '882', '907', '963', '964']
['28', '42', '65', '147', '259', '274', '626', '690', '851']
['161']
['775', '974']
['225']
['376', '804', '922']
['154', '542', '543', '544', '567', '936']
['928']
['50', '64', '152', '230', '232', '272', '300', '356', '357', '380', '420', '444', '458', '495', '571', '708', '717', '784', '845', '854', '985']
['160', '240', '327', '385', '433', '531', '819']
['328', '480', '540', '976', '981']
['551', '798']
['313', '538', '620', '682', '801', '915', '948']
['76', '77', '102', '121', '130', '131', '172', '193', '196', '246', '301', '371', '378', '405', '563', '646', '713', '721', '750', '763', '781', '796', '830', '838', '914', '920', '951']
['15', '89', '227', '263', '471', '564', '600', '703', '760', '842', '955', '971']
['48', '167', '202', '226', '324', '325', '326', '350', '384', '665']
['187', '342', '437', '607', '608', '748', '802', '863']
['56', '57', '79', '362', '474', '483', '508', '524', '587', '693', '735', '773', '780', '873', '874', '906']
['23', '75', '249', '284', '381', '416', '515', '549', '647', '767', '768', '977']
['66', '132', '487', '588', '589', '792', '806', '807', '959', '965', '975', '986']
['22', '68', '90', '113', '122', '322', '343', '394', '418', '419', '441', '568', '723', '893', '933', '972']
['18', '133', '220', '293', '296', '360', '434', '479', '534', '535', '891']
['374', '401', '463', '509', '705', '822', '887', '934']
['210', '264', '486', '734', '832']
['55', '306', '391', '673']
['307', '308', '387', '826']
['114', '375', '421', '514', '699', '913']
['438', '439', '440']
['233', '340', '465', '467', '513', '527', '766', '969']
['100', '115', '124', '140', '241', '245', '261', '279', '288', '289', '432', '446', '712', '754']
['126', '185', '271', '278', '523', '727', '730', '769', '869', '903']
['83', '88', '109', '184', '257', '262', '275', '320', '393', '412', '425', '426', '431', '470', '516', '525', '630', '658', '659', '696', '711', '719', '736', '737', '738', '852', '921', '968']
['305', '359', '400', '820']
['645', '726', '892', '987']
['106', '553', '743', '880']
['157', '295', '454', '612', '810', '884']
