['42', '43', '87', '125', '126', '127', '128', '180', '184', '185', '186', '187', '189', '190', '191', '192', '196', '197', '539']
['334', '335', '355', '389', '549', '641', '910', '911', '920', '923', '930', '931', '932', '933', '934', '937', '938']
['35', '132', '403', '482', '521', '522', '631', '635', '904']
['23', '24', '80', '82', '83', '84', '85', '86', '88', '90', '93', '242', '243', '244', '278', '412', '428', '473', '546', '814']
['28', '148', '303', '304', '305', '677', '678', '753', '865', '961']
['12', '13', '14', '276', '279', '338', '435', '447', '498', '531', '532', '596', '633', '634', '803', '804', '837', '838', '921', '922', '957', '958']
['193', '431', '432', '433', '590', '781', '832', '863', '864', '901', '902', '903', '960', '965', '966', '968', '971', '972', '974', '976', '977']
['67', '68', '69', '171', '306', '307', '331', '506', '507', '508', '509', '585', '588', '589', '658', '659', '723', '724', '725', '768', '888', '889']
['18', '108', '320', '321', '322', '323', '325', '327', '330', '339', '597', '854', '855', '856', '925', '926', '940', '944', '946', '947', '948', '949']
['55', '65', '66', '138', '160', '165', '168', '169', '170', '172', '173', '175', '179', '483', '484', '591', '754', '755', '756', '887', '963', '964']
['120', '121', '122', '123', '124', '135', '139', '401', '800', '801', '802', '809', '810', '811', '812', '813', '820', '821', '822', '825', '826', '830']
['358', '418', '419', '500', '501', '512', '513', '516', '517', '519', '556', '557', '760', '761', '762', '764', '765', '766', '767', '773', '775', '951']
['7', '33', '34', '62', '153', '154', '155', '194', '195', '460', '461', '466', '469', '477', '479', '487', '490', '790', '791', '883', '884', '885']
['0', '4', '5', '6', '15', '16', '222', '223', '234', '360', '363', '364', '365', '366', '367', '371', '372', '518', '733', '734', '986']
['251', '253', '265', '266', '267', '309', '373', '374', '543', '544', '601']
['63', '64', '100', '101', '102', '103', '104', '105', '106', '107', '109', '116', '119', '198', '199', '657', '672', '805']
['27', '200', '201', '206', '207', '215', '218', '529', '530', '620', '624', '625', '627', '628', '629', '630', '638', '712', '979']
['260', '269', '271', '272', '273', '274', '275', '277', '336', '564', '600', '608', '609', '611', '612', '613', '673', '674', '815', '816', '927', '928']
['22', '136', '137', '352', '353', '354', '540', '541', '542', '545', '554', '558', '559', '593', '594', '833', '874', '996']
['146', '147', '258', '289', '290', '291', '402', '429', '430', '607', '632', '880', '881', '882', '886', '890', '894', '895', '896', '897', '969', '970']
['380', '384', '391', '392', '394', '395', '560', '561', '562', '563', '565', '566', '569', '575', '577', '578', '579', '581', '582', '583', '599']
['40', '47', '48', '49', '50', '72', '73', '75', '76', '464', '661', '689', '690', '776', '777', '780', '782', '783', '784', '797', '990']
['89', '91', '202', '203', '551', '552', '553', '688', '831', '840', '848', '849', '850', '851', '852', '853', '859']
['255', '256', '257', '300', '308', '311', '312', '313', '314', '332', '333', '370', '603', '604', '605', '667', '914']
['78', '437', '488', '489', '504', '505', '651', '684', '792', '793', '823', '866', '867', '868', '982', '983', '984', '985']
['245', '480', '481', '485', '486', '496', '499', '510', '511', '639', '715', '716', '717', '799', '824']
['44', '45', '46', '52', '53', '296', '411', '465', '527', '528', '580', '587', '592', '598', '741', '758', '759', '770', '929', '997', '998']
['3', '110', '216', '217', '337', '378', '494', '495', '610', '692', '693', '694', '841', '842', '843', '870', '871', '913', '935']
['111', '112', '113', '114', '115', '117', '118', '174', '178', '188', '379', '602', '614', '615', '616', '695', '731', '975', '978', '991', '992']
['2', '8', '9', '10', '140', '141', '142', '143', '149', '150', '151', '152', '159', '462', '463', '619', '907']
['97', '219', '270', '361', '362', '390', '405', '406', '407', '436', '626', '640', '642', '643', '654', '655', '656', '993', '994']
['387', '388', '470', '525', '526', '660', '664', '665', '668', '669', '670', '671', '675', '676', '679', '685', '686', '687', '899', '941', '959']
['92', '212', '213', '292', '514', '515', '567', '574', '617', '618', '708', '713', '714', '827', '878', '879', '891']
['1', '81', '99', '144', '145', '458', '467', '468', '711', '720', '722', '727', '728', '729', '730', '732', '736', '737', '808', '828', '829', '945']
['98', '162', '163', '164', '166', '167', '263', '264', '381', '382', '383', '410', '434', '497', '726', '794', '795', '796']
['393', '396', '397', '400', '404', '408', '409', '414', '415', '416', '417', '576', '636', '637', '702', '703', '750', '778', '873', '939']
['17', '59', '204', '205', '520', '523', '524', '535', '537', '538']
['54', '129', '133', '134', '156', '157', '158', '326', '453', '454', '455', '570', '844', '845', '846', '924']
['20', '21', '25', '32', '37', '38', '39', '221', '240', '241', '249', '250', '252', '259', '356', '357', '475', '476']
['41', '70', '301', '302', '318', '319', '385', '386', '491', '492', '493', '622', '623', '680', '682', '683', '696', '698', '699', '738', '739', '872']
['283', '284', '346', '420', '424', '425', '426', '427', '439', '555', '606', '644', '645', '646', '647', '769', '786', '787', '788', '789', '950']
['30', '31', '58', '60', '61', '71', '77', '79', '130', '131', '224', '225', '254', '571', '572', '573', '721', '745', '746', '869', '942', '943']
['94', '95', '96', '176', '177', '440', '441', '445', '446', '448', '449', '451', '452', '456', '459', '533', '534', '547', '548', '798', '847', '956']
['161', '246', '247', '248', '280', '281', '282', '285', '286', '287', '288', '293', '294', '295', '298', '299', '662', '663', '666', '839', '892', '893']
['208', '209', '210', '211', '340', '341', '342', '347', '348', '349', '350', '351', '359', '502', '503', '704', '705', '771', '772', '967']
['11', '181', '182', '183', '343', '344', '345', '375', '376', '377', '421', '450', '478', '735', '817', '818', '819', '836', '857', '858', '962', '989']
['26', '56', '57', '238', '239', '442', '443', '444', '586', '747', '779', '785', '898', '908', '973']
['226', '227', '228', '297', '457', '474', '700', '701', '706', '718', '719', '740', '742', '743', '744', '748', '749', '751', '752']
['74', '268', '310', '324', '550', '595', '681', '709', '710', '774', '980', '981', '987', '988', '995', '999']
['233', '261', '262', '422', '423', '621', '648', '649', '650', '652', '653', '691', '860', '861', '862', '875', '876', '877']
['19', '29', '51', '315', '316', '317', '398', '399', '834', '835', '900', '905', '906', '909', '912', '915', '916', '917', '918', '919']
['220', '229', '230', '231', '232', '235', '236', '237', '328', '329', '763', '806', '807', '936', '952', '953', '954', '955']
['36', '214', '368', '369', '413', '438', '471', '472', '536', '568', '584', '697', '707', '757']
