['31', '83', '145', '164', '165', '166']
['15', '110', '451', '455', '456']
['114', '116', '120', '207', '208', '209']
['18', '45', '383']
['158', '179', '180', '439', '440', '441']
['186', '187', '301', '302', '306', '309']
['154', '155', '249']
['144', '328', '329', '492']
['98', '175', '236', '237', '471']
['111', '124', '253', '264', '265', '325']
['100', '314', '315', '316']
['251', '252', '257', '258', '259', '283']
['115', '174', '232', '464', '465', '466']
['176', '181', '182', '184', '185']
['94', '380', '394', '410', '411', '413']
['178', '189', '190', '191', '247', '372']
['289', '313', '352', '359']
['99', '149', '172', '221', '343', '367']
['96', '128', '140', '141', '196']
['350', '400', '436', '437', '438']
['193', '269', '458']
['53', '65', '66', '117', '403', '415']
['40', '41', '272', '331', '369', '443']
['8', '378', '390', '391']
['151', '156', '157', '159', '160']
['20', '167', '268', '497']
['282', '285', '286', '287', '288']
['23', '101', '104', '105', '106', '425']
['69', '202', '206', '452', '496']
['423', '462', '478', '479', '489', '491']
['146', '446', '461']
['201', '203', '204', '205']
['212', '213', '219', '224']
['1', '2', '6', '46', '256']
['122', '199', '218', '299', '468']
['0', '27', '34', '169', '308', '495']
['136', '137', '138', '147', '311', '312']
['43', '49', '375', '376']
['67', '89', '91', '123', '467', '494']
['126', '132', '227', '231', '233', '234']
['195', '271', '404', '405']
['392']
['57', '58', '59', '60', '61', '255']
['77', '81', '82', '84', '85', '319']
['21', '254']
['129', '130', '139', '197', '246', '389']
['55', '235', '238', '490']
['245', '278', '279', '290', '291', '498']
['5', '143', '168', '171', '453']
['17', '368', '382', '385', '386', '388']
['54', '64', '118', '363', '422']
['19', '95', '163', '248', '320', '323']
['131', '374', '395', '417', '450']
['47', '170', '457', '459', '460', '463']
['214', '215', '216', '295', '371', '424']
['51', '52', '56', '266', '347', '420']
['92', '260', '262', '263', '473']
['26', '32', '75', '93', '150', '230']
['71', '102', '107', '108', '109', '200']
['303', '379', '448']
['148', '280', '294', '445']
['42', '220', '364', '365', '366']
['44', '62', '63', '73', '74', '223']
['226', '228', '239', '240', '241', '399']
['188', '192', '222', '274']
['28', '29', '30', '112', '113', '296']
['398']
['97', '339', '340', '341', '346', '419']
['11', '12', '121', '317', '373', '412']
['7', '9', '10', '13', '396', '421']
['70', '345', '433']
['35', '36', '38', '229', '454']
['293', '300', '358', '361', '362']
['270', '351', '353', '356', '357', '360']
['72', '86', '142', '244', '469', '483']
['332', '334', '335', '336', '337', '338']
['39', '87', '88', '125', '444']
['326', '327', '330']
['292', '342', '401', '418', '475']
['281', '284', '354', '355', '370', '477']
['297', '377', '381', '384', '397']
['50', '68', '324', '442', '499']
['476', '481', '482', '484']
['127', '133', '134', '135', '304', '305']
['24', '273', '387', '393']
['80', '348', '349', '470', '485', '488']
['37', '103', '153', '275']
['402', '406', '407', '408', '409', '447']
['183', '344', '449', '480']
['194', '198', '243', '261']
['76', '78', '79', '90', '250']
['426', '427', '428', '429', '430', '431']
['3', '4', '14', '16', '276', '277']
['48', '242', '298', '307', '310', '321']
['33', '152', '177', '225', '267']
['119', '161', '162', '333', '472']
['25', '210', '211', '414', '416']
['217', '318', '322', '474']
['22', '173', '486', '487']
['432', '434', '435', '493']
