['AFLVP', 'PIXGL', 'ZPUTG', 'IKFPP']
['XFRMF', 'EJKLM', 'OIYAY', 'UCVHS', 'JVARE', 'MRGXW', 'BIQKP', 'SLYLT']
['ZHZLM', 'URNVQ', 'XKMLB', 'DHAFL', 'VJJKH', 'ALTMO', 'RDXHX', 'RXRJO', 'PJJQQ', 'IDTSI']
['DJOSK', 'DVUIP', 'IPTKZ', 'XGWLK', 'FKAKX']
['VNZJW', 'ZRCYK', 'OCVZJ', 'MVZNG', 'IOZKJ', 'JSKRL', 'JTEVI', 'TFELX', 'TTZZN']
['FIKTU', 'TMSPN', 'WPOTQ', 'HCEKV', 'SBFIP', 'XBZEA', 'TVJPS', 'BBYJW', 'IQDRU', 'SLRBD']
['YXMTZ', 'YZJZD', 'IBOYJ', 'AQEFX', 'JEZTJ', 'LZYGC']
['KRFIS', 'MGNDB', 'HASZF', 'ZEUMQ', 'JJSQB', 'EDCKZ', 'EKUZU', 'KANFJ', 'KIRNS', 'ACXRZ']
['MPTBE', 'AGTLF', 'ROTKO', 'PTXVH', 'BSNVX', 'NAGRG', 'OIPOS', 'WMXHF', 'JAUNJ', 'SGPBM']
['JKSWY', 'GVPBI', 'VVENW', 'IGFGL', 'UUIHY', 'TPSBD', 'LXHXJ', 'PSJHT', 'WHGJY', 'KIXMT']
['EEXMY', 'VWYCA', 'FXYDQ', 'OKQWW', 'GWTMT', 'SYEVT', 'MUDCM', 'IRTQX', 'SZIGJ', 'OQGTF']
['FBMKB', 'CLBDL', 'ADQWV', 'BKWGR', 'BHEJD', 'XFOHV', 'LVCWP', 'KWDAI', 'WAJXO']
['OWZHW', 'XVWBM', 'HERYQ', 'VZJDI', 'IZZBY', 'WMWQB', 'NJJSC', 'AXFPT', 'PKGDQ']
['QEWBB', 'CDSME', 'NMKQJ', 'DDPKV', 'PKRIG', 'USTLW', 'KQLOM', 'BYXGP', 'MUCEL']
['ESWGL', 'PVDZJ', 'WAFAF', 'BEBMO', 'GNMBM', 'DYLWU', 'HNGPN', 'DIVHU', 'HPLUB', 'GRYRL']
['YCNAD', 'CKCFC', 'PFWIA', 'TZXMJ', 'MKPWN', 'SKAHW', 'ZKFWC', 'SYHQM', 'QRFWZ', 'ADXGC']
['AJCRR', 'KDFTP', 'CVNTZ', 'IJPFG', 'FJQPC', 'RGOCU', 'HQJWD']
['ZMKKB', 'ZPNLU', 'VZADQ', 'ZDTLT', 'TNXMJ', 'TRCAB', 'WYGPN', 'NOEYF', 'MAEEM', 'CGIVE']
['SENMT', 'OLZGU', 'SABFK', 'KXCEZ', 'QDBXO', 'BALCF', 'ASLYL', 'LMQCE', 'CUSMN', 'ZCJUL']
['WKNMS', 'KSGLM', 'WZYCN', 'CFQXR', 'EJQMA', 'IAODO', 'CPCYX', 'FGXFT', 'TLWMU', 'AGLPL']
['CUQPQ', 'GVWKK', 'GXAHJ', 'PQALR', 'IXPFI', 'QOEXD', 'YXUSW', 'WZWVE', 'ZHGIM', 'BKBYK']
['MYEHL', 'AXSMW', 'YZUCZ', 'WKWYN', 'VQVIM', 'GEZUX']
['XCINV', 'XUSYT', 'FKSEU']
['TTVJB', 'ITYOV', 'RXCNM', 'PDPOJ', 'ZFASL', 'DEPUQ', 'MBPCZ', 'EBVJB']
['PQDFR', 'DPXMT', 'HWMIS', 'KMCRH', 'HJSEX', 'LFJIK']
['EJYCG', 'WMFHO', 'VLIUC', 'LQEXY']
['DCTHN', 'YHNYF', 'POUVH', 'JDSJE', 'AUFZQ', 'URTRV', 'NBVQA', 'YDIPB', 'BSAQI']
['RDVRA', 'TZZXP', 'LORDZ', 'QIAYT', 'VRWNN', 'AQVEK', 'UAIKK']
['BSTWJ', 'OFZAA', 'DQAJW', 'PZPJL', 'RWJSY', 'DETQL', 'PRWEF', 'ZLPHK', 'LROLT', 'HYBJW']
['EKGXM', 'SYBVG', 'RRNZT', 'OOHGE', 'PRMXU', 'AFIDT', 'NNWNA', 'PCYSH', 'GQTGE', 'OXPUU']
['MWVEY', 'TMNVY', 'LXDSQ', 'NNYKG', 'ERXLX', 'LROHM', 'SDRNM', 'VGAKU', 'WZJCH']
['EMESV', 'UIJMD', 'RBUCG', 'SFQXZ', 'PXXAO', 'GLSCM']
['FWNUC', 'AESTR', 'DPANJ', 'ZVDQY', 'BYPBT', 'NBQUY', 'FDJHA', 'SSAIB', 'ADVXJ']
['UKWYH', 'TOYKG', 'DNPGF', 'YOQLK']
['BMUNA', 'ZZQMC', 'QNVVO', 'IMFLK', 'LVBCL', 'NAZXF', 'DSOMP', 'CTDMQ', 'ARCRA', 'IUZPB']
['RNREF', 'ZAHDX', 'HHZNP', 'LETWR', 'VSTRH', 'QJHDL', 'OQYLK', 'STCNL', 'VYTDI', 'QEPZL']
['MSKGV', 'CKTYP', 'NWBYQ', 'UGIAC', 'LCQQT', 'CLSGV', 'FBFHM']
['PPZVJ', 'ITKNZ', 'OEVYP', 'MNTLT', 'NMIZY', 'TSVUU']
['JMXRQ', 'KLVPU', 'CHIPP', 'XFPAP']
['AAHFV', 'AAYOF', 'POCBR', 'TDBXF', 'QDIGG', 'UTAKW', 'PJBJE', 'EKMGX', 'UWXPJ', 'BNGOH']
['PBOJE', 'GHUZZ', 'RIMEB', 'TOHAQ', 'UTEJK', 'VKUJZ', 'YMFZM', 'VDQOF']
['YCMON', 'FJASK', 'CIGRV', 'TWGJJ', 'CMBKG']
['KZPMV', 'KEBOC', 'MREZF', 'TRQKE', 'GNZHM', 'JCPLD', 'XSUVN', 'MMKNM']
['FYCXB', 'LFXPB', 'TZIEO', 'EADWV', 'WFPEG', 'VIDXZ']
['CRCFC', 'CGMNL', 'KEWYM', 'KUZEM', 'EXEPM']
['XACAU', 'ADVTN', 'LQFAQ', 'QXJTO']
['VGQJA', 'RLEOV', 'FDUJJ', 'PELAC', 'DCEYP', 'KGFLO', 'KMQJE', 'ETCUM', 'XOBKS', 'WWAGV']
['XPXLN', 'MOEQL', 'DETHN', 'REMHH', 'CXNLK', 'AORUP', 'MLWTR', 'ULVKK', 'BKQWX', 'GBGJW']
['YKOWK', 'OKSAB', 'YPEOA']
['VISVG', 'GFVKF', 'BMHHU', 'POWIF', 'ICVCV', 'ECBOS', 'WRUCU']
['JGQTB', 'UAKQE', 'JYTNS', 'UELNU', 'LDPSY', 'GVESY', 'XEBMW', 'XICJJ', 'CJUYF', 'UNLNF']
['ETKEV', 'YEGYY', 'SIAVE', 'MCDZG', 'AZKKU']
['RTMTX', 'WDXGL', 'TMTHF', 'GVWDY', 'VXCXL']
['ZAWKU', 'COVDL', 'HXTIK', 'YLXOL', 'FAKTV', 'JYARZ', 'LGQTX', 'RJBDJ']
['ANGZU', 'MCBPI', 'OZRFF', 'UDRIH', 'GKVKE', 'NZDDV', 'QXAHE', 'WOFDB', 'BDSSH', 'NCALC']
['UCRIM', 'ONANR', 'ECUED', 'VQNEJ', 'MFFMW']
['APFKB', 'HSSBE', 'ARPYF', 'VLZSX', 'ECBJA', 'ILQXC', 'PQCAU', 'WGRZW']
['UGAZW', 'ZRLXS', 'TAGJP', 'SUZIU', 'YGIVT']
['BUNVF', 'TWUJD', 'RPHQM', 'DKJGQ', 'TRBOZ', 'PHWUT', 'KNOIV', 'LQPKU', 'BESHM', 'SDYFL']
['VIZKN', 'BKFWU', 'HFYQS']
['JCCIK', 'XLRVA', 'KVFTD', 'YXPCN']
['YVARI', 'CPGOX', 'CLZVT', 'UILGO', 'BBOHG', 'USDOH', 'GRDFF', 'TVTUO', 'TYGUS', 'HNBQL']
['WWPVV', 'DTDBN', 'CSSQB', 'KHRMY', 'XMBIJ', 'MHLTE', 'SWRYB', 'SQQZB', 'DQLNA']
['ONOYQ', 'BCEBB', 'OKKOP', 'QDIFE']
['OMROL', 'DHGRA', 'ZYAWA', 'GSOQU', 'TFGAC']
['FZVRO', 'XYOWD', 'WYEAX', 'AZJXS', 'OJKBQ', 'CCQQW', 'XBSTP', 'PITFW', 'YRFGH', 'AHHVY']
['ZSBJK', 'JMIIR', 'RGFSF', 'NIFYU', 'GWBBA', 'YWYQC', 'HAWDD', 'XUWEA']
['DNMXZ', 'AHQNI', 'KGXSV', 'QPJMV', 'FJELG']
['PSOJQ', 'DMDLF', 'XISCW', 'RXKYU', 'KNGQN', 'OEUPL', 'PDPDU', 'GKQLT', 'IVOSS']
['VGUDB', 'MTZAI', 'LUNEY', 'RFBBG', 'ERYBS', 'IREQO', 'UBINE', 'XERYG', 'PZRXL']
['MAUVR', 'GBEFS', 'AOWXA', 'XLMYO', 'RZJCK', 'PCYOB', 'FJWYX', 'EDTOA']
['VGGYH', 'BGFSQ', 'SEWFY', 'RPPDG', 'FLUUK', 'OZHVM']
['QLACD', 'UCKGO', 'OQDQI', 'BJPBE', 'IVTNQ', 'RZVUX', 'WRUYL', 'RSNFJ', 'ELZCG']
['VOEIN', 'VFXPR', 'EYLOH', 'HIALX', 'IJSKE', 'ASMNR']
['BLLLQ', 'OIYVR', 'XLSCM', 'QRCPH', 'TTNOM', 'OIHRA', 'WOLKS', 'KAGBO', 'HMVEC', 'IVWQL']
['BEOYY', 'VDQAT', 'ZZEDT']
['UPGRQ', 'WOEMK', 'UVXWG', 'JGMBR', 'TQGMI', 'ZGSVE', 'VKJNN', 'DSEMO', 'BXIQT']
['MOIWP', 'USXPK', 'WUCUE', 'RIPUU', 'LWYNR', 'ILZRR', 'JAUDH']
['WLPRL', 'OOSUZ']
['WTNHR', 'KWEMO', 'GZAPY', 'CFXJX']
['CXNPQ', 'HFAEA', 'YHTFJ', 'NGGLC', 'GJUFG', 'JIYKE', 'VBNIU']
['RIVEE']
['XWFRQ', 'DYALF', 'BSQXH', 'CUFPW', 'DZKCC']
['ZIGCF', 'QUCHP', 'PCTHW', 'AEMCJ', 'PUTFF', 'ZEJYQ', 'JSSRW', 'WLQMV', 'KLQNR', 'DAWIJ']
['UUOMX', 'GBXDS', 'WEWVD', 'MAXSA', 'PKZAS', 'GPYGT', 'LRNVS', 'JKWPJ', 'IBYFN', 'DHAAQ']
['PTBJF', 'PDLQZ', 'MIFHN', 'YBLSA', 'FXDQL']
['SKJDB', 'JRPFX', 'YRIIU', 'MSEWQ', 'JGQHX', 'SFAVI', 'YQXTS', 'DLAFR', 'VSLUW']
['FUXEC', 'IWRNR']
['FZCHB', 'OXARV', 'IIQQB', 'ATWEN', 'ZKAEP', 'NFYGH', 'EOPLD', 'NQPNG']
['CQHQK', 'ZWKQR', 'ROMIA', 'TLIDL', 'BJKWH']
['QRTBQ', 'WRZEL', 'ZAEZD', 'CYBEJ', 'FQYBH', 'XUYLG', 'HQVYV', 'BPMJU', 'JMXDM', 'XTXPQ']
['JNMLL', 'GWFOY', 'FRSDT', 'ZFKMZ', 'QDOUT', 'EHAIO', 'VWUNS', 'WCOKD']
['NYCWZ', 'EPIBE', 'ZBODB', 'YGXFP', 'ILEDJ', 'TDOLY', 'ITHLN', 'XRFWJ', 'UQJIW', 'VOKDV']
['IZHGM', 'WVQED', 'LQTXG', 'WWMZS', 'UAWVE', 'AVKQA', 'UEWOD', 'EOPNL', 'UGYSZ']
['UPXWI', 'PDYPU', 'DYWKJ', 'AGFRR', 'OSLYV', 'YUULN', 'YZHQX', 'JTIPD', 'RIQYR']
['RBXLI', 'PBKGH', 'HITWV']
['HGEEI', 'MOTXU', 'KLCKP', 'DABLQ', 'SCLPI', 'QIZIJ', 'IMSCS']
['QWEDW', 'AWDVH', 'OIDQE', 'ELDRD', 'SSSVC', 'HNATA', 'APQJM', 'SLXVA', 'UATFB']
['JRBLE', 'ZDAFS', 'ZNPED', 'WUWQG', 'LXHLT', 'WNNFV', 'QLOAH', 'JVVVR', 'REMBW', 'XYFYX']
['FRRXR', 'FEFVK', 'BPVDQ', 'TNJDV', 'MRTBJ']
['IZSWA', 'PBCXQ', 'XUERZ', 'TAXAX', 'QBVMJ', 'ATVZF', 'NRCLV', 'HWVYL', 'OQAIU', 'OLAXZ']
['KXCBA', 'TVQBW', 'TZDDG', 'IFBWW', 'AAJJD', 'OXWTH']
['GLBXD', 'LIRIR', 'JOZSN']
['WWDSG', 'HFMGI', 'KEHIM', 'SRWDH', 'WAYVD', 'WIGYH', 'WPDNB', 'BIAYS']
['NVMIR', 'QTJCH', 'TDLVX', 'LHBZA', 'XSHVH', 'FJWVG', 'SMBYF', 'FDNYE', 'NMBKG']
['VRSRL', 'OSFUY', 'LYDSY', 'JHZTD', 'BNSMF', 'SKCIG', 'LJMUY', 'MGROM', 'FQPJY', 'RPXDU']
['MECOG', 'MIATK', 'CVWTX', 'GECQI']
['PUJUB', 'UNFKS', 'KYYWQ']
['XVLJG', 'WMDSK', 'DJIZH', 'MJJHU', 'ZFBIT', 'NUAOV', 'QDJMB', 'YWUWK', 'QHFXR']
['WXIFJ', 'DOLBV', 'GMMTA', 'VCSMG', 'ZHZZQ', 'FRPER', 'SWWJT', 'BHYPT', 'RTLEU', 'ICWIR']
['JUUEH', 'QCSFX', 'DURZW', 'CBMQH', 'VNISG', 'KQLVH']
['CSKLY', 'SYNTO', 'KAYTM', 'RRVLT', 'SWPVQ', 'NNETM', 'RIMIU', 'YQHPO', 'YNVDL', 'VMXWY']
['KDIXJ', 'SPCGF', 'UWWSO', 'KPRIC', 'VKCSA', 'DSAOR']
['BVWOT', 'ROHJV', 'PLBXQ', 'VOZKK', 'CBOLL', 'XMGHV', 'OEYCP', 'OZWGF', 'ASKFR']
['JKPSF', 'KVQPW', 'MBMNJ', 'WSXGL']
['DVTXD', 'EKGZF', 'JMKDA', 'MSNDL', 'FIRWY', 'YGBGL', 'WZKZY', 'UFBWS', 'VPKPA', 'WFGMY']
['ZCBVJ', 'NNUDO', 'NVJQB', 'OECVS', 'MIAGD', 'XDDSL', 'GTQFF', 'PKLDE', 'VBXQI', 'FXJAU']
['WIKBK', 'DNQIF', 'EAGYI', 'WNNEC', 'GXHXX', 'KHKLC', 'RGEJU', 'HRBCQ']
['MLFIO', 'CYJLW', 'UQIAC', 'JUVFB', 'TIFHQ', 'UIICZ', 'NQMEX', 'FADFD', 'REMSC', 'TQMWM']
['UIDWQ', 'STUAK', 'XCXCB', 'FLLSR', 'ZPJDK', 'PVBBK']
