['ABI', 'ABJ', 'ABK', 'ABL', 'AEE', 'AEF', 'AFH', 'AFV', 'AKA', 'AKV', 'AKW', 'AKX', 'AKY', 'AKZ', 'AQM', 'AVV', 'AVW', 'AZM', 'AZN', 'BBA', 'BER', 'BEV', 'BEW', 'BEX', 'BKU', 'BKV']
['ACJ', 'ACT', 'AEX', 'AGM', 'AGN', 'AGO', 'AHP', 'AHV', 'AHW', 'AHX', 'AIR', 'AJS', 'AJT', 'ANX', 'AUT', 'AWB', 'AWC', 'BBH', 'BBI', 'BBU', 'BDR', 'BDS', 'BDT', 'BGB', 'BIP', 'BIQ']
['ABN', 'ABO', 'ACC', 'ACD', 'ACE', 'ADN', 'ADO', 'AIE', 'AJA', 'AJY', 'AJZ', 'AMS', 'AMT', 'AMU', 'AOI', 'AWA', 'AYU', 'AYV', 'AZK', 'BEA', 'BEY', 'BEZ', 'BGC', 'BGD', 'BHS', 'BJC']
['ACL', 'ACM', 'ACN', 'ADH', 'AGE', 'AGF', 'AIF', 'AND', 'ANE', 'AUG', 'AUH', 'AVJ', 'AVK', 'AWW', 'BCH', 'BCI', 'BDY', 'BET', 'BEU', 'BGE', 'BGF', 'BGG', 'BGH', 'BGO', 'BLJ', 'BLU']
['AAD', 'ALD', 'ALE', 'ALF', 'AMR', 'ASS', 'AWG', 'AWH', 'AWM', 'AWN', 'AWO', 'AWX', 'AWY', 'AWZ', 'AZO', 'AZP', 'BAA', 'BFN', 'BFO', 'BGU', 'BGV', 'BGW', 'BLV', 'BLW', 'BLX', 'BLY']
['ABA', 'ABZ', 'AFX', 'AIQ', 'AMX', 'ANC', 'AQR', 'AQS', 'ARW', 'ASV', 'AVX', 'AVY', 'AVZ', 'AZF', 'AZG', 'AZH', 'BCK', 'BCL', 'BDH', 'BFL', 'BFM', 'BGS', 'BGT', 'BGX', 'BGY', 'BGZ']
['ADD', 'AFB', 'AIG', 'AIH', 'AII', 'ALL', 'ALM', 'ALN', 'AMA', 'AMB', 'AOA', 'AOB', 'AOV', 'AOW', 'AOX', 'AOY', 'ARF', 'AVA', 'AXA', 'AXB', 'BBR', 'BBS', 'BIG', 'BIH', 'BKG', 'BKH']
['AAJ', 'AAK', 'ACK', 'ADB', 'AGL', 'AID', 'ASE', 'ASF', 'ASP', 'ASQ', 'ASR', 'ATA', 'ATB', 'ATG', 'ATH', 'ATI', 'ATJ', 'ATK', 'ATL', 'AZV', 'AZW', 'AZX', 'AZY', 'BAN', 'BDO', 'BDP']
['ABC', 'ABD', 'ABG', 'ABH', 'ACA', 'ACB', 'ACY', 'ACZ', 'AFD', 'AKD', 'AKK', 'AKL', 'AKM', 'ALS', 'ALZ', 'ANL', 'AQD', 'AQE', 'AQF', 'AUR', 'AUS', 'AUW', 'AUX', 'AUY', 'AXE', 'BAU']
['AAG', 'AAH', 'AAI', 'AFA', 'AFY', 'AFZ', 'AIN', 'AIO', 'AIP', 'AQA', 'AQB', 'AQC', 'AVN', 'AXF', 'AXG', 'AXM', 'AXN', 'BAT', 'BIB', 'BIC', 'BII', 'BJN', 'BJP', 'BLM', 'BLN', 'BLO']
['ABY', 'AEL', 'AES', 'AET', 'AHC', 'ANH', 'ANI', 'ANJ', 'ANK', 'APA', 'APB', 'APC', 'APD', 'APZ', 'ATT', 'ATU', 'AZL', 'BAB', 'BCX', 'BFF', 'BFG', 'BFH', 'BGA', 'BGI', 'BJX', 'BJY']
['AAA', 'AAX', 'AAY', 'AAZ', 'AGB', 'AGC', 'AGD', 'AOD', 'AOS', 'AOT', 'AOU', 'AOZ', 'AST', 'ASU', 'AUA', 'AUZ', 'AWD', 'AWE', 'AWF', 'AXD', 'BBE', 'BJQ', 'BJR', 'BJS', 'BKL', 'BKM']
['AEQ', 'AER', 'AKH', 'AKI', 'AMG', 'AQQ', 'ARM', 'ARX', 'ARY', 'ARZ', 'ASA', 'ASB', 'ASC', 'ASD', 'AWV', 'BDJ', 'BDK', 'BDL', 'BDM', 'BDN', 'BHV', 'BIA', 'BIZ', 'BLA', 'BLT', 'BLZ']
['AEA', 'AEU', 'AEV', 'AEZ', 'ALO', 'ALP', 'ALQ', 'ALR', 'ARA', 'ARB', 'ARC', 'ARD', 'ARE', 'ASW', 'ASX', 'AVL', 'AWU', 'BAZ', 'BDB', 'BDC', 'BDD', 'BHT', 'BHU', 'BKA', 'BKB', 'BKC']
['ABE', 'ABF', 'ABP', 'ABQ', 'ABR', 'ABS', 'ACF', 'ACG', 'ACH', 'ACI', 'ADK', 'AMP', 'AMQ', 'AOE', 'AOF', 'ATP', 'ATQ', 'AXC', 'AZU', 'BCM', 'BFI', 'BFJ', 'BFK', 'BGP', 'BGQ', 'BGR']
['AIX', 'AMY', 'AMZ', 'APT', 'APU', 'APV', 'AQT', 'AQU', 'AQV', 'ARJ', 'ARK', 'ASH', 'AUE', 'AUF', 'AXP', 'AXQ', 'AXR', 'AXS', 'AYT', 'AYW', 'AYX', 'BBT', 'BEL', 'BJH', 'BJI', 'BJJ']
['ABX', 'ADE', 'ADF', 'ADG', 'ADU', 'ADV', 'ADW', 'AJM', 'AJN', 'AJO', 'ALJ', 'ALK', 'BAP', 'BAQ', 'BAR', 'BCC', 'BCD', 'BFU', 'BFV', 'BFW', 'BID', 'BIE', 'BIF', 'BKR', 'BKS', 'BKT']
['AAO', 'AAP', 'AJC', 'AJU', 'AJV', 'AKE', 'AKF', 'AKG', 'AMV', 'AOG', 'AOH', 'ATM', 'AVF', 'AWP', 'AWQ', 'AWR', 'AWS', 'AYE', 'AYF', 'BBJ', 'BBY', 'BBZ', 'BFC', 'BFD', 'BHK', 'BHL']
['AEI', 'AEJ', 'AFW', 'AHY', 'AHZ', 'AKS', 'AKT', 'AQW', 'AQX', 'AQY', 'AQZ', 'ARN', 'ARO', 'ATC', 'ATD', 'ATE', 'BBV', 'BBW', 'BIR', 'BIS', 'BIT', 'BJE', 'BJF', 'BKD', 'BKE', 'BKF']
['ADT', 'ADX', 'ADY', 'AEC', 'AED', 'AGQ', 'AGR', 'AGS', 'AGT', 'AGU', 'AKQ', 'AKR', 'AON', 'ASG', 'AZQ', 'AZR', 'BBF', 'BBG', 'BCE', 'BCF', 'BCG', 'BCJ', 'BFX', 'BFY', 'BLB', 'BLC']
['AHA', 'AHB', 'AIA', 'AIY', 'AIZ', 'ALV', 'ALW', 'ALX', 'ALY', 'AOO', 'AOP', 'AOQ', 'AOR', 'ASO', 'ATY', 'ATZ', 'BAX', 'BAY', 'BBB', 'BDQ', 'BIK', 'BIL', 'BIM', 'BIN', 'BIO', 'BJO']
['AAB', 'AAC', 'ADC', 'AEG', 'AEH', 'AFL', 'AFM', 'AHE', 'AHF', 'AHG', 'AHH', 'AHI', 'AIU', 'AIV', 'AIW', 'BAM', 'BCS', 'BCT', 'BCU', 'BCV', 'BCW', 'BHA', 'BHB', 'BHC', 'BHD', 'BHE']
['AFC', 'AFE', 'AFF', 'AFG', 'AFJ', 'AFK', 'AIK', 'AIL', 'AIM', 'AOM', 'AUU', 'AUV', 'AYG', 'AYH', 'BEG', 'BEH', 'BEI', 'BEJ', 'BEK', 'BES', 'BHF', 'BHG', 'BHH', 'BHI', 'BHJ', 'BIJ']
['ADA', 'ADI', 'ADJ', 'ADZ', 'APN', 'ARL', 'ASJ', 'ASK', 'ASL', 'ATR', 'ATS', 'AVD', 'AYA', 'AYB', 'AYC', 'AYD', 'AYS', 'AYY', 'AYZ', 'AZT', 'BHN', 'BHO', 'BHP', 'BHQ', 'BLR', 'BLS']
['AAR', 'AAS', 'AAT', 'AAU', 'AFU', 'AIB', 'AIC', 'AKN', 'AKO', 'AKP', 'ANR', 'ANS', 'ANT', 'ANU', 'ASI', 'ASY', 'ASZ', 'BDX', 'BED', 'BEE', 'BEF', 'BFP', 'BFQ', 'BFR', 'BFS', 'BFT']
['AMK', 'AML', 'AMM', 'AMN', 'ARG', 'ARH', 'ARI', 'ATW', 'AYN', 'AYO', 'AYP', 'BBK', 'BBL', 'BBM', 'BDI', 'BFA', 'BFB', 'BFZ', 'BHW', 'BHX', 'BHY', 'BIU', 'BIV', 'BLG', 'BLH', 'BLI']
['ALA', 'APO', 'APP', 'APQ', 'APR', 'APW', 'AQO', 'AQP', 'AUI', 'AUJ', 'AXT', 'AXU', 'AXV', 'AZS', 'BAO', 'BEB', 'BEC', 'BEO', 'BFE', 'BJA', 'BJB', 'BJZ', 'BKW', 'BKX', 'BKY', 'BKZ']
['AAQ', 'ABW', 'AGA', 'AGY', 'AGZ', 'AJD', 'AJE', 'AJI', 'AJJ', 'APF', 'APH', 'API', 'APJ', 'ATV', 'AVM', 'AYQ', 'AYR', 'BAH', 'BAI', 'BAJ', 'BAK', 'BAL', 'BBN', 'BBO', 'BBP', 'BJG']
['AAV', 'AAW', 'ADP', 'ADQ', 'ADR', 'ADS', 'AHJ', 'AHK', 'AHL', 'AHM', 'AIJ', 'AJP', 'AJQ', 'AOC', 'APK', 'APL', 'APM', 'ATF', 'ATO', 'AUB', 'AUC', 'AUD', 'AYL', 'AYM', 'BBC', 'BBD']
['ABB', 'AFO', 'AFP', 'AFQ', 'AGK', 'ALG', 'ALH', 'AMH', 'ASM', 'ASN', 'ATN', 'ATX', 'AZI', 'AZJ', 'BBX', 'BIW', 'BIX', 'BIY', 'BJT', 'BJU', 'BJV', 'BJW', 'BKN', 'BKO', 'BKP', 'BKQ']
['AFI', 'AFR', 'AFS', 'AFT', 'AJF', 'AJG', 'AJH', 'ANZ', 'AQG', 'AQH', 'AQI', 'AVQ', 'AVR', 'AVS', 'AVT', 'AXH', 'AXI', 'AXJ', 'BGN', 'BHM', 'BJD', 'BKI', 'BKJ', 'BKK', 'BLK', 'BLL']
['ADL', 'ADM', 'AJL', 'ALB', 'ALC', 'ALU', 'AMI', 'AMJ', 'AMO', 'ANV', 'ANW', 'AQJ', 'AQK', 'AQL', 'AVG', 'AVH', 'AVI', 'AVU', 'AWI', 'AWJ', 'AWK', 'AWL', 'BDA', 'BDZ', 'BLD', 'BLE']
['ABM', 'ABT', 'ABU', 'ABV', 'ACU', 'ACV', 'ACW', 'ACX', 'AGV', 'AGW', 'AGX', 'AJR', 'AKJ', 'APE', 'APG', 'ARP', 'ARQ', 'AXK', 'AXL', 'BAV', 'BAW', 'BCA', 'BCB', 'BDE', 'BDF', 'BDG']
['AAE', 'AAF', 'AAL', 'ACO', 'ACP', 'ACQ', 'ACR', 'ACS', 'AEY', 'ARR', 'ARS', 'ART', 'ARU', 'ARV', 'AUK', 'AUL', 'AUM', 'AVB', 'AVC', 'BCY', 'BCZ', 'BEM', 'BEN', 'BJK', 'BJL', 'BJM']
['AHQ', 'AHR', 'AHS', 'AHT', 'AHU', 'AJW', 'AJX', 'AKB', 'AKC', 'AKU', 'ALT', 'ANN', 'ANO', 'ANP', 'ANQ', 'AOJ', 'AOK', 'AOL', 'AVE', 'AVO', 'AWT', 'AXO', 'AXY', 'AXZ', 'BBQ', 'BLF']
['AEB', 'AEK', 'AIS', 'AIT', 'ALI', 'AMC', 'AMD', 'AME', 'AMF', 'ANF', 'ANG', 'AUN', 'AUO', 'AUP', 'AUQ', 'AYK', 'BAC', 'BAD', 'BAE', 'BAF', 'BAG', 'BGJ', 'BGK', 'BGL', 'BGM', 'BHZ']
['AEW', 'AGG', 'AGH', 'AGI', 'AGJ', 'AGP', 'AHD', 'AHN', 'AHO', 'AMW', 'ANM', 'ANY', 'APS', 'AQN', 'AXW', 'AXX', 'AYI', 'AYJ', 'BAS', 'BDU', 'BDV', 'BDW', 'BEP', 'BEQ', 'BLP', 'BLQ']
['AAM', 'AAN', 'AEM', 'AEN', 'AEO', 'AEP', 'AFN', 'AJB', 'AJK', 'ANA', 'ANB', 'APX', 'APY', 'AVP', 'AZA', 'AZB', 'AZC', 'AZD', 'AZE', 'AZZ', 'BCN', 'BCO', 'BCP', 'BCQ', 'BCR', 'BHR']
