['224']
['138']
['200']
['482', '543', '597', '614', '668', '682', '684', '757', '835']
['10', '91', '96', '98', '188', '199', '214', '252', '264', '270', '326', '373', '403', '417', '435']
['725']
['266']
['465', '523', '571', '577', '586', '643', '651', '660', '727', '765', '768', '805', '832', '868']
['88']
['445']
['866']
['21']
['290']
['862']
['857']
['358']
['567']
['625']
['782']
['633']
['732']
['9', '11', '49', '65', '81', '105', '126', '228', '269', '303', '312', '356', '410', '416', '439']
['209']
['141']
['180']
['35', '71', '82', '87', '239', '343', '347', '372', '427']
['273']
['17']
['339']
['173']
['642']
['888']
['300']
['720']
['456', '569', '644', '719', '790', '842']
['657']
['636']
['175']
['18']
['487']
['890']
['692']
['419']
['558']
['640']
['398']
['40']
['254']
['75', '341']
['778']
['97']
['118']
['376']
['76']
['299']
['77']
['99', '331']
['222']
['784']
['93']
['850']
['508', '627', '873']
['830']
['37']
['664']
['59']
['539']
['793']
['475']
['74']
['94', '111', '114', '184', '218', '263', '292', '305', '306', '363', '418']
['142']
['450', '463', '466', '472', '511', '532', '581', '608', '613', '700', '715', '723', '748', '769', '791', '803', '806', '829', '885']
['235']
['477', '501', '512', '802', '865']
['498']
['95']
['606']
['166']
['481']
['34', '84', '158', '227', '337', '426']
['869']
['121']
['217']
['332']
['440']
['242']
['590', '670']
['826']
['611']
['366']
['572']
['26']
['323']
['505', '737']
['182', '283']
['526']
['104']
['609']
['557']
['688']
['259']
['849']
['690']
['469', '494', '500', '510', '528', '580', '585', '599', '617', '619', '624', '658', '672', '705', '712', '736', '744', '800', '811', '833', '848', '853', '884']
['438']
['250']
['402']
['38']
['680']
['30', '51', '64', '86', '115', '128', '194', '205', '223', '245', '258', '260', '334', '360', '377', '389', '409', '442']
['459', '471', '478', '486', '507', '509', '547', '561', '605', '607', '648', '665', '675', '745', '752', '775', '785', '813', '819', '836', '876', '883']
['667']
['368']
['325']
['517', '568', '708', '874']
['729']
['333']
['36', '45', '144', '386', '400']
['649']
['393']
['399']
['514']
['452']
['453', '631', '656', '822']
['274']
['16', '22', '42', '63', '108', '125', '133', '197', '304', '319', '329', '351', '382', '406', '431']
['271']
['307']
['123']
['789']
['603']
['685']
['6', '28', '92', '100', '127', '131', '139', '206', '275', '282', '321', '327', '330', '369', '408', '444']
['39']
['62']
['364']
['169']
['395']
['23', '27', '58', '202', '265', '359', '385', '414']
['839']
['783']
['485']
['502', '565', '591', '615', '797']
['391']
['653']
['43']
['524', '563', '621', '639', '666', '716', '786', '810', '860']
['237']
['52', '322', '430']
['880']
['178']
['600']
['172']
['150']
['852']
['192']
['378']
['308']
['743']
['388']
['878']
['854']
['102']
['714']
['174']
['749']
['422']
['20']
['246']
['796']
['795']
['155']
['73']
['135']
['483']
['520', '553', '814', '879']
['247']
['641', '718', '724']
['69']
['792']
['574']
['492']
['157']
['137']
['262']
['278']
['78']
['83', '140', '146', '167', '168', '170', '261', '348', '380', '405', '432']
['425']
['413']
['582']
['515']
['495']
['446', '464', '521', '535', '637', '671', '824', '863', '867']
['650']
['804']
['490', '504', '513', '525', '555', '596', '602', '604', '652', '673', '676', '677', '683', '693', '730', '735', '738', '755']
['72', '103', '116', '160', '162', '177', '226', '232', '289', '293', '352', '353', '375']
['703']
['451', '474', '506', '544', '556', '583', '595', '616', '630', '669', '678', '704', '713', '742', '751', '794', '816', '818', '820', '881']
['551']
['193', '436']
['480']
['566']
['257']
['24']
['220']
['397']
['709']
['379']
['460']
['46']
['710']
['809']
['355']
['110']
['766']
['54']
['156']
['739']
['620']
['145', '231']
['834']
['647']
['626']
['251']
['236']
['122']
['13']
['434']
['808']
['124', '311']
['153']
['421']
['346']
['374']
['628']
['185']
['861']
['530']
['196']
['560', '807']
['542']
['179']
['721']
['85']
['846']
['14', '447', '559', '661', '699', '746']
['753']
['80']
['79']
['119', '428']
['3']
['828']
['772']
['598', '734']
['516']
['473', '518', '552', '623', '645', '686', '697', '740', '758', '877']
['44', '317']
['587']
['756']
['467', '497', '519', '635', '696', '706', '787']
['367']
['286']
['423']
['7']
['281']
['554']
['295']
['534']
['750']
['537']
['618']
['562']
['5', '19', '70', '113', '132', '176', '191', '255', '267', '302', '314', '316', '328', '437']
['229']
['759']
['243']
['240']
['294']
['817']
['225']
['812']
['762']
['875']
['655']
['840']
['204']
['701']
['120', '159', '256', '277', '396', '443']
['412']
['694']
['579']
['272']
['276']
['461']
['484']
['634']
['638']
['760']
['448']
['462']
['674']
['825']
['864']
['570']
['479']
['889']
['2', '134', '181', '189', '241', '284', '320', '401']
['841']
['681']
['171', '315']
['117']
['130']
['449', '468', '522', '529', '573', '589', '679', '726', '761', '767', '771', '815', '844']
['855']
['780']
['370']
['455']
['646']
['858']
['527']
['457']
['136']
['711']
['56']
['612']
['48']
['31']
['837']
['695']
['344']
['856']
['773']
['190']
['297']
['722']
['163', '390']
['610']
['662']
['741']
['594']
['424']
['67']
['8', '68', '298', '429']
['249']
['549']
['821']
['733']
['109']
['25']
['578']
['301']
['476', '493', '496', '499', '531', '533', '575', '588', '728', '770', '777', '788', '799', '823', '827', '831', '845']
['847']
['55']
['57', '420']
['66']
['147']
['361']
['663']
['592']
['207']
['198']
['470', '593']
['183']
['221', '313']
['285']
['287']
['12']
['149']
['384']
['548']
['882']
['253']
['1']
['491']
['29', '53', '268', '345']
['707']
['731']
['90']
['458', '488', '659', '689', '838', '851']
['4']
['576', '886']
['698']
['779']
['489', '871']
['776']
['687']
['764']
['584']
['754']
['234']
['564']
['747']
['392']
['798']
['441']
['15']
['338']
['288']
['336']
['415']
['33']
['195']
['165']
['219']
['212']
['50']
['546']
['545']
['540']
['164']
['89']
['538']
['717']
['383']
['32', '61', '101', '106', '107', '186', '203', '210', '211', '213', '215', '216', '233', '238', '244', '248', '280', '296', '310', '318', '324', '340', '349', '371', '394']
['387']
['843']
['47', '151', '161', '309', '342', '350', '365']
['503', '536', '550', '622', '629', '691', '774', '801', '870', '887']
['152']
['381']
['433']
['187', '201', '407', '411']
['41', '60', '143', '148', '230', '291', '362']
['354']
['112']
['454']
['601']
['404']
['859']
['654', '781']
['632']
['279']
['208']
['702']
['872']
['154']
['335']
['763']
['357']
['129']
['541']
