['106', '62', '142', '282', '373', '429', '355', '823', '132', '722', '365', '786', '94']
['591', '265', '845', '515', '157', '513', '941', '463', '374', '623', '22', '351', '341']
['592']
['432', '490', '563', '263', '552', '233', '917', '881', '236', '109', '174', '71', '231']
['955', '26', '99', '386', '171', '956', '135', '87', '569', '836', '612', '631', '788']
['800', '253', '393', '437', '667', '195', '528', '440', '710', '541', '353']
['718', '426', '290', '764', '508', '677', '674', '519', '787', '824', '7', '310', '945']
['593', '372', '932', '315', '409', '657', '242', '659', '903', '807', '397', '116', '520']
['565', '254', '503', '899', '606', '244', '259', '829', '973', '896', '512', '435', '305']
['392']
['972', '798', '741', '927', '92', '734', '926', '733', '893', '689', '691', '493', '275']
['974']
['361', '699', '467', '25', '536', '8', '617', '849', '327', '571', '635', '850', '758']
['620', '715', '279', '196', '583', '16', '688', '256', '909', '219', '160', '875', '385']
['948', '887', '629', '96', '894', '854', '10', '250', '726', '539', '838', '13', '363']
['66', '469', '377', '138', '347', '455', '169', '112', '936', '600', '18', '271', '990']
['538', '306', '916', '905', '895', '459', '857', '771', '531', '337', '189', '431', '501']
['405', '616', '938', '387', '413', '61', '597', '603', '442', '29', '656', '3', '114']
['907', '293', '584', '239', '464', '522', '69', '111', '329', '206', '83', '561', '128']
['679', '301', '500', '615', '359', '994', '127', '218', '251', '611', '944', '331', '581']
['101', '379', '229', '89', '129', '805', '509', '80', '30', '640', '770', '966', '769']
['425', '487', '396', '676', '81', '430', '12', '621', '742', '499', '145', '844', '954']
['649']
['713', '647', '697', '105', '11', '882', '40', '492', '963', '410', '609', '404', '802']
['411', '686', '245', '773', '460', '394', '714', '72', '832', '776', '483', '422', '296']
['215']
['402', '819', '614', '321', '863', '962', '187', '996', '914', '235', '922', '159', '76']
['407', '984', '312', '743', '514', '648', '436', '831', '720', '511', '504', '703', '704']
['988', '286', '332', '438', '812', '452', '702', '488', '489', '588', '880', '228', '826']
['682', '891', '241', '749', '725', '475', '278', '544', '381', '627', '790', '543', '675']
['780', '607', '766', '870', '225', '119', '240', '820', '791', '108', '461', '161', '540']
['662', '471', '44', '216', '765', '995', '158', '212', '818', '221', '484', '908', '328']
['507', '605', '400', '708', '727', '391', '622', '57', '928', '75', '951', '110', '346']
['308', '711', '871', '197', '285', '619', '319', '680', '576', '439', '172', '550', '149']
['164']
['739']
['151', '401', '763', '670', '320', '54', '841', '700', '645', '641', '414', '311', '525']
['67']
['744', '477', '333', '789', '166', '864', '276', '368', '754', '774', '813', '862', '579']
['264', '97', '454', '224', '190', '976', '655', '555', '371', '602', '658', '781']
['578', '964', '118', '651', '497', '491', '993', '810', '370', '369', '601', '204', '383']
['757', '457', '837', '177', '398', '148', '644', '935', '260', '834', '701', '147', '6']
['961', '74', '889', '64', '170', '479', '866', '357', '712', '367', '906']
['767', '650', '806', '303', '924', '827', '214', '738', '451', '779', '280', '982', '208']
['856', '911', '618', '302', '979', '549', '36', '666', '506', '693', '32', '317', '590']
['102', '246', '249', '809', '747', '304', '851', '348', '958', '915', '20', '673', '143']
['665']
['496', '728', '816', '330', '179', '476', '599', '746', '481', '480', '338', '495', '853']
['42', '234', '638', '510', '577', '729', '445', '468', '977', '534', '696', '349', '949']
['902', '855', '695', '274', '267', '582', '987', '717', '24', '419', '399', '60', '90']
['636', '131', '730', '842', '740', '82', '950', '562', '125', '840', '553', '384']
['136', '937', '960', '382', '139', '537', '959', '153', '154', '502', '685', '762', '388']
['176', '113', '390', '556', '867', '930', '750', '137', '156', '925', '821', '542', '878']
['188', '847', '760', '594', '150', '559', '433', '472', '415', '608', '441', '162', '731']
['182', '570', '653', '814', '226', '378', '706', '318', '833', '230', '248', '354', '527']
['904', '209', '103', '362', '797', '707', '931', '957', '202', '986', '900', '412', '482']
['247', '698', '23', '175', '839', '952', '63', '687', '628', '458', '724', '289']
['173', '470', '380', '339', '52', '316', '523', '669', '31', '777', '344', '690', '324']
['85', '872', '803', '516', '427', '547', '808', '314', '943', '755', '122', '55', '535']
['890', '828', '56', '358', '192', '15', '53', '967', '672', '526', '999', '939', '498']
['897']
['568']
['194', '625', '58', '50', '186', '985', '283', '146', '258', '292', '485', '572', '558']
['735']
['998', '107', '567', '134', '288', '799', '130', '860', '120', '554', '989', '284', '913']
['923', '140', '947', '203', '27', '732', '446', '453', '613', '879', '45', '684', '73']
['376']
['38', '965', '1', '117', '465', '300', '268', '28', '2', '898', '447', '322']
['865']
['548']
['326', '885', '262', '794', '846', '421', '104', '971', '564', '255', '297', '668', '852']
['532']
['356', '287', '946', '886', '772', '220', '817', '835', '721', '940', '801', '237', '991']
['719', '869', '133', '325', '155', '165', '84', '888', '360', '646', '473', '35', '199']
['859']
['65', '929', '93', '5', '456', '551', '424', '144', '193', '643', '920', '723', '874']
['213', '345', '654', '261', '350', '294', '78', '37', '141', '152', '642', '883', '17']
['336', '632', '630', '70', '4', '408', '546', '183', '652', '795', '180', '474', '343']
['68']
['444', '51', '585', '418', '217', '981', '785', '942', '364', '39', '983', '912', '748']
['178']
['756', '334', '184', '978', '126', '910', '861', '201', '33', '918', '309', '825', '272']
['560', '530', '545', '48', '660', '295', '323', '634', '95', '557', '997', '533']
['14', '205', '529', '624', '901', '124', '518', '678', '299', '505', '298', '969', '953']
['46', '876', '0', '566', '449', '745', '921', '115', '843', '671', '270', '752', '663']
['822', '466']
['783', '858', '815', '434', '580', '420', '574', '417', '517', '848', '49', '223', '395']
['792', '100', '589', '47', '181', '884', '462', '705', '524', '637', '778', '243', '342']
['494', '804']
['43']
['661', '211', '639', '88', '41', '753', '681', '366', '91', '406', '596', '683', '269']
['751', '86', '933', '992', '692', '782', '830', '257', '375', '428', '9', '980', '448']
['207']
['352', '586', '664', '595', '877', '575', '185', '521', '123', '98', '587']
['121', '737', '167', '163', '389', '873', '761', '34', '281', '21', '291', '273', '759']
['793', '784', '79', '210', '416', '716', '313', '227', '775', '919', '423', '59', '768']
['335', '222', '709', '796', '968', '238', '252', '168', '610', '604', '573', '450', '868']
['266', '811', '200', '970', '340', '478', '191', '892', '198', '307', '232']
['486']
['975', '626', '598', '934', '77', '694', '633', '443', '403', '736', '277', '19']
