['Kelsey', 'Faye', 'Del', 'Kirk', 'Don', 'Kendra', 'Tina', 'Guy', 'Otis', 'Rhoda', 'Marjorie', 'Antonia', 'Jarrett', 'Sol', 'Michele', 'Willard', 'Gladys', 'Mario', 'Emmett', 'Mandy']
['Blair', 'Jorge', 'Melinda', 'Matilda', 'Tonia', 'Moses', 'Nick', 'Katherine', 'Owen', 'Roxanne', 'Earline', 'Kristy', 'Mason', 'Millard', 'Avery', 'Doris', 'Mohamed', 'Lawrence', 'Mohammad', 'Hilario']
['Charlie', 'Alec', 'Hosea', 'Jaclyn', 'Ofelia', 'Maryellen', 'Monique', 'Rob', 'Armand', 'Darwin', 'Alfonzo', 'Roy', 'Nanette', 'Dawn', 'Bridget', 'Silvia', 'Toney', 'Roslyn', 'Joy', 'Jefferey']
['Geoffrey', 'Blaine', 'Carter', 'Audrey', 'Kermit', 'Rosella', 'Guadalupe', 'Ruthie', 'Ignacio', 'Leah', 'Allyson', 'Angelita', 'Frederic', 'Fletcher', 'Eliza', 'Theodore', 'Susanne', 'Jesus', 'Lamont', 'Demarcus']
['Lenore', 'Brandi', 'Mable', 'Carmine', 'Tanya', 'Bryce', 'Valentin', 'Lourdes', 'Jake', 'Dion', 'Allan', 'Dominique', 'Georgina', 'Hung', 'Cecilia', 'Leonard', 'Ila', 'Opal', 'Alyssa', 'Wm']
['Colleen', 'Keneth', 'Alta', 'Jerrod', 'Selma', 'Ollie', 'Sherrie', 'Riley', 'Theresa', 'Meredith', 'Lynwood', 'Edmundo', 'Polly', 'Herminia', 'Malcom', 'Gustavo', 'Randell', 'Lolita', 'Claudine', 'Toni']
['Ben', 'Lily', 'Reuben', 'Rey', 'Cara', 'Amado', 'Carrie', 'Selena', 'Austin', 'Lenard', 'Thomas', 'Bradly', 'Tisha', 'Sean', 'Mac', 'Earlene', 'Angel', 'Addie', 'Rueben', 'Arlie']
['Mavis', 'Norris', 'Arden', 'Leon', 'Dorothy', 'Norma', 'Marvin', 'Lucia', 'Wilbur', 'Adrienne', 'Werner', 'Josephine', 'Carmen', 'Joanna', 'Sharron', 'Omer', 'Curt', 'Shelia', 'Nadia', 'Wendi']
['Mauricio', 'Andy', 'Franklin', 'Patricia', 'Lonnie', 'Rosalinda', 'Eileen', 'Cathy', 'Orlando', 'Marco', 'Elias', 'Gregory', 'Jason', 'Caleb', 'Filiberto', 'Cleveland', 'Jacqueline', 'Thad', 'Wilford', 'Aubrey']
['Rosanna', 'Diann', 'Hipolito', 'Hubert', 'Sheena', 'Kelly', 'Jacquelyn', 'Kristofer', 'Josue', 'Omar', 'Johanna', 'Chong', 'Franklyn', 'Juan', 'Marty', 'Helene', 'Patty', 'Sophie', 'Karen', 'Quentin']
['Frank', 'Kathryn', 'Tim', 'Ann', 'Cathryn', 'Lakeisha', 'Damian', 'Brian', 'Nola', 'Karl', 'Lelia', 'Yvette', 'Terri', 'Mark', 'Annie', 'Stanley', 'Myra', 'Lawanda', 'Russell', 'Scottie']
['Murray', 'Lucille', 'Terrence', 'Gilbert', 'Misty', 'Wiley', 'Rufus', 'Deborah', 'Rene', 'Jenifer', 'Leandro', 'Mindy', 'Tod', 'Sheri', 'Dominick', 'Valerie', 'Harrison', 'Mai', 'Jules', 'Bertha']
['Claire', 'Mara', 'Meagan', 'Karina', 'Alison', 'Minerva', 'Lora', 'Demetrius', 'Son', 'Garret', 'Bonnie', 'Bertie', 'Ladonna', 'Von', 'Sherri', 'Shane', 'Lynnette', 'Reva', 'Palmer', 'Rosario']
['Krista', 'Carlene', 'Phil', 'Deanna', 'Ferdinand', 'Jerrell', 'Wally', 'Tyree', 'Leanna', 'Kirsten', 'Nannie', 'Natasha', 'Lemuel', 'Simon', 'Ilene', 'Bo', 'Charmaine', 'Fermin', 'Ines', 'Edwardo']
['Efren', 'Alvaro', 'Randy', 'Arnold', 'Chasity', 'Herschel', 'Anibal', 'Mildred', 'Buster', 'Napoleon', 'Lucinda', 'Hillary', 'Dianne', 'Oscar', 'Jerald', 'Jeanie', 'Alden', 'Graciela', 'Delores', 'Christina']
['William', 'Anastasia', 'Isiah', 'Rhett', 'Tara', 'Keenan', 'Rita', 'Ellsworth', 'Trina', 'Johnnie', 'Bud', 'Zack', 'Dora', 'Janette', 'Julia', 'Florencio', 'Eugene', 'Antwan', 'Lucas', 'Althea']
['Jayson', 'Adolph', 'Boyd', 'Daniel', 'Vera', 'Ulysses', 'Daisy', 'Claudette', 'Elmer', 'Hayden', 'Jody', 'Doug', 'Tanisha', 'Duane', 'Howard', 'Julian', 'Jack', 'Adalberto', 'Tuan', 'Hannah']
['Kitty', 'Rod', 'Teresa', 'Odis', 'Ramona', 'Jacklyn', 'Susie', 'Muriel', 'Freddy', 'Adela', 'Lucio', 'Imelda', 'Ahmed', 'Jarod', 'Neil', 'Valentine', 'Roxie', 'Emma', 'Donnie', 'Candy']
['Brooks', 'Andrea', 'Mallory', 'Nora', 'Corey', 'Conrad', 'Elva', 'Collin', 'Aisha', 'Katharine', 'Irvin', 'Lauren', 'Tanner', 'Miranda', 'Florentino', 'Carlton', 'Maxine', 'Agustin', 'Odell', 'Victor']
['Kayla', 'Sonia', 'Raymond', 'Luis', 'Jeff', 'Heidi', 'Barry', 'Justin', 'Elisa', 'Enrique', 'Kay', 'Ivy', 'Minh', 'Horace', 'Bert', 'Donny', 'Richie', 'Edgardo', 'Tami', 'Eli']
['Fidel', 'Joel', 'Jewell', 'Marion', 'Seth', 'Ethan', 'Shayne', 'Chris', 'Geneva', 'Joan', 'Jan', 'Mack', 'Alonso', 'Clay', 'Sally', 'Alana', 'Amanda', 'Louis', 'Dong', 'Brenda']
['Alexander', 'Cecelia', 'Robyn', 'Dorthy', 'Neal', 'Luz', 'Samuel', 'Leif', 'Danilo', 'Emilio', 'Dan', 'Trenton', 'Keisha', 'Matt', 'Stephen', 'Manuel', 'Caroline', 'Garrett', 'Fernando', 'Winfred']
['Toby', 'Tommy', 'Ashley', 'Britt', 'Meghan', 'Matthew', 'Clemente', 'Jerry', 'Iris', 'Numbers', 'Randi', 'Giuseppe', 'Josefina', 'Ronny', 'Jamar', 'Miquel', 'Latasha', 'Jonathan', 'Marianne', 'Briana']
['Summer', 'Rashad', 'Elise', 'Rudy', 'Dario', 'Carla', 'Waylon', 'Santos', 'Adeline', 'Lacy', 'Lavern', 'Edgar', 'Josiah', 'Madeline', 'Ida', 'Emilia', 'Rosa', 'Charlotte', 'Virginia', 'Rachael']
['Dustin', 'Ada', 'Jon', 'Scotty', 'Evelyn', 'Timmy', 'Roosevelt', 'Eldon', 'Stevie', 'Lessie', 'Lindsey', 'Salvador', 'Geraldo', 'Robbie', 'Keven', 'Joesph', 'Pablo', 'Dixie', 'Prince', 'Rebekah']
['Ward', 'Araceli', 'Ned', 'Ricardo', 'Brent', 'Jaime', 'Santo', 'Ty', 'Katelyn', 'Burton', 'Olga', 'Bobbie', 'Barrett', 'Earle', 'Francesca', 'Cornelius', 'Chang', 'Rosie', 'Julie', 'Jamel']
['Molly', 'Delia', 'Colby', 'Clarence', 'Fredrick', 'Rory', 'Reinaldo', 'Mollie', 'Curtis', 'Kristie', 'Brittany', 'Jim', 'Aimee', 'Sebastian', 'Jerrold', 'Isabel', 'Timothy', 'Simone', 'Sofia', 'Milagros']
['Fran', 'Alexis', 'Katrina', 'Ginger', 'Wendell', 'Twila', 'Isabelle', 'Ramon', 'Denis', 'Kennith', 'Ernesto', 'Issac', 'Jannie', 'Pedro', 'Leila', 'Tricia', 'Kim', 'Abby', 'Erasmo', 'Adriana']
['Genaro', 'Sandy', 'Sheryl', 'Chi', 'Emile', 'Kieth', 'Jared', 'Maryann', 'Tiffany', 'Lena', 'Evangelina', 'Felton', 'Melissa', 'Rosalie', 'Noelle', 'Penny', 'Terrance', 'Tyrone', 'Winford', 'Mike']
['Ernestine', 'Juanita', 'Hai', 'Calvin', 'Cordell', 'Mathew', 'Arlene', 'Cassie', 'Truman', 'Phyllis', 'Alberta', 'Annmarie', 'Arlen', 'Melva', 'Preston', 'Russel', 'Gracie', 'Marylou', 'Ray', 'Oren']
['Elisabeth', 'Fritz', 'Nona', 'Allie', 'Lester', 'Stefan', 'Trinidad', 'Oliver', 'Annabelle', 'Lawerence', 'Rogelio', 'Shannon', 'Derick', 'Therese', 'Galen', 'Bart', 'Carly', 'Elsa', 'Mckinley', 'Dale']
['Andres', 'Derek', 'Tabatha', 'Stacey', 'Dwight', 'Walker', 'Freeman', 'Leann', 'Beau', 'Archie', 'Basil', 'Kristine', 'Jane', 'Marilyn', 'Madge', 'Sammie', 'Pansy', 'Sadie', 'Roger', 'Bridgette']
['Tracie', 'Marcellus', 'Tyson', 'Ronda', 'Keith', 'Alton', 'Florine', 'Stuart', 'Myron', 'Lino', 'Pauline', 'Lenny', 'Michelle', 'Harland', 'Sharlene', 'Deloris', 'Porfirio', 'Reginald', 'Neva', 'Jillian']
['Carlo', 'Mattie', 'Titus', 'Garland', 'Louella', 'Kari', 'Willis', 'Eloy', 'Charles', 'Lyle', 'Vanessa', 'Kerry', 'Diane', 'Zachariah', 'Romeo', 'Bernadine', 'Marie', 'Mari', 'Houston', 'Adele']
['Williams', 'Antony', 'Eddy', 'Herb', 'Rachelle', 'Letitia', 'Gabriel', 'Jenny', 'Josie', 'Billy', 'Bryan', 'Wilton', 'Ella', 'Bridgett', 'Rex', 'Brad', 'Noble', 'Seymour', 'Rich', 'Sybil']
['Carmelo', 'Elwood', 'Candice', 'Nadine', 'Raquel', 'Albert', 'Janet', 'King', 'Wilfredo', 'Elijah', 'Isaiah', 'Christopher', 'Donovan', 'George', 'Kathie', 'Sondra', 'Terrie', 'Cameron', 'Clint', 'Marquita']
['Damon', 'Harlan', 'Diana', 'Susana', 'Leona', 'Nell', 'Herbert', 'Paula', 'Melanie', 'Mose', 'Marcel', 'Desmond', 'Tom', 'Dudley', 'Sasha', 'Ed', 'Maura', 'Rosetta', 'Lidia', 'Marquis']
['Augustine', 'Quincy', 'Julius', 'Britney', 'Benjamin', 'Mauro', 'Holly', 'Luther', 'Merrill', 'Doreen', 'Sergio', 'Mikel', 'Lina', 'Grover', 'Maude', 'Ricky', 'Thurman', 'Clifford', 'Noe', 'Carmella']
['Darrel', 'Deana', 'Brain', 'Cassandra', 'Frances', 'Jacinto', 'Terrell', 'Lane', 'Cindy', 'Gavin', 'Dusty', 'Bernie', 'Monroe', 'Sonny', 'Arthur', 'Ernest', 'Roberta', 'Stella', 'Johnathan', 'Eugenio']
['Janis', 'Gaston', 'Brenton', 'Faustino', 'Kent', 'Consuelo', 'Paris', 'Robby', 'Jeannie', 'Freda', 'Ezra', 'Lesley', 'Hope', 'Dane', 'Jeanine', 'Hester', 'Chung', 'Cheryl', 'Phoebe', 'Leonel']
