['121', '173', '179', '205', '210', '212', '510', '741', '742', '743', '745', '748', '751', '752', '754', '755', '941', '942', '943', '946', '947', '948', '949', '950', '951', '952', '953', '954', '955', '956', '957', '959', '964', '969', '970', '974', '979']
['176', '224', '225', '231', '234', '237', '544', '727', '735', '756', '842', '843', '846', '847', '848', '849', '851', '852', '853', '856', '857', '858', '883', '897', '899', '929']
['20', '22', '23', '25', '26', '27', '29', '30', '31', '32', '33', '34', '35', '36', '37', '38', '52', '475', '821', '828', '832', '835', '855', '921', '922', '928', '930', '931', '933', '934', '935', '936', '938', '939']
['243', '882', '944', '945', '958']
['48', '54', '519', '660', '663', '665', '666', '667', '668', '669', '672', '674', '679', '704', '705', '709', '710', '713', '714', '716', '800']
['259', '304', '312', '316', '321', '324', '333', '334', '338', '471', '486', '901', '904', '905', '906', '907', '910', '911', '914', '916', '917', '919']
['172', '187', '194', '380', '381', '383', '384', '385', '387', '388', '389', '390', '391', '392', '395', '396', '398', '399', '845', '850', '859', '866', '927']
['24', '66', '69', '75', '110', '203', '209', '216', '422', '424', '428', '431', '432', '433', '438', '661', '664', '670', '671', '675', '676', '677', '678']
['186', '190', '477', '703', '715', '926']
['62', '70', '76', '282', '425', '501', '504', '513', '515', '517', '518', '542', '545', '546', '547', '550', '552', '553', '554', '555', '556', '558']
['123', '441', '445', '449', '452', '454', '458', '605']
['0', '2', '6', '8', '10', '12', '14', '40', '60', '80', '95', '100', '120', '127', '152', '160', '161', '164', '165', '169', '170', '174', '175', '177', '178', '180', '200', '214', '220', '240', '300', '301', '303', '308', '313', '320', '326', '327', '336', '340', '360', '400', '401', '413', '420', '440', '460', '560', '580', '581', '589', '600', '620', '680', '720', '740', '780', '820', '840', '860', '871', '874', '880', '900', '902', '909', '912', '915', '920', '937', '940', '960']
['341', '343', '347', '348', '350', '354', '355', '356', '363', '366', '371', '378', '802', '803', '805', '806', '807', '808', '809', '812', '813', '814', '815', '816', '819']
['61', '167', '263', '278', '415', '861', '865', '867', '870', '873', '875', '876', '877', '878', '879']
['299']
['106', '108', '112', '114', '116', '119', '226']
['690', '749', '750', '753', '758', '961', '962', '966', '967', '971', '972', '973', '975', '976', '977', '978']
['1', '4', '7', '9', '11', '17', '19', '50', '53', '93', '891', '892']
['140', '159', '260', '261', '264', '266', '267', '268', '269', '271', '272', '273', '274', '276', '280', '291', '293', '442', '444', '455', '500', '540', '557', '623', '628', '629', '631', '633', '637', '700', '711']
['3', '5', '16', '826']
['101', '102', '103', '104', '105', '107', '109', '111', '113', '115', '117', '118', '290', '549', '687', '744', '747', '757', '884']
['182', '185', '188', '191', '196', '199', '421', '423', '426', '435', '437']
['18', '502', '505', '506', '507', '508', '511', '512', '514', '516', '551', '642', '646', '650', '657', '673']
['143', '464', '466', '474', '683', '695', '963', '991', '994']
['141', '142', '144', '145', '147', '148', '149', '150', '151', '153', '154', '155', '156', '157', '480', '487', '488', '496', '788', '792', '980', '981', '984', '987', '988', '990', '992']
['122', '126', '130', '136', '241', '242', '244', '246', '248', '252', '253', '254', '256', '257', '258', '565', '895']
['481', '482', '483', '484', '485', '489', '490', '491', '492', '493', '494', '495', '497', '498', '590', '601', '603', '604', '606', '607', '608', '609', '611', '613', '614', '615', '616', '617', '618', '762', '769', '775', '776', '778']
['201', '202', '204', '206', '207', '211', '213', '215', '217', '218', '219', '443', '446', '447', '448', '451', '453', '456', '457', '459', '602', '612', '619']
['72', '245', '804']
['15', '63', '64', '65', '67', '68', '71', '73', '74', '77', '78', '79', '208', '681', '685', '688', '689', '692', '699']
['503', '509', '621', '622', '624', '625', '626', '627', '632', '634', '635', '636', '638', '982', '983', '985', '986', '989', '993', '995', '996', '997', '999']
['247', '249', '250', '251', '255', '284', '287', '288', '294', '295', '297', '599', '761', '763', '764', '766', '767', '770', '771', '772', '773', '774', '777', '801', '811', '903']
['162', '163', '171', '520', '521', '524', '527', '529', '530', '533', '537', '783', '785', '790', '796', '799']
['168', '640', '641', '643', '644', '645', '647', '648', '649', '651', '652', '653', '654', '655', '656', '658', '659', '701', '702', '706', '708', '717', '718', '719', '781']
['302', '322', '323', '325', '328', '329', '330', '331', '332', '335', '450', '582', '583', '584', '586', '588', '591', '592', '594', '596', '597', '598', '686', '693', '694', '697', '721', '722', '724', '726', '728', '729', '730', '732', '733', '736', '737', '738', '739', '810', '817', '965']
['238', '239', '499', '918']
['81', '83', '84', '85', '87', '88', '92', '94', '96', '146', '158', '262', '265', '270', '277', '279', '470', '522', '523', '525', '526', '528', '531', '532', '534', '535', '536', '538', '539', '610']
['382', '386', '393', '394', '397', '841', '862', '923', '924', '932']
['541', '543', '548', '559', '746', '759', '854']
['166', '361', '362', '364', '365', '367', '368', '369', '370', '372', '373', '374', '375', '376', '377', '379', '684', '696', '698', '782', '784', '786', '787', '789', '791', '793', '794', '795', '798']
['43', '45', '46', '47', '55', '56', '57', '58', '59', '822', '824', '825', '827', '829', '830', '831', '833', '834', '836', '837', '838', '839', '968']
['28', '91', '98', '639', '760', '765', '768', '779']
['124', '125', '128', '129', '131', '132', '133', '134', '135', '137', '138', '139', '305', '306', '307', '309', '310', '311', '314', '315', '317', '318', '319', '823']
['281', '337', '339', '429', '434', '439', '461', '462', '463', '465', '467', '468', '469', '472', '473', '476', '478', '479', '707', '712']
['41', '42', '44', '49', '51', '286', '292', '585', '587', '593', '595', '797', '863']
['82', '86', '89', '90', '99', '342', '344', '346', '349', '351', '352', '353', '357', '358', '359', '403', '404', '409', '411', '412', '417', '561', '564', '573', '574', '575', '576', '662']
['21', '39', '402', '405', '406', '407', '408', '410', '414', '416', '418', '419', '723', '725', '731', '734', '998']
['97', '427', '430', '436', '630', '881', '885', '886', '887', '888', '889', '890', '893', '894', '896', '898']
['13', '221', '222', '223', '227', '228', '229', '230', '232', '233', '235', '236', '682', '908', '913']
['283', '285', '289', '296', '298', '345', '562', '563', '566', '567', '568', '569', '570', '571', '572', '577', '578', '579', '691']
['181', '183', '184', '189', '192', '193', '195', '197', '198', '275', '818', '844', '864', '868', '869', '872', '925']
