['109', '142', '156', '168', '194', '432', '497', '507', '534', '576', '588', '592', '601', '612', '678', '726', '737', '743', '747', '760', '773', '816', '833', '863', '902', '931', '989']
['40', '41', '58', '77', '79', '99', '101', '119', '230', '365', '371', '385', '484', '586', '608', '643', '690', '696', '724', '817', '823', '921', '924', '939', '950', '991']
['3', '71', '97', '157', '226', '250', '271', '314', '422', '427', '442', '511', '583', '596', '621', '647', '655', '662', '677', '699', '702', '716', '733', '862', '891', '946', '965']
['16', '25', '63', '69', '120', '192', '242', '268', '283', '327', '361', '393', '465', '490', '509', '529', '531', '603', '666', '671', '686', '772', '786', '800', '872', '896', '979']
['30', '81', '174', '348', '360', '405', '408', '420', '430', '443', '461', '478', '521', '756', '780', '820', '865', '940']
['12', '128', '147', '239', '258', '298', '373', '437', '453', '489', '504', '542', '559', '599', '629', '674', '689', '723', '732', '738', '765', '838', '844', '867', '889', '993']
['0', '8', '37', '122', '167', '275', '284', '328', '332', '335', '344', '392', '401', '467', '472', '482', '515', '555', '577', '591', '619', '637', '644', '648', '667', '941', '978']
['136', '198', '220', '251', '297', '302', '323', '404', '440', '445', '486', '537', '561', '579', '587', '620', '630', '697', '827', '845', '853', '936', '963', '968', '972', '982']
['51', '53', '113', '121', '187', '201', '216', '223', '246', '266', '280', '293', '353', '374', '444', '448', '479', '491', '707', '791', '818', '842', '883', '922', '937', '987']
['49', '52', '140', '166', '256', '321', '338', '346', '377', '384', '399', '425', '508', '610', '618', '660', '683', '708', '721', '745', '813', '854', '876', '899', '906', '943', '958']
['13', '65', '95', '188', '222', '224', '247', '261', '305', '372', '412', '464', '470', '471', '525', '540', '607', '609', '634', '670', '731', '734', '769', '783', '807', '819']
['56', '125', '185', '186', '245', '307', '315', '380', '406', '502', '632', '649', '653', '679', '682', '705', '812', '825', '834', '840', '887', '890', '908', '914', '947', '977']
['43', '199', '225', '300', '329', '351', '352', '369', '429', '435', '496', '513', '533', '544', '550', '602', '659', '669', '730', '750', '752', '843', '881', '888', '927', '938', '995']
['86', '131', '213', '259', '263', '267', '310', '582', '955']
['19', '21', '180', '206', '277', '294', '309', '402', '411', '417', '418', '428', '455', '510', '524', '530', '568', '572', '684', '704', '715', '767', '777', '895', '898', '900', '903']
['67', '115', '139', '184', '249', '254', '368', '376', '410', '413', '477', '512', '522', '560', '584', '600', '606', '640', '645', '714', '736', '755', '779', '784', '850', '918', '986']
['286', '347', '407', '501', '728']
['9', '31', '60', '62', '70', '90', '133', '221', '232', '238', '358', '454', '506', '516', '549', '589', '693', '700', '729', '758', '793', '815', '832', '859', '864', '959']
['18', '22', '42', '57', '85', '176', '196', '203', '204', '270', '316', '378', '390', '396', '447', '562', '567', '571', '605', '611', '650', '710', '720', '835', '919', '935', '970']
['2', '10', '50', '208', '366', '370', '436', '449', '460', '483', '499', '518', '749', '768', '778', '808', '814', '861', '874', '886', '909', '928', '949', '992']
['44', '76', '209', '290', '354', '419', '459', '469', '636', '711', '828', '841', '875', '964', '971']
['7', '17', '55', '68', '73', '91', '153', '217', '229', '241', '287', '295', '301', '349', '356', '462', '476', '570', '595', '680', '802', '836', '847', '892', '948', '969', '983']
['4', '33', '93', '143', '219', '235', '303', '363', '433', '451', '517', '526', '541', '552', '565', '574', '627', '633', '685', '694', '717', '759', '894', '912', '926', '966', '981']
['80', '84', '104', '124', '129', '183', '189', '191', '234', '306', '312', '322', '382', '403', '473', '519', '528', '556', '698', '725', '871', '873', '879', '882', '953', '975', '856']
['14', '24', '26', '114', '135', '151', '169', '178', '202', '296', '424', '474', '492', '493', '538', '551', '578', '625', '646', '746', '753', '806', '910', '920', '930', '974', '997']
['35', '110', '123', '134', '148', '177', '318', '446', '456', '463', '661', '803', '804']
['38', '145', '211', '253', '291', '362', '388', '398', '414', '498', '503', '505', '553', '615', '651', '761', '785', '792', '794', '811', '826', '877', '884', '911', '934', '952', '985']
['59', '89', '141', '146', '215', '231', '236', '299', '320', '359', '375', '431', '480', '573', '614', '628', '663', '676', '692', '712', '740', '798', '866', '880', '954', '984', '990']
['265', '333', '345', '350', '617', '672', '967']
['47', '64', '111', '158', '159', '212', '240', '255', '289', '304', '330', '342', '383', '457', '520', '566', '598', '622', '624', '739', '748', '789', '821', '846', '855', '904', '960']
['130', '182', '214', '237', '252', '285', '311', '389', '415', '495', '575', '594', '639', '652', '657', '719', '754', '799', '801', '858', '885', '913', '956', '962', '988', '999', '272']
['190', '441', '638', '642', '718', '776', '857', '942', '973']
['27', '48', '66', '83', '94', '106', '127', '150', '160', '170', '172', '331', '357', '381', '397', '426', '527', '580', '631', '656', '658', '665', '713', '797', '852', '870', '897']
['6', '102', '116', '138', '164', '193', '205', '273', '394', '458', '548', '554', '581', '597', '613', '687', '788', '795', '869', '893', '925', '929', '976', '996']
['105', '107', '132', '144', '165', '179', '197', '262', '282', '336', '387', '487', '557', '593', '616', '664', '681', '688', '735', '766', '781', '805', '849', '916', '932', '945']
['1', '15', '100', '117', '161', '248', '264', '278', '279', '416', '523', '545', '564', '701', '762', '774', '809', '824', '837', '923', '957', '961', '980']
['11', '72', '75', '103', '108', '112', '126', '152', '173', '200', '313', '324', '325', '355', '466', '468', '475', '481', '485', '547', '558', '623', '635', '822', '831', '848', '905']
['45', '74', '78', '96', '162', '171', '269', '317', '334', '339', '367', '386', '439', '450', '514', '532', '585', '764', '810', '839', '878', '907', '917', '933', '951', '994', '998']
['5', '20', '28', '29', '61', '154', '163', '195', '207', '233', '281', '288', '308', '319', '340', '391', '434', '536', '590', '654', '668', '673', '742', '751', '757', '782', '790']
['23', '32', '98', '118', '175', '210', '218', '260', '276', '326', '341', '409', '421', '423', '500', '535', '543', '546', '604', '703', '727', '741', '770', '771', '775', '901']
['34', '39', '87', '137', '149', '155', '181', '227', '244', '337', '343', '395', '539', '563', '626', '641', '691', '722', '744', '763', '796', '830', '860', '915', '944']
['36', '46', '54', '82', '88', '92', '228', '243', '257', '274', '292', '364', '379', '400', '438', '452', '488', '494', '569', '675', '695', '706', '709', '787', '829', '851', '868']
