['Dyan', 'Kaleena']
['Adore', 'Alane', 'AnnaDiana', 'Annadiana', 'Ayn', 'Barbey', 'Bobbye', 'Carmine', 'Cheryl', 'Clarisse', 'Clea', 'Dannie', 'Darline', 'Edyth', 'Elana', 'Elfrieda', 'Georgiana', 'Honor', 'Jori', 'Karlyn', 'Kyla', 'Latisha', 'Lauraine', 'Laural', 'Leandra', 'Lida', 'Lizbeth', 'Marcela', 'Mariejeanne', 'Martie', 'Marty', 'Michelina', 'Mollee', 'Paulette', 'Penny', 'Rochell', 'Tate', 'Tisha', 'Trix', 'Wandie']
['Adel', 'Aggie', 'Almira', 'Ania', 'Carlynn', 'Charleen', 'Cherice', 'Cissy', 'Clarissa', 'Corinna', 'Dayle', 'Denny', 'Eadith', 'Eloisa', 'Emalia', 'Emlyn', 'Grazia', 'HollyAnne', 'Jannel', 'Jeannine', 'Karina', 'Larissa', 'Lavena', 'Lillian', 'Linell', 'Lissie', 'Loreen', 'Margaretha', 'Maridel', 'Merrile', 'Raeann', 'Ruthy', 'Shayla', 'Tarrah', 'Tersina', 'Tiffany', 'Tiphani', 'Vikki', 'Vivian', 'Yevette']
['Annamaria']
['Elinore', 'Leslie']
['Adoree', 'Andra', 'Andromache', 'Ava', 'BetteAnn', 'Carine', 'Cecilia', 'Charlotte', 'Clotilda', 'Colly', 'Consuelo', 'Crystie', 'Dani', 'Dorie', 'Ethelin', 'Fannie', 'Felicdad', 'Gerhardine', 'Gilligan', 'Glennie', 'Imogen', 'Irene', 'Jodi', 'Kally', 'Kayla', 'Ki', 'Lanna', 'Mercedes', 'Nancey', 'Nessy', 'Norrie', 'Pamelina', 'Philippe', 'Renelle', 'Rhea', 'Shanta', 'Tara', 'Valencia', 'Vikky', 'Wileen']
['Allene', 'Allyce', 'Ardyth', 'Casey', 'Corene', 'Jessie', 'Kinna', 'Laurianne', 'Layney', 'Melinda', 'Perl', 'Susan']
['Althea', 'Alyssa', 'Annamarie', 'Anya', 'Barby', 'Berte', 'Berty', 'Bettine', 'Cate', 'Costanza', 'Cristina', 'Daniella', 'Elita', 'Evita', 'Fan', 'Genevieve', 'Jayne', 'Jessika', 'Karrie', 'Kristine', 'Lyndel', 'Marchelle', 'Mirabella', 'Missie', 'Nalani', 'Ninon', 'Phil', 'Robena', 'Rorie', 'Rosamond', 'Rosie', 'Ruperta', 'Sarah', 'Shell', 'Stacie', 'Suzie', 'Tori', 'Trude', 'Venita', 'Vere']
['Ara', 'Astrix', 'Augustina', 'Bernete', 'Betta', 'Callida', 'Cassy', 'Clemence', 'Cleopatra', 'Danice', 'Darcee', 'Deane', 'Deeyn', 'Dodi', 'Elisabetta', 'Enrica', 'Eugine', 'Ezmeralda', 'Fernande', 'Gae', 'Gayle', 'Jacky', 'Judith', 'Kakalina', 'Lauralee', 'Lucky', 'Marcelle', 'Margaret', 'Marita', 'Meagan', 'Mela', 'Modesty', 'Nettie', 'Phoebe', 'Pooh', 'Reeba', 'Rivalee', 'Susanne', 'Tami', 'Tansy']
['Aeriel', 'Aleece', 'Amargo', 'Anastassia', 'Andi', 'Benetta', 'Carlina', 'Cherey', 'Coralie', 'Corliss', 'Doro', 'Dorothy', 'Ericka', 'Ermina', 'Evelina', 'Gale', 'Gladi', 'Jacquenetta', 'Jeni', 'Jerrine', 'Kalie', 'Katie', 'Kellen', 'Layla', 'Maisie', 'Malinda', 'Marget', 'Melba', 'Mellisent', 'Milicent', 'Minna', 'Netta', 'Olva', 'Phyllida', 'Ranique', 'Susann', 'Therine', 'Tommi', 'Vin', 'Zarla']
['Ashlie', 'Daria', 'Emelita', 'Georgeta', 'Glenda', 'Katina', 'Lynne', 'Robyn']
['Aviva', 'Bobbi', 'Bobette', 'Bonnee', 'Carroll', 'Catlin', 'Christabella', 'Clementine', 'Deerdre', 'Dolli', 'Dorthy', 'Elfie', 'Elyn', 'Ethelind', 'Felita', 'Gabriell', 'Hallie', 'Helene', 'Janean', 'Jessi', 'Joannes', 'Jorie', 'Kandy', 'Koralle', 'Lily', 'Melisenda', 'Meredithe', 'Merrilee', 'Murial', 'Neila', 'Nissa', 'Paige', 'Rakel', 'Rose', 'Rosmunda', 'Sarene', 'Shandie', 'Shannon', 'Sibbie', 'Sibley']
['Agathe', 'Ailyn', 'Alice', 'Antonetta', 'Barb', 'Berthe', 'Carolee', 'Caryl', 'Cassey', 'Christiana', 'Crista', 'Darelle', 'Delora', 'Dyana', 'Eartha', 'Eddy', 'Farand', 'Gabrila', 'Germain', 'Gerry', 'Jennee', 'Jillian', 'Johnath', 'Kaja', 'Katee', 'Kirstin', 'Kirstyn', 'Livia', 'Maddalena', 'Petrina', 'Sada', 'Scarlett', 'Sibeal', 'Sibella', 'Suzanna', 'Tonye', 'Torey', 'Valida', 'Violetta', 'Zitella']
['Beulah']
['Adrian', 'Alex', 'Allis', 'Andrei', 'Annabal', 'Audrye', 'Blair', 'Brunhilda', 'Candie', 'Cherrita', 'Cindee', 'Cinnamon', 'Cornie', 'Cyndie', 'Ddene', 'Donnie', 'Else', 'Fawne', 'Gaylene', 'Grace', 'Gusta', 'Janice', 'Jermaine', 'Koral', 'Korella', 'Larisa', 'Letitia', 'Letta', 'Lorette', 'Madelaine', 'Maitilde', 'Myrta', 'Nanni', 'Nataline', 'Nina', 'Shaylah', 'Vilhelmina', 'Wandis', 'Wendi', 'Zelda']
['Amelia', 'Ardath', 'Audre', 'Barbette', 'Cherish', 'Drusy', 'Esmaria', 'Glory', 'Gwennie', 'Jenni', 'Kiley', 'Kimberly', 'Ladonna', 'Lelah', 'Leontine', 'Lissy', 'Lorinda', 'Marlee', 'Martita', 'Maude', 'Maybelle', 'Monah', 'Netty', 'Nicky', 'Odetta', 'Ofella', 'Portia', 'Randene', 'Ranna', 'Raye', 'Roxie', 'Stefania', 'Stormie', 'Sukey', 'Tiffani', 'Timmi', 'Ulla', 'Viola', 'Zabrina', 'Zenia']
['Bernice', 'Betti', 'Blake', 'Calli', 'Charlena', 'Chris', 'Dagmar', 'Dell', 'Dosi', 'Edi', 'Elaina', 'Evaleen', 'Eveline', 'Gabi', 'Idette', 'Iris', 'Jacintha', 'Jessica', 'Katleen', 'Leigh', 'Leta', 'Lisetta', 'Marrissa', 'Marsiella', 'Marthena', 'Min', 'Mindy', 'Naomi', 'Neysa', 'Nonnah', 'Pris', 'Ralina', 'Raquela', 'Ray', 'Sharleen', 'Shawnee', 'Sheena', 'Susannah', 'Tarra', 'Wini']
['Adriaens', 'Allissa', 'Allx', 'Aurelie', 'Caresse', 'Celinda', 'Clarabelle', 'Darrelle', 'Dede', 'Emili', 'Estella', 'Flossie', 'Heidie', 'Hilde', 'Jennilee', 'Jenny', 'Kass', 'Katrine', 'Liesa', 'Lorelei', 'Luelle', 'Lynett', 'Margaretta', 'Merilee', 'Michal', 'Mollie', 'Nerte', 'Nevsa', 'Niki', 'Nollie', 'Paula', 'Paulie', 'Sally', 'Sandie', 'Sibby', 'Sofie', 'Tine', 'Tova', 'Tracie', 'Vicki']
['Adelle', 'Aeriela', 'Alida', 'Arleen', 'Ashia', 'Auroora', 'Bobbette', 'Celia', 'Claresta', 'Doloritas', 'Donnamarie', 'Elmira', 'Ericha', 'Florance', 'Fred', 'Fredelia', 'Gennie', 'Gweneth', 'Isabel', 'Judi', 'Koren', 'Leonelle', 'Lila', 'Lura', 'Madlin', 'Martguerita', 'Myrah', 'Natalya', 'Ola', 'Robina', 'Rosy', 'Roxana', 'Savina', 'Sheba', 'Sioux', 'Sylvia', 'Teena', 'Terra', 'Vittoria', 'Yolande']
['Merilyn', 'Odele']
['Alene', 'Angelita', 'Anna', 'Annie', 'Candice', 'Daniela', 'Delcine', 'Drusilla', 'Emmie', 'Ernaline', 'Frankie', 'Gabie', 'Gertrud', 'Hannie', 'Hildagarde', 'Hortense', 'Jacinthe', 'Jaquenette', 'Jobi', 'Julianna', 'Katlin', 'Keeley', 'Kipp', 'Laverne', 'Lethia', 'Lorri', 'Manda', 'Manya', 'Margarette', 'Minnie', 'Moina', 'Orel', 'Peggy', 'Ree', 'Roobbie', 'Sherri', 'Tamiko', 'Wallie', 'Willamina', 'Zilvia']
['Aarika', 'Ardith', 'Bonita', 'Christy', 'Darleen', 'Dorris', 'Elianora', 'Elvera', 'Emelyne', 'Estrella', 'Eyde', 'Farica', 'Gerladina', 'Gertie', 'Grayce', 'Haily', 'Harriette', 'Hildegarde', 'Illa', 'Konstanze', 'Lacy', 'Lauryn', 'Lorie', 'Madeline', 'Margarete', 'Mathilda', 'Monika', 'Myrilla', 'Pamella', 'Phillida', 'Phillie', 'Ros', 'Sharon', 'Sheryl', 'Tedra', 'Trina', 'Valerie', 'Wynnie', 'Xena', 'Yolanda']
['Elsinore', 'Katya', 'Lauretta', 'Pansy']
['Ainslee', 'Ainslie', 'Alanna', 'Aleda', 'Alikee', 'Ally', 'Anjanette', 'Ardelle', 'Britt', 'Brittan', 'Brynn', 'Carmelita', 'Charis', 'Dore', 'Faina', 'Grata', 'Hester', 'Jania', 'Janna', 'Jilly', 'Jinny', 'Johna', 'Karlotte', 'Katherina', 'Kathryne', 'Kay', 'Kerstin', 'Lilian', 'Luciana', 'Marian', 'Martica', 'Maryjane', 'Merna', 'Nanine', 'Pam', 'Pauly', 'Shena', 'Valentina', 'Viki', 'Yvonne']
['Alyce', 'Annice', 'Aundrea', 'Bekki', 'Bel', 'Brunhilde', 'Chloe', 'Corine', 'Corny', 'Corrianne', 'Cristine', 'Dennie', 'Eliza', 'Esme', 'Fayina', 'Flore', 'Hedi', 'Hedwiga', 'Ilene', 'Ilyse', 'Jonie', 'Kamilah', 'Karrah', 'Kate', 'Kettie', 'Lanni', 'Lindi', 'Luz', 'Lyndsay', 'Mallissa', 'Marcille', 'Nadiya', 'Rafaelia', 'Rodina', 'Rosalinde', 'Tiphany', 'Tobi', 'Tonya', 'Vally', 'Xylia']
['Alison', 'Ange', 'Arlena', 'Audie', 'Bea', 'Belia', 'Constancy', 'Coral', 'Daffy', 'Elane', 'Eleonora', 'Ema', 'Emma', 'Fina', 'Flor', 'Giustina', 'Helen', 'Imelda', 'Jany', 'Juana', 'Kaile', 'Karie', 'Karol', 'Lauree', 'Lib', 'Louella', 'Maiga', 'Malissa', 'Meaghan', 'Meridith', 'Oralia', 'Philomena', 'Prudence', 'Rochette', 'Rodie', 'Shela', 'Siobhan', 'Stacey', 'Steffie', 'Veradis']
['Angela', 'Ardene', 'Brittney', 'Cal', 'Cassandry', 'Cherin', 'Diann', 'Dollie', 'Dyann', 'Emmey', 'Ethelyn', 'Fern', 'Gay', 'Goldy', 'Helaine', 'Isobel', 'Jyoti', 'Kyle', 'Larine', 'Laurena', 'Lisa', 'Luci', 'Margie', 'Marrilee', 'Maxi', 'Melodie', 'Neala', 'Nelle', 'Nerita', 'Pietra', 'Pollyanna', 'Rachael', 'Ronalda', 'Rubie', 'Sarajane', 'Tatum', 'Tracey', 'Trudie', 'Wilow', 'Yoshiko']
['Lexy']
['Alexina', 'Antonie', 'Belicia', 'Berni', 'Bert', 'Brandie', 'Bree', 'Brigitte', 'Clem', 'Cosetta', 'Darci', 'Darlene', 'Donica', 'Doria', 'Elnore', 'Emyle', 'Ettie', 'Gabrielle', 'Gipsy', 'Hanni', 'Hyacinthie', 'Indira', 'Irita', 'Jaquenetta', 'Karolina', 'Ludovika', 'Lydie', 'Mady', 'Marjie', 'Marti', 'Melisa', 'Nadia', 'Nathalia', 'Papagena', 'Philis', 'Rasla', 'Saree', 'Shayna', 'Shirlene', 'Verina']
['Emily']
['Alaine', 'Allie', 'Astrid', 'Aurelia', 'Bee', 'Britni', 'Caprice', 'Celestine', 'Cordi', 'Cortney', 'Dehlia', 'Doralynn', 'Eddie', 'Eloise', 'Emeline', 'Fanchette', 'Georgette', 'Gianna', 'Gladys', 'Hailee', 'Haley', 'Janis', 'Jeri', 'Kitti', 'Kristel', 'Lana', 'Mareah', 'Nicolea', 'Norene', 'Orly', 'Rafaela', 'Ranee', 'Ronna', 'Samaria', 'Selie', 'Shane', 'Sharlene', 'Tabbie', 'Vivienne', 'Winni']
['Abbye', 'Anestassia', 'Annette', 'Annis', 'Blinny', 'Bren', 'Catha', 'Chery', 'Chrystel', 'Dacey', 'Darcie', 'Dixie', 'Dory', 'Faun', 'Ferdinanda', 'Freda', 'Golda', 'Gretel', 'Henryetta', 'Hollyanne', 'Jackelyn', 'Jena', 'JoAnn', 'Joane', 'Karine', 'Kerrill', 'Leshia', 'Linn', 'Linnet', 'Maighdiln', 'Naoma', 'Nicola', 'Noreen', 'Onida', 'Rebekah', 'Rosa', 'Sharron', 'Tallou', 'Terza', 'Valera']
['Anette', 'Annabell', 'Ardelia', 'Aubrie', 'Bari', 'Blondy', 'Candy', 'Caroljean', 'Caryn', 'Chandra', 'Cherida', 'Clary', 'Dierdre', 'Elizabet', 'Faythe', 'Frieda', 'Geralda', 'Isidora', 'Jeannie', 'Jolynn', 'Junie', 'Karin', 'Kirbee', 'Lou', 'Marci', 'Mariette', 'Melicent', 'Nanette', 'Pauline', 'Peria', 'Robinett', 'Sybil', 'Tildy', 'Trixy', 'Twila', 'Valry', 'Virginia', 'Vivianne', 'Vyky', 'Zena']
['Belva', 'Demetria', 'Lusa', 'Reena', 'Tammy', 'Valma']
['Ailis', 'Alia', 'Anselma', 'Antonella', 'Antonina', 'Aurilia', 'Barrie', 'Bird', 'Blanca', 'Bryn', 'Catharina', 'Fania', 'Felecia', 'Genna', 'Gertrude', 'Gusti', 'Jess', 'Jobina', 'Jonell', 'Kacy', 'Kirsten', 'Laina', 'Lilllie', 'Lin', 'Madonna', 'Maia', 'Mala', 'Marlyn', 'Maryl', 'Merla', 'Minne', 'Morissa', 'Odilia', 'Orelle', 'Pearl', 'Ruth', 'SheilaKathryn', 'Sofia', 'Tallia', 'Vonni']
