['117', '150', '152', '166', '168', '316', '323', '325', '327', '329', '331', '333', '335', '418', '420']
['24', '68', '70', '148', '170', '204', '206', '208', '365', '367', '369', '371', '373', '375', '377']
['29', '31', '35', '37', '39', '41', '42', '216', '218', '220', '222', '464', '466']
['107', '108', '155', '159', '161', '163', '165', '225', '227', '229', '231', '233', '237', '435']
['46', '48', '50', '52', '54', '56', '94', '96', '110', '112', '158', '160', '270', '272', '422']
['240', '254', '256', '258', '440', '442', '444', '446', '448', '451', '455', '457', '459', '461']
['26', '28', '38', '40', '118', '296', '337', '339', '341', '343', '345', '347', '358', '360', '488']
['104', '106', '318', '320', '322', '399', '400', '491', '493', '495', '497', '501', '503']
['105', '141', '143', '145', '147', '149', '151', '153', '246', '414', '437', '441', '443', '445', '447']
['69', '103', '157', '167', '392', '439']
['33', '86', '88', '184', '186', '188', '248', '250', '252', '300', '478']
['146', '295', '297', '301', '303', '305', '307', '348', '350', '408', '410', '412', '482', '484', '486']
['16', '18', '20', '120', '122', '127', '129', '131', '133', '135', '137', '139', '162', '164']
['10', '12', '14', '169', '171', '173', '175', '177', '179', '298']
['71', '73', '75', '77', '79', '81', '83', '85', '87', '89', '91', '93', '95', '97', '314']
['1', '3', '5', '7', '9', '11', '13', '90', '92', '202', '328', '498', '500', '502', '504']
['235', '281', '283', '285', '287', '289', '291', '293', '308', '310', '312', '330', '394', '396', '398']
['58', '181', '196', '210', '214', '268', '288', '290', '342', '344', '346', '436', '438']
['44', '198', '200', '230', '232', '234', '236', '299', '338', '340', '428', '430', '432', '480', '499']
['57', '59', '61', '63', '65', '67', '142', '144', '176', '178', '180', '182', '226', '228', '490']
['128', '130', '302', '304', '306', '366', '368', '370', '379', '381', '383', '385', '387', '389', '391']
['211', '267', '269', '271', '273', '277', '279', '292', '294', '332', '334', '336', '349', '393']
['82', '84', '124', '126', '351', '353', '355', '357', '359', '361', '363', '402', '404']
['156', '191', '239', '260', '262', '264', '421', '423', '425', '427', '431', '433', '458', '460', '462']
['15', '17', '43', '47', '49', '51', '53', '55', '238', '352', '406', '424', '426', '434']
['2', '4', '6', '8', '22', '78', '80', '213', '215', '217', '219', '221', '223']
['74', '76', '100', '102', '138', '140', '154', '183', '185', '187', '189', '193', '195', '372', '374']
['72', '190', '192', '194', '324', '326', '407', '409', '411', '413', '415', '417', '419', '463', '465']
['116', '282', '284', '286', '449', '453', '477', '479', '481', '483', '485', '487', '489']
['99', '101', '109', '111', '197', '199', '201', '203', '205', '207', '209', '266', '275', '354', '356']
['98', '274', '376', '378', '380', '382', '384', '386', '388', '390', '467', '469', '471', '473', '475']
['19', '21', '23', '25', '27', '60', '62', '242', '244', '362', '364', '429', '492', '494', '496']
['114', '253', '255', '257', '259', '261', '263', '265', '276', '395', '397', '401', '403', '405', '416']
['212', '241', '243', '245', '247', '249', '251', '450', '452', '454', '456', '468', '470', '472', '474']
['32', '34', '36', '45', '113', '115', '119', '121', '123', '125', '172', '174', '278', '280']
['30', '64', '66', '132', '134', '136', '224', '309', '311', '313', '315', '317', '319', '321', '476']
