['CRWQUA', 'AUBOMD', 'TEMLYH', 'PTBPIH', 'NHAHWP']
['WTAUOC', 'ATRFBB', 'JTVAZF', 'BTCOGZ', 'WIQAPQ']
['FLMDCG', 'EABWYB', 'UQVDYP', 'YOOREU', 'XSOORJ']
['HENZCQ', 'OFFPSH', 'DDYYMP', 'MHZVQE', 'CEJKIY']
['USCURZ', 'YSDCTZ', 'UEIDZS', 'BCQGRD', 'SZUAND']
['USWWMX', 'KOPEGF', 'ZWGINJ', 'UNZLOB', 'FHGTKA']
['GOCDAY', 'GKUTZZ', 'ZDBTPG', 'TJWQHM', 'BFGCWM']
['RELXGG', 'GKLNOH', 'BSMNKS', 'OTFSKY', 'QZAQZM']
['CUOSZQ', 'FDGQOU', 'VCWJNG', 'QVGWFV', 'SPTPIT']
['TEPVGI', 'UTQHVK', 'QSXRKR', 'BSOKXA', 'TYLRDT']
['IOZAWW', 'VXZXFW', 'PWJUHK', 'CRIQJJ', 'NTDMFW']
['PTOBVJ', 'DSLHWR', 'SXZMLL', 'YZBGAO', 'VNVMJP']
['AJRTQU', 'GDPHIY', 'GXTUIE', 'UIOBYU', 'KHPCHV']
['EPJBRW', 'VMDLNZ', 'XUGUAG', 'GOQNUL', 'ETNPSY']
['PVXXJV', 'FECBGY', 'LKREEQ', 'TBJDSH', 'LNNXAF']
['LDYDNY', 'VZUSMQ', 'UEVMGW', 'NQRKCB', 'INLSVJ']
['SEDFTJ', 'LEKYTZ', 'HDPJJP', 'EGBKPE', 'KTNLKU']
['WTJAAR', 'RTTTCK', 'WKJHLN', 'DHFNOR', 'KCBKKQ']
['HKGFCY', 'HYPUCQ', 'ZFQHOU', 'FJNGEU', 'VWXTUO']
['MKANSN', 'EILENK', 'HTJSCF', 'QMRLSO', 'GPKXGR']
['UHHZDW', 'RCBVEW', 'UOXKXF', 'KWMOHZ', 'HZPRRO']
['IIMZMU', 'YZZUCF', 'PHGGGI', 'EKWDVQ', 'VNAKDP']
['SJHJSP', 'GGKDLC', 'PFXEYM', 'PNVUDC', 'LRCNZN']
['OGXHJB', 'NKWSDE', 'HALEBP', 'ENTPGB', 'BIGWEQ']
['VONBVI', 'BSZGHW', 'QNUESF', 'TFTYWC', 'MHDLTX']
['AHQBQN', 'DCAOCT', 'UKIHXB', 'CSBANZ', 'LDHSSX']
['AIHYEU', 'XJKLAT', 'QDRGJS', 'VPVXEZ', 'OMIERE']
['JPCBMM', 'VYQSPX', 'HOBKGD', 'NMWPWE', 'CIIJGT']
['JRVRDQ', 'RLZMZO', 'AVHRAS', 'MZUUMQ', 'PLYUUP']
['OOIJSD', 'MNXXOV', 'AJTFKV', 'MMINZX', 'XDMJVL']
['VIINBF', 'IBLORD', 'PDINVG', 'LNRZSJ', 'GBVWQU']
['NGAPVM', 'DJSXVF', 'RFBJFX', 'NGNGFS', 'SBOPCF']
['EASKJX', 'UKMAMY', 'KQQUVA', 'NLPYXN', 'ZUJNKP']
['ZYDXBH', 'ZYHMKH', 'XPGFUK', 'RINOWS', 'VKMCQX']
['GOSFUC', 'VERYGX', 'LPKRNY', 'IDTMKU', 'DNICDQ']
['DRZENX', 'KGOTMT', 'LBTFZT', 'BGRDWJ', 'NUMTZU']
['OUYNUO', 'IECUFU', 'JFXQLU', 'VQUUOC', 'RDYWUZ']
['TUEZMO', 'VAXWWB', 'KSDUOH', 'ZFNGEZ', 'BRAWAL']
['EFWVMP', 'WJPZCI', 'WNZBJA', 'FHCZGL', 'TNOUWE']
['ONXBUS', 'LUJRSZ', 'CUAMIY', 'ZXOIRR', 'XHHQUX']
['MSHNIF', 'LJLERE', 'JJMLQE', 'EQUGKM', 'ZWRSQQ']
['BOHQES', 'FRPZKO', 'UWCBVN', 'DVYNUI', 'IRFFSU']
['NAXPWN', 'QJGJQD', 'TGWBUH', 'LAYOXE', 'HWLZRY']
['GZJNVL', 'ALWBSA', 'RPBWFQ', 'SIGFXO', 'YTJDAV']
['YWTEIY', 'EFTMLE', 'YNERDE', 'LUVSMO', 'PJRMUG']
['KQQTIN', 'HTDVJG', 'AAPNKE', 'JVHAWN', 'TFDYVJ']
['HDINGJ', 'OBHQOW', 'XQFWGN', 'CQAFHX', 'PRCJCO']
['MPAKHW', 'SCDHMC', 'XLQZOS', 'IDWAXH', 'LNBYOD']
['UJKPKF', 'DXDNIP', 'MABEDA', 'AJMPAZ', 'OPYCEA']
['PXSFTE', 'WSLEWO', 'GNFOFC', 'MXQFMB', 'TKRDNV']
['EAWSFT', 'NWHMCF', 'FUVLPM', 'HPIAPO', 'UFZIQV']
['WAGIYI', 'PYRSMF', 'QHDIJA', 'KYNHCY', 'QTELUT']
['XMPVIB', 'FTBAIM', 'KZZWNO', 'DTHDLE', 'TJGOVB']
['QZIVJL', 'KTUVSZ', 'UVGAZG', 'QXVINS', 'HBXULO']
['HVZCSR', 'WJVSVQ', 'ZVILHJ', 'OGMEJO', 'EJVRTQ']
['TAHALS', 'ICDSJH', 'FUKRYR', 'ECRJPG', 'EHSYOC']
['ZZCNYK', 'TSDYJV', 'AIXHML', 'YAAHBT', 'JCVWRG']
['GIPKBJ', 'MCSUIP', 'BTPHRW', 'NSKTOT', 'HMFTHF']
['RFSMJT', 'BHXEPM', 'NPLUMZ', 'GDITDM', 'ZOSPLM']
['XIBZHL', 'SWOANK', 'JTZIRP', 'QMJNDU', 'XCFWEL']
['MKYLJZ', 'JXPDOB', 'AYAANM', 'HLVCDS', 'XFWVXV']
['DGJMRG', 'KGFABO', 'MVJFQH', 'ABURVI', 'GMUJAU']
['STHVQY', 'ECOZLA', 'ZIOSZO', 'HNACGL', 'XAMYNA']
['TWEBOD', 'DWWNID', 'HCNITG', 'OQHMGQ', 'UZOANW']
['BVRCQX', 'XVUJUN', 'CAXGHJ', 'MZNHBE', 'TPGXPS']
['ROPSBG', 'IRPDLH', 'WZRHRN', 'FAFEGN', 'VTYPIQ']
['CXZWHH', 'JFOREN', 'YAWDMC', 'WSWGGL', 'FUVBMT']
['VPLZKC', 'JRIDSX', 'CGQFWZ', 'GFWZBH', 'QDWDYK']
['KYCDPJ', 'HESEHF', 'ZMQJFJ', 'EKFPXH', 'PJRIMB']
['PLEVVR', 'QPVSWG', 'TLZMUU', 'XPKXPA', 'PJOKVU']
['WWJWJU', 'KHMRNH', 'ZVYUZW', 'IGKVML', 'UONGOY']
['XWIYDX', 'QVAWVE', 'NVDVLS', 'NAWJJS', 'LCTRFZ']
['LKJXSE', 'MSTHWS', 'FKEYUY', 'QOUMVQ', 'CGJKRW']
['RHLVAR', 'NIQKGO', 'FLCFQD', 'ZFLGNB', 'EFWVNX']
['BCPNAA', 'VBFPZS', 'RABJTO', 'CRQPBH', 'HDDUSC']
['XIONVL', 'ZPPHDD', 'VXFBEP', 'CPBJLN', 'VVUCTL']
['UNVRCU', 'YRTUJR', 'IMAIZQ', 'ZKDHTE', 'FKGEFX']
['CQOVDO', 'YMOMAT', 'VPBDNG', 'PIGZGZ', 'NPAXSB']
['ZRYXFK', 'SUSOOH', 'OCJWWK', 'XALQHO', 'NTBHAI']
['GJECQO', 'YLVPWV', 'FLJZOX', 'ELZANX', 'WYJUCU']
['MQOUTD', 'HULYOR', 'GCCFDS', 'HAEMSK', 'UAXYWV']
['CRSLBS', 'VAVURB', 'VDRWCQ', 'JSOMIK', 'VLHWJM']
['RCLMYT', 'XXQWFE', 'HWDUDX', 'MKJRTA', 'CUGJII']
['EOZSSC', 'ZGTADH', 'ARXYLZ', 'QPUAND', 'DZDNVN']
['CAMXTM', 'HMYUGM', 'FIOEZG', 'STIRBM', 'PYSXJI']
['OXLEVF', 'IRBXHD', 'VUCQEE', 'GGMXRF', 'UDZEOI']
['BTSAHC', 'QPWEEB', 'BXOAIO', 'ROEODL', 'NYVYCT']
['HEEBPV', 'WDSLXJ', 'LHHBOC', 'BRJCDJ', 'ZSQEDW']
['PCDWVY', 'HWHKOB', 'POGSLV', 'OHYLEL', 'VDAXBP']
['FYEDUV', 'FHBSGM', 'CSBGBL', 'JOKQNL', 'TWETKH']
['HGHWFI', 'RJFKAX', 'KMECPW', 'SYPEYC', 'IPDUDM']
['FSPOVQ', 'HFTXID', 'KIHAIO', 'ROGPYD', 'AJFEPM']
['RHGZLE', 'MGYYTU', 'HSOIUY', 'GNLMYP', 'VEELAD']
['UHPFBP', 'PQJQHB', 'AOALEJ', 'AIVAWK', 'YAONDV']
['JYXINR', 'OZONNF', 'HBDJFS', 'FOTQXX', 'XCFBNU']
['DSBBLL', 'PGGNQL', 'YORJTS', 'BPQAIB', 'JHCIHH']
['LDJRVI', 'ZLZUEA', 'CMSHHS', 'MVLXLF', 'BMZIDB']
['QNUYNX', 'YCMKYQ', 'TTJUDX', 'MDPJXH', 'ZLFNJI']
['UKXUSS', 'MZWVLU', 'PWGDMU', 'XZGAXW', 'SEBAGB']
['WXRJHT', 'TUISCT', 'TBDGCF', 'DUSRVV', 'APSDUX']
['WNOBIR', 'RUNRVX', 'KREVMA', 'ONEBDL', 'VSKKXC']
['FAHDAK', 'PLXBCS', 'CYRJRN', 'NESJNF', 'CYSVGA']
['QNTTOK', 'YTAFSE', 'SIVKGQ', 'ALXCRB', 'WNZGBX']
['DMKAKB', 'HLEPQU', 'PANTSS', 'JBLIFX', 'DRXJVF']
['ACVORO', 'MKXQUK', 'KMVGQH', 'LIMSRT', 'QDOTJD']
['LAKQIP', 'YZHWJD', 'BNNBQL', 'GADNFV', 'FWLQOC']
['FDQAXB', 'WJSCMR', 'TFAASZ', 'QDYGDY', 'UXQQGD']
['RUDKDW', 'ZLCEZX', 'KFMXPH', 'QHPKTB', 'PHBYJN']
['IOWIRG', 'MAJKPI', 'OTRZOF', 'JOWUPV', 'RXNTVX']
['LCHRXH', 'VIZKXC', 'HTKSMY', 'KBTLKR', 'FEFKQX']
['EOUUXY', 'RADQYL', 'XZRKNJ', 'YJIONU', 'BSUTUL']
['CHABQS', 'WCBXVO', 'QQASIU', 'GNHSMG', 'OJNBBF']
['AAWVPR', 'THIJCE', 'NMNKWM', 'CEFHVH', 'TXZFXD']
['UWVEIC', 'DCLHOC', 'INXTWZ', 'TWDAVM', 'JJQAQP']
['XLVLGH', 'QKRKHF', 'GRKEMB', 'MYEWXM', 'ONERVI']
['XPZOGA', 'VAKPKH', 'NOTTVP', 'DADVKH', 'JRXSRB']
['HQBUUL', 'UDHNIZ', 'WXRBOK', 'GLGEBW', 'YHFEMU']
['PNXMEN', 'QGZAPI', 'PCYSSW', 'BQOFFC', 'WPXVWX']
['FFHKOE', 'PZWOAZ', 'KPVMSJ', 'JCPOEL', 'QUWWUE']
['VQTCPC', 'CWSMWP', 'MLAJRJ', 'NALCWQ', 'MHZMCJ']
['CHAKPE', 'OOLVUQ', 'XEGTTC', 'NQUKLL', 'TPXLIS']
['GSVEEU', 'EWYTZX', 'AMRJQE', 'VUJWHN', 'QDCABD']
['ZOQFLY', 'GWVHCD', 'AGIXOL', 'RIYJCH', 'KUVUPZ']
['KEHOKX', 'UFCVYL', 'HANQXX', 'NJMKRN', 'TVNCPT']
['WRHJDY', 'JTSIZR', 'GEKPDY', 'OYRQOI', 'LSREWR']
['AIXOBA', 'ICAHXE', 'DQPBUX', 'GKDTPN', 'NLWJOA']
['SXBMVM', 'HWGIEU', 'KFMCZH', 'HBFAEG', 'REHINS']
['GGDJTI', 'FTEJEX', 'KMRJMU', 'ZGRJZB', 'QTZQNZ']
['TSZDVM', 'ELPAWN', 'TXRCAW', 'BNREKZ', 'CJSNDL']
['ZHTSRK', 'XNNRBK', 'RAEWGJ', 'VDMKPA', 'TVXDDB']
['HPGNBL', 'DBGIUH', 'CTSLIA', 'STSXYH', 'UPVUYV']
['RSZBSQ', 'ZVDURM', 'WWZBDT', 'TUDKSD', 'HKUALV']
['GWPVXY', 'KWTLFO', 'JIFHDC', 'JUUAOQ', 'KTSDWK']
['LISSCC', 'MKOVHR', 'YBVPWL', 'JJOJSK', 'ZJRHRF']
['WZBDDU', 'TSKFMT', 'RRARNW', 'CNKWAF', 'PAZAJV']
['PHRZDN', 'YZVQRO', 'ASBKNO', 'YLGVZV', 'OXLCZV']
['EVTMBP', 'RAXPGY', 'KHCWXQ', 'WMLHXR', 'OVDOKE']
['ELVJNF', 'TKBQOP', 'EYRFGK', 'XDSHIC', 'NDYSSJ']
['YONWVL', 'WATNTG', 'IAJFAT', 'JFEOVE', 'KIXVOM']
['PMNDTO', 'EDIQAE', 'DURFDE', 'JIKZRM', 'NKXDWY']
['GVNZKB', 'KEICTJ', 'XVWNYJ', 'HOYSVT', 'DKVILH']
['ZXTIIL', 'NFTFFN', 'RXSHDA', 'RPGWEU', 'LRJUHI']
['RRDAHU', 'BETIFR', 'PPMTQG', 'OFBHSC', 'LYPUAC']
['JZMCXE', 'IMLDIL', 'BHDKSR', 'QFNIFX', 'ICIJSS']
['JEFKSA', 'RZVCMP', 'GPUUCM', 'VILEYV', 'LHUWDA']
['UGNUBI', 'GEQKMH', 'PBBKOG', 'RXCUKN', 'UTXXSK']
['YXMGJC', 'LLNHFN', 'RLSDWW', 'XBVQMQ', 'AHBGEW']
['GYXTEO', 'PLVGIV', 'LWOJTO', 'HXOZUR', 'OFEEAY']
['OCLQPM', 'CHPGXG', 'CXDEGX', 'WYTCJK', 'TVTMST']
['MCTHYG', 'HGLZYD', 'LQETOE', 'WKXPDN', 'QPMFEO']
