['797', '274', '479', '27', '671', '720', '242', '898', '511', '902', '507', '147', '412', '393', '732', '673', '583', '924', '345', '705', '682', '517', '81', '123', '307', '414', '441', '828', '212', '107', '744', '35', '890', '553', '139', '535', '389']
['874', '428', '442', '10', '263', '437', '789', '446', '663', '408', '5', '573', '50', '112', '958', '991', '260', '37', '252', '547', '158', '845', '900', '565', '299', '980', '768', '877', '102', '800', '579', '501', '908', '232', '580', '207', '312', '74', '954']
['12', '29']
['950']
['310', '110', '94', '159', '809', '992', '199', '793', '21', '382', '659', '198', '584', '470', '622', '691', '222', '87', '375', '41', '491', '136', '597', '625', '19', '702', '794', '835', '803', '282', '578', '742', '871', '481', '686', '666', '834', '346', '707', '216']
['305', '763', '121', '846', '882', '124', '752', '343', '34', '351', '976', '963', '852', '301', '254', '915', '135', '933', '821', '727', '919', '722', '311', '820', '529', '277', '55', '226', '88', '532', '531', '187', '59', '197', '769', '141', '979', '211', '782', '999']
['588', '558', '377', '600', '174', '559', '942', '396', '884', '534', '359', '114', '638', '938', '563', '440', '249', '519', '313', '735', '420', '779', '990', '955', '173', '566', '455', '208', '660', '368', '923', '320', '826', '819', '858', '421', '598', '125']
['796', '978', '611', '651', '443', '166', '116', '667', '564', '285', '764', '156', '185', '640', '843', '537', '429', '684', '601', '807', '435', '614', '444', '772', '728', '410', '264', '685', '628', '267', '472', '18', '548', '502', '25']
['528']
['445', '16', '308', '339', '447', '383', '549', '961', '676', '986', '371', '239', '606', '633', '767', '941', '387', '26', '101', '317', '23', '932', '815', '369', '348', '918', '390', '117', '784', '536', '36', '861', '762', '352', '904', '262', '302', '620', '550']
['844', '946', '145', '373', '956', '538', '407', '629', '322', '459', '255', '350', '572', '175', '939', '236', '505', '434', '127', '335', '332', '668', '468', '380', '911', '653', '108', '100', '465', '654', '818', '206', '862', '813', '487', '903', '996', '677', '217', '49']
['365', '687', '756', '975', '349', '201', '24', '402', '490', '71', '278', '376', '734', '595', '6', '953', '664', '626', '681', '280', '497', '192', '461', '751', '452', '560', '303', '631', '177', '431', '20', '336', '394', '520', '792', '353', '750', '246', '327', '592']
['723']
['704', '243', '881', '973', '879', '798', '67', '272', '44', '251', '758', '315', '656', '40', '324', '293', '97', '433', '957', '859', '985', '964', '880', '485', '42', '51', '724', '244', '506', '144', '126', '711', '612', '84', '45', '910', '366', '105', '518', '540']
['92']
['328', '698', '689', '259', '695', '823', '743', '257', '233', '104', '477', '533', '65', '570', '397', '688', '214', '152', '56', '510', '204', '316', '725', '586', '853', '757', '994', '867', '60', '358', '585', '945', '32', '822', '203', '692', '89', '759', '674', '602']
['2', '425', '363', '213', '706', '364', '7', '514', '30', '399', '672', '82', '697', '401', '730', '261', '398', '321', '225', '241', '627', '899', '912', '379', '574', '970', '85', '475', '940', '892', '418', '482', '526', '140', '432', '913', '811', '847', '53', '515']
['309', '934', '295', '76', '838', '679', '530', '644', '413', '298', '286', '64', '180', '451', '462', '188', '411', '215', '581', '708', '737', '132', '91', '193', '567', '607', '419', '866', '39', '944', '678', '937', '746', '929', '341', '778', '947', '508', '662', '894']
['133', '38', '13', '90', '760', '57', '868', '731', '557', '300', '935', '513', '931', '608', '33', '330', '338', '832', '22', '805', '987', '770', '984', '291', '883', '655', '603', '865', '406', '995', '775', '801', '43', '512', '906', '650', '164', '450', '171']
['93', '621', '649', '471', '952', '951', '69', '927', '354', '814', '176', '968', '3', '28', '582', '593', '493', '855', '591', '427', '118', '658', '878', '886', '499', '478', '391', '916', '167', '284', '771', '670', '238', '710', '642', '617', '524', '458', '766', '148']
['610', '80', '901', '436', '417', '596', '367', '86', '504', '488', '960', '613', '740', '304', '503', '896', '928', '314', '615', '857', '247', '709', '287', '546', '831', '426', '998']
['372', '736', '575', '457', '297', '378', '355', '827', '634', '839', '109', '804', '562', '347', '224', '483', '936', '897', '453', '384', '712', '842', '639']
['111', '738', '630', '645', '165', '854', '409', '498', '616', '15', '589', '292', '860', '774', '154', '4', '921', '138', '590', '184', '665', '791', '825', '273', '636', '864', '79', '993', '765', '403', '463', '248', '522', '454', '781', '170', '230', '810', '296', '699']
['747', '179', '700', '907', '279', '63', '469', '205', '153', '340', '430', '776', '288', '741', '829', '539', '554', '643', '337', '374', '486', '849', '395', '830', '561', '146', '646', '977', '812', '703', '969', '856', '276', '981', '294', '594', '219', '115', '556', '131']
['227', '887', '400', '718', '876', '392', '888', '755', '196', '150', '496', '77', '362', '661', '17', '618', '416', '545', '788', '113', '872', '323', '930', '283', '326', '404', '360', '405', '52', '191', '134', '189', '648', '824', '438', '500', '948', '889', '962']
['922', '754', '569', '495', '318', '623', '787', '974', '959', '11', '543', '58', '448', '95', '790', '808', '680', '716', '761', '576', '14', '221', '875', '160', '492', '130', '701', '635', '523', '675', '151', '693', '119', '652', '281', '920', '967', '848', '190', '73']
['423', '719', '381', '78', '460', '220', '555', '966', '456', '466', '926', '96', '489', '605', '870', '541', '210', '143', '473', '1', '726', '106', '527', '181', '218', '837', '250', '609', '223', '943', '717', '333', '75', '542', '388', '31', '245', '48', '806', '178']
['721', '739', '128', '568', '891', '137', '8', '306', '72', '647', '683', '552', '98', '783', '103', '833', '200', '893', '424', '269', '988', '599', '551', '713', '619', '329', '240', '464', '356', '275', '163', '266', '577', '467', '802', '799', '319', '637', '370', '46']
['745', '202', '484', '66', '657', '186', '194', '983', '925', '268', '571', '521', '989', '714', '773', '439', '696', '785', '182', '344', '748', '694', '256', '385', '850', '357', '965', '729', '795', '476', '289', '342', '47', '162', '290', '733', '195', '155', '169', '258']
['873', '68', '183', '841', '971', '231', '122', '9', '172', '480', '917', '780', '474', '449', '753', '669', '632', '161', '61', '777', '253', '895', '749', '817', '70', '120', '869', '982', '587', '914', '334', '129', '690', '386', '836', '229', '142', '415', '624', '997']
['361', '149', '949', '509', '235', '271', '525', '494', '228', '99', '816', '270', '209', '544', '234', '604', '422', '265', '516', '905', '157', '885', '168', '715', '851', '325', '972', '840', '909', '786', '237', '331', '62', '641', '0', '863', '54', '83']
