['806']
['590', '258', '883', '415', '654', '294', '201', '394', '782', '549', '591', '583', '109']
['418', '793', '584', '725', '460', '964', '192', '113', '307', '173', '222', '269', '615']
['198', '302', '512', '570', '281', '401', '193', '21', '217', '919', '680', '9', '221']
['108', '149', '321', '712', '969', '476', '611']
['257', '100', '202', '453', '405', '241', '963', '32', '544', '162', '763', '527', '375']
['914']
['885', '756', '447', '557', '799', '974', '111', '468', '928', '399', '920', '383', '16']
['4']
['623', '780', '901', '59', '870', '765', '816', '367', '285', '278', '81', '250', '422']
['385', '225', '704', '34', '850', '506', '665', '313', '598', '150', '465', '568', '19']
['203']
['647']
['934', '86', '908', '110', '929', '958', '243', '657', '239', '997', '762', '893', '996']
['726', '994', '917', '656', '900', '980', '563', '376', '616', '482', '485', '182', '534']
['93', '478', '242', '532', '959', '133', '818', '374', '61', '338', '812', '626']
['249', '620', '284', '199', '431', '671', '826', '575', '967', '641', '904', '840', '398']
['713', '303', '907', '300', '52', '400', '955', '808', '950', '232', '675', '357', '438']
['391', '977', '289', '811', '6']
['582', '733', '630', '362', '558', '761', '102', '142', '789', '166', '529', '800', '854']
['935', '864', '220', '141', '129', '419', '195', '305', '899', '147', '392', '280', '171']
['786', '579', '427', '211', '18', '50', '859', '538', '621', '322', '0', '573', '841']
['326', '315', '889', '683', '705', '884', '949', '403', '156', '444', '775', '371', '987']
['276', '645', '682', '604', '336', '160', '556', '501', '897', '320', '678', '382', '674']
['500', '354', '559', '439', '774', '517', '467', '268', '655', '685', '833']
['612', '838', '771', '866', '464', '167', '825', '373', '348', '390', '813', '731', '469']
['982', '744', '25', '489', '823', '474', '740', '47', '638', '112', '448']
['646']
['283', '979', '330', '622', '778', '333', '158', '185', '228', '234', '519', '820']
['260', '475', '794', '428', '2', '138', '689', '736', '215', '847', '331', '909', '261']
['389', '27', '24', '183', '45', '587', '560', '939', '524', '179', '409', '411', '566']
['88', '710', '592', '895', '318', '450', '942', '644', '824', '651', '54', '628', '730']
['676']
['39', '809', '886', '420', '433', '206', '986', '613', '287', '244', '493', '347', '41']
['282', '783', '311', '26', '306', '670', '491', '473', '452', '697', '256', '601', '120']
['131', '688', '62', '747', '317', '753', '627', '631', '548', '835', '754', '455', '387']
['569', '274', '117', '304', '555', '940', '938', '523', '867', '205', '732', '471', '868']
['516', '130', '477', '912', '879', '817', '310', '668', '798', '946', '196', '970', '412']
['947', '78', '983', '388', '186', '49', '486', '416', '741', '235', '943', '77']
['857', '653', '990', '933', '80', '104', '734', '518', '603', '663', '633', '672', '443']
['945', '988', '985', '346', '869', '724', '535', '687', '999', '417', '686', '296', '466']
['602', '165', '723', '505', '436', '233', '181', '660', '828', '915', '739', '456', '748']
['605', '547', '873', '340', '845', '681', '33', '769']
['145', '224', '459', '213', '449', '230', '640', '944', '407', '339', '572', '702', '880']
['790', '445']
['29', '973', '528', '992', '669', '610', '865', '308', '785', '961']
['852', '834', '932', '701', '17', '896', '245', '200', '699', '545', '795', '134', '363']
['379']
['89', '155', '48', '921', '384', '984', '792', '805', '787', '43', '673', '581', '190']
['542', '965', '659']
['270', '509']
['72', '887', '298', '922', '906', '503', '664', '335', '272']
['700', '344', '99', '126', '851', '119', '924', '804', '976', '635', '594', '576', '589']
['810', '94', '434', '240', '522', '299', '837', '262', '537', '875', '301', '381', '513']
['690', '425', '95', '745', '606', '553', '831', '402', '212', '916', '71', '993', '536']
['87', '73', '801', '265', '743', '480', '426', '729', '597', '746', '853', '843']
['297', '393', '504', '632', '487', '356', '836', '358', '247', '38', '691', '918']
['803', '749', '421', '292', '954', '658', '951', '966', '890', '953', '132', '561', '174']
['65', '960', '539', '157', '161', '737', '578', '164', '781', '253', '329', '218', '777']
['856', '248', '323', '286', '525', '708', '846', '498', '892', '254', '755', '60']
['849']
['324', '188', '580', '85', '237', '661', '277', '496', '684', '666', '768', '971', '334']
['667']
['368', '791', '998', '911', '13', '35', '63', '423', '861', '214', '759', '508', '137']
['585', '832', '44', '495', '502', '507', '153', '662', '494', '364', '552', '207', '442']
['981', '194', '7', '159', '57', '956', '325', '718', '8', '12', '64', '714']
['42', '937', '815', '738', '457', '533', '565', '874', '386', '551', '341', '68', '440']
['814', '139', '352', '410', '488', '948', '776', '479', '607', '614', '650', '462', '499']
['180']
['629']
['144', '562', '369', '143', '546', '413', '735', '531', '255', '642', '451', '236', '30']
['46', '429']
['216', '903', '238', '595', '802', '353', '541', '550', '259', '3', '596', '862']
['432', '96', '103', '773', '554', '36', '930', '758', '888', '715', '855', '926', '406']
['58', '252', '716', '366', '677', '107', '226', '484', '123', '148', '177', '483', '839']
['10', '176', '97', '273', '84', '902', '750']
['772']
['608', '927', '395', '728', '692', '309', '437', '643', '717', '170', '931', '830', '962']
['204', '22', '351', '454', '178', '175', '163', '510', '860', '76', '957', '31', '264']
['349', '788', '829', '463', '246', '293', '70', '720', '923', '910', '208', '127', '169']
['279', '377', '637', '877', '271', '291', '600', '577', '66', '991', '490']
['53', '882', '116']
['707', '328', '288', '184', '617', '461', '936']
['229', '481', '23', '709', '807', '51', '209', '636']
['863', '905', '154', '619', '361', '693', '210', '564', '223', '314', '711', '472', '98']
['520', '492', '952', '118', '135', '152', '372', '995', '79', '56', '458', '470', '105']
['92', '37', '848', '90', '764', '719', '574', '106', '925', '345', '543', '625', '842']
['337', '187', '511']
['75', '168', '652', '881', '514', '55', '972', '871', '530', '28', '526', '342', '189']
['784', '266', '82', '343', '11', '316']
['515', '396', '696', '15', '540', '441', '858', '408', '588', '727', '968', '941']
['624', '757', '219', '115', '567', '350', '767', '380', '251', '599', '101', '74']
['91', '844', '609', '128', '263', '822', '586', '327', '648', '752', '430', '140']
['435']
['414', '878', '40', '695', '978', '191', '151', '779', '67', '913', '639', '69', '876']
['521', '136', '891', '1', '703', '124', '125', '760', '424', '898', '14', '355', '821']
['634', '446', '146', '649', '312', '197', '172', '378', '359', '365', '360', '975', '989']
['872', '742', '722', '267', '497', '121', '231', '404', '706', '698', '819', '114', '83']
['827', '593', '694', '397', '227', '721', '751', '332', '770', '122', '618', '796', '20']
['295', '797', '290', '894', '5', '319', '370', '571', '275', '766', '679']
