['208', '196', '928', '587', '456', '954', '916', '598', '251', '981', '177', '556', '735', '11']
['660', '190', '460', '592', '390', '927']
['635', '454', '107', '757', '23', '317', '772', '939', '308', '739', '428', '105', '529', '466', '445', '611', '479', '34', '865', '648', '585', '991', '231', '847', '167', '261', '114', '547', '369', '255', '444', '543', '994', '546', '987', '905', '417', '27', '533', '579']
['195', '684', '838', '770', '387', '613', '672', '141', '373', '362', '222', '812', '148', '515', '610', '244', '637', '58', '911', '472', '671', '856', '691', '595', '51', '594', '603', '776', '647', '352', '465', '697', '300', '654', '496', '497', '131', '582', '171', '935']
['881', '340', '850', '767', '511', '433', '83', '932', '958', '111', '793', '535', '868', '804', '737', '136', '459', '71', '389', '982', '331', '711', '692', '424', '290', '72', '338', '169', '343', '617', '358', '966', '15', '857', '327', '875', '922', '262', '187', '785']
['570', '731']
['989', '771', '98', '161', '673', '956', '817', '522', '967', '162', '756', '133', '450', '986', '891', '755', '431', '365', '736', '404', '443', '759', '636', '565', '217', '197', '452', '882', '55', '513', '415', '489', '526', '741', '760', '220', '482', '676', '63', '685']
['241', '309', '784', '250', '564', '762', '483', '949', '523', '742', '12', '186', '769']
['712', '368', '490', '786', '545', '775', '836', '354', '829', '376', '815', '606', '894', '504', '962', '335', '153', '521', '319', '974', '988', '242', '202', '996', '690', '342', '931', '207', '211', '830', '801', '436', '224', '26', '50', '372', '833', '223', '272', '120']
['609', '113', '20', '92', '61', '797', '418', '192', '653', '32', '512', '919', '811', '796', '475', '138', '477', '699', '119', '790', '474', '24', '555', '892', '108', '200', '915', '952', '229', '132', '412', '618', '805', '86', '674', '880', '52', '355', '88', '946']
['410', '16', '963', '269', '36', '590', '976', '761', '567', '321', '480', '18', '743', '42', '578', '344', '57', '168', '14', '126', '534', '266', '351', '303', '549', '823', '21', '895', '425', '542', '950', '422', '461', '903', '747', '363', '531', '859', '289', '203']
['683', '5', '649', '869', '580', '665', '277', '627', '421', '548', '835', '886', '349', '313', '273', '228', '800', '633', '537', '235', '499', '591', '394', '7', '863', '696', '366', '560', '715', '721', '6', '318', '453', '400', '959', '901', '503', '748', '128', '143']
['285', '409', '393']
['669', '468', '37', '458', '265', '154', '518', '530', '140', '371', '867', '584', '539', '789', '33', '64', '508', '395', '28', '274', '781', '296', '81', '378', '701', '809', '589', '271', '616', '158', '943', '507', '746']
['494', '245', '914', '121', '662', '597', '553', '65', '744', '783', '608', '825', '807']
['180', '198', '802', '134', '178', '600', '571', '558', '695', '406', '385', '214', '89', '260', '532', '934', '238', '1', '359', '99', '622', '75', '230', '860', '679', '848', '705', '501', '984', '295', '942', '125', '448', '528', '403', '384', '725', '145', '383', '164']
['348', '356', '232', '156', '297', '155', '106', '682', '846', '182', '923', '284', '481', '624']
['993', '62', '13', '485', '870', '897', '998', '426', '832', '659', '44', '527', '48', '82', '326', '774', '678', '278', '874', '173', '644', '137', '924', '66', '374', '68', '434', '541', '307', '955', '0', '717', '764', '601', '73', '8', '938', '157', '971', '236']
['645', '151', '593', '791', '619', '681', '396', '724']
['94']
['306', '820', '413', '900', '117', '259', '753', '818', '708', '112', '299', '626', '328', '983', '889', '360', '201', '476', '323', '975', '103', '38', '256', '517', '276', '381', '788', '332', '834', '544', '972', '693', '22', '69', '96', '77', '226', '292', '920', '698']
['663', '175', '139', '449', '4', '95', '127', '339', '123', '193', '283', '853', '124', '487', '248', '727', '941', '397', '667', '569', '599', '49', '411', '908', '104', '312', '25', '766', '929', '80', '225', '806', '370', '630', '842', '163', '281', '188', '723', '862']
['316', '980', '115', '700', '814', '375', '520']
['858', '60', '254', '240', '740', '333', '841', '246', '215', '909', '367', '794', '258', '871', '765', '17', '488', '686', '798', '792', '778', '641', '353', '961', '910', '149', '514', '478', '583', '74', '189', '464', '899', '438']
['100', '502', '604', '9', '713', '408', '808', '379', '364', '463', '751', '150', '79', '940', '147', '252', '719', '361', '969', '854', '506', '709', '730', '877', '937', '658', '329', '286', '885', '304', '661', '948', '787', '898', '29', '540', '268', '429', '561', '550']
['505', '646', '873', '551', '440', '581', '525', '816', '538', '745', '380', '605', '913', '733', '640', '720', '586', '563', '405', '298', '631', '382', '979', '419', '146', '325', '10', '315', '843', '47', '656', '40', '947', '184', '650', '840', '264', '677', '491', '432']
['441', '749', '430', '185', '638', '773', '620', '552', '851', '46', '122', '625', '509', '407', '288', '206', '31', '602', '687', '754', '652', '484', '166', '53', '279', '978', '876', '330', '822', '933', '314', '750', '738', '839', '990', '887', '702', '247', '668', '957']
['341', '629', '401', '275', '194', '782', '577', '101', '559', '43', '492', '936', '210', '883', '568', '233', '191', '152']
['670', '732', '780', '495', '999', '562', '176', '324', '510', '305', '710', '87', '179', '97', '813', '41', '879', '557', '995', '864', '473', '447', '852', '831', '414', '221', '205', '728', '435', '951', '615', '965', '39', '56', '498', '964', '249', '243', '2', '174']
['821', '890', '861', '118', '209', '643', '763', '575', '216', '346', '322', '985', '917', '234', '902', '199', '486', '921']
['377', '282', '992', '59', '336', '130', '588', '457', '795', '19', '704', '183', '926', '872', '827', '849', '925', '664', '694', '639', '726', '76', '280', '67', '398', '907', '803', '85', '84', '799', '968', '953', '607', '427', '960', '90', '777', '116', '35', '837']
['828', '977', '470', '536', '78', '420', '70', '439', '566', '657', '391', '758', '160', '165', '576', '572']
['392', '680', '819', '596', '666', '716', '54', '714', '493', '287', '219', '810', '628', '621', '930', '614', '218', '442', '471', '945', '93', '293', '144', '623', '519', '30', '574', '826', '423', '706', '703', '142', '973', '462', '752', '320', '102', '524', '212', '689']
['469', '997', '110', '311', '573', '824', '906', '159', '866', '386', '642', '707', '350', '734', '135', '675', '357', '302', '388', '446', '334', '291', '109', '237', '888', '904', '632', '416', '634', '172', '970', '45', '294', '729', '253', '181', '263', '227', '455', '655']
['516', '722', '918', '944', '893', '451', '267', '768', '884', '204', '912', '844', '845', '3', '310', '347', '402', '91', '554', '467', '239', '301', '651', '896', '213', '399', '500', '345', '129', '612', '718', '257', '779', '855', '170', '437', '270', '878', '337', '688']
