['243', '161', '764', '387', '658', '71', '340', '668', '192', '733', '164', '275', '104', '893', '253', '863', '970', '420', '607', '793', '964', '368', '671', '827', '647', '312', '470', '971', '311', '479', '5', '727', '829', '458', '165']
['886', '973', '848', '814', '577', '697', '2', '846', '384', '484', '19', '15', '245', '114', '466', '923', '555', '1', '966', '637', '930', '968', '878', '928', '12', '927', '385', '38', '648', '759', '604', '56', '634', '621', '972']
['932', '796', '664', '361', '824', '550', '536', '376', '390', '540', '16', '120', '894', '903', '371', '651', '107', '55', '965', '369', '316', '388', '766', '564', '335', '625', '152', '942', '510', '433', '580', '266', '681', '573', '673']
['613', '774', '618', '274', '373', '21', '399', '572', '865', '974']
['704', '64', '636', '751', '26', '736', '737', '95', '265', '565', '738', '143', '279', '816', '591', '842', '588', '193', '830', '771', '576', '792', '403', '752', '166', '581', '775', '645', '920', '666', '725', '983', '370', '941', '782']
['126', '967', '358', '68', '40', '744', '787', '367', '446', '149', '515', '869', '162', '366', '139', '256', '778', '821', '528', '548', '823', '683', '985', '129', '832', '854', '553', '257', '261', '602', '179', '290', '809', '563', '321']
['849', '58', '324', '132', '982', '436', '509', '734', '284', '908', '724', '457', '624', '111', '679', '453', '843', '353', '292', '138', '283', '299', '847', '246', '529', '526', '123', '310', '209', '861', '148', '979', '940', '933', '504']
['831', '691', '159', '224', '163', '619', '544']
['761', '30', '254', '233', '51', '421', '605', '232', '552', '601', '90', '481', '317', '757', '35', '344', '89', '313', '406', '614', '870', '411', '354', '184', '596', '925', '729', '158', '834', '892', '268', '667', '845', '562', '743']
['462']
['478']
['88', '236', '551', '685', '995', '86', '994', '538', '639', '175', '125', '359', '753', '483', '806', '746', '608', '656', '14', '575', '200', '990', '511', '708', '505', '546', '471', '325']
['323', '991', '798', '622', '710', '249', '911', '191', '589', '212', '904', '926', '435', '498', '167', '726', '533', '711', '754', '918', '391', '855', '758', '518', '181', '579', '25', '569', '937', '85', '535', '378', '508', '300', '524']
['33', '756', '8', '452', '476', '363']
['566', '348', '151', '997', '654', '339', '91', '813', '772', '408', '379', '87', '570', '62', '337', '706', '248', '449', '852', '935', '494', '745', '37', '106', '76', '600', '922', '960', '142', '136', '781', '794', '343', '258', '949']
['996', '700', '487', '672', '194', '105', '780', '269', '127', '377', '696', '545', '410', '993', '662', '59', '882', '424', '765', '72', '887', '992', '32', '103', '512', '178', '295', '687', '45', '441', '70', '876', '692', '141', '240']
['611', '44', '916', '445', '342', '642', '931', '799', '670', '285', '259', '430', '238', '61', '653', '877', '428', '93', '57', '235', '714', '270', '356', '31', '896', '838', '155', '4', '500', '633', '514', '333', '884', '534', '655']
['395', '948', '768', '501', '539', '857', '172', '380', '513', '730', '773', '527', '24', '811', '612', '804', '976', '631', '423', '80', '682', '578', '486', '507', '294', '959', '280', '79', '203', '909', '853', '715', '739', '788', '789']
['169', '722']
['957', '18', '659', '197', '469', '46', '495', '307', '980', '475', '230', '643', '615', '905', '220', '897', '189', '17', '386', '282', '537', '306', '603', '627', '119', '889', '981', '9', '585', '978', '447', '81', '620', '67', '468']
['461', '130', '482', '128', '984', '252', '28', '309', '862', '448', '488', '267', '707', '851', '836', '719', '215', '542', '47', '677', '837', '223', '225', '60', '594', '450', '389', '825', '427', '195', '400', '314', '288', '196', '65']
['351', '888', '735', '117', '956', '456', '741', '168', '237', '205', '953', '53', '502', '819', '347', '188', '712', '78', '969', '859', '357', '571', '122', '362', '480', '693', '140', '748', '810', '650', '250', '242', '405', '459', '432']
['22', '635', '921', '709', '73', '998', '48', '54', '649', '213', '943', '13', '49', '568', '429', '593', '338', '807', '207', '770', '808', '856', '561', '556', '597', '680', '108', '638', '465', '304', '228', '444', '797', '407', '492']
['713', '530', '820', '133', '950', '910', '293', '989', '840', '557']
['590', '523', '491']
['96', '954', '660', '661', '29', '694', '214', '382', '705', '116', '701', '755', '839', '503', '273', '541', '419', '906', '102', '522', '41', '34', '815', '938', '134', '113', '885', '217', '560', '958', '595', '740', '946', '177', '218']
['864', '27', '867', '345', '346', '913', '914', '0', '157', '255', '907', '750', '587', '833', '657']
['231', '291', '360', '298', '110', '640', '762', '674', '341', '686', '336', '716', '747', '520', '415', '251', '584', '66', '94', '902', '6', '394', '412', '381', '812', '289', '669', '156', '623', '497', '260', '879', '963']
['850', '895', '873', '210', '187', '153', '915', '74', '97', '234', '135', '717', '702', '496', '872', '434', '521', '791', '749', '75', '721', '558', '416', '489', '202', '543', '936', '606', '525', '206', '364', '318', '460', '477', '890']
['402']
['302']
['616', '226', '315', '559', '331', '418', '397', '975', '276', '874', '451', '776', '287', '112', '517', '676']
['180', '598', '866', '185', '723', '567', '858', '221', '271', '281', '947', '646', '628', '144', '82', '352', '455', '777', '919', '860', '695', '800', '678', '699', '227']
['263', '516', '131', '365', '145', '786', '917', '39', '329', '784', '171', '137', '675', '901', '401', '554', '506', '355', '222', '320', '626', '425', '828', '404', '100', '20', '303', '98', '190', '319', '952', '174', '728', '297', '305']
['703', '417', '439', '146', '760', '986', '375', '115', '802', '326', '42', '900', '871', '239', '216', '790', '586', '443', '173', '23', '987', '301', '121', '499', '684', '170', '264', '229', '327', '880', '955', '899', '929', '3', '532']
['583', '835', '473', '52', '383', '437', '211', '372', '731', '272', '328', '939', '785', '769', '109', '454', '186', '467', '883', '549', '875', '630', '592', '663', '50', '803', '426', '63', '767', '438', '977', '36', '176', '817', '464']
['99', '688', '101', '720', '632', '912', '822', '413', '474', '409', '841', '330', '945', '201', '472', '783', '609', '422', '818', '826', '934', '961', '308', '150', '118', '610', '199', '924', '247', '392', '795', '732', '999', '801', '442']
['154', '84', '490', '463', '629', '160', '582', '219', '431', '805', '689', '891', '10', '262', '742', '124', '374', '349', '641', '644', '898', '350', '652', '334', '485', '665', '43', '277', '393', '519', '944', '698', '208', '147', '881']
['204']
['574', '690', '779', '296', '493', '599', '844', '617', '962', '7', '868', '92', '244', '414', '182', '286', '183', '398', '396', '718', '332', '763', '69', '440', '531', '951', '547', '198', '241', '278', '322', '988', '83', '11', '77']
