['368', '976', '567']
['367', '210', '364', '376', '382', '290', '267', '227', '476', '640']
['69', '121', '696', '970', '221', '613', '20', '890', '459', '341']
['377', '621', '435', '940', '198', '99', '220', '324', '186']
['774', '752', '448', '526', '759', '746']
['1', '158', '345', '785', '987', '685', '481', '969', '804', '96']
['463', '816', '211', '503', '729', '693', '453', '190', '623']
['830', '387', '918', '338']
['511', '457', '282', '999', '899', '278', '525', '277']
['914', '61', '856', '321', '780', '48', '432', '295', '296', '444']
['950', '303', '334', '415', '958', '928', '197', '514', '183', '718']
['933', '315', '149', '889', '456', '469', '241', '126', '947']
['285', '712', '698', '704', '565', '395', '716', '173', '550']
['419', '471', '140', '828', '260', '335', '934', '877', '713', '204']
['576', '87', '865', '199', '403', '714', '744', '116', '738', '225']
['153', '407', '388', '247', '356', '305', '112', '513', '389', '599']
['191', '887', '286', '843', '739', '595', '755', '983', '414']
['361', '626', '413', '497', '408', '778', '21']
['590', '279', '301', '666', '340', '319', '811', '593', '992', '649']
['656', '596', '643', '953', '975', '398', '83', '294']
['925', '806', '597', '612', '720', '722']
['60', '574', '273', '580', '557', '206', '501', '11', '766']
['907', '66', '292', '880', '62']
['911', '863', '52', '715', '824', '5', '239', '114']
['949', '818', '546', '775', '493', '938']
['232', '960', '932', '411', '500', '475']
['502', '741', '328', '378', '233', '855', '477', '393', '202', '236']
['719', '725', '76', '445', '537', '67', '939', '386', '92']
['606', '320', '931', '762', '472', '10', '420', '122']
['466', '552', '937', '517']
['74', '675', '542', '697', '138', '632']
['753', '888', '487', '490', '679', '462', '311', '629', '156']
['539', '510', '363', '41']
['276', '113', '29', '374', '271', '747', '449']
['133', '289', '287', '188', '404', '488', '468', '735', '215', '726']
['694', '803', '458', '642', '323', '421']
['655', '261', '800', '349']
['734', '821', '943', '873', '600', '959', '872', '103', '455']
['142', '535', '159', '875']
['381', '22', '900', '667', '792', '771', '827', '572', '782']
['347', '63', '124', '98', '226', '883', '810', '238']
['245', '127', '26', '65', '740', '123']
['670', '913', '891', '129', '776', '212', '272', '95', '283']
['955', '702', '189', '331', '531', '491', '881', '300', '2', '37']
['850', '478', '216', '945', '365', '78', '111']
['343', '920', '492', '857', '209', '619', '773', '383', '814']
['68', '7', '401', '996', '461', '817', '584', '451', '505']
['979', '234', '30', '75', '250', '72']
['701', '14', '141', '372', '280', '178', '615', '533', '203']
['962', '110', '926', '819', '765', '373', '571', '460']
['864', '842', '229', '908', '852', '951', '499', '784', '974']
['262', '707', '196', '695', '847', '151', '618', '871', '813', '646']
['418', '119', '988', '786', '822', '555', '101', '275', '777']
['582', '879', '971', '131', '577', '523', '573', '339', '906']
['602', '53', '651', '858', '33', '246', '588', '252', '909', '194']
['200', '427', '424', '516', '919', '683', '243']
['972', '132', '957', '997']
['534', '946', '177', '703', '978', '187', '637', '59']
['569', '253', '454', '968', '690', '494', '353', '547', '973', '689']
['585', '831', '652', '79', '344', '630', '370']
['155', '794', '529', '563', '566', '34', '443', '329', '397']
['47', '161', '354', '801', '495', '885', '352', '330', '465']
['941', '518', '213', '106', '936', '601', '357', '484', '355', '519']
['512', '658', '779', '967', '4', '125', '820', '360']
['257', '392', '313', '195', '450', '543', '109', '86', '622', '783']
['479', '607', '13', '991', '316', '483', '929', '82', '922', '799']
['805', '532', '749', '409', '545', '406', '288', '610', '764']
['954', '878', '180', '544']
['412', '258', '379', '795', '665', '797', '662', '291', '985']
['732', '169', '736', '812', '882']
['293', '723', '793', '869', '28']
['912', '317', '524', '77', '43', '146', '179', '436', '963', '362']
['709', '628', '767', '473', '223', '268', '12', '568', '661']
['205', '724', '860']
['480', '549', '509', '731', '650', '165', '581', '369', '641', '551']
['870', '143', '394', '390', '56', '930', '838', '148', '168', '769']
['298', '107', '961', '174', '854', '152', '442', '38', '346', '901']
['0', '46', '270', '115', '438', '18', '835', '982']
['897', '730', '218', '139', '417', '307', '833', '944']
['27', '530', '977', '834']
['318', '763', '536', '485', '396', '237', '297']
['91', '905', '866', '269', '134', '808', '587', '32', '927', '167']
['326', '433', '73', '254', '673', '994', '603', '405']
['144', '486', '45', '447', '605', '748', '336', '508']
['592', '924', '507', '120', '560', '150', '506', '71', '105', '402']
['790', '751', '244', '80', '385', '162', '40', '256', '559']
['342', '259', '754', '845', '867', '868', '172', '163', '902']
['635', '314', '688', '721', '327']
['620', '781', '832', '669', '570', '815']
['504', '224', '840', '102', '678', '633', '322', '627', '756', '400']
['647', '351', '558', '910', '921', '964', '554', '304']
['184', '94', '772', '796', '309', '687', '85', '956']
['657', '986', '55', '760']
['217', '616', '743', '660', '358', '892', '663', '583', '425', '807']
['653', '284', '846', '145', '3', '578', '728', '609', '995', '737']
['193', '654', '380', '265', '674', '594', '841', '166', '541']
['222', '54', '989', '423', '705', '528', '391']
['263', '154', '848', '884', '677', '681', '104', '90', '844']
['117', '228', '428', '825', '429', '281', '851', '768', '750']
['470', '700', '645', '604', '691', '249', '467', '826', '791', '562']
['310', '248', '416', '44', '672', '333', '644', '441', '548', '70']
['849', '527', '664', '862', '118', '727', '302', '474', '498']
['634', '97', '966', '515', '170', '359', '84', '556', '876']
['42', '36', '586', '251', '39', '980', '464', '787', '692']
['332', '710', '375', '23', '422', '182']
['6', '638', '684', '579', '25', '230', '235', '452', '686']
['611', '798', '708', '916', '898', '185', '758', '175']
['89', '553', '489', '917', '231', '35', '631', '942', '348', '437']
['522', '306', '371', '135', '88', '993', '264', '240']
['770', '948', '998', '990', '93', '680', '100', '861', '431']
['434', '984', '561', '57', '181', '15']
['439', '399', '312', '337', '350', '859', '308', '430', '682', '214']
['147', '384', '624', '829', '17', '788']
['639', '540', '325', '659', '496', '853', '81']
['49', '16', '108', '591']
['809', '589', '895', '668', '176']
['648', '742', '31', '440', '823']
['51', '837', '192', '614', '981', '886', '255', '915', '598', '9']
['520', '130', '219', '366', '894', '965', '761', '157', '564']
['50', '711', '24', '676', '757', '745', '446', '19', '208', '893']
['952', '903', '482', '608', '137', '699', '923', '64', '521', '874']
['242', '410', '839', '625', '58']
['789', '802', '636', '706', '717', '274', '617', '171', '201']
['733', '136', '8', '896', '128', '164', '671', '426', '207', '266']
['904', '160', '836', '935', '575', '299', '538']
