['123', '992', '93', '65', '491', '109', '241', '246', '468', '547', '405', '605', '758', '507', '534', '27', '329', '498', '677', '418', '502', '698', '496', '267']
['735', '470', '733', '376', '24', '569', '892', '390', '848', '893', '718', '917', '250', '141', '928', '174', '879', '118', '676', '721', '58', '791', '869', '537']
['890', '824', '140', '774', '207', '415', '193', '483', '618', '937', '444', '321', '87', '86', '790', '345', '459', '955', '74', '410']
['610', '16', '133', '616', '525', '923', '279', '798', '69', '796', '287', '670', '919', '497', '680', '494', '158', '720', '19', '303', '756', '324']
['73', '227', '419', '259', '649', '245', '342', '589', '184', '348', '947', '724', '34', '778', '428', '402', '219']
['407', '837', '852', '873', '632', '261', '30', '903', '464', '278', '47', '240', '243', '961', '77', '285', '887', '478', '230', '624', '55', '145', '706', '20']
['752', '13', '361', '701', '187', '581', '538', '633', '906', '757', '128', '709', '206', '799', '357', '45', '989', '382', '147', '300', '266', '601']
['868', '488', '558', '312', '646', '443', '323', '600', '672', '628', '678', '374']
['477', '425', '984', '258', '567', '671', '7', '859', '254', '814', '388', '541']
['112', '146', '292', '825', '212', '747', '131', '52', '730', '465', '309', '403', '183', '177', '252', '916', '441', '501']
['615', '15', '838', '166', '621', '744', '472', '381', '898', '389', '54', '99', '248', '111', '401', '159', '715']
['580', '75', '364', '861', '458', '313', '598', '380', '358', '517', '834', '200', '56', '506', '485', '29', '626', '914', '769', '846', '104', '242', '270', '943', '529']
['286', '664', '203', '379', '416', '895', '91', '745', '471', '72', '924', '613']
['860', '340', '244', '122', '236', '493', '685', '463', '515', '61', '318', '975', '973', '884', '11']
['648', '173', '484', '450', '32', '8', '638', '785', '831', '88', '731']
['976', '832', '652', '371', '505', '663', '247', '38', '555', '642', '908', '413', '687', '951', '691', '398', '631', '571']
['108', '326', '305', '625', '205', '211', '811', '784', '751', '288', '996', '218', '732', '815', '344', '531', '643', '539', '991', '661', '168', '273', '578', '289', '31']
['614', '362', '582', '157', '602', '439', '466', '417', '408', '826', '102', '521', '105', '139', '586', '467', '229', '217', '658', '216', '585', '195', '593', '514', '149']
['214', '489', '612', '511', '881', '714', '874', '524', '857', '455', '788', '711', '700', '592', '659', '675', '689', '953', '966', '597', '644']
['635', '320', '319', '251', '143', '394', '127', '741', '543', '310', '311', '280', '974', '359', '194', '169', '373', '17', '430', '457', '948', '816']
['900', '115', '255', '822', '777', '343', '591', '813', '969', '98', '523', '764', '170', '299', '561', '68', '750', '556', '755', '902', '67', '90', '856', '894']
['97', '474', '662', '762', '704', '421', '35', '970', '135', '130']
['315', '500', '623', '117', '383', '6', '753', '76', '786', '423', '627', '910', '0', '519', '369', '110', '297', '504', '932', '783', '163', '968', '770', '64', '331']
['10', '835', '378', '942', '866', '573', '21', '657', '797', '795', '667', '986', '92', '447', '548', '210', '679', '801', '620', '641', '79', '308']
['590', '307', '554', '57', '886', '456', '404', '528', '650', '842', '275', '209', '977', '722', '754', '360', '565', '993', '854', '855', '568', '865', '339', '683', '60']
['167', '62', '281', '22', '486', '492', '727', '306', '949', '550', '107', '36']
['433', '192', '367', '779', '577', '424', '915', '654', '918', '998', '994', '487', '366', '12', '781', '957', '314', '950', '233']
['921', '204', '665', '435', '803', '156', '412', '395', '452', '189', '867', '160', '739', '442', '925', '833', '863', '533', '527', '877', '353', '742']
['239', '604', '562', '576', '725', '144', '499', '944', '268', '508', '181', '172', '713', '787', '208', '199', '965', '446', '982', '46', '712', '440', '284', '42']
['262', '363', '235', '165', '101', '264', '702', '690', '148', '120', '812', '934', '155', '645', '125', '630', '666', '574', '142', '703', '51', '684', '522', '473', '354']
['871', '820', '50', '636', '23', '765', '238', '962', '119', '772', '775', '935', '535', '688', '817']
['776', '599', '912', '298', '696', '350', '945', '901', '48', '862', '25', '53', '137', '726', '572', '296', '336', '70', '858', '40', '789']
['979', '985', '265', '920', '885', '180', '509', '532', '608', '263', '805', '964', '277', '897', '983', '164', '393', '220', '719', '904', '454', '707', '282', '836', '84']
['221', '316', '132', '59', '43', '295', '370', '780', '26', '913', '453', '738', '257', '134', '782', '224', '927', '716', '960', '33', '553', '225', '889']
['810', '640', '256', '161', '431', '151', '365', '768', '349', '83', '461', '290', '681', '232', '940', '355', '126', '188', '335', '829', '936', '198', '818', '841', '4']
['763', '717', '392', '821', '536', '705', '387', '274', '933', '153', '429', '422', '175', '190', '185', '596', '377', '66', '18', '49']
['870', '116', '391', '438', '999', '201', '103', '249', '3', '697', '891', '530', '603', '728', '695', '437', '215', '420', '495', '907', '223', '899', '503']
['129', '182', '946', '152', '301', '583', '191', '972', '807', '847', '978', '542', '740', '864', '234', '356', '619']
['956', '338', '606', '773', '346', '322', '526', '333', '337', '397', '124', '639', '341', '100', '607', '328', '411', '94']
['490', '396', '269', '375', '759', '851', '656', '875', '570', '584', '959', '954', '253', '872', '171', '71', '595', '729']
['231', '575', '819', '162', '888', '213', '767', '82', '9', '629', '844', '990', '451', '653', '2', '941', '334', '510', '896', '436', '176', '845', '63', '434', '929']
['260', '399', '178', '617', '89', '28', '579', '330', '1', '293', '771', '766', '761', '121', '113', '271', '78', '743', '971', '655', '823', '138', '952', '686', '283']
['905', '414', '294', '708', '462', '882', '939', '136', '802', '748', '481', '669', '513', '544', '850']
['611', '432', '237', '302', '106', '41', '930', '566', '552', '85', '95', '647', '804', '469', '179', '800']
['545', '760', '808', '926', '5', '426', '81', '840', '317', '958', '448', '228', '291', '272', '987', '557', '551', '827']
['80', '202', '427', '563', '196', '967', '594', '997', '809', '634', '911', '699', '222', '406', '880', '154', '549', '480', '304', '37', '637', '14', '276', '651']
['995', '830', '352', '668', '347', '723', '512', '909', '332', '368', '694', '828', '876', '746', '39', '849', '114', '44', '806', '682', '559']
['400', '843', '325', '518', '482', '883', '372', '588', '922', '736']
['734', '476', '516', '385', '479', '793', '853', '710', '327', '792', '692', '622', '674', '931', '449', '460', '226', '878', '673', '540', '794', '445', '660', '963']
['587', '150', '546', '693', '475', '384', '386', '988', '409', '96', '981', '520', '749', '980', '560', '737', '609', '186', '839', '351', '197', '938', '564']
