['71', '937', '188', '109', '534', '693', '459', '593', '324', '328', '522', '365', '239', '331', '438', '247', '53', '745', '564', '672', '261', '907', '101', '740', '304', '580', '74', '339', '238', '199', '925', '783', '40', '144', '927', '555', '765', '753', '879', '543', '80', '411', '200', '19', '55', '830', '214', '707', '223', '131', '69', '814', '890', '912', '3']
['95', '116', '894', '326', '770', '363', '654', '475', '947', '494', '870', '818', '513', '241', '378', '620', '878', '748', '477', '835', '11', '117', '648', '622', '175', '624', '118', '25', '797', '243', '572', '205', '376', '749']
['641', '231', '388', '58', '722', '884', '883', '801', '194', '498', '862', '678', '731', '165', '729', '933', '154', '23', '525', '524', '149', '8', '94', '364', '545', '948', '737', '493', '538', '573', '226', '872', '227', '856', '422', '824', '552', '190', '763', '919', '221', '915', '60', '946', '865', '103', '844', '500', '178', '406', '9', '323', '350', '602', '621', '282', '843', '896', '655', '86', '166']
['645', '244', '435', '636', '736', '2', '460', '209', '344', '443', '924', '171', '891', '623', '474', '163', '448', '616', '145', '424', '260', '831', '445', '784', '604', '491', '204', '281', '270', '902', '216', '407', '688', '767', '92', '686', '860', '217', '151', '271', '517', '277', '487', '752', '355', '57', '203', '667', '111', '789']
['427', '951', '754', '207', '168', '251', '547']
['931', '246', '619', '868', '174', '482', '265', '126', '546', '721', '781', '316', '325', '874', '704', '257', '197', '957', '559', '747', '373', '288', '201', '806', '162', '684', '410', '952', '180', '289', '959', '391', '381', '825', '290', '730', '705', '102', '488', '46', '7', '330', '478', '206', '823', '96', '212', '176']
['796', '158', '793', '313', '329', '588', '26', '439', '703', '210', '683', '21']
['36', '356', '594', '122', '343', '681', '167', '341', '779', '31', '876', '110']
['625', '161', '516', '828', '399', '293', '941', '900', '233', '772', '609', '263', '353', '531', '4', '509', '732', '412', '312', '679', '470', '50']
['85', '398', '160', '395', '479', '340', '714', '557', '955', '794', '578', '93', '699', '390', '490', '294', '526', '73', '562', '787', '284', '922', '584', '715', '433', '366', '918', '62', '802', '838', '309', '938']
['29', '725', '184', '710', '10', '87', '507', '49', '535', '875', '712', '124', '387', '374']
['30']
['928', '236', '529', '286', '653', '689', '848', '338', '728', '136', '585', '492', '142', '276', '857', '431', '27', '141', '333', '112', '817', '380', '701', '150', '643', '926', '345', '849', '697', '544', '649', '571', '733', '567', '249', '889', '450', '172', '877', '792', '138', '485', '429', '606', '56', '321', '536', '508', '539', '454', '45', '780', '698', '895', '164', '266', '866', '905', '899', '888']
['173', '903', '944', '129', '592', '554', '743', '809', '392', '153', '405', '220', '766', '675', '402', '242', '682', '98', '741', '421', '936', '232', '224', '65', '673']
['198', '83', '510', '514', '401', '506', '901', '139', '202', '568', '618', '738', '811', '358', '940', '140', '897', '726', '291', '393', '473', '354', '628', '853', '414', '716', '774', '0']
['599']
['942', '434', '179', '33', '598', '20', '250', '607', '871', '146', '462', '808', '72', '540', '196', '489', '447', '275', '1', '318', '137', '100', '170', '463', '97', '960', '125', '669', '451', '791', '63', '468', '863', '953', '394', '711', '676', '659', '298', '99', '520', '854', '229', '502', '360', '359', '262', '386', '778', '651', '929', '419', '615', '587', '611', '630', '930', '301', '512']
['471', '605', '832', '690', '252', '430', '788', '377', '39', '939', '631', '108', '664', '308', '582', '24', '278', '954', '839', '650', '660', '799', '921', '861', '310', '617', '423', '910', '596', '640', '132', '52', '720', '757', '589', '551', '908', '285', '272', '352', '855', '807', '511', '759', '437', '708', '776', '657', '177', '577', '898', '717', '629', '155', '691', '647', '258', '887', '315', '634', '303']
['719', '764', '68', '32', '632']
['913', '208', '48']
['367', '527', '768', '528', '148', '400', '67', '956', '670', '880', '274', '215', '456', '280', '626', '35', '211', '82', '709', '255', '420', '379', '614', '833', '864', '335', '885', '361', '677']
['389', '259', '662', '867', '841', '123', '371', '735', '758', '299', '254', '586', '334', '70', '320', '484', '317', '442', '635', '852', '327', '133', '934', '409', '78', '658', '307', '836', '692', '76', '440', '542', '541', '332', '408', '128', '113', '273', '696', '633', '91', '810', '476', '441', '798', '597', '248', '782', '51', '734', '292', '923', '66']
['909', '351', '38', '519', '225', '790', '436', '656', '382', '455', '457', '297', '119', '375', '6', '523', '152', '882', '191', '461', '600', '417', '396', '348', '639', '444', '413', '666', '106', '17', '575', '680', '268', '613', '881', '486', '550', '84', '237', '642', '368', '228', '90', '157', '449', '12', '104', '337', '847', '723', '403', '610', '579', '892', '916', '837', '499', '773', '483', '746', '501']
['627', '465', '362', '185', '245', '590', '521', '464', '458', '816', '661', '612', '467', '61', '668', '727', '859', '581', '914', '603', '44']
['222', '840', '41', '230', '264', '674', '134', '812', '296', '549', '583', '18', '760', '79', '453', '472', '845', '702', '935', '503', '769', '826', '469', '169', '415', '945', '532', '181', '416', '694', '917', '819', '495', '311', '34', '556', '159', '267', '771', '920', '700', '64', '911', '107', '777', '322', '822', '943', '652']
['505', '452', '22', '218', '821', '397', '813', '886', '319', '182', '428', '869', '47', '279', '663', '560', '665', '384', '496', '829', '744', '480', '530', '269', '958', '383', '713', '357', '815', '893', '827', '370', '563', '706', '59']
['336', '120', '88', '130', '295', '846', '127', '135', '481', '906', '751', '687', '851', '850', '644', '646', '548', '305', '192', '77', '404', '347', '739', '256', '858', '300', '105', '219', '949', '253', '240', '638', '14', '235', '302', '314', '570', '121', '497', '785', '805', '81', '800', '950', '183']
['561', '795', '762', '54', '569', '115', '42', '89', '426']
['189', '566', '576', '187', '28', '518', '595', '504', '342', '425', '15', '186', '537', '75']
['724']
['287', '234', '5', '761', '193', '533', '418', '591', '820', '803', '904', '842', '685', '755', '695', '147', '608', '565', '601', '756', '775', '349', '369', '114', '558', '750', '195', '671', '574', '804', '637', '37', '834', '742', '446', '372', '432', '553', '143', '786', '43', '385', '466', '873', '306', '346', '213', '283', '13', '16', '932', '156', '515', '718']
