['463', '121', '803', '849', '138', '482', '910', '386', '975', '501', '963']
['362', '196', '371', '342', '561', '444', '25', '422', '614', '403', '235', '334', '246']
['100', '966', '605', '381', '858', '588', '382', '873', '64', '569', '279', '562', '732', '823', '256']
['51', '70', '225', '632', '585', '700', '221', '662']
['745', '583', '939', '787', '31', '760', '944', '654']
['160', '822', '439', '525', '714', '77', '704', '531', '43', '207', '205']
['442', '21', '413', '509', '897', '789', '29', '452', '316', '73', '821', '358', '301', '181']
['644', '647', '78', '154', '798', '945', '237', '293', '802', '258', '449', '373', '346', '600', '85']
['173', '341', '800', '379', '391', '971']
['462', '158', '542', '493', '80', '284', '295', '199', '895']
['656', '281', '685', '791', '836', '410', '24', '467', '319', '485']
['781', '224', '753', '389', '475', '82', '394', '754']
['48', '372', '835', '357', '99', '356', '517', '927', '89', '832', '508', '658', '533']
['115', '905', '274', '617', '457', '746', '395', '327', '435', '994', '853', '79', '970', '337', '329']
['616', '240', '716', '195', '877', '969', '39', '757', '953', '902', '247', '75', '360']
['506', '552', '652', '263', '671', '869', '250', '288', '190', '530', '313', '228', '133', '112']
['368', '983', '495', '206', '776', '184', '398', '768', '380', '769', '315', '804', '62', '47']
['296', '266', '973', '720', '421', '683', '108', '978', '744', '958']
['951', '549', '995', '829', '919', '635', '668', '706']
['719', '865', '991', '967', '830']
['840', '759', '203', '890', '18']
['383', '537']
['925', '390', '411', '265', '245', '987', '952', '156']
['244', '612', '119', '219', '353', '87', '150', '332', '636', '54', '191', '254', '892', '71', '687']
['730', '699', '670', '566', '718', '491', '50', '419', '960', '818']
['434', '560', '175', '707', '479', '645', '689', '230', '486', '815', '344', '841', '142', '610']
['828', '257', '728', '844', '269', '409', '737', '336']
['984', '74', '866', '377', '922', '476', '278', '861', '270', '447', '528', '272']
['682', '739', '153', '481', '317', '176', '864', '711', '26']
['299', '286', '556', '805', '124', '148', '159']
['705', '587', '626', '989', '330']
['311', '408', '253', '598', '378', '675', '95', '594', '388', '367', '227', '122', '424']
['726', '936', '347', '764', '312', '10', '780', '643', '431', '597', '539', '499', '470']
['512', '980', '41', '965', '283', '959', '792', '461', '611', '888', '666']
['370', '129', '917', '302', '325', '903', '162', '53', '870', '974']
['469', '511', '733']
['213', '649', '252', '896', '790', '765', '570', '808', '572', '735', '387', '212', '982']
['136', '694', '236', '81', '498', '819']
['738', '42', '105', '933', '239', '503', '291']
['305', '1', '137', '900', '579']
['384', '243', '169', '932', '883']
['328', '484', '540', '913', '651', '591', '592', '27', '55']
['289', '638', '964', '351', '701', '86', '535', '104', '168', '13', '428', '416', '608', '458', '555']
['40', '688', '202', '437', '139', '310', '923', '519', '178', '857', '918', '657', '702', '300', '304']
['260', '625']
['109', '941', '929', '49', '731', '76', '446', '563', '761', '145', '92', '554', '884', '167', '541']
['282', '114']
['955', '97', '374', '948']
['992', '843', '976', '197', '999', '468', '473', '271', '620', '192']
['406', '988', '460', '404', '505', '956', '996', '37', '736', '143', '860', '631']
['297', '693', '130', '220', '63', '543', '990', '993', '466', '131', '548', '972', '867']
['574', '68', '352', '595', '565', '412', '623', '19', '756', '474', '5', '98', '876', '891', '233']
['163', '661', '721', '665', '392', '397', '734', '642', '607', '831', '38', '69', '810', '908']
['103', '393', '472', '544', '816', '359', '280', '622', '926', '627', '234', '618', '748', '872', '134']
['609', '775', '589', '513', '553', '577', '514', '962', '402', '217', '708', '399']
['582', '127', '766', '886', '538', '722', '997', '696', '580', '686', '238']
['794', '226', '979', '573', '34', '290', '846', '11', '264', '241', '128', '215', '806']
['851', '727', '713', '425', '673', '211', '912']
['248', '887', '772', '232', '520', '629', '23', '204', '7', '571', '369', '445', '375']
['477', '660', '534', '681', '788', '443', '223']
['915', '262', '784', '906', '934', '214', '210', '778', '208']
['924', '287', '320', '430', '801', '672', '557', '340', '940', '526', '125', '2', '28', '185']
['165', '637', '186', '35', '354', '935', '521', '854', '355', '679', '465', '914', '874', '767']
['331', '366', '568', '179', '318', '842', '490', '427', '603', '189', '83', '575', '14']
['648', '423', '837']
['36', '276', '229', '298']
['747', '187', '833', '144', '180', '61', '361', '677', '559', '899', '201', '712', '641', '30', '949']
['45', '339', '882', '249', '885', '613', '3', '826', '763', '94', '545', '350', '601', '343', '695']
['60', '578', '401', '164', '471', '676', '174', '669', '448', '740', '524', '639', '825', '326']
['303', '653', '459']
['420', '928', '698', '364', '771', '365', '667', '65', '496', '4', '871', '338', '385', '113', '306']
['504', '116', '502', '59', '349', '84', '894', '182', '742', '985', '141', '242', '415', '783', '488']
['507', '725', '146', '117', '140']
['954', '558', '782', '88', '93', '937', '193', '363', '209', '943', '436', '809']
['749', '859', '15', '741', '527', '198', '149', '551', '308', '817', '456', '634', '796']
['518', '779', '492', '615', '770', '664', '16']
['497', '152', '67', '581', '916', '147', '901', '453', '889']
['827', '268', '273', '856', '576', '977', '96']
['663', '942', '307']
['494', '795', '550', '0', '909', '438', '838', '536', '723', '729', '123', '602', '177', '106']
['811', '6']
['847']
['57', '715', '132', '628', '107', '222', '850', '216', '961', '483', '862', '921']
['950', '630', '294', '314', '441', '546', '904', '968', '584', '259', '532', '692']
['855', '814', '487', '417', '110', '684', '46', '91', '489', '58', '111', '878']
['986', '44', '348']
['599', '22', '478', '920', '251', '586', '930', '455', '755', '218', '17', '155', '875', '405', '898']
['500', '998', '786', '418', '12', '596', '624', '834']
['20', '120', '118', '322', '547', '9', '799', '432', '32', '194', '911', '451']
['751', '709', '292', '750', '839', '690']
['171', '680', '807', '703', '426', '166', '323', '793', '590', '454', '868', '564']
['678', '946', '640', '515', '516', '429', '126', '633', '852', '522', '606', '813', '151', '157', '947']
['604', '674', '659', '758', '845', '480', '848', '324', '72', '170', '335', '33']
['724', '376', '345', '101', '529', '824', '90']
['785', '188', '275', '879', '717', '277', '8', '619', '321', '231', '957']
['812', '777', '66', '255', '52', '56', '433', '907', '333', '797', '135', '773', '593', '400', '183']
['752', '621', '820', '691', '762', '267', '893', '931', '396']
['407']
['285', '414', '650', '102', '440', '464', '880', '981', '697', '881', '710']
['743', '161', '774', '510', '938', '523', '646', '450', '567', '200', '261', '863', '655', '172', '309']
