['85']
['116']
['7', '676', '84', '310', '573', '160', '530', '412', '913', '452', '435', '935', '47', '634', '928', '400', '836', '852']
['137', '135', '785', '564', '3', '974', '386', '31', '141', '434', '674', '446', '428', '860', '283', '131', '848', '20', '391', '532', '685', '927', '878', '712', '499', '122', '710', '127', '686', '115', '531', '211', '671', '394', '380', '143', '104', '107', '801', '245', '750', '269', '204', '50', '623', '565', '314', '359', '26', '979', '217', '320', '497', '488', '641', '72', '825', '770', '257', '826', '459', '467', '224', '805']
['354', '235', '753', '296', '159', '409', '97', '748', '1', '243', '690', '397', '526', '703']
['78', '372']
['110', '105', '758']
['259', '666', '43', '655']
['672', '541', '639', '929', '779', '516', '94', '426', '715', '962', '930', '493', '596', '653', '724', '59', '693', '356', '345', '875', '510', '908', '37', '985', '17', '709', '914', '658', '970', '772', '193', '332', '990', '764', '654', '851', '820', '298', '311', '636', '542', '352', '238', '11', '509', '896', '696', '291', '972', '231', '619', '483', '977', '377', '677', '38', '920', '315', '698', '210', '473', '147', '251', '340']
['768', '212', '717', '504', '829', '559', '307', '956', '882', '27', '620', '846', '265', '630', '89', '264', '441']
['16', '585', '539', '176', '548', '546', '57', '55', '947', '713', '449', '816', '68', '76', '629', '34', '237', '32', '702', '189', '597', '472', '223', '66', '390', '440', '492', '640', '276']
['716', '592', '458', '840', '498', '660', '153', '946', '197', '301', '607', '502', '515', '423', '649', '214', '125', '489', '872', '547', '536', '621', '681', '52', '637', '998', '771', '239', '505', '376', '719', '389', '817', '40', '668', '938', '958', '466', '260', '71', '867', '934', '665', '228', '171', '822', '561', '12', '451', '861', '595', '608', '711', '442', '812', '331', '58', '954', '478', '769', '858', '457', '19', '624']
['617', '113', '995', '90', '230', '507', '786', '569', '968', '465', '479', '187', '797', '415', '774', '784', '447', '0', '572', '973', '886', '121', '503', '61', '21', '982', '870', '425', '744', '342', '322', '429', '909', '200', '543', '922', '487', '6', '549', '252', '370', '849', '951', '841', '28', '385', '279', '919', '728', '112', '63', '150', '388', '533', '218', '755', '535', '986', '527', '477', '688', '571', '152', '365']
['317', '864', '625', '272', '521', '645', '520', '306', '766', '718', '835', '611', '960', '657', '794', '485', '980', '667', '373', '348', '328', '271', '268', '164', '81', '309', '22', '318', '912', '186', '468', '761', '25', '163', '421', '943', '208', '793', '285', '622', '707', '248', '963', '578', '984', '959', '949', '182', '431', '701', '679', '781', '154', '490', '470', '82', '167', '558', '267', '420', '901', '898', '4', '734']
['88', '156', '355', '992']
['140', '577', '580', '590', '714', '599', '244', '906', '855', '215', '887', '100', '576', '545', '519', '371', '226', '349', '53', '961', '675', '70', '424', '924', '814', '327', '170', '118', '940', '921', '802', '275', '130', '476', '650', '997', '48', '168', '161', '964', '682', '308', '680', '583', '792', '178', '587', '343', '179', '911', '185', '407', '474', '411', '351', '402', '562', '544', '586', '262', '496', '664', '948', '818']
['379', '895', '463', '967', '570', '422', '341', '393', '304', '627', '273', '746', '60', '319', '445', '280', '648', '108', '704', '360', '5', '106', '177', '815', '981', '207', '673', '403', '401', '551', '198', '416', '414', '95', '593', '880', '811', '915', '139', '687', '14', '382', '993', '513', '455', '588', '684', '765', '98', '312', '975', '899', '808', '299', '937', '56', '731', '134', '96', '868', '181', '950', '538', '350']
['142', '803', '889', '247', '450', '292', '448', '29', '652', '910', '454', '733', '739', '158', '923', '491', '806', '461', '845', '129', '945', '270', '796', '254', '284', '699', '432', '989', '303', '222', '790', '932', '944', '751', '833', '810', '229', '926', '936', '939', '75', '23', '439', '760', '900', '807', '987', '722', '591', '405', '148', '839', '567', '582', '213', '92', '842', '194', '433', '584', '324', '338', '971', '965']
['721', '605', '925', '180', '196', '184', '109', '615', '738', '730', '471', '242', '67', '413', '220', '169', '256', '438', '917', '120', '775', '776', '747', '219', '353', '537', '762', '883', '600', '83', '809', '988', '453', '462', '735', '603', '361', '819', '482', '907', '149', '528', '201', '144', '119', '329', '366', '837', '305', '560', '266', '823', '15', '524', '277', '694', '216', '183', '555', '362', '757', '579', '418', '263']
['884']
['522', '378', '706', '999', '877', '563', '93', '297', '117', '484', '374', '780', '759', '828', '525', '241', '205', '133', '689', '691', '65', '871', '556', '752', '783', '904', '511', '795', '905', '612', '51', '10', '754', '18', '616', '720', '631', '203', '897', '443', '692', '444', '789', '36', '700', '54', '553', '683', '966', '642', '246', '77', '598', '859', '475', '512', '290', '13', '175', '756', '518', '124', '233', '633']
['736']
['773', '844', '501', '302', '821', '953', '523', '195', '114', '87', '813', '798', '787', '874', '778', '604', '33', '695', '2', '508', '69', '232', '103', '892', '396', '486', '850', '358', '782', '30', '659', '856', '574', '804', '635', '240', '727', '62', '367', '566', '550', '24', '767', '209', '891', '881', '261', '165', '436', '99', '969', '832', '255', '364', '334', '287', '155', '151', '800', '456', '41', '991', '480', '613']
['123', '788', '827', '594', '326', '495', '313', '663', '128', '236', '777', '568', '35', '404', '741', '894', '831', '190', '146', '8', '126', '632', '430', '697', '166', '824', '45', '9', '346', '145', '295', '293', '916', '862', '644', '609', '172', '879', '369', '952', '387', '274', '417', '363', '408', '978', '136', '885', '469', '202', '589', '162', '994', '791', '258', '199', '253', '102', '86', '552', '931', '506', '281', '534']
['669', '723', '46', '941', '866', '955']
['368']
['500']
['494', '903', '227', '740', '375', '406', '651', '437', '873', '333', '830', '838', '726', '250', '42', '857', '602', '763', '729', '300', '743', '626', '347', '643', '575', '742', '678', '64', '918', '344', '628', '80', '101', '335', '39', '174', '610', '464', '44', '132', '392', '708', '111', '646', '869']
['173']
['225', '157', '419', '725', '732', '902', '323', '79', '581', '191', '996', '381', '749', '206', '942', '957', '294', '976', '638']
['863', '670', '337', '339', '286', '330', '876', '427', '282', '745', '289', '529', '618', '890', '888', '188', '410', '481', '661', '91', '399', '278', '834', '321', '705', '73', '983', '854', '540', '843', '357', '398', '288', '192', '557', '614', '138', '554', '74', '316', '662', '249', '656', '460', '49', '799', '325', '517', '514', '384', '865', '234', '221', '737', '606', '933', '847', '383', '893', '395', '601', '853', '336', '647']
