['12', '294', '377', '176', '101', '493', '228', '220', '541', '23', '4', '112', '99', '75', '463', '179', '224', '95', '96', '486', '63', '562', '170', '171', '131', '474', '547']
['537', '500', '533', '321', '24', '121', '70', '17', '39', '173', '386', '449', '475', '98', '83', '267', '477', '518', '288', '149', '552', '361', '152', '178', '570', '93']
['348', '53', '102', '397', '38', '222', '420', '305', '59', '565', '540', '325', '447', '566', '542', '43', '497', '484', '335', '46']
['69', '576', '412', '21', '91', '163', '545', '40', '202', '459', '135', '532', '247', '20', '353', '406', '270', '250', '47', '340', '454', '56', '364', '467', '357', '94', '544', '216', '464', '379']
['52', '551', '403', '90', '431', '378', '183', '61', '494', '300', '124', '560', '372', '293', '351', '530', '487', '520', '312', '11', '190', '590', '255', '169', '326', '401', '85', '430', '577', '84']
['196', '71', '104', '232', '393', '374', '139', '370', '223', '554', '138', '360', '515']
['215', '480', '113', '513', '491', '419', '460', '29', '470', '160', '129', '366', '5', '341', '489', '582', '42', '295']
['349', '239', '485', '14', '446', '425', '539', '33', '559', '130', '3', '15', '268', '111', '212', '146', '323', '421', '76', '557', '465', '587', '244', '217', '292', '206']
['108', '143', '297', '503', '13', '246', '517', '192', '54', '157', '172', '155', '451', '506', '237', '8', '233', '385', '249', '435', '221']
['304', '524', '319', '516', '167', '448', '140', '35', '572', '34', '299', '396', '205', '148', '275', '440', '116', '398', '73', '117', '88', '86', '110', '186']
['180', '27', '439', '536', '80', '22', '36', '284', '502', '589', '136', '507', '432', '578', '266', '248']
['81', '145', '188', '478', '134', '28', '286', '381', '144', '105', '49', '314', '303', '309', '67', '482', '55', '437', '424', '585', '573', '584', '594', '18', '387', '208', '273']
['97', '175', '25', '365', '548', '549', '125', '441', '382', '310', '58', '380', '158', '274', '567', '332', '354', '472', '260', '251', '316', '433', '442', '510', '318', '65', '358']
['488', '593', '409', '238', '280', '257', '526', '62', '165', '234', '301', '252', '162', '225', '313', '245', '259', '50', '166', '211', '553', '10', '236', '337', '413', '147', '87', '243']
['219', '308', '30', '109', '529', '468', '422', '362', '322', '285', '6', '581', '185', '561', '471', '519', '373', '556', '416', '9', '483', '306', '68', '569', '287']
['230', '127', '546', '356', '528', '390', '479', '213', '122', '283']
['207', '415', '352', '0', '452', '588', '126', '231', '330', '426', '509', '580', '1', '568', '159', '473', '44', '579']
['596', '276', '522', '392', '586', '271', '399', '555', '535', '407', '16', '457', '182', '481', '262', '338', '78', '269', '456', '106', '388', '334', '525', '511', '538', '218', '592', '189', '534', '336']
['527', '331', '226', '291', '191', '119', '368', '60', '26', '66', '187', '324', '168', '444', '181', '156', '281', '423', '92', '443', '264', '369', '204', '512', '383', '7', '495', '133', '391']
['597', '563', '455', '235', '132', '329', '371', '64', '342', '311', '320', '253', '184', '100', '327', '574', '193', '363', '490', '74', '298']
['103', '164', '154', '227', '505', '462', '261', '389', '504', '290', '45', '521', '498', '203', '550', '599', '402', '453', '492', '427', '436', '591', '296', '197', '347', '583', '438', '375', '595']
['161', '434', '466', '376', '241', '77', '367', '19', '458', '395', '476', '2', '256', '174', '201', '289', '272', '344', '151', '414', '355', '240', '177', '48']
['501', '142', '418', '394', '57', '79', '209', '345', '405', '315', '496', '242', '107', '278', '265', '575', '194', '317', '543', '89', '571', '428', '429', '141']
['598', '41', '404', '339', '31', '137', '82', '499', '302', '277', '258', '307', '118', '450', '32', '263', '37', '72', '350', '531', '199', '210', '328', '123', '445', '198', '114']
['120', '558', '346', '51', '282', '195', '115', '254', '279', '411', '343', '523', '564', '333', '410', '417', '408', '229', '214', '128', '508', '514', '359', '469', '153', '200', '461', '150', '400', '384']
