['345']
['723', '922', '142', '623']
['683', '672', '605', '414', '300', '365', '964', '89', '118', '390', '889', '664', '3', '509', '461', '491', '640', '259', '877', '600', '100', '471', '109', '804', '435', '45', '407', '420', '437', '752', '282', '484', '828', '619', '988', '92', '924', '177', '321', '917']
['756', '44', '50', '258', '140', '584', '737', '332', '254', '556', '734', '353', '852', '266', '617', '790', '223', '423', '970', '562', '313', '993', '818', '364', '786', '261', '829', '242', '907', '603', '479', '859', '810', '885', '283', '678', '858', '410', '599', '315']
['260', '188', '693', '209', '152', '150', '227', '285', '127', '468', '207', '483', '743', '910', '195', '369', '680', '106', '290', '550', '615', '64', '309', '582', '817', '193', '675', '697', '305', '330', '686', '376', '490', '589', '930', '208', '442', '47', '891', '652']
['375', '166', '324', '284', '70', '312', '890', '767', '395', '747', '908', '233', '816', '771', '909', '417', '135', '124', '984', '800', '202', '492', '121', '521', '946', '555', '696', '113', '892', '366', '536', '328', '871', '583', '174', '131', '551', '148', '158', '314']
['80', '10', '893', '958', '46', '396', '224', '432', '289', '781', '832', '143', '644', '873', '467', '764', '637', '165', '36', '703', '673', '574', '298', '108', '807', '347', '625', '726', '294', '977', '516', '413', '969', '812', '176', '839', '823', '543', '886', '71']
['989', '73', '718', '379', '323', '352', '815', '247', '228', '699', '913', '548', '183', '700', '759', '9', '469', '679', '448', '133', '758', '269', '90', '753', '950', '408', '156', '570', '577', '519', '443', '32', '978', '690', '750', '58', '757', '997', '213', '510']
['299', '292', '526', '976', '745', '571', '857', '2', '706', '938', '612', '849', '93', '645', '998', '943', '760', '677', '630', '334', '911', '226', '906', '728', '358', '325', '159', '154', '75', '280', '631', '563', '204', '581', '809', '317', '401', '667', '813', '336']
['894', '732']
['54', '876', '286', '225', '466', '82', '811', '773', '147', '547', '874', '783', '861', '389', '238', '935', '792', '768', '830', '308', '38', '15', '232', '558', '31', '42', '772', '372', '591', '872', '220', '197', '520', '836', '112', '523', '61', '304', '406']
['528']
['34', '944', '596', '301', '459', '579', '329', '898', '616', '883', '841', '720', '21', '250', '30', '241']
['903', '507']
['798', '843', '59', '355', '161', '763', '272', '682', '953', '79', '851', '271', '494', '660', '88', '164', '472', '956', '433', '517', '704', '765', '478', '12', '502', '731', '733', '35', '539', '416', '588', '601', '959', '929', '853', '559', '234', '7', '826', '544']
['761', '248', '196', '535', '927', '201', '725', '865', '281', '979', '97', '438', '175', '803', '23', '214', '167', '503', '455', '104', '740', '905', '402', '820', '445', '840', '444', '17', '710', '663', '404', '49', '98', '373', '602', '302', '866', '200', '669', '138']
['634', '945', '429', '994', '975', '25', '936', '81', '62', '22', '884', '427', '180', '297', '356', '333', '514', '56', '91', '463', '178']
['130', '628', '110', '296', '388', '641', '901', '86', '684', '190', '701', '715', '844', '173', '611', '542', '105', '462', '163', '19', '702', '120', '586', '968', '719', '257', '122', '103', '742', '477', '666', '769', '549', '878', '916', '465', '573', '311', '350', '651']
['206', '384', '216', '850', '65', '69', '564', '614', '837', '923', '875', '359', '802', '331', '262', '185', '399', '371', '270', '141', '400', '999', '724', '668', '265', '5', '530', '485', '778', '343', '895', '854', '136', '779', '287', '474', '955', '440', '125', '827']
['794', '351', '560', '256', '78', '160', '326', '318', '222', '66', '377', '899', '650', '194', '277', '847', '181', '912', '933', '791', '633', '595', '263', '101', '824', '795', '741', '990', '20', '115', '198', '405', '870', '578', '512', '482', '533', '604', '212', '0']
['229']
['322', '965', '789', '424', '126', '114', '622', '316', '500', '694', '381', '777', '481', '422', '714', '378', '211', '361', '415', '627', '162', '676', '949', '951', '937', '144', '738', '546', '346', '825', '557', '748', '18', '576', '111', '245', '525', '171', '785', '974']
['215']
['784', '842', '132', '387', '268', '806', '597', '251', '129', '419', '102', '888', '960', '729', '848', '713', '476', '99', '52', '276']
['855', '845', '856', '295', '626', '887', '246', '957', '199', '708', '607', '721', '96', '513', '67', '457', '55', '495', '527', '344', '868', '230', '538', '689', '646', '561', '613', '335', '881', '39', '310', '504', '341', '864', '84', '454', '934', '456', '192']
['41', '4', '320', '169', '128', '629', '26', '48', '63', '572', '862', '498', '267', '657', '74', '210', '493', '191', '639', '659', '488', '43', '787', '374', '450', '782', '941', '774', '797', '218', '624', '730', '239', '134', '952', '157', '973', '293', '661', '642']
['94', '182', '155', '470', '85', '585', '620', '421', '698', '981', '904', '961', '189', '279', '705', '168', '119', '475', '117', '796', '590', '954', '610', '139', '501', '24', '643', '473', '11', '598', '255', '362', '87', '834']
['926', '221', '762', '566', '249', '948', '940', '393']
['915', '278', '291', '914', '288', '744', '205', '860', '754', '451', '418', '658', '532', '430', '360', '983', '237', '529', '534', '275', '496', '966', '653', '647', '95', '863', '436', '531', '439', '939', '367', '972', '411', '654', '801', '219', '522', '722', '971', '552']
['788', '670', '635', '72', '709', '592', '821', '394', '568', '593', '992', '671', '569', '441', '77', '392', '342', '409', '900', '980', '967', '793', '398', '83', '368', '354', '253', '928', '489', '460', '184', '187', '902', '243', '736', '273', '649', '831', '749', '217']
['565', '846', '431', '151', '397', '739', '16', '434', '236', '648', '695', '982', '339', '37', '621', '662', '380', '746', '149', '867', '681', '348', '814', '480', '766', '920', '76', '541', '40', '987', '805', '897', '685', '674', '925', '28', '1', '349', '688', '996']
['882', '632', '717', '357', '735', '553', '403', '587', '123', '918', '665', '833', '385', '869', '60', '29', '412', '656', '186', '838', '338', '896', '340', '116', '107', '947', '449', '508', '179', '540', '319', '27', '452', '391', '274', '880', '428', '506', '68', '995']
['985', '775', '203', '712', '307', '515', '425', '57', '231', '963', '464']
['370', '383', '707', '458', '716', '511', '153', '691', '692', '931', '780', '751', '145', '453', '942', '687', '554', '487', '594', '486', '819', '919', '497', '303', '363', '235', '447', '575', '537', '921', '252', '386', '170', '545', '6', '306', '446', '337', '8', '244']
['505', '822', '608', '137', '382', '53', '172', '835', '770', '727', '146', '776', '638', '991', '962', '986', '33', '580', '327', '932', '636', '264', '606', '240', '499', '711', '655', '808', '799', '618', '567', '524', '51', '518', '755', '13', '879', '14', '609', '426']
