['442', '943', '553', '537', '22', '220', '126', '727', '89', '687', '297', '670', '461', '17', '478', '724', '25', '250', '347', '902', '207', '165', '897', '190', '65', '912', '350', '882', '656', '503', '608', '758', '466', '933', '557']
['580', '202', '252']
['121', '542', '235']
['645']
['450', '233', '615', '492', '384', '674', '676', '869', '104']
['195', '429', '484', '637', '663', '660', '0', '543']
['378']
['80']
['325']
['47', '379', '711', '700', '774']
['90', '707']
['725']
['486']
['249']
['607', '16', '274', '205', '596', '749', '793', '476', '19', '931', '339', '998', '811', '850', '874', '572']
['716']
['800', '270', '261']
['231']
['786']
['769', '928', '717', '744', '518', '481', '916', '288', '475', '669', '76', '968', '599', '217', '209', '883', '27', '135', '192', '921']
['574']
['23', '881', '357', '41', '244', '139', '683', '327', '843', '185']
['99']
['661']
['257', '923']
['718']
['986', '533', '764', '203', '204', '892', '889', '575', '387', '162', '201', '9', '362', '221', '926', '374', '514', '623', '595', '21']
['614']
['493']
['838', '625', '594', '559', '278', '779', '877', '901', '761', '899', '868', '770', '907', '757', '366', '393', '485', '605', '31']
['371']
['293', '2', '510', '679', '50', '346', '775', '206', '643', '59', '157', '665', '664', '994', '177', '472', '686', '308', '966', '343', '649', '199', '218']
['494', '197', '145', '694', '890']
['747']
['975']
['468', '391', '935', '508', '419', '740', '856', '408', '58', '519', '326', '26', '501', '105', '780', '448', '861', '112', '876', '191', '120', '301', '790', '823', '227', '82', '818', '6', '36', '606', '498', '585', '173']
['591']
['762']
['903', '722']
['49']
['115', '152', '489', '11', '982', '148']
['799']
['961']
['480']
['35']
['340', '156']
['473']
['181', '246', '394', '820', '53', '158', '816', '909', '705', '311', '208', '143', '646', '939', '837', '885', '396', '69', '329']
['616']
['356']
['512']
['708']
['959', '302']
['642', '93', '752', '827']
['247']
['248']
['399', '151', '287', '930', '277', '222', '130', '681']
['976']
['116']
['795']
['855', '644', '602', '697', '451', '499', '611', '629', '136', '361', '125', '155', '845']
['107']
['528']
['175']
['420', '824', '538', '307', '504', '295', '265', '83']
['622']
['186']
['836']
['632']
['349']
['947']
['689']
['168', '20', '635', '766']
['969']
['734']
['44', '920', '410', '621', '918', '96', '43', '403', '306', '570', '169', '523', '728', '662', '241', '477', '428', '952', '696', '809', '474', '171', '858', '234', '706', '617', '226', '562', '619', '117', '344', '516', '953', '131', '540', '395', '358', '650', '544', '500', '805', '337', '42', '316', '291', '323', '122', '600', '848', '279', '61', '164', '880']
['723', '317', '71']
['28', '51', '372', '936', '178', '908', '60', '414', '685', '435', '831', '67', '737', '826', '641', '558', '745', '569', '443']
['884']
['870']
['86']
['859']
['983']
['563']
['251', '81', '547', '978', '488']
['289']
['496', '304', '597', '720', '668', '914', '534', '760', '85', '281', '271', '507', '230', '446', '996', '140', '13', '772', '506', '989']
['829']
['682']
['70']
['946']
['88', '567', '648', '673', '256', '495', '333', '315', '482', '854', '63', '264', '879', '441', '64', '964', '579', '866', '118', '283', '934', '750', '505', '984', '431', '610', '830', '654']
['626']
['259']
['223']
['113']
['974', '286', '415', '954', '381', '98', '584', '238', '603', '180', '310', '941', '893', '367', '172', '497', '313', '677', '103', '549', '194', '314', '568', '146', '821', '887']
['390']
['604']
['634']
['375']
['951']
['555', '458']
['828', '245', '452']
['45']
['742', '743', '432', '815', '896', '37', '161', '322', '187', '812', '967', '352', '469', '398', '672', '767', '160', '513', '554', '525', '867', '8', '819', '862', '825']
['731', '846', '100']
['407']
['756']
['803', '423', '364', '520', '813', '703', '517', '950', '873', '710', '535', '341', '189', '417', '298', '698', '751', '212', '465', '430', '945', '630', '806', '878', '980', '243', '593', '114', '958', '216', '409', '239', '123', '263', '895', '373', '345', '416', '565', '38', '972', '213', '456', '631']
['479', '937', '590', '444']
['405', '276', '822', '137', '453', '388', '385', '777', '871', '324', '321', '699', '802']
['269']
['522']
['355']
['781']
['840']
['424']
['796', '433']
['658']
['214', '977', '990', '464', '755', '904', '166', '5']
['412']
['39', '7', '360', '377', '211', '613', '52', '842', '404', '721', '272', '551', '406', '305', '338', '62', '532', '215', '919', '560', '530', '688', '73', '176', '524', '944', '841', '588', '401', '470', '491', '704', '509', '872', '359', '804', '33', '771', '759', '808', '389', '219', '163', '659', '917', '539', '463']
['253', '106', '18', '794', '127', '556']
['730']
['225', '971', '550', '193', '255', '715', '460', '454', '913', '833', '330', '965', '546']
['657']
['726', '754', '612', '14', '834', '331', '701', '363', '851', '733', '198', '196', '713', '144', '992', '888', '353']
['999']
['773']
['844']
['924']
['94']
['993']
['48']
['571']
['942', '531', '237']
['282']
['810']
['891', '639', '987', '12', '865', '413', '141', '75']
['133', '240', '748']
['798']
['179']
['1']
['92']
['402']
['671', '778']
['210']
['589', '863', '624', '438', '262', '397', '541', '183', '592', '527', '56', '368', '792', '425', '849', '447', '275', '785', '471', '581', '900', '182', '303', '46', '57', '348', '332', '3', '817']
['927', '342', '236', '709', '10', '955', '797', '746']
['929', '692', '376', '561', '142', '457', '439', '299', '228', '502', '258', '154', '628', '962', '336', '738', '739', '853', '66', '138', '24', '768', '666', '640', '167', '418', '783', '242', '84', '292']
['134', '335', '29', '732', '776', '15', '638', '970', '675', '741', '655']
['577']
['380', '979', '566', '77', '714', '455', '729', '578', '365', '290', '119', '636', '938', '618', '72', '440']
['68', '915', '184']
['911']
['691']
['763']
['981']
['370', '170']
['991']
['87']
['601', '832', '702', '436', '997', '678', '32', '789']
['957', '34', '296', '273', '582', '97', '232', '860', '426', '445', '4', '573']
['109', '995']
['318']
['129']
['280', '102', '411', '905', '383', '462', '483', '973', '427', '351', '814', '284', '487', '400', '801', '620', '932', '490', '124', '386']
['586', '55', '328', '667', '690', '521', '79', '807', '906', '174', '652', '627', '963', '782', '791', '200', '857', '693']
['449']
['956', '300', '875', '437', '132', '266', '467', '587', '147', '369']
['320']
['422']
['922', '925', '392', '609', '552', '54', '684', '680', '948', '30', '95', '910']
['719', '515', '229', '421', '459', '285', '511', '576', '529', '224', '765', '985', '267', '153', '150', '787', '108', '736', '788', '128', '583', '111', '312', '564', '886', '110', '334', '91', '78', '940', '894', '647', '536']
['839']
['545', '864', '260', '254', '149', '74', '309', '651', '695', '847', '526', '382', '653', '434', '633', '898', '753', '835', '101', '852', '598', '40', '960', '188', '988', '548', '294', '319', '268', '735', '949', '712', '784', '159', '354']
