['317']
['335']
['196']
['399']
['387']
['50']
['482', '61', '119', '43', '163', '383', '137', '171', '449', '392', '202', '246', '79', '361', '302', '462', '489', '206', '14', '212', '47', '209', '260', '70', '306', '249', '107', '476', '268', '185', '30', '488', '11', '155', '60', '13', '263', '198', '323', '133', '1', '131', '281', '331', '259', '90', '220', '25', '412', '427', '324', '239', '404', '146', '420', '190', '304', '203', '308', '435', '181', '396', '169', '436', '257', '73', '127', '236', '413', '48', '359', '88', '45', '391', '183', '332', '272', '280', '293', '372', '283', '360', '56', '37', '66', '52', '423', '367', '461', '319', '135', '154', '168', '494', '348', '161', '459', '71', '7', '112', '357', '315', '493', '151', '400', '32', '4', '415', '473', '411', '26', '34', '82', '139', '334', '31', '464', '322', '225', '125', '0', '497', '301', '126', '228', '429', '65', '460', '474', '46', '483', '321', '252', '179', '19', '69', '200', '264', '78', '80', '333', '463', '128', '385', '188', '261', '345', '336', '158', '289', '354', '341', '38', '170', '250', '266', '187', '452', '376', '495', '465', '395', '149', '326', '355', '441', '226', '87', '318', '53', '35', '244', '123']
['222', '492', '115', '24', '167', '314', '5', '191', '96', '211', '178', '110', '406', '174', '219', '57', '150', '72', '496', '104', '455', '286', '75', '369', '490', '294', '157', '189', '364', '21', '130', '409', '407', '401', '328', '469', '180', '329', '186', '299']
['245', '297']
['276', '214', '347', '86', '217', '248', '291', '17', '408', '147', '444', '101', '29', '12', '10', '358', '265', '468', '456', '237', '285', '349', '258', '363', '54', '91', '215', '295', '251', '142', '438', '253', '443', '382', '99', '430', '241', '344', '457', '424', '458', '378', '138', '380', '398', '346', '103']
['140']
['18', '470']
['446', '480', '121', '204', '277', '373', '164', '377', '310', '338', '81', '231', '199', '218', '68', '195', '256', '309', '433', '182', '365', '422', '113', '284', '381', '437', '451', '98', '201', '89', '487', '386', '418', '173', '316', '176', '109', '177', '148', '307', '83', '197', '362', '6', '498']
['270']
['243']
['320', '337', '33', '402', '132', '426', '296', '262', '213', '431', '3', '410', '477', '370', '417', '94', '118', '475', '207', '28', '55', '288', '339', '312', '397', '129', '100', '44', '279', '64', '208', '467', '298', '51', '403', '210', '59', '384', '152', '166', '254', '356', '447', '379', '238', '143', '448', '124', '453', '230', '144', '393', '221', '282', '116', '172', '92', '394', '371', '486', '227', '224', '165', '479', '159', '278', '108', '499', '484', '432', '117', '485', '366', '232', '416', '481', '205', '160', '175', '105', '15', '290', '442', '76', '240', '41', '162', '313', '184', '478', '235', '351', '389', '84', '62', '36', '405', '67', '2', '192', '23', '269', '340', '22', '419', '428', '440', '153', '216', '247', '58', '292', '39', '229', '255', '303', '472', '274', '233', '74', '375', '390', '193', '27', '95', '450', '342', '445', '343', '145', '305', '466', '134', '300', '111', '93', '122', '471', '273', '97', '350', '439', '352', '156', '454', '425', '8', '106', '242', '414', '40', '311', '9', '275', '194', '141', '353', '234', '102', '63', '16', '368', '120', '287', '434', '327', '491', '136', '49', '85', '421', '42', '77', '330', '20']
['325']
['114']
['267', '374']
['388', '271', '223']
