['60', '144', '487', '112', '93', '98', '416', '160', '82', '40', '365', '194']
['43', '53', '398', '314', '8', '483', '206', '186', '263', '426', '0', '464', '176', '344', '336', '141', '127', '159', '79', '264', '217', '129', '414', '81', '317', '114', '106', '438', '139', '323', '233', '423', '491', '123', '181', '319', '468', '288', '116', '270']
['92', '149', '266', '23', '420', '46', '164', '328', '290']
['381', '193', '90', '470', '379', '220', '307', '499', '252', '107', '100', '245', '101', '331', '340', '208', '309', '99', '191', '367', '77', '156', '44', '37', '247', '165', '356', '130', '289', '72', '243', '18', '232', '96', '254', '163', '151', '174', '261']
['61', '36', '446', '495', '370', '215', '280', '430', '78', '179']
['231', '105', '363', '322', '30', '402', '316', '364', '162']
['226', '494', '115', '138', '330', '224', '5']
['178', '251', '278', '396', '475', '24', '10', '29', '492', '375', '407', '360', '334', '303', '189']
['304', '153', '255', '358', '240', '241', '352', '444', '346', '126', '239']
['185', '182', '369', '230', '366', '482', '120', '19', '299', '463', '51', '313']
['68', '459', '175', '476', '432', '87', '458', '39', '223', '214']
['86', '203', '472', '412', '279', '311', '27']
['400', '315', '421', '166', '455', '74', '260', '300', '183', '385', '388', '436', '167', '262']
['56', '441', '73', '229', '347', '216', '3', '351', '131', '41', '35', '218', '200', '142', '201', '205', '486', '268', '14', '54', '297', '454', '221', '422', '95', '253', '378', '354', '440', '433', '12', '102', '119', '192', '296', '368', '286', '238', '435', '265', '467']
['33', '121', '135', '282', '481', '283', '425', '89', '76', '172', '17', '187', '57', '447', '374', '267', '359', '488', '152', '197', '411', '70', '28', '326', '184', '83', '9', '59', '386', '228', '118', '327', '294', '13', '490', '387', '169', '457', '332', '150', '287', '437', '284', '448', '479', '348', '390', '273', '281', '321', '11', '66', '190', '47', '478', '117', '431']
['271', '342', '125', '67', '325']
['94', '132', '4', '389', '406', '85', '212', '409', '333', '225']
['161', '22', '97', '147', '497', '310', '246', '461', '209']
['71', '291', '473', '469', '274', '50', '345', '350', '204', '485', '128', '349', '55', '222', '84', '227', '324', '198', '335', '376', '146', '391', '124', '424', '355', '329', '136', '103', '143', '465', '111', '134', '410']
['383', '155', '451', '276', '2', '58', '199', '157', '145', '32', '404', '362']
['269', '292', '493', '305', '373', '108', '489', '415', '361']
['480', '188', '341', '428', '211', '257', '477', '48', '474', '258', '202']
['449', '399', '339', '353', '91', '275', '434', '372', '62', '122', '306']
['1', '403', '397', '312', '109', '382', '443', '419', '236', '34', '418', '471', '244']
['320', '371', '380', '63', '219', '137', '170', '429']
['498', '338', '65', '450', '452', '272', '75', '113']
['21', '235', '49', '177', '42', '445', '52', '259', '413', '6', '38', '295']
['250', '343', '180', '207', '384', '242', '308', '484', '301', '393', '110', '196', '357']
['45', '392', '88', '140', '25', '158', '195', '408', '456', '213', '69', '80', '154', '453', '401', '15', '20', '417', '293', '104', '210', '168', '496', '318', '466', '16', '237', '395', '377', '133', '249']
['394', '277', '148', '7', '26', '234', '442', '248', '439', '462', '171', '427', '64', '173']
['298', '285', '302', '460', '31', '405', '256', '337']
