['183']
['216']
['155']
['131']
['38']
['185']
['135']
['64']
['164']
['78']
['9']
['143']
['4']
['166']
['146']
['161']
['59']
['188']
['41']
['44']
['249']
['66']
['243']
['65']
['175', '54', '109', '85', '23', '21', '174', '42', '129', '190', '248', '204', '99', '230', '192', '210', '201', '191', '112', '197']
['148']
['103']
['239']
['80']
['19']
['179']
['39']
['32']
['93']
['235']
['178']
['152']
['25']
['102']
['218']
['219']
['193']
['34']
['142']
['28']
['68']
['212', '132', '110', '47', '236']
['240']
['184', '43', '189', '244']
['226']
['75']
['17']
['11']
['233']
['246', '209', '225', '123', '0', '87', '140', '114', '22']
['92']
['213']
['180']
['203']
['220']
['84']
['160', '206', '16', '113', '159', '18', '223', '101', '55', '202', '229', '46', '118', '173', '5', '151', '137']
['33']
['61']
['8']
['86']
['245', '205', '108', '26', '62', '70', '172', '51', '81', '77', '234', '242', '97', '15', '104']
['20']
['156']
['63']
['14']
['49']
['37']
['94']
['73']
['126']
['91']
['12']
['60']
['130']
['111']
['170']
['199']
['198']
['134']
['238', '72', '158', '57']
['217']
['52']
['176']
['228']
['127']
['227']
['79']
['163']
['121']
['122']
['119']
['56']
['6']
['171']
['48']
['120', '221', '58', '67', '116', '138', '45', '90', '13', '133', '150', '2', '106', '69', '88', '214', '211', '169', '139', '144', '207', '96', '141', '167', '115', '153']
['40']
['10', '194', '3', '247', '200', '147', '89', '27', '241', '1', '53', '224', '30', '105', '149', '186', '29', '182', '157', '71', '165', '74', '168', '124', '162', '107', '232', '195', '136', '95']
['82']
['222']
['35']
['7']
['76']
['125']
['215', '208']
['237']
['31']
['145']
['177']
['181']
['36']
['98']
['117']
['187']
['83']
['154']
['196', '24', '231']
['128']
['50']
['100']
