['ds', 'l', 'ex', 'cn', 'ce', 'ih', 'hk', 'av', 'fm', 'u']
['jw', 'dj', 'k', 'o', 'cy', 'cs', 'kc', 'hj', 'hg', 'ah']
['gp', 'gb', 'du', 'hf', 'j', 'ax', 'ft', 'a', 'kd', 'y']
['ga', 'go', 'gj', 'ek', 'bk', 'c', 'ca', 'iy', 'is', 'fl']
['gr', 'dc', 'h', 'bz', 'jy', 'hn', 'n', 'ae', 'ay', 'fz']
['dp', 'jz', 'bd', 'jx', 'bp', 'bs', 'iv', 'ci', 'cd', 'aj']
['t', 'ed', 'jd', 'je', 'g', 'ck', 'cx', 'z', 'jj', 'm']
['gd', 'gm', 'iw', 'ea', 'ev', 'bm', 'jh', 'cr', 'hv', 'fk']
['gf', 'df', 'dd', 'ju', 'ji', 'iq', 'jb', 'hd', 'fc', 'fd']
['gs', 'gk', 'dn', 'dl', 'da', 'ei', 'bo', 'ao', 'aq', 'az']
['gz', 'gc', 'dw', 'p', 'em', 'eg', 'if', 'fs', 'fj', 'ke']
['gw', 'do', 'bn', 'bi', 'bt', 'hr', 'ad', 'al', 'fp', 'fy']
['gv', 'ej', 'jg', 'jo', 'cm', 'ij', 'ik', 'ic', 'kf', 'ki']
['gi', 'eh', 'bc', 'bw', 'cj', 'hm', 'hc', 'r', 'am', 'au']
['dh', 'bv', 'bq', 'jl', 'hq', 'ie', 'fh', 'fo', 'i', 'km']
['gn', 'jr', 'jv', 'bu', 'w', 'cw', 'ag', 'as', 'ib', 'fn']
['eo', 'jt', 'be', 'ba', 'jk', 'cz', 'ho', 'v', 'im', 'fb']
['gx', 'ef', 'bf', 'ch', 'io', 'cp', 'ct', 'ip', 'fq', 'kn']
['ia', 'dm', 'er', 'br', 'jn', 'ha', 'he', 'fw', 'ff', 'kl']
['gy', 'dk', 'di', 'de', 'et', 'ew', 'ac', 'af', 'ap', 'aw']
['gt', 'gl', 'dv', 'dt', 'kg', 'ey', 'ez', 'jm', 'hz', 'hu']
['gq', 'dr', 'ir', 'jp', 'bx', 'cg', 'hh', 'f', 'il', 'fe']
['gu', 'dx', 'eq', 'bh', 'cf', 'kk', 'ai', 'an', 'ar', 'zz']
['gh', 'dg', 'dz', 'x', 'eb', 'es', 'jf', 'by', 'cc', 'hb']
['gg', 'dy', 'el', 'ee', 'ec', 'bl', 's', 'kb', 'kh', 'q']
['db', 'jq', 'eu', 'cq', 'hy', 'ht', 'b', 'fr', 'fu', 'fg']
['dq', 'en', 'it', 'bg', 'cb', 'hw', 'hi', 'aa', 'ab', 'e']
['ge', 'js', 'bj', 'cv', 'cu', 'ka', 'hp', 'hl', 'at', 'fv']
['ep', 'bb', 'cl', 'iu', 'hx', 'ak', 'ig', 'in', 'fa', 'iz']
['d', 'jc', 'co', 'ja', 'hs', 'ii', 'ix', 'fx', 'fi', 'kj']
