['GUX', '70K', 'D5B', 'tfQ', 'sKX', 'JWV', 'EJa', 'uii', 'IU6', 'FbA', 'VZ7', '5n5']
['Ihb', '1QY', 'vJC', 'gEp', 'h6l', 'hct', 'uZt', 'uGP', 'vca', 'UmG', 'rz4', '6sH']
['U0Z', 'dvU', 'BPL', '1xS', 'KZy', 'lsG', 'Ke0', 'KS2', 'YFC', 'TUB', 'Fws', 'oPH']
['rGT', 'bDO', 'ZY3', 'VVW', 'BDE', 'nRH']
['Hyj', '1aX', 'DoC', 'FEQ', 'ZNv', 'LTB', 'CYA', 'PQT', 'MrD', '96X', 'z1H', 'HkK']
['W4L', 'PqY', 'H9O', 'mcI', 'mLF', 'btz', 'hiF', 'XlR', '2vJ', '5i6', 'JfN', 'Pas']
['UPL', 'E2A', 'Qyh', 's3z', 'SiL', 'USE', 'zgJ', 'fFJ', 'Hi0', 'a55', '0RD', 'e8H']
['3QX', 'NGB', 'PoH', 'U4K', 'jWX', '8uu', 'Epk', 'mLL', 'mFO', 'WLk', '4gy', 'dlb']
['MQT', 'hHB', 'kYz', 'sfk', 'Qa3', 'ZFU', 'ux2', 'MNb', '00m', '19T', 'H68', '9NA']
['blA', 'zfK', 'b99', 'rXN', 'ttO', 'LiP', 'eGG', 'J8r', 'aLB', 'AHs', 'VAV', 'e8d']
['NqO', 'zEh', 'WXJ', 'rYU', 'ZQL', 'iTo', 'ULj', 'Tn8', 'B99', 'rmu', 'v6U', 'cEk']
['ptf', 'wgA', 'uH4', 'xLA', 'hYw', '4KN']
['qPq', 'JyM', '6Hl', 'Itn', '0ID', '1uW', 'ewc', 'JLF', 'u9Q', 'fFE', 'tm4', 'UDc']
['etm', 'Z7b', '5qS', 'Hbr', 'X5a', 'I2i', 'X5J', '5jv', 'm5j', 'L1u', 'gEU', 'Twl']
['IJ1', 'a4K', 'nqI', 'nf5', 'YMC', 'JYa', '4Nd', '4fp', '6ro', 'IZQ', 'Wmv', 'FzE']
['XHa', 'aTI', 'VoJ', 'klv', 'Jla', 'YUZ', 'kZ0', 'x8V', 'lKO', 'stN', 'BV4', '6Ip']
['xqY', 'Afe', 'nQj', 'mGb', 'NyP', 'KRy', 'SMj', 'SV9', '8nm', 'JcP', 'SFn', 'wGp']
['1gc', 'P8b', 'PiG', 'nc0', 'iFt', 'zfD', 'cDc', 'euj', 'GRw', 'rMd', 'WB2', 'b7z']
['xpw', 'slQ', 'mIe', 'Mvm', 'XMr', '2UA', 'Eou', 'jGk', 'gWT', 'd60', '0Qs', 'Y2z']
['bAf', '17Q', 'vyM', '4nb', 'kte', 'Qtt', 'cFa', 'Swe', 'yLV', 'Qti', 'I2S', 'kT2']
['EoI', '5Li', 'QDa', 'dNX', 'Ot9', 'KGR', '2mv', 'Kn8', 'O2z', 'CU9', 'tpP', 'OCL']
['u1N', 'cmd', 'AK4', 'dLc', 'rgC', '4p5', 'iGU', 'h3r', 'gTC', 'EJD', 'NiX', '5zB']
['tFU', 'oak', 'YEe', 'W2Z', '5U2', 'emD', 'W8n', 'Ql9', 'wwD', 'iS6', 'iW8', '6na']
['pf5', 'x86', 'aZv', 'c3v', 'upV', 'X9s', 'qDy', 'Xim', 'Fmb', 'g08', '8uz', 'e6S']
['ISX', '8VG', 'txp', 'tEu', 'HvR', 'tK7', '8j5', 'gVV', 'FkC', 'kiK', 'gfv', 'HWv']
['uVg', 'F9o', 'G2k', 'ZxX', 'jEj', 'QhQ', '0oy', 'YBr', 'Bfu', 'N08', 'rC8', 'YNK']
['WLo', 's1n', 'yAp', 'oSw']
['gkI', 'U0P', '69w', 'VCH', 'hQH', '27J', 'psG', 'zTH', 'pTi', 'xx7', '1RB', 'b9f']
['j3s']
['GpL', 'wqW', 'tKI', 'hdp', 'D40', 'AJT', 'jFu', 'xxJ', 'PlJ', 'i9C', 'i4H', 'nQv']
['fQ3', 'CwC', 'qLD', 'iiE', 'iba', 'xz4', 'bA6', 'JVP', 'gE4', 'qmj', 'fKV', '81k']
['Zc5']
['QEF', 'dSZ', 'VPb', 'oUs', 'f9z', '28R', '3kn', 'n99', '6pB', 'nkl', 'czy', '4LY']
['PPi', 'xRH', '0gI', 'mUL', 'Hxo', 'Jgp', 'PJa', 'qkE', 's6M', 'uQL', '9ug', 'SmS']
['oSh', 'NXP', 'Ns3', 'AKr', 'Gu6', 'ZVF', '9F9', 'oZQ', 'bLd', 'AcJ', 'ziA', 'mRG']
