['Carmel', 'Caro', 'Carlee', 'Cherise', 'Anet', 'Annabelle', 'Amanda', 'Babbette', 'Cherye', 'Brier']
['Carena', 'Alyda', 'Catie', 'Charity', 'Alix', 'Cami', 'Benetta', 'Angelina', 'Augusta', 'Agnola']
['Barbabra', 'Caralie', 'Ashlie', 'Anabal', 'Charin', 'Belita', 'Christel', 'Ariela', 'Babara', 'Bren']
['Angel', 'Chiarra', 'Blythe', 'Anallese', 'Bryna', 'Brittaney', 'Caroljean', 'Alejandra', 'Cherrita', 'Aveline']
['Adelheid', 'Caril', 'Addi', 'Analiese', 'Alvira', 'Betti', 'Annamaria', 'Agace', 'Carolina', 'Audy']
['Amy', 'Athena', 'Catlaina', 'Adorne', 'Caryn', 'Bunny', 'Asia', 'Arlina', 'Calli']
['Bonnee', 'Caryl', 'Annabela', 'Blancha', 'Amabel', 'Abby', 'Carmelita', 'Aili', 'Berna']
['Beatrice', 'Catherine', 'Aeriel', 'Astrix', 'Annadiane', 'Abra', 'Christye', 'Adoree', 'Berni']
['Cathrine', 'Billy', 'Ashlen', 'Anastasia', 'Billi', 'Carlynn', 'Brandise', 'Cody', 'Adelice']
['Bobinette', 'Billie', 'Charmion', 'Alys', 'Cassondra', 'Athene', 'Chelsey', 'Barbra']
['Catharine', 'Andree', 'Bellanca', 'Alicea', 'Bridgette', 'Benita', 'Babbie', 'Ali', 'Alexandrina', 'Binni']
['Carina', 'Bill', 'Anastassia', 'Caren', 'Berta', 'Bernadine', 'Bamby', 'Barbey', 'Almeda', 'Aimil']
['Bernete', 'Aaren', 'Celestine', 'Angela', 'Candra', 'Austina', 'Bobette', 'Calla', 'Arlene', 'Brandie']
['Ada', 'Cal', 'Penny', 'Cassy', 'Aile', 'Aliza', 'Arlie', 'Bethany']
['Aubine', 'Cesya', 'Auroora', 'Betty', 'Annelise', 'Bunni', 'Aurore', 'Bibbie', 'Andrea', 'Bobbee']
['Christyna', 'David', 'Chiquia', 'Babs', 'Berri', 'Bobbie', 'Alikee', 'Carri', 'Aurelea', 'Barbaraanne']
['Ailene', 'Bert', 'Christal', 'Cammi', 'Anabelle', 'Anatola', 'Beverie', 'Angil', 'Cammy']
['Charlot', 'Angie', 'Cele', 'Bertine', 'Andriana', 'Carrissa', 'Ardene', 'Blinnie', 'Babette', 'Casie']
['Candis', 'Celie', 'Andi', 'Charleen', 'Alysa', 'Allix', 'Cacilia', 'Celestyn', 'Bliss', 'Anthiathia']
['Bernardine', 'Charyl', 'Amargo', 'Alissa', 'Calida', 'Allegra', 'Carole', 'Ara', 'Ambur', 'Brandy']
['Camella', 'Antoinette', 'Christan', 'Brigida', 'Annabel', 'Alie', 'Callida', 'Carlyn', 'Bess', 'Cariotta']
['Aubrette', 'Anjela', 'Cherilyn', 'Blanche', 'Chelsy', 'Anne', 'Caron', 'Alexia', 'Betteann', 'Arliene']
['Carolyn', 'Alayne', 'Catlee', 'Bobby', 'Annora', 'Alice', 'Brigid', 'Berty', 'Belva', 'Bernardina']
['Ardra', 'Bettine', 'Bessy', 'Camel', 'Agatha', 'Carlye', 'April', 'Avis', 'Bobbye', 'Ashli']
['Allissa', 'Ardella', 'Cheslie', 'Christabella', 'Catriona', 'Brandea', 'Bride', 'Alexi', 'Babita']
['Brandi', 'Casandra', 'Alverta', 'Chanda', 'Carmine', 'Anni', 'Alisun', 'Anica', 'Alanah', 'Ardeen']
