['19', '27', '30', '42', '56', '68', '80', '122', '154', '156', '176', '193', '239', '248', '275', '276', '291', '296', '337', '343', '353', '360', '375', '387', '397']
['5', '16', '18', '20', '33', '44', '58', '67', '78', '90', '92', '185', '187', '189', '198', '218', '224', '238', '244', '288', '313', '315', '345', '382', '386']
['9', '34', '36', '97', '102', '131', '138', '211', '254', '278', '297', '312', '354', '365', '390']
['12', '23', '85', '100', '101', '109', '129', '135', '160', '165', '171', '209', '261', '264', '265', '298', '300', '318', '319', '331', '362', '364', '370', '395', '396']
['4', '37', '40', '61', '64', '71', '118', '134', '147', '188', '245', '259', '277', '302', '307', '311', '316', '321', '325', '329', '333', '344', '359', '373', '378']
['3', '39', '43', '74', '91', '104', '107', '108', '111', '139', '163', '201', '214', '253', '267', '289', '292', '303', '349', '350', '368', '374', '388', '391', '393']
['6', '10', '21', '49', '72', '93', '105', '112', '121', '133', '137', '170', '177', '210', '217', '230', '236', '240', '260', '294', '309', '314', '347', '381', '385']
['182']
['2', '51', '62', '69', '86', '89', '96', '98', '123', '127', '149', '150', '202', '213', '220', '225', '234', '255', '266', '280', '320', '336', '357', '389', '392']
['0', '53', '60', '66', '120', '140', '141', '152', '166', '179', '180', '195', '200', '205', '221', '222', '246', '263', '269', '270', '279', '322', '341', '352', '376']
['272']
['41', '199']
['7', '8', '11', '24', '35', '70', '75', '115', '117', '158', '167', '175', '207', '208', '232', '273', '282', '287', '304', '308', '317', '326', '327', '372', '377']
['46', '63', '79', '145', '153', '159', '174', '197', '223', '229', '233', '237', '249', '258', '281', '285', '299', '310', '335', '339', '346', '366', '380', '383', '398']
['1', '13', '29', '45', '76', '77', '99', '106', '128', '143', '161', '162', '168', '169', '186', '192', '216', '227', '228', '274', '330', '338', '348', '351', '379']
['15', '17', '25', '38', '81', '82', '87', '110', '113', '114', '126', '132', '136', '151', '173', '184', '226', '241', '247', '256', '301', '305', '334', '384', '394']
['14', '31', '48', '52', '54', '55', '57', '59', '83', '95', '125', '142', '148', '157', '172', '203', '206', '219', '231', '235', '243', '268', '284', '369', '399']
['32', '94', '124', '191', '332', '342', '363']
['26', '50', '65', '73', '103', '116', '119', '130', '144', '155', '190', '215', '242', '250', '251', '252', '257', '283', '286', '290', '293', '295', '355', '356', '358']
['22', '28', '47', '84', '88', '146', '164', '178', '181', '183', '194', '196', '204', '212', '262', '271', '306', '323', '324', '328', '340', '361', '367', '371', '400']
