['11', '15', '65', '69', '95', '146', '168', '198', '225', '237', '240', '245', '282', '302', '317', '318', '323', '327', '408', '432', '433']
['27', '47', '102', '108', '119', '122', '184', '216', '217', '220', '274', '280', '296', '301', '308', '335', '337', '338', '367', '385', '418']
['9', '30', '36', '63', '176', '205', '244', '246', '354', '415', '420', '454']
['25', '35', '57', '100', '115', '128', '136', '144', '150', '170', '181', '194', '215', '234', '260', '278', '309', '319', '333', '368', '375']
['4', '12', '26', '66', '101', '126', '139', '167', '192', '228', '229', '233', '256', '257', '306', '311', '339', '351', '393', '398', '428']
['7', '21', '42', '113', '130', '200', '219', '223', '224', '275', '276', '283', '300', '305', '321', '340', '362', '380', '406', '425', '434']
['13', '40', '74', '77', '83', '89', '96', '116', '118', '155', '235', '242', '258', '298', '316', '325', '363', '365', '376', '400', '440']
['37', '67', '72', '73', '117', '121', '145', '160', '195', '203', '208', '261', '285', '378', '402', '403', '411', '421', '430', '443', '449']
['17', '60', '134', '151', '157', '213', '214', '259', '265', '269', '292', '293', '329', '345', '369', '370', '412', '416', '423', '427']
['0', '24', '45', '64', '78', '86', '107', '131', '137', '161', '182', '212', '243', '252', '270', '294', '331', '343', '348', '401', '426']
['1', '19', '80', '111', '153', '186', '226', '239', '272', '330', '334', '344', '347', '350', '352', '356', '382', '392', '404', '429', '444']
['49', '53', '54', '58', '59', '61', '76', '98', '110', '127', '135', '141', '156', '165', '190', '199', '277', '304', '359', '389', '439']
['48', '52', '84', '87', '94', '173', '179', '209', '250', '271', '286', '312', '388', '397', '399', '407', '410', '419', '422', '437', '448']
['6', '50', '56', '71', '103', '114', '140', '163', '210', '247', '264', '284', '314', '366', '387', '409', '441']
['189']
['34', '81', '91', '109', '125', '133', '158', '178', '183', '201', '227', '307', '310', '332', '372', '405', '413', '414', '442', '451', '455']
['20', '62', '70', '92', '120', '129', '143', '149', '159', '187', '207', '231', '254', '262', '279', '289', '322', '379', '394', '435', '452']
['28', '90', '106', '124', '142', '148', '162', '169', '188', '218', '221', '236', '267', '268', '328', '341', '357', '360', '364', '445', '450']
['32', '33', '39', '68', '93', '123', '222', '241', '248', '253', '287', '291', '315', '320', '349', '355', '361', '371', '377', '386', '436']
['8', '22', '23', '31', '38', '44', '55', '75', '97', '164', '174', '191', '251', '266', '281', '297', '336', '384', '417']
['3', '10', '46', '99', '104', '132', '154', '172', '185', '204', '232', '238', '295', '299', '374', '381', '383', '390', '447', '456']
['5', '16', '18', '41', '79', '85', '88', '105', '112', '152', '171', '197', '202', '211', '263', '324', '326', '396', '424', '431', '446']
['29', '147', '180', '193', '273', '358', '373', '391', '395', '438']
['346']
['2', '14', '43', '51', '82', '138', '166', '175', '177', '196', '206', '230', '249', '255', '288', '290', '303', '313', '342', '353', '453']
