['34', '87', '92', '150', '154', '177', '186', '194', '208', '302', '306']
['0', '17', '70', '73', '74', '77', '84', '129', '133', '143', '162', '206', '214', '218', '238', '247', '252', '300']
['8', '26', '33', '61', '119', '123', '148', '166', '180', '226', '229', '231', '256', '262', '281', '288', '295', '303']
['39', '78', '81', '106', '136', '160', '182', '199', '204', '207', '248', '251', '287', '291', '292']
['41', '66', '67', '69', '90', '102', '104', '120', '147', '156', '174', '181', '223', '293', '297', '313']
['20', '48', '50', '63', '122', '128', '173', '209', '216', '266', '269', '279', '290']
['37', '45', '52', '57', '165', '179', '228', '235', '236', '243', '258', '259', '265', '270', '275', '309', '310']
['6', '49', '58', '65', '97', '112', '130', '149', '155', '158', '222', '271', '280', '305']
['107', '144', '145', '163', '255']
['19', '36', '46', '138', '152', '159', '249', '263', '272']
['10', '15', '28', '54', '55', '89', '101', '118', '125', '131', '169', '170', '176', '187', '205', '230', '260', '301']
['23', '29', '47', '51', '71', '85', '86', '93', '191', '215', '241', '244', '257', '284', '307']
['2', '4', '35', '53', '60', '72', '83', '88', '103', '134', '142', '184', '193', '197', '203', '210', '232', '261']
['3', '13', '16', '30', '59', '68', '76', '110', '114', '140', '175', '178', '188', '189', '212', '239', '245', '276']
['227', '234', '267', '286']
['161', '200']
['7', '21', '64', '79', '98', '105', '111', '146', '172', '219', '264', '282', '311', '312']
['12', '32', '80', '124', '137', '141', '157', '196', '202', '213', '273', '294']
['31', '56', '94', '100', '115', '116', '153', '164', '183', '211', '224', '253', '274']
['9', '25', '38', '42', '75', '95', '108', '109', '126', '127', '151', '195', '198', '242', '277', '296', '298']
['5', '14', '40', '82', '99', '113', '117', '135', '171', '246', '283', '289', '299', '304', '308']
['1', '11', '18', '43', '91', '132', '139', '167', '168', '185', '190', '220', '221', '240', '254', '268', '278', '285']
['22', '24', '27', '44', '62', '96', '121', '192', '201', '217', '225', '233', '237', '250']
