['325', '344', '345']
['220', '222', '333']
['73', '75', '79', '120', '122', '123']
['40', '110', '111', '370']
['180', '182', '183', '282', '393']
['21', '23', '140', '143', '145', '223', '227']
['83', '105', '107', '138', '305', '306']
['162', '233']
['397']
['242', '327']
['93']
['7', '11', '311']
['5', '41']
['8', '9', '10', '212', '213', '215', '231']
['200', '302', '303', '307']
['171', '197', '280', '281']
['25', '337', '338', '346', '347', '372', '386']
['256', '258', '259']
['20', '204', '206', '207', '209', '266']
['84', '85', '388']
['56']
['137', '172', '173', '175', '188', '191', '249']
['82']
['335']
['239', '360']
['18', '136', '139']
['112', '115', '252', '253', '293', '294']
['323']
['224', '225', '226']
['72', '74']
['53', '316', '318', '319', '373', '374']
['30', '33']
['312', '314', '320']
['87', '240', '248']
['89', '349', '350']
['351', '352', '354', '355']
['217', '218']
['17', '19', '81', '185', '379', '380', '383']
['14', '28', '31', '193']
['155', '156', '157', '158', '159', '163', '167']
['86', '189', '322']
['128', '129', '130', '131']
['141', '142', '308', '310']
['329', '392', '394', '395', '396', '399']
['60', '61', '241', '243', '382']
['133', '134', '135', '339', '343']
['46', '47', '261', '262', '366']
['32', '35', '39', '102']
['292', '295', '313']
['43', '353', '364', '367', '369']
['202', '285', '286', '287']
['12', '176', '177', '179', '283']
['164', '165', '166', '321']
['24', '384', '385']
['190', '236', '237', '238', '276', '277', '278']
['125', '127', '150']
['96', '230', '356', '357', '359', '363']
['88', '91', '192', '194', '195', '234', '348']
['97', '117', '147', '148', '149', '151', '161']
['121']
['368']
['95', '268', '270']
['22', '92', '94', '181', '284']
['219']
['296', '297', '298', '361', '362']
['104', '106', '196', '198', '199', '299', '365']
['160', '272', '275', '279', '377', '378']
['132', '174', '398']
['208', '211']
['257', '330', '331']
['27', '66', '124', '126']
['34', '201']
['152', '153', '154']
['269']
['16', '184', '186', '187', '324']
['29', '144', '146', '336', '340']
['44', '45', '168', '169', '170', '301']
['244', '289']
['13', '15', '178', '216']
['1', '2', '49', '50', '371', '387', '391']
['57', '58']
['250', '263', '264', '265', '267', '271']
['51', '76', '77', '78', '80', '245']
['37', '48', '69', '98', '99', '205', '260']
['68', '71', '332', '334', '341', '342']
['26', '54', '116', '118', '119']
['42', '228', '229']
['317', '358']
['0', '3', '52', '55', '113']
['36']
['108', '109', '210', '214', '273', '274']
['62', '246', '247', '251', '376']
['100', '101', '103', '381']
['4', '6', '235']
['70', '114', '203', '315']
['309', '328']
['90', '232', '254', '255', '326', '389', '390']
['38', '59', '63', '64', '65', '67', '221']
['300', '375']
['288', '290', '291', '304']
