['28', '29', '261', '275']
['0', '43', '56', '57', '62', '63', '64', '65', '217', '279', '280', '281', '285', '293']
['218', '219', '221', '222', '226', '227', '228', '229', '240', '242', '243']
['134', '135', '145', '146', '147', '164', '174', '185', '277', '278']
['24', '25', '26', '27', '165', '166', '167', '177', '178', '179', '305']
['81']
['84', '95', '98', '104', '105', '115', '116', '117', '118', '119']
['31', '32', '34', '35', '38', '47', '93', '124', '239', '258']
['42', '46', '55', '75', '263']
['44', '45', '58', '59', '60', '61', '172', '173', '186', '208', '209', '223', '254', '270', '271', '276']
['1', '3', '4', '53', '54', '69', '77', '78', '108', '109', '110', '111', '308', '309']
['131', '139', '140', '141', '157', '160', '161', '169', '184']
['8', '9', '17', '70', '71', '76', '79', '80', '90', '91', '92', '262']
['2', '5', '6', '11', '12', '13', '14', '23', '30', '127', '132', '224', '247']
['33', '36', '37', '125', '126', '128', '129', '130', '201', '266', '269']
['89', '102', '112', '113', '175', '176', '244', '245', '288', '289', '300', '301']
['40', '41', '50', '51', '52', '155', '168', '180', '181', '182', '183']
['72', '82', '83', '121', '122', '123', '257', '267', '268']
['94', '97', '103', '114', '210', '241']
['66', '298', '299']
['106', '120', '133', '142', '143', '194', '203', '204', '238', '255', '256', '265', '274']
['39', '48', '49', '67', '68', '73', '74', '85', '86', '87', '88']
['211', '212', '213', '214', '215']
['10', '22', '99', '107', '136', '137', '148', '149', '150', '151', '152']
['7', '15', '16', '138', '153', '154', '187', '190', '195', '196', '197', '205', '206', '207', '246']
['19', '20', '21', '96', '100', '101', '144', '230', '231', '232', '264', '303', '304']
['198', '200', '216', '294']
['156', '158', '159', '162', '163', '170', '171', '189', '193', '202']
['188', '191', '192', '199', '220', '284', '290', '291', '292', '302', '306', '307']
['18', '282', '283', '286', '287', '295', '296', '297']
['225', '233', '234', '235', '236', '237', '248', '249', '250', '251', '252', '253', '259', '260', '272', '273']
