['4', '34', '66', '67', '151', '161', '259', '272', '299', '333', '338', '360', '387', '425', '435']
['1', '29', '31', '64', '79', '94', '146', '175', '176', '216', '225', '385', '438', '455', '479', '497']
['38', '63', '65', '160', '182', '211', '332', '336', '419', '424', '437', '446', '482', '489']
['28', '76', '139', '238', '242', '273', '301', '319', '347', '394', '406', '428', '456', '459', '470', '472']
['7', '39', '43', '51', '73', '86', '108', '118', '130', '219', '228', '274', '287', '371', '398', '421', '486']
['5', '92', '100', '102', '131', '149', '198', '325', '334', '335', '356', '386', '407', '414', '465', '475']
['11', '21', '22', '54', '122', '155', '177', '183', '221', '262', '289', '300', '327', '341', '422', '454', '473']
['93', '124', '125', '162', '192', '263', '298', '324', '330', '357', '369', '384', '426', '449', '452', '490', '498']
['42', '45', '47', '83', '128', '165', '187', '209', '217', '227', '286', '312', '377', '420', '432', '458', '483']
['25', '148', '154', '170', '199', '233', '268', '317', '331', '353', '403', '410', '417', '464', '492']
['44', '87', '140', '167', '169', '173', '179', '195', '277', '309', '320', '322', '346', '358', '423', '444']
['49', '113', '120', '188', '197', '200', '247', '304', '354', '381', '389', '402', '404', '451', '466', '478']
['0', '48', '59', '95', '109', '220', '256', '292', '310', '311', '318', '355', '436', '443', '457', '461', '494']
['12', '35', '52', '53', '117', '236', '255', '275', '276', '302', '339', '462']
['16', '24', '60', '70', '103', '104', '106', '138', '186', '253', '280', '297', '314', '329', '365', '378', '430']
['37', '40', '58', '78', '84', '110', '115', '116', '133', '237', '265', '278', '307', '352', '370', '488']
['80', '81', '111', '121', '132', '178', '185', '257', '340', '363', '382', '431', '445', '469', '496']
['32', '41', '141', '163', '210', '212', '218', '241', '243', '261', '282', '361', '367', '374']
['89', '96', '134', '194', '251', '254', '267', '295', '305', '313', '323', '343', '368', '429', '467', '493', '495']
['14', '15', '68', '99', '127', '189', '203', '205', '208', '258', '291', '294', '321', '342', '349', '400', '401']
['3', '8', '57', '88', '184', '193', '269', '288', '328', '392', '397', '415', '460', '484']
['19', '71', '74', '150', '152', '157', '191', '316', '375', '390', '487']
['18', '30', '36', '69', '142', '156', '166', '180', '201', '207', '214', '252', '279', '290', '351', '411', '463']
['17', '46', '55', '105', '114', '119', '137', '172', '202', '222', '230', '239', '271', '281', '326', '491']
['136', '147', '206', '224', '226', '234', '240', '248', '283', '345', '350', '362', '366', '376', '409', '416', '471']
['10', '33', '56', '82', '164', '196', '249', '337', '405', '441']
['6', '50', '85', '91', '98', '123', '145', '181', '232', '296', '315', '359', '396', '399', '427', '439', '453']
['13', '20', '72', '75', '107', '126', '153', '159', '190', '213', '215', '250', '285', '383', '393', '499']
['9', '27', '101', '158', '168', '231', '264', '303', '306', '348', '364', '380', '395', '434', '448', '450', '468']
['23', '26', '62', '77', '135', '174', '229', '266', '372', '388', '412', '433', '476', '485']
['2', '90', '97', '112', '129', '204', '223', '235', '244', '260', '284', '293', '408', '413', '440', '474', '480']
['61', '143', '144', '171', '245', '246', '270', '308', '344', '373', '379', '391', '418', '442', '447', '477', '481']
