['30', '39', '42', '53', '71', '75', '76', '92', '93', '104', '107', '141', '177', '180', '182', '191', '227', '231', '255', '259', '286', '294', '354']
['0']
['10', '13', '15', '47', '61', '66', '69', '79', '89', '110', '137', '140', '145', '162', '192', '201', '213', '218', '226', '240', '250', '277', '284', '292', '299', '306', '337', '344', '345', '348', '359', '360', '365', '388']
['178']
['9', '12', '23', '28', '43', '49', '74', '81', '109', '112', '123', '131', '153', '168', '174', '175', '189', '193', '204', '209', '219', '230', '249', '267', '283', '311', '320', '335', '351', '353', '376', '381', '382', '395']
['246']
['324']
['4', '91']
['14', '21', '45', '63', '90', '103', '113', '115', '125', '128', '133', '138', '144', '152', '165', '166', '183', '205', '212', '214', '222', '229', '256', '285', '302', '313', '318', '319', '339', '343', '347', '372', '375', '378']
['370']
['364']
['1', '7', '33', '37', '38', '58', '68', '106', '108', '114', '164', '173', '179', '187', '190', '194', '215', '225', '228', '232', '237', '241', '247', '261', '280', '300', '307', '315', '330', '331', '336', '380', '390', '397']
['221']
['32', '62', '82', '99', '130', '139', '181', '310']
['16', '18', '27', '40', '48', '54', '65', '70', '95', '96', '105', '119', '121', '129', '161', '163', '235', '243', '245', '263', '270', '272', '275', '293', '309', '312', '328', '333', '355', '366', '368', '374', '379', '386']
['142']
['2', '3', '17', '20', '85', '94', '97', '100', '117', '118', '120', '127', '155', '160', '172', '206', '208', '233', '236', '239', '248', '253', '266', '278', '279', '304', '316', '325', '332', '334', '342', '346', '358', '385']
['64']
['195']
['34', '41', '50', '55', '56', '59', '72', '87', '147', '151', '176', '198', '200', '207', '210', '211', '238', '242', '251', '258', '282', '288', '290', '297', '298', '305', '317', '323', '327', '352', '384', '392', '393', '396']
['184']
['73']
['8', '25', '29', '31', '35', '44', '57', '78', '88', '122', '132', '136', '143', '154', '159', '170', '188', '196', '199', '217', '220', '234', '257', '271', '289', '295', '303', '314', '326', '357', '367', '371', '387', '389']
['5', '11', '26', '36', '46', '77', '80', '98', '148', '149', '169', '171', '197', '202', '203', '224', '244', '252', '254', '264', '273', '274', '276', '296', '322', '329', '338', '340', '350', '356', '361', '362', '373', '394']
['86', '101', '124', '156', '216', '223', '269', '363', '377']
['6', '19', '22', '24', '51', '60', '67', '83', '84', '102', '111', '126', '135', '146', '150', '157', '158', '167', '185', '186', '260', '262', '268', '281', '287', '291', '301', '308', '321', '341', '349', '369', '383', '391']
['52']
['116']
['265']
['134']
