['1', '11', '27', '31', '35', '41', '42', '44', '48', '51', '55', '61', '64', '65', '66', '67', '69', '73', '74', '335', '387', '413', '459']
['201', '388', '456', '458', '463', '468', '470', '472', '473']
['396', '418', '451', '452', '455', '466', '471', '482', '488']
['246', '248', '250', '266', '330', '369', '376', '378', '381', '385', '391', '395', '402', '406', '412', '415', '428', '429', '430', '434', '435', '437', '438', '441', '442', '443', '446', '447', '449']
['153', '154', '158', '160', '161', '164', '167', '169', '173', '175', '176', '178', '180', '181', '188', '189', '192', '195', '196', '198', '206', '209', '210', '211', '212', '216', '217', '220', '222', '224']
['2', '3', '33', '34', '60', '81', '83', '91', '92', '93', '99', '103', '119', '132', '135', '140', '141', '288', '305', '314', '318', '319', '323', '324', '325', '453', '461', '464', '474']
['328', '331', '333', '336', '342', '372', '476', '477', '478', '479', '480', '483', '484', '485', '486', '487', '489', '490', '491', '492', '493', '494', '495', '496', '497', '498', '499', '500']
['241', '242', '244', '247', '249', '252', '257', '258', '261', '263', '273', '274', '370', '377', '380', '383', '384', '397', '400', '401', '403', '404', '407', '409', '416', '419', '421', '423', '424', '436']
['163', '166', '187', '194', '214', '454', '460', '462', '465', '467']
['4', '5', '6', '7', '8', '10', '12', '14', '15', '16', '19', '23', '24', '26', '29', '30', '37', '38', '39', '43', '45', '49', '52', '53', '58', '62', '63', '70', '71', '72']
['50', '348']
['278', '279', '281', '283', '285', '286', '287', '293', '296', '297', '299', '300', '301', '302', '303', '309', '311', '313', '315', '316', '317', '337', '341', '346', '347', '351', '356', '362', '371', '374']
['9', '13', '17', '18', '20', '21', '25', '32', '36', '40', '46', '47', '54', '56', '57', '75', '138', '245', '359', '439', '469']
['481']
['95', '151', '152', '155', '157', '162', '165', '168', '174', '177', '179', '184', '190', '193', '197', '203', '207', '208', '213', '215', '218', '219', '223', '225']
['86', '130', '156', '159', '170', '171', '172', '182', '183', '185', '186', '191', '199', '200', '204', '205']
['76', '79', '82', '85', '96', '100', '102', '106', '107', '111', '116', '117', '126', '129', '131', '137', '139', '142', '145', '146', '147', '150']
['202', '221', '329', '332', '334', '354', '357', '358', '364', '375', '379', '382', '386', '389', '390', '393', '398', '399', '405', '410', '414', '417', '420', '422', '425']
['226', '227', '229', '230', '231', '232', '233', '234', '235', '236', '237', '238', '239', '243', '251', '253', '254', '255', '259', '260', '262', '264', '265', '267', '268', '269', '271', '272', '275', '457']
['284', '289', '292', '294', '304', '306', '312', '320', '322', '344', '349', '392', '394', '427', '431', '432', '440', '444', '448', '450']
['68', '411']
['22', '28', '59', '326', '327', '338', '339', '340', '343', '345', '350', '352', '353', '360', '361', '363', '366', '367', '368', '373']
['78', '80', '84', '87', '89', '90', '94', '97', '98', '101', '105', '108', '109', '110', '112', '113', '114', '115', '120', '121', '122', '123', '124', '125', '128', '133', '134', '144', '148']
['228', '240', '256', '270', '276', '277', '280', '282', '290', '291', '295', '298', '307', '308', '310', '321', '475']
['77', '88', '104', '118', '127', '136', '143', '149', '355', '365', '408', '426', '433', '445']
