['1', '2', '6', '7', '9', '22']
['20', '52', '236', '237', '238']
['39', '145', '240', '241']
['44', '122', '164', '219']
['147', '196']
['11', '12', '13']
['23', '175']
['103', '114', '115', '242']
['151', '154', '155', '214', '215', '216']
['174', '198', '233']
['14', '15', '16', '72', '142', '247']
['120', '226', '228', '229', '230', '232']
['82', '84', '85', '86', '88', '195']
['74', '149', '193', '197', '212', '243']
['42', '67', '144', '148', '177', '224']
['239', '245', '246']
['56', '59', '73', '119', '217']
['26', '27', '28', '29', '30', '31']
['57', '60', '61', '62', '172', '183']
['3', '4', '5', '40', '99']
['76', '78', '79', '80', '89', '90']
['58', '70', '185', '187', '188', '192']
['77', '93', '249']
['48', '100', '101', '104', '105', '106']
['43', '75', '153', '165', '166', '194']
['121', '132', '227', '231', '234', '235']
['19', '50', '63', '170', '186']
['94', '223']
['51', '53', '55', '64', '66', '102']
['68', '126', '129', '130', '131', '173']
['69', '124', '127', '133', '134']
['18', '45', '71', '92', '95']
['176', '180', '181', '182', '184', '244']
['10', '46', '108', '167', '200']
['8', '32', '34', '35', '41', '81']
['0', '17', '109', '110', '225', '248']
['135', '136', '137', '138', '222']
['83', '96', '107']
['47', '111', '112', '113', '171']
['21', '36', '37', '38', '98', '128']
['33', '65', '116', '146', '168']
['150', '161', '162', '169']
['118', '152', '156', '158', '159', '220']
['24', '25', '49', '123', '199', '218']
['54', '91', '117', '203', '204', '205']
['87', '125']
['97', '140', '157', '160', '163', '221']
['178', '179', '189', '190', '191', '202']
['139', '141', '210', '211', '213']
['143', '201', '206', '207', '208', '209']
