['96']
['76']
['41']
['296']
['394']
['325']
['29', '153']
['308']
['332']
['45']
['134']
['23', '168']
['284']
['232', '248', '263', '265', '298', '379', '381', '398', '410']
['281', '360']
['72']
['405']
['171']
['53', '67', '187', '198']
['273']
['341']
['292']
['186']
['241', '247', '279', '355', '364']
['19']
['320']
['256', '323', '404', '414']
['83', '113']
['26', '105']
['142']
['386']
['319']
['167']
['184']
['257']
['8', '9', '27', '39', '92', '103', '112', '141', '158', '180', '192', '195', '197', '213']
['392']
['286', '301', '322', '352', '388', '438']
['437']
['224']
['31']
['277']
['411']
['362']
['119']
['156']
['56']
['97', '183']
['108']
['150']
['65']
['441']
['377']
['250', '264', '272', '348', '358']
['289']
['21', '137']
['25']
['148']
['390']
['22', '61', '62', '78', '87', '98', '126', '159', '160', '165', '191', '206', '214']
['170']
['18', '163']
['81']
['157']
['368']
['400']
['7']
['430']
['239', '240', '255', '258', '287', '312', '321', '324', '339', '345', '353', '366', '367', '374', '416', '427']
['336']
['209']
['252']
['429']
['228', '235', '243', '266', '306', '337', '343', '356', '380', '393', '401', '422']
['4', '10', '35', '63', '64', '101', '102', '116', '118', '125', '144', '149', '181', '199', '218']
['36']
['223']
['38']
['294', '402']
['376']
['246', '300', '330', '363', '378', '418']
['282', '432']
['399']
['222']
['391']
['216']
['208']
['310']
['271']
['34', '77', '89', '106', '127', '129', '131', '151', '162', '174']
['317']
['387']
['274', '357']
['425']
['439']
['11', '71', '121', '204']
['169']
['73', '143']
['146']
['91']
['32']
['49', '145']
['436']
['251', '365']
['24']
['237']
['117']
['114']
['13', '14', '57', '68', '70', '79', '138', '147', '176', '178', '194', '217']
['3']
['419']
['313']
['42']
['350']
['253']
['16']
['59']
['124']
['442']
['211']
['43']
['44']
['110']
['123']
['139']
['75']
['2']
['182']
['46']
['20']
['100']
['5']
['302']
['278']
['293', '397', '433']
['340']
['420']
['69', '172']
['28', '30', '48', '50', '74', '136', '175', '190', '200', '205']
['37']
['267']
['55']
['220']
['221']
['316']
['351']
['212']
['135']
['86']
['226', '268', '276', '291', '303', '326', '347', '375', '385', '389', '407', '424', '446']
['54', '82', '85', '173', '202', '203']
['361']
['227', '444']
['230', '231', '285', '288', '331', '382', '408', '409', '443']
['305']
['210']
['327']
['109']
['283', '440']
['99', '140', '152']
['179']
['238']
['346']
['207']
['335']
['1', '94']
['12']
['259']
['6', '111', '115', '219']
['242', '434']
['371']
['280']
['104']
['229']
['275', '413']
['95']
['236', '270', '290', '328', '334', '373', '415', '417', '431']
['88']
['130', '370']
['234', '249', '260', '261', '269', '299', '304', '329', '342', '354', '359', '369', '395', '421', '428']
['154']
['435']
['51', '93', '161']
['177']
['295']
['254']
['406']
['426']
['47']
['60']
['80', '133']
['412']
['188']
['84']
['164']
['423']
['338']
['245']
['315']
['396']
['344']
['309']
['193']
['189']
['262']
['333']
['52', '66', '90', '122', '166', '215']
['33']
['17']
['307', '372']
['233']
['403']
['128']
['318']
['225', '244', '297', '314', '349', '383', '384', '445']
['201']
['40']
['120']
['185']
['311']
['15']
['58', '155']
['132']
['107', '196']
