['785', '456', '841', '588', '870', '199', '930', '949', '905', '942', '717', '971', '828', '24', '780', '449', '343', '261', '250', '850', '221', '197', '853', '139', '121', '684', '77', '646', '404', '2', '98', '658', '637', '677', '957', '817', '539', '396', '735', '805']
['472', '423', '419', '622', '407', '196', '134', '893', '807', '645', '70', '382', '541', '38', '665', '876', '984', '580', '147', '503', '786', '92', '42', '443', '223', '427', '922', '58', '305', '563', '655', '233', '186', '262', '252', '55', '673', '143', '15', '420']
['832', '602', '268', '133', '62', '990', '711', '632', '160', '898', '531', '616', '183', '369', '878', '879', '53', '91', '277', '363', '246', '913', '819', '919', '164', '316', '34', '970', '182', '131', '718', '278', '590', '692', '4', '276', '104', '191', '304', '99']
['638', '797', '960', '895', '239', '605', '59', '554', '674', '551', '322']
['631', '417', '599', '827', '757', '668']
['437', '840', '781', '811', '288', '961', '519', '96', '973', '264', '715', '914', '356', '312', '380', '421', '446', '508', '211', '102', '336', '64', '307', '499', '740', '702', '285', '861', '768', '455', '483', '372', '257', '789', '901', '83', '35', '634']
['138', '157', '976', '315', '66', '643', '136', '413', '395', '237', '450', '871', '517', '219', '546', '348', '595', '537', '891', '398', '156', '736', '722', '321', '862', '130', '864', '116', '308', '8', '932', '227', '462', '630', '869', '542', '565', '653']
['911', '320', '624', '410', '714', '612', '180', '189', '32', '125', '672', '545', '436', '648', '721', '691', '818', '920', '743', '351', '122', '794', '561', '549', '703', '210', '836', '106', '287', '636', '340', '977', '28', '933', '522', '497', '953', '439', '650', '591']
['603', '341', '994', '527', '983', '10', '362', '734', '918', '95', '422', '360', '109', '709', '309', '935', '872', '799', '254', '766', '330', '270', '166', '495', '301', '752', '806', '625', '43', '113', '564', '291', '370', '954', '593', '331', '619', '11', '146', '733']
['670', '88', '403', '65', '514', '51', '972', '207', '26', '500', '354', '392', '839', '491', '115', '431', '488', '525', '747', '620', '695', '168', '706', '25', '303', '468', '814', '286', '900', '626', '951', '997', '981', '558', '617']
['482', '177', '921', '568', '159', '860', '694', '338', '963', '289', '151', '577', '771', '548', '664', '796', '213', '209', '190', '635', '656', '666', '676', '559', '897', '641', '754', '100', '71', '866', '230', '784', '173', '659', '751', '393', '162', '753', '333', '601']
['524', '888', '696', '201', '283', '760', '21', '18', '857', '975', '428', '203', '243', '181', '959', '375', '255', '310', '335', '242', '464', '513', '518', '486', '792', '762', '851', '359', '639', '950', '401', '863', '346', '22', '496', '697', '366', '217', '739']
['123', '842', '606', '46', '998', '481', '890', '683', '520', '127', '313', '82', '765', '837', '833', '738', '126', '882', '904', '979', '302', '152', '216', '387', '802', '816', '140', '148', '470', '447', '142', '463', '686', '235', '391', '995', '532', '759', '476', '720']
['179', '367']
['460', '846', '111', '347', '748', '908', '402', '916', '642', '509', '161', '978', '651', '399', '678', '956', '117', '13', '492', '451', '682', '212', '544', '378', '353', '80', '342', '406', '968', '730', '708', '256', '325', '783', '228', '1', '171', '459', '364', '969']
['265', '719', '72', '521', '804', '234', '604', '461', '889', '251', '967', '824', '880', '374', '292', '962', '526', '279', '566', '245', '184', '200', '465', '663', '412', '3', '386', '87', '671', '727', '685', '611', '299', '874', '529', '505', '801', '224', '902', '36']
['484', '621', '724', '584', '507', '236', '750', '337', '530', '163', '640', '452', '654', '633', '300', '917', '238', '473', '847', '939', '579', '208', '912', '384', '849', '592', '552', '290', '93', '84', '690', '260', '480', '226', '996', '830', '218', '915', '193', '206']
['57', '41', '172', '923', '594', '385', '822', '661', '987', '607', '779', '523', '578', '742', '775', '103', '195', '6', '415', '597', '729', '198', '609', '926', '202', '493', '408', '755', '555', '845', '435', '469', '271', '466', '67', '232', '834', '101']
['154', '240', '680', '992', '490', '479', '174', '153', '623', '381', '728', '867', '600', '56', '965', '135', '773', '936', '269', '894', '150', '944', '502', '710', '955', '409', '808', '618', '782', '886', '769', '881', '215', '334', '928', '73', '467', '438', '800']
['649', '0', '712', '657', '809', '339', '248', '368', '79', '821', '767', '297', '328', '875', '430', '397', '536', '512', '613', '615', '761', '294', '940', '416', '504', '698']
['533', '94', '675', '699', '614', '349', '389', '571', '993', '40', '704', '506', '899', '974', '989', '560', '608', '244', '515', '298', '582', '629', '365', '713', '405', '192', '723', '425', '931', '557', '924', '689', '52', '790']
['204', '627', '327', '858', '896', '910', '424', '114', '938', '596', '576', '647', '329', '29', '440', '296', '249', '575', '958', '144', '907']
['205', '317', '988', '572', '586', '352', '844', '927', '795', '553', '175', '820', '929', '280', '241', '19', '185', '835', '165', '222', '128', '324', '9', '749', '30', '45', '776', '110', '516', '793', '798', '815', '934', '823', '85', '660', '758', '477', '778', '687']
['379', '441', '20', '547', '511', '700', '69', '220', '274', '947', '772', '471', '49', '826', '848', '986', '7', '169', '267', '60', '350', '105', '774', '418', '852', '429', '170', '332', '31', '258', '295', '17', '50', '47', '803', '570', '373', '78', '485', '23']
['74', '132', '12', '813', '569', '432', '999', '345', '892', '741', '314', '361', '253', '272', '141', '982', '925', '589', '355', '705', '107', '865', '27', '414', '610', '952', '854', '745', '662', '194', '825', '788', '229', '90', '906', '453', '679', '145', '118']
['948', '457', '167', '388', '266', '791', '97', '877', '667', '543', '400', '868', '764', '487', '855', '306', '282', '550', '293', '178', '585', '587', '474', '501', '829', '887', '744', '681', '394', '732', '124', '528']
['883', '756', '945', '598', '573', '149', '434', '225', '318', '652', '725', '454', '707', '120', '377', '856', '810', '966', '81', '37', '445', '14', '259', '137', '770', '371', '909', '538', '534', '39', '76', '188', '731', '54', '574', '937', '688', '991', '946']
['498', '89']
['763', '187', '263', '358', '746', '448', '475', '281', '458', '583', '885', '433', '33', '701', '716', '86', '48', '426', '247', '158', '108', '344', '61', '812', '284', '777', '16', '581', '567', '562', '214', '5', '231', '383', '75', '68', '726', '155', '326', '535']
['119']
['311', '390', '980', '941', '859', '831', '787', '112', '44', '943', '478', '63', '129', '964', '838', '273', '319', '737', '693', '176', '510', '411', '357', '540', '843', '442', '628', '444', '884', '275', '985', '494', '376', '669', '903', '323', '644', '556', '873', '489']
