['512', '938', '982', '534', '558', '493', '643', '299', '866', '185', '420', '279', '816', '464', '211', '590', '411', '744', '137', '491', '508']
['880', '387', '827', '368', '728', '351', '247', '624', '527', '760', '522', '418', '140', '269', '314', '636', '307', '10', '992']
['751', '863', '919', '281', '286', '562', '72', '244', '667', '55', '178', '212', '713', '38', '488', '95', '715', '734', '798', '446', '289', '30', '298', '245', '478', '627', '105', '393', '146', '462', '120', '372']
['200', '941', '727', '158', '358', '255', '601', '697', '821', '494', '476', '155', '551', '832', '874', '583', '504', '652', '401', '104', '180', '684', '425']
['509', '164', '526', '556', '691', '922', '373', '706', '452', '49', '288', '790']
['767', '905', '2', '394', '341', '690', '612', '188', '949', '454', '700', '112', '718', '950', '37', '340', '608', '651', '252', '339', '97', '353', '404', '354', '825', '142', '177', '130', '525', '63', '221', '228', '448']
['207', '390', '114', '737', '829', '47', '102', '984', '497', '967', '31', '338', '675']
['58', '316', '405', '710', '399', '598', '330', '843', '348', '192', '973', '849', '848', '336', '361', '66', '757', '834']
['386', '26', '584', '881', '62', '67', '308', '910', '131', '103', '886', '0', '6', '439', '128', '458', '576', '243', '698', '280', '77', '835', '110', '794', '265', '679', '946', '170', '954', '175', '570', '461', '44', '733', '41']
['407', '202', '912', '810', '210', '357', '364', '149', '929', '665', '855', '45', '738', '988', '765', '482', '990', '585', '581', '216', '309', '179', '772', '264', '17', '435', '995', '157', '587', '593', '839', '921']
['860', '161', '851', '694', '934', '903', '626', '483', '194', '410', '109', '709', '287', '960', '64', '664', '731', '99', '610', '732']
['885', '537', '806', '473', '524', '634', '726', '521', '190', '475', '430']
['253', '695', '998', '882', '165', '826', '766', '800', '661', '385', '588', '485', '575', '908', '187', '663', '138', '758', '28', '795', '12', '678', '686', '571']
['302', '596', '677', '277', '403', '85', '56', '416', '889', '770']
['54', '382', '250', '544', '659', '143', '529', '721', '333', '273', '421', '181', '234', '235', '168', '991', '717', '134', '317', '25', '176', '877', '125', '891', '606', '975', '89', '932', '796', '963', '645', '477']
['389', '811', '297', '347', '783', '716', '563', '871', '842', '232']
['456', '755', '5', '966', '980', '876', '628', '144', '736', '506', '160', '422', '344', '883', '625', '304', '260', '332', '523', '93', '449', '739', '539', '60', '956', '875', '472', '635', '720', '968']
['872', '15', '553', '376', '432', '574', '743', '870', '572', '343', '129', '961', '23', '100', '536', '920', '48', '198']
['546', '68', '219', '378', '324', '957', '203', '792', '548', '256', '459', '785', '696', '577', '878', '224', '746', '117', '374', '184', '108']
['191', '603', '925', '953', '836', '29', '535', '607', '861', '761', '293', '682', '335', '183', '913', '784', '78', '107', '251', '547', '83', '419', '704']
['503', '668', '747', '101', '632', '629', '602', '195', '301', '569', '71', '594', '337', '687', '282', '773', '943', '927', '568', '962', '906', '971', '427', '935', '793', '59', '349', '50', '673', '724', '648', '681', '318']
['654', '263', '688', '57', '974', '666', '395', '87', '423', '745', '538', '218', '249', '295', '719', '313', '759', '580', '887', '342', '440', '230', '409', '278', '846', '722', '237', '614', '327', '136', '808', '61', '582', '930', '858', '433', '36', '986', '470', '680', '951', '315', '699', '904', '276', '814', '714']
['283', '723', '644', '997', '226', '242', '40', '752', '345', '182', '355', '854', '51', '383', '669', '987', '321', '809', '323', '662', '127', '566']
['35', '466', '909', '463', '511', '80', '637', '450', '893', '518', '79', '619', '266', '124', '96', '379', '501', '414', '647', '639', '294', '730', '650', '944', '362', '189', '469']
['830', '748', '367', '528', '229', '305', '983', '220', '139', '141', '970', '296', '550', '445', '413', '217', '163', '918', '862', '4', '683', '291', '261', '573', '274']
['813', '33', '532', '412', '804', '753', '167', '579', '380', '560', '926', '985', '350', '857', '492', '162', '106', '824', '371', '32', '959', '660', '564', '496', '705', '888', '902', '290', '622', '685', '712', '135', '901']
['928', '498', '94', '359', '209', '740', '43', '762', '312', '531', '771', '13', '507', '285', '453', '254', '567', '34', '258', '92', '369', '655', '707', '978', '406', '711', '763', '365', '642', '750', '879', '658', '884', '833', '268', '859', '408', '735', '595', '201', '233', '331', '945']
['689', '621', '604', '729', '776', '152', '742', '823', '586', '481', '480', '174', '370', '640', '11', '246', '559', '850', '326', '22', '948', '812', '471', '119', '873', '613', '937', '150', '708', '617', '236', '599', '360', '623', '756', '363', '489']
['388', '831', '513', '939', '438', '306', '633', '900', '231', '214', '741', '616', '933', '213', '65', '196', '272', '972', '514', '702']
['215', '674', '267', '320', '670', '505', '479', '510', '516', '402', '649', '225', '238', '118', '540', '208', '205', '159', '898', '845', '122', '802', '841', '545', '115', '442', '222', '76', '151', '676']
['615', '42', '578', '16', '346', '356', '169', '428', '786', '631', '111', '530', '592', '774', '517', '819', '499']
['310', '275', '979', '84', '490', '241', '437', '240', '965', '807', '557', '630', '465', '541', '805', '434', '300', '173', '484', '227', '121', '844', '837', '14', '896', '552', '75', '262', '270', '916', '81', '197', '620', '172', '864', '502', '74', '692', '417', '936', '334']
['3', '609', '486', '257', '907', '653', '542', '248', '70', '782', '18', '73', '693', '924', '828', '768', '455', '815', '441', '271', '24', '565', '19', '223', '981', '352', '20', '977', '999', '375', '895', '656', '82', '457', '123', '764', '779']
['204', '777', '148', '193', '519', '754', '890', '7', '426', '942', '98', '153', '460', '239', '500', '515', '561', '976', '133']
['329', '923', '605', '325', '447', '989', '591', '618', '852', '21', '39', '495', '589', '9', '915', '897', '392', '90', '818', '415', '166', '865']
['952', '468', '311', '994', '206', '955', '646', '894', '964', '145', '799', '467', '917', '856', '53', '116', '958', '611', '384', '487', '703', '391', '400', '431', '911', '328', '554', '657']
['186', '969', '1', '803', '672', '769', '322', '701', '838', '996', '52', '451', '892', '797', '520', '377']
['780', '474', '154', '993', '867', '259', '8', '840', '46', '781', '940', '914', '638', '868', '671', '319', '171', '396']
['822', '366', '600', '147', '444', '791', '775', '788', '817', '820', '27', '947', '199', '126', '847', '381', '597', '91', '543', '69', '303', '429', '88', '778', '397', '156', '787', '113', '641', '284', '424', '725', '749']
['398', '436', '801', '931', '443', '533', '853', '292', '789', '869', '132', '86', '555', '899', '549']
