['670', '23', '248', '618', '680', '106', '87', '357', '763', '432', '875', '871', '31', '62', '418', '901', '133', '842', '416', '644', '956']
['699', '970', '566', '783', '79', '733', '28', '807', '464', '262', '256', '555', '633', '99', '401']
['165', '817', '639', '387', '563', '512', '373', '318', '113', '372', '470', '593', '145', '689', '412', '152', '675', '544', '275', '955', '589']
['927', '856', '5', '994', '203', '392', '308', '941', '289', '13', '641', '786', '712', '112', '41', '237', '811', '628']
['910', '800', '11', '844', '368', '960', '302', '885', '657', '249', '893', '178', '469', '987', '523', '687', '760', '978', '455', '196', '944']
['774', '378', '548', '876', '148', '56', '201', '526', '635', '119', '411', '690', '750', '874', '626', '91', '60', '339', '229', '20', '528', '10']
['473', '86', '52', '431', '402', '543', '962', '111', '870', '791', '688', '819', '238', '157', '603', '353', '324', '922', '94', '310', '781', '886']
['766', '677', '898', '22', '446', '721', '816', '931', '741', '916', '503', '149', '323', '273', '67', '474', '78', '187', '928']
['770', '906', '230', '481', '833', '108', '274', '215', '50', '223', '430', '276', '180', '748', '107', '926', '857', '929', '153', '695', '382', '445']
['631', '764', '396', '335', '235', '19', '364', '437', '854', '727', '967', '480', '882', '537', '51', '609', '200', '539', '18', '142', '820', '617']
['879', '666', '381', '129', '780', '982', '463', '560', '683', '241', '515', '662', '582']
['756', '610', '534', '858', '186', '231', '606', '400', '345', '333', '291', '972', '705', '123', '49', '315', '742', '702']
['638', '558', '971', '869', '792', '521', '341', '708', '730', '501', '671', '210', '204', '465', '75', '513', '141', '553', '63', '947', '514']
['954', '419', '573', '271', '32', '311', '415', '804', '29', '532', '554', '297', '773', '724', '397', '575', '380', '188', '355', '801']
['673', '436', '68', '524', '865', '806', '651', '150', '839', '663', '860', '270', '950', '162', '406', '903', '173', '440', '829', '728', '394', '917']
['725', '454', '1', '965', '305', '441', '483', '42', '684', '815', '696', '580', '184', '872', '4', '731', '650']
['934', '693', '27', '177', '706', '283', '409', '356', '284', '888', '776', '434', '596', '66', '827', '761', '749', '840', '889', '169', '892', '34']
['604', '578', '834', '637', '866', '293', '251', '197', '299', '217', '973', '767', '219', '616', '789', '890', '496']
['338', '607', '519', '557', '250', '894', '462', '946', '498', '821', '475', '516', '190', '798', '540', '797', '97', '3', '809', '949', '913', '30']
['306', '550', '360', '298', '570', '643', '841', '698', '681', '745', '263', '257']
['588', '649', '365', '327', '846', '961', '300', '422', '579', '567', '810', '808', '772', '192', '530', '883', '189', '805', '849']
['168', '914', '377', '491', '342', '90', '84', '226', '624', '2', '679', '923', '288', '363', '935', '902', '414', '502', '704', '583', '280', '535']
['762', '777', '459', '826', '71', '261', '855', '193', '205', '912', '89', '709', '625', '873', '104', '143', '620', '451', '785', '265', '520']
['495', '379', '234', '581', '908', '121', '259', '489', '664', '258', '739', '92', '861', '366', '493', '576', '70', '95', '642', '58', '569']
['729', '322', '96', '137', '506', '264', '369', '853', '968', '278', '332', '518', '194', '531', '48', '423']
['565', '799', '629', '615', '945', '329', '26', '925', '255', '269', '933', '661', '81', '44', '98', '619', '549', '458', '864', '47', '669', '891']
['167', '43', '202', '170', '118', '665', '771', '209', '476', '655', '957', '88', '457', '159', '399', '943', '981', '878', '991', '614']
['69', '686', '74', '296', '835', '988', '930', '407', '986', '303', '897', '715', '109', '260']
['468', '307', '487', '998', '36', '240', '568', '444', '216', '242', '743', '747', '887', '213', '646', '942', '751', '634', '179', '163']
['546', '198', '900', '85', '428', '82', '384', '158', '134', '117', '710', '348', '199', '647', '795', '754']
['552', '734', '466', '285', '295', '6', '286', '948', '963', '737', '621', '374', '393', '533', '452', '0', '420']
['717', '958', '439', '599', '896', '25', '959', '953', '718', '244', '668', '211', '59', '559', '7', '8', '594', '611']
['937', '969', '371', '716', '723', '803', '999', '116', '674', '658', '287', '862', '398', '80', '39', '494', '880', '281', '38', '598', '182', '936']
['701', '124', '421', '343', '349', '538', '435', '403', '450', '225', '127', '659', '613', '236', '997', '590', '413', '697', '16', '130']
['831', '759', '529', '586', '497', '561', '784', '814', '905']
['848', '212', '472', '884', '120', '146', '383', '316', '601', '940', '736', '482', '267', '812', '843', '667', '490', '509', '354']
['321', '700', '331', '301', '386', '336', '317', '752', '938', '907', '395', '707', '313', '837', '591', '511', '823']
['139', '391', '976', '574', '992', '191', '587', '115', '181', '93', '76', '174', '206', '769', '966', '224', '156', '838', '990', '556', '64', '850']
['417', '691', '245', '426', '703', '24', '918', '765', '154', '694', '140', '787', '227', '571', '376', '304', '453']
['919', '429', '980', '652', '881', '676', '438', '214', '54', '627', '73', '564', '996', '740', '309', '442', '757', '979']
['622', '126', '103', '425', '102', '460', '424', '648', '125', '359', '110', '55', '347', '334', '719', '478', '605', '577', '247', '602']
['461', '847', '818', '164', '851', '547', '195', '852', '794', '326', '433', '101']
['911', '290', '920', '389', '351', '758', '832', '612', '985', '964', '508', '899', '243', '488', '477', '753', '233', '151', '924']
['779', '993', '135', '471', '486', '525', '505', '782', '775', '623', '337', '527', '390', '388', '507', '320', '732', '802', '863', '131']
['939', '951', '65', '367', '12', '358', '147', '584', '726', '722', '77', '166', '504', '768', '171', '232', '636', '977', '344']
['824', '822', '796', '682', '974', '319', '144', '989', '443', '221', '266', '608', '585', '330', '15', '114', '61', '427', '845', '904']
['272', '72', '53', '155', '404', '632', '600', '314', '562', '277', '500', '253', '692', '545', '952', '630', '541', '228', '83', '828', '656', '542']
['595', '654', '325', '138', '640', '405', '713', '711', '208', '915', '790', '522', '467', '175', '932', '352', '479', '161']
['408', '714', '176', '362', '909', '292', '105', '551', '484', '813', '720', '645', '375', '370', '410', '328', '536', '735', '239', '268']
['35', '867', '21', '793', '254', '14', '678', '222', '57', '592', '485', '778', '33', '361', '340', '448', '921', '385']
['517', '279', '9', '220', '499', '17', '983', '672', '246', '447', '572', '984', '136', '128', '859', '312', '40', '744', '836', '46', '830']
['350', '492', '597', '746', '294', '660', '172', '252', '45', '100', '788', '755', '877', '895', '218', '122', '975', '132', '346', '995', '183']
['738', '207', '449', '185', '825', '510', '160', '37', '282', '653', '685', '868', '456']
