['308']
['797']
['532']
['777']
['230']
['550']
['176']
['845', '572', '694', '152', '318']
['98']
['462']
['855']
['53', '173', '908', '737', '900', '590', '673', '30', '778', '314', '927', '940', '234', '563', '266', '896', '606']
['29']
['537']
['276']
['934', '228', '389', '419', '483', '648', '167', '157', '779', '746', '101']
['306', '677', '390', '508', '16', '867', '50', '736', '903', '100', '388', '725', '596', '488', '485', '219', '824', '404']
['589']
['919']
['813']
['789']
['678']
['132']
['505', '68', '863', '672', '246', '257', '86', '747', '379', '302', '236', '191', '66', '394', '199', '891']
['840', '1']
['203', '301', '117', '514', '611', '947']
['658', '338', '942', '7', '231', '954', '51', '55', '84', '381', '368', '765', '493', '97', '217', '273', '679', '619', '463', '212', '582', '657', '431', '406', '391']
['179']
['506']
['926', '371', '401', '788', '581', '664', '798', '209', '487', '71', '123', '35', '270', '357', '756', '933', '734', '733', '858', '762', '660', '806', '69', '649', '158', '641', '529', '566', '712', '674', '396', '424', '434', '597', '771', '676']
['822']
['776']
['946']
['835']
['633']
['421', '33', '38']
['608']
['448']
['772']
['930']
['260']
['72', '607', '904', '82', '307', '58', '435', '4', '950', '650']
['718']
['791']
['93']
['143']
['659']
['539']
['643', '773', '408', '374', '292', '610', '227', '815', '83', '244', '39', '955', '337', '261', '479', '616', '850', '267', '496', '216', '334', '376', '924', '103', '142', '0', '645', '554', '265', '99', '881', '140', '567', '107', '854', '48']
['527']
['663']
['460']
['690', '326']
['486', '544']
['585', '653']
['705']
['429']
['131', '578', '905']
['139']
['208']
['115']
['691']
['400']
['873']
['280', '17', '181', '921', '146', '693', '88', '286', '134', '241', '92', '283', '193', '279', '453', '336', '133', '481', '655', '949', '739', '154', '812', '730', '796', '951', '52']
['522']
['89', '147', '842', '723', '803', '538']
['202']
['911']
['466', '331']
['432']
['475']
['758']
['885', '192', '848', '450']
['859']
['695']
['595']
['250']
['126', '497', '423', '42', '599']
['707', '95', '531', '278', '832', '75', '342', '801', '805', '915', '839', '856', '598', '67', '206', '732', '468', '417', '163', '601', '81', '879', '403', '289', '409', '129', '875', '414', '729', '871', '330', '767']
['918']
['347']
['11']
['402']
['62']
['667']
['44']
['910', '200', '166', '681', '433', '449', '520', '110', '416', '623', '761', '240', '636', '303', '144']
['784', '422']
['254', '541']
['458']
['224']
['604']
['781']
['426']
['755', '802', '790', '786', '710', '553', '109', '355']
['754', '369', '255', '680']
['27']
['708']
['893']
['602']
['562']
['886', '367', '735', '620', '252', '823', '325', '574', '907', '141', '687', '719', '935', '549', '315', '196', '685']
['380']
['182']
['551']
['295']
['358', '792', '438', '556', '501', '727', '866', '34', '248', '149', '36', '297', '160', '594']
['410']
['843']
['559', '56', '821', '752', '259', '513', '28', '155', '263', '363', '591', '614', '477', '454', '353', '583', '395', '783', '271', '9', '305', '285', '639', '647', '287', '328', '570', '116', '519', '711', '686', '576', '365']
['452']
['430', '833', '899']
['22']
['473']
['397', '836', '425', '829', '511', '552', '870', '223']
['377']
['348']
['770', '515', '794', '104', '201', '742']
['509', '91', '5']
['810']
['640']
['12']
['525']
['282', '503']
['547']
['956']
['890']
['704']
['627']
['21']
['800', '274']
['564', '73', '121', '335']
['557']
['654']
['668']
['740']
['470']
['243']
['661']
['239']
['392']
['469']
['703']
['646', '189', '387', '721', '603', '251']
['184', '543', '378', '860', '724', '135', '817', '902', '494', '427', '360', '19', '70', '853', '688', '114', '439', '592', '717', '857', '490', '300', '370', '536', '313', '502', '171']
['925', '682', '256', '753', '546', '8', '793', '237', '344', '642', '204']
['702']
['587', '233', '2', '122', '54', '749', '281']
['629']
['187']
['238']
['743']
['584', '175', '565', '32', '15', '631', '500', '443', '345', '441']
['90']
['941', '701']
['47']
['807', '148', '170', '214', '10', '715', '474', '495', '215', '205', '197', '605', '6', '713', '440', '852', '612', '945', '764', '825', '917', '847']
['269', '928', '229', '319']
['320', '804']
['609']
['757', '716', '826']
['64', '750', '304', '504', '312', '277', '638', '684', '782', '895']
['220', '383', '174', '630', '634']
['25']
['26', '480']
['683']
['644']
['897', '540']
['799']
['31']
['74']
['232', '953', '119', '720', '316', '844']
['384']
['362']
['442']
['164', '745', '351', '775', '79', '172', '621', '575', '124', '534', '555', '80', '262', '235', '284', '561', '780']
['350']
['24', '869', '407', '512', '913', '14']
['535', '874', '689', '168', '169', '916', '293']
['112']
['766', '722', '699', '288', '296', '190', '952', '361', '731', '299', '877', '373', '785', '272', '130', '180', '106', '618', '491', '317', '346', '455', '385', '108', '787', '524', '774']
['586']
['221']
['340']
['63', '451', '932', '670', '819', '178', '156', '809', '437', '769', '412', '341', '709', '41', '580']
['87', '828', '482', '865', '145', '521', '811', '218', '510', '354', '637', '700', '545', '929']
['697']
['795', '938', '937', '507', '484', '922', '405', '364', '76', '906', '837', '447', '46', '464', '744', '96', '868', '185', '153', '127']
['456']
['884']
['600', '398', '13', '472', '102', '666', '211', '492', '939', '467', '136']
['125']
['523']
['159', '714', '577', '820', '889', '751', '162', '461', '656', '864', '165']
['588']
['498', '662', '914', '446']
['698']
['626']
['298']
['652', '242', '352', '465', '113', '568', '94', '909', '632', '253', '665', '226', '49', '138', '339', '382']
['275', '436', '818', '161', '573', '516', '349', '372']
['624', '569', '943', '327', '457', '625', '43']
['849', '841']
['887']
['294', '18', '85', '894', '137', '528']
['635']
['579']
['872']
['912']
['413', '245']
['831', '188', '558', '808', '669', '533', '882', '888', '249', '210', '571', '324', '876', '309', '177', '560', '118', '268', '814']
['931']
['628']
['615']
['489', '37']
['420', '45', '741']
['258']
['459']
['738']
['111', '322', '499', '726', '878', '696', '78', '936', '60', '861', '759', '20', '23', '622', '120', '333', '838', '186']
['150']
['548', '518', '830', '530', '375', '471']
['428']
['207', '65', '321']
['445', '880', '675', '816', '222', '247']
['195']
['366', '948']
['593']
['411', '748']
['128', '290', '59', '692', '418']
['291', '444', '310', '478', '329', '343']
['323']
['706']
['264']
['311']
['892']
['617', '61', '862', '944', '151', '476', '542', '827', '194', '613', '834', '768', '728', '40', '183', '517', '763', '851', '671', '846', '356', '393', '923', '105', '332', '760', '901']
['77', '920', '399', '198', '898', '225', '57', '213', '415', '386', '651', '526', '359', '3', '883']
