['749', '732', '893', '581', '386', '321', '949', '605', '463', '222', '719', '877', '529', '33', '892', '691', '389', '442', '302', '28', '399', '274', '419', '500', '769', '68', '6', '307', '314', '412', '806', '370', '656', '842', '654', '920', '243', '698', '935', '685']
['341', '977', '861', '858', '470', '406', '851', '254', '642', '672', '841', '577', '940', '639', '477', '622', '367', '563', '258', '119', '166', '879', '597', '737', '917', '589', '128', '390', '583', '735', '579', '825', '724']
['809', '921']
['609', '684', '410', '997', '107', '992', '956', '490', '139', '373', '196', '420', '886', '812', '148', '147', '974', '610', '48', '244', '637', '811', '575', '216', '111', '911', '472', '475', '82', '988', '361', '937', '473', '26', '400', '27', '88', '63', '507', '438']
['808', '492', '556', '210', '616', '11']
['306', '336', '368', '176', '457', '133', '267', '9', '816', '122', '449', '4', '408', '350', '708', '791', '97', '153', '527', '733', '537', '471', '200', '436', '742', '448', '395', '979', '814', '528', '345', '205', '721', '327', '747', '630', '170', '498', '601', '8']
['433', '536', '936', '927']
['516', '245', '870', '900', '545', '906', '518', '884', '763', '704', '204', '593', '958', '78', '124', '626', '349', '628', '675', '578', '344', '856', '941', '517', '109', '634', '434', '776', '217', '255', '332', '520', '543', '592', '965', '363', '69', '725', '249', '73']
['157', '189']
['771', '993', '451', '695', '127', '405', '310', '970', '744', '478', '177', '393', '783', '143', '608', '576', '191']
['44', '787', '837', '94', '158']
['663', '821', '282', '646', '485', '795', '232', '23', '627', '762', '387', '625', '980', '95', '246', '112', '323', '467', '17', '278', '388', '445', '51', '594', '945', '7', '488', '715', '617', '636', '857', '834', '352', '544', '229', '43', '427', '227', '184', '264']
['98', '5', '192', '297', '525', '587', '215', '235', '774', '303', '686', '397', '876', '76', '330', '424', '569', '290', '72', '213', '508', '954', '93', '798', '411', '908', '280', '293', '641', '425', '104', '343', '353', '312', '25', '718', '220', '717', '203', '236']
['92', '208', '117', '317', '159', '891', '101', '586', '539', '754', '202', '800', '652', '633', '42', '404', '930', '484', '794', '41', '53', '996', '38', '690', '739', '848', '125', '382', '325', '831', '422', '560', '565', '788', '966', '453', '723', '650', '959', '688']
['820', '649', '873', '440', '259', '928', '872', '983', '867', '844', '681', '975', '871', '667', '846', '706', '391', '65', '758', '165', '212', '74', '689', '284', '746']
['731', '464', '899']
['174', '234', '182', '481']
['180', '316', '441', '505', '780', '178', '309', '666', '999', '817', '62', '604', '277', '265', '60', '986', '772', '305', '643', '333', '140', '407', '206', '456', '864', '146', '803', '55', '403', '384', '760', '960', '0', '262', '496', '750', '764', '833', '320', '981']
['670', '683', '669', '161', '673', '377', '113', '680', '285', '430', '629', '495', '967', '770', '573', '118', '46', '850', '548', '998', '829', '538', '710', '815', '755', '707', '606', '509', '214', '248', '334', '172', '132', '741', '437', '281', '676', '785', '839', '752']
['572']
['712', '963', '418', '36', '340', '562', '976', '551', '653', '483', '939', '745', '339', '835', '919', '796', '106', '662', '487', '549', '64', '823', '599', '21', '49', '916', '895', '338', '792', '598', '67', '396', '398', '291', '766', '852', '294', '429', '90', '383']
['645', '890', '660', '59', '802', '413', '558', '775', '926', '155', '530', '32', '912', '914', '87', '179', '751', '123', '515', '58', '621', '138', '845', '242', '499', '727', '331', '304', '237', '888', '961', '416', '948', '45', '693', '674', '880', '677', '503', '943']
['819', '209', '753', '421', '716', '19', '768', '362', '70', '804', '657', '938', '160', '524', '923', '624']
['100', '20', '838', '773', '588', '275', '194', '154', '613', '385', '523', '328', '694', '584', '521', '319', '360', '476', '554', '230', '860', '790', '984', '105', '12', '623', '661', '826', '951', '805', '224', '300', '947', '355', '702', '550', '171', '120', '164', '957']
['784', '571', '665', '156', '757', '552', '567', '512', '659', '193', '299', '313', '335', '736', '969', '286', '534', '108', '591', '276', '632', '991', '261', '553', '843', '381', '910', '358', '197', '452', '15', '647', '882', '953', '779', '540', '163', '247', '748', '807']
['409', '269', '37', '580', '944', '311', '54', '714', '287', '201', '535', '402', '91', '696', '648', '129', '251', '366', '519', '933', '904', '585', '950', '231', '221', '847', '907', '167', '114', '903', '315', '375', '80', '225', '181', '973', '29', '22', '39', '455']
['918', '902']
['469', '590', '869', '458', '866', '480', '379', '511', '810', '832', '190', '793', '743', '3', '346', '439', '342', '658', '705', '501', '357', '428', '978', '295', '942', '211', '765', '266', '611', '369', '574', '47', '728', '875', '531', '96', '292', '777', '887', '862']
['195', '198', '130', '468', '250', '818', '426', '83', '371', '504', '365', '889', '466', '71', '218', '896', '394', '322', '595', '144', '924', '85', '415', '618', '972', '149', '514', '489', '378', '701', '546', '968', '40', '142', '905', '922', '187', '417', '946', '432']
['151', '620', '162', '824', '219', '364', '150', '252', '288', '532', '934', '238', '31', '1', '813', '640', '359', '602', '854', '506', '135', '99', '720', '709', '730', '228', '687', '671', '103', '374', '994', '898', '526', '77', '52', '188', '337', '840', '533', '272']
['989', '635', '392', '454', '881', '241', '61', '175', '502', '134', '240', '89', '18', '260', '868', '699', '279', '347', '559', '326', '726', '75', '443', '298', '57', '239', '614', '631', '173', '682', '542', '423', '513', '607', '855', '738', '270', '372', '668', '2']
['596', '767', '894', '121', '913', '168', '557', '301', '459', '679', '308', '566', '256', '995', '460', '14', '329', '126', '931', '207', '474', '24', '651', '555', '789', '885', '447', '186', '66', '863', '414', '30', '461', '86', '987', '263', '56', '964', '901', '35']
['722', '638', '401', '828', '522', '600', '13', '756', '450', '836', '354', '183', '376', '740', '782', '962', '932', '273', '734', '678', '446', '985', '644', '137', '570', '10', '612', '952', '547', '482', '268', '655', '131', '462', '145', '491', '223', '582', '289', '102']
['16', '797', '185', '348', '324', '110', '510', '897', '356', '761', '786', '564', '713', '141', '115', '619', '283', '664', '351', '915', '759', '479', '982', '830', '603', '874', '865', '711', '541', '444', '955', '615', '859', '226', '561', '497', '50', '990', '878', '116']
['494', '493', '380', '827', '849', '853', '909', '925', '700', '431', '79', '136', '34', '692', '801', '778', '169', '822', '929', '781', '84', '296', '81', '465', '799', '435', '318', '697', '703', '257', '729', '253', '271', '199', '883', '486', '568', '971', '233', '152']
