['972']
['849', '756', '117', '768', '18', '210', '996', '493', '387', '761', '659', '538', '73', '168', '982', '214', '649', '382', '13', '822', '653', '586', '554', '953', '682', '443', '712', '836', '124', '765', '592', '283', '645', '715', '433']
['616', '231', '323', '482', '162', '784', '7', '398', '947', '341', '646', '224', '222', '320', '950', '499', '758', '270', '777', '138', '304', '896', '394', '4', '937', '378', '5', '402', '727', '633', '514', '623', '427', '199', '562']
['867', '329', '651', '269', '347', '75', '662', '388', '35', '344', '575', '711', '102', '826', '706', '354', '184', '174', '729', '546', '803', '134', '847', '526', '6', '977', '209', '722', '308', '179', '150', '460', '979', '963', '890']
['88', '516', '622', '598', '469', '249', '191', '348', '358', '145', '814', '298', '894', '632', '515', '183', '931', '259', '309', '772', '507', '503', '386', '757', '556', '449', '752', '79', '85', '936', '176', '840', '732', '999', '534']
['180', '888', '96', '911', '709', '773', '694', '151', '110', '462', '802', '869', '612', '216', '656', '53', '379', '188', '578', '591', '628', '200', '121', '870', '335', '489', '485', '942', '169', '363', '37', '580', '206', '940', '655']
['796', '995', '991', '417', '131', '376', '661', '254', '120', '97', '221', '107', '868', '244', '383', '496', '846', '423', '821', '721', '970', '641', '284', '186', '823', '32', '843', '12', '251', '797', '83', '508', '681', '610', '464']
['583', '921', '948', '857', '527', '589', '101', '42', '436', '820', '997', '778', '631', '939', '104', '859', '588', '111', '614', '20', '416', '966', '122', '596', '852', '38', '465', '925', '312', '775', '544', '3', '504', '743', '492']
['954', '703', '172', '24', '741', '640', '437', '445', '55', '675', '105', '369', '429', '643', '807', '541', '734', '337', '317', '89', '951', '726', '889', '190', '455', '108', '34', '178', '519', '606', '989', '118', '250', '67', '922']
['57']
['864', '197', '559', '390', '811', '871', '565', '372', '689', '421', '349', '498', '558', '766', '716', '906', '882', '555', '792', '41', '512', '322', '874', '152', '491', '157', '581', '553', '853', '305', '740', '845', '370', '65', '801']
['566', '360', '439', '146', '760', '618', '540', '567', '212', '171', '702', '194', '749', '893', '90', '19', '425', '245', '830', '576', '959', '928', '518', '584', '327', '759', '63', '907', '934', '155', '971', '669', '333', '148', '557']
['144', '407']
['243', '99', '690', '713', '130', '315', '550', '848', '536', '40', '30', '86', '787', '786', '998', '717', '2', '506', '502', '163', '603', '59', '883', '520', '353', '277', '560', '745', '634', '825', '441', '497', '208', '725', '432']
['635', '27', '886', '44', '135', '213', '593', '408', '143', '17', '215', '808', '969', '313', '23', '987', '406', '677', '875', '619', '350', '793', '919', '356', '478', '444', '426', '246', '650', '106', '268', '405', '314', '676', '218']
['281', '806', '486', '785', '357']
['824', '730', '866', '636', '29', '149', '674', '192', '642', '804', '901', '841', '164', '316', '397', '279', '863', '908', '404', '547', '352', '985', '241', '415', '695', '935', '834', '494', '310', '920', '776', '666', '412', '621', '288']
['599', '994', '367', '132', '340', '605', '813', '905', '718', '851', '253', '531', '481', '15', '522', '193', '887', '878', '223', '170', '276', '9', '480', '225', '952', '103', '299', '958', '961', '884', '739', '260', '876', '321', '829']
['154', '710', '617', '723', '153', '58', '736', '965', '413', '61', '401', '790', '654', '753', '509', '339', '230', '872', '608', '133', '338', '424', '548', '624', '549', '411', '294', '293', '261', '602', '525', '974', '699', '781', '343']
['956', '903', '160', '237', '234', '668', '495', '307', '615', '373', '87', '791', '399', '770', '769', '62', '109', '601', '78', '435', '114', '235', '978', '679', '992', '453', '476', '60', '255', '290', '698', '242', '77', '833', '442']
['539', '551', '957', '380', '984', '431', '345', '366', '286', '409', '256', '701', '205', '328', '819', '127', '173', '273', '542', '511', '303', '1', '771', '815', '625', '543', '94', '880', '892', '879', '11', '477', '881', '458', '789']
['639']
['532']
['126', '704', '574', '932', '351', '688', '95', '182', '976', '448', '275', '384', '552', '93', '816', '626', '336', '828', '865', '374', '842', '167', '990', '981', '597', '278', '181', '860', '665', '257', '297', '76', '929', '147', '933']
['660', '691', '986', '577', '446', '530', '271', '233', '265', '211', '670', '891', '733', '21', '422', '630', '8', '938', '594', '648', '393', '158', '909', '217', '838', '311', '861', '944', '899', '36', '287', '563', '459', '392', '141']
['513', '629', '805', '763', '714', '652']
['461', '973', '395', '835', '74', '371', '175', '912', '590', '272', '91', '201', '780', '159', '410', '570', '419', '454', '975', '204', '747', '918', '391', '684', '72', '837', '362', '927', '140', '671', '43', '113', '438', '794', '240']
['735', '26', '487', '737', '463', '51', '396', '359', '705', '430', '980', '877', '738', '332', '189', '742', '719', '724', '119', '968', '403', '914', '129', '295', '620', '300', '587', '667', '70', '600', '112', '809', '468', '946', '949']
['68', '64', '744', '84', '751', '613', '774', '473', '658', '915', '375', '324', '46', '16', '71', '115', '456', '720', '52', '858', '731', '521', '897', '10', '839', '993', '693', '910', '31', '203', '451', '56', '156', '692', '258']
['611', '779', '296', '685', '187', '185', '219', '54', '342', '483', '904', '434', '746', '220', '783', '69', '47', '440', '533', '301', '818', '100', '683', '913', '447', '385', '647', '25', '569', '471', '678', '479', '364', '524', '227']
['700', '365', '844', '962', '49', '125', '799', '285', '355', '926', '945', '346', '377', '755', '207', '561', '466', '248', '898', '680', '292', '638', '0', '202', '228', '800', '902', '123', '955', '381', '812', '289', '266', '500', '318']
['226', '850', '895', '22', '33', '236', '361', '501', '798', '128', '28', '137', '568', '488', '267', '707', '14', '418', '232', '537', '856', '923', '82', '930', '855', '452', '708', '523', '280', '50', '470', '885', '510', '573', '196']
['764', '39', '428', '686', '572', '306', '528', '644', '467', '457', '198', '627', '754', '607', '319', '166', '827', '45', '195', '983']
['161', '263', '831', '967', '92', '414', '943', '238', '545', '472', '832', '579', '854', '136']
['564']
['873', '762', '697', '80', '484', '696', '609', '302', '420', '571', '585', '663', '505', '748', '389', '529', '810', '604', '81', '988', '728', '535', '750', '687', '960', '673', '924', '817', '142', '941', '247', '782', '325', '788', '517']
['664']
['291', '917', '916', '490', '326', '252', '672', '582', '900', '48', '862', '239', '475', '116', '274', '474', '331', '330', '262', '282', '98', '334', '964', '368', '264', '229', '450', '66', '767', '595', '400', '795', '177', '165', '657']
['637']
['139']
