['748']
['675', '266', '877', '612', '283', '318', '973', '161', '978', '738', '356', '796', '678', '989', '956', '13', '254', '244', '451', '212', '544', '363', '166', '178', '80', '64', '740', '534', '285', '655', '325', '951', '214', '231', '497', '887', '257', '364', '969', '634']
['265', '507', '337', '234', '251', '918', '880', '993', '374', '526', '837', '899', '245', '348', '974', '818', '465', '810', '3', '242', '42', '515', '671', '862', '695', '168', '629', '192', '303', '308', '93', '970', '505', '17', '504', '902', '35']
['876']
['698']
['205', '187', '320', '923', '594', '921', '607', '824', '413', '571', '26', '694', '506', '577', '195', '412', '7', '415', '984', '729', '380', '223', '926', '722', '919', '408', '43', '76', '230', '435', '55', '644', '469', '271', '466', '67', '817', '232', '591']
['724', '584', '236', '410', '379', '441', '317', '813', '547', '840', '288', '274', '189', '947', '478', '519', '672', '949', '651', '914', '775', '267', '794', '384', '202', '293', '508', '397', '702', '429', '447', '332', '977', '768', '686', '483', '372', '901', '218', '653']
['12', '606', '638', '20', '220', '281', '797', '841', '159', '199', '338', '765', '905', '548', '856', '300', '190', '635', '312', '343', '261', '89', '656', '378', '836', '559', '819', '897', '197', '164', '59', '567', '404', '662', '31', '295', '869', '751', '570', '162']
['482', '94', '948', '132', '167', '599', '661', '858', '892', '407', '134', '648', '253', '807', '273', '833', '716', '959', '382', '717', '917', '6', '895', '386', '503', '786', '269', '582', '427', '611', '14', '150', '27', '430', '58', '307', '182', '563']
['97', '831', '112', '44', '63', '964', '838', '248', '368', '183', '38', '369', '580', '147', '767', '297', '443', '270', '913', '211', '324', '875', '305', '512', '718', '615', '761', '359', '903', '252', '346', '73', '556', '565', '393', '83', '304', '873', '99', '834']
['670', '883', '456', '763', '111', '358', '240', '988', '787', '652', '885', '264', '163', '487', '319', '942', '377', '48', '426', '828', '597', '449', '912', '344', '61', '850', '684', '874', '371', '39', '98', '323', '658', '215', '677', '574', '688', '528', '733']
['750', '65', '458', '395', '402', '844', '553', '452', '114', '929', '595', '241', '176', '492', '835', '165', '222', '321', '552', '414', '713', '406', '710', '776', '793', '708', '808', '618', '669', '783', '334', '104', '459', '758', '689', '155', '915', '778', '679', '535']
['41', '746', '791', '998', '66', '530', '490', '345', '32', '741', '450', '860', '963', '428', '691', '742', '982', '280', '398', '847', '115', '518', '747', '216', '353', '754', '336', '557', '952', '626', '562', '886', '276', '995', '996', '416', '697', '617']
['157', '484', '533', '179', '315', '614', '916', '433', '704', '871', '930', '546', '771', '86', '537', '882', '247', '608', '879', '357', '736', '130', '139', '9', '418', '342', '425', '931', '730', '286', '798', '940', '227', '258', '630', '50', '366', '217', '489', '739']
['172', '994', '568', '362', '734', '352', '640', '820', '422', '360', '109', '935', '351', '799', '238', '209', '827', '540', '330', '676', '495', '365', '752', '968', '564', '84', '516', '745', '845', '370', '954', '171', '11', '687', '453', '396', '333', '118']
['477']
['654']
['832', '888', '119', '627', '521', '631', '461', '481', '69', '889', '822', '683', '419', '400', '927', '711', '196', '292', '279', '184', '200', '616', '126', '135', '53', '87', '766', '488', '802', '25', '16', '275', '782', '455', '934', '759', '801', '224', '36']
['311', '859', '149', '987', '572', '943', '972', '389', '725', '857', '962', '657', '471', '633', '541', '986', '19', '939', '666', '246', '350', '979', '152', '641', '852', '536', '45', '792', '170', '757', '692', '863', '331', '997', '143', '660', '601', '946']
['842', '388', '511', '573', '714', '10', '999', '180', '225', '125', '545', '436', '95', '309', '399', '920', '960', '891', '743', '878', '107', '865', '864', '121', '71', '148', '299', '554', '287', '28', '881', '789', '668', '830', '322', '439', '78', '145', '206', '805']
['57', '457', '945', '569', '514', '992', '174', '62', '623', '520', '642', '600', '151', '181', '664', '589', '103', '213', '117', '773', '936', '239', '894', '128', '525', '302', '493', '620', '853', '816', '955', '587', '188', '529', '2', '784', '532', '373', '800', '101']
['785', '88', '603', '133', '423', '417', '941', '961', '760', '207', '500', '517', '129', '289', '219', '938', '645', '354', '392', '411', '579', '208', '108', '221', '301', '30', '468', '806', '77', '8', '861', '674', '637', '173', '542', '558', '146', '991', '753', '539']
['649', '74', '756', '700', '980', '772', '975', '809', '141', '339', '576', '848', '693', '560', '79', '185', '156', '92', '60', '442', '328', '774', '290', '777', '502', '884', '575', '494', '900', '186', '376', '788', '462', '1', '937', '803', '326', '467', '485', '790']
['598', '390', '586', '479', '349', '543', '314', '96', '454', '868', '40', '779', '893', '272', '70', '925', '498', '904', '966', '609', '561', '549', '298', '685', '592', '922', '749', '555', '985', '474', '815', '480', '194', '673', '732', '124', '229', '52']
['719', '347', '0', '804', '781', '527', '448', '983', '908', '680', '583', '313', '509', '523', '721', '566', '965', '826', '310', '872', '491', '843', '703', '444', '106', '102', '296', '470', '755', '409', '294', '291', '924', '593', '933', '953', '981', '90', '193', '23']
['911', '204', '403', '72', '699', '432', '890', '896', '18', '910', '709', '367', '737', '839', '855', '682', '780', '647', '431', '727', '29', '440', '284', '140', '814', '249', '113', '851', '636', '233', '228', '522', '22', '75', '551', '906', '958', '650', '735', '144']
['472', '846', '696', '604', '201', '811', '967', '21', '136', '381', '243', '531', '663', '255', '705', '665', '169', '335', '277', '513', '446', '610', '100', '723', '625', '486', '762', '278', '256', '854', '690', '590', '950', '226', '401', '54', '496', '191', '726']
['621', '624', '263', '667', '643', '434', '622', '424', '707', '764', '120', '49', '375', '24', '306', '821', '282', '37', '464', '445', '849', '550', '421', '628', '585', '259', '137', '770', '909', '538', '110', '501', '5', '731', '383', '391', '823', '744', '15', '659']
['123', '976', '127', '82', '329', '387', '142', '235', '720', '438', '420', '907']
['460', '138', '602', '177', '268', '46', '475', '327', '237', '990', '361', '712', '632', '715', '898', '33', '701', '596', '473', '158', '122', '198', '91', '210', '105', '812', '706', '944', '866', '316', '613', '581', '34', '131', '932', '340', '262', '463', '4', '85']
['524', '341', '154', '437', '385', '51', '153', '728', '588', '867', '795', '870', '175', '160', '203', '56', '578', '971', '355', '510', '81', '250', '116', '405', '605', '499', '646', '260', '769', '639', '829', '825', '928', '619', '681', '394', '957', '68', '476', '47']
