['116']
['917']
['700']
['657']
['101']
['603']
['937']
['496']
['721']
['408']
['887']
['809']
['164', '273']
['552']
['378']
['572']
['515']
['272']
['208']
['438']
['807']
['881', '877', '918']
['2']
['148']
['66']
['764']
['108', '18']
['667']
['325']
['644']
['391']
['741']
['235']
['130']
['775']
['538']
['292']
['63']
['539']
['718']
['618']
['433']
['195']
['589']
['966', '761', '575', '3', '892', '375', '229', '13', '183']
['940']
['544']
['842']
['561']
['367']
['737']
['494', '228']
['342']
['935', '143', '138', '944', '192', '93', '884', '363', '242', '696', '511', '739', '389', '926', '814', '637', '703', '113', '88']
['753']
['365']
['281']
['175']
['962']
['351']
['651']
['684']
['338']
['358']
['681']
['493']
['376']
['330']
['903']
['523']
['840']
['299']
['225']
['57', '843']
['658']
['859']
['816']
['978']
['259']
['826', '607', '872', '577', '981', '788', '964', '277', '619', '211']
['588']
['193']
['728']
['500', '197', '863', '366', '852', '20', '565']
['446']
['949']
['217']
['136']
['129']
['412', '274', '516', '995', '15']
['238']
['670']
['68']
['707']
['176']
['911']
['177', '364']
['373']
['37']
['569']
['564']
['524']
['906']
['6']
['676']
['922']
['715']
['103']
['576']
['383']
['245']
['396']
['776']
['882']
['297']
['878']
['359']
['264']
['52', '499', '56', '608', '127', '102', '142', '456', '543', '312', '841', '326', '800', '996', '286', '520', '848', '650', '854', '283', '913']
['25']
['159']
['87']
['907']
['745']
['301']
['734']
['550']
['819']
['983']
['233', '736']
['137']
['507']
['393']
['72', '492', '956', '609', '269', '824', '165', '804', '332', '189', '81', '163', '160', '377', '680', '838', '276', '356', '581', '388', '253', '497', '998', '546', '560', '592', '812', '675', '96', '662', '717', '206']
['653']
['414']
['454']
['318']
['416']
['145']
['405']
['578']
['932']
['124']
['501']
['946']
['58']
['928']
['766', '321']
['803']
['796']
['820']
['755', '972']
['849']
['815', '435', '518', '355', '232', '699', '654', '427', '582', '909', '833', '961', '722', '795', '86', '487', '874', '341', '404', '335', '793', '742', '719', '471', '633', '708', '988', '141', '61', '26']
['268']
['924']
['813']
['222']
['851']
['748']
['214']
['227']
['486', '300', '120', '549', '402', '850', '174']
['202']
['401']
['612', '307', '806', '554', '673', '419', '447', '805', '971', '128', '263', '876', '236', '131', '758', '870', '596', '133', '545', '636', '818']
['536', '598']
['616']
['11', '266', '977', '548', '65', '711']
['258']
['690']
['154']
['400']
['196']
['810']
['738']
['571']
['954']
['179']
['901']
['933']
['579', '431', '798', '156', '519', '943', '685', '256', '443', '392', '967', '769', '613', '942', '399', '329', '573']
['29']
['969']
['811']
['262']
['70']
['184', '720', '357', '611']
['941']
['864']
['80']
['343']
['305']
['836']
['847']
['205']
['153', '979', '295', '529']
['417']
['21']
['481']
['345']
['921', '890', '476', '771', '595', '4', '525', '630', '59', '429', '51', '459', '181', '240']
['697']
['846']
['194', '465', '521', '947', '631', '634', '151', '485', '904', '445']
['450', '403']
['832']
['166', '693', '542', '580', '799', '912', '992', '186', '526', '687', '167', '255', '470', '30']
['600']
['695']
['221']
['706']
['857']
['691']
['645']
['566', '439', '8', '767', '73', '541', '837', '210', '91', '723', '615', '772', '993', '271', '289', '352', '647', '791', '362', '158', '601', '713', '455', '248', '951', '777', '997', '42', '762', '590']
['934']
['490']
['730']
['220']
['495']
['451', '246']
['853']
['260']
['334']
['973']
['731', '655', '337', '313', '627', '974', '778', '931', '422', '665', '540', '984', '740', '82', '132', '556', '168', '986', '666', '652', '306', '316', '604', '502', '44', '828', '182']
['54']
['390']
['308', '551', '119']
['150']
['910']
['309']
['484']
['43']
['587']
['925']
['620']
['930']
['436']
['897', '547', '287', '104', '773']
['149']
['957']
['856']
['250']
['784']
['985']
['648']
['461', '64', '649', '386', '34', '514', '74']
['980']
['370']
['185']
['261']
['169']
['216']
['743']
['410']
['415']
['463']
['314']
['642']
['522']
['867']
['855']
['75', '430']
['950']
['122']
['315', '55', '756', '714', '632']
['968']
['751']
['660', '786', '473', '760']
['134', '35']
['347']
['672']
['888']
['339']
['686', '659']
['735']
['959', '754']
['319']
['203']
['557']
['320']
['84']
['62']
['426']
['624', '38']
['885']
['279', '785', '479', '293', '593', '449', '36', '7', '862', '774', '794', '594', '472', '23']
['530']
['323']
['482']
['900']
['489', '802', '871', '639', '733', '466', '585', '117', '898', '99', '671', '311', '310']
['750']
['661']
['278']
['626']
['747']
['152']
['599']
['32']
['682']
['780']
['505']
['418']
['835']
['420']
['331']
['423']
['112']
['701', '251', '683', '147', '782', '827']
['118']
['111', '109', '407', '322', '868', '746', '839', '563', '374', '831', '976', '395', '623', '510', '879']
['692']
['173']
['640']
['865']
['621']
['41']
['5']
['958']
['919', '994', '346', '468', '586', '98', '674', '105', '732', '79', '252', '71', '953', '27', '779', '275', '726', '353', '991']
['474']
['9', '729', '999', '939', '381', '625', '448', '506', '76', '610', '744', '92']
['437']
['121']
['434']
['914']
['923']
['285']
['574', '916', '866', '201', '215', '172', '982', '716', '488', '336', '457', '234', '368', '95', '409', '10', '757', '929', '781', '970', '712', '597']
['114']
['513']
['406']
['664', '768']
['298']
['533', '860', '22', '792', '155', '668', '47', '709', '689', '188', '89', '503', '948']
['710']
['562']
['591']
['53']
['379']
['537']
['90']
['45']
['883']
['858']
['424']
['241']
['171']
['413']
['100']
['48']
['559']
['421']
['344']
['123']
['628']
['303']
['763']
['190']
['441']
['371']
['219']
['85', '509']
['385']
['614']
['789']
['797', '349', '115']
['584', '360']
['425', '602', '989', '157', '532']
['282', '178', '891', '328', '555', '247', '725']
['207']
['265']
['224']
['535']
['955']
['361', '288']
['140']
['483', '822', '218', '469', '231', '646', '567', '126', '568', '920']
['965']
['467']
['397']
['212']
['304']
['606']
['464']
['243']
['97']
['478']
['226']
['927']
['656', '905', '204', '498', '834', '257', '340', '382', '801', '945', '170']
['844']
['39']
['0']
['512']
['727']
['617']
['78']
['669']
['638', '908']
['896']
['960']
['460']
['106']
['938']
['694']
['17']
['444', '110', '284']
['886']
['270']
['33', '387', '491']
['46']
['14']
['398']
['635']
['808']
['94']
['702']
['440']
['787']
['517', '83', '873', '622', '825', '249', '452', '531', '144', '432', '69', '350', '146', '12', '302', '698', '553', '528', '770', '19', '162', '28']
['749']
['291']
['823']
['663']
['783']
['527']
['290']
['317']
['369']
['936']
['724']
['199']
['987', '679']
['348']
['829', '40']
['641', '759']
['67']
['411']
['558']
['384']
['16']
['963']
['790']
['294', '480', '688']
['267']
['125']
['899']
['244']
['629']
['223']
['372']
['161']
['477']
['191', '534']
['817', '705', '462', '50', '895', '915', '894', '296', '1', '209', '765', '845', '380', '875', '200']
['354', '31']
['889']
['180']
['504']
['583']
['230']
['135']
['861']
['428', '333', '49', '475', '453', '902']
['458']
['394']
['239']
['678']
['869']
['237']
['975']
['880']
['198']
['213']
['442']
['990']
['508']
['893']
['570']
['187']
['821']
['24']
['107']
['830']
['704']
['60']
['752']
['324']
['77']
['280']
['254']
['952', '605']
['643']
['327']
['139']
['677']
