['264', '291', '69', '0', '771', '91', '311', '920', '720', '439', '963', '736', '529', '916', '106', '344', '56', '890', '561', '405', '791', '404', '947', '761', '254', '488']
['355', '498', '851', '59', '342', '549', '938', '544', '228', '682', '292', '735', '131', '873', '536', '658', '691', '181', '114', '455', '687', '688', '835', '274', '832', '63', '796', '332', '949', '510', '850', '607', '878', '84', '908', '794', '886', '970', '743', '13', '989', '97', '853']
['180', '579']
['696', '867', '208', '167', '448', '121']
['21', '821', '146', '681', '394', '262', '157', '93', '378', '345', '592', '599', '478', '984']
['12']
['570', '904', '838', '534', '988', '730', '763', '770', '896', '569', '432', '62', '523', '364', '815', '139', '402']
['25', '911', '441', '882', '874', '673', '162', '765', '487', '484', '14', '197', '384', '881', '358', '706', '751', '15', '740', '583', '710', '952', '596', '741', '827', '941', '462', '531', '758']
['663', '643', '260', '111', '183', '430', '684', '525', '541', '140', '950', '297', '452', '164', '799', '844', '518', '532', '719']
['338', '776', '810', '309', '979', '211', '269']
['123', '939', '90', '909', '797', '893', '629', '295', '998', '670', '971', '109', '711', '219', '725', '204', '861', '415']
['410', '885', '170', '613', '117', '880', '676', '77', '888', '669', '972', '642', '158', '414', '657', '507', '819', '319', '255', '265', '744', '124', '313', '36']
['354', '153', '299', '833', '772', '189', '954', '459', '811', '903', '276', '953', '795', '251', '244', '980']
['789', '806', '504', '551', '990', '755', '774', '225', '707', '107', '294', '64']
['593', '926', '497', '921', '57', '655', '147', '630', '883', '316', '626', '872', '759', '946', '315', '247', '948', '992', '143', '622', '945', '940']
['361', '474', '79', '697', '701', '502']
['470', '318', '825', '212', '248', '39', '649', '515', '891', '113', '749', '75', '70', '955', '574']
['243', '326', '621', '351', '731', '960', '35', '396', '981', '480', '640', '597', '431', '126', '268', '986', '690', '849', '397', '322', '951', '937', '936', '81', '548']
['973', '698', '356', '336', '24', '271', '22', '457', '678', '100', '296', '172', '137', '41', '373', '142', '190', '427', '876', '739', '449', '994', '780', '764', '760', '226', '933']
['837', '360', '386', '600', '213', '419', '804', '729', '997', '483', '781', '73', '308', '969', '779', '417', '220', '935', '282', '128', '284', '870']
['343', '352', '303', '277', '805', '991', '814', '283', '298', '704', '905', '19', '149', '802']
['639', '727', '505', '314', '614', '18', '7', '250', '625', '334', '809', '679', '930', '976', '859', '840', '102', '42', '598', '460', '239', '646']
['429', '807', '709', '337', '422', '892', '823', '520', '705', '333', '547', '108', '680', '961', '792', '966']
['554', '390', '198', '371', '29', '425', '748', '366', '273', '559', '327', '72', '831', '249', '836', '324', '632', '10', '959', '385', '767', '925']
['433', '627', '54', '253', '514', '363', '411', '339', '245', '742', '702']
['235', '83', '664', '932', '127', '400', '456', '171', '437', '216', '667', '472', '822', '868', '86', '962', '175', '931', '272']
['446', '160', '762', '266', '974', '177', '458', '602', '616', '915', '392', '552', '857', '191', '45', '858', '144', '444', '862', '424', '747', '879', '129', '120', '499', '240', '290', '116', '624', '778', '388', '66', '65', '571', '161', '712', '492', '27', '48', '677', '154', '656', '606']
['33', '52', '675', '660', '26', '187', '917', '647', '477', '223', '829', '726', '443', '668', '485', '43', '856', '653', '94']
['215', '370', '222', '2', '526', '611', '468', '195', '241', '699', '134', '721', '438', '577', '528', '218', '259', '944', '902', '61']
['233', '738', '728', '152', '44', '368', '451', '200', '169', '757']
['968', '375', '533', '674', '852', '132', '509', '775', '942', '369', '834', '594', '722']
['927', '812', '1', '683', '633']
['151', '923', '238', '843', '347', '210', '88', '521', '790', '301', '565', '582', '610', '263', '847', '753', '182', '506', '715']
['620', '608', '321', '178', '99', '587', '693', '469', '558', '323', '49', '413', '517', '993', '965', '156', '672', '47', '750', '588', '101', '746', '898', '841', '159']
['67', '631', '860', '665', '278', '78', '467', '575', '380', '193', '307', '914', '820', '618']
['644', '227', '550', '163', '165', '312', '234', '185', '454', '275', '401', '800', '230', '293', '578', '20', '567', '207', '601', '585', '619', '46', '501', '813', '155', '846', '58', '543', '166', '148', '145']
['854']
['461', '566', '513', '346', '519', '194', '524', '609', '546', '839', '237', '232', '267', '105', '186', '530', '85', '542', '466']
['777', '486', '516', '37', '442', '996', '463', '9', '604', '288', '734', '465', '38', '289', '788', '60', '871', '924', '538', '179', '150', '537', '304', '184', '287', '82', '864', '648', '808', '450', '723', '906', '221', '928', '416', '246', '654', '671']
['752', '563', '581', '256', '865', '306', '89', '897', '383', '695', '685', '568', '943', '286', '848', '580', '783']
['381', '666', '912', '423', '845', '236', '910', '224', '387', '591', '440', '773', '447', '214', '428']
['769', '168', '934', '956', '895', '967', '199', '489', '435', '300', '539', '522', '242', '399', '136', '641', '310', '589', '426', '8', '23', '877', '176', '692']
['122', '365', '340', '689']
['17', '119', '320', '420', '855', '732', '784', '53', '716', '325', '11', '562', '494', '125', '68', '115', '803', '535', '196', '586', '964', '133', '553', '475', '545', '382', '50', '766', '408', '863', '572', '377']
['407', '357', '173', '982', '527', '745', '331', '785', '889', '907', '141', '112', '362', '995', '258', '270', '714', '756', '138', '104', '985', '5', '481', '205', '573', '503', '471']
['798', '875', '612', '957', '6', '257']
['32', '830', '818', '389', '350', '229', '261', '135', '787', '406', '500', '217', '231', '374', '395', '87', '782', '421', '900', '508', '999', '280', '842']
['564', '512', '786', '737', '901', '635', '376', '330', '16', '958', '110', '694']
['209', '490', '495', '560', '590', '4', '659', '768', '913', '403', '793', '341', '623', '703', '418', '281', '634', '817', '733', '479', '305', '828', '74', '367', '636', '650', '434', '718', '652', '71', '409', '252', '188', '615', '922', '918', '978', '34', '473', '975', '98']
['372', '603', '826', '584', '496', '201', '317', '391', '686', '349', '92', '540', '118', '453', '329', '40', '31', '30', '28', '76']
['476', '3', '801', '617', '335', '866', '661', '595', '556', '557', '899', '279', '412', '359', '708', '511', '202', '576', '628', '174', '491', '379', '493', '398', '96', '894', '987', '869', '95', '713', '464', '51', '645', '203', '887', '285', '724', '436', '637', '55', '700', '192', '884', '638', '605', '824', '651', '206', '816', '353', '482', '328', '302', '103', '983', '717', '977', '555', '80', '929', '130', '919', '348', '445', '393', '754', '662']
