['900', '866', '358', '579', '369', '1', '959', '949', '464', '504', '994', '68', '507', '761', '64', '823', '887', '34', '686', '20', '267']
['490', '269', '511', '165', '392', '638', '986', '141', '592', '954', '659', '253', '460', '118', '300', '336', '620', '234', '79', '644', '473']
['611', '545', '470', '263', '235', '338', '873', '277', '708', '261', '934', '191', '124', '978', '719', '738', '993', '865', '51', '619', '354']
['509', '582', '24', '598', '202', '964', '286', '404', '245', '785', '913', '406', '210', '904', '831', '836', '872', '703', '471', '927', '58', '791', '14', '276']
['871', '432', '946', '477', '258', '227', '567', '528', '710', '518', '96', '275', '538', '7', '508', '974', '318', '451', '137', '653', '941', '814', '495', '673', '660']
['10', '648', '835', '152', '173', '244', '140', '897', '196', '327', '657', '797', '581', '812', '39', '447', '87', '666', '695', '437', '445', '308']
['236', '344']
['580', '331']
['239', '112', '115', '822', '693', '591', '747', '523', '170', '945', '917', '175', '248', '924', '631', '535', '858']
['180', '178', '43', '784', '295', '512', '704', '981', '293', '463', '972', '737', '859', '183', '626', '169', '769', '44', '952', '328', '145', '731', '283']
['587', '810', '985', '808', '301', '886', '365', '762', '650', '910', '594', '409', '131', '727', '139', '815', '987', '113', '691', '743', '199', '198', '11']
['759', '612', '237', '805', '851', '122', '788', '944', '379', '393', '898', '515', '95', '453', '600', '966', '973', '111', '982', '46', '70', '557', '42', '71', '595']
['824', '281', '207', '325', '193', '563', '483', '765', '201', '403', '345', '550', '947', '225', '651']
['734', '868', '860', '15', '479', '166', '41', '395', '493', '310', '792', '547', '807', '622', '61', '643', '895', '506', '609', '398', '574', '373', '878', '457', '794']
['376', '367', '211', '892', '426', '412', '998', '780', '290', '405', '906', '730', '928', '534', '272', '781', '961', '372', '677', '90']
['488', '6', '714', '347', '918', '368', '467', '971', '510', '682', '36']
['614', '820', '942', '717', '450', '696', '649', '241', '98', '882', '444', '52', '321', '119', '309', '790', '429', '775', '641', '938', '935', '266', '18', '410', '789']
['167', '768', '842', '909', '486', '492', '694', '249', '487', '271', '588', '72', '40']
['752', '13', '305', '905', '491', '302', '448', '288', '330', '697', '232', '280', '980', '335', '29', '329', '135', '991', '480', '168', '273', '242', '88', '4', '31']
['870', '546', '259', '602', '656', '883', '521', '901', '645', '932', '163', '422', '968', '801', '217', '782', '66', '223', '544', '559', '441', '402', '503', '219']
['315', '623', '819', '888', '668', '391', '753', '294', '786', '627', '999', '82', '857', '455', '930', '566', '700', '519', '468', '110', '722', '215', '226', '540']
['665', '777', '316', '423', '461', '203', '555', '552', '634', '940', '355', '53', '413', '829', '572', '770', '720', '745', '502', '637', '428', '613']
['992', '73', '890', '352', '364', '161', '861', '725', '632', '937', '126', '387', '200', '172', '713', '47', '585', '446', '195', '230', '706']
['590', '575', '256', '425', '221', '81', '89', '439', '28', '997', '796', '764', '670', '844', '2', '454', '158', '902', '420', '285', '724', '683', '104', '778', '553']
['162', '774', '431', '132', '825', '427', '652', '371', '417', '664', '663', '526', '105', '181', '128', '728', '951', '787', '229', '147', '593', '252', '916', '856', '571']
['837', '577', '852', '915', '438', '21', '278', '222', '687', '12', '77', '478', '418', '377', '955', '676', '541', '55', '233', '929']
['615', '400', '340', '532', '146', '616', '843', '456', '821', '751', '144', '482', '802', '933', '922', '304', '339', '60', '284', '176', '948', '63']
['500', '214', '733', '151', '349', '127', '499', '312', '8', '826', '681', '692', '3', '709', '85', '539', '323', '989', '658', '672', '469', '430', '628', '171', '841']
['830', '101', '264', '583', '69', '977', '667', '847', '908', '630', '86', '560', '459', '356', '522', '688']
['108', '407', '662', '62', '433', '383', '476', '853', '767', '543', '209', '246', '795', '333', '421', '931', '154', '208', '498', '669', '353', '950']
['921', '635', '361', '525', '803', '380', '187', '370', '685', '646', '291', '633', '862', '754', '360', '565', '357', '726', '975', '855', '740', '877', '756', '624', '601']
['129', '80', '57', '415', '912', '386', '317', '621', '958', '848', '30', '809', '903', '758', '174', '240', '121', '647', '549', '114', '806', '899', '684', '827', '49']
['157', '466', '671', '408', '218', '388', '715']
['231', '307', '558', '569', '414', '143', '156', '462', '584', '739', '136', '125', '891', '485', '854', '914', '481', '527', '957', '896', '513', '436', '943']
['735', '920', '640', '384', '103', '297', '102', '990', '750', '497', '680', '78', '334']
['255', '76', '298', '109', '576', '967', '23', '969', '268', '911', '939', '962', '674', '880', '67', '130', '965', '382', '37', '440', '884', '401', '501', '894', '963']
['204', '265', '489', '625', '205', '832', '573', '811', '0', '505', '238', '561', '381', '699', '27', '783', '91', '556', '863', '568', '578', '869', '159']
['313', '292', '606', '397', '639']
['362', '116', '363', '475', '26', '603', '188', '449', '45', '134', '224', '907', '149', '818', '716', '564', '960', '33']
['995', '75', '554', '399', '926', '320', '956', '390', '319', '343', '394', '279', '813', '322', '828', '799', '254', '351', '607', '678', '94', '374']
['617', '604', '702', '636', '723', '106', '332', '120', '160', '520', '876', '536', '443', '705', '274', '206', '542', '54', '849', '190', '185', '596', '936', '100']
['97', '474', '763', '260', '192', '213', '419', '424', '654', '212', '840', '773', '32', '867', '337', '629', '442', '35', '366', '341', '533', '845', '551', '434']
['150', '117', '65', '484', '562', '798', '452', '996', '531', '243', '153', '655', '772', '804', '296', '216', '514', '179', '816', '800']
['396', '133', '22', '5', '435', '570', '299', '38', '306', '642', '605', '925', '833', '107', '661', '411', '742', '729']
['776', '385', '50', '701', '599', '350', '83', '893', '718', '472', '48', '56', '177', '817', '889']
['885', '760', '608', '984', '793', '251', '228', '983', '416', '220', '834', '530', '766', '755', '879', '186', '707', '19', '303', '84', '138', '721', '529', '289', '537']
['976', '378', '690', '247', '732', '342', '92', '548', '589', '679', '348', '194', '17']
['123', '979', '262', '326', '516', '779', '458', '741', '524', '148', '711', '189', '311', '746', '25', '757', '689', '748', '970', '142', '597', '282', '846', '270', '850']
['610', '375', '16', '923', '988', '875', '287', '9', '164', '250', '749', '155', '465', '919', '771', '494', '839', '197', '712', '736', '324']
['93', '182', '881', '874', '59', '618', '838', '346', '744', '517', '389', '675', '586', '359', '953', '184', '257', '99', '314', '864', '698', '74', '496']
