['639', '233', '684', '162', '344', '588', '43', '18', '243', '745', '790', '443', '119', '266', '214', '597', '387', '358', '57', '769', '106', '577', '389', '557', '435', '294', '349', '246', '658', '509', '343', '410', '479', '299', '273', '149', '793', '751', '379', '771', '143', '621', '94', '254', '666', '181', '776', '498', '611', '704']
['393', '48', '292', '700', '787', '580', '616', '482', '361', '449', '500', '492', '169', '441', '744', '89', '226', '605', '312', '808', '474', '311', '604', '218', '446', '327', '457', '194', '506', '84', '290', '208', '515', '820', '6', '579', '592', '382', '240', '147', '770', '24', '245', '287', '177', '767', '719', '333', '212', '376']
['204']
['783', '699', '229', '743', '829', '792', '244', '14', '129', '529', '174', '372', '553', '338', '757', '663', '302', '759', '630', '391', '697', '7', '761', '727', '293', '686', '128', '643', '153', '263', '434', '96', '454', '610', '838', '298', '772', '385', '662', '525', '466', '332', '560', '561', '649', '269', '52', '717', '352', '183']
['741']
['830']
['127', '622', '460', '541', '705', '21', '152', '275', '248', '527', '760', '34', '695', '586', '412', '271', '737', '216', '47', '330', '241', '544', '155', '660', '200', '416', '495', '178', '328', '39', '777', '163', '413', '765', '423', '51', '130', '116', '440', '794', '316', '813', '319', '86', '63', '726', '179', '196', '669', '600']
['631']
['797', '508', '267', '30', '26', '582', '348', '488', '422', '782', '533', '681', '386', '799', '490', '636', '91', '796', '107', '444', '724', '371', '65', '502', '71', '445', '806', '487', '696', '322', '230', '536', '42', '837', '351', '215', '497', '111', '518', '12', '363', '108', '90', '1', '103', '282', '659', '710', '832', '685']
['366']
['198']
['189']
['655']
['182']
['671']
['167']
['295']
['539', '50', '462', '173', '168', '165', '231', '279', '29', '516', '44', '576', '735', '689', '320', '609', '650', '619', '747', '315', '554', '615', '306', '146', '505', '75', '403', '746', '624', '360', '170', '301', '234', '136', '199', '547', '175', '280', '578', '225', '496', '708', '448', '522', '534', '33', '150', '114', '483', '512']
['779']
['148', '87', '79', '774', '545', '201', '433', '58', '734', '550', '400', '815', '126', '736', '491', '249']
['55']
['318', '712', '131', '160', '739', '766', '257', '0', '138', '563', '809', '762', '145', '455', '260', '81', '450', '83', '381', '80', '548', '672', '828', '789', '575', '472', '141', '513', '667', '786', '680', '833', '835', '478', '383', '53', '542', '122', '612', '625', '800', '831', '537', '195', '499', '219', '16', '394', '437', '95']
['427']
['817', '78', '420', '722', '565', '278', '824', '549', '559', '64', '362', '465', '698', '464', '259', '494', '342', '137', '594', '13', '207', '370', '461', '45', '17', '543', '807', '802', '481', '617', '291', '447', '77', '598', '236', '217', '493', '407', '562', '2', '399', '354', '827', '296', '67', '804', '28', '321', '417', '452']
['707', '572', '317', '365', '305', '596', '595', '37', '438', '633', '375', '504', '778', '647', '839', '409', '369', '814', '620', '675', '202', '277', '32', '713', '690', '238', '261', '475', '158', '340', '210', '56', '74', '442', '731', '211', '324', '656', '223', '567', '334', '628', '191', '272', '683', '711', '206', '101', '140', '408']
['303', '252', '156', '593', '118', '164', '484', '569', '209', '35', '41', '92', '581', '468', '652', '679', '3']
['115']
['172']
['220']
['31']
['646', '822', '228', '818', '5', '627', '521', '19', '142', '507', '768', '264', '402', '187', '607', '788', '283', '415', '748', '185', '429', '171', '651', '821', '756', '514', '640', '395', '657', '426', '606', '749', '73', '222', '524', '401', '755', '601', '709', '285', '331', '224', '718', '265', '470']
['69', '531', '740', '520', '590', '313', '773', '205', '59', '346', '720', '637', '632', '738', '237', '406', '154', '25', '608', '345', '540', '82', '62', '750', '791', '535', '109', '411', '469', '571', '642', '678', '159', '46', '235', '350', '676', '585', '752', '810', '335', '723', '702', '485', '501', '374', '373', '255', '613', '453']
['66']
['753', '785', '353', '692', '192', '476', '176', '517', '556', '458', '213', '405', '463', '834', '384', '102', '486', '421', '503', '552', '532', '618', '197', '300', '166', '135', '203', '641', '341', '139', '356', '161', '304', '4', '530', '404', '459', '780', '701', '471', '76', '703', '377', '157', '132', '9', '323', '100', '626', '436']
['551']
['733']
['763']
['523']
['88']
['247']
['682', '134', '325', '326', '378', '10', '775', '428', '110', '188', '784', '691', '125', '555', '661', '256', '730', '49', '558', '629', '392', '584', '654', '819', '456', '430', '258', '634', '112', '289', '673', '674', '742', '519', '93', '288', '99', '104', '419', '721', '314', '564', '121', '276', '184', '68', '758', '635', '528', '425']
['270', '714', '151', '97', '816', '308', '36', '805', '812', '390', '693', '414', '439', '706', '825', '473', '653', '826', '801', '397', '359', '124', '538', '803', '250']
['27']
['566']
['367', '583', '836', '297', '798', '251', '61', '811', '133', '186', '54', '85', '451', '262', '668', '573', '644', '144', '489', '764', '687', '70', '72', '431', '15', '355', '477', '380', '8', '396', '281', '729', '253', '11', '638', '728', '623', '337', '105', '589', '599', '368', '418', '120', '364', '38', '23', '113', '284', '347']
['98', '190', '781', '754', '357', '645', '602', '193', '309', '310', '467', '227', '614', '60', '823', '432', '398', '510', '715', '648', '117', '574', '670', '732', '795', '388', '546', '526', '329', '221', '688', '242', '22', '591', '180', '677', '570', '725', '339', '274', '239', '123', '307', '286', '587', '664', '694', '232', '603', '511']
['40', '268', '480', '20', '716', '336']
['568']
['665']
['424']
