['895']
['83', '524', '158', '793', '735', '533', '842', '115', '17', '575', '409', '312']
['178']
['438', '940', '672', '413', '334', '70', '889', '666', '172', '320', '484', '317', '442', '106', '635', '852', '293', '439', '493', '538', '140', '261', '934', '100', '429', '204', '291', '511', '422', '813', '221', '143', '905']
['128', '187', '57', '691', '203', '19', '103', '844', '28', '518', '595', '55', '354', '504', '677', '342', '425', '15', '186', '75', '233', '772', '888', '501', '615', '587', '876', '611', '166', '630', '509', '732', '412', '679', '512', '110', '470', '50']
['583', '266']
['525']
['619', '868', '265', '126', '462', '234', '662', '479', '704', '808', '79', '257', '197', '557', '528', '757', '97', '125', '74', '550', '792', '138', '405', '855', '451', '218', '307', '468', '787', '394', '711', '676', '238', '195', '553', '213', '899', '403', '467', '69', '91', '7', '810', '476', '668', '478', '441', '206', '798', '859', '774', '823', '597', '374', '248', '581', '782', '51', '914', '837']
['452', '585', '960', '669', '68', '485', '791', '863', '953', '237', '606', '433', '864', '838', '309', '629', '558', '347', '368', '739', '458', '228', '816', '574', '804', '256', '858', '300', '834', '131', '105', '742', '157', '446', '661', '219', '372', '941', '330', '61', '610', '322', '835', '11', '892', '648', '814', '21', '622', '624', '243', '572', '943', '205', '0', '499', '749', '890', '483', '602', '718']
['435', '174', '482', '546', '721', '160', '259', '874', '527', '340', '714', '5', '116', '894', '377', '593', '39', '939', '326', '390', '371', '631', '29', '654', '507', '646', '750', '949', '815', '454', '805', '3', '531']
['812', '871', '18', '956', '171', '947', '289', '959', '492', '154', '142', '709', '447', '345', '78', '304', '268', '613', '416', '694', '917', '819', '486', '658', '556', '267', '84', '802', '177', '925', '251', '783', '938', '771', '765', '539', '411', '577', '667', '361', '789', '830', '404', '214', '647', '707', '537', '258', '232', '683', '727', '603', '932', '923', '929', '609', '263', '353', '930', '4']
['481', '23', '744', '240', '638', '104', '14', '337', '235', '847', '357', '302', '107', '893', '777', '827', '570', '628', '121', '497', '785', '81', '950', '45', '183', '780', '724', '370', '612']
['928', '389', '336', '120', '88', '173', '561', '913', '286', '937', '127', '689', '848', '246', '636', '471', '135', '188', '465', '728', '362', '745', '285', '77']
['627', '295', '781', '58', '472', '722', '578', '382', '605', '832', '884', '457', '297', '119', '375', '6', '883', '523', '152', '93', '882', '123', '194', '211', '498', '699', '534', '82', '862', '891', '108', '540', '327', '170', '49', '826', '496', '500', '13', '406', '44', '9', '292', '156', '426', '323', '350', '621', '282', '212', '515', '896', '176', '651', '66', '652', '655', '86']
['846', '801', '27', '341', '692', '688', '217', '517', '96']
['489']
['351', '38', '109', '933', '276', '494', '857', '870', '431', '818', '954', '513', '719', '141', '490', '255', '378', '620', '420', '333', '112', '391', '32', '902', '216', '659', '407', '76', '767', '440', '92', '686', '464', '542', '541', '860', '332', '408', '151', '271', '277', '487', '113', '752', '355', '223', '164', '716']
['287', '942', '434', '222', '179', '33', '840', '41', '230', '264', '674', '20', '549', '909', '607', '645', '367', '85', '130', '829', '175']
['568', '554', '516', '642', '284', '850', '836', '208', '56', '922', '584', '730', '715', '644', '705', '321', '366', '335', '536', '918', '62', '897', '726', '102', '508', '548', '872', '821', '637', '90', '675', '64']
['653', '514', '747', '906', '139', '288', '201', '811', '839', '239', '944', '845', '129', '650', '660', '254', '809', '861', '761', '153', '720', '762', '444', '833', '776', '385', '632', '579', '117', '916', '25', '797', '822', '773']
['903', '209', '344', '443', '95', '924', '693', '625', '678', '731', '623', '474', '165', '163', '448', '616', '136', '459', '145', '424', '729', '189', '260', '831', '687', '445', '784', '324', '380', '379', '701', '150', '149', '8', '22', '196', '614', '94', '643', '926', '364', '1', '313', '849', '329', '588', '758', '697', '26', '137', '569', '199', '898', '303', '43', '748', '477', '706']
['250', '236', '338', '398', '316', '641', '867', '817', '365', '423', '545', '247', '53', '427', '551', '564', '908', '639', '754', '755', '36', '725', '184', '710', '594', '565', '101', '10', '503', '87', '122', '535', '875', '712', '272', '740', '343', '124', '463', '769', '681', '245', '590', '352', '167', '387', '99', '182', '349', '663', '547', '384', '111', '682', '634', '873', '734', '843', '912', '301', '59']
['529', '325', '690', '252', '461', '430', '604', '770', '328', '664', '308', '363', '582', '24', '278', '522', '475', '450', '133', '907', '356', '877', '89', '469', '169', '415', '290', '945', '680', '532', '521', '881', '573', '181', '495', '311', '566', '34', '159', '226', '491', '305', '270', '807', '227', '856', '393', '824', '552', '190', '220', '437', '708', '397', '168', '657', '763', '192', '919', '279', '746']
['673']
['395', '768', '736', '148', '72', '185', '684', '400', '67', '519', '231', '670', '880', '274', '388', '215', '955', '456', '410', '794', '225', '952', '790', '280', '436', '656', '626', '35', '241', '299', '592', '331', '743', '799', '600', '417', '921', '586', '396', '161', '348', '73', '310', '617', '910', '702', '935', '764', '596', '640', '132', '52', '318', '851', '948', '281', '759', '698', '563', '283']
['294', '562', '589', '951', '193', '418', '381', '591', '820', '544', '803', '904', '571', '828', '795', '825', '685', '733', '399', '567', '695', '249', '54', '737', '207', '147', '608', '42', '756', '60', '298', '273', '40', '696', '144', '555', '946', '633', '879', '543', '473', '80', '775', '911', '713', '703', '853', '786', '466', '488', '46', '210', '778', '306', '866', '414', '346', '900', '118', '31']
['275']
['2', '460', '455', '191', '526', '576', '319', '878', '717', '520', '854', '229', '428', '766', '869', '502', '369', '360', '920', '47', '114', '359', '560', '665', '155', '885', '314', '800', '723']
['198', '599', '957', '510', '559', '401', '373', '506', '901', '202', '751', '618', '738', '453', '841', '806', '162', '796', '358', '180', '392', '48', '16']
['886']
['134', '505', '296', '598', '931', '244', '760', '146', '71', '788', '649', '580', '30', '601', '339', '63', '915', '927', '753', '865', '200', '671', '37', '432', '402', '242', '700', '887', '480', '530', '253', '98', '741', '262', '421', '386', '936', '315', '224', '269', '65', '958', '779', '449', '12', '383', '376', '419']
