['14']
['585', '740', '929', '427', '660', '501', '520', '302', '313', '718', '652', '301', '128', '423', '372', '746', '345', '661', '983', '55', '373', '360', '5', '886', '814', '271', '288', '52', '772', '21', '989', '686', '74', '115', '130', '237', '201', '956', '720', '804', '203', '487', '513', '455', '248', '550', '823', '408', '483', '390', '400', '966', '937', '698', '331', '362', '893', '986', '433', '506', '638', '281', '734', '534']
['176']
['706', '92']
['180', '768', '910', '649', '798', '273', '874', '129', '20', '65', '581', '981', '892', '127', '944', '104', '305', '6', '172', '935', '174', '15', '314', '841', '558', '757', '478', '181', '467', '89']
['142', '7', '522', '378', '135', '753', '153', '297', '242', '663', '256', '968', '465', '42', '158', '568', '780', '187', '828', '461', '510', '860', '110', '447', '556', '752', '8', '177', '511', '905', '940', '51', '824', '45', '476', '322', '880', '9', '819', '528', '748', '761', '443', '352', '900', '228', '387', '343', '431', '899', '781', '469', '977', '488', '202', '859', '475', '512', '173', '86', '19', '624', '852', '441']
['815']
['672', '827', '227', '840', '296', '157', '569', '674', '545', '519', '917', '908', '961', '60', '33', '424', '945', '283', '357', '164', '499', '198', '850', '771', '429', '145', '452', '143', '656', '799', '943', '243', '993', '189', '269', '952', '620', '312', '849', '619', '951', '28', '979', '591', '941', '808', '405', '377', '442', '82', '703', '589', '96', '383', '287', '535', '769', '13', '457', '552', '147', '336', '368', '263']
['280']
['773', '889', '498', '94', '230', '615', '117', '502', '599', '813', '215', '214', '356', '875', '980', '53', '747', '321', '572', '2', '268', '232', '309', '284', '712', '191', '710', '982', '186', '425', '211', '559', '149', '30', '64', '505', '329', '249', '631', '897', '40', '367', '466', '750', '36', '767', '684', '261', '975', '26', '969', '299', '839', '77', '641', '728', '315', '364', '846', '388', '334', '41', '233', '340']
['590']
['816']
['716', '788', '625', '580', '651', '88', '354', '426', '529', '611', '446', '479', '960', '428', '525', '205', '763', '573', '843', '328', '508', '81', '878', '76', '303', '742', '34', '412', '316', '346', '915', '616', '25', '366', '293', '325', '628', '644', '958', '707', '879', '588', '578', '178', '266', '397', '209', '891', '972', '861', '440', '279', '150', '533', '630', '253', '898', '477', '124', '931', '496', '538', '647', '613']
['947']
['136']
['903', '925', '676', '3', '738', '341', '962', '745', '766', '289', '419', '794', '546', '834', '902', '784', '854', '691', '848', '762', '924', '327', '743', '927', '795', '22', '85', '332', '990', '416', '829', '482', '907', '307', '856', '916', '107', '168', '922', '308', '609', '882', '939', '75', '622', '439', '665', '807', '623', '959', '363', '553', '978', '679', '677', '642', '246', '470', '134', '112', '265', '800', '518', '688']
['298']
['16', '375', '967', '90', '184', '292', '67', '946', '220', '159', '114', '409', '888', '70', '831', '323', '871', '883', '103', '401', '970', '118', '166', '381', '744', '603', '749', '751', '820', '997', '380', '259', '163', '49', '964', '936', '252', '963', '11', '384', '565', '417', '865', '277', '132', '911', '595', '185', '812', '38', '920', '567', '555', '210', '954', '473', '199', '842', '290', '544', '664', '948', '633', '818']
['721', '864', '541', '458', '225', '715', '974', '563', '29', '821', '306', '386', '726', '454', '733', '100', '35', '736', '741', '775', '485', '481', '845', '675', '17', '973', '685', '122', '222', '275', '361', '913', '754', '662', '782', '239', '636', '32', '817', '517', '435', '680', '260', '182', '765', '634', '98', '46', '497', '885', '711', '490', '167', '63', '770', '402', '392', '111', '294', '4', '262', '950', '579', '480']
['884', '863', '337', '282', '448', '195', '607', '618', '855', '777', '576', '627', '404', '857', '806', '621', '667', '57', '69', '658', '403', '912', '575', '678', '139', '80', '801', '682', '692', '702', '43', '320', '255', '407', '933', '213', '847', '826']
['617', '272', '326', '877', '539', '235', '169', '31', '141', '906', '59', '872', '657', '226', '776', '188', '349', '732', '985', '537', '73', '190', '131', '729', '398', '121', '391', '783', '192', '673', '396', '138', '68', '654', '10', '531', '394', '389', '229', '938', '335', '245', '583', '24', '560', '370', '204', '464', '179', '822', '696', '561', '234', '12', '451', '99', '148', '608', '836', '218', '155', '562', '527', '338']
['317', '379', '570', '108', '486', '554', '643', '48', '460', '421', '62', '444', '690', '700', '987', '231', '586']
['137', '670', '78', '406', '286', '437', '714', '669', '830', '413', '500', '515', '250', '236', '786', '887', '410', '278', '319', '219', '705', '681', '648', '713', '348', '904', '557', '170', '614', '318', '612', '921', '735', '671', '811', '909', '918', '810', '727', '543', '789', '867', '792', '514', '760', '934', '597', '47', '223', '66', '291', '928', '655', '582', '791', '58', '868', '601', '992', '584', '756', '955', '492', '965']
['564', '730', '146', '790']
['803', '592', '494', '463', '594', '247', '779', '645', '93', '156', '953', '596', '374', '84', '890', '787', '602', '491', '371', '548', '725', '399', '445', '695', '415', '774', '300', '914', '809', '988', '637', '551', '61', '347', '95', '593', '932', '358', '851', '833', '119', '659', '200', '206', '926', '23', '566', '666', '509', '984', '701', '722', '54', '919', '411', '116', '267', '194', '456', '991', '224', '971', '152', '646']
['639', '873', '330', '876', '495', '471', '653', '87', '717', '759', '923', '894', '536', '97', '270', '0', '254', '632', '430', '462', '699', '697', '530', '764', '355', '342', '105', '144', '376', '1', '574', '719', '635', '344', '208', '668', '862', '101', '793', '285', '27', '274', '942', '171', '526', '436', '694', '683', '385', '731', '162', '994', '755', '420', '957', '901', '708', '276', '976', '758', '264', '365', '805', '869']
['493', '382']
['37']
['996']
['895', '113', '844', '339', '450', '516', '196', '333', '507', '393', '523', '930', '434', '212', '438', '739', '125', '489', '693', '547', '120', '310', '704', '160', '709', '106', '600', '79', '453', '503', '432', '629', '468', '650', '687', '295', '542', '837', '71', '238', '50', '472', '524', '949', '737', '606', '216', '154', '832', '56', '474', '598', '72', '258', '395', '102', '459', '175', '640', '251', '853', '571', '418', '350']
['123', '605', '140', '577', '995', '785', '999', '521', '422', '109', '838', '197', '835', '484', '244', '304', '724', '778', '604', '91', '723', '241', '353', '133', '797', '689', '540', '796', '449', '532', '126', '207', '626', '83', '504', '193', '998', '802', '414', '870', '18', '311', '240', '161', '549', '369', '39', '587', '610', '881', '896', '44', '359', '165', '221', '217', '183', '866', '351', '825', '257', '858', '151', '324']
