['851', '485', '212', '294', '313', '398', '448', '513', '466', '588', '464', '2', '834', '842', '317', '841', '211', '327', '604', '252', '882']
['798', '518', '203']
['302', '901', '86', '911', '648', '68', '101']
['441']
['848', '344', '558', '964', '746', '83', '369']
['483', '742']
['946', '646', '760']
['528']
['782', '505', '625']
['977']
['892', '919', '266']
['710', '248', '816', '639']
['386']
['749']
['908']
['108', '335', '507', '45', '801', '832']
['678', '704', '78', '510', '912']
['873']
['624', '762', '687', '0', '807', '761', '718', '619', '494']
['449', '20', '677']
['218']
['790', '439']
['257']
['202', '487', '217']
['969', '550', '751']
['530']
['657', '182']
['736', '343', '545', '260']
['937', '839', '622']
['773', '748', '847', '89', '674']
['963']
['106']
['898', '665']
['419', '714', '995', '164', '759']
['331', '334']
['573', '467', '312']
['894', '771', '84', '225', '837', '634', '757']
['777', '984', '899', '572', '863', '227']
['814', '574', '366', '535']
['224']
['160']
['978', '540']
['867', '859', '463', '967']
['426', '438']
['927', '63', '407']
['207', '942']
['930']
['399', '270', '174']
['75', '233', '631']
['193', '823']
['797', '721', '422', '799']
['405', '789', '347', '656']
['469', '188', '958']
['765']
['840']
['269']
['936', '740', '307', '941', '868', '850']
['351', '689', '275', '914']
['363', '599', '244']
['812', '288']
['856', '454', '691']
['649', '744']
['402', '618']
['413', '465', '756', '262', '32', '511']
['554']
['277']
['308', '810', '667']
['229']
['728', '394', '427', '973', '183', '527']
['388']
['444', '989', '442', '727']
['702', '119']
['758']
['806', '76', '39', '805']
['321', '282', '52']
['536']
['909', '36']
['661', '97', '895']
['166', '98', '397', '590']
['976', '283', '462', '561']
['694', '870', '585', '336']
['190']
['311']
['557', '124', '956']
['612', '111', '490']
['220', '392']
['379', '271']
['700']
['151']
['120']
['580']
['200']
['980']
['951', '118', '515']
['972']
['194', '139', '594']
['223', '544', '44', '236']
['617', '534']
['755', '361']
['53', '446']
['88']
['261', '495', '29', '404']
['699', '877', '675', '60', '305', '654']
['680', '886', '246', '291', '96', '584']
['591']
['326', '887']
['79', '130']
['555', '95']
['905', '876', '122', '198', '285', '114', '947', '432']
['125']
['365']
['115', '157', '69']
['67', '952', '152']
['961', '493', '175', '893', '216']
['303', '355', '471']
['940', '957', '772', '583', '532']
['794', '197', '341', '514', '795']
['167']
['40', '306']
['412']
['652', '685', '613']
['254', '443']
['846', '154']
['884', '774', '417', '71', '668', '775']
['140', '208', '935']
['845', '181', '430']
['707', '176', '739']
['565', '784']
['701', '41', '750']
['447', '475']
['74']
['659']
['59', '985']
['602', '43', '309']
['589']
['711', '26']
['753', '28', '800']
['855', '844', '852', '242', '231']
['764', '149']
['150', '474', '776', '249', '480', '370', '54']
['861', '858', '997', '616', '346']
['479', '966', '411', '423', '421', '354']
['8', '477', '734', '824']
['932', '243', '380']
['828']
['626', '633', '234']
['705', '31', '105', '437', '11']
['206', '538', '34', '791']
['301', '57']
['896', '849', '457']
['522', '571', '811', '906', '525', '981']
['15', '971']
['579', '820', '593', '410', '857']
['127', '258']
['458', '610', '641']
['581', '731', '349', '35', '830']
['778', '30', '21', '891', '796']
['926', '779', '953']
['763', '319', '553']
['879']
['715', '27']
['632', '316']
['638']
['488', '163']
['403', '970', '939', '596']
['767']
['476', '860', '235']
['730', '948', '548']
['298', '551', '214', '897', '168']
['381', '378']
['400', '570', '50', '65', '754', '670', '179']
['82', '144']
['196', '428']
['597', '395', '22', '201', '531', '325']
['371']
['416', '864', '37']
['592', '499']
['690']
['406']
['323']
['259', '808', '491', '962']
['204', '299']
['328', '500', '382', '247', '686']
['960', '322', '232', '486', '112', '414', '286']
['284', '929']
['90', '695', '135']
['983', '170']
['360']
['350', '968', '387']
['300', '508', '650']
['697']
['907', '783']
['276', '6', '880']
['629']
['651', '623', '934', '290', '684', '455']
['7', '732', '153']
['635', '102']
['1', '66']
['389', '781']
['920', '409']
['900']
['615', '996']
['903']
['178', '189', '547', '605']
['279', '230', '725']
['916', '384']
['833', '722', '415', '138']
['134', '492', '729']
['925', '81', '577', '418', '614', '77']
['401', '169']
['99', '954', '38', '209']
['452']
['890']
['10', '226', '358', '671', '435', '72', '723', '473', '64', '578']
['450']
['803']
['470', '586', '875', '569', '332']
['924', '506']
['743', '162', '918']
['143', '627', '377', '683', '91', '9', '393']
['788', '424', '871']
['172', '564', '521', '676']
['171', '987', '716']
['741']
['769', '562']
['642', '606', '451']
['822', '58', '582', '80', '333', '724', '292', '240', '356', '142', '982', '245', '874', '210', '658', '113', '498']
['698', '61']
['552']
['719', '273', '542']
['519']
['793', '481']
['177', '992']
['49', '787', '324']
['607', '482', '186', '628', '915', '185', '872']
['524', '184', '902', '445']
['854', '770', '938', '295', '129', '512']
['13', '205', '889']
['986', '55', '318', '567', '600']
['25', '215', '23']
['549']
['496', '297', '18', '237', '251', '910']
['348', '738']
['921', '663']
['509', '85', '681']
['375']
['459', '818', '278', '357', '517']
['809']
['817', '595', '827']
['603']
['621', '706']
['268', '396', '516', '383', '87']
['238']
['541']
['692', '647']
['425', '703', '598', '780', '123']
['241', '813', '304', '161', '566']
['988', '195']
['712', '228', '829']
['835', '993', '342']
['865', '340', '928', '287']
['213', '173', '272']
['645', '609', '717', '529', '785']
['713', '267']
['974', '250', '180', '768', '345', '338', '991']
['950']
['878', '136', '329', '408', '73']
['19', '104', '141']
['664']
['888']
['109', '560', '70']
['735', '364', '885']
['116', '156', '433']
['359', '933', '5']
['46', '802']
['883', '187', '315', '56']
['576', '191']
['461', '655']
['556', '4']
['280']
['693']
['546', '456', '526']
['367']
['533', '587', '643', '362']
['16', '148', '826']
['24', '478', '100', '373', '881']
['922']
['165', '265']
['913', '47', '107', '568', '821']
['440', '752', '853', '923', '673', '943']
['110']
['390']
['330', '766', '93', '669', '501', '720', '489']
['368', '372', '644', '965', '917']
['468', '945', '994', '653', '117', '666']
['504', '804', '502', '51']
['559']
['293']
['221', '792', '337', '904']
['255', '94', '239', '869']
['640', '253']
['679', '376', '819', '601', '62', '620', '825']
['374', '256', '126']
['33', '537', '611']
['949', '429', '959']
['219', '289', '520']
['733', '682', '103', '955', '815']
['575', '158', '353']
['990']
['472', '931', '662', '133']
['708', '696', '155', '434']
['48', '786', '838', '391', '453']
['608', '660']
['563', '263', '688', '159']
['745']
['145']
['339', '192', '420', '862']
['543']
['14', '3', '147']
['296', '431', '131', '843']
['747', '352', '672', '630', '726', '132']
['385', '199', '979', '264']
['709', '320', '146']
['137']
['460', '637', '436', '503', '497', '12']
['484']
['866', '42', '310', '975']
['222', '92', '523', '314']
['128', '831']
['281']
['636', '121', '17', '539']
['944', '274', '737', '836']
