['765', '495', '568', '190', '859', '587', '955', '58', '390', '187', '937', '913', '193', '739', '374', '385', '263', '640', '465', '110', '764', '629']
['31', '731', '723', '470', '702', '418', '420', '619', '272', '159', '831', '711', '238', '639', '530', '90', '825', '832', '397', '378', '677', '928', '60', '716', '474', '707', '977', '309']
['865', '5', '231', '572', '421', '868', '531', '307', '689']
['788', '948', '439', '823', '275', '222', '509', '330', '911', '620', '341', '311', '586', '979', '638', '157', '885', '738', '892', '897', '35', '651', '163', '875', '323', '506', '537', '502', '359']
['113', '976', '155', '877', '431', '383', '489', '722', '924', '917', '181', '785', '539', '710', '547', '257', '380', '228', '954', '41', '140', '815', '743', '912', '953', '156', '123', '16', '334']
['589', '546', '622', '212', '56', '719', '839', '458', '833', '70', '636', '302', '559', '561', '548', '501', '752', '673', '992', '609', '956', '471', '94', '974', '308', '373', '444', '172', '403']
['492', '494', '676', '627', '339', '239', '379', '409', '991', '774', '306', '290', '944', '33', '443', '771', '588', '566', '837', '604', '835', '429', '641', '266', '451', '116']
['760', '253', '206', '460', '533', '668', '643', '553', '959', '20', '646', '755', '720', '822', '899', '791', '271', '543', '235', '214', '232', '8', '946', '518', '851', '826', '871', '467']
['491', '699', '67', '895', '684', '745', '863', '54', '867', '434', '932', '310', '477', '342', '934', '96', '843', '777', '915', '751', '700', '635', '338', '590', '569', '978', '304', '423', '377']
['829', '348', '36', '55', '143', '69', '761', '965', '59', '896', '517', '583', '552', '363', '229', '675', '878', '545', '45']
['570', '344', '527', '466', '245', '9', '315', '902', '422', '124', '603', '209', '394', '98', '573', '741', '158', '343', '71', '148']
['845', '879', '85', '53', '821', '7', '108', '580', '223', '10', '488', '111', '441', '102', '981', '152', '198', '436']
['400', '691', '814', '18', '945', '511', '736', '634', '331', '285', '592', '167', '326', '842', '469', '321', '86', '690', '125', '425', '571']
['150', '893', '19', '367', '534', '328', '482', '667', '267', '274', '631', '800', '282', '195', '62', '43', '922', '415', '122', '145']
['372', '704', '450', '812', '647', '577', '456', '318', '414', '258', '248', '536', '728', '399', '698', '500', '857', '606', '660', '297', '203', '950', '540', '655', '905', '449', '114', '340', '759']
['47', '269', '607', '166', '371', '886', '106', '556']
['926', '249', '204', '126', '508', '874']
['598', '161', '68', '481', '754', '848', '869', '430', '289', '369', '844', '183', '637', '38', '882', '40', '632', '149', '585', '490', '350', '578', '666', '621', '299', '908', '904', '132']
['224', '562', '243', '608', '428', '287', '189', '118', '876', '528', '29', '794', '820', '750', '283', '325', '160', '199', '790', '120', '679', '473', '218', '778', '355', '920', '336', '682']
['898', '763', '151', '808', '185', '286', '395', '889', '405', '319', '131', '129', '74', '284', '873', '927', '93', '827', '985', '693', '49', '942', '724']
['721', '544', '268', '376', '849', '975', '887', '480', '786', '17', '468', '805', '610', '497', '664', '861', '973', '744', '426', '293', '813', '499', '412', '683', '215', '452']
['46', '688', '916', '447', '83', '801', '178', '219', '25', '1', '529', '872', '838', '117', '846', '605', '292', '960', '73', '773', '32', '696', '742', '146', '793', '841', '513', '103']
['48', '87', '84', '816', '757', '65', '852', '486', '442', '756', '958', '557', '417', '779', '795', '901', '104', '516', '748', '817', '109', '437', '526', '296', '933', '766', '387', '770', '943']
['333', '298', '175', '174', '663', '510', '504', '674', '644', '410', '947', '153', '107', '717', '34', '453', '579', '366', '408', '128', '375', '498', '27', '512', '593', '79', '900']
['747', '440', '357', '649', '870', '737', '220', '305', '201', '226', '847', '280', '686', '15', '265', '264', '446', '176', '324']
['970', '525', '121', '244', '935', '541', '669', '119', '692', '949', '335', '697', '392', '726', '211', '370', '26', '133', '404', '769', '358', '709', '95', '803', '687', '455', '352', '864', '411']
['479', '23', '236', '396', '273', '594', '82', '138', '653', '931', '270', '112', '147', '749', '234', '445', '432', '662', '75', '463', '485', '596', '213', '252', '968', '758', '819', '173', '909']
['602', '3', '957', '642', '496', '597', '659', '448', '483', '255', '802', '810', '624', '427', '438', '961', '230', '291', '972', '789', '630', '332', '855', '894', '115', '918', '581', '830', '281']
['63', '616', '317', '240']
['732', '202', '951', '413', '929', '478', '208', '21', '601', '386', '645', '574', '276', '320', '884', '461', '730', '818', '768', '381', '694', '353', '313', '515', '406', '564', '866', '186', '135']
['551', '623', '28', '6', '365', '361', '349', '419', '435']
['169', '784', '241', '398', '141', '626', '910', '858', '685', '464', '681', '923', '301', '941', '0']
['767', '316', '654', '672', '925', '967', '237', '454', '130', '907', '416', '389', '938', '980', '964', '300', '836', '505', '142', '883', '919', '618', '712', '914', '558', '66', '251', '854', '37']
['50', '484', '850', '384', '246', '188', '256', '890', '288', '164', '402', '356', '670', '327', '656', '940', '990', '982']
['81', '703', '177', '783', '200', '91', '652', '277', '312', '2', '792', '354', '97', '952', '52', '462', '92', '459', '4', '279', '250', '936', '388', '680', '247', '705', '314']
['657', '165', '554', '472', '804', '294', '987', '600', '162', '538', '170', '476', '563', '939', '891', '984', '715', '475', '797', '775', '628', '888', '216', '259', '233']
['648', '780', '806', '329', '303', '860', '205', '77', '401', '591', '364', '78', '658', '650', '782', '599', '13', '88', '424', '76', '191', '772', '614', '346', '862', '42', '633']
['549', '24', '14', '824', '196', '39', '351', '168', '136', '625', '295', '22', '254', '51', '903', '582', '733', '535', '555', '701', '969', '99', '322', '542', '514', '207', '989', '930', '986']
['671', '753', '988', '776', '523', '382', '261', '971', '706', '880', '840', '576', '718', '828', '139', '493', '345', '182', '368', '520', '391', '856', '665', '507', '695', '613', '278', '137', '519']
['227', '457', '225', '180', '611']
['532', '221', '12', '714', '101', '262', '522', '197', '105', '796', '100', '64', '550', '192', '966', '194', '565', '360', '809', '584', '61', '433', '487', '595']
['11', '560', '781', '725', '661', '503', '57', '127', '260', '807', '567', '144', '72', '906', '337', '524', '787', '615', '393']
['678', '171', '80', '729', '210', '242', '612', '575', '735', '962', '799', '811', '834', '521', '184', '30', '881', '762', '217', '983', '44', '89']
['154', '746', '740', '963', '713', '727', '921', '407', '347', '798', '853', '134', '617', '179', '734', '362', '708']
