['63', '90', '48', '939', '212', '889', '476', '984', '303', '62', '311', '146', '775', '882', '626', '635', '419', '562', '487', '365', '907', '5', '8', '292', '443', '374', '325', '869', '632', '565', '425', '143', '456', '219', '411', '652', '825', '848', '593', '351']
['861', '126', '399', '66', '89', '716']
['504', '983', '816', '9', '819', '550', '971', '539', '612', '195', '467', '133', '204', '574', '276', '56', '898', '68', '665', '384', '526', '335', '298', '701', '611', '830', '748', '968', '779', '21', '722', '12', '964', '577', '122', '436', '859', '681', '699', '878']
['839', '103', '912', '797', '413', '854', '877', '931', '267', '165', '290', '769', '863', '287', '528', '823', '248', '182', '648', '461', '571', '257', '321', '371', '876', '582', '974', '486', '378', '874', '849', '887', '992', '352', '637', '715', '466', '42', '340', '831']
['970', '717', '893', '83', '735', '306', '129', '150', '805', '164', '654', '333', '517', '152', '70', '409', '450', '299', '153', '750', '105', '65', '827', '916', '405', '110', '638', '241', '639', '541', '610', '251', '512', '40', '592', '92', '20', '363', '949', '144']
['272', '222', '403', '927', '174', '102', '127', '979', '575', '187', '184', '687', '776', '67', '379', '93', '566', '663', '708', '955', '764', '511', '691', '689', '847', '123', '851', '49', '742', '459', '840', '947', '726', '903', '812', '377', '656', '856', '535', '437']
['607', '930', '95', '188', '372', '868', '434', '469', '470', '524', '125', '977', '34', '424', '88', '342', '998', '439', '608', '709', '78', '454', '981', '892', '682', '597', '784', '563', '132', '458', '845', '423', '591', '832', '100', '181', '605', '922', '482', '871']
['307', '452', '97', '799', '142', '925', '527', '860', '772', '332', '2', '148', '147', '45', '358', '50', '918', '375', '85', '557', '980', '590', '580', '192', '733', '346', '230', '884', '911', '387', '802', '252', '162', '969', '518', '946', '367', '904', '388', '744']
['543', '23', '653', '740', '55', '3', '17', '75', '673', '538', '497', '943', '341', '201', '149', '684', '101', '224', '644', '231', '202', '169', '22', '338', '721', '826', '393', '430', '322', '870', '390', '516', '118', '449', '846', '598', '619', '73', '418', '283']
['720']
['625', '680', '900', '492', '833', '723', '599', '304', '838', '659', '140', '239', '498', '791', '942', '347', '282', '254', '951', '679', '410', '328', '493', '905', '815', '226', '921', '417', '237', '389', '696', '25', '305', '354', '151', '674', '714', '595', '373', '570']
['285', '15', '284', '244', '27', '232', '28', '349', '157', '630', '789', '197', '136', '855', '749', '247', '548', '460', '945', '205', '809', '258', '645', '561', '697', '82', '895', '702', '940', '159', '976', '185', '46', '265', '677', '141', '0', '604', '471', '573']
['96', '145', '465', '688', '160', '850', '738', '113', '370', '353', '163', '273', '278', '495', '317', '505', '724', '326', '350', '695', '200', '690', '938', '474', '755', '928', '693', '835', '483', '249', '886', '7', '853', '209', '618', '601', '186', '790', '658', '596']
['246', '263', '344', '18', '741', '909', '706', '782', '603', '997', '547', '131', '621', '655', '978', '208', '427', '494', '329', '958', '135', '818', '810', '530', '33', '523', '568', '996', '30', '737', '112', '963', '579', '396', '71', '286', '777', '51', '729', '768']
['261', '793', '788', '519', '514', '426', '556', '843', '47', '747', '468', '245', '189', '111', '318', '757', '915', '4', '890', '319', '220', '190', '753', '783', '109', '238', '551', '982', '130', '477', '52', '294', '510', '841', '792', '154', '463', '913', '362', '908']
['39', '228', '525', '959', '766']
['661', '814', '944', '308', '629', '867', '888', '259', '422', '820', '730', '585', '77', '502', '183', '36', '773', '280', '84', '712', '69', '79', '281', '589', '991', '139', '293', '269', '824', '210', '713', '191', '218', '26', '428', '407', '657', '622', '327', '994']
['894', '987', '692', '348', '559', '53', '91', '647', '864', '484', '499', '275', '108', '761', '114', '32', '256', '555', '19', '296', '588', '243', '521', '491', '633', '734', '822', '804', '576', '441', '225', '99', '743', '473', '778', '952', '732', '631', '37', '357']
['262', '584', '700', '274', '314', '914', '382', '642', '324', '260', '345', '35', '668', '13', '250', '178', '865', '433', '414', '993', '203', '666', '404', '628', '444', '240', '508', '316', '44', '161', '229', '462', '453', '704', '873', '640', '537', '583', '176', '447']
['711', '586', '872', '967', '624', '902', '339', '438', '435', '440', '961', '6', '117', '170', '929', '754', '609', '386', '478', '451', '837', '266', '360', '513', '233']
['336', '98', '215', '910', '81', '549', '560', '745', '534', '953', '727', '400', '120', '291', '496', '906', '193', '196', '614', '156', '787', '500', '965', '765', '138', '813', '392', '962', '310', '76', '728', '731', '277', '924', '337', '155', '821', '16', '406', '206']
['442']
['57', '627', '703', '236', '667', '957', '302', '343', '124', '794', '121', '694', '796', '1', '488', '686', '173', '990', '758', '852', '380', '923', '376', '115', '544', '616', '158', '104', '620', '545', '536', '464', '315', '10', '475', '323', '60', '975', '756', '515']
['664', '719', '80', '634', '960', '421', '948', '330', '880', '798', '395', '936', '795', '950', '168', '172', '480', '522', '899', '785', '334', '242', '59', '617', '359', '264', '217', '857', '973', '919', '29', '199', '119', '762', '134', '572', '891', '800', '431', '844']
['402', '61', '650', '234', '198', '546', '87', '14', '807', '211', '429', '770', '606', '391', '288', '834', '415', '58', '368', '385', '520', '24', '356', '175', '166', '966', '289', '705', '531', '255', '397', '881', '615', '718', '600', '817', '985', '613', '72', '581']
['355', '917', '167', '177', '300', '862', '896', '490', '707', '221', '751', '883', '752', '128', '54', '578', '270', '836', '506', '43', '416', '926', '445', '457', '94', '41', '253', '725', '623', '999', '941', '567', '649', '685', '532', '86', '11', '920', '803', '786']
['972', '455', '866', '448', '64', '602', '369', '116', '553', '381', '223', '295', '366', '828', '651', '485', '672', '678', '312', '214', '594', '552', '698', '540', '558', '660', '801', '671', '107', '446', '268', '739', '479', '885', '331', '481', '472', '74', '669', '213']
['858', '808', '194', '235', '767', '760', '780', '675', '763', '875', '227', '297', '432', '956', '806', '897', '301', '986', '636', '529', '171', '533', '383', '670', '207', '771', '501', '746', '216', '901', '408', '646', '564', '676', '489', '935', '320', '279', '932', '401']
['710', '542']
['781', '954', '106', '683', '587', '509', '736', '179', '842', '271', '989', '995', '394', '554', '420', '937', '137', '879', '662', '38', '503', '569', '507', '643', '811', '313', '829', '180', '934', '398', '361', '988', '309', '412', '759', '933', '31', '774', '641', '364']
