['263']
['6']
['77', '656', '171', '575', '328', '593', '312', '40', '253', '733', '675', '884', '115', '984', '510', '548']
['795']
['915', '995', '802', '653', '805', '544', '266', '607', '681', '418', '491', '368', '668', '743', '414', '318', '424', '812']
['898', '694']
['284', '625', '33', '589', '979', '883', '652', '872', '704', '332', '889', '967', '590', '19', '901', '88', '502', '291']
['362', '43', '838', '190', '327', '963', '581', '126', '280', '462', '337', '981', '716', '100', '118', '679', '865', '470']
['619', '145', '359', '697', '728', '823', '964', '166', '423', '494', '432', '696', '857', '630', '817', '130', '660', '162']
['138', '864', '147']
['373', '886', '251', '565', '650', '874', '809', '351', '220', '784', '623', '386', '899', '777', '848', '833', '820', '83']
['31', '594', '269', '338', '803', '431', '757', '415', '878', '96']
['103', '720', '442', '271', '546', '614', '131', '633', '366', '363', '466', '667', '372', '308', '221', '770', '906', '260']
['478', '676', '480', '360', '261', '628', '672', '727', '141', '259', '492', '761', '622', '26', '296', '460']
['465', '493', '844', '467', '361', '59', '713', '971', '380', '477', '577', '89', '599', '609', '399']
['447', '965', '991', '758', '173', '299', '655', '396', '105', '419', '374', '300', '12', '443', '684', '815', '420', '687']
['919', '517', '76', '924', '233', '606', '276', '377', '822', '910', '99', '27', '868', '304', '446', '543', '277', '68']
['719', '677', '879', '839', '769', '573', '240', '93', '698', '749', '669', '71', '150', '563', '509', '806', '785', '400']
['385', '65', '468', '662', '410', '620', '555']
['661']
['553', '13', '836', '895', '816', '498', '499', '42', '28', '148', '881', '165', '484', '527', '281', '55', '549', '519']
['976', '61', '533', '950', '189', '518', '336', '551', '228', '127', '170', '54', '949', '700', '375', '305', '275', '212']
['14']
['598', '107', '70', '24', '218', '992']
['163', '56', '640', '474', '409', '376', '705', '319', '721', '845', '30', '236', '841', '867', '10', '29', '788', '955']
['237', '962', '760', '735', '452', '421', '203', '765', '791', '730', '378', '876', '125', '235', '247', '367', '999', '313']
['535', '580', '732', '407', '11', '689', '91', '101', '388']
['119']
['658', '439', '97', '752', '429']
['426', '715', '846', '248', '113', '522', '458', '692', '755', '450', '174', '592', '201', '298', '381', '133', '871', '50']
['3']
['60']
['309', '35', '870', '331', '461', '712', '463', '324', '586', '292', '734', '287', '767', '389', '957', '402', '302', '673']
['4', '810', '903', '982', '706', '2', '459', '58', '164', '370', '643', '996', '238', '356', '626', '811', '545', '911']
['588', '456', '954', '648', '969', '569', '176', '158', '117', '252', '215', '873', '753', '123', '334', '469', '941', '403']
['114', '847', '710', '674', '539', '725', '703']
['702', '790', '756', '293', '295', '722', '347', '644', '335', '172', '379', '538', '245', '550', '902', '793', '78', '960']
['800', '444', '975', '572', '513', '486', '983', '602']
['98', '92', '882']
['537']
['739', '151', '258', '506', '617', '670', '566', '559', '560', '267', '46', '239', '210', '401', '807', '397', '487', '691']
['855', '746', '182', '7', '216', '48', '959', '925', '86', '826', '108', '44']
['364', '503', '18', '998', '897', '483', '647', '708', '154', '0', '476', '1', '629', '53', '742']
['122']
['916', '160', '880', '775', '554']
['562', '587', '411', '685', '821', '905', '618', '307', '159', '852', '827', '106', '842', '282', '611', '547', '782', '32']
['169', '797', '246', '659', '851', '936', '435', '135', '914', '887', '440', '412', '776', '616', '638', '635', '615', '214']
['888', '438', '330']
['738', '943', '250', '985', '909', '780', '605', '907', '63']
['196', '567', '157', '121', '613', '711', '723']
['204']
['935']
['453']
['433', '272', '451']
['718', '832', '649', '987', '274', '213', '482']
['349', '314', '495', '205', '413', '828', '600', '736', '188', '740', '850', '41', '574', '989', '500', '344', '745', '796']
['771', '608', '866']
['830', '208', '39', '922', '87', '558', '591', '688', '726', '693', '473', '82', '946', '183', '918', '501', '505', '717']
['104', '199', '142', '645', '306', '390', '690', '666', '21', '766', '508', '933', '416', '570', '972', '436', '516', '837']
['128', '781', '947', '357', '325', '678', '311', '891', '787', '564', '792', '67', '355', '680', '168', '112', '395', '707']
['225', '579']
['404', '773']
['958', '938', '232', '285', '942', '779', '256', '448', '849', '94', '751', '422', '333', '532', '671', '977', '45']
['211']
['754', '244', '654']
['47', '290', '454', '223', '22', '561', '892', '365', '257', '392', '529', '637', '641', '860', '683', '861', '824', '243']
['929']
['974', '134', '343', '90', '81', '464', '195', '536', '178', '488', '944', '394', '993', '153', '132', '102', '74']
['695', '346', '485', '966', '578', '179', '968', '425', '937', '230', '9', '869', '192', '798', '152', '504', '663']
['455', '973', '140', '894', '286', '714', '597', '585', '146', '829', '339', '184', '741', '904', '786', '475', '632', '445']
['657', '149', '180', '724', '927', '747', '310', '449', '514', '20', '818', '358', '219', '23', '200', '441', '353', '737']
['808', '912']
['405', '634', '988', '191', '542', '953', '646', '952', '120', '863', '610', '853', '457', '231', '242', '497', '278', '819']
['521', '665', '541']
['209', '85', '437', '612', '273', '116', '434', '511', '227', '664', '207', '970', '279', '80', '472', '582', '862']
['908', '234', '229', '193']
['136', '556', '186', '384', '762', '893', '5', '994', '109', '568', '490', '956', '144', '928', '382', '951', '877', '534']
['226', '479', '512', '939', '854', '840', '744', '531', '764', '814', '222', '51', '576', '948', '601', '73', '624', '621']
['639', '651', '417', '194']
['95', '270', '289', '524', '540', '931', '369', '507', '772']
['921', '383', '875', '217', '858', '990', '255', '801', '62', '371', '197', '525', '496', '249', '297', '890', '155']
['603', '885']
['699', '813', '303', '326', '926', '934', '66', '16', '481', '917', '778', '825', '294', '348', '156', '241', '834', '352']
['398', '79', '428', '406', '350', '430', '167', '139', '321', '636']
['84', '731', '763']
['682', '552', '686']
['627', '408', '129', '161', '72', '584', '520', '526']
['198', '759', '701', '920', '143', '391', '15']
['783', '185', '835', '913', '768', '945', '523', '17', '354', '345', '528', '111', '341', '986', '37', '187', '859']
['64', '799']
['393']
['831', '254', '317', '36', '264', '789', '316', '748', '75', '794', '774', '940', '900', '301', '595', '315', '137', '181']
['8', '340', '489', '206', '320', '265', '342', '729', '322', '932', '202', '34', '288', '978', '896']
['52', '177', '631', '224', '25', '38', '427', '750', '980', '596', '583', '997', '110', '804', '604', '843', '930']
['283']
['262']
['642', '57', '49', '856', '515', '557', '961', '571', '175', '471', '329', '387', '709', '923', '69', '530', '268', '323']
['124']
