['808']
['315']
['308']
['216']
['585']
['658']
['220']
['729', '503', '799']
['6']
['539']
['229']
['543']
['635']
['705']
['2']
['738']
['529']
['69']
['430']
['29']
['66']
['584']
['518', '117', '405', '193', '605', '791', '434', '356', '16', '198', '597', '195', '742', '800', '706', '444', '425', '614', '170', '457']
['631']
['670', '551', '748', '435', '633', '419', '560', '804', '54', '179', '97', '811']
['392']
['508']
['759', '591', '217', '214', '122', '296', '644', '127', '470', '378', '776', '437', '521', '730', '187', '245', '598', '71', '741', '359']
['499']
['9']
['579', '573', '186', '131', '265', '176', '93', '590', '787', '148', '205', '137', '393', '136', '264', '685', '527', '103', '424']
['440']
['47']
['355']
['27']
['79']
['215']
['474']
['396']
['280', '751', '719', '302', '44', '736', '509', '288', '43', '236', '540', '327', '300', '673', '757', '337', '309', '695', '255', '773']
['765']
['572']
['259']
['785']
['41']
['363']
['28', '14']
['433']
['171']
['189']
['612']
['788', '226', '608', '401', '544']
['723']
['749']
['151']
['51']
['249']
['0']
['764', '485', '266', '650', '211', '771', '208', '336', '480', '81', '61', '291', '380', '132', '813', '559', '407', '346', '160', '146']
['45']
['310', '564', '654', '192', '456', '295', '463', '57', '344', '119', '522', '512', '517', '733', '556', '387', '139', '307', '12', '790']
['817', '46']
['17']
['728']
['147']
['406']
['805']
['620']
['727', '219', '604', '63', '140']
['370']
['722']
['595']
['207', '408', '809', '665', '275', '745', '30', '737', '586', '75', '439', '129', '534', '341', '526', '721', '252', '674', '599', '743']
['234']
['806', '212', '213', '542', '26', '454', '256', '89', '520']
['284']
['85', '545', '222', '95', '347', '367', '432', '65']
['87']
['311', '535', '382', '1', '82', '165', '648', '686', '159', '235', '384', '417', '666', '331', '110', '772', '789', '7', '582', '225']
['152']
['144']
['48']
['338']
['490']
['726', '335', '465', '478', '578', '754', '814', '237', '233', '445', '244', '25', '616', '398', '130', '240', '643', '366', '286', '784']
['194']
['36']
['752']
['197']
['415']
['533']
['228']
['199']
['714']
['299']
['49']
['64']
['113']
['116']
['410']
['507']
['72']
['283', '565', '142', '312', '783', '153', '321', '8', '600', '306', '442', '125', '3', '562', '489', '615', '188', '294', '498', '483']
['617']
['768']
['174']
['19']
['492', '720', '118']
['569']
['128']
['399']
['374']
['476', '710', '385', '472', '694', '101', '711', '660', '777']
['717', '795', '629', '763', '750', '659', '583', '99', '725', '634', '279', '611', '699', '794', '62', '173', '588', '411', '574', '31']
['108']
['552']
['713']
['477']
['546', '731', '329', '104', '638', '77', '120', '549', '163', '143', '290', '413', '709', '566', '592', '491', '402', '273', '458', '305']
['693']
['204', '285', '73', '330', '156', '455', '326', '317', '758', '567', '169', '138', '162', '630', '422', '107', '475', '20', '227', '15']
['394']
['798']
['740']
['154']
['397']
['505']
['515', '627', '692', '161', '698', '274', '632', '293', '525', '467', '416', '792', '619', '436', '797', '343', '645', '67', '484', '76']
['322']
['376']
['352']
['775', '39', '557', '624', '98', '78', '587', '448', '762', '271', '473', '550', '514', '158', '175', '250', '756', '622', '94', '700']
['506']
['11']
['423']
['601']
['610']
['372']
['360', '661', '270', '134', '652', '481', '91', '90', '718', '182', '268', '696', '770', '349', '739', '34', '260', '523', '452', '606']
['609', '664', '657', '656', '707', '581', '389']
['115']
['677']
['52']
['623']
['164']
['524']
['653']
['782']
['206']
['655', '191', '133', '106', '40', '289', '647', '155', '668', '84', '689', '339', '10', '536', '603', '209', '348', '554', '649', '532']
['22']
['257']
['262']
['32']
['180']
['703']
['414']
['124']
['381']
['555']
['201']
['196']
['239']
['261']
['319', '263', '712', '395', '298', '111', '596', '778', '231', '38', '651', '575', '482', '697', '267', '769', '185', '126', '495', '354']
['672']
['247']
['238']
['761']
['815']
['428']
['316']
['56']
['684']
['602']
['593']
['37']
['734']
['767', '272', '441', '242', '781', '461', '418', '243', '663', '391', '96', '13', '639', '318', '409', '449', '678', '683', '420', '203']
['282']
['708', '328', '314', '479', '753', '100', '690', '333', '357', '183', '613', '460', '732', '86', '487', '358', '780', '232', '531', '287']
['105']
['181']
['251', '292', '373', '350', '464', '177', '577', '313', '60', '102', '221', '494', '377', '438', '502', '80', '50', '254', '258', '114']
['547']
['766']
['68', '589', '278', '400', '497', '537', '184', '4', '200', '786', '83', '35', '362', '379', '676', '691', '747', '281', '548', '230']
['145', '23', '334', '607', '303', '241', '112', '637', '682', '172']
['493']
['724', '403', '450', '361', '688', '388', '390', '277', '371', '55', '320', '760', '681', '462', '779', '568', '70', '404', '501', '640']
['5']
['504']
['486', '325', '628', '558', '459', '74', '33', '168', '774', '351', '324', '42', '746', '21', '576', '297', '530', '443', '386', '149']
['210']
['427']
['190']
['793', '246', '488', '431', '807', '383', '59', '626', '340', '426', '818', '369', '553', '500', '332', '561', '353', '541', '571', '642']
['446', '88', '744', '447']
['511', '150', '368', '178', '563']
['755']
['141']
['202']
['135']
['667', '323', '810', '121', '224', '466', '453', '671', '92', '687', '451', '594', '802', '618', '375', '223', '519', '675', '528', '468']
['816', '702', '18', '248', '636', '570', '301', '24', '304', '513', '167', '510', '796', '704', '516', '253', '803', '364']
['646']
['735']
['621']
['625', '429', '58', '469', '342', '276', '123', '716', '53', '801', '166', '412', '471', '669', '662', '715', '538', '345', '365', '496']
['701']
['680']
['109']
['580', '679', '812', '218', '157', '421', '269', '641']
