['440', '231', '400', '332', '25', '207']
['159', '398', '251', '241', '213', '327']
['237', '6', '399', '166', '235', '295']
['115', '438', '317', '284', '293']
['362', '168', '342', '308']
['377', '412', '212', '33']
['385', '9', '44', '194', '303', '130']
['218', '488', '108']
['75', '480', '88', '458', '227', '361']
['51', '15', '352', '456', '325']
['112', '22', '228', '495', '203', '442']
['301', '214', '247', '405']
['100', '449', '62', '49', '353', '181']
['5', '278', '304', '416', '423', '157']
['95', '290', '103', '450']
['1', '127', '176', '161', '367']
['344', '174', '388', '461', '414', '427']
['425', '147', '39', '183']
['162', '402', '298']
['28', '78', '347', '279', '246', '326']
['341', '457']
['137', '476', '401', '202', '483']
['96', '312', '260', '106', '67']
['264', '380', '331', '288', '200', '263']
['292', '363', '126', '258', '396']
['419', '435', '234', '410', '338', '478']
['122', '368']
['192', '144', '436', '178', '47', '285']
['349', '136', '374', '336', '77', '439']
['470', '204', '18', '158', '215', '420']
['60', '271', '141', '154', '43']
['38', '189', '351', '74', '155', '148']
['259', '283', '233', '451', '459', '360']
['322', '348', '238', '477', '82', '226']
['486', '113', '316', '119', '393', '364']
['40', '253', '376']
['429', '57', '98', '319']
['314', '184', '422', '282']
['403', '320', '415', '411', '146', '4']
['275', '267', '216', '448', '64']
['37', '20']
['149', '46', '143', '287', '318']
['7', '151', '45', '391', '188', '323']
['101', '85', '223', '369']
['490', '29', '42']
['134', '80', '346', '395']
['289', '359', '309', '273', '124', '243']
['245', '186', '313', '83']
['89', '418', '30', '383', '54', '466']
['386', '248', '232', '97', '140', '66']
['262', '41', '404', '236', '225', '321']
['165', '452', '145', '107', '366', '102']
['182', '131', '86', '475', '269', '48']
['2', '14', '286', '219', '240', '160']
['464', '291', '94', '406', '138', '239']
['170', '434', '261', '474', '23']
['110', '355', '494', '276', '26', '487']
['257', '365', '428']
['177', '408', '153', '454', '135']
['185', '437', '91', '79', '63']
['242', '280', '333']
['268', '206', '444', '421', '310', '220']
['118', '195', '3', '173', '315']
['142', '10', '340', '175', '81', '150']
['484', '407', '221']
['132', '163', '382', '281', '462', '229']
['337', '211', '52', '345', '471', '8']
['139', '463', '277', '389', '472', '413']
['311', '256', '479', '468']
['114', '270', '128', '65', '300']
['446', '197', '117', '424', '297', '179']
['92', '354', '370', '121']
['53', '224', '123', '129', '90', '265']
['0', '496', '87', '473', '492', '350']
['32', '343', '409', '180']
['76', '381', '305', '201', '217', '205']
['222', '99', '453']
['307', '328', '426', '455', '68', '55']
['71', '272', '208']
['19', '17']
['482', '460', '335', '302', '357', '133']
['394', '73', '433', '21']
['417', '358', '24', '172', '111', '306']
['469', '324', '250', '493']
['171', '299', '334', '230', '50', '294']
['252', '12', '61', '16', '72']
['59', '31', '69', '34', '210', '372']
['196', '169', '397', '430']
['498', '11', '27', '371', '296']
['156', '167']
['199', '36', '152', '445']
['58', '443', '481', '35', '384', '13']
['84', '116', '56', '441', '489', '249']
['125', '255', '187', '274', '191', '375']
['105', '266', '497', '392', '209']
['70', '465', '244', '467']
['120', '164', '499', '329', '190', '379']
['198', '193', '254', '339', '356', '109']
['378', '387', '104', '447', '93', '373']
['432', '491', '485', '330', '431', '390']
