['255', '778', '404', '763', '722', '540', '811', '237', '513', '69']
['216']
['281']
['507', '784', '726', '400', '583', '36', '221', '395', '735', '635']
['303', '403', '464', '220', '44', '802', '154', '368', '46', '826']
['549']
['437']
['629', '202', '230', '333', '555', '259', '585', '157', '408', '542']
['241', '52', '54', '562', '12', '430']
['293', '393']
['753', '415', '383', '266', '451', '448', '117', '560', '671', '704']
['574', '640', '487', '207', '553', '789', '34', '706', '459', '818']
['173']
['2']
['449']
['421']
['330', '670', '481', '243', '678', '498', '178', '452']
['70', '820', '192', '596', '438', '709', '210', '822']
['821']
['806']
['369']
['232']
['312']
['534']
['813', '135']
['57']
['261']
['95']
['113']
['291']
['828']
['742']
['144']
['416']
['689']
['651']
['417']
['28', '569', '754', '455', '643', '279', '679', '29', '87', '307']
['310']
['435']
['133']
['26']
['603']
['132']
['244']
['608']
['37']
['745']
['524']
['311']
['565']
['198']
['518', '797', '747', '772', '720', '138', '717', '367', '457', '595']
['787', '612', '746', '650', '663', '443', '402', '792', '724', '227']
['633']
['589']
['781']
['375']
['356']
['708']
['394', '782']
['258', '584', '842', '536', '664']
['692']
['601']
['197']
['121', '257', '496', '656', '728', '104', '366', '16', '433', '75']
['208']
['209']
['252', '522', '283', '348', '155', '472', '328', '494', '13', '145']
['61']
['622']
['840', '231', '267', '794', '10', '316', '89', '290', '187', '152']
['598']
['205', '322', '645', '228', '177', '81', '308', '58', '339', '521']
['100']
['264']
['153']
['191']
['516']
['92']
['158']
['24']
['632']
['641']
['59']
['256']
['759']
['535']
['99']
['699', '146', '201', '456', '287', '126', '372', '381', '160', '697']
['25']
['614']
['357']
['378', '7', '340', '652', '174', '50', '732', '676', '175', '107']
['224']
['523']
['361', '212', '814', '766', '148']
['825']
['349']
['490']
['74']
['364', '492', '654', '313', '320', '634', '370', '239', '749', '217']
['260', '176', '31', '466', '332', '206', '738', '618', '391', '90']
['76']
['770']
['690', '744', '841', '627', '354', '384', '721', '129', '21', '526']
['667', '469', '0', '41', '593', '729', '637', '385', '644', '681']
['110']
['591']
['682', '769']
['77']
['49']
['73', '512', '658', '685', '164', '118', '563', '795', '558', '136']
['147']
['274']
['488']
['561', '172', '691', '550', '15', '579', '60', '355', '439', '149']
['317']
['599']
['501']
['27']
['128']
['592', '541', '582', '318', '557', '315', '55', '382', '406']
['245', '731', '286', '631', '336', '474', '546', '215']
['387']
['739']
['143']
['827', '600', '359', '275', '630', '815', '776', '694', '399', '539']
['450', '816', '743', '238', '503', '531', '273', '388', '475', '661']
['150']
['617', '306', '233', '91', '758', '114', '410', '493', '465', '458']
['636', '537', '411', '67', '263', '741', '319', '120', '666', '65']
['1', '638', '505', '196', '570', '606', '752', '62', '396', '740']
['302']
['272']
['218']
['142']
['479']
['461']
['843']
['376']
['719', '660']
['529', '298', '334', '159', '431', '347', '718', '463', '800', '321']
['751', '3', '131', '19', '835', '642', '284']
['597']
['483']
['837']
['379', '199', '8', '833', '268', '6', '64', '441', '56', '696']
['350']
['453']
['151']
['733', '805', '602']
['184']
['684']
['554']
['63']
['808']
['278']
['162']
['130']
['576']
['85']
['489', '491', '750', '84', '353', '567', '337', '482', '109', '407']
['82']
['672', '83', '434', '346', '166', '556', '590', '342', '269', '613']
['271']
['190', '665', '791', '204', '621', '324', '413', '625', '345', '510']
['723']
['725', '111']
['824', '809', '586', '703', '101', '587', '186', '428', '506', '288']
['764']
['575', '189', '165', '810', '297', '653', '655', '801', '304']
['171']
['86', '543', '223']
['195']
['141', '301', '163', '467', '683', '122', '711', '93', '566', '495']
['253']
['412']
['730', '831', '296', '581', '714', '668', '343']
['168', '705', '360', '38', '545', '804', '716', '338', '440', '78']
['22']
['616', '32', '624', '462', '418', '500', '727', '18', '698', '639']
['577', '509', '790', '48', '830', '181', '812', '183', '247']
['180']
['659', '170', '767', '780', '517', '106', '127', '508', '525']
['139', '424', '214', '235', '242', '397', '39', '156', '66', '325']
['380']
['476']
['20']
['140']
['620']
['497']
['300']
['352', '119', '68', '486', '515', '419', '713', '392', '793', '578']
['838']
['798']
['45', '17', '427', '768']
['277', '289', '702', '137', '673', '610', '363', '43', '420', '98']
['478', '788', '693', '533', '80', '477', '134', '471', '236', '755']
['40', '4', '71', '432', '309', '194']
['662', '572', '771', '446', '30', '270', '72', '712', '444', '265']
['276', '799']
['248', '657', '351', '5', '222', '167', '96', '609', '373', '125']
['169', '779', '9', '514', '116', '775', '765', '211', '559']
['785', '225', '803', '688', '680', '203', '246', '551', '823', '484']
['544']
['615']
['377']
['649']
['182', '473', '294', '564', '538', '193', '185', '761', '786', '511']
['161']
['626']
['695', '468', '844', '51', '305', '371', '530', '647', '323', '686']
['188']
['817']
['79', '839', '623', '53', '480', '604', '386', '819', '669']
['401', '605', '834', '88', '358', '734', '436', '341', '445']
['285']
['571', '389', '426', '573', '777', '229', '774', '829', '234', '409']
['460']
['250']
['447', '115', '425']
['112']
['327']
['628', '832']
['736']
['105']
['674']
['454']
['568']
['715']
['737']
['701']
['470']
['499', '836', '485', '123', '757', '213', '390', '23']
['344']
['414']
['42']
['254']
['262', '532', '707', '326', '124', '760']
['700']
['547']
['295']
['240']
['519']
['773']
['748', '282', '14', '607', '520', '502', '442', '314', '179', '200']
['362']
['619', '588', '527', '677', '47', '398', '299', '251', '11', '33']
['552', '226', '94', '335', '783', '422', '102', '756', '429', '292']
['280']
['548']
['594']
['103']
['646', '249', '108', '97', '423', '331', '504', '807', '762', '528']
['405']
['611', '580']
['796', '365', '675', '687', '648', '710', '329', '374', '35', '219']
