['53', '355']
['184', '215', '263', '293', '473']
['4', '60', '112', '115', '133', '137', '143', '180', '222', '267', '299', '394', '441']
['93', '178', '287']
['5', '245', '369', '426', '430']
['170', '197', '273', '403', '476']
['46', '63', '149', '167', '230', '288', '480', '487']
['26', '39', '57', '99', '121', '123', '186', '305', '328', '348', '363', '401', '431', '444', '460']
['358', '416', '456']
['24', '177', '194', '316', '450', '489']
['145', '210', '241', '359']
['42', '162', '238', '295', '338', '396']
['402']
['160', '477']
['36', '249', '254']
['95', '172', '278', '301', '392', '424', '478']
['17', '40', '67', '74', '94', '113', '161', '206', '242', '244', '262', '277', '300', '332', '382', '405', '413']
['116', '147', '199', '205', '231', '247', '399', '461', '469']
['48', '130', '155', '258', '275', '367', '377', '463']
['11', '109', '146', '217', '294', '373', '412', '425', '455', '475']
['3', '13', '14', '80', '100', '128', '174', '187', '201', '214', '246', '250', '253', '276', '292', '322', '333', '341', '343', '347', '368', '380', '427', '437', '485']
['307']
['21', '29', '64', '72', '135', '169', '176', '229', '260', '378', '390', '393', '410', '423', '442', '446', '447', '449', '465']
['45', '58', '225', '411']
['10', '71', '105', '129', '204', '233', '256', '284', '306', '339', '379', '397', '422', '454']
['334', '351']
['62', '69', '156', '165', '166', '381', '483']
['38', '43', '106', '126', '141', '144', '150', '182', '198', '209', '251', '259', '271', '303', '304', '313', '315', '321', '326', '327', '362', '364', '366', '370', '371', '417', '439', '453', '459', '462']
['16', '158', '220', '234', '481']
['175', '203', '265', '272', '274', '336', '383', '440']
['20', '32', '41', '108', '138', '139', '140', '152', '157', '200', '243', '268', '286', '289', '318', '357', '360', '376', '385', '435', '479']
['1', '31', '83', '85', '110', '124', '127', '136', '163', '195', '196', '224', '232', '237', '264', '311', '320', '342', '350', '384', '386', '406', '421', '443']
['102', '122', '131', '213']
['27', '37', '107', '171', '183', '192', '218', '239', '310', '329', '331', '345', '352', '353', '354', '356', '391', '395', '420', '429', '436', '452']
['266', '270', '281', '340']
['34', '193', '387', '488']
['54', '61', '111', '211', '212', '219', '261', '282', '291', '298', '302', '314', '372', '457']
['2', '65', '73', '134', '235', '388', '398']
['30', '77', '438']
['0', '6', '7', '8', '9', '15', '22', '44', '47', '50', '51', '68', '82', '84', '86', '88', '96', '97', '98', '120', '132', '151', '153', '159', '164', '179', '208', '221', '226', '236', '248', '280', '290', '317', '319', '344', '346', '349', '400', '404', '407', '408', '409', '414', '419', '432', '433', '434', '464', '484']
['181', '285', '418']
['19', '23', '55', '59', '75', '78', '114', '118', '125', '142', '189', '202', '228', '252', '283', '297', '309', '324', '335', '375', '445', '466', '468', '472', '486']
['12', '33', '35', '66', '70', '76', '79', '81', '90', '91', '101', '119', '173', '185', '188', '191', '223', '240', '255', '257', '308', '312', '323', '325', '330', '365', '415', '451', '458', '471', '474']
['28', '148', '168', '470']
['87', '104', '337']
['56', '117', '269', '296']
['18', '25', '49', '52', '89', '103', '154', '190', '216', '227', '279', '361', '428']
['92', '207', '374', '448', '467']
['389']
['482']
