['148', '153', '312', '470', '449', '17', '245', '450', '316']
['121', '304', '277', '73', '380', '61', '147', '263', '187', '99', '416', '44', '294', '341', '342', '241', '354', '479', '143', '334', '318', '34', '418', '296', '47', '364', '258']
['397', '274', '180', '100', '453', '427', '375', '434', '437', '196', '405', '39', '194', '113', '466', '471', '134', '377']
['185', '473', '371', '22', '480', '8', '302', '177', '240', '267', '370', '476', '19', '317', '352', '438', '104', '102', '279', '286', '362', '395', '249', '202']
['268', '192']
['308', '146', '391', '378']
['33', '383', '26', '86', '188', '389', '41', '69', '382', '324', '353', '77', '217', '300', '253', '289', '18', '62', '435', '237']
['71', '291', '469', '320', '251', '65', '314', '88', '369', '97', '3', '351', '220', '226', '307', '230', '158', '494', '218', '55', '31', '482', '227', '191', '367', '462', '264', '247', '424', '82', '168', '243', '32', '436', '236', '407', '119', '330', '75', '306', '357', '189', '262', '265', '239']
['56', '229', '140', '36', '186', '203', '421', '197', '310', '198', '175', '297', '327', '348', '440', '16', '223', '431']
['199', '46', '162']
['487', '246', '83', '106', '325']
['336', '271', '259', '171', '9', '414', '125', '103', '430']
['374', '222', '444', '360', '295', '214', '179']
['381', '322', '149', '419', '385']
['250', '298', '1', '193', '182', '90', '216', '92', '24', '497', '493', '495', '464', '359', '340', '200', '155', '142', '455', '411', '399', '402', '159', '219', '221', '81', '108', '280', '429', '23', '212', '365', '11', '209', '181', '167', '48', '244', '410', '261']
['484', '118', '124', '404', '66']
['60', '135', '498', '394', '45', '282', '398', '481', '343', '283', '475', '442', '89', '206', '128', '426', '101', '109', '344', '460', '445', '205', '30', '472', '141', '127', '98', '326', '335', '376', '260', '492', '59', '387', '137', '169', '130', '332', '215', '150', '284', '390', '428', '72', '372', '281', '465', '126', '423', '6', '361', '321', '190', '328', '337', '478', '133']
['345', '235', '396', '144', '269', '483', '76', '446', '25', '384', '107', '408', '208', '115', '154', '452', '432', '228', '91', '95', '413', '136', '299', '388', '323', '415', '27', '313']
['161', '278', '400', '425', '234', '204', '252', '10', '35', '201', '28', '366', '84', '120', '80', '451', '2', '401', '454', '275', '58', '355', '114', '67', '448', '232', '224', '409', '368', '163', '477', '151', '225']
['195', '68']
['499']
['178', '338', '358', '292', '349', '242', '29', '14', '87', '40', '319', '117']
['403', '7', '49', '132', '172', '112', '152', '166', '70', '52', '305', '74', '386', '129', '165', '329', '346', '145', '211', '51', '420', '96', '333', '174', '467']
['392', '315', '63', '276', '160', '85', '373', '64', '412', '257', '311', '303']
['43', '94', '231', '347', '255', '350', '248', '42', '439', '406', '443', '272', '13', '490', '170', '356', '458', '210', '491', '111', '270', '5']
['53', '379', '4', '363', '131', '57', '176', '93', '309', '339', '422', '15', '20', '457', '489', '433', '12', '273', '123', '254', '474']
['105', '485', '0', '459', '54', '79', '417', '293', '393', '110', '233', '256', '288']
['21', '50', '486', '213', '461', '266', '139', '138', '463', '496', '122', '38', '468', '290', '78']
['285', '207', '156', '183', '301', '287', '157']
['441', '331', '184', '164', '238']
['447', '488', '456', '37', '173', '116']
