['241']
['39', '125', '186', '317', '362', '369']
['290']
['251']
['302']
['144']
['13']
['132']
['312', '372']
['147']
['114']
['358']
['203']
['278', '340']
['299']
['391']
['17', '66', '300', '352']
['210', '308', '373']
['49']
['189']
['93', '128']
['264']
['170', '386']
['0', '22', '53', '59', '78', '116', '120', '131', '151', '180', '188', '231', '234', '244', '309', '315', '316', '330', '334', '392']
['184']
['141']
['342']
['202']
['65']
['193']
['83', '201']
['80']
['166', '293']
['192']
['119', '225']
['232', '255', '262', '370']
['335']
['95']
['162']
['182']
['200']
['253']
['344']
['108', '177', '382']
['199', '249']
['242']
['337']
['50']
['11', '221', '238', '319']
['46']
['211', '230']
['142']
['268']
['25', '99']
['138']
['38', '222']
['294']
['70', '339']
['380']
['297']
['56', '396']
['101', '219']
['314']
['100', '208']
['341']
['5']
['54', '194']
['265', '279']
['87', '183']
['8']
['63', '191', '235']
['176', '313']
['102', '190']
['148']
['143', '331']
['247']
['75', '197', '266', '354']
['15', '398']
['165']
['61', '156', '213', '284', '318']
['117']
['174']
['153', '304']
['69', '74', '146', '350']
['291', '368']
['91']
['215']
['76']
['32', '55', '296', '384']
['140', '397']
['89', '123', '169', '195', '336']
['103']
['113', '124']
['2', '269']
['323']
['154']
['71']
['28', '145', '157', '185']
['92']
['51']
['45', '173', '178']
['20', '34', '40', '168', '260']
['44', '205', '345']
['258']
['377']
['86', '104', '250', '276', '363']
['77']
['126']
['270']
['109']
['37', '226']
['41', '72', '375']
['283']
['64']
['158']
['327', '328', '390']
['223', '227']
['206', '209']
['233']
['214', '237']
['256']
['298']
['228', '259']
['207', '381']
['12', '21', '243', '275']
['67', '289']
['85']
['155']
['29', '68', '164', '295']
['27', '94', '112', '150', '254', '306']
['376']
['152']
['322']
['118', '248']
['261']
['23', '252']
['388']
['357']
['18', '110']
['84', '129', '310', '393']
['47', '127', '273']
['35', '52', '88', '239']
['224']
['364']
['353', '395']
['62', '355']
['60', '90', '121', '196', '333', '348']
['163', '272', '399']
['267']
['324', '366', '367']
['79', '288', '301']
['122']
['19', '161']
['280']
['73', '305']
['286']
['285']
['33', '130', '133', '137', '329']
['325']
['167']
['105']
['359']
['10']
['81', '111', '320', '346', '347']
['356']
['31', '48', '58', '343']
['14', '149', '389']
['30', '257', '277']
['97']
['263', '360']
['115', '179', '218', '332', '374']
['181']
['274', '307', '371']
['387']
['43']
['57', '198']
['7', '159', '303', '365', '385', '394']
['139', '379']
['229']
['82', '134']
['106']
['271', '311']
['171']
['3']
['212', '326', '383']
['107']
['6', '36']
['349', '361']
['240']
['135']
['204']
['16', '175', '246']
['26', '96', '281', '321']
['24', '42', '236', '245']
['378']
['338']
['1', '287']
['160', '172', '220', '292']
['4', '9', '136', '187', '216', '217', '282', '351']
['98']
