['54lol', '425lol']
['455lol', '332lol', '401lol', '375lol']
['41lol', '204lol', '158lol', '178lol']
['495lol']
['150lol', '217lol', '447lol']
['210lol', '122lol', '450lol', '464lol']
['448lol']
['172lol']
['300lol', '314lol']
['10lol']
['87lol', '268lol', '108lol', '136lol']
['140lol', '491lol']
['344lol', '28lol', '291lol', '319lol', '413lol', '373lol', '234lol', '83lol', '302lol', '376lol', '416lol', '49lol', '42lol', '6lol', '64lol', '349lol', '387lol', '250lol', '105lol', '66lol', '30lol', '442lol', '345lol', '190lol', '281lol', '266lol', '305lol', '165lol', '5lol', '225lol', '39lol', '12lol', '497lol', '137lol', '154lol', '36lol', '438lol', '207lol', '389lol', '203lol', '208lol', '397lol', '249lol', '29lol', '0lol', '27lol', '298lol', '138lol', '301lol', '162lol', '131lol', '109lol', '89lol', '257lol', '57lol', '4lol', '467lol', '58lol', '439lol', '486lol', '361lol', '411lol', '237lol', '470lol', '490lol', '359lol', '48lol', '333lol', '50lol', '426lol', '153lol', '17lol', '193lol', '263lol', '129lol', '415lol', '412lol', '313lol', '337lol', '218lol', '317lol', '322lol', '434lol', '222lol', '258lol', '272lol', '31lol', '483lol', '161lol', '181lol', '106lol', '247lol', '156lol', '354lol', '408lol', '358lol', '356lol', '390lol', '80lol', '94lol', '163lol', '383lol', '147lol', '133lol', '406lol', '278lol', '284lol', '346lol', '236lol', '32lol', '441lol', '288lol', '126lol', '8lol', '145lol', '62lol', '167lol', '92lol', '343lol', '79lol', '52lol', '264lol', '146lol', '468lol', '2lol', '81lol', '169lol', '311lol', '371lol', '499lol', '494lol', '484lol', '132lol', '110lol', '242lol', '334lol', '481lol', '342lol', '405lol', '433lol', '295lol', '45lol', '445lol', '269lol', '369lol', '395lol', '125lol', '119lol', '309lol', '430lol', '24lol', '260lol', '362lol', '321lol', '366lol', '459lol', '180lol', '323lol', '13lol', '457lol', '157lol', '325lol', '102lol', '149lol', '85lol', '117lol', '34lol', '378lol', '246lol', '171lol', '421lol', '432lol', '98lol', '235lol', '230lol', '229lol', '417lol', '86lol', '15lol', '308lol', '299lol', '214lol', '244lol', '399lol', '43lol', '265lol', '175lol', '348lol', '90lol', '365lol', '84lol', '191lol', '303lol', '245lol', '429lol', '477lol', '318lol', '46lol', '496lol', '386lol', '88lol', '306lol', '259lol', '179lol', '315lol', '283lol', '456lol', '19lol', '462lol', '273lol', '33lol', '297lol', '370lol', '104lol']
['391lol']
['173lol']
['188lol']
['255lol']
['20lol', '44lol']
['360lol', '394lol']
['174lol', '363lol', '189lol', '444lol', '124lol', '51lol']
['183lol', '186lol', '400lol', '296lol', '219lol']
['347lol']
['276lol']
['492lol', '221lol', '139lol']
['328lol']
['420lol', '380lol', '403lol', '241lol']
['198lol', '487lol', '437lol', '478lol']
['475lol']
['11lol']
['232lol', '310lol', '351lol', '327lol', '26lol']
['40lol']
['231lol', '423lol']
['248lol']
['472lol']
['474lol']
['37lol', '130lol', '9lol']
['216lol', '498lol', '70lol']
['489lol', '206lol', '493lol', '144lol', '111lol', '159lol', '135lol', '238lol']
['223lol', '97lol', '368lol', '3lol']
['194lol', '277lol', '53lol']
['382lol', '95lol', '312lol', '252lol']
['270lol', '307lol', '127lol', '336lol']
['160lol', '67lol']
['112lol', '261lol', '293lol', '200lol']
['199lol']
['290lol', '164lol', '134lol']
['187lol', '35lol']
['103lol', '436lol', '107lol', '118lol']
['476lol', '414lol', '393lol', '440lol']
['428lol']
['452lol']
['213lol']
['488lol', '419lol']
['372lol', '274lol', '377lol']
['285lol', '331lol', '77lol', '316lol']
['287lol', '385lol']
['69lol', '431lol', '473lol']
['469lol', '228lol']
['279lol', '384lol', '65lol']
['341lol', '480lol', '227lol', '68lol', '82lol', '115lol', '396lol', '14lol']
['453lol', '256lol', '424lol', '410lol']
['143lol', '96lol', '243lol']
['23lol']
['76lol']
['398lol', '7lol', '182lol']
['78lol', '56lol', '458lol']
['72lol', '184lol']
['212lol']
['262lol', '460lol', '185lol', '451lol', '25lol', '101lol', '330lol', '466lol', '120lol']
['339lol', '209lol', '379lol', '220lol']
['267lol']
['168lol', '388lol']
['197lol']
['61lol']
['355lol', '254lol', '407lol', '374lol']
['215lol', '123lol']
['304lol', '142lol', '443lol']
['465lol', '141lol', '121lol']
['352lol', '202lol', '418lol']
['93lol', '18lol', '224lol', '471lol']
['152lol', '114lol']
['113lol', '422lol', '155lol', '170lol', '71lol']
['59lol']
['286lol', '409lol', '176lol', '151lol']
['148lol', '99lol', '47lol', '435lol', '282lol']
['350lol', '16lol', '22lol']
['329lol']
['392lol']
['340lol', '74lol']
['100lol']
['195lol']
['449lol']
['226lol']
['21lol', '63lol', '75lol', '233lol', '239lol']
['251lol', '55lol', '166lol', '353lol', '128lol']
['240lol', '404lol', '463lol']
['479lol', '1lol', '73lol']
['402lol', '335lol', '196lol', '364lol', '60lol']
['338lol', '326lol', '357lol', '116lol', '292lol', '367lol', '461lol', '192lol', '427lol']
['485lol']
['289lol']
['275lol']
['38lol', '446lol', '324lol', '201lol', '211lol', '454lol', '205lol', '381lol', '91lol', '271lol', '280lol', '482lol']
['177lol']
['253lol', '294lol']
['320lol']
