['34', '54', '63', '88', '154', '184', '209', '250', '255', '264', '265', '270', '272', '273', '277', '287', '289', '291']
['39']
['6', '21', '24', '64', '82', '179', '182', '216', '219', '227', '232', '248', '251', '278', '284', '286', '292', '293']
['38', '98', '109', '145', '161', '193', '215']
['3', '5', '14', '46', '49', '69', '81', '103', '104', '105', '113', '131', '137', '138', '139', '141', '144', '148', '197', '231']
['9', '120', '160', '175', '185', '194', '207', '217', '236', '269', '282']
['1', '11', '12', '13', '16', '20', '22', '28', '33', '40', '43', '51', '57', '59', '65', '74', '75', '84', '86', '99']
['93', '107', '126', '167', '168', '206', '252']
['53', '60', '83', '96', '100', '136', '153', '159', '166', '187', '195', '239']
['25', '91', '118', '130', '224', '233', '260', '283']
['17', '29', '31', '71', '80', '121', '134', '146', '152', '173', '218', '221', '223', '226', '229', '234', '257', '259', '262']
['4', '45', '87', '90', '92', '95', '122', '149', '180', '214', '230', '237', '253', '279', '288']
['2', '8', '36', '52', '72', '101', '147', '150', '186', '192', '196', '200', '222', '242', '243', '245', '263', '267', '295']
['19', '89', '111', '114', '116', '125', '129', '155', '174', '188', '203', '208', '210', '249', '297', '299', '300']
['7', '70', '79', '108', '110', '123', '127', '128', '140', '143', '158', '172', '198', '201', '228', '244', '258', '274', '280']
['10', '23', '32', '48', '73', '77', '94', '115', '119', '142', '165', '170', '191', '213', '268', '281']
['15', '30', '50', '55', '76', '156', '162', '169', '178', '189', '202', '205', '211', '238', '275', '285']
['35', '41', '56', '62', '67', '68', '102', '135', '157', '181', '183', '225', '235', '240', '246', '254', '266', '271']
['18', '27', '47', '58', '78', '85', '97', '124', '133', '177', '190', '199', '204', '212', '220', '247', '256', '261', '294', '296']
['26', '37', '42', '44', '61', '66', '106', '112', '117', '132', '151', '163', '164', '171', '176', '241', '276', '290', '298']
