['80', '97', '147', '149', '156', '172', '180', '184', '194', '199', '212', '219', '251', '262', '279']
['1', '16', '24', '28', '41', '87', '125', '157', '201', '204', '205', '246', '269', '275']
['4', '38', '42', '54', '64', '71', '94', '104', '162', '196', '236', '276']
['39', '95', '128', '187', '213', '222', '268', '271', '273', '284', '293']
['22', '35', '69', '74', '84', '111', '124', '140', '175', '210', '244', '285']
['27', '33', '47', '55', '136', '176', '241']
['9', '15', '20', '61', '75', '77', '86', '105', '144', '159', '164', '197', '216']
['37', '51', '65', '91', '98', '107', '121', '135', '155', '209', '215', '240', '248', '257', '264']
['40', '114', '131', '132', '133', '185', '188', '280']
['12', '25', '60', '62', '72', '148', '167', '173', '191']
['5', '8', '21', '36', '101', '108', '109', '130', '198', '208', '238', '250', '260']
['0', '17', '30', '34', '44', '57', '96', '120', '123', '137', '152', '224', '227', '242', '283']
['14', '73', '110', '158', '169', '192', '193', '211', '217', '220', '228', '231', '243', '259', '277']
['11', '18', '31', '50', '53', '56', '59', '88', '168', '171', '182', '207', '218', '298']
['13', '19', '26', '29', '66', '117', '134', '146', '183', '233', '247', '261']
['3', '48', '70', '85', '170', '221', '223', '234', '272', '299']
['79', '112', '115', '122', '126', '127', '161', '190', '252', '255', '256', '278', '290']
['45', '113', '203', '288', '296']
['46']
['67', '90', '93', '119', '129', '141', '142', '145', '150', '151', '153', '174', '230', '274', '291']
['32', '52', '166', '189', '239', '258', '265', '281', '295', '297']
['6', '10', '49', '58', '82', '286']
['23', '63', '103', '118', '138', '179', '181', '249', '254', '263', '282']
['68', '83', '89', '100', '143', '165', '177', '214', '235', '245', '292']
['78', '106']
['7', '43', '102', '178', '229', '253', '266']
['2', '76', '116', '139', '154', '160', '186', '195', '232', '289']
['163', '200', '226', '270', '294']
['99', '225', '267']
['81', '92', '202', '206', '237', '287']
