['4', '40', '139', '180', '239', '264', '313', '422', '489']
['0', '7', '8', '10', '9', '11', '50', '51', '52', '53', '57', '56', '58', '73', '74', '94', '95', '96', '97', '124', '125', '126', '149', '151', '150', '152', '195', '194', '196', '197', '234', '235', '247', '248', '331', '332', '333', '334', '434', '433']
['67', '89', '103', '115', '116', '122', '136', '170', '179', '191', '207', '212', '304', '308', '316', '362', '365', '371', '379', '380', '385', '386', '404', '406', '426', '432', '437', '444', '478']
['3', '28', '61', '84', '87', '88', '104', '110', '112', '114', '143', '156', '167', '168', '208', '216', '217', '223', '225', '238', '249', '254', '256', '274', '278', '290', '295', '298', '343', '344', '360', '367', '382', '396', '410', '466', '483']
['63', '135', '356']
['17', '32', '34', '70', '75', '83', '108', '113', '117', '121', '127', '154', '158', '166', '211', '261', '262', '268', '271', '328', '348', '388', '400', '409', '436', '450', '460', '462', '477', '487', '494', '495', '498']
['2', '5', '45', '59', '72', '77', '79', '137', '229', '310', '322', '352', '358', '375', '397', '401', '427', '429', '443', '499']
['36', '37', '109', '111', '118', '181', '182', '201', '220', '236', '269', '275', '338', '345', '350', '384', '387', '389', '398', '415', '446', '454', '463', '480', '492']
['22', '23', '27', '31', '38', '42', '44', '46', '49', '90', '92', '93', '192', '193', '243', '245', '259', '270', '273', '292', '297', '303', '305', '311', '318', '337', '342', '347', '359', '368', '381', '390', '391', '395', '403', '414', '451']
['18', '30', '33', '54', '86', '91', '101', '146', '155', '171', '190', '272', '276', '277', '285', '289', '291', '296', '327', '329', '374', '377', '421', '457', '468', '472', '491']
['6', '21', '35', '65', '85', '106', '129', '174', '176', '185', '188', '189', '221', '226', '230', '233', '241', '267', '287', '293', '299', '300', '319', '323', '353', '361', '366', '370', '373', '378', '431', '439', '445', '455', '470', '481', '482']
['14', '43', '76', '105', '119', '140', '163', '184', '224', '227', '257', '306', '309', '335', '339', '354', '357', '399', '413', '430', '438', '459']
['286', '307', '490']
['1', '12', '15', '47', '60', '66', '131', '133', '141', '147', '153', '157', '159', '162', '204', '215', '240', '251', '253', '263', '281', '288', '294', '302', '320', '351', '363', '405', '428', '441', '442', '458', '461', '465', '469', '471', '476']
['48', '55', '69', '78', '80', '82', '100', '128', '130', '142', '148', '165', '173', '178', '183', '210', '246', '250', '258', '279', '280', '321', '324', '340', '376', '383', '420', '452', '475', '479']
['13', '19', '20', '24', '39', '41', '62', '98', '134', '164', '175', '199', '203', '213', '219', '232', '244', '284', '312', '346', '349', '407', '497']
['64', '107', '202', '206', '222', '283', '325', '402', '411', '418', '453']
['16', '25', '26', '29', '68', '71', '81', '99', '120', '132', '138', '198', '214', '218', '255', '260', '265', '266', '315', '317', '326', '336', '355', '364', '369', '393', '416', '417', '423', '424', '425', '440', '448', '449', '456', '464', '467', '473', '484']
['161', '205', '231', '301', '408', '412', '419']
['102', '123', '144', '145', '160', '169', '172', '177', '186', '187', '200', '209', '228', '237', '242', '252', '282', '314', '330', '341', '372', '392', '394', '435', '447', '474', '485', '486', '488', '493', '496']
