['113', '172', '237', '293', '406']
['99', '188', '264', '280', '291']
['177', '422']
['183', '320', '371']
['21', '149', '319', '335', '374']
['97', '205', '353', '388']
['58', '127', '179']
['110', '147']
['9', '51', '86', '155']
['175', '224', '241', '326']
['62', '120', '121', '359', '387']
['65', '191', '201', '355', '363']
['294']
['25', '60', '231', '304', '400']
['35', '68', '116']
['94', '272', '308', '314']
['75', '342', '392']
['48', '78', '122', '249']
['109', '132', '173', '266', '325']
['10', '184', '425']
['200', '414']
['34', '82', '135', '331']
['31', '154', '283', '305', '318']
['245']
['46', '63', '117', '221', '273']
['30', '330', '409']
['4', '108', '126', '285']
['22', '189', '259', '269', '299']
['199', '226', '290', '303', '327']
['13', '368', '416']
['59', '134', '195', '202', '399']
['95', '151', '216', '262', '276']
['2', '168', '180', '206', '246']
['23', '70', '123', '230']
['50', '84', '160', '391', '407']
['73', '289', '338', '346', '357']
['96', '98', '256', '384']
['373']
['28', '80', '248']
['74', '204', '209']
['8', '106', '333']
['166', '350', '367']
['157', '181', '198', '247', '379']
['102', '136', '186', '426']
['1', '159', '271', '292']
['171', '193', '286']
['170', '329']
['174', '238', '302', '344', '415']
['218']
['137', '197', '222', '334', '351']
['6', '158']
['72', '185', '324']
['85', '146', '278', '321']
['267', '421']
['87', '297']
['227', '332']
['0', '143', '194', '211', '212']
['100', '133', '261', '295', '296']
['88', '309', '394']
['47', '150']
['275']
['115', '118', '244', '253', '307']
['354']
['130', '203', '322', '411']
['15', '81', '162', '239']
['167', '187']
['107', '287', '315']
['114', '125', '142', '316', '412']
['265', '270', '311', '345', '381']
['152', '153', '251', '252', '356']
['104', '111', '192']
['38', '215', '341', '405']
['12', '61', '93', '101', '129']
['217', '340', '376']
['235']
['54']
['52', '56', '69', '401']
['55', '103', '165', '236']
['5', '18', '362']
['372', '413']
['29', '161', '258', '306', '385']
['43', '190', '220', '310']
['139', '164']
['277', '282', '419']
['343', '364', '375']
['112', '145', '163']
['7', '360']
['36', '45']
['312', '393', '398']
['128', '233', '339', '352']
['255']
['234', '279', '284', '397']
['44', '260', '263', '288']
['53', '76', '141', '313', '386']
['14', '223']
['140', '298', '366', '390']
['42', '317', '323', '347']
['3', '77', '119', '403']
['11', '27', '66', '71', '79']
['83', '420']
['92', '156', '219']
['26', '207', '214', '257']
['40', '182']
['17', '169', '210', '281', '408']
['41', '336', '361']
['67', '377', '378', '418']
['348', '380']
['228', '243', '410']
['32', '124', '240', '274', '424']
['24', '49', '328', '369', '370']
['19', '242', '337', '349', '365']
['138', '402', '423']
['37', '396']
['33', '196']
['225', '404']
['131']
['64', '91', '250', '254']
['148', '232', '383', '389']
['89', '90', '105', '268', '301']
['20', '178', '229', '395', '417']
['39', '57', '144', '358', '382']
['16', '176', '208', '213', '300']
