['0', '16', '34', '51', '56', '59', '106', '124', '151', '157', '170', '187', '195', '201', '206', '211', '229', '251', '256', '273', '279', '287', '300', '307', '362']
['5', '13', '30', '75', '79', '98', '100', '127', '145', '146', '168', '173', '181', '235', '259', '271', '274', '305', '345', '365', '368', '373', '378', '383', '385']
['6', '15', '18', '24', '40', '67', '83', '95', '97', '102', '118', '134', '143', '171', '185', '190', '246', '268', '315', '346', '366', '379']
['2', '26', '52', '64', '89', '113', '138', '231', '250', '310', '351', '363', '382']
['31', '42', '88', '92', '104', '136', '153', '156', '177', '182', '198', '209', '247', '265', '269', '281', '282', '288', '293', '294', '308', '313', '317', '337', '392']
['3', '17', '27', '61', '90', '103', '116', '120', '166', '212', '217', '225', '254', '277', '292', '295', '376', '377', '386']
['21', '41', '55', '121', '218', '219', '234', '249', '285', '330', '332', '374']
['4', '11', '36', '54', '80', '125', '142', '169', '186', '189', '203', '220', '243', '278', '322', '349', '352', '353', '395', '399']
['8', '25', '35', '68', '122', '126', '129', '131', '148', '155', '183', '196', '207', '233', '257', '262', '286', '290', '296', '319', '339', '340', '355', '380']
['46', '47', '53', '60', '115', '144', '167', '204', '230', '240', '244', '245', '263', '291', '306', '357', '398', '400']
['14', '23', '37', '38', '58', '70', '94', '105', '107', '109', '111', '133', '147', '150', '154', '174', '176', '205', '309', '327', '336', '364', '381']
['49', '62', '76', '81', '108', '110', '149', '158', '162', '172', '199', '222', '223', '258', '303', '312', '316', '342', '344', '350', '372', '384']
['43', '44', '74', '86', '93', '114', '135', '178', '191', '283', '284', '289', '297', '298', '343', '348', '390', '394']
['9', '12', '19', '39', '57', '72', '77', '84', '119', '165', '184', '214', '236', '261', '272', '314', '326', '341', '354', '359', '360', '393', '396']
['1', '29', '71', '82', '101', '112', '123', '141', '152', '164', '194', '210', '213', '216', '248', '252', '299', '302', '331', '335', '375', '397']
['22', '50', '66', '96', '200', '208', '224', '227', '232', '253', '275', '280', '318', '321', '333', '338', '361']
['65', '87', '117', '159', '179', '202', '239', '241', '242', '255', '260', '266', '270', '276', '311', '356', '367', '388']
['7', '32', '48', '63', '69', '78', '130', '132', '137', '140', '160', '175', '180', '188', '192', '197', '215', '304', '329', '334', '358', '387', '391']
['10', '20', '33', '73', '161', '238', '264', '301', '320', '323', '325']
['28', '45', '85', '91', '99', '128', '139', '163', '193', '221', '226', '228', '237', '267', '324', '328', '347', '369', '370', '371', '389']
