['444', '446', '441', '401', '393', '394', '353', '336', '339', '341', '320', '11118', '272', '206', '195', '129', '116', '86', '75', '64', '51', '25', '15']
['439', '409', '410', '369', '314', '1119', '158', '94', '82', '37', '24']
['416', '390', '11117', '264', '164', '91', '60', '26']
['428', '417', '11123', '304', '282', '284', '270', '260', '234', '236', '224', '229', '210', '198', '186', '188', '138', '111', '102', '67', '62', '42', '32']
['461', '448', '418', '419', '404', '11124', '354', '350', '337', '11119', '247', '248', '251', '223', '211', '212', '191', '184', '149', '1117', '117', '106', '96', '90', '46']
['422', '402', '376', '366', '370', '11122', '342', '315', '308', '299', '265', '245', '177', '157', '152', '104', '49', '30']
['462', '463', '4', '1', '0', '453', '3', '2', '405', '331', '319', '302', '294', '296', '271', '11127', '222', '197', '200', '176', '11110', '133', '135', '136', '137', '14', '18', '12', '1111', '11114']
['425', '349', '317', '217', '213', '74', '47']
['391', '300', '214', '182', '142', '130', '52', '27']
['412', '407', '367', '355', '359', '346', '327', '328', '323', '306', '310', '273', '261', '230', '219', '205', '168', '50', '21', '17', '20', '11129']
['438', '424', '351', '344', '11120', '303', '289', '11115', '246', '220', '11111', '6', '190', '183', '124', '98', '73', '69', '48', '13']
['452', '454', '449', '400', '384', '385', '387', '382', '358', '335', '297', '287', '277', '278', '255', '257', '243', '244', '232', '235', '185', '155', '148', '128', '92', '28', '34', '22', '23']
['466', '5', '434', '380', '340', '326', '291', '275', '227', '192', '143', '144', '127', '108', '70', '68', '44', '1113', '1114', '40', '9', '1112']
['464', '465', '442', '443', '364', '330', '332', '325', '309', '295', '274', '258', '238', '218', '208', '179', '174', '162', '167', '160', '119', '123', '115', '107', '100', '81', '43', '38', '29', '11113']
['432', '437', '396', '386', '374', '356', '352', '333', '321', '316', '290', '276', '256', '11116', '240', '231', '225', '228', '209', '199', '202', '180', '153', '126', '125', '79', '71']
['450', '451', '420', '411', '397', '392', '395', '348', '318', '286', '267', '253', '254', '241', '233', '175', '171', '154', '140', '139', '118', '1115', '76', '16']
['456', '440', '433', '436', '413', '375', '377', '362', '11121', '357', '338', '292', '279', '280', '226', '221', '203', '172', '122', '99', '66', '56', '36', '39']
['445', '11126', '430', '414', '403', '406', '388', '371', '363', '313', '301', '305', '281', '11112', '207', '187', '178', '173', '161', '166', '156', '151', '145', '121', '114', '109', '103', '95', '85', '88']
['458', '398', '389', '347', '324', '293', '283', '194', '146', '84', '11']
['460', '426', '429', '421', '423', '361', '343', '334', '312', '288', '262', '263', '249', '239', '215', '131', '57', '59', '45', '41']
['447', '415', '399', '372', '329', '322', '266', '252', '242', '216', '204', '189', '193', '181', '163', '165', '1118', '110', '93', '1116', '78', '63', '65', '61', '7', '8']
['457', '455', '431', '381', '373', '365', '345', '311', '285', '269', '259', '237', '196', '169', '170', '159', '147', '150', '132', '120', '112', '113', '101', '77', '80', '83', '72', '54', '33']
['467', '459', '435', '11125', '427', '408', '378', '379', '383', '368', '360', '307', '298', '268', '11128', '250', '201', '141', '134', '105', '97', '87', '89', '58', '53', '55', '35', '31', '19', '10']
