['011', '016', '021', '022', '028', '061', '073', '079', '126', '137', '183', '184', '187', '230', '246', '278', '328', '342', '354', '368', '386', '401', '404', '430']
['031', '068', '071', '087', '166', '179', '218', '227', '258', '308', '318', '323', '327', '335', '350', '376', '397', '399', '429', '436', '488']
['000', '025', '026', '050', '075', '101', '125', '151', '176', '201', '225', '226', '250', '275', '276', '283', '291', '301', '325', '326', '351', '375', '400', '426', '451']
['018', '046', '052', '097', '119', '127', '157', '165', '188', '192', '204', '221', '234', '265', '288', '298', '334', '361', '379', '417', '424', '467', '485']
['020', '037', '048', '055', '111', '112', '124', '129', '135', '161', '162', '169', '190', '209', '212', '247', '284', '336', '340', '359', '367', '443', '483', '497']
['041', '063', '067', '085', '091', '114', '140', '159', '180', '196', '238', '306', '339', '355', '385', '391', '398', '412', '413', '416', '422', '441', '445', '446']
['001', '032', '035', '043', '051', '100', '110', '122', '145', '152', '167', '175', '217', '302', '322', '330', '377', '378', '396', '437', '449', '491', '492']
['013', '029', '070', '088', '130', '136', '138', '143', '163', '206', '220', '224', '235', '266', '274', '290', '372', '374', '382', '419', '427', '433', '448', '482']
['004', '005', '017', '038', '069', '115', '131', '139', '156', '168', '174', '199', '207', '243', '287', '289', '349', '407', '440', '450', '456', '471', '484', '490']
['010', '014', '027', '034', '056', '058', '095', '149', '155', '172', '194', '236', '252', '270', '286', '294', '408', '411', '435', '487', '493']
['065', '083', '104', '109', '134', '158', '160', '211', '242', '300', '307', '310', '313', '343', '383', '387', '420', '428', '453', '465', '468', '480', '486']
['090', '108', '118', '146', '177', '178', '181', '191', '198', '203', '216', '237', '251', '256', '261', '271', '304', '319', '332', '338', '348', '390', '409', '432']
['002', '042', '047', '057', '116', '147', '153', '154', '189', '193', '210', '228', '279', '293', '311', '324', '369', '442', '470', '476']
['006', '044', '062', '066', '086', '133', '148', '150', '222', '231', '245', '262', '299', '320', '358', '365', '395', '410', '464', '469', '499']
['009', '023', '036', '045', '223', '273', '381', '478', '481', '494']
['003', '015', '019', '024', '033', '040', '072', '084', '094', '117', '141', '144', '171', '260', '264', '281', '312', '363', '371', '389', '394', '423', '425', '460', '466']
['012', '039', '098', '106', '113', '121', '123', '132', '197', '248', '255', '268', '269', '277', '292', '305', '309', '333', '346', '357', '384', '388', '431', '496']
['054', '078', '080', '096', '103', '173', '186', '202', '208', '232', '239', '341', '345', '352', '370', '405', '421', '444', '447', '452', '455', '463', '472', '474']
['060', '081', '093', '099', '105', '107', '185', '205', '215', '244', '267', '296', '314', '317', '344', '362', '366', '373', '415', '438', '439', '457', '479', '498']
['059', '076', '092', '102', '120', '128', '164', '170', '214', '229', '233', '280', '303', '316', '329', '353', '356', '402', '403', '462', '473', '477', '489']
['008', '064', '082', '089', '182', '200', '213', '219', '241', '249', '254', '272', '295', '347', '360', '364', '380', '392', '406', '414', '418', '434', '454', '475']
['007', '030', '049', '053', '074', '077', '142', '195', '240', '253', '257', '259', '263', '282', '285', '297', '315', '321', '331', '337', '393', '458', '459', '461', '495']
