['413', '368', '321', '231', '209', '174', '107']
['477', '435', '430', '420', '411', '410', '395', '377', '364', '357', '345', '337', '331', '323', '306', '299', '259', '226', '225', '221', '217', '211', '210', '206', '189', '182', '175', '171', '158', '151', '149', '138', '134', '132', '108', '103', '100', '52', '44', '30', '16']
['451', '450', '398', '371', '367', '358', '349', '341', '336', '332', '314', '311', '309', '274', '256', '254', '236', '216', '207', '205', '198', '193', '178', '177', '167', '157', '137', '130', '98', '51', '31', '15', '13', '11']
['479', '452']
['454', '444', '418', '406', '376', '370', '307', '305', '218', '203', '169', '143', '55', '36', '21', '7']
['442', '402', '392', '388', '366', '356', '355', '288', '270', '255', '214', '197', '168', '162', '102', '99', '40', '20', '17']
['467', '463', '462', '385', '346', '315', '310', '295', '246', '201', '181', '176', '106', '25']
['465', '324', '319', '241', '170', '156', '147', '101', '90']
['423', '408', '399', '397', '393', '391', '387', '372', '350', '348', '327', '313', '290', '264', '258', '251', '238', '234', '219', '202', '194', '185', '173', '148', '146', '142', '139', '133', '72', '61', '49', '45', '34', '32', '18', '12']
['453', '338']
['447', '428', '360', '296', '272', '252', '222', '118', '63', '59', '53']
['473', '469', '456', '448', '433', '416', '415', '386', '373', '333', '328', '322', '308', '303', '300', '297', '294', '283', '279', '267', '240', '215', '213', '199', '144', '116', '113', '94', '77', '68', '46', '28', '14', '6']
['472', '441', '426', '425', '424', '421', '414', '403', '394', '390', '369', '365', '347', '344', '342', '334', '326', '304', '298', '292', '285', '265', '253', '243', '237', '230', '195', '179', '166', '161', '160', '104', '88', '62', '42', '27', '26', '9', '4', '0']
['478', '466', '459', '440', '439', '429', '422', '417', '412', '405', '400', '396', '389', '380', '375', '363', '361', '353', '351', '343', '339', '335', '325', '301', '280', '262', '242', '228', '224', '220', '212', '204', '188', '183', '180', '150', '97', '92', '57', '43', '23', '5', '1']
['445', '437', '431', '378', '359', '354', '330', '287', '276', '268', '266', '261', '250', '154', '145', '141', '136', '124', '112', '105', '96', '39']
['481', '455', '427', '362', '318', '302', '293', '282', '278', '263', '249', '208', '172', '155', '29', '10']
['476', '458', '438', '436', '383', '382', '381', '284', '271', '269', '260', '245', '235', '227', '187', '184', '164', '163', '159', '153', '140', '126', '111', '95', '91', '89', '58', '54', '50', '48', '47', '41', '38', '37', '3']
['443', '419', '409', '407', '401', '384', '379', '374', '286', '273', '248', '247', '244', '233', '200', '192', '165', '135', '123', '109', '33', '19']
['329', '275']
['480', '461', '460', '457', '446', '434', '432', '404', '352', '340', '317', '316', '312', '289', '281', '257', '239', '232', '196', '191', '190', '186', '93', '65', '64', '60', '56', '35', '22', '8', '2']
['483', '482', '475', '474', '471', '470', '468', '464', '277', '229', '152', '131', '129', '128', '127', '125', '122', '121', '120', '119', '117', '115', '114', '110', '87', '86', '85', '84', '83', '82', '81', '80', '79', '78', '76', '75', '74', '73', '71', '70', '69', '67', '66']
['449', '320', '291', '223', '24']
