['452', '356']
['365', '122', '64', '476', '12']
['107', '284', '0']
['377', '96', '362', '208']
['135', '469', '477', '182']
['52']
['416']
['344', '213', '170', '403', '200', '140', '70']
['484', '349']
['230', '42']
['459', '496']
['486']
['166']
['92', '139', '164']
['324', '161', '65', '262', '423', '351']
['439', '489', '237', '451', '46']
['172', '16', '10']
['142']
['43']
['184']
['23', '211', '222']
['104']
['313', '246', '173']
['456', '414']
['57', '446', '190']
['281', '90']
['288']
['239', '460', '158', '444']
['297']
['93', '174', '153', '305', '406']
['353']
['341', '97', '487']
['276', '9', '271', '136', '441', '22', '94', '185']
['483']
['175']
['206']
['367', '292', '154']
['74', '421', '143']
['427', '2', '384']
['168']
['299', '163', '84']
['33']
['235', '374', '110']
['123']
['27', '253', '137', '447', '468', '272', '412', '98', '285']
['141']
['300']
['13', '113', '337', '405', '391']
['55', '180', '296']
['145']
['369']
['132', '480']
['188', '75', '63', '68', '266', '314', '131', '241', '326', '79', '465', '138']
['26']
['11', '457']
['205']
['28', '388', '413', '129', '258', '295', '382', '422', '115', '267', '399']
['376', '474', '39', '429', '290', '238', '438']
['350', '167']
['400']
['334', '197', '495', '89', '383']
['250']
['491', '119', '125', '366', '146']
['30', '331', '304', '307']
['373', '492']
['186', '312']
['280', '379', '330', '181', '458', '69']
['59']
['49']
['223', '232', '204', '73', '434', '407', '375', '336', '128', '265']
['494', '354', '278', '187', '273', '60', '249', '321']
['117', '215', '225', '499', '466', '179', '463', '435']
['387', '372', '488', '358']
['207']
['378']
['66', '224', '443', '4', '472', '105', '151', '317', '259', '85', '289', '345', '437', '87', '418', '149', '433', '72', '126', '467', '279', '44', '86', '392', '5', '254', '255', '440', '450', '221', '323', '333', '71', '201', '368', '193', '209', '95', '409', '454', '269', '302', '1', '80', '394', '485', '35', '462', '210', '283', '415', '82', '498', '195', '198', '268', '327', '103', '282', '348', '359', '445', '100', '38', '41', '88', '101', '159', '189', '328', '397', '47', '76', '81', '121', '277', '453', '51', '220', '395', '19', '231', '212', '257', '417', '127', '411', '155', '156', '432', '130', '361', '449', '320', '425', '25', '214', '236', '301', '325', '471', '99', '157', '291', '50', '58', '436', '116', '363', '464', '21', '340', '402', '408', '274', '343', '7', '183', '226', '177', '227', '386', '147', '194', '219', '171', '6', '34', '40', '36', '191', '311', '419', '455', '490', '293', '346', '256', '233', '270', '165', '303', '478', '8', '61', '124', '203', '244', '308', '315', '102', '148', '202', '247', '229', '396', '401', '497', '286', '109', '176', '357', '14', '83', '431', '37', '426', '15', '62', '133', '287', '385', '196', '228', '263', '242', '475', '493', '245', '24', '240', '260', '316', '329', '448', '481', '364', '461', '108', '150', '360']
['398']
['261']
['134', '243']
['118', '473', '169', '420']
['342', '370', '430']
['355', '106']
['77', '67', '275']
['48', '404', '20', '31']
['322', '482', '144', '335', '306', '152', '199', '479', '162', '192']
['3']
['178', '56', '424', '217', '352']
['442']
['114', '45', '339', '216', '338', '470', '218', '54', '17', '371']
['120', '381']
['111']
['29', '393', '389', '248']
['18', '390', '251', '160']
['264', '78']
['309']
['234']
['252', '32', '410']
['112', '347', '53', '310', '318', '298', '380', '428']
['91', '332', '319', '294']
