['4', '26', '63', '126', '141', '158', '161', '197', '205', '212', '221', '262', '279', '282', '292', '305', '320', '333', '341', '374', '385', '386', '405', '410', '424', '473', '494', '497']
['42', '49', '74', '107', '109', '120', '133', '138', '149', '155', '191', '211', '259', '272', '274', '294', '323', '338', '359', '407', '411', '426', '427', '465', '483', '492']
['32', '33', '34', '68', '80', '86', '113', '168', '173', '175', '180', '203', '242', '248', '261', '275', '304', '318', '329', '331', '352', '365', '387', '390', '431', '432', '437', '447', '453', '475']
['2', '5', '30', '35', '41', '58', '85', '89', '100', '103', '114', '116', '134', '156', '187', '202', '222', '224', '237', '238', '257', '280', '289', '353', '363', '376', '394', '461', '468', '481']
['0', '367', '380', '381', '382', '384', '391', '393', '395', '396', '398', '400', '408', '409', '412', '413', '414', '415', '420', '423', '429', '434', '436', '439', '440', '441', '446', '448', '449', '457']
['59', '69', '76', '95', '122', '137', '145', '255', '268', '270', '286', '296', '326', '342', '348', '364', '464', '477', '478', '486', '496']
['83', '159', '301']
['12', '16', '25', '36', '72', '124', '127', '183', '231', '260', '264', '281', '295', '297', '362', '378', '455', '487']
['13', '21', '48', '52', '55', '56', '65', '73', '143', '167', '170', '184', '185', '201', '251', '263', '266', '290', '300', '302', '317', '322', '335', '351', '354', '375', '401', '403', '435']
['81', '112', '162', '163', '209', '247', '249', '253', '265', '267', '330', '356', '430', '442', '472']
['57', '66', '71', '169', '277', '287', '288', '328', '349', '350', '360', '373', '489', '493']
['8', '9', '10', '45', '53', '54', '104', '131', '148', '165', '210', '298', '299', '307', '308', '309', '313', '343', '344', '355', '358', '470']
['29', '39', '70', '82', '97', '128', '132', '142', '176', '196', '215', '217', '218', '223', '226', '235', '236', '240', '285', '315', '383', '389', '406', '421', '422', '451', '466', '476']
['160']
['6', '28', '31', '154', '192', '219', '228', '269', '278', '284', '346', '404', '452', '456', '467', '485']
['444']
['18', '38', '67', '78', '84', '102', '117', '230', '243', '306', '316', '321', '336', '345', '372', '377', '416', '443', '458', '460', '471', '479']
['1', '3', '14', '47', '60', '90', '92', '93', '98', '99', '106', '135', '146', '152', '206', '216', '227', '319', '339', '417', '463', '480', '491']
['23', '119', '181', '195', '239', '303', '498']
['22', '24', '61', '75', '77', '87', '121', '123', '153', '164', '166', '174', '177', '189', '190', '214', '220', '225', '233', '250', '324', '325', '368', '369', '370', '379', '438', '454', '459']
['15', '19', '20', '37', '40', '43', '91', '111', '129', '140', '157', '194', '204', '207', '213', '246', '258', '276', '312', '314', '332', '334', '371', '399', '462', '488', '490', '499']
['7', '11', '44', '46', '79', '101', '115', '144', '147', '151', '172', '178', '186', '188', '193', '208', '245', '252', '254', '283', '291', '327', '340', '347', '392', '428', '474', '484']
['27', '51', '96', '105', '139', '200', '232', '271', '273', '310', '361', '397', '402', '482']
['17', '64', '88', '108', '125', '136', '179', '198', '199', '234', '293', '311', '337', '366', '418', '425', '433', '495']
['50', '62', '94', '110', '118', '130', '150', '171', '182', '229', '241', '244', '256', '357', '388', '419', '445', '450', '469']
