['56', '234', '253', '274', '329', '350', '381', '407', '420', '451', '498']
['8', '89', '97', '140', '154', '160', '231', '239', '337', '340', '458']
['9', '51', '215', '228', '241', '270', '275', '309', '360', '363', '378']
['12', '76', '87', '254', '290', '310', '316', '440', '446', '473']
['0', '2', '49', '248', '263', '334', '369', '386', '396', '435', '459']
['10', '27', '105', '135', '174', '235', '330', '367', '416', '419', '481']
['17', '114', '116', '153', '186', '188', '347', '388', '434', '499']
['4', '82', '167', '209', '271', '389', '421', '468', '495']
['24', '137', '157', '202', '242', '283', '308', '465', '482']
['7', '32', '41', '44', '81', '86', '118', '279', '288', '312', '342']
['90', '161', '164', '225', '233', '352', '410', '417', '447', '456', '467']
['42', '63', '100', '180', '197', '238', '393', '415', '430', '466', '490']
['72', '74', '102', '107', '259', '281', '320', '387', '411', '470', '492']
['73', '80', '91', '104', '179', '262', '392', '398', '448', '455']
['22', '26', '71', '121', '159', '207', '277', '365', '390', '463']
['37', '142', '183', '222', '260', '423', '442', '444', '454', '461', '496']
['20', '115', '124', '131', '133', '191', '205', '293', '303', '327']
['13', '98', '128', '182', '212', '230', '284', '301', '354']
['5', '48', '79', '134', '278', '289', '356', '375', '391', '439']
['11', '57', '83', '170', '190', '194', '246', '305', '346']
['59', '88', '226', '237', '286', '426', '441']
['136', '155', '173', '201', '218', '373', '406', '453', '494']
['40', '47', '69', '84', '184', '192', '264', '298', '299', '357', '372']
['67', '119', '129', '229', '243', '313', '339', '404', '414', '462', '486']
['3', '19', '29', '35', '60', '99', '117', '130', '236', '324', '460']
['39', '149', '152', '178', '206', '227', '418', '424', '436']
['147', '151', '245', '326', '348', '355', '364', '376', '405', '475', '485']
['78', '172', '220', '331', '343', '397', '464']
['18', '145', '232', '257', '276', '287', '318', '366', '429', '476']
['15', '52', '109', '113', '169', '199', '210', '224', '341', '394', '474']
['30', '120', '144', '280', '317', '319', '380', '382', '472', '484', '497']
['38', '50', '58', '66', '92', '108', '204', '371', '445', '450', '493']
['55', '62', '65', '138', '211', '213', '216', '221', '282', '296', '370']
['53', '101', '168', '272', '307', '311', '353', '399', '443', '477', '483']
['126', '175', '208', '251', '255', '291', '368', '401']
['25', '28', '68', '103', '165', '214', '266', '294', '428']
['94', '132', '163', '198', '244', '261', '265', '297', '345', '379']
['1', '6', '21', '33', '54', '148', '177', '349', '374', '384', '433']
['43', '93', '95', '146', '322', '383', '427', '438', '489']
['34', '85', '110', '143', '176', '189', '223', '402', '449']
['46', '75', '193', '332', '351', '413']
['36', '111', '122', '187', '315', '328', '358', '362', '395', '409', '412']
['16', '23', '156', '247', '252', '258', '338', '377', '400', '437', '471']
['45', '158', '267', '273', '285', '302', '306', '321', '425', '488']
['96', '200', '240', '292', '333', '336', '359', '408', '479']
['123', '162', '250', '344', '431', '432', '452', '478', '480', '491']
['106', '141', '166', '181', '203', '249', '268', '300', '314', '335', '403']
['14', '139', '150', '185', '196', '217', '325', '361', '422', '469']
['31', '64', '70', '77', '125', '171', '256', '304', '487']
['61', '112', '127', '195', '219', '269', '295', '323', '385', '457']
