['280', '359', '183', '59', '327', '312', '49', '145', '103', '201', '23', '332', '329', '284', '48', '10', '371', '217']
['159', '385', '388', '212', '276', '45', '297', '150', '86', '180', '211', '321', '253', '41', '34', '229', '130', '333', '351', '158']
['290', '189', '239', '215', '368', '342', '301', '118', '349', '129', '28', '293', '64', '107', '16', '338', '311', '165']
['197', '225', '131', '214', '117', '221', '334', '68', '302', '400', '249', '87', '58', '170', '83', '60', '40']
['166', '266', '326', '289', '94', '108', '271', '303', '288', '318', '50', '232', '19', '29', '52', '362', '238', '286', '235']
['230', '97', '220', '304', '372', '67', '138', '315', '186', '194', '75', '154', '24', '283', '112']
['317', '124', '14', '279', '78', '314', '90', '139', '261', '320', '27', '132', '316', '80', '361', '11', '111', '167', '375', '223']
['206', '366', '126', '88', '387', '264', '164', '200', '254', '25', '13', '46', '397', '123', '292']
['82', '222', '204', '141', '8', '18', '30', '143', '300', '110', '61', '43', '337', '137', '379', '77', '36', '85', '322', '354']
['224', '31', '218', '42', '202', '399', '213', '66', '392', '324', '69', '148', '120', '109', '156', '237', '262', '163', '102', '177']
['6', '71', '91', '122', '353', '268', '127', '339', '219', '398', '144', '55', '168', '336', '37']
['191', '389', '380', '105', '282', '188', '5', '384', '319', '179', '234', '133', '227', '193', '231', '196']
['99', '116', '106', '208', '22', '76', '323', '394', '169', '73', '101', '26', '4', '216', '134', '306', '330', '192', '199', '20']
['285', '198', '84', '81', '376', '7', '56', '274', '370', '236', '364', '396', '125', '184', '381', '100', '307', '281', '104', '228']
['369', '147', '210', '226', '176', '72', '277', '205', '47', '373', '287', '114', '38', '32', '98', '382', '331', '3', '344']
['155', '345', '343', '383', '65', '93', '39', '270', '79', '313', '328', '128', '356', '357']
['269', '350', '386', '96', '358', '153', '340', '142', '365', '305', '291', '161', '44', '325', '335', '377', '346', '54', '278']
['341', '9', '207', '95', '310', '241', '347', '171', '57', '70', '360', '53', '173', '115', '296', '374', '136', '149', '74', '51']
['299', '1', '391', '272', '160', '252', '390', '146', '195', '182', '190', '135', '393', '355', '174', '62', '367', '12', '157', '33']
['185', '309', '352', '162', '294', '63', '151', '203', '113', '2', '308', '378', '395', '273', '89', '152', '363']
['92', '250', '258', '260', '265', '255', '246', '245', '257', '240', '247', '248', '242', '243', '251', '263', '256', '259', '244', '267']
['178', '209', '172', '121', '298', '175', '17', '15', '295', '21', '181', '140', '35', '187', '275', '348', '233', '119']
