['102', '142', '160', '188', '291', '313', '459', '462', '471', '497']
['64', '128', '162', '205', '214', '231', '267', '289', '302', '293', '394', '438']
['8', '49', '65', '87', '131', '297', '298', '340', '353', '434', '485']
['36', '165', '259']
['23', '67', '60', '136', '137', '169', '213', '274', '286', '296', '314', '339', '350', '362', '375', '391', '490']
['24', '25', '57', '122', '127', '174', '199', '218', '292', '332', '343', '372', '378']
['47', '51', '121', '155', '207', '222', '273', '363', '465', '476', '487', '493']
['52', '180', '393', '399', '435', '458']
['48', '61', '97', '98', '125', '168', '227', '244', '280', '410', '421', '432', '453']
['202', '389']
['18', '27', '163', '395', '445', '467']
['2', '33', '96', '159', '234', '307', '342', '463']
['7', '100', '152', '153', '210', '226', '237', '262', '287', '303', '305', '322', '327', '331', '371', '392']
['54', '104', '135', '206', '238', '422']
['0', '56', '69', '75', '146', '151', '154', '193', '212', '229', '241', '260', '295', '325', '341', '379', '385', '472', '478']
['14', '81', '85', '95', '272', '335', '384', '417', '426', '447']
['9']
['30', '46', '93', '156', '181', '195', '196', '200', '208', '223', '243', '281', '367', '433', '440', '468', '470', '482', '496']
['16', '68', '175', '310', '488']
['4', '10', '15', '71', '77', '110', '129', '201', '219', '300', '319', '320', '349', '411']
['109']
['29', '117', '277', '334', '498']
['39', '233', '276', '309', '354', '444']
['198', '253', '390']
['26', '53', '140', '143', '157', '173', '177', '187', '185', '216', '217', '224', '225', '311', '382', '383', '423', '427', '486']
['17', '41', '43', '103', '119', '132', '148', '183', '189', '192', '215', '245', '279', '294', '348', '365', '380', '381', '408']
['19', '22', '84', '167', '235', '261', '275', '323', '418', '415', '446', '481', '492']
['55', '76', '139', '194', '266', '268', '288', '346', '494']
['12', '35', '59', '79', '228', '414', '469']
['70', '82', '101', '134', '141', '312', '329', '420', '431', '460', '477', '484']
['1', '3', '13', '88', '130', '144', '149', '221', '250', '316', '345', '374', '401', '452', '475']
['50', '147', '278', '282', '283', '419']
['86', '92', '242', '246', '317', '449']
['5', '28', '34', '44', '108', '172', '190', '254', '255', '263', '265', '406', '425', '429', '439', '489']
['112', '118', '115', '133', '138', '220', '247', '315']
['11', '90', '116', '236', '252', '264', '271', '324', '338', '430', '443']
['72', '301', '330', '376']
['78', '113', '197', '203', '239', '386', '456']
['63', '73', '91', '145', '161', '170', '232', '257', '351', '369', '404', '424', '436']
['66', '158', '204', '258', '333', '347', '387', '409', '416', '428', '441', '466']
['230', '240', '304', '366', '370', '448', '479']
['42', '105', '249', '306', '336', '368', '397', '412', '464', '474', '491']
['21', '37', '74', '166', '171', '179', '184', '251', '270', '359', '361', '400', '403', '442', '457']
['31', '32', '58', '111', '120', '126', '211', '308', '321', '388', '396', '473']
['20', '45', '62', '80', '89', '99', '106', '114', '124', '269', '328', '344', '360', '364', '451', '499']
['40', '94', '164', '209', '248', '284', '326', '352', '356', '358', '398', '402', '407', '437', '454', '455', '480', '483']
['299', '337', '413']
['186', '377']
['6', '150', '176']
['38', '83', '107', '123', '178', '182', '191', '256', '285', '290', '318', '355', '357', '373', '405', '450', '461', '495']
