['71', '251']
['102', '112', '214', '252']
['25', '125', '190', '309', '313', '355', '396']
['159', '361']
['9', '76', '304', '367']
['41', '61', '147', '149', '150', '276', '364']
['0', '16', '69', '111', '124', '202', '237', '241', '281', '348']
['21']
['166']
['70', '146', '188', '359', '375']
['52', '213', '374']
['39', '200', '207', '286', '293', '329']
['97']
['2', '34', '59', '210']
['369', '386']
['74']
['103', '113', '116', '370']
['133', '172', '326', '392']
['93', '240', '311', '371', '398', '399']
['43', '51', '63', '144', '201', '218', '300', '312', '338', '358']
['177']
['45', '109', '114', '145', '162', '168', '187', '268', '331']
['151', '194']
['171']
['176', '259', '278']
['6', '137', '163', '183', '274', '277', '341', '366']
['40', '127', '131', '182', '360']
['50', '67', '82', '87', '118', '206', '316', '322', '328', '383']
['72', '138', '225', '260', '290', '394']
['23', '79']
['8', '12', '57', '140', '148', '250', '294', '325', '339', '391']
['115', '132', '165', '264']
['299']
['83', '92', '135', '262', '265', '334', '397']
['37', '143', '254', '363']
['110', '258', '272', '283', '381']
['18', '107', '136', '142', '160', '244', '285', '321', '380']
['64', '373']
['19', '44', '164', '297', '351', '368']
['141']
['231', '349']
['66']
['24', '91', '129', '158', '203', '323', '390']
['189']
['13', '224', '246', '247', '343', '344', '347', '377']
['139', '385']
['68', '98', '155', '169', '209', '266', '275']
['233', '282']
['3', '7', '119', '173', '179', '184', '324', '330']
['33', '243', '315', '356', '382']
['14', '122', '174', '245']
['223', '232']
['253', '342']
['35', '60', '178', '298', '332', '340']
['10', '62', '117', '130', '152', '175', '263', '333', '335']
['31', '77', '84', '86', '104', '220', '226', '257', '310']
['47', '234', '295', '302', '308', '314']
['120']
['48', '346']
['36']
['46', '249']
['42', '337', '345']
['94', '221']
['17', '88', '90', '186', '227', '269', '305', '319', '387']
['306']
['15', '99', '196', '357']
['75', '134', '303']
['100', '216']
['208', '215', '271', '288']
['89', '167', '242', '292']
['228', '287']
['49']
['22', '212']
['108', '273', '336']
['354']
['78', '255']
['65', '156', '239', '318']
['261']
['121', '193', '301']
['81', '320', '350', '388']
['204', '353', '384']
['26', '29', '95', '96', '101', '126', '205', '289', '327']
['1', '20', '157', '185', '291']
['4', '191']
['28', '58', '229', '248', '307']
['153', '217', '267']
['279']
['154', '170', '181', '195', '284', '376']
['5', '389']
['32', '105', '123']
['55', '106', '199', '222', '317', '362']
['11', '270']
['38']
['53', '219']
['198']
['27', '80', '280', '296', '365', '378', '395']
['56', '73', '85', '161', '238']
['54', '180', '192', '211', '236', '256', '352', '372', '379']
['128', '197', '235', '393']
['30', '230']
