['55', '61', '119', '157', '197', '213', '224', '256', '265', '266', '287', '295', '346', '354', '376']
['100', '103', '476']
['144', '424', '469', '495']
['34', '93', '369', '382']
['13', '32', '58', '184', '300', '327']
['337', '358', '408']
['20', '40', '43', '80', '101', '160', '205', '210', '216', '278', '286', '309', '367', '388', '398', '415', '432', '438', '470', '474']
['22', '81', '97', '142', '152', '191', '200', '243', '263', '271', '294', '314', '332', '353', '375', '416', '484']
['9', '18', '33', '38', '98', '141', '154', '187', '215', '217', '229', '238', '249', '272', '292', '293', '338', '360', '499']
['6', '25', '49', '64', '66', '77', '178', '291', '307', '373', '380', '390', '454', '488']
['0', '3', '17', '44', '74', '83', '85', '99', '182', '245', '302', '340', '347', '368', '381', '456', '471', '473', '491', '496']
['31', '60', '173', '183', '199', '203', '318', '330', '363', '366', '374', '389', '439', '446']
['113', '259', '275', '281', '357', '364', '405', '422', '464']
['30', '82', '114', '123', '192', '228', '239', '244', '315', '322', '406', '426', '427', '436', '442', '455', '477']
['67', '73', '92', '161', '167', '297', '350']
['26', '45', '54', '143', '147', '185', '193', '267', '283', '303', '323', '331', '393', '434', '435', '441', '480']
['11', '37', '104', '174', '195', '198', '235', '250', '326', '371', '403', '423', '428', '479']
['118', '127', '129', '155', '156', '158', '166', '172', '206', '255', '304', '329', '336', '404', '409', '445', '467', '492']
['136', '260', '339', '478']
['62', '109', '140', '234', '459']
['68', '175', '176', '288', '325', '384', '450', '490', '498']
['71', '112', '116', '122', '209', '233', '308', '349', '372', '383', '397', '399', '402', '447', '472']
['19', '21', '218', '236', '248', '276', '284', '320', '387', '420', '437']
['27', '75', '79', '91', '106', '125', '151', '180', '207', '211', '237', '254', '274', '277', '285', '321', '395', '418', '419', '468']
['2', '50', '52', '86', '117', '121', '131', '149', '299', '328', '365', '394', '444', '494']
['36', '96', '194', '201', '227', '257', '316', '421', '449', '457']
['51', '65', '105', '146', '169', '221', '258', '296', '345', '475']
['89', '107', '153', '208', '324', '334', '341', '356', '377', '400', '486']
['12', '102', '138', '181', '219', '226', '246', '305', '313', '396', '443', '448', '497']
['7', '53', '76', '110', '196', '230', '261', '289', '411']
['133', '301']
['4', '42', '46', '139', '159', '212', '214', '231', '240', '311', '352', '417', '433', '440', '452', '466', '482', '485']
['165', '312']
['220', '247', '465']
['111']
['90', '130', '145', '171', '177', '335', '359', '392', '414', '451', '453', '458', '481', '483']
['1', '14', '41', '48', '70', '78', '132', '137', '317', '319', '361', '412', '429']
['348', '462']
['487']
['8', '10', '16', '35', '39', '47', '94', '126', '135', '190', '222', '241', '252', '262', '282', '290', '343', '344', '370']
['5', '15', '28', '56', '168', '170', '204', '351', '407', '413', '431']
['23', '264', '273', '391', '410']
['188', '223', '385']
['29', '63', '72', '128', '134', '186', '189', '378', '401']
['115', '225', '310', '342']
['57', '59', '88', '162', '280', '493']
['108', '120', '242', '298', '362', '386', '460', '461', '463', '489']
['24', '95', '124', '164', '179', '253', '270', '279', '306', '333', '355', '425']
['148', '268']
['69', '84', '87', '150', '163', '202', '232', '251', '269', '379', '430']
