['79', '228', '282']
['6', '10', '39', '60', '70', '106', '107', '113', '116', '125', '127', '133', '169', '218', '224', '226', '293', '297']
['12', '13', '35', '69', '86', '105', '159', '172', '177', '192', '200', '230', '264', '280', '286', '294']
['52']
['145']
['9', '18', '24', '30', '38', '41', '55', '61', '74', '93', '98', '137', '151', '155', '156', '167', '168', '185', '197', '225', '246', '266', '271', '275', '298']
['15', '21', '36', '44', '64', '73', '97', '102', '119', '160', '195', '196', '198', '199', '217', '219', '232', '239', '244', '247', '260', '272', '285']
['78', '245']
['2', '34', '37', '54', '56', '91', '96', '118', '121', '126', '135', '161', '181', '193', '207', '235', '240', '241', '257', '262', '269', '281', '291', '295']
['25', '77', '205']
['3', '7', '46', '48', '50', '68', '90', '112', '124', '132', '148', '149', '164', '170', '186', '188', '190', '203', '222', '233', '263', '296', '299']
['11', '16', '17', '23', '76', '89', '115', '134', '138', '142', '150', '184', '189', '212', '229', '234', '250', '251', '261', '265', '267', '268', '274', '278']
['20', '32', '51', '65', '85', '111', '117', '130', '136', '144', '153', '163', '176', '179', '210', '215', '221', '227', '231', '236', '242', '243', '248', '258', '283']
['40', '47', '57', '66', '75', '81', '83', '88', '100', '109', '128', '141', '171', '183', '201', '209', '211', '255', '256', '270', '277', '284', '292']
['28', '45', '62', '67', '71', '80', '103', '104', '123', '140', '147', '162', '165', '178', '182', '191', '202', '237', '279', '290']
['206']
['1', '8', '14', '19', '22', '26', '31', '49', '59', '82', '84', '110', '114', '120', '146', '157', '180', '187', '204', '208', '213', '220', '238', '273']
['58', '72', '94', '129', '158', '214']
['5', '27', '33', '43', '63', '87', '92', '101', '108', '139', '143', '152', '166', '173', '194', '216', '252', '254', '288', '300']
['4', '29', '42', '53', '95', '99', '122', '131', '154', '174', '175', '223', '249', '253', '259', '276', '287', '289']
