['4', '22', '69', '70', '109', '175', '194', '206', '213', '241', '289', '294', '299']
['40', '42', '76', '119', '179']
['29', '44', '47', '73', '83', '147', '158', '180', '196', '218', '233', '266']
['13', '37', '62', '111', '168', '170', '222', '293']
['8', '36', '43', '48', '65', '81', '107', '123', '137', '177', '231', '255', '283', '288']
['130', '260']
['6', '46', '50', '56', '152', '252', '291']
['15', '21', '34', '79', '94', '122', '133', '148', '181', '190', '264', '281']
['24', '63', '87', '126', '127', '136', '157', '166', '186', '188', '232', '234', '246', '256', '268']
['17', '31', '67', '98', '102', '150', '197', '259', '267']
['0', '5', '10', '71', '80', '86', '117', '171', '185', '207', '216', '262', '270', '273', '298']
['68', '131', '219', '230']
['52', '55', '75', '84', '141', '149', '154', '173', '212', '214', '224', '280']
['93', '113', '129', '210', '215', '295']
['14', '16', '20', '35', '49', '51', '53', '61', '78', '96', '99', '115', '145', '155', '287']
['64', '182']
['33', '39', '60', '88', '89', '121', '174', '187', '217', '237', '265', '272', '278', '285']
['32', '85', '161', '192', '198', '244', '258', '296']
['2', '3', '12', '100', '112', '120', '151', '200', '202', '235']
['1', '178', '209', '226', '229', '292']
['66', '97', '110', '135', '140', '143', '146', '160', '165', '195', '211', '248', '263', '274']
['23', '25', '74', '95', '116', '118', '128', '139', '144', '172', '183', '203', '228', '245', '282']
['134', '220', '223', '227']
['11', '28', '41', '132', '159', '169', '191', '240', '286']
['26', '27', '59', '101', '103', '106', '124', '162', '201', '205', '236', '247', '253', '277']
['58', '108', '114', '193', '204', '239', '251', '269', '279']
['9', '45', '57', '243', '261', '297']
['91', '163', '167', '199', '221', '238', '242', '249', '271', '276']
['7', '18', '38', '72', '77', '90', '138', '142', '153', '164', '184', '208', '225', '250', '284']
['19', '30', '54', '82', '92', '104', '105', '125', '156', '176', '189', '254', '257', '275', '290']
