['35', '94', '113', '147', '152', '157', '179', '208', '209', '245', '255', '267', '272', '294', '295', '297', '306', '309']
['3', '4', '26', '40', '50', '70', '131', '190', '198', '199', '224', '226', '230', '257', '259', '264', '278', '301']
['1', '8', '17', '34', '54', '95', '101', '111', '118', '127', '146', '160', '177', '205', '231', '239', '240', '303']
['27', '33', '36', '59', '60', '91', '103', '137', '164', '169', '171', '220', '228', '249', '252', '262', '276', '281']
['19', '45', '82', '87', '96', '119', '130', '139', '163', '187', '192', '197', '204', '268', '270', '288', '292']
['7', '11', '16', '42', '74', '122', '125', '129', '227', '285']
['21', '56', '62', '75', '92', '99', '100', '105', '142', '154', '184', '196', '215', '229', '244', '246', '261']
['176', '296', '308']
['9', '67', '81', '102', '115', '124', '181', '189', '201', '225', '233', '235', '243', '283', '286', '298']
['24', '46', '89', '114', '120', '135', '148', '151', '167', '206', '210', '247', '250', '307']
['13', '25', '72', '107', '150', '232', '236', '248', '258', '269', '290', '310']
['2', '37', '121', '141', '194', '207', '234', '251', '274']
['5', '6', '28', '30', '47', '52', '68', '85', '93', '143', '193', '212', '213', '253', '266', '284', '313']
['22', '29', '31', '57', '61', '84', '106', '166', '170', '188', '195', '200', '202', '287', '289', '302']
['39', '41', '88', '153', '180', '211', '219', '273', '275']
['14', '53', '55', '71', '104', '138', '144', '186', '221', '222', '242', '263']
['10', '32', '38', '63', '117', '133', '145', '156', '159', '178', '214', '238']
['12', '15', '18', '20', '76', '78', '79', '110', '116', '173', '216', '237', '279', '300', '304']
['51', '64', '80', '86', '90', '98', '136', '165', '183', '223', '311', '312']
['69', '73', '83', '108', '132', '168', '172', '174', '175', '191', '203', '217', '241', '254', '265', '277', '282']
['44', '66', '123', '126', '128', '182', '185', '256', '260', '299']
['43', '48', '109', '134', '140', '293']
['0', '23', '49', '58', '65', '77', '97', '112', '149', '155', '158', '161', '162', '218', '271', '280', '291', '305']
