['52']
['426']
['13', '26', '40', '96', '124', '130', '138', '139', '151', '196', '202', '218', '219', '224', '227', '228', '232', '233', '330', '370', '402', '412', '421', '423', '457', '458', '459', '460', '461', '481']
['5', '41', '47', '71', '73', '92', '98', '123', '128', '147', '190', '198', '207', '208', '210', '213', '215', '216', '217', '312', '450', '451', '453', '456']
['10', '137']
['90']
['3', '8', '12', '17', '23', '25', '27', '28', '30', '31', '32', '36', '37', '48', '58', '59', '67', '74', '76', '77', '79', '80', '82', '83', '84', '87', '88', '104', '108', '114', '133', '135', '136', '142', '156', '180', '192', '193', '204', '206', '211', '212', '214', '220', '222', '223', '226', '246', '247', '251', '254', '256', '257', '259', '273', '278', '281', '283', '284', '286', '287', '289', '290', '302', '304', '305', '306', '307', '308', '309', '310', '311', '314', '316', '318', '319', '320', '321', '322', '324', '325', '326', '331', '334', '337', '338', '340', '341', '342', '345', '351', '354', '355', '357', '359', '360', '363', '365', '366', '367', '368', '374', '376', '377', '378', '379', '381', '382', '383', '384', '385', '386', '387', '388', '390', '393', '408', '411', '415', '417', '419', '420', '422', '424', '425', '431', '433', '435', '438', '439', '440', '442', '443', '462', '463', '465', '466', '467', '468', '475', '476', '477', '478', '479', '480', '482', '483', '488', '490', '491', '496', '498']
['298', '301', '429', '430']
['161', '295']
['464']
['158']
['191']
['146', '230']
['85']
['15', '162', '221', '409']
['50', '100', '144', '277', '329']
['1', '6', '18', '21', '35', '38', '39', '56', '62', '66', '69', '70', '89', '105', '107', '110', '111', '115', '118', '119', '122', '131', '132', '140', '148', '167', '169', '170', '174', '176', '178', '183', '185', '199', '200', '209', '229', '235', '238', '239', '243', '245', '248', '250', '252', '253', '255', '258', '260', '261', '262', '263', '264', '265', '266', '267', '268', '269', '270', '272', '285', '288', '293', '294', '297', '335', '336', '343', '346', '347', '356', '361', '362', '371', '372', '380', '391', '396', '399', '432', '436', '444', '445', '446', '447', '448', '449', '452', '454', '455', '489', '497']
['44', '149', '225', '328', '344', '348', '350', '389', '392', '394', '395', '397', '398', '485', '486']
['472']
['339']
['2', '7', '9', '14', '19', '20', '24', '34', '42', '43', '49', '54', '68', '72', '91', '94', '99', '103', '109', '112', '126', '127', '153', '155', '173', '194', '234', '237', '240', '241', '242', '244', '249', '271', '276', '279', '291', '296', '299', '300', '323', '332', '358', '364', '369', '373', '375', '414', '416', '428', '434', '437', '484', '487', '492', '494', '495', '499']
['0', '4', '11', '16', '22', '29', '33', '45', '46', '51', '53', '55', '57', '60', '61', '63', '64', '65', '75', '78', '81', '86', '93', '95', '97', '101', '102', '106', '113', '116', '117', '120', '121', '125', '129', '134', '141', '143', '145', '150', '152', '154', '157', '159', '160', '163', '164', '165', '166', '168', '171', '172', '175', '177', '179', '181', '182', '184', '186', '187', '188', '189', '195', '197', '201', '203', '205', '231', '236', '274', '275', '280', '282', '292', '303', '313', '315', '317', '327', '333', '349', '352', '353', '400', '401', '403', '404', '405', '406', '407', '410', '413', '418', '427', '441', '469', '470', '471', '473', '474', '493']
