['11', '40', '183', '297', '396']
['34', '37', '90', '91', '120', '330']
['5', '127']
['148', '225', '239', '286', '369']
['84', '168', '172', '331']
['2', '30', '135', '142', '292', '293', '362']
['4', '121', '316', '359']
['177', '350']
['114', '171', '283', '291', '373', '374', '397']
['284']
['15', '92', '113']
['133', '309', '341']
['77', '180', '188', '259', '384']
['13', '24', '117', '138', '244', '307', '377']
['3', '55', '96', '216', '226', '279', '321']
['35', '178']
['46', '211', '329']
['43', '165', '186', '203', '227']
['9', '74', '132', '280', '357', '392']
['16', '64', '125', '150', '210', '252', '320']
['194']
['68', '139', '271', '298', '375']
['39', '124', '205', '255']
['62', '65', '72', '207', '361']
['155']
['344', '376', '388']
['176', '182', '206', '327', '368', '370', '381']
['301']
['21', '52', '66', '134', '193', '296', '343']
['119', '234', '332']
['87', '128', '152', '299', '313', '379']
['356']
['185', '215']
['19', '123', '197', '204', '223']
['33', '60', '319']
['44', '95', '338']
['54', '173', '199', '322', '364', '387', '391']
['25', '41', '157', '158', '214', '289', '389']
['47', '76', '93', '154', '162', '219', '302']
['163']
['26', '166', '246', '367', '380']
['57', '59', '102', '201', '218', '251', '277']
['104', '109', '212']
['42', '58', '126', '273']
['328']
['382']
['345']
['49', '169', '250', '285', '317', '335', '394']
['86', '89', '130', '191', '256', '295']
['20', '83', '103', '233', '323', '346']
['8', '175', '217', '265', '272', '385']
['94', '112', '156', '240', '324']
['6', '371', '372']
['82', '146', '348']
['238', '245', '339']
['208']
['136', '161', '195']
['14', '29', '50', '222', '288', '290', '310']
['63', '70', '80', '81', '145', '237']
['23', '56', '159', '181', '365']
['97', '242', '306']
['249', '300', '337', '340']
['69', '221']
['27', '48', '141', '398']
['153', '232', '354', '383']
['88', '326', '347', '399']
['213', '220', '269', '308', '311', '378']
['73', '390']
['75', '243', '275']
['274']
['247', '270', '325', '360']
['248']
['179', '262']
['28']
['45', '143', '164', '189']
['18', '61', '196', '266', '278']
['0', '228', '229', '230', '231', '333']
['12', '118', '151', '294', '355']
['22', '51', '115', '140', '393']
['38', '53', '129', '131', '209', '281', '386']
['147', '149', '200', '257']
['342']
['100', '224', '261', '304']
['101', '110', '358', '395']
['7', '36', '98', '116', '167', '258', '351']
['10', '198', '305', '312', '315']
['260', '336']
['1', '17', '78', '122', '144', '253', '363']
['187', '202', '303']
['184', '235', '264']
['67', '334', '349', '353']
['85', '105', '241', '263']
['71', '111', '267', '268', '352']
['108']
['106', '190', '282', '287', '366']
['32', '160']
['236', '254']
['192', '276', '318']
['79', '107', '137', '170', '174', '314']
['31', '99']
