['18', '24', '33', '37', '71', '107', '187', '206', '231', '422', '475', '497']
['22', '36', '45', '72', '80', '89', '117', '132', '140', '168', '173', '230', '251', '265', '332', '361', '374', '419', '460', '492']
['0', '3', '25', '76', '92', '159', '176', '239', '254', '278', '298', '304', '372', '378', '383', '384', '395', '413', '433', '473']
['15', '32', '70', '90', '155', '222', '229', '237', '241', '282', '288', '343', '365', '402', '418', '458', '470', '476', '489']
['10', '27', '74', '93', '146', '188', '207', '211', '228', '243', '249', '281', '326', '358', '359', '421', '428', '468', '474', '482']
['28', '61', '62', '64', '73', '88', '109', '189', '238', '293', '325', '331', '334', '349', '392', '398', '408', '447', '449', '452']
['124', '130', '162', '182', '193', '217', '267', '286', '320', '321', '330', '363', '376', '455', '485']
['8', '17', '78', '104', '106', '112', '120', '127', '149', '157', '163', '196', '244', '285', '309', '348', '469', '490']
['67', '96', '100', '205', '307', '499']
['46', '79', '115', '131', '156', '160', '171', '219', '290', '295', '302', '314', '336', '337', '371', '416', '454', '456', '466']
['42', '101', '118', '133', '151', '213', '252', '319', '323', '345', '352', '353', '373', '394', '396', '399', '403', '457']
['26', '35', '44', '51', '60', '99', '147', '167', '199', '201', '242', '260', '287', '305', '328', '346', '350', '386', '429', '442']
['11', '40', '83', '116', '121', '134', '170', '192', '233', '340', '351', '439']
['14', '16', '58', '87', '125', '141', '150', '166', '177', '221', '226', '273', '301', '317', '322', '367', '431', '450', '451', '494']
['23', '43', '69', '97', '98', '161', '174', '208', '236', '269', '296', '338', '387', '432', '493']
['13', '55', '111', '185', '220', '256', '261', '272', '310', '315', '390', '407', '427', '438', '486']
['19', '52', '154', '165', '195', '209', '300', '347', '357', '409', '446', '448', '480']
['47', '65', '128', '137', '164', '181', '255', '275', '279', '292', '316', '335', '368', '377', '405', '412', '415', '424', '425', '462']
['30', '56', '66', '86', '110', '114', '122', '172', '184', '225', '232', '234', '253', '270', '276', '426']
['54', '75', '85', '158', '175', '198', '204', '210', '235', '246', '266', '341', '356', '379', '382', '437', '472', '481', '483']
['50', '95', '119', '126', '135', '143', '183', '202', '216', '240', '268', '289', '333', '355', '360', '414', '417', '464', '487']
['2', '7', '94', '138', '144', '197', '200', '224', '258', '274', '280', '318', '339', '380', '381', '391', '463', '479', '484']
['20', '41', '59', '203', '284', '313', '400', '404', '477', '498']
['1', '38', '105', '123', '129', '148', '153', '179', '247', '291', '294', '303', '327', '370', '375', '385', '444']
['39', '77', '91', '145', '191', '215', '263', '306', '311', '324', '354', '366', '389', '397', '423', '430', '434', '436', '491']
['12', '48', '53', '68', '103', '223', '245', '297', '308', '441', '461']
['4', '9', '31', '49', '178', '186', '190', '218', '250', '283', '388', '401', '406', '467', '471', '478', '496']
['6', '57', '82', '139', '257', '277', '299', '329', '342', '364', '440', '443', '465', '495']
['21', '34', '81', '102', '108', '142', '152', '169', '180', '214', '227', '248', '312', '369', '420', '435', '445', '453', '459', '488']
['5', '29', '63', '84', '113', '136', '194', '212', '259', '262', '264', '271', '344', '362', '393', '410', '411']
