['391', '315', '194', '66', '90', '57', '99', '127', '227', '301', '87', '316', '309', '279', '385', '266', '201', '56', '207', '330', '265', '22', '54', '268']
['107', '380', '278', '232', '131', '111', '210', '45', '2', '353', '170', '324', '399', '357', '267', '92', '342', '41', '253', '239', '125']
['10', '108', '150', '76', '12', '23', '48', '11', '327', '106', '248', '61']
['36', '14', '277', '169', '55', '110', '321', '31', '160', '352', '59', '141']
['298', '262', '27', '389', '8', '306', '49', '189', '293', '134', '366', '174', '6', '178', '122', '397', '208']
['393', '30', '263', '171', '184', '323', '335', '63', '318', '256', '299', '284', '345']
['213', '378', '261', '192', '313', '226', '384', '112', '89', '319', '28', '271', '143', '53', '302', '118', '202', '238', '273', '188']
['225', '77', '336', '29', '123', '387', '142', '289', '317', '311', '93', '218', '221', '249', '205', '333', '314', '394', '0', '211', '18', '164', '363']
['16', '82', '196', '13', '91', '84', '377', '85', '69', '362', '81', '168', '291', '25', '145', '264', '173', '217', '340', '153', '379']
['388', '113', '135', '214', '32', '244', '154', '51', '307', '255', '124', '328', '220', '368', '80', '304', '371', '114', '96', '104', '356', '233', '151', '102']
['152', '252', '228', '246', '181', '115', '290', '159', '5', '103']
['364', '137', '9', '383', '260', '75', '83', '119', '250', '382', '179', '349', '216', '149', '254', '274', '140', '121', '308', '15', '58', '176', '282', '162']
['231', '133', '360', '67', '237', '73', '26', '355', '155', '20', '287', '242', '347', '369', '156', '294', '337', '258']
['98', '177', '166', '191', '100', '370', '234', '243', '193', '129', '396', '329', '310', '203', '17', '280', '209', '21', '392', '212', '4', '354', '373', '344']
['144', '339', '297', '240', '332', '281', '130', '43', '276', '126', '295', '230', '7', '167', '147', '195', '95', '312', '157', '64', '79', '229', '322', '303']
['300', '348', '374', '138', '60', '338', '285', '117', '172', '78', '206', '200', '86', '3', '381', '1', '101', '334', '44', '376', '245', '390', '326']
['158', '331', '341', '148', '395', '128', '235', '72', '186', '361', '139', '275', '296', '283', '187', '286', '386', '358', '320', '46', '251', '136', '120']
['325', '305', '346', '94', '259', '219', '24', '74', '37', '350', '116', '132', '39', '180', '34', '224', '365', '71', '372', '359', '288', '50']
['270', '198', '223', '272', '88', '343', '247', '190', '161', '182', '351', '183', '269', '38', '215', '40', '65', '146', '165', '398', '97', '175']
['367', '375', '35', '222', '109', '241', '42', '199', '257', '33', '197', '68', '105', '185', '70', '62', '163', '52', '19', '292', '236', '47', '204']
