['172']
['56', '126', '154', '164', '190', '200', '246']
['15', '32', '106', '116', '117', '120', '128', '158', '214', '238', '257', '266']
['1', '8', '16', '40', '45', '52', '57', '68', '100', '108', '113', '125', '165', '170', '187', '188', '230', '233', '239', '241', '251', '292']
['23', '63', '66', '70', '109', '179', '216', '228', '242', '299']
['93', '131', '173', '209']
['48', '73']
['26', '47', '49', '87', '89', '94', '135', '149', '151', '157', '223']
['193', '224']
['18', '20', '38', '88', '136', '140', '222']
['3', '11', '27', '33', '43', '61', '64', '69', '72', '91', '102', '105', '107', '122', '133', '139', '143', '168', '175', '176', '192', '199', '204', '208', '217', '243', '250', '255', '265', '295']
['22', '78', '80', '160', '161', '206', '210', '244']
['4', '6', '9', '10', '31', '50', '99', '119', '127', '220', '227', '249', '264']
['103', '258', '273']
['58', '121', '123', '167', '207', '229', '260', '279', '283']
['153', '171', '177', '218', '225']
['198']
['14', '19', '82', '101', '111', '124', '129', '152', '185', '195', '202', '205', '211', '221', '236', '259', '263', '269', '271', '284', '286', '294']
['74', '174']
['7', '51', '90', '132', '180', '197', '240', '248']
['17', '53', '86', '138']
['5', '21', '55', '77', '81', '97', '112', '134', '144', '145', '146', '189', '201', '252', '262', '289']
['24', '60', '71', '79', '84', '92', '196', '226', '234', '261', '277']
['13', '29', '30', '59', '162', '163', '186', '191', '219', '231', '247', '282', '287']
['25', '35', '36', '37', '39', '62', '67', '75', '76', '83', '96', '118', '130', '141', '166', '169', '181', '182', '203', '254', '267']
['2', '115', '215', '245']
['44', '95', '184']
['0', '12', '28', '41', '42', '46', '65', '85', '98', '104', '110', '114', '137', '142', '147', '159', '178', '183', '213', '232', '235', '253', '256', '270', '272', '274', '275', '276', '278', '280', '281', '285', '288', '290', '291', '293', '296', '297', '298']
['34', '54', '194']
['148', '150', '155', '156', '212', '237', '268']
