['LangstonGalloway', 'PascalSiakam']
['YogiFerrell', 'DevinBooker']
['StanleyJohnson', 'NemanjaBjelica']
['KyleOQuinn', 'ZachRandolph']
['SterlingBrown', 'EkpeUdoh']
['DeAndreJordan', 'MichaelBeasley']
['WesleyJohnson', 'JoelEmbiid']
['NicolasBatum', 'DarioSaric']
['JoseCalderon', 'DraganBender']
['KembaWalker', 'JeremyLamb']
['IsaiahTaylor', 'LonzoBall']
['KyrieIrving', 'JrueHoliday']
['EmmanuelMudiay', 'DanteCunningham']
['DirkNowitzki', 'PJTucker']
['PauGasol']
['MaxiKleber', 'DavidWest']
['SamDekker', 'JoshHart']
['JaysonTatum', 'OttoPorter']
['MalikMonk', 'DeMarcusCousins']
['AlFarouqAminu', 'DeAaronFox']
['ShaunLivingston', 'ShabazzNapier']
['DeMarreCarroll', 'MikeScott']
['TaureanWallerPrince', 'MarcoBelinelli']
['VictorOladipo', 'JamesJohnson']
['MarcGasol', 'OGAnunoby']
['RobinLopez', 'TomasSatoransky']
['SpencerDinwiddie', 'CarmeloAnthony']
['ErsanIlyasova', 'ShelvinMack']
['JerianGrant', 'AaronGordon']
['ReggieBullock', 'AustinRivers']
['BrynForbes', 'IanMahinmi']
['NickYoung', 'TimHardaway']
['JohnHenson', 'DavisBertans']
['DJAugustin', 'PattyMills']
['GoranDragic', 'TylerJohnson']
['MikeMuscala', 'RickyRubio']
['PaulGeorge', 'GarrettTemple']
['GaryHarris', 'DejounteMurray']
['TristanThompson', 'KristapsPorzingis']
['JarellMartin', 'HassanWhiteside']
['MarcusSmart', 'KhrisMiddleton']
['DanielTheis', 'KarlAnthonyTowns']
['ReggieJackson', 'ChrisPaul']
['MontrezlHarrell', 'EvanFournier']
['PaulZipser', 'CJMcCollum']
['JaMychalGreen', 'MarioHezonja']
['KlayThompson', 'PatrickPatterson']
['CristianoFelicio', 'EricGordon']
['DraymondGreen', 'IanClark']
['DAngeloRussell', 'DwightHoward']
['PatrickMcCaw', 'AlecBurks']
['DonovanMitchell', 'KellyOubre']
['KevinLove', 'BamAdebayo']
['MarvinWilliams', 'MarioChalmers']
['TyrekeEvans', 'JimmyButler']
['WillBarton', 'BrandonIngram']
['AronBaynes', 'BenSimmons']
['ClintCapela', 'TroyDaniels']
['ElfridPayton', 'TimotheLuwawuCabarrot']
['MalcolmDelaney', 'AlexAbrines']
['DwyaneWade', 'JameerNelson']
['BobbyPortis', 'AmirJohnson']
['PaulMillsap', 'MarcinGortat']
['DavidNwaba', 'LeBronJames']
['SkalLabissiere', 'RoyceONeale']
['AnthonyDavis', 'EdDavis']
['JRSmith', 'WillieCauleyStein']
['CediOsman', 'RaymondFelton']
['NikolaMirotic', 'WesleyIwundu']
['NeneHilario', 'JonathonSimmons']
['KyleKuzma', 'JoshHuestis']
['DenzelValentine', 'AveryBradley']
['KellyOlynyk', 'TJWarren']
['LucMbahaMoute', 'ManuGinobili']
['DeMarDeRozan', 'DerrickFavors']
['BenMcLemore', 'EnesKanter']
['JoshJackson', 'DamianLillard']
['TreveonGraham', 'CoreyBrewer']
['JustinHoliday', 'MilosTeodosic']
['DennisSchroder', 'AlexLen']
['JohnCollins', 'ShabazzMuhammad']
['JeffTeague', 'JarrettJack']
['DennisSmith', 'JonasValanciunas']
['TonySnell', 'BradleyBeal']
['TyusJones', 'FrankNtilikina']
['LanceThomas', 'RichaunHolmes']
['JaylenBrown', 'JaeCrowder']
['RussellWestbrook', 'KyleLowry']
['JoeYoung', 'JJRedick']
['BogdanBogdanovic', 'JonasJerebko']
['JordanClarkson', 'LarryNance']
['WesleyMatthews', 'JamalCrawford']
['JamalMurray', 'AlJefferson']
['CarisLeVert', 'GeorgeHill']
['JamesEnnis', 'MauriceHarkless']
['QuincyAcy', 'NikolaJokic']
['MalcolmBrogdon', 'JeramiGrant']
['AndreDrummond', 'DariusMiller']
['JustiseWinslow', 'JodieMeeks']
['LanceStephenson', 'EricBledsoe']
['JJBarea', 'ZachCollins']
['MichaelCarterWilliams', 'LukeKennard']
['AnthonyTolliver', 'JakobPoeltl']
['AllenCrabbe', 'DelonWright']
['RyanAnderson', 'AndreRoberson']
['AndrewWiggins', 'DannyGreen']
['GeraldGreen', 'JustinJackson']
['BismackBiyombo', 'KostaKoufos']
['SindariusThornwell', 'RajonRondo']
['AlHorford', 'RondaeHollisJefferson']
['TysonChandler', 'FredVanVleet']
['DomantasSabonis', 'TajGibson']
['WayneEllington', 'JaredDudley']
['JarrettAllen', 'LauriMarkkanen']
['JusufNurkic', 'RudyGobert']
['JasonTerry', 'DougMcDermott']
['DewayneDedmon', 'HarrisonBarnes']
['MylesTurner', 'ETwaunMoore']
['WilsonChandler', 'GorguiDieng']
['StephenCurry', 'MarqueseChriss']
['JeffGreen', 'RobertCovington']
['ThaddeusYoung', 'GiannisAntetokounmpo']
['KentaviousCaldwellPope', 'MarkieffMorris']
['MarcusMorris', 'TobiasHarris']
['TreyLyles', 'BojanBogdanovic']
['JoeHarris', 'KyleAnderson']
['IshSmith', 'DillonBrooks']
['MichaelKiddGilchrist', 'SalahMejri']
['KentBazemore', 'JohnWall']
['KevinDurant', 'CoryJoseph']
['AndreIguodala', 'LouWilliams']
['DwightPowell', 'RodneyHood']
['DionWaiters', 'EvanTurner']
['DevinHarris', 'JamesHarden']
['ThonMaker', 'CJMiles']
['JerrydBayless', 'LaMarcusAldridge']
['DarrenCollison', 'TJMcConnell']
['KyleKorver', 'BlakeGriffin']
['DeyontaDavis', 'BuddyHield']
['CourtneyLee', 'StevenAdams']
['SemiOjeleye', 'TorreyCraig']
['KrisDunn', 'JabariParker']
['TerryRozier', 'PatConnaughton']
['JuliusRandle', 'JoeIngles']
['BrookLopez', 'AndrewHarrison']
['JoshRichardson', 'TylerUlis']
['TylerZeller', 'RudyGay']
['FrankKaminsky', 'NikolaVucevic']
['MasonPlumlee', 'ZazaPachulia']
['TrevorAriza', 'SergeIbaka']
