['KZ', 'LE', 'HQ', 'JC', 'NL', 'GP', 'FH']
['CI', 'LQ', 'SQ', 'DZ', 'EK']
['ON', 'OH', 'O', 'OU', 'LH', 'DT', 'PH', 'HN']
['RM', 'CL']
['RK', 'GX', 'GO']
['CC', 'HY', 'Z', 'MH', 'FD']
['PK', 'DX', 'MX', 'SN', 'EH', 'KL', 'BX', 'FV', 'CS']
['FI', 'CY', 'JP']
['GA']
['KR', 'GJ', 'KT', 'QK', 'DE', 'ML', 'HX', 'NQ', 'KF', 'W']
['PB', 'FR']
['JD', 'DI', 'NP', 'FT', 'B']
['SO']
['GB', 'GR', 'SP', 'SJ', 'DO', 'BH', 'MV', 'JE', 'CX', 'MP']
['OE', 'P', 'KW', 'HM', 'JX']
['KO', 'DQ', 'OO', 'SR', 'SS']
['JA', 'DG', 'QX', 'GW', 'GD', 'OL', 'SK', 'HK', 'QI']
['CQ', 'CM', 'RL', 'CR', 'KK', 'QZ']
['DD', 'HH', 'RB', 'NR']
['KD', 'FK', 'H', 'BQ', 'HI', 'RP', 'PR', 'EE', 'KN']
['BM', 'LT', 'NO', 'GL', 'GE', 'IS', 'L', 'TC']
['GH', 'QS', 'RG', 'A', 'NT', 'RC', 'J', 'DH', 'SB']
['D']
['BJ', 'PT', 'QG', 'CE', 'BG', 'IU', 'OT', 'SA', 'DN', 'RD']
['SU', 'JG', 'LN', 'MK', 'HW', 'NX', 'DP', 'RI']
['JK', 'HJ', 'I', 'LR', 'RV', 'CN']
['FU', 'CV', 'FF', 'CH', 'V', 'IE', 'KQ', 'PC', 'IX']
['OV', 'EN']
['MI', 'OK', 'JW', 'QM', 'QH', 'RO', 'EA', 'OW']
['SV', 'N', 'FE', 'QB', 'EM', 'MR']
['OD', 'NH']
['HB', 'DK', 'ME', 'QP']
['KH', 'QO']
['SG']
['GV', 'GN']
['JF', 'BS', 'JI', 'MW', 'NK', 'FM', 'OM']
['DY', 'DC', 'FQ', 'OZ', 'JV']
['MZ', 'HG', 'PZ', 'IP', 'NE', 'DU', 'ED', 'DL']
['OC', 'HU']
['MJ', 'NM', 'LM']
['PL', 'LS', 'FW', 'BO', 'LC', 'BT', 'FB', 'GF', 'S', 'IZ']
['OY']
['EJ', 'JY', 'JT']
['PY', 'GZ']
['MD', 'PP', 'GC', 'QF', 'CO']
['LK', 'DM']
['OS', 'NJ', 'MS', 'QR', 'PW', 'SD']
['SC', 'NF', 'FN']
['QJ', 'LF']
['SW', 'BZ', 'SX']
['EG', 'IL', 'IN', 'HP']
['JL']
['PQ', 'JJ', 'RN', 'RY', 'BU']
['DS', 'QT', 'KE', 'KY', 'HC', 'PS', 'QN', 'TE']
['Y', 'NZ', 'IK', 'PD', 'EX', 'ES', 'RE', 'KB']
['BE', 'JN', 'LG', 'RX']
['OX', 'KV']
['RH', 'MA', 'IF', 'LA', 'NB', 'FZ', 'MC', 'QY', 'GT', 'HF']
['EW', 'JU', 'ST']
['RW', 'FY', 'JS', 'OI', 'FC', 'EY', 'GK', 'KC']
['SL', 'EL', 'NU', 'RZ', 'LX', 'IR', 'NS', 'PO', 'SY']
['BV', 'RF', 'BY', 'Q', 'DA']
['SZ']
['NV', 'HE', 'MM']
['MN', 'OA', 'OJ', 'PE']
['PJ', 'BB', 'K', 'EI', 'CP', 'PX', 'SF', 'EB', 'QC']
['IG', 'MF', 'LB']
['OQ', 'BN', 'PN', 'SE']
['TA']
['FG', 'T', 'GQ', 'RT', 'HS', 'FA']
['MO', 'SM', 'CT', 'QQ', 'BW', 'BP']
['LI', 'EP', 'GM', 'HA', 'LP']
['CF', 'JO', 'JM', 'IC']
['E']
['GI', 'BL', 'FS', 'LO', 'PI', 'FL', 'HO', 'IV']
['NC', 'KI', 'PU', 'RA', 'PA']
['OG', 'CU', 'KM', 'G', 'CK']
['EQ', 'QE']
['ER', 'BK', 'NA', 'JR']
['LV', 'NY', 'TB', 'U', 'DB', 'HT', 'NW', 'CB', 'QU']
['LW', 'C', 'RU', 'BC', 'FO', 'HZ', 'HD', 'R']
['KG']
['EZ', 'GU', 'LY', 'NI', 'ID', 'PM', 'KU']
['PG', 'RS', 'CG']
['SH', 'IW']
['IY', 'QV', 'GY', 'KS']
['CD', 'IQ', 'BR', 'KP', 'LZ', 'DF', 'F', 'OF', 'NN', 'JZ']
['MQ', 'EO', 'HR']
['CA', 'CJ', 'KJ', 'EC', 'HL', 'DW', 'M']
['QA', 'DV', 'EU', 'CW', 'JQ', 'TD']
['LD', 'GG']
['EF', 'ET', 'CZ', 'HV', 'IM']
['EV', 'RJ', 'QD']
['QL']
['MU', 'TF', 'PF', 'IA', 'RR', 'IJ', 'PV']
['KX', 'MY', 'FJ', 'QW', 'BI', 'MG']
['X', 'IO', 'KA', 'ND', 'II', 'GS', 'DJ', 'DR', 'FX']
['OP', 'IB', 'IT', 'FP', 'JH', 'BD']
['OR', 'MB', 'NG', 'LU', 'IH', 'RQ', 'BF', 'LJ', 'SI', 'LL']
['OB', 'JB', 'BA', 'MT']
