['Tammy', 'Mildred', 'Timothy', 'Curtis', 'Jeanette', 'Lacey', 'Ricardo']
['Lori']
['Tommy', 'Irene', 'Vera', 'Gene', 'Ray']
['Beatrice']
['Megan', 'Roy', 'Arline', 'Gerard', 'Todd', 'Brooks']
['Steven']
['Fletcher']
['Vicky', 'Martin', 'Donald', 'Isabelle', 'Carmen', 'Harold']
['Brian', 'Eva']
['Lillie', 'Elizabeth', 'Gladys', 'Paul']
['Teresa', 'Jeffrey', 'Anne']
['Craig', 'Brandon', 'Patrice', 'Alberta', 'Sheldon', 'Jim']
['Antoinette', 'Robert', 'Lizzie', 'Iris', 'Vanessa']
['Cedric', 'Melony', 'Esperanza', 'Kelly', 'Arthur', 'Frida']
['Cheryl', 'Darryl', 'Joseph']
['Doretha', 'Aileen']
['Hilton', 'Bonita', 'Ethel', 'Shane', 'Justin', 'Andrea']
['Ashley']
['Larry', 'Stacy', 'Quentin', 'Julie']
['Kim', 'Rachel', 'Catherine', 'Phillip', 'Barbra']
['Sandra', 'Jean']
['Nicholas']
['Horace']
['Lowell', 'William', 'Cathleen']
['Tanya', 'Cesar', 'Paula', 'Richard']
['Isaac', 'Kathryne', 'Joy', 'Abdul', 'Adam', 'Esta', 'Felipe']
['Austin', 'Carl', 'Cleo']
['Charlotte', 'Toni', 'Matthew']
['Dolores', 'Josie']
['Damian', 'Emilee', 'George', 'Gerald', 'Anna', 'Casandra']
['Walter', 'Lottie', 'Stanley', 'Lisa', 'Karen', 'Lawrence']
['Ruthie', 'James', 'Harriet', 'Olive', 'Adrian']
['Lorenzo', 'Clifford', 'Margaret', 'Kimberly', 'John', 'Jonathan', 'Aron']
['Judith', 'Eduardo']
['Regina', 'Carrie', 'Louis', 'Clyde']
['Thomas']
['Jodi', 'Lucia', 'Johnnie', 'Stephen', 'Crystal']
['Pauline', 'Annie', 'Reggie']
['Minnie', 'Salvatore', 'Christopher']
['Dawn', 'Maureen', 'Edwin', 'Sheryl']
['Dennis']
['Antonietta', 'Leigh', 'Kurt', 'Samuel', 'Geraldine']
['Houston', 'Kristina', 'Debbie', 'Colin']
['Ernest', 'Emily', 'Jasmine']
['Christine', 'Matt', 'Marybeth', 'Angel']
['Pamela', 'Leola', 'Marie', 'Maybell', 'Bobby', 'Barry']
['Andre', 'Ada', 'Roberto', 'Oscar', 'Sarah', 'Christian', 'Melissa']
['Shaun', 'Christiana', 'Linda', 'Donna']
['Mona', 'Patsy', 'Albert', 'Maryann', 'Maria', 'Robin']
['Henry', 'Mary', 'Benjamin', 'Clara', 'Carol', 'Deandre', 'Laura']
['Latonya', 'Anita', 'Janet', 'Johnathan']
['Peggy']
['Marion', 'Edward', 'Eric', 'Mari']
['Ericka', 'Rueben', 'Dan', 'Douglas']
['Rory', 'Michelle', 'Amanda', 'Shelly', 'Jammie', 'Fay', 'Helen']
['Bernadette']
['Jewel', 'Octavia']
['Rocio', 'Frances', 'Rebecca', 'Jessica', 'Gail', 'Katherine', 'Miriam']
['Wanda', 'Cyndy']
['Sharon']
['Carlton', 'Terry', 'Lorena', 'Samantha', 'Ruth', 'Rod', 'Gloria']
['Mario', 'Lydia', 'Nancy']
['Esther', 'Gregory', 'Ted']
['Dwayne', 'Bernard', 'Charles', 'Guadalupe', 'Corinne', 'Carla']
['Krista', 'Tiara', 'Jessie', 'Allen', 'Evan', 'Colleen']
['Carroll', 'Cheri', 'David', 'Patricia', 'Nellie']
['Merle']
['Ronald', 'Jane', 'Jonathon', 'Kay', 'Stephanie']
['Debra', 'Carina', 'Maxine']
['Pat', 'Gilbert', 'Mamie', 'Ella', 'Marla', 'Kenny']
['Raquel', 'Lauren', 'Molly']
['Scotty', 'Chelsea', 'Bessie', 'Juan', 'Claudia']
['Hugo', 'Kelvin']
['Antonio', 'Tim', 'Sheila', 'Sam', 'Warren', 'Monica']
['Joe', 'Marjorie', 'Frank', 'Sara']
['Kelli']
['Blanche', 'Lela']
['Dorothy', 'Marta', 'Jerome', 'Byron', 'Lorene']
['Kristine']
['Zachary', 'Roberta', 'Mireya', 'Mei', 'Julia', 'Gordon', 'Jerry']
['Deborah']
['Matilda', 'Jacqueline', 'Wilfredo', 'Levi', 'Vance', 'Carolyn', 'Shawna']
['Tracy', 'Jami', 'Weldon', 'Hazel', 'Luis']
['Cindy', 'Melvin', 'Martha', 'Cameron', 'Barbara', 'Joyce', 'Manuel']
['Brittany', 'Anthony', 'Katrina', 'Victor']
['Bernice']
['Delia', 'Alan', 'Joan', 'Marge', 'Julius', 'Mavis']
['Mae', 'Thelma', 'Sulema']
['Pearl', 'Tommie', 'Noma']
['Vicente', 'Vickie', 'Beatriz', 'Cynthia', 'Marcus', 'Leo']
['Rena']
['Susan', 'Kathleen', 'Philip']
['Harry', 'Alonzo', 'Nathaniel', 'Rick', 'Joel', 'Sally', 'Renee']
['Arturo', 'Kenneth', 'Katie', 'Emerson', 'Lidia', 'Betty']
['Russel', 'Danielle', 'Eunice', 'Theresa']
['Tonya', 'Heather', 'Hildegard', 'Kristen']
['Bruce', 'Lester']
['Claire', 'Dena', 'Earl', 'Carlos', 'Mark', 'Tomas']
['Michael', 'Wade']
['Erica', 'Rhonda', 'Evelyn']
['Mitchell', 'Alex']
['Chris']
['Jason', 'Heidi']
['Desiree', 'Milton', 'Fred', 'Myra', 'Lena']
['Alice', 'Janice', 'Rafael', 'Dewayne', 'Darrin', 'Joshua', 'Jeffery']
['Doris', 'Lucy']
['Daniel', 'Johnny', 'Kathryn', 'Derrick']
['Jayne', 'Diane']
['Shirley', 'Peter', 'Devon', 'Randy']
['Billie', 'Louise', 'Randall', 'Harriett', 'Ralph']
['Bernie', 'Phyllis', 'Shawn']
['Loretta']
['Victoria', 'Jennifer']
['Wilbur', 'Brett', 'Lucille', 'Cara', 'Shante', 'Roger', 'Lexie']
['Josephine', 'Alvin', 'Raymond', 'Gale', 'Ivan', 'Jeff']
['Fredrick', 'Virgie', 'Erma', 'Trenton', 'Keith', 'Newton', 'Virginia']
['Kyle', 'Jewell', 'Gary', 'Dottie', 'Erik']
['Grace', 'Carole', 'Tom', 'Patrick', 'Daphne']
['Lakesha', 'Argentina', 'Elvera']
['Norma', 'Brenda']
['Porfirio', 'Beverly']
['Ladonna', 'Tabatha', 'Hector', 'Justine', 'Laurie', 'Steve', 'Chester']
['Melanie', 'Hillary']
['Jeremy']
