['E479C8', '77B9A5', '1F6554', 'C96CD6', '833C34', '66F8EA', '219F75', 'D8492F', '4AC817', '88FFF8', '718436', '9C4F00', 'B6FA16', '81A0D3', '55B952', '593AF4', '1A770B', '6E3DED', '87EE7F', 'F28C7F']
['BB986B', '99392B', '2EDC82', 'EB3718', '49EEB4', '43F505', '1986A0', '26DB4C', '3235BA', 'EED7BB', 'B78EF9', '380FF7', 'FAB638', '3F75A9', '97D861', 'B166D1', '73F93C', '2F46CD', 'EC35B5', '943005']
['E7EFA5', '5BC875', 'DDB7C8', '463E2C', '3D830C', 'D883C0', '0C4437', 'F448AE', '31C6A3', 'FCB503', '40C7FF', 'E8A38A', '2E4B9D', '47063A', '6AFCAC', '39CAB7', 'D78522', 'EC2626', 'CC08F5', 'DB6CBF']
['BA7ED0', '99E133', '992AEE', '78DB65', '9D8AD8', 'FD1DAC', '420711', '95F017', '8FF839', '0AFD91', '1F4650', 'CD374A', '8BEC15', '2819EE', '98497D', '80F9BC', '920715', '81DA52', '415552', '85CFC7']
['9B09E5', '1D9893', '05473A', '398310', '099A40', '2D56C1', '54C37C', '1866E0', '72D023', '3E7F60', '69FD70', '882258', 'C9EF6D', '5E2607', '5A5DE8', '893D61', '31B801', '71AE93', '4A32EA', '8EC8D8']
['83ACF7', '0231A4', 'F37211', '93D432', 'D9180C', 'A911EF', '035E05', '1B06C5', '848C87', '177A03', 'E277CB', 'B00B7F', '0AC7A0', 'DDA295', '7D4045', '74ADA7', '1DD8D0', '52BFE5', 'C69699', 'B4BD91']
['052CC7', '26B294', 'B56D74', '2B3DD7', '6DCBC8', '2C02B7', '861E09', '42EE34', '846154', '3CB50A', '0D6A28', '4D74EB', '4C0FCD', 'FECCAB', '608F21', '823C51', '1D528C', 'D6F426', 'C0EA59', 'C34593']
['7647CD', '22394B', '10BBE1', '9D6554', 'EB9D60', '6833E8', 'BB9072', '5C0D69', '3B6837', '1350AD', '29267F', '94AED5', 'E77DD8', '6D4DDC', '30EA83', 'F32B0B', '865328', '35DA72', '2E6B38', 'EDB261']
['2DE42A', 'A34095', '2215AE', 'B8B01F', '7848BA', '0FC6EE', '468F31', '2F584A', 'E8C5B8', '7FADE3', '628552', '5BEDDF', 'F4EDF8', 'D0E5BE', 'F7F9CB', '8AC55C', '1D0C35', 'B0C2D3', 'CC66B0', 'CE0D10']
['41AFC9', '8ECA84', 'DF44F5', '6BF4D3', '8254EB', '4BBAFA', '09944C', 'D50881', '1743CD', '92C42A', '75002A', 'C1CAB9', 'FE7E47', 'B0F05D', 'C54164', '5451FF', 'FBF275', 'DF5F9C', '0B99EF', 'A1D29E']
['62BC31', 'D6DD9E', 'FFD642', '9BAC71', '5ADC6D', '206150', '15AA36', '3D4600', 'B6ACFC', '1C3933', '90E78E', 'C3678B', 'CBE0EA', '51197D', 'E81232', '672145', '9CE56C', '6D4C8F', '0FE5DD', 'CA893B']
['C2A74D', '5C5B8D', '1330B3', 'E1B665', 'F85131', '1FBE40', 'BA6187', '160ED4', '7FE1F2', 'EB7E6A', 'D2BDB6', '601CA7', 'AC34B5', 'D049CD', '6EEE66', 'ABE83F', '747199', '66B93A', '029563', 'A4EAD9']
['B49939', '5ABFA9', '1D4417', '923B8C', '6246E1', 'E3583F', '2B8F4B', '511040', '189812', 'E0044F', '14A3E7', '9C0B9D', 'C19610', '5A681E', '28CCA5', 'E93252', '5D5C76', '935873', '8E8C76', 'AAAF0B']
['E4F6EF', '6C5208', '2D4D61', '026256', '7F8E1D', 'D31361', 'FBB00D', '605983', 'D8849E', 'F1DB81', '9923B4', '5AF312', 'E15D93', 'F1B367', 'AD6105', '5248A9', '4E8355', 'E4C3BA', '0E6FA7', '31B17E']
['D65E29', '73271F', 'F13455', 'A89402', '273165', 'A4FCD1', '3D046E', '20C0D0', '0C3AFF', '60B803', '4DBE20', '88E0AE', '3963FC', '09FFA6', '05F2DC', 'C07CCC', '4C1D36', '5C91EE', '89A551', '503A55']
['89372A', '78E144', 'B2C529', 'CC9A13', '56B4C2', '82BD08', '5E4F6B', '52FB79', '1E571E', '46371B', '552199', 'D83AF7', '77042F', '81A856', '0525B9', 'E191B0', '5F88E7', '2961DB', '1D216B', '34E9FE']
['F9011B', 'F8B91A', 'F545E1', '739ABF', '7AADBC', 'AF83FA', '24A4D1', 'D98FB6', '1656DC', '4EBF50', '539972', '19EFAF', 'FD33F7', 'B13536', '9ABAFB', 'A03FB7', 'D78532', '255208', '1CAAAC', '6E7E64']
['9330C0', '8963E1', 'D8A834', 'BCD2F5', '71AC6D', 'E492E0', 'BC38A8', '76131B', '292CB3', '7B325B', '3FAE1E', '0A3E48', 'FC75E7', '75C017', 'E33128', '03B42D', '09CFE9', 'FCD63D', '940AC5', '037831']
['82B105', 'B32674', 'A0DDCD', '30C157', 'BE5B1D', '244528', '9DF876', '4BC7D0', 'F4C13E', 'F3EDD7', '2B8E0B', '2BEC39', '18AEFC', 'B85F11', 'C5416A', '6C3CD5', 'C4882F', 'CB5EDA', '9FCB42', 'DFE9C6']
['45CE10', 'FF3177', '929578', '00CD58', '0264AF', 'DCB902', '1D39ED', '49EB71', 'D363AB', '9C5DCF', 'DBDDB5', '4BD8B1', 'F2B7FD', '81E0FA', '7C8A3D', 'D2F8E5', '3A0D10', '478A7C', '4430C2', '25B295']
['33ABEE', '5332A9', 'FB3B86', '94C20E', '0CFFC9', '113E1F', 'B2A692', 'B2CB4D', 'A5F27A', '83752D', 'B4257C', '77EB41', '5D4F2F', '29BFBC', '26C6B9', 'D0E36A', '34ACF3', 'E1A380', '400D20', 'AB96B9']
['43FE78', '18D668', 'C60FE7', 'C0A19A', 'F33ACF', '187923', '6C1A62', '9C4CA5', 'EFBA0C', '593840', 'CED5FC', '8883AC', '00C269', 'D324E7', '29D22B', '369765', '5C4F81', '7B306C', '2D2248', '66547C']
['38515C', '316244', 'C748A2', '696B37', '5A3E90', '326662', '4AE7C7', 'EF37A6', 'B38307', '8F75EC', '068D28', 'BE3703', 'E2701A', '8806E7', 'EE9200', '770A4C', '917501', '3E6399', '118FE2', '66C38E']
['5C016B', '3228BB', 'DBF47C', 'B2C27D', 'CD5322', '1600AD', '565E46', 'E9F19A', 'CC4384', '58ED2B', 'F9EB1F', '4FCF52', '7CC3A7', '8DF985', '5B4152', 'D79D49', '414B77', '8D43AD', '0E78AA', '1E0B30']
['F61AD7', '98B1CA', '26DA83', '7334F9', '7C730C', '01E026', 'C8F1A7', '38EA17', '364B78', '57FCD8', 'D2EB79', '04279E', 'E46F9E', 'DE6241', 'EB90EE', '3EF396', '36FCBF', '82F466', 'A4F4BB', 'EEF23E']
