['0', '3', '32', '35', '52', '63', '73', '81', '85', '99', '107', '111', '139', '141', '152', '172', '178', '181', '188', '190', '192', '206', '227', '233', '248']
['50', '164']
['62', '79', '93', '120', '140', '143', '165', '229', '246']
['31', '33', '115', '126', '134', '183', '226', '236']
['4', '17', '18', '45', '78', '91', '101', '104', '112', '114', '116', '121', '182', '207', '213', '242', '245']
['24', '28', '39', '43', '46', '48', '49', '58', '72', '74', '95', '113', '117', '119', '128', '135', '163', '170', '173', '179', '185', '215', '241']
['94']
['224']
['1', '13', '26', '30', '47', '57', '65', '67', '70', '100', '102', '110', '127', '131', '133', '137', '155', '184', '193', '200', '205', '208', '217', '239']
['11', '59', '156', '167', '177', '194', '197']
['27', '44', '54', '61', '83', '98', '124', '132', '144', '211']
['5', '36', '51', '68', '80', '118', '150', '186', '203', '234', '238']
['2', '6', '12', '22', '41', '55', '76', '82', '92', '122', '129', '146', '147', '157', '160', '161', '176', '180', '218']
['23', '69', '125', '216']
['7', '9', '19', '21', '29', '60', '89', '166', '191', '209', '212', '244', '247']
['14', '64', '109', '159', '169', '202', '221', '228']
['15', '34', '42', '53', '77', '87', '97', '162', '168', '196', '198', '199', '219', '232']
['8', '10', '37', '38', '66', '84', '90', '105', '123', '136', '138', '145', '158', '175', '187', '189', '225', '235']
['20', '40', '86', '103', '142', '153', '154', '201', '220', '237', '240', '249']
['16', '25', '56', '71', '75', '88', '96', '106', '108', '130', '148', '149', '151', '171', '174', '195', '204', '210', '214', '222', '223', '230', '231', '243']
