['2', '128', '134', '158', '161', '167', '195', '246', '351', '358', '396', '414']
['29', '101', '138', '210', '274', '368', '416', '463', '484']
['41', '70', '117', '192', '230', '238', '293', '373', '383', '397', '486']
['31', '139', '209', '250', '252', '265', '363', '387', '403', '404', '457', '466']
['80', '132', '207', '211', '243', '244', '245', '290', '334', '441']
['92', '112', '159', '249', '339', '384', '402', '405', '421', '472']
['97', '133', '157', '203', '208', '219', '220', '267', '287', '426', '485']
['4', '9', '64', '162', '169', '226', '239', '258', '326', '436', '455', '480']
['8', '63', '81', '242', '251', '269', '289', '307', '408', '425', '459', '489']
['19', '43', '87', '182', '197', '236', '240', '300', '308', '468']
['120', '124', '130', '151', '153', '186', '217', '247', '298', '303', '389', '488']
['5', '16', '47', '91', '121', '144', '164', '337', '376', '448', '462', '495']
['20', '77', '129', '180', '270', '366', '429', '446']
['22', '38', '52', '148', '261', '315', '357', '365', '413', '470', '478', '494']
['7', '42', '54', '55', '100', '136', '172', '178', '206', '257', '264', '410']
['12', '65', '71', '155', '160', '171', '190', '255', '272', '275']
['21', '59', '88', '127', '154', '173', '232', '324', '332', '382', '451']
['37', '45', '202', '216', '333', '340', '423', '452', '483']
['165', '174', '185', '212', '294', '386', '419', '439', '447', '491', '497']
['17', '48', '51', '57', '73', '224', '234', '266', '292', '302', '359', '369']
['10', '14', '84', '152', '223', '280', '379', '388', '398', '428', '438', '460']
['85', '110', '168', '201', '237', '285', '318', '320', '341']
['1', '3', '135', '141', '145', '150', '227', '271', '279', '306']
['24', '25', '146', '147', '200', '253', '283', '356', '364', '406', '465', '496']
['33', '46', '137', '282', '295', '327', '367', '380', '409', '433', '479']
['83', '114', '183', '215', '256', '310', '371', '385', '407', '415', '464']
['40', '69', '99', '106', '125', '222', '299', '343', '350', '431', '440', '490']
['15', '26', '53', '90', '179', '235', '344', '362', '377', '418', '477', '493']
['61', '102', '116', '126', '187', '194', '199', '273', '278', '305', '461']
['0', '304', '309', '312', '313', '314', '329', '330', '331', '338', '342', '346']
['104', '107', '109', '119', '198', '221', '301', '336', '345']
['32', '60', '78', '108', '131', '291', '316', '328', '348', '393']
['6', '13', '86', '118', '143', '181', '241', '284', '311', '325', '335', '498']
['23', '30', '56', '82', '176', '177', '204', '268', '276', '277', '442', '443']
['62', '68', '111', '122', '142', '149', '254', '319', '390', '417', '432', '444']
['27', '76', '123', '225', '286', '321', '347', '352', '353', '392', '445']
['34', '259', '263', '349', '375', '378', '391', '399', '401', '453', '481', '487']
['67', '72', '74', '115', '196', '322', '400', '412', '424', '427', '475']
['28', '58', '66', '96', '188', '205', '213', '248', '281', '361', '370', '456']
['39', '103', '189', '218', '297', '355', '394', '454', '469', '471', '473']
['35', '36', '79', '163', '381', '430', '434', '449', '467', '474', '476', '499']
['44', '95', '140', '156', '175', '184', '191', '193', '354', '360', '450', '458']
['11', '98', '113', '228', '229', '262', '395', '411', '420', '482', '492']
['75', '89', '93', '214', '288', '296', '317', '323', '372', '374', '435']
['18', '49', '50', '94', '105', '166', '170', '231', '233', '260', '422', '437']
