['35', '38', '42', '45', '95', '111', '125', '132', '152', '165', '172', '232', '236', '270', '298', '306']
['20', '27', '58', '59', '61', '72', '77', '101', '146', '157', '182', '183', '194', '226', '254']
['50', '64', '65', '99', '103', '117', '154', '161', '171', '200', '209', '227', '234', '247', '266', '302']
['19', '55', '60', '86', '112', '130', '148', '177', '193', '202', '292']
['31', '52', '54', '201', '203', '287', '290']
['13', '83', '91', '115', '197', '246', '251', '303', '304']
['15', '39', '88', '89', '131', '176', '178', '189']
['80', '98', '102', '166', '170', '192', '210', '259']
['5', '10', '51', '56', '110', '133', '137', '180', '195', '196', '215', '216', '228', '258', '288', '301']
['32', '41', '46', '57', '119', '121', '122', '179', '204', '229', '242', '243', '245', '257', '293', '300']
['37', '70', '108', '225']
['136', '139', '155', '159', '190', '207', '231', '264', '295']
['87']
['144']
['22', '30', '53', '90', '96', '126', '127', '138', '145', '163', '175', '199', '212', '307']
['241']
['33', '63', '105', '118', '188', '252', '253', '261', '299', '308']
['6', '18', '47', '100', '128', '135', '260', '274', '291']
['275', '285']
['66', '97', '107', '116', '156', '158', '164', '220', '238', '276', '277']
['3', '36', '262', '263']
['235']
['8', '9', '29', '34', '62', '76', '79', '147', '169', '185', '213', '214', '272', '294', '297']
['7', '14', '21', '24', '25', '49', '68', '71', '75', '81', '123', '142', '173', '181', '286']
['0', '1', '2', '186', '187', '217', '218', '219', '221', '222', '223', '248', '249', '250', '279', '281']
['11', '16', '44', '92', '94', '168', '211', '230', '233', '255', '256', '269', '273', '278', '280', '289']
['67', '69', '73', '104', '141', '143', '150', '162', '167', '191', '205', '206', '224', '239', '271', '283']
['4', '12', '23', '26', '28', '78', '82', '85', '113', '129', '149', '151', '174', '265', '268', '296']
['40', '43', '124', '134', '237', '244', '284']
['17', '48', '106', '120', '153', '160', '184', '282']
['74', '84', '93', '109', '114', '140', '198', '208', '240', '267', '305', '309']
