['31', '135', '206', '291', '420', '421', '435', '443']
['59', '66', '74', '154', '233', '375', '378', '380', '413']
['13', '112', '141', '195', '226', '278', '357', '468']
['76', '127', '251', '259', '353', '381', '390', '401', '460']
['121', '393', '399', '410', '414']
['16', '100', '129', '229', '273', '275', '314', '320', '339', '359']
['1', '87', '106', '139', '242', '317', '322', '351', '452', '499']
['184', '257', '261', '457', '483']
['37', '41', '82', '89', '96', '152', '241', '334', '391', '394']
['35', '172', '186', '191', '272', '318', '364', '374', '423']
['3', '17', '34', '39']
['38', '133', '497']
['64', '81', '155', '170', '193', '283', '377', '495']
['4', '72', '115', '159', '166', '194', '214', '358', '453', '467']
['9', '62', '151', '173', '350', '368', '441']
['65', '79', '103', '276', '299', '301', '326', '332']
['30', '70', '136', '208', '248', '325', '366']
['105', '153', '211', '260', '277', '284', '408', '438', '473', '491']
['20', '68', '78', '95', '156', '207', '244', '416', '459', '461']
['288', '376']
['144', '181', '224', '228', '246', '262', '369', '439', '448']
['85', '131', '150', '158', '213', '237', '254', '312', '426', '476']
['67', '75', '203', '222', '249', '355', '360', '384', '427']
['40', '219', '243', '247', '294', '315', '465', '494']
['47', '169', '196', '245', '306', '340', '411', '415', '425']
['84', '128', '142', '164', '267', '305', '307']
['63', '157', '177', '192', '212', '289', '348', '389', '444', '464']
['56', '124', '138', '202', '209', '309', '331', '343', '344', '447']
['182', '230', '274', '429', '430', '433']
['32', '118', '165', '205', '227', '231', '321', '342']
['6', '126', '204', '215', '298', '302', '418', '472']
['57', '98', '346', '412', '445']
['2', '54', '110', '137', '234', '239', '281', '282', '285', '383']
['12', '33', '44', '197', '216', '271', '361', '403', '424', '469']
['117', '146', '183', '200', '220', '240', '300', '310', '311', '370']
['5', '69', '77', '92', '356', '402', '475', '489', '493', '498']
['21', '50', '91', '179', '255', '270', '396', '432', '436', '484']
['7', '90', '99', '120', '250', '279', '335', '404', '455', '496']
['48', '53', '73', '104', '113', '221', '265', '297', '372']
['42', '125', '174', '313', '337', '341', '349', '354', '490']
['10', '15', '49', '451', '474']
['43', '143', '168', '175', '308', '333', '456', '458']
['29', '116', '160', '171', '235', '367', '371']
['253', '256', '303', '304', '330', '392', '398', '400', '470']
['27', '232', '280', '329', '382', '395', '405', '442', '463', '500']
['46', '61', '71', '108', '188', '189', '218', '236', '409', '487']
['8', '101', '148', '176', '323', '328', '352', '431', '454']
['93', '94', '198', '199', '296', '347', '365', '379', '385', '440']
['293']
['107', '145', '185', '187', '223', '388', '397', '406', '481']
['25', '80', '86', '122', '130', '449', '478']
['18', '97', '102', '132', '147', '338', '386', '387', '462']
['140', '161', '162', '292', '345', '428', '492']
['11', '28', '51', '52', '178', '258']
['24', '83', '264', '268', '295', '316', '373', '407', '434', '479']
['26', '109', '119', '134', '225', '266', '417', '437', '450', '477']
['60', '88', '114', '190', '201', '238', '324', '446', '466', '486']
['36', '163', '217', '290', '336', '362', '363', '480', '488']
['14', '23', '123', '419', '422', '471']
['167', '180', '210']
['19', '22', '55', '58', '111', '287', '327', '482']
['45', '149', '252', '263', '269', '286', '319', '485']
