['Mair', 'Kathy', 'Sileas', 'Fania', 'Patty', 'Jesse', 'Rhody', 'Malva', 'Lorie', 'Sonni', 'Marris', 'Nancie', 'Matilde', 'Eolanda', 'Haley']
['Austina', 'Charita', 'Tiffany', 'Andie', 'Claudie', 'Eve', 'Gae', 'Katti', 'Elvera', 'Jacqui', 'Agatha', 'Cassondra', 'Nicki', 'Cindie', 'Myrtle']
['Emelda', 'Sandie', 'Clemence', 'Leda', 'Stormi', 'Tani', 'Georgiana', 'Peg', 'Melinde', 'Cassandra', 'Fredericka', 'Desiri', 'Else', 'Anabal', 'Mufinella']
['Roslyn', 'Shirl', 'Vanni', 'Addi', 'Silva', 'Opal', 'Sadye', 'Rosamond', 'Sula', 'Tiffy', 'Gwennie', 'Tamra', 'Bekki', 'Dyane', 'Bonita']
['Livy', 'Sherrie', 'Kiele', 'Hedwiga', 'Teddi', 'Nanon', 'Birgitta', 'Marlena', 'Ansley', 'Colline', 'Bertie', 'Angelica', 'Rita', 'Nelie', 'Catha']
['Inga', 'Brigitte', 'Winifred', 'Kathleen', 'Jaynell', 'Dee', 'Nicoli', 'Terese', 'Diahann', 'Vinni', 'Britney', 'Stefa', 'Tim', 'Lorain', 'Ronnica']
['Kittie', 'Doroteya', 'Carla', 'Alia', 'Erminia', 'Anabelle', 'Vonni', 'Anabel', 'Clemmie', 'Kaitlin', 'Dita', 'Brittan', 'Sofie', 'Johanna', 'Allie']
['Marcie', 'Paulina', 'Dena', 'Clarissa', 'Willi', 'Gale', 'Rosene', 'Selinda', 'Ingunna', 'Brunhilda', 'Stephannie', 'Edith', 'Marabel', 'Kellsie', 'Britteny']
['Daphene', 'Anastassia', 'Frankie', 'Fernande', 'Agnes', 'Mei', 'Flory', 'Lydie', 'Brook', 'Melloney', 'Millisent', 'Corly', 'Alyson', 'Delly', 'Euphemia']
['Rowena', 'Yovonnda', 'Agnese', 'Cherilynn', 'Harriet', 'Caryn', 'Faythe', 'Erica', 'Netty', 'Babara', 'Diane', 'Rosana', 'Tamara', 'Jen', 'Yolanda']
['Alexandrina', 'Dotti', 'Casi', 'Briny', 'Gabbie', 'Janice', 'Latisha', 'Cristionna', 'Madelena', 'Pammy', 'Julie', 'Antonietta', 'Krissy', 'Demetria', 'Anette']
['Row', 'Doris', 'Adriane', 'Idalina', 'Ranice', 'Veradis', 'Neile', 'Oralee', 'Xylina', 'Annice', 'Aviva', 'Starlin', 'Conchita', 'Lulu', 'Mella']
['Stesha', 'Dorine', 'Carri', 'Shanie', 'Marijo', 'Quintana', 'Risa', 'Noreen', 'Nedda', 'Sheila', 'Reggi', 'Nissie', 'Leanora', 'Maddalena', 'Lisette']
['Orsa', 'Moyna', 'Gaby', 'Gavra', 'Gerry', 'Joanna', 'Hortense', 'Georgeanne', 'Tarra', 'Lorena', 'Lani', 'Fran', 'Marisa', 'Yoshi', 'Collete']
['Rhodia', 'Corinne', 'Agneta', 'Bridgette', 'Lira', 'Tanitansy', 'Kathryn', 'Jolie', 'Korney', 'Oliy', 'Serena', 'Zulema', 'Belle', 'Gianina', 'Maxie']
['Cheslie', 'Ruperta', 'Rivkah', 'Missy', 'Vicky', 'Camala', 'Roxane', 'Kania', 'Marcella', 'Fawnia', 'Eulalie', 'Allene', 'Natalya', 'Josepha', 'Sile']
['Drusy', 'Kara', 'Cristen', 'Yetta', 'Jorrie', 'Chelsy', 'Cristabel', 'Meggi', 'Ramonda', 'Athena', 'Mechelle', 'Randie', 'Kellie', 'Bernice', 'Martina']
['Estella', 'Lesly', 'Avivah', 'Helyn', 'Kaitlynn', 'Eran', 'Paige', 'Idelle', 'Danni', 'Ulrike', 'Dominica', 'Andromache', 'Arlee', 'Valli', 'Lyda']
['Estele', 'Beatrice', 'Morena', 'Amalee', 'Charmine', 'Marlie', 'Jessamyn', 'Debora', 'Lynnet', 'Brear', 'Tallie', 'Kala', 'Noell', 'Zenia', 'Thia']
['Joelly', 'Carroll', 'Tiphanie', 'Karie', 'Monique', 'Shoshana', 'Mirna', 'Laverne', 'Sada', 'Adiana', 'Della', 'Mariellen', 'Jemie', 'Lotte', 'Cathryn']
