['240', '404', '241', '161', '258']
['120', '24', '245', '480', '492', '325', '103', '198', '490', '98', '54', '260', '300', '186']
['194', '392', '239', '236', '168']
['301', '158', '188', '230', '399']
['249', '486']
['216', '244', '9', '440', '53', '471', '138', '292', '25', '429', '74']
['448', '426']
['220']
['368', '172']
['118', '148', '475', '224', '324', '377', '229', '304', '71', '174']
['132']
['154', '369', '106', '336', '455', '176', '181', '313']
['146']
['261', '80', '332', '496']
['81', '3', '283', '357', '295', '401']
['296']
['266']
['4', '459', '137', '62', '206', '89']
['487', '210', '378', '294', '420', '149']
['183', '288', '408', '432', '83', '250', '275', '156', '373', '129', '267', '462', '342', '97', '348', '28', '108', '185']
['0', '60', '104', '112', '280', '345', '387', '406', '398', '2', '45', '290', '358', '411', '340', '400', '472', '367']
['414', '33', '317']
['31', '328', '413', '352', '221', '225', '152', '19']
['23', '335', '42', '208', '34', '115', '441', '16', '412']
['135']
['164', '169', '362', '130', '278', '465', '476', '107', '226', '416', '309', '483', '385', '41', '218', '29', '299']
['184', '136', '87', '88', '105', '322']
['437', '323', '95']
['170', '231', '119', '246', '123', '131', '134', '91', '214', '326', '380', '235']
['7', '310', '461', '196', '277', '430', '436', '484', '346', '447', '59', '32', '312', '205', '182', '452']
['75', '193', '343', '147', '151', '435', '20', '211', '254', '204', '438', '467']
['128', '202', '350', '351', '125', '473', '228', '314', '354', '47', '410', '139', '415', '477', '145', '268', '291']
['327', '403', '200']
['11', '341', '5', '232', '273', '361', '419', '334', '344', '497', '381', '212', '366', '142', '271']
['49', '117', '217', '237', '274', '166', '270', '65', '276', '263', '8', '489', '303', '339', '51', '201', '55']
['69', '360', '318', '460', '101', '355', '316', '85', '163', '431', '248', '173', '167', '356']
['1', '113', '257', '30', '329', '453', '379', '376', '227', '402', '466', '14', '99']
['67', '86', '222', '259', '177', '469', '70', '43', '63', '446', '90', '178', '133', '144', '281', '394', '279']
['293', '35', '64', '122', '165', '449', '427', '331', '50', '140', '79', '494', '286', '330', '48', '127', '159']
['272', '499', '175', '179', '333', '315', '320', '450', '474', '44', '242', '234', '17', '383', '282']
['93']
['213', '308', '171', '199', '305', '347', '491', '40', '153', '458']
['433', '195', '371', '389', '488', '349']
['338', '359', '269', '297', '386', '143', '247', '463']
['252', '26', '27', '434']
['13', '187', '421', '215', '391', '393', '157', '233', '353', '189', '319', '481']
['22', '109', '298']
['6', '12']
['498', '73', '478', '209', '405', '180', '479', '457', '96', '425']
['384', '141', '150', '395', '443', '306', '307', '38', '255']
['72', '111', '160', '284', '289', '445', '121', '110', '375', '423', '451', '439', '311', '493', '454', '396', '238']
['94', '77', '418', '124', '337', '468', '285', '76', '190', '302', '424']
['37', '52', '61', '203', '442', '321', '428', '57', '243', '374', '485', '223', '444', '417', '68']
['364', '56', '58', '155', '372', '495', '197', '482', '251', '456', '253', '116', '114']
['192', '407', '464', '18', '92', '370', '422', '39', '397', '78', '66', '365', '100', '287']
['265', '470', '256', '15', '388']
['126', '191', '219', '84', '207', '46', '82', '262', '10']
['382', '162', '363', '409', '390', '36', '102', '21', '264']
