['45', '59', '68', '98', '102', '121', '139', '155', '164', '180', '184', '185', '190', '192', '233', '240', '269', '320', '332', '353', '355', '368', '409', '428', '434', '443', '462', '469']
['33', '49', '58', '67', '72', '96', '154', '166', '182', '191', '231', '242', '253', '270', '278', '279', '284', '286', '296', '303', '318', '338', '339', '344', '364', '379', '405', '410', '464', '486']
['16', '24', '124', '128', '169', '174', '217', '292', '299', '328', '375']
['50', '135', '156', '170', '252', '300', '429', '437', '441', '480']
['63', '92', '93', '100', '119', '131', '138', '201', '205', '247', '260', '274', '276', '302', '307', '313', '314', '345', '347', '352', '357', '366', '367', '385', '417', '421', '433', '449', '467', '468']
['2', '18', '23', '52', '56', '73', '111', '146', '159', '162', '198', '208', '312', '365', '371', '372', '384', '388', '425', '431', '452', '471']
['21', '47', '99', '104', '113', '173', '176', '197', '206', '245', '255', '265', '310', '311', '334', '343', '381', '387', '389', '391', '393', '400', '440', '446', '454', '459', '473', '475', '485']
['57', '107', '108', '116', '122', '161', '179', '186', '188', '195', '200', '213', '229', '236', '246', '288', '321', '337', '350', '362', '378', '435', '439', '470', '472', '477']
['26', '94', '215', '257', '268', '291', '297', '333', '348', '349', '380', '390', '396', '403', '422', '424', '476', '490']
['13', '14', '17', '19', '81', '110', '123', '130', '137', '163', '165', '175', '178', '234', '256', '271', '281', '325', '327', '369', '401', '412', '413', '416', '460']
['3', '4', '42', '66', '101', '106', '114', '125', '140', '189', '202', '203', '230', '241', '243', '248', '254', '259', '272', '290', '316', '322', '402', '414', '451', '453', '466', '474', '487']
['53', '80', '85', '90', '103', '112', '127', '136', '193', '221', '224', '228', '235', '237', '266', '295', '315', '324', '330', '331', '359', '370', '386', '406', '481', '484']
['61', '70', '109', '115', '147', '152', '157', '171', '187', '263', '293', '306', '326', '450', '457', '463', '483']
['30', '31', '32', '41', '60', '78', '91', '97', '134', '142', '144', '145', '194', '199', '207', '209', '227', '232', '262', '264', '305', '308', '342', '363', '373', '395', '399', '415', '456']
['0', '1', '5', '8', '12', '15', '20', '22', '25', '28', '29', '34', '35', '36', '37', '39', '44', '48', '62', '64', '69', '71', '74', '75', '76', '77', '82', '87', '89', '95']
['46', '86', '88', '105', '129', '148', '158', '211', '214', '222', '226', '249', '258', '267', '317', '336', '360', '382', '383', '392', '404', '411', '418', '419', '427', '430', '461', '482', '488']
['6', '55', '117', '118', '120', '126', '132', '133', '141', '168', '181', '196', '212', '219', '225', '250', '273', '275', '285', '309', '354', '358', '361', '394', '397', '398', '407', '447', '458']
['10', '43', '51', '83', '150', '172', '218', '238', '251', '277', '289', '298', '301', '304', '319', '329', '351', '376', '420', '423', '432', '436', '442', '444', '478', '489']
['27', '40', '54', '84', '153', '177', '183', '204', '216', '220', '223', '323', '340', '341', '377', '426', '438', '465', '479']
['7', '9', '11', '38', '65', '79', '143', '149', '151', '160', '167', '210', '239', '244', '261', '280', '282', '283', '287', '294', '335', '346', '356', '374', '408', '445', '448', '455']
