['Lucio', 'Jayne', 'Maura', 'Jaime', 'Ellen', 'Jonah', 'Steve', 'Nelda', 'Ollie', 'Britt', 'Josie', 'Margo', 'Malik', 'Carly', 'Staci', 'Ebony', 'Cyrus', 'Ahmad', 'Gayle', 'Clark', 'Rhett', 'Lyman', 'Tasha', 'Darin', 'Helga', 'Ilene', 'Louis', 'Sheri', 'Bryce', 'Bette', 'Peter', 'Erick', 'Fidel', 'Sonja', 'Annie', 'Fritz', 'Willy', 'Mason', 'Robyn', 'Tanya', 'Joann', 'Lanny', 'Cliff', 'Pedro', 'Amber', 'Deann', 'Timmy', 'April', 'Micah', 'Brant']
['Ariel', 'Patti', 'Janis', 'Alice', 'Berta', 'Tonya', 'Twila']
['Julia', 'Vicky', 'Marla', 'Mikel', 'Moses', 'Holly', 'Daisy', 'Wendi', 'Elias', 'Brady', 'Alton', 'Kelly']
['Karin', 'Trent', 'Claud', 'Joyce', 'Brent', 'Amado', 'Tessa', 'Hilda', 'Orval', 'Mario', 'Elvia', 'Emily', 'Nancy']
['Laura', 'Lauri', 'Brian', 'Effie']
['Bruno', 'Vilma', 'Maria', 'Roxie', 'Monty', 'Hyman', 'Tammi', 'Nadia']
['Barry', 'Mable', 'Zelma', 'Becky', 'Issac', 'Emery', 'Doris', 'Quinn', 'Donny', 'Kayla', 'Melba', 'Wally', 'Chang', 'Basil', 'Perry', 'Bryon', 'James', 'Paige', 'Dario', 'Chase', 'Danny', 'Mandy', 'Jamel', 'Dusty', 'Sandy', 'Corey', 'Kirby', 'Billy', 'Wendy', 'Dante', 'Audra', 'Sonny', 'Leann', 'Craig', 'Clara', 'Jacob', 'Robin', 'Olive', 'Terri', 'Misty', 'Percy', 'Roman', 'Pansy', 'Elvin']
['Della', 'Devin', 'Candy', 'Myron', 'Allan', 'Sadie', 'Josef', 'Leona', 'Lorie', 'Marty', 'Wyatt', 'Avery', 'Carla', 'Elsie', 'Hazel', 'Renee', 'Rhoda', 'Chong', 'Teddy', 'Rusty', 'Shane', 'Betsy', 'Mitch', 'Homer', 'Major', 'Daron', 'Moshe', 'Rufus', 'Adela', 'Pearl']
['Janet', 'Cindy', 'Greta', 'Alvin', 'Lacey', 'Garry', 'Grant']
['David', 'Ervin', 'Dixie', 'Irvin', 'Wanda', 'Flora', 'Merle']
['Adele', 'Ernie', 'Lydia', 'Tommy', 'Roger', 'Erika', 'Essie', 'Leroy', 'Freda', 'Dwain', 'Shaun', 'Julio', 'Sofia']
['Terry', 'Mitzi', 'Bryan', 'Felix', 'Nikki', 'Edwin', 'Buddy', 'Jared', 'Arlen', 'Erica', 'Tonia', 'Donna', 'Randy', 'Clint', 'Benny']
['Jason']
['Casey', 'Davis', 'Kathy', 'Ruben', 'Randi', 'Eddie']
['Aline', 'Cesar', 'Viola', 'Jamar', 'Kevin', 'Elena', 'Tyron']
['Ronny']
['Naomi', 'Lorna']
['Marci', 'Mamie', 'Debra']
['Tracy', 'Marcy', 'Bobbi', 'Chris', 'Queen', 'Aaron', 'Clyde', 'Brock', 'Katie', 'Sally', 'Sybil', 'Linda', 'Karen', 'Verna']
['Elmer', 'Wilma', 'Odell', 'Maude', 'Sammy', 'Leila']
