['20', '71', '72', '124', '205']
['43', '181', '203', '234', '243']
['160', '186']
['91', '103', '125', '185', '218', '246']
['105', '219', '222']
['9', '67', '104']
['54', '83', '140', '172', '173', '237']
['4', '59', '178', '196', '206', '248']
['117', '131', '138', '157', '202', '221']
['41', '42', '62', '97', '176', '226']
['19', '109', '123', '142', '151', '233']
['24', '64', '69', '94', '232', '244']
['13', '65', '82', '145', '153', '165']
['34', '85', '154', '208', '223']
['45', '126', '175', '190']
['2', '130', '236', '239']
['120', '143', '162', '192', '214', '241']
['10', '31', '36', '150', '158']
['39', '74', '107', '170', '215', '249']
['79', '98', '132', '146', '148', '159']
['21', '68', '92', '112', '225', '240']
['60', '61', '161', '171']
['18', '55', '73', '133', '230']
['8', '26', '29', '84', '201', '212']
['50', '78', '115', '121', '168', '187']
['14', '49', '99', '163', '211', '229']
['27', '58', '87', '139', '174']
['17', '102', '164', '195', '198', '200']
['7', '23', '110', '122', '137', '183']
['70', '81', '106', '155', '217']
['33', '77', '134', '136', '210', '245']
['0', '52', '63', '66', '108', '135']
['15', '86', '128', '144', '156', '242']
['16', '48', '114', '189', '247']
['25', '95', '116', '169', '197', '228']
['44', '51', '127', '166', '177']
['11', '56', '80', '93', '118', '184']
['40', '53', '90', '188', '235']
['1', '180', '199', '209']
['75', '224']
['3', '5', '28', '149', '193']
['111', '207', '220']
['22', '37', '96', '119', '167']
['47', '88', '152']
['141', '191', '216']
['30', '46', '57', '113', '204']
['32', '194', '227', '231']
['89', '101', '182', '213']
['6', '100', '147', '179', '250']
['12', '35', '38', '76', '129', '238']
