['Leo', 'Xavier', 'Justin', 'Kai', 'Eric', 'Bryce', 'Karter', 'Manuel']
['James', 'Daniel', 'Luke', 'Gabriel', 'Levi', 'Landon', 'Hudson', 'Kayden', 'Giovanni', 'Martin']
['Joshua', 'Ian', 'Carlos', 'Jeremy', 'Bryan', 'Peter', 'Thiago', 'Andres', 'Felix', 'Archer']
['Elijah', 'Anthony', 'Julian', 'Christian', 'Jeremiah', 'Luca', 'Elliott', 'Maximus', 'Francisco']
['Lucas', 'Jack', 'Ryan', 'Thomas', 'Asher', 'Colton', 'Cooper', 'Rhett', 'Graham', 'August']
['Jayden', 'Nathan', 'Angel', 'Brayden', 'Jordan', 'Declan', 'Miguel', 'Aidan', 'Sean', 'Enzo']
['David', 'Josiah', 'Jaxson', 'Greyson', 'Ryder', 'Malachi', 'Alan', 'Zane', 'Kenneth', 'Amari']
['Carson', 'Harrison', 'Kingston', 'Amir', 'Finn', 'Kaleb', 'Brian', 'Bradley', 'Arthur', 'Legend']
['Adrian', 'Maverick', 'Kevin', 'Ashton', 'Jesse', 'Zander', 'Killian', 'Damien', 'Cash', 'Rylan']
['Isaac', 'Jaxon', 'Parker', 'Jason', 'Myles', 'Cayden', 'Jake', 'Corbin', 'Stephen', 'Emerson']
['Jace', 'Roman', 'Chase', 'Abraham', 'Marcus', 'Kyle', 'Remington', 'Clayton', 'Dallas', 'Reid']
['am', 'Jacob', 'Carter', 'Evan', 'Miles', 'Brody', 'Judah', 'Andre', 'Kameron', 'Eduardo']
['Grayson', 'Cameron', 'Easton', 'Micah', 'Calvin', 'Xander', 'Patrick', 'Jasper', 'Omar', 'Griffin']
['Dominic', 'Adam', 'Leonardo', 'Cole', 'George', 'Max', 'Richard', 'Paxton', 'Derek', 'Tobias']
['Mason', 'Andrew', 'Theodore', 'Bentley', 'Silas', 'Beau', 'Joel', 'Alejandro', 'Phoenix', 'Rafael']
['Joseph', 'Connor', 'Jameson', 'Damian', 'Emmanuel', 'Edward', 'Grant', 'Messiah', 'Barrett', 'Emilio']
['Jackson', 'Nolan', 'Bryson', 'Ivan', 'Brantley', 'Steven', 'Zayden', 'Beckett', 'Javier', 'Adriel']
['Sebastian', 'Lincoln', 'Hunter', 'Ayden', 'Juan', 'Blake', 'Dean']
['Mateo', 'Vincent', 'Jude', 'Gael', 'Lorenzo', 'Brady', 'Holden', 'Erick', 'Colt', 'Ace']
['Aiden', 'Charles', 'Jose', 'Jonah', 'Antonio', 'Oscar', 'Josue', 'Walter', 'Louis', 'Cody']
['Ethan', 'Henry', 'Nathaniel', 'Timothy', 'Tucker', 'Dawson', 'Knox', 'Simon', 'Karson']
['William', 'Oliver', 'Aaron', 'Zachary', 'Wesley', 'Bennett', 'Maddox', 'Riley', 'Beckham']
['Samuel', 'Austin', 'Gavin', 'Tyler', 'Diego', 'Rowan', 'King', 'Hayden', 'Avery', 'Milo']
['Benjamin', 'John', 'Owen', 'Everett', 'Weston', 'Kaiden', 'Camden', 'Paul', 'Jaden', 'Finley']
['Noah', 'Michael', 'Sawyer', 'Brandon', 'Jesus', 'Kaden', 'Lukas', 'Colin', 'Israel', 'Jorge']
['Logan', 'Ezra', 'Ezekiel', 'Braxton', 'Tristan', 'Waylon', 'Matteo', 'Zion', 'Matias', 'Iker']
['Alexander', 'Wyatt', 'Maxwell', 'Alex', 'Preston', 'Brooks', 'Nicolas', 'Emiliano', 'Chance', 'Tanner']
['Dylan', 'Christopher', 'Caleb', 'Jonathan', 'Santiago', 'Jayce', 'Elliot', 'Jax', 'Caden', 'Nash']
['Matthew', 'Nicholas', 'Emmett', 'Ryker', 'Abel', 'Victor', 'River', 'Kyrie', 'Leon', 'Theo']
['Isaiah', 'Eli', 'Robert', 'Elias', 'Axel', 'Luis', 'Mark', 'Charlie', 'Gunner']
