['80', '99', '112', '128', '131', '189', '233', '287']
['19', '55', '61', '118', '141', '170', '181', '250', '328', '336', '350']
['45', '114', '195', '198', '222', '225', '244', '351', '356', '388']
['53', '69', '115', '120', '142', '253', '257', '302', '304']
['14', '68', '167', '174', '191', '221', '223', '260', '273', '354', '361', '394']
['6', '25', '48', '95', '96', '148', '168', '193', '226', '305', '363', '373']
['10', '12', '30', '34', '126', '161', '203', '266', '292', '321', '345', '389']
['83', '158', '173', '184', '242', '249', '263', '352', '362', '371', '375', '376']
['75', '138', '171', '190', '194', '205', '224', '262', '288', '380', '387', '391']
['57', '164', '178', '202', '231', '232', '316', '349']
['20', '37', '43', '88', '166', '187', '218', '303', '313', '331', '355', '382']
['2', '17', '39', '65', '73', '91', '124', '130', '175', '285', '314', '359']
['4', '35', '54', '86', '132', '144', '155', '197', '220', '269', '332', '357']
['64', '66', '70', '85', '100', '143', '186', '227', '335', '337', '364', '390']
['31', '78', '84', '109', '163', '182', '228', '243', '289', '315', '329']
['137', '216', '230', '291', '298', '300']
['62', '133', '146', '147', '172', '213', '261', '278', '310', '320', '367', '395']
['49', '151', '199', '235', '274', '281', '319', '323', '381']
['9', '71', '165', '238', '252', '290', '326', '348', '399']
['3', '42', '82', '89', '94', '153', '192', '219', '246', '307', '312', '374']
['8', '38', '108', '119', '135', '159', '204', '236', '240', '334', '377']
['63', '76', '79', '127', '139', '145', '157', '211', '346']
['0', '22', '60', '98', '210', '247', '299', '324', '344', '370', '384', '385']
['117', '183', '208', '245', '339', '386', '397']
['15', '23', '29', '77', '209']
['102', '129', '154', '207', '325', '341']
['101', '152', '160', '185', '234', '251', '279', '280', '283', '295', '342', '400']
['7', '13', '110', '140', '201', '212', '311', '333', '343', '393']
['33', '111', '113', '268', '294', '301', '318', '322', '398']
['16', '41', '52', '67', '125', '149', '200', '272', '286', '365', '396']
['5', '27', '46', '56', '72', '97', '162', '229', '267', '338', '340']
['11', '58', '74', '215', '248', '270', '277', '308', '369', '392']
['1', '24', '44', '90', '93', '104', '106', '116', '136', '239', '309', '366']
['18', '21', '26', '92', '122', '134', '188', '330', '372', '379']
['28', '40', '59', '177', '254', '259', '264', '265', '293', '378']
['32', '87', '123', '217', '237', '241', '271', '275', '327']
['51', '107', '276', '296', '297', '317', '383']
['81', '150', '176', '179', '353', '360']
['47', '121', '196', '206', '214', '258', '284', '306', '347', '358']
['36', '50', '103', '105', '156', '169', '180', '255', '256', '282', '368']
