['98']
['323']
['131', '415']
['278']
['63', '90', '123']
['161']
['137', '269', '308']
['302']
['8', '390']
['14', '70', '417', '430']
['94', '394']
['196', '282', '408']
['362']
['52', '66', '124', '345', '487']
['361']
['331']
['74', '367', '393', '453']
['488']
['495']
['16', '352']
['347']
['465']
['397']
['23', '101', '158', '233']
['190']
['289', '376', '443']
['283', '330', '422']
['340']
['34']
['144']
['272']
['47', '100', '371']
['248', '357']
['416']
['310', '481']
['61', '448', '499']
['115', '140']
['273']
['328']
['435']
['155', '449']
['80', '108', '195', '218', '245', '486']
['498']
['247']
['20', '50', '171', '177', '359', '490']
['268']
['38']
['5']
['220']
['75']
['339']
['76']
['37']
['192']
['93', '110']
['343']
['279', '369']
['274', '318']
['199']
['59', '87', '179', '276', '306']
['249']
['111', '156', '336', '381']
['41', '138']
['405']
['380', '466']
['469']
['56']
['112']
['25']
['121', '275', '441']
['194', '201']
['60', '360']
['96']
['1', '27', '447', '470']
['253', '370']
['395', '457']
['160', '329']
['477']
['105', '372']
['281', '479']
['11', '67', '97']
['0', '4', '7', '22', '29', '39', '49', '53', '57', '72', '78', '83', '84', '89', '91', '95', '103', '107', '109', '113', '114', '116', '120', '127', '134', '135', '136', '148', '151', '152', '159', '166', '170', '176', '185', '186', '187', '193', '202', '206', '210', '212', '214', '215', '216', '219', '225', '226', '229', '234', '235', '255', '258', '259', '261', '265', '277', '280', '287', '292', '296', '297', '298', '299', '301', '304', '309', '311', '313', '316', '322', '325', '348', '349', '351', '356', '364', '368', '377', '378', '389', '392', '396', '407', '412', '425', '431', '436', '440', '455', '462', '483', '485', '493', '496']
['165', '429']
['128', '221', '224']
['271']
['379', '472']
['326', '446']
['130', '145', '252']
['164', '346']
['373']
['77']
['73']
['464']
['35', '82']
['230', '300']
['244']
['254']
['21', '142', '442']
['54']
['384']
['188', '264', '482']
['295']
['2', '475']
['207']
['147', '459']
['154']
['418']
['45', '334']
['428']
['460']
['10', '178']
['28', '183']
['240']
['476']
['286']
['285', '387']
['129', '204']
['104', '293']
['58', '119']
['399']
['222', '320']
['150', '409', '433']
['419']
['423']
['86']
['153']
['251']
['354']
['62', '169']
['32', '43', '55', '173', '197', '250', '260', '406', '458']
['314']
['126', '227', '231', '327', '350', '454']
['198']
['246']
['401', '427']
['184', '403']
['256']
['12', '157']
['411']
['337', '375']
['439']
['175', '400']
['46', '365', '478']
['18', '36', '106', '143', '353', '391']
['232', '263']
['15', '189', '404']
['167', '168', '324', '385', '414']
['141', '342', '388', '420', '424']
['85', '223', '355']
['305']
['68', '468']
['205']
['238']
['383']
['398']
['125', '290', '335']
['30', '42', '48', '172', '363']
['294']
['303']
['228', '471']
['24', '266', '291']
['19', '437']
['26']
['236']
['92']
['118']
['133']
['102', '180', '270', '341', '426', '451', '484']
['434']
['122', '139', '312', '374', '452']
['81']
['358']
['284']
['492']
['402', '480']
['71', '461']
['410', '438', '473']
['444']
['317']
['217', '321']
['65', '149', '213', '497']
['6']
['44', '332']
['474']
['319']
['13', '64', '88', '208', '211', '242', '288', '315', '450', '491']
['117', '162']
['467']
['17', '338', '463']
['182', '200']
['209']
['3']
['31']
['163']
['445', '456']
['307']
['99', '267']
['69', '413']
['203', '257']
['382']
['262']
['9', '51', '489']
['421']
['79', '344']
['146', '174']
['241', '494']
['40', '366']
['33', '191', '243']
['432']
['386']
['132', '239']
['181', '237']
['333']
