['ACT', 'ACY', 'ADI', 'ADV', 'AEK', 'AGG', 'AHN', 'AID', 'AIN', 'AJX', 'ALL', 'ANM', 'ANR', 'AOY', 'APB', 'AQO', 'ATN', 'ATV']
['AAO', 'ABD', 'ABO', 'ADQ', 'AFQ', 'AGO', 'AHS', 'AIO', 'AJQ', 'ALD', 'ALQ', 'AOS', 'AQN', 'AQX', 'ASY']
['AAU', 'ABB', 'ABQ', 'AEY', 'AFT', 'AGC', 'AGI', 'AGN', 'AGS', 'AKT', 'ALH', 'AMM', 'AMQ', 'AMV', 'AOP', 'ARL', 'ARP']
['ABK', 'ACC', 'AEJ', 'AEP', 'AGD', 'AGF', 'AHF', 'AIA', 'AIM', 'AJK', 'AKO', 'ANN', 'ANW', 'AOG', 'ASC', 'ATA', 'ATF']
['ABY', 'ADX', 'ALE', 'ALR', 'APH']
['AAF', 'AHW', 'AIF', 'AJM', 'AJW', 'ANC', 'AOU', 'APG', 'APJ', 'APU', 'ASD', 'ASE']
['AAG', 'ABL', 'ADF', 'AFF', 'AFM', 'AHG', 'AIJ', 'AIQ', 'AJC', 'ALP', 'AOR', 'AQV', 'ATE', 'ATK']
['AAP', 'AAV', 'ABC', 'ABP', 'AHH', 'AIH', 'AJH', 'ALB', 'ANF', 'AOC', 'APS', 'AQL']
['ADP', 'AMU', 'ARA', 'ARX', 'ATY']
['AAQ', 'ABW', 'AGQ', 'AHM', 'AJU']
['ACK', 'AFO', 'AFW', 'AIC', 'AJL', 'AJY', 'AKU', 'ALI', 'AND', 'ANU', 'AQU', 'ARH', 'ASX', 'ATJ']
['AAA', 'ACL', 'ADE', 'ADT', 'AEN', 'AFY', 'AGX', 'AJV', 'AKF', 'AKH', 'AKQ', 'ANY', 'AOF', 'AQA', 'ART', 'ASK', 'ATG', 'ATS']
['AAM', 'ABA', 'AGV', 'AME', 'AMJ', 'ANG', 'ANQ', 'ATT']
['ABG', 'ABM', 'AEL', 'AHX', 'AIU', 'AJF', 'ALY', 'AMS', 'APC', 'APO', 'ARU']
['ABU', 'ACW', 'ADB', 'AEG', 'AEX', 'AFE', 'AFL', 'AIR', 'AKG', 'AKI', 'AKJ', 'AOQ', 'AQS', 'ARG', 'ATX']
['ABH', 'ABS', 'AEB', 'AEV', 'AGB', 'AHR', 'ALO', 'AMA', 'AMY', 'AON', 'ARI', 'ARQ', 'ARR']
['ACN', 'ACV', 'AEA', 'AGK', 'AJO', 'AMH', 'ASO', 'ATR']
['ADC', 'AFC', 'AHY', 'AOM', 'APK', 'ASS', 'ATQ']
['AFH', 'AFI', 'AHE', 'AII', 'AIK', 'ANL']
['AAI', 'AEC', 'AEI', 'AHA', 'AHO', 'AIB', 'ALK', 'ALN', 'ANP', 'APA', 'APQ', 'APY', 'AQG', 'ARS']
['AAR', 'ABV', 'ACP', 'AGW', 'AHJ', 'AJE', 'AJS', 'AKE', 'ALX', 'AMW', 'ANJ', 'ANS', 'AOI', 'ASG', 'ATD']
['AAT', 'AAY', 'ABF', 'ACU', 'AEO', 'AEU', 'AGH', 'AHU', 'AJG', 'AMC', 'AMP', 'ANT', 'ANV', 'ARC', 'ARO']
['AAL', 'AFN', 'AFR', 'AHL', 'AHQ', 'AJB', 'AKN', 'AKR', 'ALF', 'ANI', 'ANX', 'AOK', 'APM', 'AQF', 'ASU', 'ATP']
['AAC', 'AAH', 'AAW', 'ACB', 'ACH', 'AEQ', 'AJI', 'ALC', 'AMT', 'AOH', 'AOX', 'APD', 'ARY', 'ASF', 'ASL', 'ASR']
['AAK', 'ACS', 'ADW', 'AFB', 'AGE', 'AHI', 'AHV', 'AIY', 'AJA', 'AJP', 'ANO', 'APE', 'AQK', 'AQR', 'ATH', 'ATL']
['ABX', 'AGL', 'AKS', 'API']
['ACE', 'ADH', 'ADM', 'ADN', 'ADY', 'AGY', 'AIE', 'AKK', 'AKX', 'AMG', 'AOA', 'AOL', 'AOO', 'AOT', 'APX', 'AQT', 'ASB', 'ASM']
['ABN', 'ACI', 'ACM', 'AFA', 'AFD', 'ALM', 'AMX', 'AOE', 'APL', 'APR', 'APT', 'ARV', 'ASN']
['ABJ', 'ACR', 'AKC', 'AKM', 'AOB', 'AQI', 'ARN']
['AEM', 'AES', 'AHC', 'AHT', 'AJN', 'AMF', 'ANE', 'APP', 'AQW', 'ARF']
['ACG', 'ADK', 'AFP', 'AKD', 'AKW', 'ALW', 'ASP', 'ASW']
['AAX', 'ACF', 'ADG', 'AEH', 'AGT', 'AMB', 'AMI', 'AQD', 'AQP', 'ARB', 'ARK', 'ARM', 'ASA']
['AAE', 'ACO', 'ADR', 'AED', 'AER', 'AET', 'AGA', 'AHD', 'AIV', 'AKL', 'ALJ', 'AMN', 'AQC', 'AQQ', 'ASQ', 'ATC']
['AAJ', 'ABE', 'ABR', 'AGP', 'AHB', 'AIG', 'AIT', 'AIW', 'AIX', 'ALG', 'ANB', 'APF', 'APN', 'AQE', 'AQJ', 'ATB', 'ATM']
['AAD', 'ACD', 'ADO', 'ADS', 'AFG', 'AHK', 'AIL', 'AJJ', 'AJT', 'ALV', 'ARD', 'ASI']
['AAS', 'ACJ', 'ACQ', 'ACX', 'ADD', 'AIS', 'AKB', 'ALA', 'AMR', 'ANA', 'AOJ', 'AQB', 'ASJ', 'ASV', 'ATW']
['ACA', 'AFX', 'AGU', 'AJD', 'AKV', 'ALS', 'ALT', 'AMK', 'AML', 'ANH', 'AOV', 'AQM', 'ARJ', 'ARW', 'ATU']
['ABT', 'ADA', 'ADL', 'AFK', 'AFU', 'AHP', 'AIP', 'AKP', 'AMD', 'ANK', 'ATI', 'ATO']
['AAN', 'ABI', 'ADJ', 'ADU', 'AEE', 'AEW', 'AFV', 'AGM', 'AJR', 'ALU', 'AMO', 'AOD', 'APW', 'ARE', 'ASH']
['AAB', 'AEF', 'AFJ', 'AFS', 'AGJ', 'AGR', 'AKA', 'AKY', 'AOW', 'APV', 'AQH', 'AQY', 'AST']
