['250', '275', '318', '409', '451', '485']
['7', '8', '11', '16', '26', '37', '93', '119', '122', '127', '151', '204', '225', '226', '273', '277', '294', '339', '340', '359', '381', '383', '396', '458', '468', '471', '490']
['61', '76', '110', '193', '201', '233', '234', '288', '351', '408', '419']
['19', '41', '47', '84', '94', '180', '269', '316', '329', '334', '356', '391', '417', '421', '425', '429', '442', '484', '492']
['29', '62', '92', '200', '247', '249', '297', '299', '357', '422', '426', '432', '454', '478']
['1', '85', '96', '153', '157', '162', '164', '174', '175', '176', '177', '178', '179', '182', '183', '185', '190', '192', '197', '203', '206', '210', '212', '216', '217', '218', '219', '221', '223', '224']
['50', '116', '140', '144', '168', '199', '262', '266', '293', '309', '317', '327', '373', '397', '401', '436', '459', '462']
['4', '30', '38', '46', '49', '51', '90', '91', '135', '137', '156', '211', '222', '244', '258', '284', '302', '307', '330', '338', '345', '368', '415', '450', '466', '488', '495', '496', '498']
['6', '31', '45', '58', '72', '81', '97', '99', '147', '150', '160', '220', '328', '404', '477', '479']
['9', '21', '34', '57', '59', '63', '102', '133', '148', '165', '171', '209', '232', '235', '238', '252', '257', '281', '296', '298', '323', '333', '336', '361', '362', '400', '430', '487', '497']
['108', '253', '385']
['13', '111', '123', '169', '188', '207', '237', '242', '306', '319', '348', '353', '355', '398', '434']
['40', '43', '68', '132', '138', '146', '155', '159', '172', '189', '194', '268', '312', '325', '370', '406', '416', '437', '441', '453']
['3', '23', '105', '114', '129', '136', '158', '195', '231', '246', '264', '265', '270', '271', '272', '301', '304', '331', '403', '418', '424', '433', '464', '470', '491']
['20', '36', '42', '44', '106', '109', '118', '124', '126', '131', '167', '198', '251', '255', '267', '310', '321', '386', '392', '427', '445', '460', '489', '493']
['22', '241', '245', '248', '261', '303', '332', '369', '380', '440', '452', '486']
['12', '15', '335', '379', '395', '446']
['25', '52', '60', '65', '82', '89', '95', '112', '115', '120', '170', '181', '184', '228', '229', '282', '295', '341', '346', '352', '358', '364', '375', '411', '443', '444', '456', '465', '467']
['2', '10', '17', '32', '39', '103', '113', '121', '173', '202', '208', '227', '236', '274', '289', '315', '366', '377', '390', '412', '457', '461', '472', '480']
['5', '77', '88', '104', '107', '128', '142', '143', '145', '161', '256', '279', '283', '313', '342', '343', '349', '367', '394', '423', '431', '435', '448', '481', '494']
['18', '35', '48', '67', '70', '71', '75', '130', '149', '152', '154', '166', '196', '205', '213', '239', '243', '285', '292', '322', '326', '365', '384', '388', '399', '407', '413', '483']
['14', '24', '27', '73', '74', '117', '134', '141', '187', '191', '214', '280', '291', '305', '308', '311', '314', '344', '354', '363', '378', '387', '410', '420', '438', '449', '469', '500']
['33', '53', '54', '78', '80', '86', '87', '139', '186', '260', '278', '290', '320', '372', '393', '405', '414', '463', '475', '476']
['55', '66', '163', '230', '259', '263', '276', '371', '402', '447', '455', '473', '474', '482']
['28', '56', '64', '69', '79', '83', '98', '100', '101', '125', '215', '240', '254', '286', '287', '300', '324', '337', '347', '350', '360', '374', '376', '382', '389', '428', '439', '499']
