['24', '43', '56', '66', '70', '87', '102', '113', '124', '144', '156', '182', '209', '213', '217', '219', '225', '258', '255', '275', '290', '332', '342', '399', '405', '408', '415', '461', '480']
['32', '48', '55', '203', '216', '227', '239', '249', '267', '251', '282', '283', '288', '294', '311', '338', '341', '359', '361', '379', '403', '412', '465', '466', '473', '481', '482', '494']
['2', '101', '122', '129', '165', '206', '228', '277', '302', '309', '323', '328', '385', '424', '437', '449', '457', '474']
['44', '57', '68', '98', '110', '193', '199', '241', '247', '260', '358', '386', '377', '471']
['10', '11', '115', '135', '155', '210', '242', '246', '256', '259', '264', '295', '298', '310', '326', '334', '357', '402', '432', '439', '440', '444', '445', '485', '493']
['26', '39', '60', '95', '114', '160', '231', '289', '354', '395', '375', '382', '486', '495']
['18', '50', '64', '112', '126', '223', '229', '367', '384', '393', '423']
['12', '19', '59', '72', '104', '117', '136', '157', '166', '171', '175', '183', '186', '188', '191', '207', '220', '243', '271', '252', '279', '304', '325', '365', '396', '381', '383', '410', '417', '425', '430', '456']
['25', '34', '47', '145', '153', '158', '167', '168', '173', '177', '195', '197', '240', '269', '272', '274', '306', '337', '353', '363', '369', '374', '428', '431', '463', '488', '499']
['9', '21', '35', '46', '63', '69', '94', '141', '149', '125', '189', '192', '198', '215', '236', '250', '320', '347', '387', '388', '392', '407', '421', '434', '446', '452', '455', '472', '483']
['62', '103', '140', '127', '150', '161', '202', '212', '224', '237', '303', '372', '397', '398', '400', '406']
['20', '40', '53', '74', '119', '120', '132', '138', '164', '169', '174', '180', '184', '204', '233', '263', '266', '276', '278', '281', '301', '313', '349', '360', '362', '391', '401', '426', '436', '442', '454', '470', '476', '489', '491']
['5', '16', '17', '38', '52', '71', '85', '91', '106', '108', '123', '139', '142', '152', '163', '200', '201', '221', '230', '244', '262', '284', '296', '297', '299', '317', '331', '355', '366', '370', '373', '394', '411', '433', '459']
['23', '37', '51', '93', '107', '109', '116', '159', '170', '176', '190', '273', '305', '315', '321', '340', '364', '368', '404', '418', '422', '435', '438']
['4', '13', '27', '28', '29', '97', '105', '121', '137', '151', '178', '226', '254', '280', '286', '300', '319', '324', '330', '333', '346', '389', '376', '414', '441', '448', '453', '458', '467', '478']
['0', '14', '22', '49', '65', '73', '75', '76', '77', '78', '79', '80', '81', '82', '83', '84', '86', '88', '89', '90', '92', '96', '99', '148', '181', '235', '245', '268', '285', '327', '352', '429', '475', '496', '497']
['6', '7', '15', '30', '36', '45', '118', '131', '134', '146', '179', '187', '194', '208', '211', '214', '234', '238', '248', '265', '291', '308', '314', '318', '339', '343', '351', '356', '371', '378', '464', '468', '469', '479', '490']
['42', '58', '100', '133', '147', '196', '270', '253', '312', '344', '380', '420', '450', '460', '477', '492']
['8', '31', '205', '222', '232', '257', '287', '307', '329', '335', '336', '345', '390', '409', '413', '416', '427', '443']
['1', '3', '33', '41', '54', '61', '67', '111', '128', '130', '143', '154', '162', '172', '185', '218', '261', '292', '293', '316', '322', '348', '350', '419', '447', '451', '462', '484', '487', '498']
