['Tressa', 'Clarence', 'Cortney', 'Clifton', 'Kay', 'Rima', 'Lorelei', 'Caitlyn', 'Kylie', 'Marlo', 'Rosalee', 'Nathalie', 'Camelia', 'Cleotilde', 'Percy', 'Dora', 'In', 'Chance', 'Selma', 'Taneka', 'Antonette', 'Dorthea']
['Sharilyn']
['Saul', 'Gerardo', 'Alethia', 'Antoinette', 'Marvis', 'Jami', 'Porter', 'Jacque', 'Jesus', 'Harvey', 'Spencer', 'Vada']
['Pinkie', 'Darwin', 'Millicent', 'Elena', 'Alvera', 'Raleigh', 'Treena', 'Chas', 'Alex', 'Gerard', 'Renetta', 'Altagracia', 'Marcie', 'Sharla', 'Lyndon', 'Tyisha', 'Oma', 'Elvie', 'Nohemi', 'Easter']
['Kristi', 'Roxane', 'Clarinda', 'Brendon']
['Rachel', 'Kyung', 'Claretha', 'Marcella', 'Vernia', 'Enola', 'Darrel', 'Murray']
['Loura', 'An', 'Lilly', 'Latia', 'Kitty', 'Naida', 'Joan', 'Leila', 'Jina', 'Kris', 'Kareem', 'Osvaldo']
['Kurtis', 'Princess', 'Eugene', 'Refugio', 'Claudie', 'Lana', 'Bonnie', 'Savanna', 'Tamisha', 'Vivien', 'Verona', 'Clara', 'Johnny', 'Florinda', 'Loria', 'Cristi', 'Terry', 'Almeta', 'Antonina', 'Allena', 'Randall', 'Milissa', 'Pa', 'Juliet']
['Winford', 'Marquis', 'Stephani', 'Oscar', 'German', 'Audie', 'Ambrose']
['Zena', 'Tina', 'Eve', 'Martin', 'Lue', 'Rachael', 'Rolando', 'Debora', 'Glenda', 'Lauren', 'Kelly', 'Freddie', 'Artie', 'Renea', 'Jae', 'Elliott', 'Shavon', 'Danial', 'Leonard', 'Jeanette']
['Delmar', 'Elfrieda']
['Alexa', 'Ron', 'Miranda', 'Oswaldo', 'Tameika', 'Tanisha', 'Frederic', 'Shaun']
['Russell', 'Mariano']
['Felix', 'Beverley', 'Louella', 'Phylis', 'Emmanuel', 'Eloisa', 'Wes', 'Nieves', 'Alvin', 'Lashay', 'Merrill', 'Vincenzo', 'Loren', 'Joye', 'Tai', 'Houston', 'Junior', 'Marcos', 'Leonida']
['Zoraida', 'Robert']
['Nicole', 'Xuan', 'Inga', 'Jade', 'Shelton', 'Laraine', 'Retta', 'Irma', 'Lizabeth', 'Imogene', 'Marion', 'Naomi', 'Stanford']
['Garret', 'Trena', 'Lola', 'Latoya', 'Mariah']
['Cassie', 'Son', 'Hillary', 'Aretha', 'Logan', 'Leontine', 'Jama']
['Honey', 'Lucia', 'Isabel', 'Susannah']
['Chan', 'Clinton', 'Mariette', 'Olevia', 'Tiffani', 'Kendall', 'Xavier', 'Elvia', 'Laticia', 'Alton', 'Aaron', 'Kasey', 'Garland', 'Carolee', 'Jeffrey', 'Adah', 'Flavia', 'Dagmar', 'Louise', 'Nickolas', 'Clarice', 'Angella', 'Susan']
['Dorene', 'Lasonya', 'Shonda', 'Destiny', 'Odell', 'Dewitt', 'Raul', 'Alicia', 'Griselda', 'Stanley', 'Alexandra', 'Dion', 'Esperanza']
['Piedad', 'Toya', 'Helene', 'Dusti', 'Margart', 'Eustolia', 'Dewayne', 'Joelle', 'Glenna', 'Kim', 'Leilani', 'Chang', 'Hayden', 'Jennie', 'Trey']
['Darnell']
['Carson', 'Yevette', 'Byron', 'Sharlene', 'Marvin', 'Tarah', 'Ok', 'Annabel', 'Kristopher', 'Angeline', 'Whitney', 'Madison', 'Dong', 'Carmon', 'Clarissa', 'Jan', 'Lucas', 'Heide', 'Ryann', 'Hiroko', 'Theo', 'Rosalba', 'Grant', 'Travis', 'Ella', 'Florencio', 'Hershel', 'Chester', 'Eufemia', 'Hui']
['Deana', 'Horace', 'Ema', 'Lamonica', 'Oneida', 'Danita', 'Doyle', 'Amada', 'Kimbra', 'Elicia', 'Jefferey', 'Charmaine', 'Orval', 'Annamarie', 'Bertha', 'Hassan', 'Marilynn', 'Nadia', 'Sheldon', 'June', 'Tammi', 'Herlinda']
['Sharell', 'Gisela', 'Randa', 'Chun', 'Alane', 'Rodrigo', 'Michaela', 'Jay', 'Sharan', 'Alfred', 'Elenora', 'Janetta', 'Vernon', 'Tamala', 'Lisa', 'Christiane', 'Clyde']
['Earnest', 'Reita', 'Fanny', 'Neida']
['Hilario', 'Jeremy', 'Marci', 'Sherwood', 'Joanne', 'Valorie', 'Tracie', 'Irena', 'Riley', 'Edmond', 'Pearlie', 'Kirstin', 'Anabel', 'Rita']
['Ocie', 'Lyn', 'Hyun']
['Marquitta', 'Arcelia', 'Charisse', 'Meagan', 'Lezlie', 'Hortense', 'Deirdre']
