['9', '85', '88', '106', '113', '116', '136', '145', '151', '161', '184', '208', '215', '240', '270', '275', '299', '305', '309', '394', '395', '447', '493']
['10', '119', '122', '162', '222', '234', '269', '290', '369', '428', '458', '497']
['20', '55', '96', '99', '132', '259', '348', '350', '387', '448', '457']
['342']
['33', '115', '178', '196', '245', '274', '279', '346', '475', '499']
['74', '81', '166', '202', '213', '216', '243', '284', '306', '404', '413', '495']
['84', '94', '133', '199', '256', '359', '376']
['2', '118', '189', '241', '355', '362', '377', '411']
['182', '257', '349']
['78', '341']
['335', '368']
['0', '25', '26', '39', '51', '65', '68', '98', '102', '154', '164', '170', '187', '220', '263', '273', '280', '313', '325', '379', '389', '406', '443', '446', '484']
['12', '17', '24', '32', '44', '91', '123', '142', '169', '177', '188', '195', '235', '271', '282', '285', '361', '372', '398', '409', '434']
['267', '293', '324', '482', '483']
['18', '28', '103', '128', '134', '296', '356', '357', '382', '388', '407', '415']
['58', '97', '155', '207', '250', '354', '393', '445']
['47', '53', '72', '127', '157', '194', '203', '212', '291', '292', '344', '444', '462', '471', '489']
['264', '442']
['49', '82', '100', '124', '139', '210', '244', '262', '268', '307', '352', '353', '425', '468']
['22', '71', '76', '104', '175', '266', '297', '334', '338', '384', '469']
['86', '156', '323']
['37', '63', '67', '135', '289', '435', '439', '467', '480']
['42', '117', '236', '295', '329', '343', '345', '378', '436']
['211']
['11', '34', '36', '38', '60', '75', '105', '126', '144', '148', '183', '198', '251', '261', '281', '381', '403', '422', '423', '429', '430', '451', '473', '476']
['41', '204', '253', '287', '302', '331', '401', '472', '492']
['7', '35', '50', '77', '80', '83', '174', '200', '206', '258', '277', '288', '294', '318', '347', '366', '375', '414', '424', '427', '486']
['40', '101', '146', '180', '232', '247', '286', '316', '328', '333', '438', '454', '465', '477', '488']
['66', '396', '460']
['23', '95', '158', '193', '217', '228', '233', '303', '391', '399', '453', '456']
['56', '172', '498']
['5', '6', '8', '27', '45', '87', '137', '181', '218', '238', '248', '308', '314', '315', '370', '383', '440', '449', '455', '461', '466', '479', '490']
['57', '152', '321', '367', '416', '420']
['141', '301', '481']
['54', '70', '107', '149', '185', '312', '322', '330', '332', '339', '373']
['89', '90', '179']
['3', '109', '143', '231', '278', '300', '363', '463']
['21', '226', '351', '417']
['31', '93', '130', '225', '327']
['121', '163', '494']
['1', '19', '59', '111', '129', '131', '176', '214', '230', '252', '298', '310', '317', '358', '386', '426', '459', '491']
['16', '62', '92', '110', '114', '153', '167', '191', '221', '283', '319', '402', '408', '419', '470', '496']
['108', '380', '392']
['13', '29', '138', '150', '159', '186', '192', '201', '224', '320', '340', '360', '371', '374', '405', '410', '421', '432', '433', '450']
['46', '112', '160', '165', '197', '242', '364', '390']
['120', '140', '205', '227', '246', '254', '255', '260', '412', '441', '464', '474']
['4', '14', '52', '61', '64', '168', '190', '209', '229', '272', '337', '385', '400', '418', '478']
['15', '30', '43', '48', '69', '73', '79', '125', '147', '173', '219', '223', '237', '249', '265', '276', '304', '326', '336', '365', '431', '437', '452', '485']
['171', '239', '487']
['311', '397']
