['41', '43', '138', '182', '415', '434', '473', '489']
['1', '15', '76', '81', '228', '276', '384', '433']
['33', '51', '128', '143', '165', '209', '210', '253', '323', '485']
['7', '28', '111', '149', '192', '211', '288', '368', '380']
['35', '124', '197', '261', '429', '445', '460', '464', '478']
['118', '132', '155', '172', '204', '206', '218', '279', '302']
['167', '231', '309', '365', '378', '435']
['59', '201', '246', '447']
['24', '53', '144', '181', '255', '351', '416']
['31', '105', '119', '195', '227', '367', '404', '476']
['3', '62', '101', '125', '277', '282', '385', '409', '465', '469', '474']
['90', '137', '199', '232', '336', '371', '411', '451', '461', '492']
['13', '56', '68', '92', '146', '194', '291', '440']
['96', '130', '158', '208', '300', '320', '383', '403', '441', '493']
['103', '121', '123', '171', '244', '260', '263', '328', '390', '443', '462']
['0', '6', '9', '80', '83', '84', '85', '86', '89', '290', '294']
['54', '110', '148', '166', '187', '278', '314', '334', '352', '421', '497']
['66', '87', '134', '150', '316', '370', '407', '480']
['18', '82', '178', '198', '219', '250', '266', '326', '414', '448', '471']
['47', '170', '177', '221', '242', '269', '295', '444', '456', '483']
['184', '203', '213', '225', '284', '308', '321', '382', '392', '452', '459']
['16', '36', '40', '235', '344', '420']
['12', '74', '245', '361', '396', '425', '466']
['78', '154', '229', '238', '281', '450', '482']
['25', '38', '49', '338', '342', '356', '377', '397', '398', '470']
['75', '186', '202', '239', '240', '293', '346', '432', '436', '439']
['42', '50', '97', '98', '109', '280', '354', '366', '499']
['32', '93', '106', '173', '183', '212', '304', '333', '424']
['57', '65', '115', '215', '226', '247', '264', '310', '349', '355']
['14', '180']
['8', '17', '161', '176', '249', '318', '364', '399', '406', '430', '477']
['58', '67', '99', '107', '272', '315', '375', '389', '419', '449', '468']
['22', '45', '52', '142', '191', '230', '234', '283', '306', '330', '341']
['19', '44', '156', '340', '348', '350', '363', '400', '484', '486']
['5', '11', '23', '160', '175', '296', '298', '339', '379', '454']
['37', '94', '157', '159', '233', '248', '265', '359', '393', '418']
['72', '73', '241', '256', '262', '394', '401', '412']
['26', '168', '271', '331', '388', '457', '463']
['21', '30', '69', '179', '188', '205', '376']
['127', '139', '252', '381', '426', '437', '495']
['2', '29', '60', '71', '113', '126', '140', '329', '422', '494']
['55', '64', '117', '133', '141', '147', '153', '185', '196', '322', '332']
['102', '120', '163', '164', '217', '258', '270', '337', '369', '405', '417']
['46', '112', '311', '413', '453', '455', '490', '491']
['88', '131', '135', '207', '222', '289', '301', '325', '358', '395', '467']
['27', '48', '100', '104', '122', '220', '251', '254', '438']
['79', '189', '190', '200', '223', '324', '353', '442', '481']
['91', '267', '285', '317', '357', '373', '374', '386', '428', '446', '498']
['193', '287', '292', '319', '327', '335', '427']
['20', '39', '214', '224', '259', '273', '286', '297', '305', '387', '391']
['77', '108', '114', '116', '152', '236', '237', '345', '402', '458', '496']
['61', '129', '216', '243', '257', '307', '360', '408', '423', '488']
['34', '136', '145', '174', '312', '343', '347', '410', '475']
['4', '10', '63', '95', '162', '274', '275', '303', '372', '431', '472']
['70', '151', '169', '268', '299', '313', '362', '479', '487']
