['AQA', 'ADU', 'ALC', 'ANU', 'AQC', 'AIM', 'ALV', 'ABO', 'AFA', 'AEH', 'AHH', 'AJF', 'ANQ', 'AAU', 'AKS', 'ABV', 'AFK', 'AOZ', 'AFW']
['ADP', 'AJJ', 'AJT', 'ANY', 'AKL', 'ANK', 'AMU', 'AKY', 'ALZ', 'AJO', 'AKG', 'ALX', 'AIZ', 'ALD', 'AOF', 'AJE', 'ALS', 'AOI', 'ALK']
['ALO', 'AHA', 'AHX', 'ADK', 'ADR', 'AIH', 'APT', 'AIE', 'AGQ', 'AKC', 'AAZ', 'AGF', 'AOY', 'ADV', 'AEI', 'AEN', 'AOG', 'AHF', 'AJY']
['ANO', 'AIP', 'ACC', 'AIV', 'APX', 'AJC', 'AII', 'ALA', 'ADE', 'AIA', 'ACU', 'ABL', 'ANB', 'ABK', 'AFY', 'AGI', 'AHB', 'ACW', 'AKX']
['AMJ', 'AIB', 'AEC', 'AFE', 'ALW', 'ACG', 'AGT', 'AKT', 'ABP', 'ADC', 'ALH', 'ANC', 'AOO', 'ALT', 'ADM', 'AGX', 'AAP']
['AAW', 'ANZ', 'AEU', 'APE', 'AAE', 'API', 'AHQ', 'ANL', 'AMV', 'ABS', 'AHC', 'ABB', 'ADF', 'AIJ', 'AFQ', 'AJD', 'AJA', 'AIN', 'APZ']
['AGE', 'ALQ', 'AOQ', 'AMT', 'AOK', 'AOH', 'AME', 'AFJ', 'ALR', 'AKJ', 'AOB', 'ANJ', 'ADO', 'ACE', 'ACB', 'ANV', 'ABW', 'AGS', 'AIR']
['AHK', 'AAJ', 'ADN', 'AED', 'AMR', 'AGH', 'AKD', 'AMP', 'AFL', 'AAO', 'ANI', 'AKW', 'ANX', 'ABF', 'AGU', 'ANW', 'ACX', 'AJW', 'ABD']
['AQJ', 'AAR', 'AHM', 'AEF', 'APW', 'ANN', 'AFC', 'AFM', 'AAY', 'ADG', 'AGJ', 'ABQ', 'AJM', 'AKA', 'AHG', 'AHV', 'APS', 'AOJ', 'AHR']
['AMY', 'ABX', 'AGY', 'AMK', 'AQK', 'ADJ', 'ALP', 'AIF', 'AIX', 'AHW', 'APH', 'AGP', 'AOE', 'ADT', 'AFV', 'AMD', 'ACF', 'AKE', 'AND']
['APN', 'AFH', 'ANS', 'ANG', 'AJK', 'AOL', 'AGM', 'ACQ', 'AHO', 'ACL', 'AJB', 'ALB', 'AGR', 'ACH', 'AEO', 'AFR', 'AMF', 'ACA']
['AEY', 'AAD', 'ABZ', 'AFD', 'ABA', 'ADX', 'AAH', 'AFX', 'AKO', 'AOP', 'AJI', 'AFG', 'AEX', 'APL', 'ACO', 'ANR', 'ADZ', 'AAF', 'APU']
['AEG', 'AAG', 'AJH', 'APK', 'AAX', 'AIC', 'AEQ', 'ACZ', 'ACS', 'ADD', 'AFZ', 'AHZ', 'AHT', 'AAQ', 'ABN', 'AKF', 'AOR', 'AEV', 'AGV']
['ACP', 'AMB', 'AMM', 'ACM', 'APC', 'ACV', 'ANF', 'AKI', 'ABT', 'AJV', 'AOM', 'AGB', 'AMW', 'AJX', 'AKZ', 'ABE', 'AQO', 'AJN', 'AEW']
['APD', 'ADW', 'AFS', 'AQI', 'AAC', 'AFI', 'AHU', 'AHS', 'ADB', 'AEL', 'ABI', 'ABC', 'ADH', 'AGD', 'ABU', 'ADS', 'AQB', 'AMX', 'AAL']
['AQE', 'AHN', 'AJL', 'AHY', 'APB', 'ACJ', 'AJZ', 'ALI', 'ACK', 'AAI', 'ALL', 'AGA', 'AEZ', 'AQF', 'AEK', 'ABG', 'ABY', 'AIO', 'AOS']
['AMQ', 'ANH', 'AFB', 'AOT', 'APF', 'AMI', 'AKU', 'AMA', 'APY', 'ACR', 'AGK', 'AEP', 'AHE', 'AHD', 'APR', 'AFT', 'AOV', 'AMH', 'AIW']
['AQD', 'AJQ', 'AQL', 'AEB', 'AAT', 'AAV', 'APQ', 'APA', 'ANP', 'AMS', 'AAA', 'AMC', 'ALN', 'AFP', 'AMZ', 'AEA', 'AEE', 'AML', 'ADA']
['AOD', 'AET', 'APG', 'ABM', 'ACI', 'AJG', 'AID', 'AAM', 'ALF', 'AON', 'ABJ', 'ALU', 'AKK', 'AKV', 'AGW', 'APM', 'ACY', 'AMG', 'AKM']
['AQN', 'AAS', 'ANT', 'AGO', 'AIG', 'AQG', 'AIY', 'AGG', 'AHI', 'AIT', 'AES', 'AGL', 'AEJ', 'AGC', 'AOA', 'ALG', 'AFO', 'AIS', 'AJS']
['ALM', 'AIK', 'AAK', 'AKP', 'AJU', 'AFN', 'ACT', 'ADY', 'ACN', 'ADI', 'ANA', 'AFF', 'AHP', 'AGZ', 'AHL', 'APO', 'AIQ', 'ALY']
['AKB', 'AJR', 'AGN', 'AOX', 'AQH', 'AIU', 'AMN', 'AMO', 'ADQ', 'AKH', 'AAB', 'ABR', 'AJP', 'APP', 'ANM', 'AIL', 'APV', 'AHJ', 'AOU']
['ACD', 'APJ', 'ADL', 'AOW', 'AKR', 'AFU', 'ABH', 'AAN', 'AQM', 'AKQ', 'AEM', 'ANE', 'AER', 'ALJ', 'AKN', 'AOC', 'ALE']
