['32', '79', '95', '170', '203']
['9', '94', '173', '178', '206', '244']
['3', '18', '41', '88', '211', '228']
['135', '155']
['42', '51', '93', '159', '223']
['4', '25', '143', '180', '208', '224']
['48', '84', '104', '127', '191']
['81', '92', '128', '153', '195', '229']
['15', '65', '73', '148', '164', '219']
['21', '112', '123']
['35', '188', '201']
['46', '172', '226']
['117', '136', '165', '168', '198', '200']
['87', '97', '109', '169', '197', '245']
['72', '130', '204', '240']
['12', '50', '75', '116', '176', '186']
['2', '60', '68', '161']
['67', '80', '193', '218', '238', '246']
['31', '66', '102', '181', '227']
['22', '27', '114', '162', '207']
['7', '100', '106', '115', '182', '184']
['1', '24', '38', '89', '137', '241']
['90', '192', '210', '212']
['43', '111', '142', '144', '167', '189']
['19', '30', '33', '125', '152', '158']
['64', '119', '139', '216', '234']
['74', '140', '146', '215', '248']
['5', '83', '105', '149', '151', '236']
['6', '10', '108', '150', '156', '209']
['13', '47', '190', '237']
['11', '52', '103', '183', '217', '222']
['8', '29', '129', '196']
['0', '26', '28', '39', '40', '110']
['138', '220', '225']
['49', '70']
['118', '141', '163', '175', '243']
['121', '147', '185', '194', '221', '230']
['20', '57', '59', '71', '76', '86']
['16', '44', '63', '107', '120', '166']
['82']
['53', '77', '132', '171', '213', '231']
['23', '58', '69', '113', '160', '187']
['55', '78', '154', '157', '179', '202']
['37', '45', '61', '98', '131', '174']
['14', '54', '99', '177', '239']
['17', '56', '124', '134']
['36', '62', '126', '133', '205', '247']
['85', '91', '101', '122', '199', '233']
['232', '242']
['34', '96', '145', '214', '235', '249']
