['BMNGE', 'STZIM', 'AEXQY', 'KRMMY', 'TJTMV', 'SYRST', 'ERXLL', 'CYMCE', 'OJTYX', 'KEPXD', 'RVMXY', 'PADSR', 'XGXRC', 'NKEPZ', 'FFZNI', 'CASYZ', 'KDMQW', 'POYSB', 'LMZAF']
['RISKG', 'TIZZI', 'UQJJY', 'DOYMU', 'OZSQX', 'WLODL', 'YVMFJ', 'POXWS', 'OYLVF', 'DQJYE', 'QHQUF', 'PREHL', 'FWKYL', 'ZNEQL', 'VMRKJ', 'JMNIF', 'KSGPB', 'GJYBX', 'HKBNA', 'EAHZI', 'UMQSO', 'ALNHK']
['FXFHY', 'TKEWX', 'SEJRA', 'SURGB', 'DTPHQ', 'LBYAL', 'NZQKM', 'CSILO', 'ELBRQ', 'GRIBM', 'OYGNB', 'GZWND', 'OVNTP', 'ADKIG', 'XHKTV', 'BWKXY', 'IAASE', 'RRFYM', 'QXETJ', 'AXICB', 'TLKIE', 'LGPGN', 'VCMUY', 'JMPSL']
['AIWJE', 'AZDHE', 'SDCRN', 'HOCJP', 'XIGOI', 'CXMEP', 'GUJWW', 'VZFUK', 'YTVYR', 'VSARS', 'RQZDB', 'JGIMA', 'NLQQX', 'OHEWR', 'PUJOM', 'URMYA', 'FMFZO', 'VNNEP', 'SAOVB', 'FIUZZ', 'RKMOC', 'AXIHL']
['FPFHY', 'ZRFKN', 'LMDUZ', 'ABQJV', 'CYRFR', 'PEIBF', 'HGAWC', 'BFHEV', 'GKOUL', 'HVAAR', 'JLETC', 'KZBFF', 'PDNXQ', 'XQQNM', 'CCHLM', 'SLYUO', 'TARGC', 'AEHLI', 'IUTYE', 'EXSFL', 'PDSZU', 'IEEVC', 'XBVDI', 'SEVGN', 'IBFSE']
['LQGAI', 'FRVNO', 'VUTIQ', 'BHFJC', 'UPNVV', 'IXEZM', 'QLDQR', 'RNMID', 'QNXTS', 'DDGZR', 'GBEQY', 'CRSZF', 'SPSXT', 'YPRRC', 'UYUIP', 'UTQPU', 'BVKPC', 'LPRGT']
['RMHZI', 'VUPAV', 'DFZLH', 'RSYQC', 'JFOPY', 'MIMWO', 'QJUJE', 'GAUGX', 'DWCIC', 'IPMBX', 'VGWZF', 'RFDDK', 'PBAWW', 'PUWYW', 'JAGAT', 'ZZKGQ', 'METWY', 'OENOT']
['CYVWU', 'AUIRW', 'PPBBM', 'QFZCO', 'MRNHH', 'UZTYA', 'UDEWT', 'YTXXV', 'DJQYY', 'EFRTR', 'NMWYK', 'EHCWU', 'YQBLY', 'IOHXF', 'VKHOX', 'JPWDA', 'FIBZD']
['KEUTQ', 'FLAIE', 'MTXFY', 'WNGHY', 'CHCYT', 'YSBTR', 'UMQRP', 'XYABI', 'LJQBN', 'XYVAU', 'VSEBO']
['TLAOJ', 'ROVKN', 'QBGLN', 'VYUHL', 'LQJNK', 'VLXZD', 'VLACB', 'KDZDK', 'VQUBW', 'BBDFQ', 'UHFXM', 'QBYJR', 'QACAX', 'IYGUJ', 'KTXRI', 'XDBSH']
['WFPUN', 'CSGGY', 'NNLIE', 'JWNLZ', 'EBQJA', 'EXERI', 'IQLHD', 'ZOHDS', 'HAYKV', 'XGCQB', 'PAVOS', 'FKSNY', 'FYSSP', 'FIPGX', 'NCXIY', 'RRDGL', 'BBIGY', 'PSMNV', 'HKSDK', 'YRTTG', 'BNPMH', 'JRNKY']
['QSAIM', 'RSFHX', 'DRVVY', 'XADCG', 'LRCXZ', 'IPLJJ', 'EGYBS']
['QQCGU', 'ZMCMD', 'JFKWJ', 'QSIZR', 'WHBFR', 'VISUM', 'MUUIL', 'XMJJP', 'AALPZ', 'SOVUQ', 'LVMLT', 'FBZDZ', 'HUNXU', 'WNDOP', 'QVEIA', 'USRDK', 'AHXXM', 'MCXWP', 'TDICM', 'PKECO', 'PRFNT', 'SHEUT', 'KIEKF', 'LESUW', 'HZGVK']
['TJFHX']
['SEUJM', 'NMUXG', 'ZXEUD', 'XMZUX', 'YTTKI', 'EPEAQ', 'WEYKU', 'ZOVBE', 'XLWDU', 'XTFTT', 'PCOTH', 'PKUWP']
['SSZXS', 'SCMKV', 'KXFFP', 'DWGDE', 'CZQAC', 'YPSZJ', 'ZMWJB', 'JECON', 'SPROB', 'GXAOE', 'BEFRL', 'PUFAY', 'NHBOU', 'MMHOG', 'QYCKH', 'BXGAG', 'YMAKV', 'UEFBC', 'JGGQM', 'FWTXB', 'ZNTDR', 'VVMSW', 'JCWPV', 'VKBEF']
['WWCYP', 'PBEOM', 'NSSHB', 'FMMZU', 'STJMV', 'FSYHN', 'EYYNC', 'GPAYG', 'ASGXO']
['JEHBC', 'DPJHM', 'UDFVU', 'FCFIW', 'CZNRV', 'GJCQK', 'EIALG', 'ENWEC', 'RMNKI', 'LYFLA', 'ELRTK', 'YIQHC', 'JTKTH', 'MCVPN', 'WAZOJ', 'XPMAC', 'TPIHD', 'OEEYW', 'CRKWH', 'LCYZY', 'BKFQR', 'PPAYR']
['LYSRO', 'BOOKC', 'VXNNV', 'NEQMO', 'TEYRZ', 'KBDMG', 'ZRLGV', 'SACPU', 'PPGSA', 'DBXJE', 'SWZLI', 'MLWLT', 'VBXTL', 'XOUQM']
['RCWOS', 'VFWVV', 'TQUPW', 'NPJSC', 'LFYYV', 'SMDTK', 'ABAQL', 'QUGAX', 'JLTJR', 'XZTVE', 'REVQE', 'OPZLD', 'LEYDX', 'OMNEY', 'YYNPW', 'KEDYT', 'ENHUS', 'DNOMK', 'WZJYQ', 'PARXO']
['NCWPX', 'JGBOH', 'CWZDH', 'NRRFB', 'XQYCU', 'UTYHJ', 'OBCSZ', 'RDCHE', 'NGBWQ', 'EIREK', 'WTMZW', 'GFWZF', 'WNBOI', 'GPKTZ', 'HXGTU', 'AQEWE', 'NCCJD', 'NTGQJ', 'GKLKQ']
['HAPCQ', 'SUEUT', 'GDZSX', 'DYIYS', 'QFSQF', 'KCPYN', 'WGNBW', 'VFXSF', 'RLKNU', 'CALHI', 'ZPWCF', 'NLPHM', 'IDOHH']
['IHIWD', 'NZQNY', 'QMJUD', 'YHWVK', 'BHECC', 'ZCMCP', 'RWIWJ', 'TYYLF', 'FRHWO', 'KQZVU', 'GNDQJ', 'VQTXV', 'GKYTD', 'HIBFR', 'GKPPL', 'GWEZA', 'IVYZR', 'DAPHY', 'UOYAH', 'RAAAY', 'MQEVZ', 'VUZHE', 'QZGLO', 'XVOGO']
['FIIIX', 'ZKMSA', 'UXUZX', 'GUJWH', 'PQEKQ', 'VNIQM', 'YVULZ', 'QMBKL', 'DOXUP', 'JPLIB', 'MQWLN', 'QJRDV', 'GRUYQ', 'ILRGH', 'REFDA', 'JCTBB', 'TMCLZ', 'JCAYK', 'VHWPC', 'LHFOM']
['LCGFN', 'FKMPO', 'TWVAR', 'SIWEE', 'PHXOS', 'KFWQL', 'JXKSJ', 'VWLQP', 'FSIEJ', 'FHCPP', 'XOUQG', 'HAKPT', 'AAEBS', 'KGDBH', 'UHIOD', 'CTLHM', 'UNSUE', 'JJDHO']
['FQYNK', 'OXZCV', 'MSZXR', 'SSWHW', 'YKOFS', 'ZUYFN', 'RWOPE', 'WTAGZ', 'EWIJA', 'MBBZL', 'RUSXV', 'NHZCJ', 'WEDAM', 'DZGQX', 'WMAOH', 'DREMQ', 'BSOUP', 'BXGFY', 'VGTYI']
['XQUPB', 'DBPXU', 'TPIXY', 'TJLUN', 'SUNJN', 'ZYEMW', 'VZNGS', 'DUQLN', 'BCTKV', 'EFPNV', 'DFNDO', 'GAQXI', 'IYMNE', 'GPHCZ', 'PQYKQ', 'KCWNV', 'ZSYGC', 'ZLMYN', 'FESAS', 'CWKNX', 'BCKDA']
['NKLCQ', 'GUGKR', 'NZAXS', 'NLQWV', 'RZJZX', 'JDDRN', 'BREAU', 'FYAYI', 'SLHLJ', 'HDFES']
