['31', '112', '176', '18']
['91', '231', '266', '280']
['92', '148', '215', '216', '298', '181', '33', '133', '142']
['6', '46', '284', '299', '230', '302', '64']
['111', '155', '219', '19']
['84', '102', '115', '316', '320', '179', '211', '289']
['232', '260', '287', '29', '263', '35', '62', '305']
['30', '58', '153', '213', '238', '248', '241', '246']
['240', '63', '127', '282']
['106', '182', '261', '275', '324', '113', '129', '199']
['3', '170', '271', '288', '1', '117', '149', '225']
['85']
['86', '147', '256', '71']
['143', '188', '220', '23', '174', '293']
['184', '195', '200', '294', '306', '45', '73', '185']
['41', '278', '186', '274', '276', '72']
['44', '57', '204', '214', '236', '242', '90', '69', '134']
['0', '36', '78', '97', '122', '141', '191', '192', '239']
['226']
['104', '136', '281']
['47', '89']
['55', '244', '313', '327', '17']
['66', '76', '88', '172', '252', '197', '285', '325']
['95', '137', '152', '277', '322', '67', '118', '309', '258']
['4', '123', '125', '132', '165', '321', '310', '156', '50']
['243', '318', '94', '212', '217', '286', '42', '247']
['177', '262', '279', '314', '61', '273', '9', '22', '81']
['171', '175', '103', '158', '283', '315', '68', '101']
['56', '114', '300', '323', '126', '189', '11', '205']
['151', '164', '223', '253', '100']
['16', '70', '124', '130', '193', '52', '234', '295']
['105']
['128', '208', '34', '110', '169']
['39', '20', '196', '12', '80', '135', '167', '13', '38']
['28', '119', '250', '312', '255', '65']
['146', '268', '319', '326', '144', '235', '233']
['10', '163', '51', '150', '202', '292', '21', '140']
['8', '218', '267']
['43', '270', '162', '198', '229', '257']
['251', '79', '157']
['159', '207', '222', '264', '245', '290', '26']
['308', '166', '194']
['49', '59', '83', '317']
['210', '237', '154', '187', '98']
['77']
['228', '307', '311', '2', '53', '107', '297', '259']
['121', '206', '139', '74']
['183', '291', '7', '109', '87']
['224']
['82', '221']
['173', '265']
['138', '32', '301']
['99']
['75', '131', '161', '209', '227', '304', '27', '116', '40']
['201']
['60', '93', '178', '254', '96', '272', '25']
['303', '203']
['37', '120', '160', '168', '269', '180', '296', '14', '249']
['5', '15', '24', '48', '54', '108', '145', '190']
