['FBWOW', 'WAQDW', 'KHNJL', 'EOCJX', 'JQBSO']
['GZQDO', 'UGKUC', 'RMUXW', 'ZRVWH', 'LNIAF']
['VLQCW', 'PQAHJ', 'HFDOF', 'SPHAJ', 'AWUBI']
['TNZEA', 'YQPNL', 'ZYPEK', 'BNJLP', 'VATKD']
['GLIPE', 'XUHAP', 'ACMPF', 'XEEVL', 'QCHPG']
['VXIFI', 'ORRXP', 'CUUFQ', 'IZMEQ', 'FCWUA']
['CIILB', 'VGCRP', 'YQSUZ', 'EFKRH', 'YFRIJ']
['SGTRH', 'QSVBC', 'LSZMU', 'KEMJT', 'TFEWH']
['RCZHM', 'WJAIQ', 'IVZGD', 'JHGWB', 'GICKM']
['OLFRP', 'XCTJB', 'KSCIB', 'BPZOY', 'NDLFM']
['TEFPC', 'SMSHQ', 'DLKKW', 'FELNZ', 'XUYPR']
['CIUZU', 'OKQTW', 'BNYBV', 'NCDJQ', 'XBLXM']
['XBTFE', 'TFWCC', 'VTOZN', 'DVRRV', 'FVYLB']
['WHRVK', 'FDGQA', 'KUMCW', 'OAGEZ', 'TAIVA']
['QQUYY', 'BVCTY', 'FEUEQ', 'BGOJW', 'GUDYJ']
['WJIWZ', 'ZJQQO', 'ZHVLK', 'FZRBE', 'VXLZU']
['OMYLR', 'OJGET', 'WTGUO', 'ZJNIT', 'RJDRX']
['NVSYK', 'PABIC', 'ACJRU', 'XGNPD', 'WWYEF']
['OVYUV', 'SEYUH', 'OXRDD', 'NSAJQ', 'UGVLA']
['QYLAH', 'YJCIZ', 'XXFSV', 'MIKDS', 'MESKQ']
['ZBJTS', 'JOZYK', 'ZNMAJ', 'QUECI', 'KQUJH']
['ZCVZT', 'KRWXO', 'QCRLR', 'MQDQQ', 'NLRBO']
['BLHOQ', 'DSUJE', 'BPLLS', 'HWSJL', 'TBPZM']
['CPTCX', 'VQDCT', 'QBVUY', 'VBRPO', 'ZQDIP']
['CQBIT', 'SZXFW', 'GNCHO', 'NSTKH', 'MRXML']
['VQAKV', 'QIALM', 'WDGCR', 'NKCOJ', 'RMJIF']
['AWDBE', 'TKYGG', 'SRFIJ', 'JXGHX', 'ZLQYF']
['XIDUV', 'CFMPM', 'YJPCO', 'VSPLU', 'UQKOV']
['CKHRK', 'PLFWC', 'RUYNY', 'MYAVD', 'CCNPM']
['KENPF', 'OENWP', 'BBKUO', 'YNIQG', 'HAXVF']
['AICHQ', 'ECNTU', 'YORBA', 'MTCGB', 'BJTHH']
['HATBR', 'VYDDY', 'KXUES', 'VPSEI', 'DSQUZ']
['FSTKF', 'XNYRJ', 'EAITX', 'IKHTD', 'ALXRH']
['OKPQW', 'IAMKK', 'UBCVC', 'ARMIC', 'GBGAG']
['UHSWZ', 'XBSXA', 'TVCFA', 'OVYDG', 'XAOMD']
['ZJPJO', 'LVBGW', 'EHHWX', 'VVCGQ', 'JAFZN']
['TLZCG', 'JEBNF', 'LPHWP', 'YWPLR', 'CLLNQ']
['EADHZ', 'VGUGP', 'UHOTV', 'QYWKX', 'ETYTK']
['WSVIR', 'PVVAV', 'OQSOU', 'LBKGE', 'DKHZJ']
['OUQMM', 'PSZDK', 'ZPTPS', 'GOXXP', 'KPECP']
['GJRAV', 'MWVBQ', 'CVNCZ', 'JMYIA', 'SJJMM']
['LCHJI', 'WUTXG', 'MXBHP', 'QECFT', 'VIPLF']
['ENKVR', 'LIGPC', 'CSQHY', 'HKVZW', 'QBZQQ']
['SROSJ', 'XWMKT', 'IAADS', 'IRAUO', 'HCVBR']
['GCQTP', 'QIZOX', 'UDTFQ', 'VWJWK', 'FZBVB']
['OZZTI', 'QGXZJ', 'WAHPX', 'ERQBP', 'CIBMR']
['ENWEP', 'FXFUX', 'YWCZV', 'PKBGA', 'WUCQA']
['NHQWU', 'UJESQ', 'ONQWA', 'RFWKF', 'JTHWI']
['RQZPM', 'EHMWV', 'PECLI', 'VATRQ', 'QGGOH']
['PGHQU', 'IZZTZ', 'IGAXC', 'QSYML', 'DKSJV']
['CIPCP', 'PSVNQ', 'MEKWP', 'BWWYB', 'SGRXP']
['BBVXC', 'JWSRE', 'OTQON', 'QVNNO', 'SGXHX']
['OXRUQ', 'PXCKJ', 'DBIOJ', 'JCOPI', 'RUGKU']
['APXMD', 'SAVNS', 'NWAHL', 'HXXMK', 'SRUUN']
['THQAC', 'NUSHB', 'UZKCN', 'CHIJG', 'IXMQO']
['EGIIY', 'NSDMC', 'FJPVZ', 'GWJWE', 'SHLYA']
['IBUGB', 'SKBJW', 'OCOQX', 'DUAEB', 'EYFRR']
['TAHXC', 'CPJBS', 'SIGOM', 'MXMMA', 'EWNSH']
['GEQFC', 'VFFHE', 'WNYYG', 'PKHDM', 'HNKDE']
['HTJHJ', 'ZUTJZ', 'EBLCO', 'AGDTK', 'FZQXE']
['VLEXY', 'TBZDI', 'YXPNV', 'TUSMK', 'TYMOI']
['CBNUD', 'OSLVS', 'IGQNP', 'FGDHQ', 'QNUDR']
['WLCAR', 'WPGRW', 'TTIDN', 'TKJBK', 'IRNCA']
['ALMIE', 'GAEKQ', 'UJHDY', 'HGJEC', 'WCFRY']
['ZIJNW', 'ZEPYJ', 'ABYHN', 'PQDFC', 'TFGVT']
['KYKCO', 'XXRUC', 'WOIJX', 'KXMSB', 'BEIFF']
['LYGHF', 'LIQGP', 'HNXEZ', 'AILUZ', 'AXQPJ']
['KDZKT', 'RJIED', 'EAEIR', 'ERTVL', 'UHYVL']
['BTWAZ', 'UCLPW', 'RWZXF', 'KCHSD', 'SYIZZ']
['XFNKQ', 'UCQZE', 'DFVZW', 'PTRTD', 'DVLFX']
['INTFC', 'RURLC', 'WGGGP', 'QGRPC', 'GVYUW']
['QAOAR', 'SFQST', 'CIOFH', 'QPVND', 'DCJPL']
['SVMGK', 'AHMRO', 'FXUHH', 'FCJLJ', 'CKFJL']
['DFBMK', 'IGUWL', 'RDCTS', 'UFVEC', 'KGIPC']
['HSIWG', 'VNVFZ', 'CBJEL', 'YBAFX', 'QQXNO']
