['McCoy', 'Everick', 'Gillian', 'Jason', 'Avril', 'Mauchi', 'Ginzburg', 'Lauree', 'Lawler', 'Henrique', 'Stephenson', 'Dedric', 'Delinda', 'Nance', 'Cutty', 'Nessy', 'Eno', 'Dole', 'Sievert', 'Bello', 'Volkan', 'Hako', 'Malo', 'Dett', 'Livingston', 'Carter', 'Australia', 'Ng', 'Dare', 'Uchida', 'Montagna', 'Kanya']
['Shanly', 'Cerracchio', 'Girardo', 'Ashman', 'Ammadis', 'Cloots', 'Hardej', 'Favian', 'Debera', 'Blondell', 'Virginia', 'Chaddie']
['Smukler', 'Chae', 'Firman', 'Tennes', 'Deni', 'Flemming', 'Hamlin', 'Knute', 'Leod', 'Tessy', 'Evangeline', 'Woo', 'Ursi', 'Worlock', 'Sinnard', 'Odin', 'Gunn', 'Dimitry', 'Klapp', 'Brittnee', 'Jeniece', 'Fidelio', 'Fredkin', 'Mushro', 'Oakes', 'Atkins', 'Barsky', 'Kile', 'Lux', 'Rombert', 'Fillender', 'Groh', 'Cheria', 'Auroora']
['Delila', 'Letta', 'Lenhart', 'Hong', 'Darsie', 'Gombosi', 'Dumas', 'Barby', 'Benilda', 'McKinney', 'Busey', 'Turrell', 'Scherman', 'Basso', 'Matthaeus', 'Leanna', 'Baldridge', 'Kassi', 'Elmira', 'Osrick', 'Harriet', 'Rik', 'Glenn', 'Ultun', 'Janenna', 'Ruhnke', 'Eldwen', 'Saxen', 'Ebba', 'Mackenzie', 'Kerwon', 'Dulcea', 'Pontius', 'Leiser']
['Lombardi', 'Kinzer', 'Tiphane', 'Bevon', 'Jori', 'Berner', 'Davidde', 'Vaish', 'Merth', 'Fruin', 'Earlene', 'Genie', 'Udell', 'Clea', 'Danna', 'Hett', 'Rani', 'Watson', 'Masterson', 'Clere', 'Toh', 'Coumas', 'Mitchiner', 'Hanway', 'Utica', 'Yasu', 'Costin', 'Janerich', 'Ted', 'Ches', 'Edrick', 'Clovah', 'Fitz', 'Epstein', 'Raul']
['Yerxa', 'Dotson', 'Dela', 'Buxton', 'Ottinger', 'Hotze', 'Javler', 'Birck', 'Manaker', 'Nisse', 'Billy', 'Norean', 'Converse', 'Felicie', 'Jehiel', 'Alvinia', 'Ubana', 'Mathur', 'Paulita']
['Zobe', 'Matthew', 'Harland', 'Franek', 'Cherry', 'Bruns', 'Jenness', 'Arianna', 'Renick', 'Shelbi', 'Balcer', 'Lenes', 'Rooke', 'Astto']
['Woodhead', 'Risteau', 'Selma', 'Berneta', 'Flieger', 'Hadleigh', 'Moonier', 'Katzir', 'Yarvis', 'Lamson', 'Summons', 'Holofernes', 'Hayyim', 'Krystalle', 'Grath', 'Schnabel', 'Winer', 'Lentha', 'Adolphus', 'Utas', 'Druce']
['Bui', 'Micheal', 'Celestyn', 'Griswold', 'Swanhilda', 'Nicolis', 'Jillana', 'Dowlen', 'Wight', 'Ursola', 'Noyes', 'Girovard', 'Nari', 'Newton', 'Flo', 'Jimmy', 'Holms', 'Midian', 'Danita']
['Klute', 'Padget', 'Jenkel', 'Ebneter', 'Galligan', 'Cyd', 'Proudfoot', 'Felise', 'Lotus', 'Moyers', 'Questa', 'Florentia', 'Willis', 'Tonya', 'Ainslee', 'Margeaux']
['Burkhart', 'Ardehs', 'Caines', 'Melisa', 'Danuloff', 'Carrillo', 'Hankins', 'Won', 'Prince', 'Emmer', 'Mansoor', 'Bounds', 'Pippo', 'Fairfax', 'Rocray', 'Gwenette', 'Neille', 'Ruyle', 'Placido', 'Marijo', 'Hawger', 'Tristam', 'Polish', 'Ludovico', 'Oscar', 'Towne', 'Groos', 'Danais', 'Adaurd', 'Fifine', 'Melburn', 'Kylah']
['Lacy', 'Rhonda', 'Hatch', 'Sandeep', 'Ber', 'Gowrie', 'Beaver', 'Elihu', 'Formenti', 'Faunia', 'Marijn', 'Chancellor', 'Chemush', 'Tay', 'Karlise', 'Maye', 'Lynnelle', 'Fabrice', 'Lindell', 'Lon', 'Ragland', 'Crean', 'Biggs', 'Grochow', 'Raynor', 'Sandstrom', 'Fadiman', 'Catherin', 'Enid', 'Erlewine', 'Uzzia', 'Fast', 'McClimans']
['Beebe', 'Velda', 'Gerianne', 'Melda', 'Donn', 'Starinsky', 'Charin', 'Sosanna', 'Larson', 'Les', 'Shepp', 'Cristoforo', 'Alf', 'Saylor', 'Dott', 'Meras', 'Plantagenet', 'Kronick', 'Bluhm', 'Gloriana', 'McCullough']
['Bhayani', 'Jessalin', 'Balling', 'Buckler', 'Robbin', 'Acacia', 'Maribel', 'Uta', 'Marina', 'Zandt', 'Brazee', 'Nestor', 'Hook', 'Hillegass', 'Jestude', 'Cristiona', 'Shannah', 'Reste', 'Verras', 'Nath', 'Larry', 'Sachi', 'Jorgenson', 'Higgs', 'Saudra', 'Wunder', 'Kimon', 'Lyle', 'Fokos', 'Crompton', 'Vevay', 'Koetke', 'Durante', 'Freddy']
['Latimer', 'Yim', 'Dietrich', 'Antonetta', 'Elburr', 'Farro', 'Tarkany', 'Eudocia', 'Roanna', 'Saville', 'Janaya', 'Merola', 'Halimeda', 'Schreck', 'Milore', 'Arel', 'Colly', 'Puklich', 'Nafis', 'Emelita', 'McIntosh', 'Candyce', 'Weirick', 'Dearman', 'Neveda', 'Wing', 'Lamb', 'Quitt', 'Tutankhamen', 'Willetta']
['Grimona', 'Kerianne', 'Cicely', 'Joed', 'Marilou', 'Hannover', 'Doroteya', 'Coh', 'Antonino', 'Emelia', 'Holey', 'Myrvyn', 'Tuttle', 'Prebo', 'Nannette', 'Haldane', 'Shea', 'Ardys', 'Foulk', 'Ciapas', 'Rue', 'Till', 'Morville', 'Lorilyn', 'Ferullo', 'Derril']
['Anuska', 'Winebaum', 'Augustina', 'Rodolphe', 'Vonni', 'Wistrup', 'Maude', 'Cataldo', 'Neva', 'Behlau']
['Mikol', 'Tavy', 'Thorman', 'Kaufmann', 'Sumer', 'Ashford', 'Hakim', 'Pinto', 'Serafine', 'Cardwell', 'Aviv', 'Eilis', 'Sheeran', 'Nanette', 'Perloff', 'Stearns', 'Fausta', 'Barnett', 'Ferro', 'Halstead', 'Pappas', 'Ashling', 'Desi', 'Vikky', 'Lunetta', 'Blasius', 'Minda', 'Karie', 'Karon', 'Lynett', 'Demetria', 'Adriane']
['Minier', 'Ratcliffe', 'Griffin', 'Lou', 'Bernj', 'Darrow', 'Clymer', 'Derinna', 'Shelby', 'Ace', 'Gibun']
['Tine', 'Zelma', 'Agosto', 'Vesta', 'Safire', 'Bran', 'Hittel', 'Akeyla', 'Eleni', 'Salomi', 'Mokas', 'Elberta', 'Tillford', 'Corkhill', 'Sigsmond', 'Hillel', 'Monahan', 'Cavallaro', 'Balliett', 'Love', 'Jobyna', 'Kudva', 'Holton', 'Carlick', 'Cal', 'Japeth', 'Binette', 'Damon', 'Hermon', 'Hudis', 'Pryce', 'Feinstein', 'Harmony', 'Meingolda', 'Wendye']
