['31', '186']
['104', '155']
['226']
['79', '103', '115', '143', '163', '174', '254']
['40', '94', '189']
['64', '237']
['39', '48', '51', '106', '118', '173', '199', '217']
['56', '81', '83', '148', '185', '205']
['36']
['11']
['242', '250']
['5', '18', '128', '170', '220']
['19', '53']
['195']
['65', '136', '166', '183', '203', '244', '265']
['15', '43', '54', '117', '144', '149', '150', '262', '267']
['14', '122', '147', '156', '172', '188', '193', '197', '269']
['16', '158']
['212']
['70']
['127', '154', '162', '232']
['80', '151', '216', '230']
['20', '243']
['87', '96', '111', '135', '153', '258']
['204']
['227']
['229']
['194']
['69', '182', '190']
['184']
['66', '75', '99', '131', '259', '268']
['25', '86', '93', '121', '224', '236', '240', '249']
['17', '78']
['134']
['0', '12', '73', '116', '161', '164']
['208', '251']
['30']
['4', '129', '157']
['84', '123', '133', '202']
['24', '29', '32', '41', '109', '114', '138', '176', '238']
['44', '100', '105', '124', '234']
['97']
['57', '145', '152', '196', '261']
['50', '108', '112', '221']
['88', '139', '213']
['187']
['95', '102', '214', '222', '266']
['13', '28', '62', '125', '160', '200', '245', '255']
['107', '126', '201', '218']
['252']
['46']
['246']
['45']
['241']
['130', '142', '228']
['9', '26', '55', '71', '181', '191', '192', '248']
['8', '35', '72', '77', '98', '110', '175', '178', '206', '209']
['82', '146', '231']
['42', '91']
['7']
['68']
['90']
['23', '34', '58', '61', '119', '179', '211']
['27', '235']
['1', '21', '22', '33', '167', '180', '225', '253', '257', '260']
['215']
['263']
['37', '74', '113', '141', '168', '171', '239']
['85', '120', '159', '233']
['59', '169']
['132']
['2', '47', '101', '165', '219']
['10', '67', '256']
['247']
['52']
['264']
['49', '92']
['3', '140', '207']
['137']
['6', '38', '60', '63', '76', '89', '177', '198', '223']
['210']
