['8', '156', '173', '335', '387']
['171']
['72']
['195']
['324']
['377']
['4', '19', '112', '322', '368', '393', '398']
['252']
['102']
['193']
['99']
['399']
['287']
['323']
['256']
['66']
['9', '24', '273']
['95', '98', '129', '215', '320', '373', '392']
['89', '350']
['52', '358', '383']
['13', '40', '386']
['106', '362']
['53']
['101', '224', '316', '396']
['136']
['314']
['44']
['283']
['32', '37', '46', '63', '346']
['57']
['338']
['190', '202', '221', '268', '352']
['73', '284']
['384']
['223']
['180', '360']
['127', '191', '207']
['175', '198', '251', '270', '395']
['307', '310']
['128', '304']
['124']
['257', '305', '311']
['216']
['85']
['214', '327']
['349']
['374']
['133', '158']
['341']
['147']
['47']
['192']
['269', '321', '337']
['48']
['280']
['218', '222']
['67']
['64', '217', '230', '376']
['54']
['298', '302']
['240', '264', '379']
['132', '151', '228', '281']
['74', '113', '148', '149', '178', '234', '246', '394']
['6', '116', '285', '381']
['243']
['170', '177', '229']
['355']
['142']
['104']
['375']
['212', '331']
['351']
['130']
['184', '277']
['146']
['290']
['42', '197']
['159']
['59', '253']
['49']
['100']
['183', '353']
['174']
['294']
['62', '144', '260', '295']
['296']
['31', '137']
['84']
['119', '209', '299']
['0', '91', '141', '187', '242']
['330']
['194']
['279']
['79']
['150', '203']
['105']
['278']
['359']
['266']
['282']
['16', '86']
['93']
['164', '297']
['15']
['380']
['83', '155', '306', '345']
['94', '131', '205']
['319']
['263']
['199']
['90', '249']
['56']
['390']
['110']
['182', '275', '326', '333']
['68', '238', '372']
['313', '342']
['172']
['258']
['34', '45', '232', '241', '250']
['96']
['80', '97', '154', '244', '365']
['125', '143', '385']
['347']
['121', '248']
['226']
['28']
['344']
['160']
['108']
['167']
['25', '213', '340']
['109']
['356']
['43', '55', '163', '315']
['153']
['293']
['118']
['185']
['11', '14', '255', '271', '343']
['1', '152']
['265']
['166', '201', '231']
['26', '237']
['22', '27', '107', '157', '189', '309', '325']
['115', '145']
['17']
['139', '176']
['272']
['7', '211', '288', '363', '367']
['286']
['200']
['71', '181', '318']
['169']
['41', '239', '312']
['162']
['254']
['123', '196', '210', '235', '328', '329', '366']
['292']
['65', '262', '332', '334']
['336']
['227', '233', '303']
['140']
['30', '301', '370']
['165']
['29']
['2']
['161']
['103', '357']
['23', '58', '87', '120', '135', '225']
['117', '168', '179']
['10', '397']
['188', '247', '291', '391']
['276']
['76']
['208', '261']
['21', '114']
['206']
['12', '77', '126']
['39']
['61']
['92']
['259', '289']
['204', '348', '382']
['18', '70', '236']
['122', '245', '369']
['317']
['35', '308']
['220']
['50', '300']
['78', '82']
['69']
['3', '51']
['81', '389']
['60']
['186', '388']
['5', '20', '33', '36', '38', '88', '111', '134', '138', '219', '267', '274', '354', '361', '364', '371']
['75']
['378']
['339']
