['4', '9', '25', '26', '33', '36', '42', '43', '45', '51', '52', '54', '56', '64', '68', '69', '78', '82', '94', '99']
['3', '8', '10', '22', '24', '27', '32', '37', '44', '46', '47', '49', '55', '61', '62', '75', '81', '85', '91', '93']
['106', '108', '109', '115', '119', '125', '128', '131', '132', '133', '137', '141', '144', '158', '160', '161', '167', '179', '189', '191']
['200', '203', '205', '206', '210', '213', '216', '220', '223', '225', '229', '237', '241', '244', '246', '257', '260', '270', '272', '277']
['208', '215', '217', '219', '222', '224', '231', '233', '236', '240', '242', '243', '245', '250', '253', '254', '261', '263', '265', '275']
['298']
['100', '101', '103', '104', '112', '113', '114', '121', '123', '130', '138', '139', '140', '147', '149', '155', '162', '171', '195', '196']
['1', '15', '20', '21', '29', '30', '63', '74', '77', '79', '80', '84', '87', '97', '281']
['6', '11', '17', '19', '28', '35', '38', '39', '50', '53', '58', '65', '66', '67', '70', '72', '76', '83', '86', '89']
['16', '31', '88', '135', '148', '168', '184', '197', '290', '291', '292', '297', '299']
['282', '283', '284', '300']
['12', '293']
['295']
['202', '207', '212', '218', '221', '226', '230', '235', '238', '239', '249', '256', '262', '264', '266', '267', '273', '274', '276', '278']
['209', '211', '227', '234', '247', '248', '251', '252', '258', '268', '269', '271', '279', '280', '285', '286', '287', '288', '294', '296']
['102', '105', '111', '116', '118', '122', '153', '154', '157', '163', '169', '173', '174', '175', '185', '186', '187', '190', '192', '198']
['107', '110', '124', '126', '136', '142', '145', '164', '166', '170', '172', '178', '181', '183', '193']
['2', '5', '7', '13', '14', '18', '23', '34', '40', '41', '48', '59', '60', '71', '73', '90', '92', '95', '96', '98']
['57', '201', '204', '214', '228', '232', '255', '259', '289']
['117', '120', '127', '129', '134', '143', '146', '150', '151', '152', '156', '159', '165', '176', '177', '180', '182', '188', '194', '199']
