['461', '5', '385', '424', '217', '468', '104', '359', '447', '497', '171', '403']
['64', '169', '213', '93', '71']
['354', '460', '448']
['185', '341', '39', '435']
['336', '231', '192', '141', '86', '155', '436', '83', '374']
['160', '294', '474', '470', '51']
['410', '495']
['398', '89', '322']
['137', '328', '401', '208']
['396', '116']
['481']
['310', '25', '367', '191', '302', '406']
['182']
['338', '101', '411', '167', '357', '252', '10', '312', '190', '119', '453', '130', '29', '77', '146']
['1']
['161', '45', '373', '362', '46', '251', '12']
['440', '313', '189', '156', '266', '309', '419']
['73', '163', '222']
['487', '143', '138', '226', '239', '202']
['299', '450', '477', '48', '276', '333']
['431', '223', '414', '265']
['387']
['485', '33', '449', '429']
['65', '358', '458', '16', '289']
['288', '129', '147', '496', '11']
['211', '42', '132', '235', '379', '181', '78', '37']
['366', '224']
['140', '291', '125', '203', '399', '335']
['196', '400', '59', '317', '227', '343', '153', '126']
['314', '50', '241']
['165', '439']
['381', '271']
['177', '493', '62', '253', '17', '433', '94']
['21', '491', '176', '332', '342', '249']
['303', '330']
['475', '426', '55', '304', '479', '98', '438', '489']
['375', '345', '100', '218', '95', '459', '346', '279', '157', '361']
['258', '128']
['365', '388', '212']
['370', '131', '290']
['32', '69', '243']
['437', '198', '363', '117', '76', '311', '200', '350', '423', '420', '199']
['24', '360', '57', '286', '384']
['315', '452', '168']
['307', '405', '240', '97']
['43', '478', '416']
['120', '413', '79', '467', '465', '442']
['110', '408', '301']
['197']
['451', '351']
['106', '175', '382', '215', '277', '99', '18']
['139', '179', '233', '334', '292', '159', '170', '214', '90', '22', '280', '340', '305', '355']
['268', '194', '404', '193']
['178', '162', '306', '107', '476', '88', '230', '40', '184', '500']
['19', '484', '466']
['67', '390', '457', '321', '472', '392']
['113', '118', '272', '412', '264', '316']
['187', '150', '121', '393', '284']
['298', '103', '136', '296', '402', '397', '44']
['331']
['124', '34', '2', '337', '154', '293']
['58', '494', '282', '454', '285']
['462', '274']
['329', '31', '443', '347', '20']
['3', '186']
['422', '92', '327', '395', '446', '8', '344', '210', '244', '325']
['6', '151']
['91', '300', '248', '480', '63', '499', '444', '216', '134', '254']
['4', '14']
['195', '206']
['85', '74', '49', '394', '319', '38', '425']
['26', '54', '68', '372', '386']
['7', '441', '207', '149']
['389', '259', '275']
['409', '246']
['172', '13', '356', '295', '326', '41', '23']
['219', '61', '455', '28', '205', '371', '236', '456', '488', '221']
['145']
['469']
['111', '430', '377', '144', '247', '75']
['87', '427', '391', '273', '287', '35']
['47', '70']
['498', '320']
['262', '257', '473', '148', '122', '339', '267', '183', '297', '80', '278']
['261']
['269', '352']
['72']
['220', '209', '432', '434', '378', '102', '492', '174', '270', '234', '229']
['349', '82', '204', '109', '445', '56', '123', '323']
['283', '158', '115', '164', '9']
['142', '36', '463', '237', '348']
['245', '60', '486', '66', '84', '353', '368', '105']
['464', '324', '81', '173', '369', '383', '225', '308', '53', '471', '380', '52', '281', '127', '318']
['256', '415', '376', '263', '407']
['15', '417', '483', '250', '112', '96', '114', '108']
['490', '260']
['232', '133', '188']
['166', '238', '482']
['418', '135', '228', '428', '255']
['242', '180', '30', '421', '201', '152', '27', '364']
