['185']
['49']
['121']
['101', '103', '105', '106', '108', '136', '142', '149']
['191']
['57']
['120']
['111']
['239']
['39']
['40']
['69']
['250']
['154', '182']
['118']
['195']
['65']
['203', '205', '208', '211', '222', '229', '245']
['170']
['98']
['79']
['187']
['201', '237']
['176']
['73', '80', '81', '97', '99']
['188']
['34']
['217']
['230']
['25']
['59']
['8', '10', '13', '19', '45']
['220']
['123', '134']
['14', '21', '38']
['17', '23', '29']
['72']
['86']
['146']
['244']
['83']
['41']
['18']
['52']
['1', '2', '11', '12', '28', '30', '32', '35', '43', '46']
['169', '193']
['153']
['116']
['5']
['129']
['24']
['51', '53', '61', '63', '64', '68', '71', '76', '85', '87', '90', '92', '94', '96']
['174']
['209', '221', '231']
['200', '204', '207', '210', '212', '215', '216', '218', '219', '225', '226', '227', '238', '242', '243', '248']
['100', '135']
['4', '9', '20', '22', '36']
['232']
['50']
['147']
['189']
['107']
['224', '228', '233', '235', '236', '246']
['206']
['155', '159', '164', '165', '166', '173', '178', '179', '183', '186', '196']
['126']
['168']
['7']
['0', '6', '15', '16', '31', '33', '37', '42', '44', '47', '48']
['3']
['223']
['56', '62', '66', '70', '74', '75', '89', '91']
['175']
['156']
['109', '110', '113', '114', '115', '117', '127', '130', '132', '139', '140', '143', '145', '148']
['241']
['199']
['240']
['171']
['78', '88', '95']
['213']
['26']
['150', '160', '162', '172', '177', '194']
['60']
['27']
['190']
['55', '58', '67', '77', '82']
['102', '119', '125', '131', '137', '144']
['197']
['151', '152', '157', '158', '161', '167', '180', '181', '184', '192', '198']
['214']
['104', '138', '141']
['54']
['93']
['249']
['163']
['122']
['84']
['202', '234', '247']
['112', '124', '128', '133']
