['220']
['5', '27', '55', '66', '68', '108', '111', '116', '119', '150', '177', '199', '208', '211', '237', '249', '257', '278', '279', '292', '297', '307', '323', '335', '357', '378', '379', '389', '401', '419']
['11', '15', '24', '30', '44', '46', '48', '53', '70', '76', '100', '121', '132', '155', '158', '183', '190', '192', '204', '245', '248', '281', '304', '319', '341', '353', '354', '361', '371', '373']
['43', '71', '122', '131', '147', '276', '294', '331']
['9', '31', '38', '42', '72', '83', '86', '104', '112', '115', '117', '152', '175', '197', '198', '234', '264', '270', '272', '280', '283', '293', '326', '329', '333', '336', '344', '382', '395', '418']
['19', '69', '81', '145', '178', '239']
['4', '40', '50', '60', '79', '93', '99', '103', '130', '137', '167', '182', '196', '207', '226', '236', '243', '287', '288', '303', '308', '314', '316', '328', '332', '343', '349', '362', '377', '417']
['228']
['285']
['386']
['1', '6', '10', '14', '41', '78', '80', '91', '92', '109', '118', '142', '160', '193', '216', '218', '227', '254', '255', '267', '277', '298', '302', '315', '325', '347', '352', '356', '387', '414']
['203']
['8']
['260']
['262']
['67']
['7', '18', '73', '84', '88', '90', '95', '96', '123', '136', '156', '168', '171', '172', '179', '188', '191', '200', '202', '209', '238', '244', '253', '271', '309', '338', '370', '381', '394', '404']
['13', '16', '20', '26', '34', '35', '36', '89', '124', '125', '143', '146', '153', '165', '166', '194', '195', '201', '212', '222', '246', '282', '284', '300', '334', '358', '364', '372', '385', '390']
['17', '49', '54', '65', '85', '106', '139', '141', '144', '148', '157', '206', '250', '259', '265', '266', '269', '296', '305', '306', '318', '321', '368', '384', '391', '392', '406', '410', '411', '412']
['2', '3', '28', '33', '45', '56', '61', '74', '102', '110', '135', '149', '162', '164', '169', '174', '184', '224', '233', '275', '313', '322', '339', '345', '355', '360', '367', '375', '376', '416']
['127']
['12', '23', '39', '51', '52', '63', '75', '101', '114', '129', '138', '140', '170', '186', '213', '214', '223', '235', '256', '258', '289', '299', '301', '311', '351', '366', '380', '396', '409', '413']
['402']
['22', '37', '57', '58', '82', '105', '120', '126', '128', '133', '161', '173', '181', '185', '217', '225', '232', '241', '252', '273', '286', '290', '346', '359', '363', '374', '397', '399', '405', '415']
['189', '407']
['21', '25', '29', '47', '64', '77', '98', '134', '151', '159', '163', '176', '210', '219', '229', '231', '240', '247', '310', '327', '337', '340', '342', '348', '350', '365', '383', '388', '393', '398']
['32', '59', '62', '87', '94', '107', '113', '154', '180', '187', '205', '215', '221', '230', '242', '251', '261', '263', '268', '274', '291', '295', '312', '317', '320', '324', '330', '369', '400', '408']
['97']
['403']
['0']
