['82', '83', '121', '122', '123', '159', '158', '160', '312', '313', '340', '341', '348', '349', '358', '357', '359', '413', '412', '414', '415', '445', '446', '479', '480', '481', '484', '485']
['1', '9', '46', '47', '95', '96', '144', '145', '214', '251', '291', '292', '293', '336', '335', '392', '405', '406', '450', '451', '452', '453', '458', '459', '460']
['48', '165', '172', '171', '173', '174', '267', '266', '268', '269', '294', '318', '319', '384', '448', '449']
['136', '135', '137', '138', '152', '178', '233', '232', '234', '235', '236', '237', '240', '243', '244', '259', '258', '260', '261', '262', '347', '351', '350', '352', '360', '496']
['0', '125', '194', '198', '205', '206', '211', '210', '224', '274', '273', '275', '276', '289', '288', '290', '305', '304', '306', '317']
['18', '17', '86', '117', '162', '166', '167', '168', '169', '170', '246', '245', '247', '255', '256', '257', '264', '265', '282', '281', '283', '284', '365', '364', '366', '368', '369', '370', '371', '404']
['44', '45', '59', '79', '78', '80', '81', '91', '92', '106', '120', '139', '249', '252', '270', '311', '331', '332', '367', '400', '401', '486', '487', '488']
['2', '3', '33', '87', '88', '89', '90', '97', '98', '126', '153', '154', '253', '254', '285', '286', '287', '353', '354', '355', '372', '421', '422', '423', '424', '447', '455', '454', '456', '457', '469', '468', '470', '471', '476', '490', '489', '491', '492', '493']
['8', '19', '20', '21', '22', '23', '72', '94', '93', '100', '99', '101', '102', '103', '112', '113', '146', '147', '148', '271', '272', '307', '308', '309', '310', '381', '380', '382', '383', '385', '390', '389', '474', '494', '495']
['42', '43', '60', '115', '114', '129', '130', '143', '142', '192', '193', '199', '200', '212', '213', '301', '302', '303', '463', '464']
['13', '14', '15', '39', '40', '41', '49', '50', '51', '76', '77', '116', '118', '119', '124', '250', '393', '394', '425']
['25', '26', '27', '28', '29', '30', '31', '32', '57', '56', '58', '104', '105', '176', '177', '220', '221', '222', '223', '225', '226', '227', '228', '239', '238', '398', '399', '475', '499']
['68', '69', '70', '346', '395', '397', '396', '407', '408', '409', '427', '426', '428', '433', '465', '466', '467']
['5', '6', '75', '149', '161', '229', '230', '231', '248', '277', '278', '279', '280', '297', '296', '298', '299', '300', '328', '329', '330', '343', '342', '344', '345', '402', '403', '441', '440']
['4', '10', '11', '12', '66', '67', '107', '108', '109', '110', '111', '151', '150', '175', '188', '187', '189', '190', '191', '215', '216', '295', '314', '315', '316', '378', '379']
['24', '34', '35', '36', '37', '64', '63', '65', '71', '155', '156', '157', '327', '333', '334', '420', '419', '483', '482']
['84', '85', '131', '132', '133', '134', '140', '141', '241', '242', '321', '320', '322', '323', '324', '325', '326', '386', '387', '388', '410', '411', '442', '443', '444']
['7', '16', '61', '62', '128', '163', '164', '185', '186', '218', '217', '219', '337', '338', '339', '356', '373', '374', '375', '376', '377', '416', '417', '462', '461']
['52', '53', '54', '127', '202', '201', '203', '204', '263', '361', '362', '363', '418', '429', '430', '431', '432', '472', '473', '477', '478']
['38', '55', '73', '74', '179', '180', '181', '182', '183', '184', '195', '196', '197', '207', '208', '209', '391', '434', '435', '436', '437', '438', '439', '498', '497']
