['028', '029', '036', '038', '039', '049', '180', '186', '187', '236', '242', '257', '398']
['154', '155', '156', '250', '253', '256', '271', '310', '451', '453', '454', '455', '456', '457', '458', '459', '460', '462', '463', '465', '467', '469', '470', '471', '474']
['041', '046', '129', '140', '317', '327', '329', '330', '331', '332', '333', '334', '335', '337', '338', '339', '340', '343', '344', '345', '346', '434']
['076', '094', '328', '427', '441', '443', '475', '476', '477', '478', '479', '480', '481', '483', '484', '485', '486', '488', '489', '491', '492', '493', '494', '495', '496']
['006', '012', '020', '025', '027', '030', '031', '032', '033', '034', '035', '037', '040', '042', '043', '044', '045', '047', '048', '102', '213', '377', '378', '383', '389']
['010', '016', '066', '068', '351', '352', '356', '357', '358', '359', '360', '361', '362', '363', '364', '368', '370', '372', '373', '374', '401', '482', '499']
['101', '108', '116', '123', '199', '261', '301', '302', '303', '306', '308', '309', '311', '312', '313', '314', '316', '319', '321', '322', '324', '376', '417']
['085', '251', '252', '254', '255', '258', '259', '260', '262', '263', '264', '265', '266', '267', '268', '269', '270', '272', '273', '274', '278', '349', '490']
['127', '128', '130', '131', '132', '134', '135', '136', '137', '138', '139', '142', '143', '144', '145', '146', '147', '148', '149', '280', '297', '393', '411']
['113', '118', '119', '205', '226', '227', '228', '230', '231', '233', '235', '237', '238', '239', '240', '241', '243', '244', '245', '247', '305', '307', '318', '320', '323']
['001', '002', '003', '007', '008', '011', '013', '014', '015', '017', '019', '021', '022', '023', '024', '078', '080', '081', '095', '190', '223']
['061', '064', '070', '152', '153', '157', '158', '159', '160', '161', '163', '164', '165', '166', '169', '170', '172', '173', '249', '452', '473']
['077', '079', '082', '084', '086', '087', '088', '089', '090', '091', '092', '093', '096', '097', '098', '200', '201', '204', '209', '210', '211', '212', '214', '215', '221']
['177', '178', '179', '181', '182', '184', '185', '188', '189', '191', '192', '193', '194', '195', '196', '197', '198', '402', '407', '408', '413', '415', '421', '423', '468']
['000', '026', '050', '051', '075', '100', '125', '126', '150', '151', '168', '171', '175', '176', '225', '275', '276', '281', '300', '326', '350', '375', '400', '425', '450']
['083', '099', '304', '315', '355', '382', '403', '426', '428', '429', '430', '431', '432', '433', '435', '436', '437', '438', '442', '444', '446', '447', '448', '449', '464']
['167', '286', '287', '371', '379', '380', '381', '384', '385', '386', '387', '388', '390', '391', '392', '394', '395', '396', '397', '399', '420', '487', '497', '498']
['005', '103', '104', '105', '106', '107', '109', '110', '111', '112', '114', '115', '117', '120', '121', '122', '124', '133', '141', '207', '218', '219', '220', '440', '445']
['216', '229', '232', '234', '246', '248', '439']
['052', '053', '054', '055', '056', '057', '058', '059', '060', '062', '063', '065', '067', '069', '071', '072', '073', '074', '183', '222', '353', '354', '365', '366', '369']
['162', '174', '277', '279', '282', '283', '284', '285', '288', '289', '290', '291', '292', '293', '294', '295', '296', '298', '299', '325', '336', '341', '342', '347', '348']
['004', '009', '018', '202', '203', '206', '208', '217', '224', '367', '404', '405', '406', '409', '410', '412', '414', '416', '418', '419', '422', '424', '461', '466', '472']
