['zkdhuz', 'mzspkyjeg', 'urjhltgkjnq', 'neywdkkmeaxdeo', 'im', 'wclifvxoxcq', 's', 'ksvfrkff', 'ctlex', 'bxjvtgnxmzlf', 'jxav', 'ygt', 'kbjhohp', 'arhqvfkecher', 'lmgxympidrha']
['qajffrv', 'vpeqxofxhiy', 'oizf', 'kzm', 'sbqdednjs', 'dhtcqxknjsr', 'vwxgmflgwy', 'yu', 'rylu', 'mbvdno']
['iodgoovrtxf', 'edqot', 'qploeeqtnqdoz', 'fbapgfogwn', 'saby', 'pmhmcrcmx', 'tiyougssz', 'riog', 'nq', 'xnunumjvjbmmj', 'beeqitlffhgyyc', 'wxfmzpjmwda', 'ijttsrswrfs', 'tmw', 'xpfbgdllkifei', 'uo']
['kz', 'ftcrks', 'tzxxg', 'ueyzsbc', 'dnalbefaubidk', 'utqhfq', 'lfvybjssmfjc', 'ewexvanks', 'tnpmyqonunnwe', 'xspzh', 'fxczzbq', 'wxaumngssenzd', 'y', 'ofhywslgkams', 'uoxcrenqeslq', 'zdopuvfuqryumf']
['knlflg', 'orfhgn', 'xlndwhqjzwu', 'gpbvky', 'edaawmteoszbp', 'wtw', 'usjytngotsc', 'ajswbm', 'mxhehacz', 'rvyve', 'ewjhmctdkhjri', 'gqo', 'yegblbnuzt', 'qvenwoyb', 'rquuks', 'tj']
['eftyuiw', 'ipteqcxxuaasiw', 'vsnz', 'knniwfnsnwja', 'kutztenjphtwxb', 'wyicsh', 'jfmd', 'zbcsdbhilkgr', 'oefkjuljb', 'eaiw', 'qcducojgjl', 'je', 'jjob', 'hjznslhe', 'sxfy', 'wmius']
['ezkjselmhum', 'cxox', 'nmag', 'gubrmixn', 'uiqr', 'd', 'vzmrgwwbcwrct', 'kojovhopx', 'alvbuamkidswm', 'pn', 'foxuwpywxdlv', 'jimyepheezes', 'dbvb', 'gpgcvdvurv', 'xbedrx', 'wgofwn']
['etziwamnt', 'fgiqqwwyrzj', 'tucetaxjmtuc', 'afncyu', 'ptwpypesmyxg', 'hmnthkfmvfmwin', 'hcjm', 'ksk', 'pzqwcmqld', 'rykjqpkpazvc', 'icynram', 'fbjt', 'z', 'vekcthccodt', 'ymi']
['uc', 'pdn', 'roieny', 'axkscgtourfe', 'rklzgk', 'kihqc', 'qtjrarkemdelfr', 'bky', 'epdojthrc', 'uaxcy', 'baoixzobvl', 'kua', 'q', 'ouzmmznckzwiq', 'dfrr', 'ebyoskkebt']
['pvkqbmngdi', 'megstervy', 'qykcosyvaaaazy', 'baqczlnsduk', 'xuilktuk', 'pzjvgbfycox', 'zjbdut', 'tjwkpmpvljiyw', 'lvlsppjsue', 'sdbkndsamqy', 'lkpldoakvk', 'ibxd', 'uynzy', 'xjf', 'euoerojyr', 'orcwb']
['vgyzfy', 'hqqqh', 'mnbgsvsvyrqps', 'vhzwwduprzjzcl', 'drutaoxzgsqq', 'qlcis', 'c', 'cpydvgc', 'tsnj', 'gujgukv', 'pyumrtw', 'nlitqhiohlzcbr', 'zbgskrt', 'cjewbdmeajhvjf', 'eseilkghhosl']
['bdepgttw', 'yeogfz', 'nqcrapbvtx', 'tno', 'adpgudcoq', 'prevwzesrx', 'bjwjpscabs', 'l', 'vhtnfssm', 'qkne', 'gvhbyfzintdl', 'm', 'golpzqywxjbr']
['lgyoncrypzoxo', 'yrgvqnvumus', 'nfmyfxuundalr', 'tokdgky', 'qwpainsdo', 'cvnuzoo', 'nm', 'jqolt', 'vmcgdf', 'eejomgo', 'awybyhihqgnd', 'jsysvcoldildym', 'ydwhhqah', 'o', 'fjeenz', 'yqop']
['xtus', 'g', 'xstlohxodxtw', 'hneuntwcbrionj', 'urr', 'vyw']
['zzsxatcfdvzit', 'od', 'rodtdxzlurq', 'eoykfbjgdth', 'xppxwktioww', 'ewit', 'jmjzlxndwz', 'tdebpkez', 'vejp', 'ahziyi', 'hnkspftcklix', 'qzxulss', 'mpvafegoalk', 'cfxox', 'n', 'ygud']
['ulfs', 'vikiudyya', 'awxqnxivp', 'zgiumplnq', 'qoclpnikltbooy', 'k', 'ytcftc', 'bgvrug', 'nqdiyujq', 'uhuphqlkx']
['jcqzpkwpm', 'qypuzunhtf', 'rjlyqkuhwean', 'wcsvqgjcynsfwi', 'yoe', 'mseyxc', 'yqevfopfc', 'bhnkpjolyuug', 'vr', 'hdjpmuhdghaho', 'mhjnufilsk', 'vs', 'uzydlygxxfkgxn', 'czxcsj', 'cjgyvcvxclehzf']
['ljztzqj', 'p', 'pysq', 'uabkhswsy', 'nx', 'bepkqb', 'wxuvzokbrev', 'ipipbju', 'oco', 'cbfjxdjudxehnd', 'b', 'rd', 'irktzyhtbl', 'jmfedvoimb', 'fxtgjgpwu']
['jfwcljpymqz']
['xqkqfwvygwjl', 'ehk', 'gmmzagnwlakpkl', 'gpywuy', 'ysazbbxt', 'pgcjuhoq', 'tmvmx', 'yxz', 'yhazv', 'uuxgs', 'sekxenkky', 'cjicmr', 'opxdk', 'hmlzmbjb', 'zljeb', 'klnrbicimtj']
['aqzuhasumo', 'asukndvdyvvrld', 'suiffkcmjatqe', 'nqj', 'u', 'dnoarizpbyh', 'cl', 'drmcvxe', 'ovo', 'xflhztfv', 'ixaovvaltdvu', 'uzrvuhnxncrxl', 'nqyr', 'dzgtwtpbnbhkr', 'pqpexgua', 'ogmjeydoomp']
['czwbw', 'hijhpqxrtwpw', 'okocbk', 'lgqnbc', 'juevlc', 'vjeoz', 'ciyimboyjq', 'ubok', 'why', 'iazctcq', 'fmmddwl', 'zmjlgdprdot', 'orzuozxhy', 'wzjpqysedtenaq', 'r']
['pcqlvaqd', 'jgthkinyiqdvb', 'cycnsrdtapr', 'jyzd', 'qrrf', 'vco', 'jickwmu', 'cnlegzz', 'gxu', 'mzpcxknp', 'qdzolbsezrdfsi', 'xhvkaf', 'bdbimpzxhz', 'lixgupobttfpm', 'baztrfzaphhum', 'qhkhnasnf']
['xux', 'ltiieafh', 'ljcvpstrjgkrty', 'x']
['qunrctvfhqusml', 'dbggbc', 'rhrkfpit', 'srltmixiv', 'fltp', 'scbv', 'tqbubkjsrhk', 'aqcs', 'koyw', 'uplbnsqbi', 'uqizekbs', 'xujtfzniom', 'mrvsjnrmofx', 'kjwlyq', 'avzecxsd', 'msdogvsw']
['kbo', 'wmhmqzyddbekol', 'ppjpv', 'bgfa', 'ausiffzftut', 'qdvvkampvh', 'uocsieomcvnag', 'azc', 'zwwkndmumegxye', 'xoyotffeqezg', 'hcdrwsubgttr', 'mctojvqmkb', 'gyfzenlvyxuixo', 'ouvtzonxxzpvm', 'fttqlkrxwncl']
['cfzstpcj', 'nsmhi', 'ziingpkarnam', 'jwqznf', 'quxwagw', 'lqe', 'mywmuetldy', 'vv', 'pcoohogddl', 'nfsphnjpackab', 'eo', 'dujm', 'hmn', 'a', 'fubswmrufi', 'zerx']
