['1', '7', '11', '15', '48', '56', '99', '102', '110', '115', '116', '119', '131', '158', '169', '191', '212', '219', '220', '276']
['13', '16', '21', '26', '31', '58', '59', '97', '103', '111', '125', '127', '140', '176', '179', '180', '187', '196', '210', '221', '235', '240', '283']
['14', '40', '47', '66', '81', '88', '128', '141', '166', '209', '256']
['4', '22', '28', '36', '44', '53', '67', '77', '79', '113', '133', '147', '154', '172', '199', '213', '217', '224', '232', '259', '288', '293', '297']
['12', '34', '51', '69', '105', '124', '130', '159', '177', '236', '264', '296']
['9', '100', '106', '107', '132', '137', '171', '185', '190', '192', '198', '201', '202', '218', '228', '261', '262', '263', '265', '285']
['17', '23', '24', '29', '41', '63', '75', '87', '90', '95', '117', '129', '156', '174', '188', '200', '223', '231', '246', '249', '253', '275', '278', '294']
['32', '96', '98', '108', '136', '167', '173', '237', '243', '252']
['138', '268']
['3', '65', '68', '109', '164', '183', '186', '197', '222', '266', '269', '270', '284', '295']
['5', '37', '49', '84', '85', '114', '120', '149', '153', '160', '163', '206', '215', '238', '239', '241', '242', '244', '248', '258', '260', '272', '281']
['64']
['18', '25', '27', '43', '60', '78', '94', '118', '143', '151', '168', '182', '194', '205', '214', '227', '245', '271', '280', '286']
['6', '8', '62', '70', '73', '80', '82', '122', '123', '146', '165', '178', '195', '204', '208', '211', '247', '273', '277', '279', '290']
['33', '35', '50', '76', '86', '101', '157', '189', '203', '226', '229', '230', '233', '300']
['104', '145']
['10', '19', '30', '39', '61', '72', '92', '93', '135', '144', '152', '181', '216', '225', '298']
['2', '45', '52', '54', '57', '83', '89', '91', '121', '126', '134', '161', '184', '193', '207', '234', '250', '257', '282', '287', '291', '292']
['46', '139', '170', '251', '254', '267', '299']
['20', '38', '42', '55', '71', '74', '112', '142', '148', '150', '155', '162', '175', '255', '274', '289']
