['Courtney', 'Jacqueline', 'Karen', 'Alana', 'Lucy', 'Mariana', 'Alayna', 'Kali', 'Lilly', 'Paris']
['Asia', 'Aubrey', 'Lauryn', 'Kasey', 'Litzy', 'Tatyana', 'Melody', 'Kaylin', 'Cristal', 'Madelynn']
['Mia', 'Evelyn', 'Jamie', 'Alexia', 'Gianna', 'Sadie', 'Brenna', 'Clara', 'Harley', 'Lesley']
['Shelby', 'Caitlin', 'Josephine', 'Shania', 'Lacey', 'Jane', 'Cora', 'Angie', 'Elaina', 'Regina']
['Mary', 'Jordan', 'Andrea', 'Shayla', 'Skye', 'Larissa', 'Sage', 'Ann', 'Eve', 'Melina']
['Gabrielle', 'Sierra', 'Katelyn', 'Jade', 'Gabriela', 'Caitlyn', 'Teresa', 'Kiera', 'Kailee', 'Genevieve']
['Catherine', 'Kelly', 'Lily', 'Annie', 'Nia', 'Carolyn', 'Anastasia', 'Ashlee', 'Tamia', 'Ayanna']
['Genesis', 'Julianna', 'Elise', 'Paola', 'Clarissa', 'Katlyn', 'Georgia', 'Alanna', 'Carlie', 'Sylvia']
['Christina', 'Kelsey', 'Heather', 'Aaliyah', 'Whitney', 'Celeste', 'Jaden', 'Cara', 'Alice', 'Rhiannon']
['Kylee', 'Claudia', 'Abby', 'Carolina', 'Camille', 'Tianna', 'Macie', 'Jayden', 'Malia', 'Carrie']
['Angel', 'Daniela', 'Angelina', 'Sophie', 'Dakota', 'Aurora', 'Alma', 'Chasity', 'Kelli', 'Breana']
['Erika', 'Arianna', 'Crystal', 'Ashlyn', 'Desiree', 'Alondra', 'Yesenia', 'Alexus', 'Tatiana', 'Mercedes']
['Vanessa', 'Bethany', 'Elena', 'Cindy', 'Tabitha', 'Gillian', 'Brandy', 'Bailee', 'Marilyn', 'Barbara']
['Julie', 'Kara', 'Mallory', 'Raven', 'Jazmin', 'Patricia', 'Rachael', 'Kassidy', 'Eliana', 'Sydnee']
['Lydia', 'Shannon', 'Nancy', 'Jazmine', 'Tara', 'Allyson', 'Gracie', 'Madalyn', 'Esperanza', 'Tierra']
['Mariah', 'Autumn', 'Marissa', 'Angela', 'Hayley', 'Michaela', 'Rebekah', 'Valeria', 'Meredith', 'Arielle']
['Bailey', 'Kaylee', 'Margaret', 'Audrey', 'Talia', 'Francesca', 'Tyra', 'Ellen', 'Colleen', 'Sonia']
['Madeline', 'Kimberly', 'Cassidy', 'Ariana', 'Maya', 'Melanie', 'Madelyn', 'Dana', 'Kaitlynn', 'Haleigh']
['Ruby', 'Ella', 'Ruth', 'Virginia', 'Kierra', 'Lexi', 'Annika', 'Mayra', 'Brisa', 'Perla']
['Payton', 'Avery', 'Brooklyn', 'Ava', 'Naomi', 'Katelynn', 'Heaven', 'Lesly', 'Marisol', 'Toni']
['Adrianna', 'Madeleine', 'Kassandra', 'Krystal', 'Cheyanne', 'Elisabeth', 'Pamela', 'Charity', 'Fiona', 'Annabelle']
['Marina', 'Meagan', 'Jacquelyn', 'Daniella', 'Lizbeth', 'Brandi', 'Viviana', 'Kaila', 'Marlene', 'Miracle']
['Faith', 'Makayla', 'Paige', 'Alexandria', 'Britney', 'Chelsea', 'Cierra', 'Kyla', 'Ellie', 'Anahi']
['Sara', 'Erin', 'Makenna', 'Natasha', 'Gisselle', 'Iris', 'Kiersten', 'Lucia', 'Deborah', 'Athena']
['Kathleen', 'Gloria', 'Jenny', 'Maddison', 'Precious', 'Jayda', 'Kelsie', 'Chelsey', 'Paulina', 'Macey']
['Sabrina', 'Esmeralda', 'Dominique', 'Jayla', 'Julissa', 'Eleanor', 'Hunter', 'Halle', 'Amari', 'Shyanne']
['Michelle', 'Zoe', 'Riley', 'Sandra', 'Haylee', 'Sidney', 'Addison', 'Cristina', 'Raquel', 'Phoebe']
['Alissa', 'Miriam', 'Rosa', 'Wendy', 'Logan', 'Destinee', 'Jessie', 'Noelle', 'Carla', 'Alina']
['Katie', 'Cheyenne', 'Lindsey', 'Kylie', 'Emilee', 'Emely', 'Angelique', 'Regan', 'Johanna', 'Janae']
['Trinity', 'Tiffany', 'Amy', 'Mikayla', 'Miranda', 'Irene', 'Janelle', 'Elisa', 'Devin', 'Adrienne']
['Hope', 'Brittney', 'Jordyn', 'Mckenna', 'Kendall', 'Jasmin', 'Amaya', 'Rylee', 'Zaria', 'Emilie']
['Amber', 'Amelia', 'Savanna', 'Tori', 'Linda', 'Kaleigh', 'Felicity', 'Taryn', 'Kiley', 'Jaclyn']
['Laura', 'Sofia', 'Priscilla', 'Callie', 'Cassie', 'Heidi', 'Ivy', 'Krista', 'Carissa', 'Leilani']
['Danielle', 'Brooke', 'Jocelyn', 'Mckenzie', 'Cameron', 'Tessa', 'Jaqueline', 'Carmen', 'Kiana', 'Janet']
['Lillian', 'Meghan', 'Delaney', 'Kristina', 'Natalia', 'Alaina', 'Josie', 'Justine', 'Nora', 'Luz']
['Adriana', 'Kiara', 'Skylar', 'Esther', 'Deja', 'Kamryn', 'Ashleigh', 'Baylee', 'Zoey', 'Madyson']
['Melissa', 'Maggie', 'Skyler', 'Kirsten', 'Tia', 'Layla', 'Carley', 'Tyler', 'Felicia', 'Eden']
['Valerie', 'Peyton', 'Hanna', 'Brenda', 'Katrina', 'Guadalupe', 'Nadia', 'Ashton', 'Alisha', 'Piper']
['Leslie', 'Molly', 'Alicia', 'Kristen', 'Kyra', 'Serena', 'April', 'Joy', 'Tania', 'Alyson']
['Karina', 'Cynthia', 'Ciara', 'Marie', 'Martha', 'Tiara', 'Kaylie', 'Mikaela', 'Hailee', 'Tamara']
['Briana', 'Claire', 'Alexa', 'Kathryn', 'Isabel', 'Mya', 'Macy', 'Charlotte', 'Eva', 'Monique']
['Ana', 'Angelica', 'Daisy', 'Kendra', 'Holly', 'Selena', 'Kate', 'Theresa', 'Yasmine', 'Sharon']
['Monica', 'Carly', 'Bianca', 'Hallie', 'Liliana', 'Deanna', 'Eliza', 'Tatum', 'Yasmin', 'Tayler']
['Brittany', 'Vivian', 'Rose', 'Marisa', 'Imani', 'Kailey', 'Bryanna', 'Ashlynn', 'Lorena', 'Kaley']
['Jillian', 'Diamond', 'Alejandra', 'Reagan', 'Aliyah', 'Kira', 'Lisa', 'Denise', 'Allie', 'Sasha']
['Jada', 'Diana', 'Kennedy', 'Veronica', 'Isabelle', 'Bridget', 'Anne', 'Kristin', 'India', 'Mckayla']
['Caroline', 'Kaitlin', 'Casey', 'Giselle', 'Christine', 'Nina', 'Susan', 'Abbey', 'Julianne', 'Brooklynn']
['Summer', 'Lindsay', 'Camryn', 'Ariel', 'Alison', 'Joanna', 'Juliana', 'Fatima', 'Madisyn', 'Kenya']
['Jenna', 'Breanna', 'Leah', 'Gabriella', 'Erica', 'Makenzie', 'Karla', 'Cecilia', 'Renee', 'Serenity']
['Cassandra', 'Helen', 'Tiana', 'Kayleigh', 'Gina', 'Karissa', 'Nichole', 'Aileen', 'Chyna', 'Clare']
