['3', '8', '166', '169', '185', '217', '249', '264', '266', '268', '289', '310', '338', '364', '369', '380', '465', '473']
['134', '462']
['81', '87', '94', '100', '126', '129', '165', '200', '213', '216', '230', '233', '241', '305', '325', '359', '365', '381', '388', '402', '414', '423', '437', '446', '448', '457', '458', '490', '494']
['27', '33', '53', '59', '121', '128', '144', '148', '172', '183', '186', '202', '205', '239', '244', '246', '258', '282', '283', '292', '347', '353', '372', '399', '415', '422', '451', '453', '489']
['39', '46', '51', '63', '83', '125', '136', '153', '167', '189', '210', '232', '235', '256', '261', '267', '269', '299', '300', '301', '342', '407', '416', '432', '454', '460', '475', '493', '497']
['19', '24', '61', '103', '107', '115', '127', '164', '201', '226', '227', '237', '251', '252', '255', '257', '262', '318', '351', '367', '375', '378', '379', '391', '405', '409', '420', '436', '449', '470']
['4', '55', '64', '70', '84', '85', '89', '98', '111', '113', '122', '130', '171', '179', '199', '211', '214', '295', '296', '302', '316', '321', '331', '332', '410', '442', '467', '477', '481']
['10', '21', '36', '99', '119', '120', '154', '173', '194', '196', '218', '240', '314', '322', '329', '334', '340', '355', '356', '363', '385', '393', '401', '424', '425', '430', '434', '450', '485', '495']
['2', '20', '25', '31', '38', '62', '86', '105', '116', '117', '118', '140', '243', '260', '272', '298', '312', '323', '327', '348', '371', '376', '389', '419', '421', '459', '480', '486', '492', '498']
['22', '44', '77', '137', '141', '142', '143', '178', '220', '222', '236', '248', '278', '290', '294', '306', '309', '320', '324', '343', '350', '357', '377', '412', '447', '456', '464', '482', '496']
['5', '37', '91', '110', '157', '212', '231', '287', '291', '311', '315', '317', '352', '397', '398', '400', '444', '479']
['11', '28', '34', '49', '54', '65', '71', '72', '75', '92', '101', '108', '131', '155', '158', '160', '163', '170', '174', '273', '275', '279', '297', '335', '336', '337', '361', '390', '455', '491']
['30', '60', '76', '93', '95', '97', '109', '124', '133', '145', '147', '151', '152', '175', '238', '259', '276', '281', '284', '288', '326', '344', '384', '403', '406', '408', '463', '478', '483', '488']
['35', '45', '48', '82', '102', '135', '177', '187', '188', '192', '203', '208', '223', '245', '265', '270', '285', '303', '313', '319', '346', '373', '382', '395', '428', '433', '438', '441', '466']
['29', '112', '132', '339']
['23', '52', '67', '90', '114', '162', '180', '271', '308', '330', '358', '374', '418', '440', '472', '484']
['12', '13', '15', '16', '26', '32', '66', '68', '80', '138', '139', '159', '161', '181', '184', '197', '198', '207', '221', '224', '242', '247', '253', '263', '286', '307', '354', '362', '426', '487']
['0', '1', '7', '41', '42', '50', '56', '57', '74', '78', '79', '149', '150', '193', '195', '204', '209', '215', '219', '225', '328', '349', '366', '368', '383', '443', '461', '471', '474', '476']
['6', '9', '14', '17', '40', '58', '104', '106', '146', '168', '176', '182', '190', '206', '228', '234', '250', '274', '293', '304', '345', '386', '392', '394', '396', '404', '411', '439', '499']
['18', '43', '47', '69', '73', '88', '96', '123', '156', '191', '229', '254', '277', '280', '333', '341', '360', '370', '387', '413', '417', '427', '429', '431', '435', '445', '452', '468', '469']
