['180']
['200', '201', '247']
['9902', '115']
['95', '142']
['9783']
['38', '129']
['9895', '9894']
['89', '90', '91']
['9977', '9957', '9859']
['39', '9961', '96', '9857', '9793', '9792']
['109', '9816']
['33', '34', '76', '77', '9923', '9750', '225', '9751']
['56', '9941', '61', '9939', '106', '9867', '166', '9790']
['18', '9886']
['9989', '32', '57', '9943', '9827']
['160', '161', '9813']
['17']
['58', '9942', '59', '9914', '9913', '126', '141', '210', '211']
['188', '189']
['9958', '46', '47']
['193']
['9992']
['9872', '131', '132']
['102', '148', '218']
['84']
['12', '9884', '9846', '9796', '9795']
['26', '9781', '9780']
['9877']
['86', '127']
['9935', '9875', '9835', '198', '199']
['9889', '9831', '9756']
['72', '171', '241', '242']
['9821', '9820']
['9844', '9843']
['104']
['9784']
['13', '14']
['16', '9940', '9915', '120', '9851', '9850']
['128', '195', '196']
['19', '9981']
['15', '9985', '9852']
['9892', '9759', '9758']
['105', '9767']
['130']
['9891', '183', '184']
['9938']
['9998', '9830', '9829']
['9995', '9945', '230']
['9934', '9920']
['9834', '9833', '185', '186']
['9', '9991']
['9838', '167']
['9761']
['118', '119', '9771', '9770']
['143']
['208']
['9994', '9976', '9798']
['145', '179']
['30', '9858']
['133', '9794', '214']
['50', '53', '67', '9933', '140']
['9927']
['74', '9869', '9868']
['9999', '9990', '9959', '9954', '9952', '9947', '9929', '9926', '9916', '107', '9822']
['9806', '9805', '238', '239']
['100']
['25', '9975', '36', '9964', '9963', '146', '154', '177', '244', '245']
['114']
['9881', '227']
['164', '9808']
['9996', '9785', '9760']
['9896', '110', '111', '121', '122', '9845']
['101', '9865', '9832', '174']
['73', '98']
['9848']
['9974', '9973', '136', '9789']
['6', '9912', '9911', '9910', '93', '94', '149', '150']
['135', '9773']
['192', '220']
['40', '157', '9815']
['9855']
['92', '172', '173', '223']
['3', '9997', '9967', '224', '9754', '248']
['9797']
['71']
['9769', '9768', '9766', '243']
['9879', '9878']
['9993', '168', '235']
['9907', '9906', '123']
['64']
['9898', '204']
['22', '152']
['9828', '197']
['9984', '187']
['28', '9928', '9901', '165']
['88', '9839']
['4']
['2', '97', '125']
['9791']
['9819', '9818', '9755']
['9882', '9842', '9841']
['9807', '9779', '9778', '9777']
['9826', '9825', '9786']
['9949', '9948', '70', '9876', '9788', '9787']
['163', '170']
['9874', '9849']
['9944', '151']
['9986', '54', '228', '9764', '9763']
['9953', '181', '182', '9802', '9801', '246']
['9812', '9774']
['62', '63', '108', '9873', '226']
['9956', '48', '52', '9921', '9890', '155', '205', '206', '236', '237']
['49', '9951', '144', '9782']
['69', '9905', '9904', '9903', '169']
['9937', '9936']
['9978']
['87', '9870']
['9968']
['78', '9922', '9854']
['10', '44', '9899', '9817']
['9971']
['9803', '221']
['9847', '156', '222', '232', '233', '234', '9752']
['9883', '153']
['55', '9919', '9918', '191', '203', '9775']
['82', '83', '9917', '9863']
['35', '9965', '43', '250', '249']
['124']
['9955']
['9799']
['9893']
['178', '217']
['9909', '9908', '9800']
['23', '24', '9972', '213', '219']
['103', '9804']
['20', '112']
['9811', '9753']
['113', '9762']
['45', '147']
['31', '9932', '9871', '158', '159', '216']
['99', '9888', '9887', '9837', '9836', '9824', '9823', '9765']
['9983', '162']
['1', '8', '11', '29', '37', '41', '42', '51', '60', '65', '66', '81', '85', '215']
['7', '9900', '134', '9853']
['9866', '9840']
['9924', '9862', '9861', '9810', '9809']
['5', '68', '138', '139']
['9864']
['9772']
['9962', '207']
['9982', '9980', '79', '116', '117', '190']
['9897']
['9950', '176']
['9970', '9969', '9946', '9880', '212']
['9988', '9987', '9960', '75', '9925']
['231', '240']
['9931', '9930', '9776']
['9966', '194']
['80']
['9860']
['21', '9979', '9856', '229']
['137', '9757']
['175', '202']
['9885']
['9814', '209']
['27']
