['DK', 'LF']
['EV', 'TF', 'NU', 'OI', 'HP', 'GN', 'HK', 'RS', 'OW', 'HN']
['DS', 'PX', 'IA']
['QZ']
['BA', 'QQ', 'CW', 'IL', 'RE', 'SK', 'PC']
['RR', 'LJ']
['FV']
['HL', 'TC']
['EJ', 'II']
['MA', 'KM', 'HH', 'HE', 'SN', 'EZ', 'KO', 'BW', 'PR', 'BP']
['CI', 'BM', 'MD', 'NZ', 'HG']
['SU', 'ND', 'JD', 'QK', 'QB', 'LM', 'S', 'JV']
['BB', 'CH', 'GY', 'SE', 'RI', 'EK']
['MH', 'GM', 'PH']
['FX']
['MJ']
['BV']
['DB', 'MF', 'JQ', 'SS']
['PT', 'LS', 'LT', 'BG', 'GT', 'MR', 'CG', 'M', 'CS']
['KI']
['Z', 'SO', 'NI', 'GP', 'GE', 'DL', 'HU']
['JA', 'KE', 'IF', 'MK', 'CT', 'JS', 'NR', 'DE', 'KQ', 'LX']
['GR', 'MI', 'EW', 'PB', 'BZ', 'V', 'NS', 'RN', 'KN', 'IV']
['CQ', 'QA', 'SG', 'EO', 'PQ', 'PD']
['DP', 'LO', 'HA', 'DU']
['GS', 'BX', 'KU', 'FD', 'NA', 'PA']
['LH', 'KL']
['LW', 'PU', 'PN', 'FE', 'RC', 'RA', 'HT', 'QO', 'BU', 'QU']
['MU', 'MX', 'DD', 'EI', 'LR', 'JE', 'RO']
['OC', 'MY', 'EP', 'BR', 'OJ', 'ME', 'GC', 'SH', 'NL', 'SI']
['LU', 'NC', 'OA', 'RJ', 'FH', 'PW', 'GQ', 'CN', 'OT', 'FO']
['X', 'LI', 'JY', 'Y', 'GW', 'JI', 'NN', 'Q']
['BD', 'EE']
['HB', 'NY']
['TB', 'DJ', 'KC']
['IO', 'SW', 'SV', 'RB', 'DT', 'JT', 'CZ', 'PP', 'MM', 'CO']
['H', 'FZ']
['JL']
['FP']
['JH', 'KF', 'DN']
['KT']
['NB']
['CA', 'SF', 'IN', 'DH', 'FA']
['GX', 'KW', 'HR']
['MO', 'DV', 'FF', 'BK', 'DF', 'BF']
['PL', 'RW', 'SC', 'I', 'K', 'DC', 'B']
['G', 'LQ', 'CV', 'QR', 'L']
['OD']
['CC', 'ST', 'A', 'KG', 'RU', 'FN', 'W', 'RY', 'LL']
['SP', 'GJ', 'KD', 'OK', 'ER']
['QG', 'BH', 'FJ', 'OX', 'DM', 'HQ', 'IU', 'RZ', 'EC', 'QE']
['RK', 'MW', 'LZ', 'HF']
['NG', 'SZ', 'PO']
['FI', 'LE', 'EU', 'OL', 'BO', 'FQ', 'OO', 'MP', 'HD', 'R']
['CJ', 'MT', 'QW', 'KB', 'SY']
['PK', 'EL', 'NX', 'LD', 'BS', 'KP', 'IM', 'RX']
['JU', 'KY', 'O', 'QV', 'U', 'GA', 'FT', 'BC', 'E', 'QL']
['IY', 'QS', 'JN', 'DY']
['HY', 'FK', 'LY', 'HM', 'BI', 'MC', 'HI', 'LG']
['JF', 'GV', 'CE', 'DI', 'QF', 'JP', 'QN']
['GI', 'EY', 'IW']
['CD', 'OY', 'JO', 'EH', 'IR']
['OG', 'KZ', 'BE', 'LN', 'NK', 'KK', 'NM']
['BQ', 'NE']
['BL', 'PJ', 'OQ', 'ET']
['OV', 'OE', 'IK', 'MV', 'KV', 'FM', 'ML', 'QD']
['EF', 'HC', 'SM', 'DQ']
['CU', 'FY', 'CL', 'CP', 'BY', 'CF', 'FL', 'OF', 'D', 'QC']
['OB', 'KJ', 'CM', 'IJ', 'ED', 'HO', 'SB']
['LV', 'MQ', 'IH', 'QJ', 'IT', 'CY', 'IX', 'DZ', 'JZ']
['TA', 'JM']
['PI', 'QP']
['RH', 'SL', 'HW', 'SQ']
['JW', 'RM', 'FU']
['JG', 'PG', 'OS', 'LA']
['FS', 'EQ', 'NF']
['DO']
['SJ', 'EM']
['RF', 'F', 'LB']
['LC', 'JJ', 'GK']
['NP', 'EA', 'CB']
['PZ', 'RT', 'HV', 'NQ']
['P', 'FG', 'ID', 'NH', 'RV', 'RL', 'CR', 'LP']
['DX', 'MN', 'QX', 'OP', 'IP', 'HZ', 'SR', 'CK']
['QT', 'EG', 'GO', 'T', 'QY', 'SD', 'IC', 'GF', 'QI', 'J']
['OR', 'KA', 'HX', 'PE']
['NJ']
['GH', 'DG', 'GD', 'NT', 'PM', 'GL', 'QH', 'OZ']
['JK', 'IQ', 'RG', 'IB', 'PF', 'C', 'MS', 'DR', 'KS', 'DA']
['KX', 'NO', 'OU', 'BN', 'IG', 'FW', 'CX', 'EN', 'SA']
['KR', 'GU', 'EX', 'ES', 'QM', 'RQ', 'EB', 'PV', 'OM']
['NV', 'OH', 'RD']
['MZ', 'LK', 'KH', 'HS', 'NW', 'IZ', 'SX', 'TE']
['FC']
['PY', 'ON', 'JB', 'MB', 'JC', 'FR']
['BJ', 'BT', 'DW', 'IS', 'JX']
['GG', 'MG']
['TD']
['HJ', 'PS', 'N', 'GZ']
['GB', 'IE', 'RP', 'FB', 'JR']
