['287', '292']
['241']
['240']
['269', '172', '45', '300', '50', '74', '204', '154', '368', '362', '29', '291', '65', '146', '69', '188']
['2', '312', '40', '251', '290', '86', '303', '52', '54', '131', '298', '83', '187', '102', '53', '30']
['237']
['319', '59', '330', '6', '169', '324', '166', '313', '165', '281', '105', '82', '71', '177', '97', '127']
['222', '35', '179', '167', '351', '270', '11', '325', '161', '80', '309', '198', '51', '17', '191', '217']
['119', '36', '284', '147', '9', '180', '25', '223', '329', '202', '141', '279', '374', '233', '100', '263']
['224']
['282', '200', '229', '120', '173', '128', '365', '125', '89', '152', '254', '112', '363', '115', '348', '34']
['95', '208', '111', '275', '373', '219', '194', '352', '155', '195', '18', '123', '42', '174', '353', '355']
['85', '234', '4', '64', '354', '182', '293', '248', '304', '61', '308', '67', '371', '328', '91', '192']
['84']
['338', '197', '339', '38', '186', '184', '238', '73', '7', '15', '375', '108', '211', '87', '136', '357']
['340', '364', '205', '206', '310', '49', '245', '347', '114', '230', '189', '294', '63', '58', '331']
['220', '258', '323', '181', '193', '320', '22', '109', '321', '171', '78', '243', '306', '334', '130', '23']
['13', '345', '273', '158', '297', '367', '255', '77', '370', '315', '12', '242', '361', '103', '57', '268']
['106', '360', '288', '185', '350', '122', '236', '215', '48', '317', '259', '349', '60', '24', '228', '356']
['289', '20', '164', '170', '207', '31', '358', '257', '337', '213', '75', '359', '247', '39', '151', '235']
['346', '209', '70', '104', '162', '113', '283', '299', '168', '190', '90', '302', '55', '137', '336', '199']
['183']
['14', '286', '133', '81', '153', '344', '231', '210', '107', '68', '278', '201', '266', '271', '343', '132']
['178']
['295', '37', '366', '333', '175', '276', '144', '79', '16', '19', '277', '221', '145', '372']
['305', '110', '256', '47', '239', '92', '135', '327', '214', '326', '260', '159', '261', '138', '196', '341']
['126', '250', '314', '93', '118', '244', '143', '139', '369', '176', '44', '322', '262', '148', '134', '129']
['99', '267', '66', '252', '56', '72', '96', '216', '117', '5', '163', '3', '280', '160', '227', '156']
['62', '88', '140', '218', '98', '116', '8', '296', '249', '272', '1', '311', '265', '46', '335', '43']
['121']
['332', '21', '246', '307', '27', '264', '101', '28', '316', '26', '274', '157', '212', '232', '318', '342']
['10', '150', '41', '301', '149', '76', '142', '203', '32', '33', '124', '94', '285', '253', '226', '225']
