['240']
['198']
['226']
['176']
['244']
['60']
['130']
['148']
['138']
['7', '24', '34', '46', '64', '66', '70', '73', '78', '79', '81', '82', '86', '92', '94', '95', '102', '107', '109', '114', '118', '120', '134', '135', '136', '140', '155', '160', '166', '172', '173', '178', '179', '186', '188', '189', '191', '193', '200', '202', '205', '213', '214', '228', '231', '232', '236', '246']
['223']
['216']
['10']
['1', '3', '4', '5', '6', '8', '9', '11', '12', '15', '16', '18', '20', '22', '23', '25', '26', '27', '28', '29', '30', '31', '32', '33', '35', '36', '37', '38', '40', '41', '42', '43', '44', '45', '47', '48', '49', '50', '52', '53', '54', '55', '56', '57', '58', '59', '61', '62', '63', '65', '67', '68', '69', '71', '72', '74', '76', '77', '80', '83', '84', '85', '87', '88', '89', '90', '91', '93', '96', '97', '99', '100', '101', '104', '105', '106', '108', '110', '111', '112', '113', '115', '116', '117', '119', '121', '122', '123', '125', '128', '129', '131', '133', '137', '139', '141', '142', '143', '144', '145', '147', '149', '150', '151', '153', '154', '156', '157', '159', '161', '162', '163', '164', '165', '167', '168', '169', '170', '177', '180', '183', '184', '185', '187', '190', '192', '195', '196', '197', '199', '203', '204', '207', '208', '209', '210', '211', '215', '217', '218', '219', '220', '221', '222', '224', '225', '229', '230', '233', '234', '235', '237', '242', '243', '245', '247', '248', '250']
['239']
['21']
['17']
['75']
['249']
['14']
['2', '13', '19', '98', '124', '146', '152', '158', '206', '238']
['103']
['39', '51', '127', '132', '171', '174', '175', '181', '182', '194', '201', '212', '241']
['227']
['126']
