['0C3AFF', '5332A9', 'F1DB81', '3235BA', 'F4EDF8', 'D0E5BE', '672145', 'F7F9CB', 'AD6105', 'A03FB7', 'E191B0', '5B4152', '29D22B', '8AC55C', '8806E7', '5D5C76', '4430C2', 'B166D1', 'FBF275', '31B17E']
['BA7ED0', '7334F9', '160ED4', '7F8E1D', 'AF83FA', '9DF876', '4BC7D0', 'A5F27A', 'E492E0', '01E026', 'BC38A8', '0C4437', '66F8EA', '95F017', '39CAB7', '9ABAFB', 'A4F4BB', '0E6FA7', '0B99EF', 'CA893B']
['C07CCC', '2EDC82', '601CA7', '52FB79', '0A3E48', '40C7FF', '4EBF50', '29BFBC', '718436', '77042F', 'F32B0B', 'DB6CBF', 'A1D29E', 'AAAF0B', '1D216B', '1E0B30', '66547C', '85CFC7', '34E9FE', 'CE0D10']
['98B1CA', 'FFD642', '398310', '8963E1', 'BB986B', 'E7EFA5', '99392B', 'A34095', 'DF44F5', '1330B3', '26DA83', '929578', '6246E1', 'D8A834', 'E3583F', '2D56C1', 'CD5322', 'A911EF', '49EEB4', '1350AD']
['A0DDCD', 'D883C0', '43F505', '1986A0', 'E8A38A', 'FC75E7', '26C6B9', '2BEC39', '7D4045', '75C017', '58ED2B', '882258', 'E1A380', '81A856', '30EA83', '593AF4', 'B13536', '1F4650', '28CCA5', 'FCD63D']
['3963FC', '739ABF', '9C5DCF', '364B78', '56B4C2', '9C0B9D', 'B38307', '1743CD', 'AC34B5', 'C3678B', '1E571E', '8883AC', 'D78532', '31B801', '0FE5DD', 'EC2626', 'CC66B0', 'F28C7F', 'B4BD91', 'DF5F9C']
['20C0D0', 'FF3177', '861E09', 'B6ACFC', '83752D', 'B4257C', 'D98FB6', 'C60FE7', '605983', '26DB4C', 'F3EDD7', 'D2F8E5', '0AFD91', '4C0FCD', '539972', '9C4F00', '5A681E', '4FCF52', 'D78522', '5451FF']
['F13455', 'A89402', '60B803', '88E0AE', '5C5B8D', '05F2DC', 'F2B7FD', 'EF37A6', 'D049CD', '88FFF8', '628552', '5BEDDF', 'B85F11', '19EFAF', '46371B', 'B6FA16', '3F75A9', 'C0EA59', '2D2248', '415552']
['273165', '94C20E', 'E1B665', '71AC6D', 'BE5B1D', 'D0E36A', '608F21', '47063A', '823C51', 'FE7E47', '5E2607', '552199', '8E8C76', '118FE2', '66C38E', '6E7E64', 'EDB261', '0E78AA', '037831', 'CC08F5']
['0231A4', '33ABEE', '3228BB', '89372A', 'E479C8', 'F9011B', 'E4F6EF', 'FD1DAC', '565E46', 'D50881', '2F584A', '77EB41', '72D023', '420711', 'C0A19A', '187923', 'B00B7F', '2819EE', '2F46CD', '3E6399']
['82B105', 'C2A74D', '7848BA', '6DCBC8', 'EB7E6A', '5ADC6D', 'C8F1A7', 'D31361', '206150', '2C02B7', '035E05', '38EA17', 'CC9A13', '42EE34', '1C3933', '76131B', 'D2BDB6', '90E78E', '846154', '52BFE5']
['6C5208', '5A3E90', 'B2C529', '099A40', 'BCD2F5', '0CFFC9', 'DBF47C', '00CD58', '99E133', 'DDB7C8', '6BF4D3', '1F6554', '113E1F', 'F545E1', '1656DC', '3B6837', '8F75EC', 'D8492F', '4A32EA', 'DFE9C6']
['22394B', '30C157', 'EB3718', '992AEE', '5D4F2F', '82BD08', '92C42A', '7B325B', '29267F', '3FAE1E', '0D6A28', '6C1A62', 'FCB503', '74ADA7', 'EB90EE', 'D324E7', 'E93252', '66B93A', '893D61', '73F93C']
['1D4417', '2215AE', 'C96CD6', '0264AF', '93D432', '2D4D61', '026256', '1B06C5', '068D28', '7C8A3D', 'BE3703', 'DE6241', 'E2701A', '400D20', 'D6F426', '00C269', '8DF985', '1A770B', '920715', 'B0C2D3']
['D65E29', 'B49939', '9B09E5', '45CE10', '83ACF7', '38515C', '9330C0', '316244', 'B32674', '1D9893', '7647CD', '5C016B', '5ABFA9', '62BC31', 'D2EB79', '5AF312', 'C1CAB9', 'E8C5B8', '5E4F6B', '4D74EB']
['43FE78', '78DB65', 'B2C27D', '3D830C', '2B3DD7', '8254EB', '3E7F60', 'F4C13E', 'EFBA0C', '380FF7', '7FADE3', '593840', 'DDA295', 'C19610', '6AFCAC', '865328', 'C34593', '5F88E7', '5C4F81', '82F466']
['73271F', 'F8B91A', 'F37211', '9D6554', '5BC875', '18D668', '7AADBC', '326662', 'E9F19A', 'B78EF9', 'CC4384', '51197D', '18AEFC', '2E4B9D', '8FF839', 'F9EB1F', '1DD8D0', '8BEC15', 'D79D49', 'C4882F']
['10BBE1', '26B294', 'F61AD7', '05473A', 'D6DD9E', 'FB3B86', '78E144', '8ECA84', '2DE42A', 'C748A2', '77B9A5', '696B37', '54C37C', '1600AD', '5C0D69', '1866E0', '7C730C', 'DBDDB5', 'E15D93', '6E3DED']
['4AE7C7', '189812', '0FC6EE', '4BD8B1', '244528', '3D4600', '833C34', 'FBB00D', '09944C', '468F31', '57FCD8', '177A03', '4C1D36', 'F1B367', '55B952', '6C3CD5', '34ACF3', 'C69699', '0525B9', '5A5DE8']
['A4FCD1', '41AFC9', '052CC7', '4DBE20', '923B8C', '09FFA6', 'CED5FC', '98497D', '255208', '943005', '9FCB42', '1CAAAC', '935873', '8D43AD', '81DA52', 'EEF23E', '71AE93', 'A4EAD9', '940AC5', '8EC8D8']
['24A4D1', '69FD70', 'C9EF6D', 'B0F05D', '3A0D10', 'E77DD8', 'C54164', '1D528C', '7CC3A7', 'E33128', 'ABE83F', '6D4DDC', 'EC35B5', '87EE7F', '5248A9', '414B77', '35DA72', '029563', '80F9BC', '9CE56C']
['BA6187', '49EB71', 'B56D74', 'B2A692', 'B8B01F', 'B2CB4D', '463E2C', '81E0FA', 'F33ACF', 'D8849E', 'E0044F', 'E277CB', '3CB50A', 'FAB638', '94AED5', '09CFE9', '2E6B38', '1D0C35', 'CB5EDA', 'E4C3BA']
['2B8F4B', 'EB9D60', '9BAC71', '4BBAFA', '292CB3', '14A3E7', 'F448AE', 'EED7BB', '31C6A3', '219F75', '75002A', '0AC7A0', '4AC817', 'CD374A', '3EF396', '25B295', '369765', 'AB96B9', '36FCBF', '7B306C']
['3D046E', '7FE1F2', 'D363AB', '9D8AD8', '848C87', 'CBE0EA', '6EEE66', '9C4CA5', '2B8E0B', '04279E', 'FECCAB', '5C91EE', '89A551', '503A55', 'D83AF7', 'E81232', '81A0D3', '97D861', '747199', 'C5416A']
['DCB902', '1D39ED', 'F85131', '1FBE40', 'D9180C', '6833E8', '511040', 'BB9072', '15AA36', '9923B4', 'E46F9E', 'FD33F7', '03B42D', '478A7C', 'EE9200', '4E8355', '6D4C8F', '770A4C', '917501', '2961DB']
