['27', '58', '83']
['35', '42', '52', '61', '72', '74', '87', '92', '105', '113', '121', '139', '148', '154', '163', '202', '235', '247', '279', '289']
['227']
['135']
['19', '29', '79', '89', '107', '129', '215', '220', '254', '262']
['34', '57', '62', '71', '95', '128', '130', '131', '144', '159', '188', '200', '218', '248', '253', '257', '270', '281', '292', '298']
['192']
['4', '8', '13', '39', '64', '67', '78', '99', '111', '117', '127', '138', '162', '203', '217', '237', '238', '265', '280', '303']
['59']
['11', '22', '25', '32', '37', '44', '55', '56', '82', '122', '146', '149', '152', '191', '193', '199', '224', '264', '274', '288']
['174', '258']
['18', '31', '65', '68', '80', '125', '133', '166', '176', '178', '179', '185', '195', '209', '211', '229', '241', '263', '266', '306']
['12', '38', '43', '51', '69', '75', '180', '181', '189', '204', '212', '236', '285', '307']
['97']
['5', '50', '158', '232', '240', '267', '282', '302']
['2', '15', '20', '24', '30', '36', '41', '91', '103', '104', '114', '118', '136', '168', '222', '249', '252', '283', '293', '305']
['244']
['0', '6', '14', '23', '40', '48', '53', '73', '93', '106', '137', '157', '190', '196', '216', '225', '268', '269', '277', '304']
['161']
['214']
['9', '47', '49', '108', '132', '142', '143', '147', '160', '165', '177', '197', '198', '234', '243', '255', '260', '261', '278', '300']
['7', '85', '86', '90', '100', '101', '112', '120', '123', '124', '156', '169', '182', '184', '207', '210', '251', '271', '284', '299']
['186']
['3', '54', '94', '110', '115', '126', '140', '150', '164', '201', '205', '213', '226', '228', '233', '242', '287', '295', '296', '301']
['10', '16', '26', '45', '60', '76', '84', '96', '98', '119', '134', '155', '171', '175', '221', '231', '250', '256', '273', '291']
['63']
['33']
['1', '21', '70', '77', '88', '102', '141', '145', '153', '170', '172', '183', '194', '206', '208', '245', '272', '286', '290', '294']
['17', '28', '46', '66', '81', '109', '116', '151', '167', '173', '187', '219', '223', '230', '239', '246', '259', '275', '276', '297']
