['50', '76', '232', '306']
['131', '202', '356', '375', '428', '478', '481']
['35', '42', '75', '91', '309', '397', '398', '444', '486', '487']
['84', '114', '134', '199', '310', '345', '363', '390', '404']
['5', '17', '106', '122', '130', '143', '236', '258', '282', '295']
['66', '146', '183', '256', '425', '441', '468', '494', '499']
['105', '233', '313', '327', '329', '370', '391', '393', '457', '480']
['133', '172', '173', '175', '216', '269', '302', '330', '380']
['47', '121', '139', '231', '243', '272', '409', '430', '456']
['56', '103', '115', '127', '148', '264', '286', '315', '326', '386']
['12', '97', '104', '118', '145', '271', '314', '373', '491']
['24', '72', '82', '154', '280', '351', '357', '384', '419', '472']
['10', '23', '188', '211', '255', '285', '346', '413', '450']
['11', '40', '51', '79', '98', '102', '144', '459']
['61', '78', '194', '274', '374', '426', '442', '445']
['60', '135']
['64', '171', '201', '224', '238', '385', '439', '464']
['25', '95', '160', '192', '270', '362', '372', '432', '471', '500']
['22', '59', '147', '164', '257', '287', '382', '396']
['68', '109', '129', '244', '303', '361', '369', '401', '418', '458']
['8', '124', '228', '265', '289', '312', '354', '378', '496']
['27', '107', '113', '178', '222', '435', '485']
['55', '158', '206', '262', '292', '350', '412', '417', '438']
['6', '93', '125', '138', '204', '254', '332', '358', '427', '447']
['29', '268', '275', '424', '433']
['26', '67', '81', '120', '241', '263', '281', '291', '407', '429']
['119', '152', '190', '193', '210', '250', '251', '278', '410']
['85', '227', '239', '366', '383', '436', '490']
['36', '92', '108', '166', '185', '196', '434', '451', '453', '488']
['100', '328', '349']
['28', '53', '77', '221', '249', '319', '367', '376', '400', '402']
['2', '33', '46', '150', '218', '253', '311', '387', '392', '394']
['179', '181', '205', '223', '229', '284', '322', '437', '452', '482']
['9', '168', '174', '217', '288', '448', '476']
['38', '116', '161', '180', '259', '277', '388', '498']
['31', '215', '234', '318']
['30', '94', '153', '184', '189', '324', '365', '467', '493', '495']
['49', '112', '137', '197', '200', '298', '379']
['1', '87', '187']
['41', '44', '65', '70', '74', '99', '111', '242', '340', '475']
['248', '355']
['21', '80', '177', '186', '226', '246', '261', '343', '353', '446']
['89', '170', '207', '213', '237', '266', '290', '348', '461']
['4', '54', '260', '279', '321', '335', '360', '406', '431']
['57', '69', '73', '132', '155', '212', '230', '371', '477', '483']
['18', '83', '126', '142', '245', '252', '297', '339', '399', '411']
['123', '157', '195', '225', '283', '301', '325', '341', '405', '415']
['14', '58', '140', '214', '359', '420', '440', '497']
['163', '338']
['16', '71', '162', '203', '220', '320', '421', '422', '470', '474']
['276', '342']
['293', '344', '381', '416', '466', '473']
['52', '198', '219', '296', '395', '443', '489']
['13', '19', '34', '96', '117', '156', '169', '323', '408', '460']
['48', '101', '240', '334']
['7', '32', '45', '62', '110', '149', '305', '333', '423', '479']
['15', '90', '167', '176', '208', '337', '347', '377', '455', '492']
['43', '86', '128', '141', '182', '191', '273', '294', '316', '352']
['37', '88', '151', '209', '267', '317', '336', '364', '368', '465']
['39', '159', '235', '247', '308', '389', '454', '462', '463', '469']
['3', '20', '136', '165', '299', '307', '331', '403', '414', '449']
['63', '300', '304', '484']
