['Orsa', 'Estella', 'Winifred', 'Agneta', 'Marijo', 'Agnes', 'Eulalie', 'Fredericka', 'Andromache', 'Krissy', 'Sile', 'Allie', 'Noell', 'Bonita', 'Bernice']
['Ruperta', 'Eran', 'Gavra', 'Idelle', 'Hortense', 'Rosamond', 'Tamara', 'Kaitlin', 'Mechelle', 'Diahann', 'Natalya', 'Rita', 'Bekki', 'Kala', 'Maddalena']
['Brigitte', 'Avivah', 'Clemence', 'Claudie', 'Sonni', 'Mei', 'Brittan', 'Lydie', 'Fran', 'Britney', 'Bertie', 'Marisa', 'Myrtle', 'Demetria', 'Thia']
['Marcie', 'Carri', 'Andie', 'Bridgette', 'Gae', 'Rosana', 'Annice', 'Adiana', 'Randie', 'Serena', 'Gianina', 'Maxie', 'Lulu', 'Marabel', 'Mella']
['Charita', 'Shirl', 'Jesse', 'Camala', 'Anastassia', 'Risa', 'Addi', 'Gerry', 'Roxane', 'Briny', 'Yolanda', 'Cassondra', 'Stephannie', 'Eolanda', 'Zenia']
['Kittie', 'Rhodia', 'Corinne', 'Vonni', 'Rosene', 'Rhody', 'Caryn', 'Anabel', 'Jacqui', 'Della', 'Dominica', 'Starlin', 'Conchita', 'Kellie', 'Ronnica']
['Livy', 'Doroteya', 'Agnese', 'Harriet', 'Dee', 'Noreen', 'Silva', 'Marlena', 'Danni', 'Athena', 'Gabbie', 'Latisha', 'Lorain', 'Antonietta', 'Britteny']
['Mair', 'Morena', 'Cherilynn', 'Sileas', 'Veradis', 'Stormi', 'Dita', 'Tarra', 'Lorena', 'Janice', 'Lani', 'Vinni', 'Nicki', 'Cristionna', 'Euphemia']
['Lesly', 'Clarissa', 'Kiele', 'Erminia', 'Missy', 'Helyn', 'Quintana', 'Gale', 'Vicky', 'Meggi', 'Gwennie', 'Aviva', 'Tamra', 'Catha', 'Else']
['Gaby', 'Inga', 'Estele', 'Sandie', 'Kara', 'Paige', 'Netty', 'Fernande', 'Marcella', 'Brear', 'Reggi', 'Cassandra', 'Millisent', 'Cathryn', 'Lisette']
['Alexandrina', 'Moyna', 'Doris', 'Charmine', 'Eve', 'Casi', 'Lira', 'Laverne', 'Nancie', 'Brook', 'Mariellen', 'Leanora', 'Cindie', 'Dyane', 'Collete']
['Yovonnda', 'Rivkah', 'Sherrie', 'Shanie', 'Alia', 'Leda', 'Idalina', 'Oralee', 'Katti', 'Joanna', 'Diane', 'Colline', 'Tiffy', 'Tallie', 'Martina']
['Cheslie', 'Austina', 'Daphene', 'Willi', 'Kathy', 'Carla', 'Chelsy', 'Ulrike', 'Fawnia', 'Flory', 'Sula', 'Ingunna', 'Oliy', 'Sheila', 'Angelica']
['Carroll', 'Roslyn', 'Amalee', 'Anabelle', 'Fania', 'Patty', 'Kathryn', 'Georgeanne', 'Sada', 'Belle', 'Matilde', 'Valli', 'Desiri', 'Mufinella', 'Lyda']
['Rowena', 'Tiphanie', 'Paulina', 'Dorine', 'Vanni', 'Hedwiga', 'Yetta', 'Shoshana', 'Jorrie', 'Faythe', 'Elvera', 'Tanitansy', 'Allene', 'Melloney', 'Anabal']
['Joelly', 'Drusy', 'Tiffany', 'Adriane', 'Jaynell', 'Ranice', 'Dotti', 'Kaitlynn', 'Xylina', 'Erica', 'Jessamyn', 'Debora', 'Yoshi', 'Edith', 'Delly']
['Row', 'Beatrice', 'Cristen', 'Monique', 'Nicoli', 'Lorie', 'Agatha', 'Korney', 'Nissie', 'Josepha', 'Melinde', 'Nelie', 'Kellsie', 'Corly', 'Anette']
['Stesha', 'Karie', 'Teddi', 'Selinda', 'Birgitta', 'Frankie', 'Babara', 'Ramonda', 'Kania', 'Jen', 'Jolie', 'Tim', 'Jemie', 'Alyson', 'Haley']
['Emelda', 'Kathleen', 'Neile', 'Terese', 'Georgiana', 'Clemmie', 'Opal', 'Peg', 'Lynnet', 'Sofie', 'Johanna', 'Zulema', 'Madelena', 'Arlee', 'Lotte']
['Dena', 'Marlie', 'Malva', 'Nanon', 'Cristabel', 'Mirna', 'Ansley', 'Tani', 'Sadye', 'Nedda', 'Marris', 'Stefa', 'Pammy', 'Julie', 'Brunhilda']
