['30', '52', '54', '67', '80', '117', '120', '124', '128', '146', '157', '160', '173', '178', '182', '200', '202', '220', '223', '233', '248', '259', '273', '286', '288', '298', '315', '318', '324', '326', '334', '353', '356', '389', '413', '420', '444', '480', '489', '499']
['55', '394']
['9', '21', '25', '56', '70', '73', '88', '91', '103', '127', '172', '183', '227', '241', '252', '260', '304', '305', '306', '307', '323', '330', '337', '349', '361', '369', '375', '376', '397', '403', '437', '442', '448', '460', '461', '472', '487', '488', '494', '497']
['4', '6', '19', '36', '47', '51', '53', '71', '85', '98', '101', '113', '116', '137', '159', '174', '186', '206', '238', '240', '243', '254', '266', '295', '301', '303', '313', '320', '336', '347', '358', '405', '406', '430', '469', '473', '478', '479', '486', '496']
['40', '42', '43', '45', '48', '65', '68', '82', '115', '119', '126', '145', '148', '168', '192', '196', '215', '244', '269', '270', '284', '293', '297', '317', '322', '328', '329', '341', '359', '364', '379', '424', '433', '435', '449', '454', '455', '470', '483', '492']
['11', '29', '50', '59', '83', '106', '121', '150', '164', '175', '184', '189', '194', '207', '235', '239', '256', '268', '283', '289', '290', '296', '314', '340', '348', '350', '351', '388', '393', '408', '411', '414', '417', '431', '438', '468', '475', '477', '484', '491']
['205']
['28', '87', '203', '208', '214', '253', '267', '384', '415', '452', '458']
['13', '66', '77', '81', '90', '111', '138', '143', '149', '167', '179', '195', '222', '228', '237', '247', '255', '257', '279', '311', '333', '339', '346', '354', '371', '387', '390', '399', '412', '418', '419', '429', '434', '453', '456', '462', '463', '464', '485']
['62', '201', '229']
['5', '22', '44', '75', '76', '78', '79', '89', '97', '114', '118', '122', '123', '134', '135', '136', '147', '154', '156', '158', '163', '188', '204', '219', '234', '302', '312', '335', '338', '355', '365', '386', '421', '422', '423', '427', '443', '466', '467', '498']
['391']
['35', '60', '63', '92', '95', '102', '108', '109', '131', '132', '133', '152', '155', '185', '190', '213', '226', '246', '258', '264', '271', '287', '316', '319', '325', '327', '368', '372', '373', '378', '382', '383', '392', '400', '440', '445', '450', '459', '471', '474']
['7', '8', '14', '18', '57', '100', '105', '125', '129', '139', '141', '144', '153', '165', '170', '181', '187', '221', '225', '230', '232', '242', '281', '282', '285', '291', '294', '310', '360', '374', '385', '395', '396', '401', '410', '428', '441', '457', '481', '490']
['409']
['1', '23', '26', '33', '37', '46', '64', '69', '74', '86', '99', '104', '107', '130', '161', '169', '193', '197', '198', '210', '224', '231', '245', '250', '262', '263', '272', '278', '292', '299', '309', '331', '332', '367', '377', '407', '426', '432', '447', '482']
['142']
['0', '2', '3', '10', '12', '15', '16', '20', '24', '31', '34', '38', '39', '41', '61', '93', '94', '96', '110', '112', '162', '177', '180', '199', '211', '212', '236', '275', '277', '321', '343', '344', '345', '381', '404', '416', '436', '439', '451', '495']
['425']
['17', '27', '32', '49', '58', '72', '84', '140', '151', '166', '171', '176', '191', '209', '216', '217', '218', '249', '251', '261', '265', '274', '276', '280', '300', '308', '342', '352', '357', '362', '363', '366', '370', '380', '398', '402', '446', '465', '476', '493']
