['Jess', 'Bobbie', 'Randene', 'Biddie', 'Ginger', 'Sheree', 'Marcia', 'Kassia', 'Laverna', 'Lorinda', 'Shelli', 'Willabella', 'Essa', 'Johnette', 'Miquela', 'Andriette', 'Trista', 'Libby', 'Camilla']
['Thomasina', 'Zoe', 'Marylou', 'Arliene', 'Loria', 'Bibbie', 'Goldi', 'Reggi', 'Joly', 'Nerta', 'Laverne', 'Jacquenette', 'Nevsa', 'Erma', 'Merline', 'Kerstin', 'Siobhan', 'Fawne', 'Chrystel']
['Carlye', 'Emilee', 'Cynde', 'Andree', 'Mariejeanne', 'Cristina', 'Vickie', 'Eve', 'Rosene', 'Sephira', 'Coretta', 'Shani', 'Aubrette', 'Una', 'Harriett', 'Ashely', 'Phillis', 'Tanhya', 'Bessy']
['Patience', 'Phedra', 'Liz', 'Christin']
['Jeannie', 'Pia', 'Philomena', 'Chelsea', 'Christina', 'Tova', 'Marla', 'Lyn', 'Kaylyn', 'Kettie', 'Verina', 'Esmaria', 'Isabelle', 'Grazia', 'Zorana', 'Lisbeth', 'Karisa', 'Dolores', 'Vonny']
['Rosina', 'Anya', 'Anthe', 'AnnaDiane', 'Vi', 'Henriette', 'Melodie', 'Dana', 'Terra', 'Marley', 'Winifred', 'Lilla', 'Annalee', 'Natalina', 'Toma', 'Sheeree', 'Katha', 'Lorena', 'Myrilla']
['Katleen', 'Zita', 'Riannon', 'Gigi', 'Siusan', 'Kay', 'Gerrilee', 'Callie', 'Kania', 'Leora', 'Kora', 'Ashli', 'Hendrika', 'Rosalinde', 'Pansie', 'Ashlen', 'Camille', 'Honey', 'Kiersten']
['Kata', 'Lorraine', 'Stepha', 'Jeannette', 'Veronike', 'Tressa', 'Moyra', 'Genni', 'Kacey', 'Brynne', 'Corinna', 'Laurice', 'Flori', 'Annie', 'Cory', 'Courtnay', 'Sibylle', 'Mia', 'Paula']
['Jeannine', 'Coral', 'Evvy', 'Valerie', 'Bonnee', 'Lita', 'Susi', 'Maryl', 'Jaclyn', 'Tiffani', 'Caryn', 'Chris', 'Fredelia', 'Natala', 'Laureen', 'Kial', 'Eula', 'Yalonda', 'Madalena']
['Rasla', 'Ondrea', 'Starr', 'HelenElizabeth', 'Emelina', 'Lacey', 'Lettie', 'Costanza', 'Laura', 'Renelle', 'Tilda', 'Ealasaid', 'Vanessa', 'Leona', 'Sofia', 'Katalin', 'Shaina', 'Marlyn', 'Helenka']
['Janette', 'Devinne', 'Shelia', 'Jenna', 'Goldina', 'Roseann', 'Gayle', 'Imogen', 'Gabriell', 'Kristin', 'Cordie', 'Billy', 'Carline', 'Melva', 'Deny', 'Midge', 'Susana', 'Merrielle', 'Jorey']
['Oliy', 'Herminia', 'Sheena', 'Betteanne', 'Rebbecca', 'Lori', 'Madelin', 'Heather', 'Alvina', 'Jessika', 'Lina', 'Nadine', 'Dianna', 'Karol', 'Dayle', 'Cordy', 'Catina', 'Vin', 'Debby']
['Bria', 'Analise', 'Raine', 'Shayne', 'SheilaKathryn', 'Lia', 'Paulette', 'Jaime', 'Misti', 'Maryjo', 'Frankie', 'Freda', 'Shayna', 'Lona', 'Kelcey', 'Almeda', 'Arleyne', 'Ellie', 'Sheilah']
['Deeann', 'Jasmin', 'Kinna', 'Brandie', 'Gaynor', 'Jennica', 'Robena', 'Carree', 'Fayina', 'Geralda', 'Constantina', 'Mina', 'Jsandye', 'Nomi', 'Constantia', 'Pollyanna', 'Vivia', 'Rosalind', 'Ortensia']
['Alyce', 'Brigid', 'Tersina', 'Madonna', 'Drucill', 'Tessy', 'Clari', 'Brynna', 'Vilma', 'Jolie', 'Eddi', 'Darcee', 'Joleen', 'Sharron', 'Kylen', 'Tresa', 'Jessamyn', 'Vallie', 'Pierrette']
['Licha', 'Avivah', 'Idalina', 'Reeva', 'Leilah', 'Libbi', 'Heidie', 'Kalindi', 'Stefa', 'Barbe', 'Ula', 'Carmelia', 'Joannes', 'Hatty', 'Wendeline', 'Linette', 'Cinnamon', 'Martguerita', 'Nerissa']
['Mareah', 'Maddalena', 'AnnaDiana', 'Shay', 'Evangeline', 'Joycelin', 'Idell', 'Claudina', 'Keri']
['Anjanette', 'Thalia', 'Lois', 'Charis', 'Elisabet', 'Toni', 'Suellen', 'Danell', 'Sophie', 'Livia', 'Tamarra', 'Jodi', 'Matilda', 'Lorna', 'Crystie', 'Phil', 'Kathlin', 'Sayre', 'Viva']
['Elinor', 'Gerianna', 'Serena', 'Lila', 'Neilla', 'Rachel', 'Tatiana', 'Cate', 'Milena', 'Meggy', 'Emmy', 'Tamarah', 'Jeralee', 'Sharla', 'Kellen', 'Donella', 'Mable', 'Erna', 'Lauretta']
['Sara', 'Giralda', 'Bell', 'Saundra', 'Lisabeth', 'Cammie', 'Fayth', 'Geri', 'Elayne', 'Sherline', 'Koressa', 'Laraine', 'Sue', 'Penny', 'Allsun', 'Gwenette', 'Janey', 'Clemmy', 'Gwendolen']
['Garland', 'Jada', 'Brandise', 'Valentine', 'Blake', 'Tybi', 'Ardenia', 'Nelia', 'Inna', 'Di', 'Harrie', 'Madelyn', 'Genna', 'Marice', 'Renae', 'Marigold', 'Dulcie', 'Gussy', 'Barbaraanne']
['Reta', 'Amabel', 'Prudi', 'Megan', 'Giselle', 'Lorrin', 'Wilow', 'Ray', 'Minnnie', 'Uta', 'Silva', 'Jane', 'Henrietta', 'Dulcea', 'Daisi', 'Sallyanne', 'Marjie', 'Corey', 'Natka']
['Ivie', 'Eadie', 'Jeniffer', 'Denyse', 'Debbie', 'Edi', 'Ethelind', 'Nora', 'Therine', 'Lanni', 'Neila', 'Faith', 'Trude', 'Amitie', 'Corella', 'Rozanna', 'Clemmie', 'Lindsy', 'Dulcia']
['Mariette', 'Hyacinth', 'Magdaia', 'Christabel', 'Pavla', 'Tanya', 'Patti', 'Nicoli', 'Jobina', 'Paulina', 'Wilone', 'Raye', 'Cherry', 'Meris', 'Pippy', 'Tobi', 'Nolana', 'Brenn', 'Romonda']
['Pandora', 'Lynnett', 'Delila', 'Karlotta', 'Lillis', 'Edeline', 'Shelby', 'Erinna', 'Ardine', 'Cayla', 'Feliza', 'Mehetabel', 'Tammy', 'Kippy', 'Noelyn', 'Lavinia', 'Cecelia', 'Emmalynne', 'Raven']
