['296', '290', '193', '103', '6', '96', '22', '171', '187', '14', '73', '120', '121', '316', '258', '162', '350', '51', '63', '43']
['102', '31', '37', '93', '1', '146', '145', '141', '134', '21', '29', '10', '207', '79', '128', '311', '314', '360', '383', '357', '353', '352', '351', '358', '289', '286', '116', '304', '223']
['349', '291', '190', '276', '91', '90', '97', '393', '184', '322', '254', '288', '281', '280', '268', '113', '390', '49']
['346', '342', '196', '275', '331', '99', '235', '140', '28', '375', '84', '241', '172', '253', '369', '364', '361', '389', '218', '260', '57', '117', '225', '154', '5']
['345', '348', '293', '334', '94', '148', '132', '137', '395', '83', '86', '87', '243', '177', '182', '181', '19', '328', '329', '203', '77', '312', '317', '3', '66', '69', '166', '267', '303', '226', '221', '44']
['297', '32', '338', '239', '20', '378', '374', '246', '323', '200', '208', '74', '366', '60', '61', '160', '263', '55', '305', '151', '156', '159', '399']
['298', '292', '279', '98', '138', '370', '240', '249', '18', '62', '325', '124', '126', '380', '386', '165', '261', '111', '309', '301']
['347', '295', '34', '335', '337', '92', '147', '130', '379', '82', '179', '12', '326', '72', '125', '129', '64', '252', '4', '150', '153']
['271', '106', '30', '238', '144', '24', '376', '80', '81', '11', '15', '320', '321', '78', '127', '319', '365', '385', '161', '215', '287', '58', '50', '52', '115', '112', '228', '224', '40']
['344', '343', '108', '100', '39', '149', '89', '244', '178', '183', '205', '76', '75', '2', '122', '123', '368', '65', '219', '262', '265', '269', '54', '118', '308', '41']
['333', '139', '371', '88', '245', '13', '16', '251', '169', '210', '266', '229', '45']
['299', '109', '35', '27', '394', '185', '8', '318', '313', '367', '362', '164', '9', '47']
['270', '107', '38', '332', '373', '176', '173', '206', '71', '68', '310', '363', '384', '256', '167', '356', '217', '213', '306', '227', '46']
['192', '136', '135', '26', '397', '17', '327', '382', '387', '67', '250', '216', '114', '302']
['341', '194', '191', '272', '237', '400', '392', '396', '7', '242', '180', '324', '315', '381', '168', '211', '307', '155']
['340', '294', '274', '104', '105', '234', '232', '133', '25', '170', '189', '388', '259', '163', '285', '110', '300', '222', '220', '42']
['339', '230', '143', '23', '248', '255', '212', '59', '56', '119', '152', '158', '48']
['198', '195', '101', '336', '330', '95', '131', '372', '85', '175', '204', '354', '359', '214', '282', '53']
['273', '277', '278', '36', '236', '231', '377', '247', '186', '201', '202', '209', '257', '284', '264', '391', '157', '398']
['199', '197', '33', '233', '142', '174', '188', '70', '355', '283']
