['12', '53', '82', '125', '127', '130', '132', '133', '134', '139', '160', '171', '177', '191', '195', '196', '202', '203', '205', '206', '302', '314', '316', '415', '420', '425', '437', '441']
['137']
['57', '142', '144', '145', '156', '165', '168', '172', '413']
['54', '224', '225', '240', '303', '304', '306', '308', '310', '312', '313', '315', '319', '386', '445']
['17', '44', '46', '49', '67', '96', '284', '291', '467', '469', '470', '471', '472', '473', '475', '478', '479', '480', '484', '486', '487', '488', '489', '494', '495']
['5', '15', '69', '81', '117', '141', '155', '233', '279', '321', '327', '328', '330', '362', '368', '385', '418', '422', '424', '442', '443', '446', '451', '454', '458', '460', '474', '491']
['2', '3', '61', '62', '63', '64', '100', '118', '121', '122', '179', '180', '181', '186', '208', '211', '212', '217', '268', '344', '412', '414', '419', '433', '457']
['4', '33', '143', '147', '148', '149', '150', '151', '152', '338', '370', '389', '391', '404', '444', '450', '461', '463', '464', '465']
['19', '47', '48', '66', '70', '80', '83', '84', '86', '87', '91', '92', '93', '94', '159', '161', '162', '164', '166', '345', '351', '354', '355', '357', '416', '423', '435']
['9', '14', '95', '97', '98', '101', '102', '103', '104', '105', '107', '126', '213', '214', '218', '305', '323', '324', '336', '452', '453', '462']
['13', '71', '73', '74', '215', '244', '253', '293', '334', '401', '439', '447']
['11', '58', '60', '90', '154', '167', '197', '282', '361', '363', '366', '367', '369', '371', '375', '381', '384', '388', '395', '402', '403', '406', '456']
['8', '55', '76', '88', '106', '120', '124', '174', '175', '201', '219', '222', '256', '271', '273', '275', '276', '278', '280', '427', '430', '483']
['136', '353', '390']
['52', '129', '193', '199', '200', '264', '265', '267', '277', '294', '428', '429', '440']
['16', '25', '43', '110', '113', '158', '192', '248', '283', '298', '299', '331', '434', '436', '485']
['22', '27', '28', '29', '30', '31', '36', '37', '153', '176', '185', '190', '194', '230', '307', '346', '347', '349', '350', '358', '359', '360', '400', '455']
['38', '89', '140', '189', '245', '263', '290', '320', '342', '348', '356', '393', '394', '396', '405', '407', '408', '438', '448', '482']
['10', '18', '26', '112', '116', '119', '123', '128', '131', '135', '173', '178', '182', '183', '184', '187', '188', '228', '229', '232', '234', '262', '269', '270', '274', '398', '410', '449']
['56', '59', '99', '138', '226', '322', '326', '335', '339', '476', '481', '490', '492', '493']
['109', '343', '431']
['209', '251', '387', '397', '399', '409']
['7', '21', '23', '24', '68', '72', '77', '108', '111', '115', '198', '210', '216', '364', '365', '372', '373', '374', '376', '378', '380', '382', '383', '459']
['0', '32', '41', '243', '246', '250', '252', '255', '258', '260', '261', '266']
['1', '6', '20', '39', '40', '42', '45', '51', '65', '78', '79', '163', '170', '223', '329', '332', '333', '337', '411', '417', '432', '466', '468', '477']
['157', '169', '247', '249', '254', '257', '259', '341', '352', '377', '421', '426']
['227', '272', '287', '325', '340', '379']
['50', '204', '220', '221', '281', '285', '288', '289', '295', '296', '297', '300', '311', '392']
['34', '35', '75', '85', '114', '146', '207', '231', '235', '236', '237', '238', '239', '241', '242', '286', '292', '301', '309', '317', '318']
