['ABT', 'ACI', 'ADU', 'ADY', 'AEK', 'AFH', 'AFI', 'AGK', 'AKD', 'AKY', 'ALB', 'ALH', 'ANA', 'AQV', 'ASH']
['AAS', 'AEJ', 'AHQ', 'AJQ', 'AKF', 'AKP', 'AKQ', 'AKT', 'ANR', 'ARA', 'ATQ', 'ATS']
['AAD', 'AFA', 'AGO', 'AHH', 'AIU', 'AKG', 'ALR', 'ANV', 'AOY', 'APH', 'AQK']
['ABD', 'ACH', 'ADD', 'ADI', 'AHX', 'AIR', 'AJO', 'AKW', 'AMX', 'AOM', 'APG', 'APY', 'AQG', 'AQW', 'ARD', 'ARH', 'ARM', 'ASA']
['AEB', 'AFU', 'AFX', 'AJY', 'AKA', 'APO', 'APU', 'ARL']
['AAO', 'ADM', 'AEQ', 'AER', 'AII', 'ALF', 'ALP', 'AMB', 'AMI', 'AND', 'ANM', 'API', 'APW', 'ATK', 'ATO', 'ATW']
['ACN', 'ACP', 'AGG']
['AAJ', 'ABV', 'ACF', 'ACW', 'ADL', 'AEC', 'AFC', 'AFG', 'AHW', 'AJX', 'AKO', 'ALW', 'ALY', 'AMT', 'AOC', 'AOK', 'APL', 'ATP']
['AAH', 'ACG', 'ACS', 'ACX', 'AEI', 'AFF', 'AFS', 'AGJ', 'AHM', 'AIA', 'AIN', 'AKE', 'AMV', 'ANU', 'APT', 'AQR', 'ARF', 'ASM']
['AAV', 'AFE', 'AHL', 'AIM', 'AJW', 'AMS', 'ANW', 'AOA', 'AOF', 'AOR', 'ARK', 'ATH']
['AAP', 'AAU', 'ACO', 'AFR', 'AGL', 'AHU', 'AIH', 'ALK', 'ANG', 'AOD', 'AOV', 'AQY', 'ATB', 'ATD']
['ABL']
['ACB', 'ADT', 'AFP', 'AGX', 'AHR', 'AIB', 'AKN', 'ALM', 'AMC', 'ANY', 'AQA', 'ARE', 'ATG']
['ACR', 'ACU', 'AFB', 'AGA', 'AGE', 'AHA', 'AHP', 'AHY', 'AJN', 'AKL', 'ANK', 'ANS', 'APM', 'ATF']
['ABW', 'ACM', 'AEG', 'AHD', 'AHV', 'AIX', 'AJD', 'AJI', 'AKJ', 'AMM', 'AMU', 'AOO', 'AOU', 'AOX', 'ASE', 'ASL', 'ASR', 'ATE']
['AAQ', 'ACL', 'ADC', 'AEN', 'AFV', 'AIC', 'AIG', 'ANX', 'AQM', 'ASV']
['AAB', 'AAM', 'AAN', 'AAT', 'ACA', 'ADG', 'ADX', 'AHS', 'AIY', 'AJL', 'ALX', 'AOI', 'APR', 'AQP', 'ATV']
['AES', 'AFK', 'AIE', 'AIF', 'AJF', 'ALE', 'AMG']
['ABU', 'ACE', 'ACJ', 'ADO', 'ADS', 'AFY', 'AGP', 'AHO', 'AJS', 'AJV', 'ALD', 'ALI', 'AMK', 'APK', 'AQF', 'ART']
['ABP', 'ABS', 'AFW', 'AGS', 'AHI', 'AID', 'AJE', 'AKS', 'ALN', 'AMF', 'AOQ', 'APA', 'ARX', 'ATY']
['ABY', 'ADJ', 'AFJ', 'AFT', 'AGV', 'AHB', 'AIP', 'AKR', 'AOE', 'AQS', 'ARI', 'ASI', 'ASK']
['AAL', 'AGM', 'AHG', 'AHT', 'AIK', 'AIV', 'AJK', 'AKM', 'ANF', 'ANL', 'AOJ', 'ARR', 'ARY', 'ASP', 'ASW']
['AAF', 'AAI', 'ACY', 'AFQ', 'AIJ', 'AJJ', 'AMP', 'AOB', 'AOL', 'AQL', 'ARC', 'ARS', 'ATL']
['AAR', 'ACD', 'ACT', 'AFO', 'AGD', 'AGF', 'AGU', 'AHN', 'AJR', 'AJU', 'ANJ', 'ANO', 'ANP', 'AQD', 'ASX', 'ATI']
['ADW', 'AEX', 'AJT', 'AME', 'AMH', 'AMJ', 'AMQ', 'AMR', 'ANH', 'AOH', 'AON', 'ASF', 'ASG', 'AST']
['AAG', 'ADH', 'AEV', 'AHK', 'AKB', 'ANC']
['AIW', 'ALL']
['ALU', 'ANE', 'AOP', 'APB', 'APQ', 'APV', 'ASO', 'ATM']
['ABA', 'ABC', 'ABR', 'ACK', 'ACV', 'ADN', 'AGQ', 'AHE', 'AJA', 'AKC', 'AMW', 'APJ', 'AQB', 'AQE', 'AQI', 'AQN', 'ASC', 'ASJ']
['AAK', 'AAW', 'ABM', 'ABQ', 'ABX', 'ADV', 'AEO', 'AGR', 'AJC', 'ALJ', 'AOT', 'AOW', 'ARJ', 'ARN', 'ARQ', 'ATJ', 'ATU']
['AAA', 'ADB', 'AEL', 'AGN', 'AIQ', 'ALG', 'AQO', 'ASS']
['AAE', 'AAX', 'AAY', 'ABB', 'AFN', 'AGH', 'AGI', 'AJG', 'AJM', 'AKX', 'ALS', 'ANT', 'ASQ', 'ASU', 'ASY']
['ABG', 'ABJ', 'ABK', 'ABN', 'ABO', 'ADP', 'ADQ', 'AEA', 'AED', 'AFL', 'AIO', 'ALO', 'ALV', 'AMO', 'APP', 'AQQ', 'ARO']
['ABH', 'ABI', 'AGB', 'AGC', 'AJH', 'AKK', 'ALQ', 'APC', 'APF', 'AQH', 'ARP', 'ARU', 'ASN']
['ABE', 'ACC', 'ADA', 'AEE', 'AEM', 'AEP', 'AET', 'AEY', 'AHJ', 'AJP', 'AKI', 'AMA', 'AMN', 'ANB', 'ANI', 'AQT', 'ARG', 'ARV']
['AGW', 'AKU', 'ASB', 'ATC']
['AAC', 'ADE', 'ADR', 'AEU', 'AFD', 'ALC', 'ALT', 'ANN', 'APX', 'ARB', 'ASD', 'ATA']
['ACQ', 'ADF', 'AGY', 'AHF', 'AIL', 'AKH', 'ALA', 'ANQ', 'AOG', 'ATT']
['AEH', 'AGT', 'AIS', 'AKV', 'AML', 'AMY', 'AOS', 'APD', 'AQC', 'AQJ', 'AQX', 'ARW']
['ABF', 'ADK', 'AEF', 'AEW', 'AFM', 'AHC', 'AIT', 'AJB', 'AMD', 'APE', 'APN', 'APS', 'AQU', 'ATN', 'ATR', 'ATX']
