['25', '71']
['127']
['151', '238', '243']
['109']
['75', '90', '135', '212', '252', '279', '294', '354']
['77', '186', '196', '199', '260', '308', '331']
['85', '143', '373']
['303']
['359']
['216']
['12', '53', '153', '320']
['3', '105', '113', '157']
['182']
['363', '368']
['181', '214', '244', '280', '337', '360', '391']
['13', '14', '32', '60', '80', '116', '129', '141', '213', '258', '298', '345']
['1', '229']
['19']
['93', '341']
['46']
['223', '265']
['89', '389']
['4', '50', '147', '194', '304']
['49', '257']
['20', '174']
['24', '33', '136', '190', '361']
['283', '383']
['142', '162', '387']
['52', '163', '246']
['81']
['131', '374']
['225']
['193', '207', '317', '355']
['233', '267']
['34', '94', '239', '338']
['172', '285', '290']
['66', '111', '144', '158', '208', '217', '249', '255', '288', '301', '322', '376']
['42', '197']
['357']
['132', '169', '198', '261']
['48', '74', '118', '133']
['39', '145', '282', '291', '333']
['10', '82', '100', '272', '352', '362']
['91']
['224']
['76', '88', '117', '183', '241', '251', '311', '313', '316', '380']
['7', '28', '95', '227', '293']
['102']
['79']
['36', '37', '45', '56', '64', '78', '97', '150', '226', '264', '302', '336', '369']
['17', '140', '234', '295']
['108', '269']
['15', '26', '40', '57', '70', '87', '203', '211', '230', '253', '254', '277', '296', '330', '347', '386']
['5', '9', '27', '86', '106', '122', '187', '188', '209', '292', '309', '310', '312', '318', '324', '344', '349', '364', '388', '393']
['278', '372', '377']
['84']
['31', '160', '305', '381']
['210', '367']
['128', '315']
['189']
['51', '148', '165', '268', '340']
['2', '83']
['101', '107', '155']
['156']
['41', '62', '166', '399']
['98', '121', '125', '266']
['329']
['0', '6']
['16', '23', '54', '73', '110', '112', '205', '237', '274', '339']
['139']
['18', '137', '170', '200', '215', '232', '262', '299', '358', '385', '395']
['134', '175', '178', '218', '236', '247']
['47', '58', '69', '104', '191', '270']
['55', '126', '275', '379']
['161', '307']
['61', '63', '152', '192', '201', '204', '245', '250', '259', '276', '321', '334', '342', '366']
['273']
['177', '297', '323']
['184', '185']
['21', '130', '149', '171', '176', '202', '228', '231', '242', '325', '327', '328', '335', '353', '375', '384', '390', '396']
['365']
['30', '38', '65', '68', '119', '222', '263', '306', '314', '346', '398']
['256', '289', '378']
['44']
['29', '59', '72', '159', '173', '206', '248', '397']
['123']
['22']
['120']
['99', '103', '221', '286']
['219']
['8', '11', '43', '67', '124', '164', '167', '240', '287']
['179', '180']
['168', '343']
['96', '319']
['138', '154', '220', '235', '281', '370', '392', '394']
['35', '326', '348', '350', '382']
['371']
['114']
['300', '332']
['92', '115', '146', '195', '271', '284', '351', '356']
