['253', '104', '43', '199', '379', '305', '371', '99', '413', '91', '12', '105', '108', '478', '179', '432', '217', '190', '300', '167', '94', '436', '184', '472', '56', '9', '38', '276', '348', '222']
['298', '346', '127', '313', '282', '204', '228', '338', '315', '247', '239', '347', '386', '18', '119', '256', '136', '149', '68', '129', '208', '451', '450', '369', '342', '314', '459', '291', '218', '343']
['351', '186', '4', '16', '102', '474', '35', '426', '26', '206', '123', '212', '421', '65', '54', '202', '191', '352', '28', '329', '382', '48', '391', '365', '23', '328', '265', '422', '32', '1']
['86', '162', '289', '263', '316', '170', '63', '412', '120', '427', '203', '47', '214', '70', '59', '397', '80', '462', '213', '225', '8', '112', '111', '145', '308', '6', '309', '266', '376', '44']
['281']
['166', '372', '118', '151', '117', '74', '25', '440', '317', '173', '355', '22', '183', '469', '84', '416', '475', '83', '405', '471', '326', '264', '284', '40', '163', '241', '373', '407', '143', '245']
['124', '146', '449']
['52', '100', '171', '433', '360', '207', '255', '324', '51', '368', '444', '404', '424', '29', '169', '76', '354', '226', '71', '246', '244', '267', '457', '378', '438', '310', '33', '435', '176', '269']
['296', '131', '41', '295', '42', '232', '55', '306', '385', '388', '312', '362', '448', '367', '441', '363', '415', '97', '285', '174', '323', '45', '366', '20', '138', '238', '479', '10', '237', '78']
['234', '158', '299', '283', '227', '133', '85', '330', '445', '19', '125', '205', '341', '113', '377', '364', '211', '302', '452', '303', '209', '429', '384', '374', '98', '394', '257', '392', '177', '62']
['181', '318', '389', '272', '126', '165', '251', '137', '287', '130', '106', '463', '172', '271', '279', '252', '135', '453', '17', '393', '304', '3', '465', '331', '72', '57', '201', '194', '470', '30']
['261']
['21', '254', '160', '381', '144', '447', '49', '189', '292', '67', '414', '92', '249']
['286', '231', '332']
['101', '340', '224', '157', '140', '75', '95', '419', '7', '103', '273', '147', '410', '375', '423', '468', '439', '390', '278', '476', '466', '467', '64', '36', '428', '24', '307', '345', '418', '2']
['159', '122', '403', '77', '134', '139', '188', '236', '425', '152', '221', '219', '69', '141', '446', '192', '153', '27', '132', '73', '210', '250', '268', '90', '321', '87', '180', '301', '270', '336']
['154', '242', '155']
['248']
['233', '215', '430', '148', '198', '260', '31', '396', '88', '195', '121', '290', '395', '359', '142', '322', '275', '387', '319', '197', '473', '82', '294', '11', '350', '337', '288', '79', '357', '293']
['200', '96', '458', '156', '406', '110', '185', '327', '280', '409', '258', '240', '81', '230', '37', '398', '223', '116', '411', '262', '380', '15', '442', '178', '454', '229', '335', '61', '461', '408']
['187', '349']
['182', '477', '46', '456', '89', '400', '277', '109', '168', '437', '13', '161', '464', '325', '14', '370', '274', '220', '311', '193', '114', '460', '353', '34', '297', '420', '401', '402', '243', '235']
['399', '455', '333']
['431', '58', '50', '358', '39', '0', '53', '356', '417', '164', '320', '383', '361', '339', '175', '259', '93', '107', '66', '5', '115', '60', '334', '150', '196', '443', '344', '128', '216', '434']
