['1', '52', '63', '69', '72', '128', '129', '136', '138', '146', '148', '164', '200', '205', '222', '247', '256', '258', '260', '263', '265', '266', '268', '250', '289', '291', '293', '315', '317', '320', '414', '423', '455', '473', '498']
['131', '243', '297', '433']
['303']
['444']
['17', '40', '53', '71', '86', '94', '176', '180', '186', '202', '208', '219', '220', '223', '227', '261', '294', '304', '307', '331', '332', '361', '386', '389', '390', '393', '375', '376', '381', '407', '428', '449', '458', '465', '494']
['9', '50', '57', '58', '66', '68', '73', '130', '139', '149', '125', '127', '150', '151', '152', '155', '158', '159', '161', '162', '165', '166', '168', '169', '170', '171', '172', '173', '174', '226', '277', '391', '439', '450', '472']
['24', '25', '109', '116', '181', '211', '231', '236', '237', '240', '246', '273', '309', '325', '401', '446', '456']
['153', '167']
['33', '56', '75', '78', '80', '82', '85', '92', '112', '188', '195', '270', '278', '279', '283', '296', '319', '335', '342', '397', '454', '457', '461', '462', '464', '466', '474', '476', '477', '478', '479', '482', '487', '488', '490']
['14', '21', '22', '27', '31', '34', '35', '37', '39', '42', '46', '47', '54', '95', '197', '213', '215', '228', '249', '267', '269', '271', '252', '254', '285', '292', '295', '301', '321', '324', '404', '452', '470', '471', '485']
['48', '113', '147', '190', '199', '204', '209', '214', '217', '221', '234', '286', '330', '353', '355', '370', '374', '412', '467']
['3', '10', '11', '38', '49', '55', '59', '61', '89', '90', '97', '141', '144', '242', '251', '323', '350', '354', '358', '360', '365', '373', '405', '425', '426', '430', '431', '432', '434', '436', '438', '440', '441', '443', '445']
['29', '30', '41', '43', '64', '70', '81', '93', '140', '157', '187', '192', '194', '229', '233', '248', '275', '288', '298', '305', '311', '312', '347', '356', '357', '366', '372', '384', '379', '380', '411', '437', '451', '463', '493']
['5', '26', '44', '100', '101', '102', '104', '105', '106', '107', '108', '110', '111', '114', '115', '117', '118', '121', '124', '126', '154', '156', '160', '206', '238', '259', '262', '264', '255', '318', '387', '398', '377', '382', '448']
['20', '62', '88', '145', '177', '178', '182', '184', '185', '189', '191', '193', '198', '210', '218', '224', '225', '276', '280', '281', '282', '284', '290', '299', '326', '351', '367', '388', '399', '378', '410', '416', '442', '460', '497']
['4', '6', '7', '12', '15', '18', '23', '28', '67', '74', '142', '175', '179', '183', '216', '230', '274', '302', '308', '310', '313', '316', '338', '346', '349', '369', '371', '392', '395', '435', '468', '484', '486', '492', '495']
['2', '8', '32', '60', '76', '77', '79', '83', '84', '87', '91', '98', '99', '132', '137', '143', '201', '235', '239', '241', '272', '322', '327', '359', '368', '394', '396', '383', '427', '475', '480', '481', '491', '496', '499']
['13', '16', '19', '103', '119', '120', '122', '123', '133', '134', '135', '163', '196', '203', '232', '287', '306', '314', '329', '333', '334', '336', '339', '341', '343', '344', '345', '348', '385', '421', '422', '447', '453', '459', '483']
['469']
['0', '36', '45', '51', '65', '96', '207', '212', '244', '245', '257', '253', '300', '328', '337', '340', '352', '362', '363', '364', '400', '402', '403', '406', '408', '409', '413', '415', '417', '418', '419', '420', '424', '429', '489']
