['Kristi', 'Bonnie', 'Clarinda', 'Nickolas', 'Milissa', 'Pa', 'Susannah']
['Ryann', 'Elicia', 'Robert', 'Alicia', 'Eufemia', 'Enola', 'Cleotilde', 'Marcie']
['Lasonya', 'Shonda', 'Reita', 'Gisela', 'Trey']
['Tiffani', 'Carmon', 'Beverley', 'Randa', 'Emmanuel', 'Stephani', 'Carolee', 'Chas', 'Charmaine', 'Meagan', 'Alex', 'Bertha', 'Jami', 'German', 'Clara', 'Porter', 'Chang', 'Imogene', 'Pearlie', 'Jay', 'Sharla', 'Alexandra', 'Antonina']
['Jeanette']
['Piedad', 'Cortney', 'Toya', 'Hiroko', 'Lue', 'Son', 'Laticia', 'Arcelia', 'Kimbra', 'Glenda', 'Irena', 'Adah', 'Delmar', 'Russell', 'Florinda', 'Audie', 'Stanley', 'Alfred']
['Zoraida', 'Zena', 'Kendall', 'Xuan', 'Inga', 'Alton', 'Raul', 'Valorie', 'Joan', 'Alvin', 'Lauren', 'Marilynn', 'Logan', 'Hayden', 'Susan', 'Dorthea']
['Xavier', 'Kelly', 'Kris', 'Tyisha']
['Rachael', 'Kitty', 'Marvis', 'Rolando', 'Michaela', 'Hassan', 'Jesus', 'Marion', 'Neida', 'Harvey', 'Selma']
['Yevette', 'Marvin', 'Alexa', 'Millicent', 'Felix', 'Dusti', 'Debora', 'Alane', 'Joelle', 'Leila', 'Taneka', 'Antonette', 'Mariano', 'Tamala']
['Theo', 'June', 'Vincenzo']
['Elena', 'Ema', 'Sherwood', 'Dewayne', 'Nathalie', 'Nadia', 'Oswaldo', 'Florencio', 'Lyn', 'Freddie', 'Percy', 'Loria', 'Tammi', 'Brendon', 'Allena', 'Oma', 'Juliet']
['Hilario', 'Ok', 'Annabel', 'Marci', 'Clarence', 'Dong', 'Rima', 'Garret', 'Louella', 'Jade', 'Lorelei', 'Grant', 'Travis', 'Ella', 'Wes', 'Junior', 'Stanford']
['Carson', 'Nicole', 'Byron', 'Sharlene', 'Chan', 'Kristopher', 'Jeremy', 'Angeline', 'Clinton', 'Deana', 'Pinkie', 'Darwin', 'Eugene', 'Horace', 'Clarissa', 'An', 'Kay', 'Retta', 'Garland', 'Naida', 'Marquis', 'Tamisha', 'Sharan', 'Lisa']
['Heide', 'Lana', 'Kyung', 'Lilly', 'Chun', 'Ocie', 'Kasey', 'Marcella', 'Hillary', 'Verona', 'Lashay', 'Fanny', 'Sheldon', 'Camelia', 'Chester', 'Loren', 'Ambrose', 'Shavon', 'Danial', 'Elvie', 'Marcos', 'Anabel', 'Randall']
['Kurtis', 'Saul', 'Olevia', 'Eve', 'Helene', 'Ron', 'Cassie', 'Aaron', 'Dewitt', 'Roxane', 'Claretha', 'Laraine', 'Amada', 'Kareem', 'Artie', 'Latoya', 'Leontine', 'Osvaldo', 'Elenora', 'Tai', 'Renea', 'Vernon', 'Lyndon', 'Elliott', 'Angella', 'Clyde']
['Joanne', 'Martin', 'Hyun', 'Shaun', 'Rita']
['Easter']
['Tina', 'Irma', 'Nieves', 'Leilani', 'Frederic', 'Kirstin', 'Murray']
['Loura', 'Dora', 'In']
['Tarah', 'Refugio', 'Whitney', 'Claudie', 'Marquitta', 'Vernia', 'Rodrigo', 'Flavia', 'Glenna', 'Jina', 'Trena', 'Orval', 'Eloisa', 'Lezlie', 'Aretha', 'Kim']
['Lucas', 'Danita', 'Kylie', 'Oscar', 'Miranda', 'Treena', 'Marlo', 'Jeffrey', 'Griselda', 'Jacque', 'Dagmar', 'Hershel', 'Tameika', 'Houston', 'Dion', 'Spencer', 'Almeta', 'Jae']
['Christiane', 'Esperanza', 'Deirdre']
['Oneida', 'Eustolia', 'Merrill', 'Hui', 'Naomi', 'Janetta', 'Cristi', 'Terry', 'Jennie']
['Darnell', 'Princess', 'Jan', 'Winford', 'Doyle', 'Caitlyn', 'Hortense', 'Lucia', 'Elfrieda', 'Chance', 'Joye', 'Louise', 'Darrel']
['Tressa', 'Lamonica', 'Sharell', 'Earnest', 'Isabel', 'Jama', 'Clarice', 'Tanisha']
['Dorene', 'Elvia', 'Alethia', 'Antoinette', 'Latia', 'Shelton', 'Vada', 'Leonida', 'Herlinda', 'Leonard']
['Mariette', 'Clifton', 'Gerardo', 'Destiny', 'Phylis', 'Margart', 'Odell', 'Riley', 'Gerard', 'Lola', 'Johnny', 'Lizabeth', 'Sharilyn', 'Renetta', 'Altagracia', 'Edmond', 'Mariah', 'Nohemi']
['Rachel', 'Charisse', 'Alvera', 'Raleigh', 'Jefferey', 'Tracie', 'Annamarie']
['Madison', 'Savanna', 'Honey', 'Rosalee', 'Vivien', 'Rosalba']
