['119', '125', '199', '214', '282', '329', '389', '398']
['66', '161', '171', '172', '210', '211', '293', '431', '482']
['51', '92', '155', '239', '312', '346']
['187', '260', '351']
['74', '82', '111', '126', '143', '189', '217', '227', '235', '265', '379', '408', '457', '474', '476', '488']
['40', '137', '335', '337', '444']
['18', '25', '87', '109', '121', '168', '181', '310', '313', '323', '348', '363', '421', '438', '481']
['112', '169', '185', '186', '234', '253', '292', '295', '330', '364', '441', '445', '497']
['33', '205', '275', '306', '423', '442', '490']
['37', '53', '99', '113', '176', '238', '251', '272', '320', '344', '371', '374', '381']
['15', '23', '71', '146', '226', '264', '284', '290', '307', '462', '498']
['0', '183', '194', '208', '262', '327', '400']
['32', '72', '106', '203', '215', '240', '268', '286', '300', '334', '388', '402', '404', '426', '464', '493']
['5', '10', '11', '27', '46', '77', '88', '90', '103', '162', '196', '197', '201', '357', '358', '360', '362', '387', '409', '467', '499']
['34', '73', '91', '102', '105', '135', '179', '212', '213', '241', '277', '314', '359', '385', '406']
['45', '48', '58', '232', '252', '317', '366', '475', '485']
['44', '52', '84', '86', '89', '138', '145', '163', '271', '285', '369', '491']
['41', '60', '63', '108', '141', '218', '236', '237', '280', '298', '304', '324', '393', '415', '450', '469']
['2', '167', '356', '368', '392', '419', '456']
['1', '36', '81', '230', '377', '382', '466']
['20', '29', '42', '47', '57', '85', '202', '349', '352', '478']
['131', '142', '148', '246', '354', '418', '432', '460']
['28', '257', '373', '435', '459', '461']
['94', '100', '216', '247', '308', '424']
['35', '104', '129', '182', '221', '258', '394', '403', '455']
['31', '69', '98', '174', '245', '255', '338', '339', '429', '465', '473', '484', '487']
['26', '59', '65', '170', '191', '263', '296', '328', '332', '333', '375', '443', '458', '477']
['14', '158', '231', '301', '305', '325', '350', '486', '495']
['30', '76', '95', '159', '175', '266', '321', '399', '401', '412', '422', '470']
['140', '190', '192', '204', '347', '425', '440', '452', '479', '489']
['21', '80', '127', '147', '149', '180', '287', '309', '315', '343', '386', '437', '449']
['56', '62', '117', '273', '353', '436']
['198', '229', '340', '410', '454']
['67', '136', '160', '248', '249', '311', '411', '414', '427', '430']
['8', '17', '242', '448', '471']
['9', '110', '184', '259', '326']
['64', '114', '124', '166', '223', '279', '372', '468']
['153', '164', '220', '222', '243', '341']
['6', '75', '83', '96', '122', '195', '200', '225', '270', '278', '331', '396', '405', '447', '483', '494']
['4', '61', '132', '303', '391', '420']
['39', '68', '70', '78', '134', '178', '219', '233', '281', '319', '433', '446']
['12', '101', '133', '193', '256', '261', '274', '289', '294', '297', '383', '395', '417', '439', '472']
['3', '16', '19', '50', '115', '173', '207', '267', '269', '276', '291', '434', '451', '453']
['24', '97', '130', '224', '302', '361']
['22', '49', '54', '93', '118', '154', '188', '250', '288', '322', '355', '378', '480']
['38', '116', '120', '156', '206', '316', '370', '380', '390', '413', '416']
['79', '123', '128', '150', '254', '376', '384', '428', '492']
['13', '55', '244', '283', '318', '336', '345', '365', '397']
['7', '107', '177', '209', '228', '299', '367']
['43', '139', '144', '151', '152', '157', '165', '342', '407', '463', '496']
