['14', '30', '49', '132', '199', '200', '208', '227', '228', '230', '231', '236', '266', '267', '287', '308', '313', '362', '382', '383', '411', '450', '477', '478', '489']
['24', '119', '192', '193', '194', '335']
['27', '142', '291', '361', '364']
['141', '149', '461', '462', '469']
['21', '166', '168', '279', '314']
['170', '171']
['44', '61', '73', '159', '169', '211', '216', '217', '218', '283', '327', '328', '333', '334', '358', '368', '379', '402', '440', '484', '485', '496']
['2', '59', '62', '69', '71', '133', '134', '207', '254', '293', '306', '325', '344', '348', '381', '449', '453', '468', '481']
['19', '20', '74', '99', '101', '124', '152', '418', '455', '457', '483']
['41', '90', '91', '93', '123', '174', '180', '187', '215', '244', '294', '295', '305', '374', '451', '467']
['16', '106', '154', '155', '181', '259', '264', '289', '350']
['23', '95', '158', '204', '277', '292', '399', '435', '452']
['191', '213', '220', '298', '372']
['160', '371']
['4', '8', '22', '102', '177', '260', '261', '297', '324', '369', '406', '429']
['52', '65', '70', '76', '79', '198', '229', '240', '242', '301', '311', '312', '317', '326', '330', '386', '421', '437', '441', '444', '445']
['53', '78', '243', '250', '278', '337', '338', '359', '360', '431', '443', '480', '490']
['0']
['15', '47', '48', '127', '197', '329', '355', '400', '473']
['172', '205', '318', '339', '357', '375', '389', '390', '403', '412', '413', '419', '491', '492']
['84', '138', '151', '245', '288', '495']
['185', '203', '238', '257', '343', '351', '432']
['33', '60', '232', '349', '433', '439', '448']
['9', '17', '32', '38', '39', '40', '45', '55', '120', '122', '130', '131', '156', '157', '162', '163', '173', '196', '209', '282', '320', '428', '487']
['35', '126', '206', '265', '370', '414', '486']
['96', '139', '145', '165', '167', '210', '256', '347', '356', '415', '436', '475', '498']
['50', '423', '446']
['140', '262', '296', '304', '322', '323', '395', '408', '430']
['5', '10', '28', '77', '83', '97', '148', '164', '352', '397', '398', '425', '426', '476']
['7', '26', '88', '146', '241', '302', '303', '396', '404', '407', '458']
['57', '143', '201', '255', '434']
['29', '36', '37', '66', '68', '98', '113', '214', '409', '410']
['43', '108', '109', '115', '118', '190', '219', '268', '274', '275', '280', '281', '319', '341', '342', '373', '454', '497']
['51', '67', '144', '150', '223', '252', '253', '284', '315', '459', '464', '465', '466']
['63', '82', '105', '258', '353', '463', '494']
['18', '75', '94', '107', '125', '136', '175', '189', '246', '365', '367', '387', '392', '393', '394', '460', '493']
['58', '64', '80', '87', '184', '195', '224', '225', '239', '269', '270', '388']
['6', '221', '263', '290', '376', '377', '422', '472']
['100', '116', '117', '137', '202', '212', '251', '271', '272', '299', '309', '310', '345', '401', '442', '447', '474']
['12', '13', '46', '56', '89', '103', '110', '111', '161', '183', '188', '226', '233', '234', '235', '321', '336', '340', '384', '385', '416', '417', '456']
['1', '25', '72', '104', '128', '129', '135', '153', '285', '331', '427']
['3', '316', '391']
['147']
['11', '34', '300', '405']
['237', '247', '248', '249', '366', '420', '479']
['42', '54', '86', '121', '182', '186', '273', '286', '307', '470', '471', '482', '488', '499']
['380']
['31', '92', '112', '176', '276', '378']
['346']
['81', '85', '114', '178', '179', '222', '332', '354', '363', '424', '438']
