['AKB', 'AJG', 'AMR', 'ALC', 'AKD', 'ALZ', 'ANI', 'AJZ', 'ALI', 'AKJ', 'AIZ', 'AJI', 'ANM', 'AOE', 'ANV', 'ANW', 'ALH', 'ALK', 'AJW']
['AOD', 'AAK', 'AQI', 'AFM', 'APX', 'APB', 'AAM', 'APY', 'AOY', 'AOP', 'APP', 'ADO', 'APL', 'AQF', 'AOR', 'ADM', 'AOU', 'AOS', 'APZ']
['AGN', 'AFS', 'AIB', 'AGH', 'AIC', 'AIM', 'AID', 'AIX', 'AFX', 'AGF', 'AIJ', 'AGJ', 'AFY', 'AFQ', 'AHB', 'AHG', 'AHF', 'AHR', 'AGX']
['AAG', 'AAS', 'AAR', 'AFU', 'ACC', 'AAN', 'ABT', 'ADQ', 'ABL', 'AAU', 'ABR', 'AHZ', 'AHT', 'AGZ', 'ABJ', 'AHD', 'ABY', 'AAF']
['ALQ', 'ANZ', 'AKP', 'AMJ', 'AJT', 'ANH', 'AJQ', 'AKI', 'AJC', 'AJK', 'AKG', 'AJF', 'AKO', 'AKS', 'AJA', 'ALB', 'ALT', 'ALG', 'ALY']
['AHA', 'AIK', 'AGO', 'AGY', 'AHQ', 'AIG', 'AHC', 'AHH', 'AFZ', 'AIT', 'AGD', 'AGC', 'AHV', 'AHL', 'AGU', 'AGS', 'AHJ', 'AIO', 'AIW']
['AMM', 'AMQ', 'AOK', 'AJU', 'AMV', 'AJV', 'AKY', 'AKT', 'AMA', 'AJO', 'AMS', 'ANQ', 'ANE', 'ALD', 'AMZ', 'AJB', 'ALU', 'ANC', 'AMG']
['ANO', 'ALO', 'AJL', 'ALW', 'AKL', 'ANL', 'AMI', 'AKU', 'AKC', 'AKH', 'ALA', 'AOL', 'ANP', 'ALJ', 'ALS', 'ANR', 'AKX', 'AOA', 'AJS']
['AJH', 'ADK', 'ACI', 'AQC', 'AAO', 'AKW', 'AGB', 'AOB', 'APH', 'ANJ', 'AEL', 'AAA', 'AOZ', 'AOO', 'ACH', 'AAL', 'AAP']
['ACP', 'ACM', 'ABH', 'ADJ', 'ACT', 'ADF', 'ACS', 'ACN', 'ADB', 'ACR', 'ADD', 'ACU', 'ADH', 'ACQ', 'ACW', 'ACL', 'ACO', 'ACF', 'ACX']
['ALM', 'AMY', 'AJJ', 'ANT', 'ANF', 'AOH', 'AMN', 'AME', 'AMO', 'AMP', 'ALR', 'ANA', 'AKZ', 'ALN', 'AKF', 'AKN', 'AKV', 'AKE', 'AND']
['AGE', 'AHK', 'AHM', 'AHN', 'AIV', 'AIU', 'AIH', 'AIE', 'AII', 'AHU', 'AIF', 'AHS', 'AGM', 'AGK', 'AGL', 'AIQ', 'AFW', 'AGR', 'AIS']
['ADP', 'AET', 'ADW', 'AEF', 'ADU', 'AFE', 'ADR', 'AFN', 'AEQ', 'AFL', 'AEM', 'AFA', 'AEP', 'AES', 'ADT', 'AEA', 'AEE', 'AEO', 'AEV']
['AAW', 'ABZ', 'ACG', 'ABA', 'AAX', 'AAV', 'AAY', 'ABS', 'ABO', 'ABB', 'AAZ', 'AAI', 'ABC', 'ABE', 'ABF', 'ABG', 'ABW', 'ABD']
['AIP', 'ABM', 'AGT', 'AIY', 'ACZ', 'AHW', 'AIA', 'AHP', 'AGP', 'AFP', 'AHI', 'AHO', 'AHE', 'AFV', 'AGW', 'AFR', 'AIR', 'AIN', 'AGV']
['AAJ', 'AFB', 'AHX', 'AGQ', 'AHY', 'AAH', 'ABP', 'AEH', 'ADV', 'AGG', 'AEI', 'AGI', 'AEJ', 'AIL', 'AFK', 'AEZ', 'AFT', 'AEW', 'AFO']
['AEY', 'AEG', 'ADL', 'AFH', 'AEU', 'ADN', 'AEC', 'AED', 'AEB', 'AAT', 'AFI', 'AFF', 'AFG', 'AEN', 'AAQ', 'AEX', 'AEK', 'ADZ', 'ADS']
['APJ', 'AQD', 'AOW', 'AQJ', 'AQA', 'APC', 'APE', 'AOT', 'APW', 'APT', 'AQK', 'API', 'AQM', 'APQ', 'APA', 'AQO', 'AOV', 'AQB', 'APU']
['AMB', 'AJR', 'AKR', 'AMT', 'ANU', 'ANX', 'AMW', 'AMC', 'ANB', 'AOG', 'ALL', 'AOJ', 'AKK', 'AOC', 'AMH', 'AMX', 'AMF', 'ALE', 'AKM']
['APD', 'AOQ', 'AQN', 'APK', 'APN', 'AOX', 'AQE', 'AQH', 'APG', 'AQL', 'APF', 'AAC', 'AQG', 'AON', 'APS', 'APO', 'APV', 'APR', 'APM']
['AAD', 'ABX', 'ANN', 'AKQ', 'AOM', 'AAB', 'ALX', 'ABQ', 'ABI', 'AJM', 'ABK', 'ABV', 'AJP', 'ABN', 'AJD', 'ABU', 'ACB', 'ACA']
['ACD', 'ACV', 'AAE', 'ANK', 'AMU', 'ALV', 'ADE', 'ADG', 'ACJ', 'ADI', 'AJX', 'ACK', 'ALF', 'ACE', 'AGA', 'ADC', 'ADA', 'ACY']
['ANS', 'AFD', 'ANY', 'AFC', 'AMK', 'ADX', 'AFJ', 'ALP', 'ADY', 'ANG', 'AKA', 'AER', 'AOF', 'AJE', 'AMD', 'AOI', 'AJN', 'AML', 'AJY']
