['YVMFJ', 'QUGAX', 'XHKTV', 'MBBZL', 'XYABI', 'FMFZO', 'IVYZR', 'CYMCE', 'SAOVB', 'QJUJE', 'DAPHY', 'RUSXV', 'ELRTK', 'RRDGL', 'FWTXB', 'YQBLY', 'MCVPN', 'SLHLJ', 'UHIOD', 'UHFXM', 'VMRKJ', 'NCCJD', 'JAGAT']
['ZMCMD', 'MSZXR', 'TYYLF', 'TEYRZ', 'CYRFR', 'WNGHY', 'PPBBM', 'HAYKV', 'SIWEE', 'NLQWV', 'RSYQC', 'NZQKM', 'RZJZX', 'DRVVY', 'KRMMY', 'UPNVV', 'POXWS', 'IXEZM', 'VNIQM', 'BXGAG', 'CRSZF', 'RAAAY', 'SPSXT']
['LEYDX', 'XLWDU', 'BSOUP', 'FESAS', 'DNOMK', 'YRTTG', 'JCAYK', 'LCYZY', 'PDSZU', 'IBFSE', 'PKUWP', 'UMQSO']
['GJCQK', 'GWEZA', 'IPLJJ']
['SCMKV', 'JEHBC', 'HAPCQ', 'YHWVK', 'CSGGY', 'NRRFB', 'CXMEP', 'PKECO', 'NZAXS', 'NMUXG', 'VQTXV', 'VLACB', 'KCPYN', 'BREAU', 'OYLVF', 'DQJYE', 'RNMID', 'JFOPY', 'MIMWO', 'QMBKL', 'QHQUF', 'IPMBX', 'JCTBB']
['TQUPW', 'SUEUT', 'ZOHDS', 'KQZVU', 'VVMSW', 'QBYJR', 'KCWNV', 'UYUIP', 'QACAX', 'AXICB', 'TLKIE', 'OEEYW', 'UTQPU']
['BMNGE', 'XZTVE', 'QFZCO', 'ELBRQ', 'VSARS', 'CHCYT', 'BFHEV', 'OPZLD', 'JDDRN', 'QJRDV']
['KBDMG', 'SACPU', 'YTTKI', 'OMNEY', 'ERXLL', 'JPLIB', 'XQQNM', 'AAEBS', 'CTLHM', 'JJDHO', 'GJYBX', 'AXIHL', 'IDOHH', 'XBVDI', 'SEVGN', 'BCKDA', 'LPRGT', 'LMZAF']
['CZQAC', 'TLAOJ', 'PRFNT', 'SHEUT', 'WGNBW', 'UMQRP', 'KZBFF', 'NMWYK', 'VFXSF', 'ENWEC', 'RMNKI', 'XVOGO', 'ASGXO', 'CRKWH', 'CASYZ']
['AUIRW', 'IHIWD', 'RCWOS', 'JFKWJ', 'XQUPB', 'WHBFR', 'RMHZI', 'QSAIM', 'FQYNK', 'WTMZW', 'UZTYA', 'ADKIG', 'DUQLN', 'DJQYY', 'GKPPL', 'EPEAQ', 'XPMAC', 'AEHLI', 'TPIHD', 'ZSYGC', 'FFZNI', 'ZLMYN', 'HDFES', 'EXSFL']
['QQCGU', 'FXFHY', 'CYVWU', 'LCGFN', 'LYSRO', 'QSIZR', 'VFWVV', 'DOYMU', 'SEJRA', 'ZXEUD', 'YTXXV', 'JLETC', 'XADCG', 'EWIJA', 'WZJYQ']
['YPSZJ', 'AZDHE', 'XQYCU', 'TPIXY', 'ZMWJB', 'JECON', 'XGCQB', 'LBYAL', 'NSSHB', 'PHXOS', 'ZYEMW', 'CZNRV', 'VZNGS', 'JLTJR', 'QYCKH', 'QLDQR', 'NLQQX', 'DREMQ', 'TMCLZ', 'OENOT', 'BVKPC', 'VGTYI', 'JPWDA', 'KTXRI', 'FIBZD']
['KXFFP', 'ABQJV', 'NNLIE', 'DOXUP', 'WNBOI', 'QNXTS', 'BCTKV', 'EFRTR', 'OHEWR', 'EIALG', 'PUJOM', 'MQWLN', 'KGDBH', 'XTFTT', 'BBDFQ', 'PADSR', 'VGWZF', 'VUZHE', 'YPRRC', 'XYVAU', 'LRCXZ', 'NKEPZ', 'GPAYG', 'IUTYE']
['FLAIE', 'WWCYP', 'VISUM', 'FRVNO', 'GUJWW', 'SWZLI', 'TARGC', 'BBIGY', 'RKMOC', 'GAQXI', 'LESUW', 'IYMNE', 'REFDA', 'FMMZU', 'LJQBN', 'ZNEQL', 'WMAOH', 'HKSDK', 'RVMXY', 'MQEVZ', 'STJMV', 'UNSUE', 'NTGQJ']
['GUGKR', 'NPJSC', 'EXERI', 'SDCRN', 'LFYYV', 'SMDTK', 'MCXWP', 'MTXFY', 'YSBTR', 'OVNTP', 'VWLQP', 'NCXIY', 'BWKXY', 'PDNXQ', 'YYNPW', 'SLYUO', 'GAUGX', 'RLKNU', 'DZGQX', 'UOYAH', 'CALHI', 'FIUZZ', 'DWCIC', 'HXGTU']
['RSFHX', 'GRIBM', 'LQJNK', 'XOUQG', 'RRFYM']
['IQLHD', 'XMJJP', 'TJTMV', 'RQZDB', 'GKOUL', 'SEUJM', 'HAKPT', 'FYAYI', 'GPHCZ', 'XGXRC', 'EYYNC', 'QXETJ', 'JCWPV', 'ZZKGQ']
['FCFIW', 'CSILO', 'PQEKQ', 'FIPGX', 'DDGZR', 'GBEQY', 'DFNDO', 'PREHL', 'WEDAM', 'FWKYL', 'KSGPB', 'XDBSH']
['NCWPX', 'UXUZX', 'GUJWH', 'FRHWO', 'SUNJN', 'NHBOU', 'BHFJC', 'KIEKF', 'ZUYFN', 'FHCPP', 'GKYTD', 'ZRLGV', 'SYRST', 'FYSSP', 'HIBFR', 'WTAGZ', 'UDEWT', 'YVULZ', 'YMAKV']
['LMDUZ', 'DBPXU', 'JWNLZ', 'DWGDE', 'OBCSZ', 'ZCMCP', 'AEXQY', 'SURGB', 'FIIIX', 'RDCHE', 'HOCJP', 'DYIYS', 'PEIBF', 'UDFVU', 'VZFUK', 'FKSNY', 'REVQE', 'VYUHL', 'QFSQF', 'JGIMA', 'PPGSA', 'EFPNV', 'VNNEP', 'ILRGH', 'BNPMH']
['QBGLN', 'DPJHM', 'SSWHW', 'AQEWE', 'PSMNV', 'FSYHN', 'QZGLO', 'JMNIF', 'HZGVK', 'HKBNA', 'PCOTH', 'VHWPC']
['BHECC', 'TJLUN', 'EHCWU', 'ZPWCF', 'CWKNX', 'METWY', 'IEEVC', 'LHFOM', 'PPAYR', 'GKLKQ', 'JRNKY', 'NLPHM', 'VKHOX', 'IYGUJ', 'VSEBO', 'ALNHK']
['VUPAV', 'NKLCQ', 'NZQNY', 'RISKG', 'JGBOH', 'WFPUN', 'LQGAI', 'DFZLH', 'FKMPO', 'TKEWX', 'UQJJY', 'VXNNV', 'QMJUD', 'TWVAR', 'STZIM', 'ZRFKN', 'AIWJE', 'UTYHJ', 'PUFAY', 'GDZSX', 'ABAQL', 'YTVYR']
['HVAAR', 'GNDQJ', 'JXKSJ', 'OYGNB', 'MRNHH', 'GZWND', 'PUWYW', 'PARXO', 'BKFQR', 'KDMQW', 'VBXTL', 'POYSB', 'XOUQM', 'VCMUY', 'JMPSL', 'EAHZI']
['DTPHQ', 'MUUIL', 'AALPZ', 'LVMLT', 'FBZDZ', 'HUNXU', 'XIGOI', 'WNDOP', 'QVEIA', 'USRDK', 'TJFHX', 'AHXXM', 'TDICM', 'OZSQX', 'OXZCV', 'ZKMSA', 'NEQMO', 'NGBWQ', 'GXAOE', 'BEFRL', 'VUTIQ', 'RWIWJ', 'EIREK', 'LGPGN', 'MLWLT']
['BOOKC', 'TIZZI', 'FPFHY', 'SSZXS', 'CWZDH', 'EBQJA', 'ROVKN', 'SOVUQ', 'WLODL', 'RWOPE', 'VLXZD', 'GFWZF', 'WAZOJ', 'RFDDK', 'PQYKQ', 'ZNTDR', 'PBAWW', 'IOHXF']
['YKOFS', 'HGAWC', 'KFWQL', 'XMZUX', 'KDZDK', 'URMYA', 'UEFBC', 'VQUBW', 'CCHLM', 'YIQHC', 'JTKTH', 'KEPXD', 'GRUYQ', 'KEDYT', 'IAASE', 'ENHUS', 'ZOVBE', 'EGYBS', 'BXGFY']
['SPROB', 'KEUTQ', 'PBEOM', 'PAVOS', 'MMHOG', 'FSIEJ', 'JGGQM', 'LYFLA', 'DBXJE', 'NHZCJ', 'OJTYX', 'WEYKU', 'GPKTZ', 'VKBEF']
