['479', '169', '396', '167', '392', '127', '411']
['429', '30', '306', '498', '445', '74', '480']
['213', '6', '120', '459', '151', '84', '204']
['332', '81', '452', '114', '197', '192', '338']
['68', '457', '73', '333', '112', '184']
['109', '446', '187', '188', '118', '402', '215']
['123', '113', '277', '443', '103', '173', '301']
['351']
['94', '315', '104', '403', '461', '162', '91']
['179', '441', '467', '456', '468', '10', '483']
['246', '292', '499', '211', '293', '20', '355']
['442', '420', '13', '222', '448', '23', '191']
['133', '234']
['297']
['295', '218', '61', '323', '221', '353', '174']
['201', '458', '134', '42', '239', '60', '339']
['256', '38', '473', '450', '283', '17', '195']
['100', '299', '4', '481', '387']
['37', '344', '128', '122', '426', '26', '55']
['276']
['410', '474', '92', '495', '386', '413', '72']
['348', '421', '302']
['223']
['172']
['308', '264', '70', '267', '373', '365', '80']
['196', '233', '465', '260', '417', '34', '342']
['50']
['146']
['472', '423', '150', '408', '111', '31']
['379', '27', '298', '418', '475', '454']
['307']
['244', '464']
['227']
['190', '238', '208', '389', '345', '83']
['237']
['19', '185', '337', '482', '304', '32']
['46', '478', '15', '328', '370', '101', '486']
['312', '199', '286']
['40', '142', '289', '336', '381', '137', '88']
['303', '368', '288', '217', '287', '376']
['371', '269', '183', '380']
['394', '431', '165']
['314', '78']
['235']
['71']
['175', '29', '225', '125', '248', '257', '58']
['406', '228', '240', '205']
['164', '346', '1', '181', '226', '160', '356']
['182', '275', '110', '318', '163', '469', '384']
['230', '311', '21', '136', '415', '157', '372']
['364', '367', '432', '291', '5', '390', '476']
['198', '51', '382', '45', '126', '8', '168']
['140', '300', '424', '54', '77']
['39', '285', '341', '193', '272', '224', '471']
['96']
['75']
['143', '108', '490', '116', '397', '220', '357']
['194', '41', '449', '153', '93', '148', '102']
['334', '358', '138', '430', '161', '176', '375']
['401', '385', '76', '16', '296', '28', '383']
['189']
['274', '67', '360', '419', '121', '87', '0']
['361', '35', '491', '252', '428', '159', '378']
['282', '90', '393', '65', '202', '412', '64']
['363']
['477', '320', '232', '398', '404', '284', '422']
['241', '492', '362', '343', '3', '98', '158']
['12', '170', '434', '56', '36', '249']
['57', '119', '347', '156', '131', '259', '330']
['141', '433', '86', '316', '366', '24', '335']
['497', '440', '262', '97', '327', '124']
['340']
['280']
['207', '117', '210', '214', '268', '59', '18']
['324', '395', '453', '493', '22', '135', '247']
['279', '281', '99', '460', '294', '14', '171']
['33', '352', '407', '270', '489', '349']
['325', '236', '145']
['9', '437', '261', '105', '488', '62', '438']
['266']
['2', '139', '82', '115', '290', '186', '154']
['258', '25', '265', '439', '416', '313', '273']
['399', '231', '451', '391', '129', '49', '455']
['132']
['52', '425', '377', '47', '254', '310', '63']
['388', '263', '43', '427', '79', '400', '203']
['326']
['484', '106', '69', '85', '487', '89', '243']
['463', '409', '251', '44', '147', '250', '66']
['494', '278', '178', '212', '447', '242', '405']
['144', '7', '317', '149']
['177', '206', '48', '95', '309']
['209', '245', '11', '305', '331', '180', '200']
['152', '496', '321', '322', '485', '369', '354']
['374']
['253', '436', '359', '329', '216', '444', '130']
['155', '466']
['350']
['470', '271', '462', '107', '435', '319']
['219', '166', '255', '414', '229', '53']
