['388', '431', '474']
['26', '227', '228', '229']
['202', '206', '422']
['113', '141', '142', '143', '145', '146', '147', '148', '149', '288', '381', '386']
['129', '402']
['4', '214', '404', '406', '407', '421', '425', '426', '427', '428', '429', '459']
['211', '213']
['121', '215', '216', '218', '219', '314', '351', '352', '371', '377', '378', '379', '409']
['222', '304', '401', '403', '405', '408']
['8', '71', '72', '280', '281', '282', '285', '287', '289']
['54', '57', '59', '171', '396', '441', '444', '447', '448', '449']
['372', '423', '435', '436', '437', '491']
['82', '88', '393', '442', '445', '446', '469', '499']
['165', '176']
['40', '43', '47', '75', '76', '78', '130', '160', '164', '168', '220', '223', '224', '225', '226', '260', '265', '330', '332', '390', '391', '395', '399', '430', '460', '465', '480', '486', '489']
['79', '96', '98']
['203', '392', '394', '397', '398']
['481', '482', '483', '484', '485', '487', '488']
['61', '62', '63', '69', '475']
['103', '240', '241', '242', '243', '244', '245', '246', '247', '248', '249', '259', '271', '272', '274', '275', '277', '278', '279', '353', '355', '356', '357', '358', '418']
['101', '152', '312', '316', '317', '319', '361', '364', '365', '366', '367', '368', '369']
['21', '27', '28', '29', '39', '73', '111', '334', '338', '339', '382', '473', '477']
['131', '134', '135', '136', '137']
['17', '128', '307', '309']
['232', '239', '302', '303', '305', '306', '308', '323']
['124', '125', '126', '127']
['173', '175', '192', '193', '194', '195', '196', '197', '291', '296', '492', '493', '494', '497', '498']
['93', '94', '95', '97', '99', '204', '362', '363']
['181', '182', '183', '185', '187', '188', '375', '376', '419']
['46', '74', '342', '344', '471']
['20', '32', '35', '36', '38', '122', '123', '144', '172', '174', '178', '179', '180', '238', '452', '453', '455', '457']
['52', '77', '161', '201', '205', '207', '208', '209', '212', '264', '267', '268']
['231', '233', '234', '236', '340', '341', '343', '345', '346', '348', '349', '413', '415', '472', '476', '478', '479']
['30', '60', '64', '66', '67', '68', '70', '80', '90', '100', '108', '110', '120', '140', '163', '210', '217', '230', '250', '261', '262', '266', '270', '290', '292', '294', '300', '301', '310', '320', '321', '326', '329', '360', '370', '380', '410', '420', '440', '470', '490', '495', '496']
['56', '81', '84', '85', '112', '114', '115', '116', '117', '118', '119', '132', '133', '139', '151', '154', '155', '156', '157', '162', '251', '252', '255', '256', '257', '462', '468']
['12', '13', '16', '311', '313', '315', '318']
['10', '19', '50', '53', '58', '65', '190', '200', '235', '237', '350', '354', '400', '424', '450']
['263', '293', '295', '297', '451', '454', '456', '458']
['461', '463', '464', '466', '467']
['221']
['138', '283', '284', '286']
['432', '433', '434', '438', '439']
['41', '42', '44', '45', '49', '153', '158', '159', '254', '347']
['276']
['269', '359', '443']
['0', '1', '2', '6', '7', '11', '14', '15', '18', '31', '33', '34', '37', '83', '86', '87', '89', '150', '170', '177']
['22', '23', '24', '25', '91', '92', '102', '104', '105', '106', '107', '109', '273', '298', '299', '322', '324', '325', '327', '328']
['253', '258']
['3', '5', '9']
['48', '166', '167', '169', '184', '186', '189', '191', '198', '199', '331', '333', '335', '336', '337', '374']
['51', '55', '373', '383', '384', '385', '387', '389', '411', '412', '414', '416', '417']
