['172', '174', '178', '180', '236', '238', '247', '249', '251']
['8', '103', '105', '107', '220', '222', '229', '231', '233']
['40', '111', '112', '113', '115', '117', '235', '237', '239', '243']
['55', '57', '59', '61', '63', '88', '90', '98', '132', '134']
['20', '161', '164', '166', '168', '170', '193', '195', '241']
['46', '48', '50', '51', '52', '53', '54', '176', '206', '267']
['2', '10', '12', '14', '16', '18', '80', '199', '205', '207']
['32', '38', '92', '94', '96', '253', '255', '257', '259', '261']
['28', '30', '34', '36', '125', '182', '184']
['135', '136', '138', '140', '142', '144', '204', '217', '225']
['22', '24', '26', '45', '127', '129', '131', '133', '245']
['64', '66', '68', '70', '100', '102', '104', '106', '108', '260']
['154', '156', '158', '160', '187', '189']
['120', '186', '188', '190', '192', '194', '196', '201', '203']
['1', '3', '7', '9', '119', '121', '123', '152', '219']
['47', '49', '65', '67', '69', '71', '208', '210', '214', '216']
['110', '118', '122', '124', '126', '141', '143', '254', '256', '258']
['79', '81', '226', '228', '230', '232', '234', '268']
['128', '130', '221', '223', '262', '264', '266', '270']
['11', '13', '15', '17', '83', '85', '87', '89', '213', '215']
['145', '151', '153', '181', '183', '185', '227']
['56', '58', '60', '62', '109', '162', '200', '202', '212']
['37', '39', '41', '42', '43', '44', '73', '75', '77', '269']
['19', '21', '23', '25', '27', '101', '179', '218', '240', '242']
['82', '84', '86', '114', '116', '147', '149']
['4', '6', '72', '137', '139', '244', '246', '248', '250', '252']
['91', '93', '95', '97', '99', '163', '165', '167', '169', '191']
['5', '29', '31', '33', '35', '171', '198', '263', '265']
['74', '76', '78', '197', '209', '211', '224']
['146', '148', '150', '155', '157', '159', '173', '175', '177']
