['112']
['16', '69', '165', '183', '203', '210', '211', '297', '299']
['43', '52', '62', '65', '86', '88', '108', '144', '163', '172', '251', '264', '282']
['1', '12', '13', '33', '51', '60', '70', '76', '91', '101', '116', '127', '169', '187', '188', '204', '207', '212', '220', '243', '280', '286', '291', '294', '300']
['2', '4', '71', '81', '100', '113', '123', '146', '153', '164', '178', '186', '191', '195', '202', '223', '237', '244']
['7', '32', '45', '56', '79', '85', '106', '111', '124', '125', '128', '145', '167', '168', '180', '184', '197', '214', '226', '233', '238', '245', '248', '256', '287']
['29', '59', '61', '97', '99', '103', '109', '114', '126', '131', '174', '181', '190', '194', '213', '229', '241', '246', '260', '261', '271', '274', '289']
['36', '48', '160', '218']
['38', '53', '57', '63', '72', '92', '110', '140', '149', '201', '224', '275', '281', '293']
['8', '20', '22', '37', '46', '47', '80', '90', '95', '120', '121', '129', '133', '134', '135', '141', '143', '157', '162', '173', '192', '208', '235', '268', '284']
['24', '68', '104', '118', '142', '166', '189', '206', '255']
['130', '152', '156', '236', '254', '298']
['18', '23', '30', '84', '94', '136', '175', '216', '269']
['10', '25', '50', '67', '82', '161', '176', '185', '193', '227', '230', '231', '262', '265', '296']
['3', '5', '66', '96', '98', '105', '115', '137', '139', '170', '200', '215', '270', '276']
['6', '14', '15', '17', '28', '31', '39', '41', '49', '55', '78', '87', '150', '177', '182', '196', '217', '221', '234', '240', '247', '252', '258', '273', '295']
['21', '58', '89', '107', '155', '179', '198', '253', '292']
['19', '35', '64', '73', '77', '102', '147', '148', '151', '154', '205', '232', '249', '267', '272', '277', '288']
['11', '27', '40', '93', '119', '122', '132', '158', '199', '209', '219', '239', '250', '263', '285']
['9', '26', '34', '42', '44', '54', '74', '75', '83', '117', '138', '159', '171', '222', '225', '228', '242', '257', '259', '266', '278', '279', '283', '290']
