['15', '18', '56', '98', '101', '130', '134', '144', '147', '170', '201', '202', '211', '212', '259', '298']
['9', '62', '66', '85', '104', '112', '114', '145', '182', '196', '216', '224', '232', '260', '261', '280', '291', '310']
['5', '22', '28', '41', '58', '77', '80', '116', '118', '133', '146', '158', '162', '186', '223', '278', '296']
['26', '35', '103', '163', '265', '281', '288']
['16', '38', '40', '55', '65', '109', '113', '128', '184', '193', '213', '251', '258', '270', '283']
['79', '96', '119', '156', '172', '178', '254', '267', '275', '305']
['2', '10', '17', '19', '29', '32', '61', '94', '95', '108', '115', '166', '188', '200', '257', '307', '309']
['21', '33', '57', '63', '71', '89', '124', '155', '176', '187', '189', '192', '241', '263', '273', '299', '311', '313']
['25', '30', '43', '72', '73', '121', '164', '169', '174', '250', '256', '266', '272', '274']
['27', '37', '86', '90', '105', '126', '136', '148', '153', '179', '190', '195', '198', '208', '243', '245', '255', '294']
['8', '53', '69', '88', '91', '111', '127', '197', '199', '210', '221', '237', '279', '282', '290', '295']
['23', '39', '120', '157', '204', '215', '286']
['3', '31', '34', '46', '67', '100', '106', '138', '139', '159', '160', '175', '209', '218', '225', '253', '271', '302']
['6', '102', '142', '154', '165', '231', '293']
['125', '207', '226', '249', '292']
['4', '48', '51', '78', '84', '123', '129', '131', '167', '168', '185', '236', '239', '297']
['1', '44', '49', '54', '59', '74', '137', '141', '150', '171', '181', '203', '222', '248', '300', '306']
['24', '82', '83', '92', '107', '151', '219', '228', '230', '233', '246', '269', '287', '301', '308']
['11', '36', '52', '75', '76', '81', '87', '97', '122', '132', '149', '177', '183', '191', '217', '285', '303']
['0', '13', '14', '20', '50', '68', '70', '99', '117', '140', '143', '206', '214', '234', '247', '252', '276', '289']
['60', '110', '152', '161', '220', '227', '235', '238', '240', '242', '244', '262', '264', '284']
['12', '45', '205', '277']
['7', '42', '47', '64', '93', '135', '173', '180', '194', '229', '268', '304', '312']
