['165', '117', '363', '331', '228', '108', '125', '68', '106', '65', '45', '142', '257', '194', '175', '211', '160', '50', '324', '195', '235', '190', '118', '24', '299', '90', '166', '338', '41', '271', '352', '136', '337']
['150']
['23', '269']
['170', '93', '70', '229', '277', '176', '89', '308', '82', '312', '268', '245', '246']
['286', '345', '30', '208', '2', '281', '135', '76', '188', '64', '358', '317', '244', '36', '104', '154', '332', '113', '80', '297', '289', '361', '91', '350', '134', '59', '169', '258', '306', '87', '178', '57', '329', '343', '110', '156', '186', '227', '362', '325', '216', '147', '129', '95', '240', '180', '126', '79', '303', '35', '100', '162', '81', '336', '273']
['255', '230', '179', '32', '226', '239', '283', '61', '196']
['159']
['200']
['172', '109', '78', '40']
['340', '201', '276', '314', '212', '252', '319', '272', '326', '21', '223', '209', '210', '20', '253', '342', '333', '77', '132', '148']
['38']
['360']
['351']
['33', '16', '48', '0', '267', '85', '296', '143', '15', '279', '254', '98', '282', '3', '251', '151', '256', '355', '322', '301', '99', '197', '328', '330', '149', '259', '55', '121', '249', '232', '25', '27', '52', '185', '307', '53', '10', '153', '44', '37', '248', '202', '28', '26', '103', '346', '290', '168', '348', '261', '124', '275', '206', '4', '311']
['274', '192', '46', '270', '119', '94', '164']
['5']
['341', '278', '92', '140', '193', '130', '265', '49', '12', '295', '300', '234', '203', '321', '97', '131', '243', '141', '215', '315', '199', '66', '298', '123', '1', '174', '58', '181', '305', '327', '6', '60', '214', '198', '293', '157', '56', '335', '316', '158']
['114', '18', '344', '116', '284', '22', '183', '137', '292', '224', '304', '354', '207', '177', '72', '11', '63', '96', '139', '7', '43', '237', '247', '128', '187', '86', '184', '219', '138', '339', '182', '167', '74', '133', '152', '291', '47', '115', '294', '353', '111', '242', '217', '75', '218', '83', '62', '221', '220', '163', '88', '205', '9', '191', '34']
['73']
['144', '264', '39', '260', '225']
['266']
['288']
['112']
['17', '13', '107', '213', '357', '122', '31', '19', '222', '8', '84', '51', '356', '334', '101', '105', '241', '250', '173', '127', '146', '71', '233', '189', '320', '302', '69', '238', '120', '313', '145', '263', '171', '14', '262', '349', '54', '155', '231', '67', '285', '29', '323', '102', '236', '204', '318', '280', '359', '42', '309', '287', '310', '347', '161']
