['aam', 'aeb', 'agf', 'amp', 'aoi']
['ano']
['afk']
['abd']
['aav', 'abn', 'abw', 'abx', 'adv', 'aec', 'aek', 'afb', 'agx', 'ahp', 'ahq', 'ahu', 'aii', 'akd', 'akg', 'aki', 'aks', 'alh', 'amm', 'anq', 'aor', 'apd', 'aru', 'asb', 'asf', 'asn', 'atc']
['apw']
['acy', 'adb', 'add', 'adt', 'adu', 'aee', 'aej', 'aen', 'afd', 'afs', 'agi', 'ahc', 'ahm', 'aij', 'ait', 'akc', 'akk', 'alk', 'als', 'amj', 'aml', 'anc', 'anm', 'anz', 'aoe', 'aol', 'apc', 'apq', 'aps', 'apu', 'apv', 'aqc', 'aqj', 'aqm', 'aqv', 'arq', 'asl', 'ass']
['afu']
['aal', 'abj', 'abo', 'abq', 'abu', 'acm', 'adj', 'adm', 'adn', 'adw', 'adx', 'aea', 'afz', 'agb', 'agd', 'agr', 'agy', 'aix', 'ajc', 'ajm', 'ajt', 'aln', 'amb', 'amr', 'amu', 'anb', 'and', 'aob', 'aod', 'aon', 'apf', 'apt', 'aqs', 'arb', 'arc', 'arh', 'ars', 'ast']
['abt', 'aby', 'ach', 'adg', 'ado', 'aei', 'aep', 'aev', 'aez', 'afi', 'agc', 'agk', 'ahb', 'ahd', 'aho', 'aiq', 'ajj', 'ajo', 'ajs', 'aju', 'akq', 'alw', 'alx', 'ani', 'anj', 'aoo', 'aoz', 'apk', 'aqo', 'aqp', 'aqt', 'arp', 'arr', 'ary', 'asa', 'asd', 'asq', 'asz']
['akx']
['any']
['abc']
['aaa', 'aar', 'abp', 'acq', 'acx', 'aes', 'afj', 'afn', 'agw', 'ahj', 'ahr', 'aht', 'ahy', 'aib', 'aie', 'aim', 'aip', 'ajg', 'ajl', 'ajw', 'akj', 'akr', 'alz', 'ams', 'ank', 'anl', 'aoa', 'aog', 'aoq', 'aox', 'apl', 'app', 'aqi', 'arj', 'ark', 'arw', 'ata', 'atf']
['afc']
['arn']
['apx']
['aak', 'aaz', 'aba', 'abb', 'abf', 'abg', 'abk', 'acd', 'ace', 'acv', 'acw', 'acz', 'ada', 'adf', 'adi', 'adk', 'ago', 'ahs', 'aic', 'aif', 'ail', 'aiw', 'ajx', 'akl', 'alp', 'alu', 'ame', 'amf', 'anp', 'anw', 'aov', 'apg', 'aqe', 'aqg', 'aqn', 'aqz', 'asr', 'ate']
['anh']
['ard']
['acr']
['atb']
['aab', 'aac', 'aai', 'aap', 'aaw', 'acg', 'acp', 'adz', 'afl', 'afm', 'afo', 'agg', 'ahv', 'aia', 'aio', 'air', 'ajv', 'aky', 'ald', 'alg', 'alr', 'amc', 'amh', 'ang', 'anv', 'ape', 'apj', 'apz', 'aqh', 'aqq', 'aqx', 'arf', 'arx', 'ash', 'ask', 'asp', 'asv', 'asy']
['asx']
['ahh']
['aaq']
['agp']
['arz']
['aad', 'aat', 'aax', 'abi', 'aci', 'acl', 'adl', 'adp', 'afa', 'afh', 'afx', 'agh', 'agq', 'ahe', 'ahg', 'aiv', 'aiy', 'alo', 'alq', 'alt', 'alv', 'aly', 'amd', 'amg', 'amk', 'amn', 'amq', 'amw', 'amz', 'ana', 'ane', 'aom', 'aot', 'aou', 'aqk', 'ara', 'arl', 'asj']
['aaf', 'aan', 'acu', 'aha', 'ahf', 'ahx', 'ain', 'aje', 'aoy', 'aqa', 'aqf', 'aqw', 'arm']
['ajd']
['aas']
['aey']
['ajk']
['alc']
['aku']
['ael']
['aag', 'abl', 'abv', 'aca', 'acb', 'acc', 'acn', 'acs', 'adc', 'adh', 'aef', 'aeh', 'afp', 'afv', 'afw', 'afy', 'agn', 'aiu', 'aiz', 'ajr', 'akb', 'akh', 'akn', 'ako', 'alj', 'all', 'ami', 'anu', 'aoc', 'aof', 'aop', 'aow', 'apm', 'apo', 'arg', 'aro', 'ase', 'aso']
['aah', 'abz', 'acj', 'ack', 'adq', 'ads', 'aem', 'aet', 'aeu', 'aex', 'afg', 'afr', 'agj', 'agm', 'agu', 'ahi', 'ahk', 'ahn', 'ahw', 'aik', 'aja', 'ajz', 'akp', 'alf', 'amo', 'amt', 'anr', 'ant', 'anx', 'aos', 'apn', 'apr', 'aqr', 'ari', 'arv', 'asm', 'asu', 'atd']
['aoj']
['aoh']
['aeo', 'ajh']
['aaj', 'aao', 'abh', 'abm', 'acf', 'act', 'adr', 'ady', 'aed', 'aeq', 'aew', 'afe', 'aff', 'aft', 'agl', 'agt', 'agz', 'ahl', 'ahz', 'ais', 'ajb', 'ajq', 'ake', 'akv', 'akw', 'ali', 'ama', 'amv', 'amy', 'ann', 'apb', 'api', 'apy', 'aqu', 'are', 'art', 'asg', 'asw']
['aer']
['aae', 'aau', 'aay', 'abe', 'abs', 'aco', 'ade', 'aeg', 'afq', 'aga', 'age', 'ags', 'agv', 'aid', 'aig', 'aih', 'ajf', 'aji', 'ajn', 'ajy', 'aka', 'akf', 'akm', 'akz', 'ala', 'alb', 'ale', 'alm', 'anf', 'ans', 'aok', 'apa', 'aph', 'aqb', 'aqd', 'aqy', 'asc', 'asi']
['abr']
['akt']
['ajp']
['amx']
['aql']
