['140']
['188']
['95', '122']
['181', '217']
['49', '65', '187', '262', '269']
['132']
['59', '159', '233']
['210']
['120']
['129']
['174']
['42']
['165']
['35', '61', '73', '123', '175', '202', '230']
['91']
['12', '30', '248']
['148', '264']
['46']
['117']
['157']
['16', '133', '158', '240', '268']
['9', '51', '55', '102', '113', '162', '191', '214']
['57', '101', '106', '150', '199', '261']
['11']
['121']
['154', '186', '232']
['8', '17', '20', '23', '27', '34', '58', '69', '125', '168']
['87']
['31', '86', '93', '139', '189', '224', '236', '249']
['66', '80', '97', '104']
['124']
['96', '110']
['204']
['1', '26', '33', '118', '127', '180', '194', '225', '258', '260']
['151']
['64', '237']
['169']
['37', '74', '108', '131', '136', '149', '176', '193', '239', '242']
['44', '67', '79', '103', '107', '115', '208', '218', '234', '254']
['266']
['145', '172', '211']
['227']
['205']
['84']
['14', '19', '134', '156', '161', '163', '171', '178', '182']
['85']
['54', '75', '92', '200', '253', '255', '259']
['39']
['2', '10', '22', '24', '29', '78', '219', '256']
['206']
['40', '45', '82', '94', '111', '170', '195', '235']
['263']
['38', '56', '81', '89', '100', '164', '185', '198', '226', '229']
['68']
['6', '18', '21', '25', '60', '105', '128', '257']
['167']
['196']
['5', '48', '53', '83', '88', '166', '213', '238', '243', '244']
['246']
['3', '137', '192', '207', '221']
['184', '265']
['99', '212']
['52']
['71']
['63', '109', '135', '138', '173', '183', '216', '241', '250']
['43']
['143']
['50', '62', '70', '112', '160', '197', '247', '267']
['4', '32', '114', '126', '146', '147', '153', '222', '223']
['142']
['203']
['152']
['28', '76', '201']
['36']
['13', '15', '116', '141', '144', '228']
['90']
['0', '7', '47', '119', '179', '190', '245', '251', '252']
['41', '72', '98', '209']
['177', '215', '220', '231']
['155']
['77', '130']
