['187']
['154']
['14']
['137']
['161']
['213']
['189']
['223']
['26']
['46']
['17']
['31']
['79', '228', '45', '212', '206', '159', '18', '226', '80', '23', '152', '50', '126', '237', '215', '1', '68', '224', '30', '186', '158', '231', '190', '29', '118', '65', '204', '99', '119', '71', '242', '117', '22', '198', '143']
['38']
['127']
['69']
['203']
['147']
['244']
['220']
['86']
['37']
['139']
['230']
['92']
['173']
['59']
['193']
['140']
['40']
['36']
['135']
['4']
['121']
['24']
['188']
['243']
['232']
['103']
['28']
['54']
['88']
['15']
['57', '218']
['196']
['66']
['131']
['98']
['191']
['27']
['151']
['170']
['142']
['144']
['179']
['112']
['240']
['171']
['222']
['16']
['195']
['177']
['41']
['227']
['51']
['111']
['8']
['201']
['10', '221', '58', '3', '73', '184', '219', '238', '178', '246', '82', '200', '49', '101', '174', '241', '211', '202', '19', '105', '176', '149', '122', '163', '182', '157', '141', '148', '124', '93', '125', '153', '136', '95', '197']
['145']
['134']
['61']
['235']
['209']
['91']
['9']
['7']
['116']
['217']
['81']
['6']
['248']
['132']
['84']
['12']
['168']
['172']
['138']
['2']
['43']
['85']
['120', '164', '175', '62', '109', '44', '70', '166', '94', '128', '33', '47', '74', '185', '216', '146']
['0']
['123']
['130']
['60', '236']
['39']
['100']
['110']
['11']
['115']
['55']
['155']
['63']
['113']
['233']
['56']
['108']
['72']
['75']
['234']
['83']
['245', '150', '249', '156', '247', '21']
['104']
['87']
['77']
['52']
['133']
['129']
['239']
['194', '67', '205', '90', '160', '13', '106', '48', '34', '181', '89', '214', '42', '25', '225', '35', '53', '208', '169', '229', '20', '180', '207', '5', '96', '199', '165', '64', '78', '97', '192', '210', '162', '107', '102']
['76']
['167']
['183']
['32']
['114']
