['382lol']
['97lol']
['359lol']
['287lol']
['239lol']
['324lol']
['384lol']
['266lol']
['471lol']
['28lol']
['304lol', '204lol', '150lol', '336lol', '70lol', '334lol', '282lol', '417lol', '308lol', '348lol', '71lol']
['476lol']
['269lol']
['52lol']
['90lol']
['344lol', '93lol', '302lol', '402lol', '256lol', '474lol', '392lol', '206lol', '27lol', '23lol', '307lol', '189lol', '444lol', '21lol', '124lol', '356lol', '107lol', '473lol', '32lol', '441lol', '488lol', '288lol', '8lol', '75lol', '293lol', '367lol', '271lol', '487lol', '217lol', '435lol', '393lol', '452lol', '342lol', '458lol', '119lol', '260lol', '418lol', '419lol', '374lol', '192lol', '318lol', '11lol', '273lol', '135lol']
['285lol']
['468lol', '53lol']
['327lol']
['190lol']
['350lol']
['319lol', '113lol', '251lol', '40lol', '215lol', '372lol', '472lol', '155lol', '479lol', '184lol', '58lol', '194lol', '436lol', '153lol', '412lol', '314lol', '181lol', '80lol', '236lol', '371lol', '77lol', '295lol', '353lol', '125lol', '202lol', '117lol', '299lol', '399lol', '173lol', '179lol', '462lol', '182lol']
['0lol']
['414lol']
['157lol']
['20lol']
['17lol']
['35lol']
['83lol']
['104lol']
['142lol']
['261lol']
['198lol']
['413lol', '100lol', '38lol', '446lol', '373lol', '341lol', '199lol', '416lol', '143lol', '174lol', '64lol', '66lol', '187lol', '338lol', '209lol', '300lol', '422lol', '497lol', '210lol', '469lol', '154lol', '36lol', '207lol', '294lol', '357lol', '212lol', '103lol', '240lol', '249lol', '29lol', '152lol', '398lol', '298lol', '41lol', '301lol', '109lol', '99lol', '211lol', '4lol', '361lol', '411lol', '237lol', '426lol', '320lol', '193lol', '498lol', '74lol', '205lol', '7lol', '313lol', '381lol', '317lol', '322lol', '434lol', '63lol', '222lol', '272lol', '428lol', '491lol', '106lol', '358lol', '56lol', '383lol', '147lol', '425lol', '347lol', '278lol', '346lol', '9lol', '464lol', '220lol', '401lol', '170lol', '289lol', '172lol', '183lol', '410lol', '377lol', '2lol', '409lol', '396lol', '176lol', '330lol', '65lol', '110lol', '242lol', '481lol', '226lol', '405lol', '433lol', '166lol', '312lol', '445lol', '375lol', '128lol', '369lol', '310lol', '395lol', '430lol', '24lol', '178lol', '3lol', '186lol', '44lol', '362lol', '321lol', '316lol', '400lol', '233lol', '200lol', '121lol', '459lol', '325lol', '466lol', '378lol', '73lol', '364lol', '60lol', '171lol', '98lol', '86lol', '61lol', '214lol', '244lol', '360lol', '123lol', '219lol', '191lol', '429lol', '120lol', '440lol', '496lol', '118lol', '88lol', '388lol', '159lol', '456lol', '26lol', '67lol']
['447lol']
['467lol']
['331lol']
['431lol', '274lol', '255lol', '224lol', '148lol', '162lol', '335lol', '22lol', '475lol', '403lol', '391lol', '309lol', '386lol', '306lol']
['218lol']
['339lol']
['144lol']
['12lol']
['208lol']
['92lol']
['328lol']
['39lol']
['129lol']
['126lol']
['108lol']
['390lol']
['78lol']
['156lol']
['276lol']
['297lol']
['376lol']
['329lol']
['404lol']
['489lol']
['201lol']
['85lol']
['221lol']
['262lol']
['6lol']
['82lol']
['68lol']
['275lol']
['216lol']
['69lol', '492lol', '291lol', '234lol', '49lol', '160lol', '72lol', '270lol', '253lol', '349lol', '105lol', '442lol', '345lol', '231lol', '305lol', '460lol', '165lol', '5lol', '248lol', '326lol', '438lol', '465lol', '140lol', '449lol', '355lol', '480lol', '451lol', '257lol', '57lol', '439lol', '223lol', '164lol', '490lol', '333lol', '227lol', '454lol', '96lol', '263lol', '122lol', '385lol', '415lol', '197lol', '101lol', '268lol', '258lol', '91lol', '483lol', '161lol', '139lol', '247lol', '354lol', '54lol', '94lol', '115lol', '163lol', '133lol', '406lol', '177lol', '55lol', '145lol', '62lol', '79lol', '146lol', '277lol', '81lol', '169lol', '45lol', '495lol', '267lol', '14lol', '228lol', '407lol', '180lol', '323lol', '457lol', '461lol', '102lol', '111lol', '432lol', '235lol', '230lol', '229lol', '15lol', '265lol', '477lol', '427lol', '259lol', '315lol', '283lol', '443lol', '19lol', '33lol', '238lol']
['43lol']
['280lol']
['87lol']
['340lol', '343lol', '311lol']
['130lol']
['292lol']
['437lol', '141lol']
['185lol']
['421lol']
['213lol']
['1lol', '168lol']
['450lol']
['387lol']
['366lol']
['332lol']
['365lol']
['453lol']
['408lol']
['420lol']
['34lol']
['131lol', '470lol', '51lol']
['368lol']
['486lol']
['232lol']
['494lol']
['455lol', '281lol', '225lol', '352lol', '37lol', '89lol', '337lol', '134lol', '448lol', '167lol', '196lol', '95lol', '499lol', '149lol', '296lol', '151lol', '10lol']
['48lol']
['25lol']
['188lol']
['76lol']
['363lol']
['47lol']
['286lol']
['195lol']
['127lol']
['389lol']
['254lol']
['290lol', '42lol', '279lol', '250lol', '30lol', '112lol', '137lol', '116lol', '203lol', '397lol', '18lol', '138lol', '380lol', '424lol', '50lol', '16lol', '379lol', '493lol', '31lol', '59lol', '284lol', '158lol', '264lol', '423lol', '484lol', '132lol', '114lol', '136lol', '463lol', '351lol', '13lol', '241lol', '246lol', '175lol', '252lol', '243lol', '478lol', '84lol', '303lol', '245lol', '482lol', '46lol', '485lol', '394lol', '370lol']
