['125', '329', '244', '428']
['211', '231', '70', '64', '169', '213', '232', '483', '266', '155', '98', '438', '249']
['166', '238', '482', '141', '76', '395', '8', '174']
['139', '255']
['227', '108']
['376', '263', '500', '495']
['462', '156', '327', '117']
['421', '90', '330', '234', '443']
['484', '271', '261', '478']
['24', '459', '56', '360', '361']
['91', '196', '257', '225', '119', '30', '453', '341', '133', '399', '127', '496', '343', '153', '259']
['371', '236', '456']
['179', '109', '445']
['79', '366', '137', '359', '242', '293', '393', '454', '285', '320', '134', '35', '201']
['427', '55', '3', '186', '86', '52', '180', '210']
['331', '407']
['463', '237', '107', '435', '316']
['34', '2', '312', '325', '372']
['470', '402', '270']
['397', '152', '27']
['287']
['144', '274', '50', '295', '309', '25', '340', '406']
['72', '247', '208', '275', '33']
['245', '243', '472']
['262', '32', '41', '390', '181', '146']
['39']
['140', '351', '49', '394', '379']
['491', '345', '475', '42', '116', '298', '103', '334', '218', '95', '60', '221', '384']
['12']
['411', '487', '303', '281', '373', '365', '235', '362', '183', '490', '355', '388', '184', '412', '439']
['26', '120']
['197', '111']
['165']
['364']
['367', '191', '477', '48', '280', '302']
['161', '97']
['381', '135', '228', '337']
['342', '78']
['354', '313']
['288', '15', '410', '233', '58', '138', '344', '23', '224', '260', '126', '386', '44']
['92', '385', '61', '102', '282', '403']
['115', '164', '207', '75', '19', '408', '40', '420', '188']
['434', '426', '328', '229', '175']
['480', '63', '479', '130', '214', '88', '436', '83', '222']
['14', '170', '382', '493', '241', '277', '305', '94', '448']
['450', '22', '401']
['494', '469', '335']
['73', '65', '194', '82', '404', '159', '460']
['405', '74', '59', '38', '230', '457', '347']
['283']
['468', '104', '294', '486', '84', '353', '368']
['437', '499', '319', '193', '199']
['461', '81', '336', '206', '28', '476', '492', '62', '128', '157', '276', '333', '80', '46', '278']
['192', '132', '269', '187', '150', '154', '110', '223', '147', '11', '253', '17', '265']
['4', '307', '172', '21', '464', '417', '349', '250', '96', '57', '321']
['99', '37']
['173']
['106', '284']
['370', '256', '369', '160', '455', '205', '326', '317', '239', '442']
['383', '151']
['118', '112', '429']
['375', '389', '424', '217', '332', '481', '350', '446', '51']
['31']
['13', '198', '268', '67', '148', '292', '122', '498', '378', '53', '471', '380', '66', '190', '16', '348', '466', '29', '77']
['356', '105']
['310']
['113', '413', '69']
['6', '304', '203']
['290']
['291']
['358', '458', '398', '299', '54', '149', '240']
['195', '89']
['339', '267']
['171']
['100', '415', '409', '246', '264']
['251', '20', '212']
['474']
['85', '47', '301']
['93', '346', '71']
['7', '473', '5', '124', '430', '308', '377', '489', '129', '447', '497', '177', '433', '425']
['68']
['185', '158', '387', '418', '1', '272', '416', '18']
['338', '142', '357', '314', '36', '258', '441', '176', '168', '45', '423']
['252']
['220', '209', '432', '87', '467', '204', '200', '465']
['400', '352']
['444', '216']
['163', '189', '123', '323']
['324', '422', '485', '121', '289', '286', '392', '419']
['363', '162', '306']
['431', '136', '296']
['101', '315', '167', '178', '452', '300']
['182', '488', '9', '414', '254', '318']
['391', '273', '43', '440', '143', '226', '451', '202']
['311']
['10', '131', '449']
['219', '396', '248', '145', '215']
['322', '374']
['114', '297']
['279']
