['0', '9', '10', '61', '70', '82', '90', '95', '110', '128', '183', '214', '232', '246', '271']
['44', '49', '56', '73', '132', '136', '138', '143', '197', '202', '219', '226', '250', '273', '294']
['12', '15', '17', '23', '37', '66', '78', '125', '160', '171', '229', '231', '236', '256', '298']
['19', '32', '38', '46', '55', '67', '79', '93', '99', '104', '116', '142', '151', '166', '280']
['155']
['2', '26', '36', '63', '97', '102', '159', '195', '196', '201', '241', '242', '278', '282', '286']
['4', '14', '39', '58', '64', '87', '98', '181', '194', '228', '240', '243', '248', '252', '258']
['8', '11', '59', '68', '117', '123', '127', '131', '152', '161', '227', '230', '235', '257', '268']
['179']
['71']
['54']
['18', '33', '42', '84', '88', '94', '108', '111', '119', '137', '139', '204', '209', '221', '264']
['141']
['5', '41', '60', '77', '91', '100', '113', '133', '144', '206', '207', '216', '224', '276', '288']
['24', '30', '35', '83', '112', '124', '145', '147', '192', '213', '223', '261', '270', '287', '291']
['13', '45', '52', '65', '76', '85', '122', '170', '173', '178', '182', '238', '267', '290', '292']
['21']
['103', '153']
['16', '25', '40', '69', '80', '105', '114', '118', '185', '211', '220', '225', '281', '284', '296']
['165']
['285']
['1', '28', '74', '154', '157', '167', '188', '193', '198', '234', '251', '253', '266', '295', '297']
['3', '22', '31', '57', '62', '146', '149', '158', '177', '190', '191', '200', '205', '255', '299']
['29', '48', '81', '89', '96', '101', '115', '130', '134', '156', '168', '187', '217', '275', '279']
['7', '47', '50', '51', '106', '121', '126', '129', '135', '163', '184', '199', '237', '254', '262']
['34', '43', '53', '86', '120', '169', '175', '176', '180', '212', '222', '247', '272', '283']
['6', '20', '148', '189', '239']
['27', '107', '140', '150', '162', '164', '218', '244', '245', '249', '263', '265', '269', '277', '293']
['72', '75', '109', '172', '174', '186', '203', '208', '210', '215', '233', '259', '260', '274', '289']
['92']
