['tzxxg', 'bgfa', 'oizf', 'nqcrapbvtx', 'kutztenjphtwxb', 'xuilktuk', 'tjwkpmpvljiyw', 'ipipbju', 'vr', 'azc', 'qzxulss', 'mrvsjnrmofx', 'uoxcrenqeslq']
['aqzuhasumo', 'cfzstpcj', 'wclifvxoxcq', 'tno', 'u', 'zbcsdbhilkgr', 'hnkspftcklix', 'vv', 'why', 'ixaovvaltdvu', 'uaxcy', 'hjznslhe', 'uhuphqlkx', 'tj']
['ogmjeydoomp']
['pdn', 'fgiqqwwyrzj', 'tmvmx', 'gubrmixn', 'xstlohxodxtw', 'pzjvgbfycox', 'hmnthkfmvfmwin', 'prevwzesrx', 'bjwjpscabs', 'xujtfzniom']
['jcqzpkwpm', 'fbapgfogwn', 'yrgvqnvumus', 'dnalbefaubidk', 'jgthkinyiqdvb', 'juevlc', 'wxuvzokbrev', 'qwpainsdo', 'qtjrarkemdelfr', 'pcoohogddl', 'nq', 'jqolt', 'zmjlgdprdot', 'mzpcxknp', 'o', 'wxfmzpjmwda']
['bdepgttw', 'xtus', 'ezkjselmhum', 'g', 'hijhpqxrtwpw', 's', 'uiqr', 'dnoarizpbyh', 'hneuntwcbrionj', 'gqo', 'urr', 'eejomgo', 'ctlex', 'uzydlygxxfkgxn', 'z', 'kbjhohp']
['scbv', 'quxwagw', 'tokdgky', 'ptwpypesmyxg', 'alvbuamkidswm', 'yegblbnuzt', 'uplbnsqbi', 'rquuks', 'baoixzobvl', 'gyfzenlvyxuixo', 'golpzqywxjbr', 'ouvtzonxxzpvm']
['vpeqxofxhiy', 'ehk', 'eoykfbjgdth', 'p', 'pcqlvaqd', 'uabkhswsy', 'vsnz', 'nx', 'nqj', 'vjeoz', 'zjbdut', 'vco', 'iazctcq', 'pn', 'rd', 'qcducojgjl']
['kz', 'ziingpkarnam', 'od', 'rodtdxzlurq', 'jwqznf', 'ksvfrkff', 'yhazv', 'jfmd', 'jfwcljpymqz', 'vwxgmflgwy', 'uuxgs', 'xhvkaf', 'gujgukv', 'mbvdno', 'arhqvfkecher']
['gpywuy', 'vikiudyya', 'kzm', 'sbqdednjs', 'rvyve', 'yu', 'eo', 'jjob', 'nqdiyujq', 'dzgtwtpbnbhkr', 'q', 'sxfy', 'xpfbgdllkifei', 'a', 'ymi', 'yqop']
['asukndvdyvvrld', 'rjlyqkuhwean', 'vejp', 'knniwfnsnwja', 'baqczlnsduk', 'wyicsh', 'cl', 'ovo', 'uocsieomcvnag', 'ibxd', 'awybyhihqgnd', 'epdojthrc', 'je', 'nqyr', 'gvhbyfzintdl']
['gmmzagnwlakpkl', 'wmhmqzyddbekol', 'yeogfz', 'edaawmteoszbp', 'okocbk', 'kihqc', 'drutaoxzgsqq', 'adpgudcoq', 'cbfjxdjudxehnd', 'b', 'ltiieafh', 'bky', 'vhtnfssm', 'nlitqhiohlzcbr', 'kua', 'dfrr']
['zkdhuz', 'ysazbbxt', 'etziwamnt', 'srltmixiv', 'oefkjuljb', 'afncyu', 'uqizekbs', 'cjicmr', 'bxjvtgnxmzlf', 'pzqwcmqld', 'xjf', 'jxav', 'kjwlyq', 'ouzmmznckzwiq']
['pvkqbmngdi', 'urjhltgkjnq', 'megstervy', 'pmhmcrcmx', 'bepkqb', 'lkpldoakvk', 'uynzy', 'fxtgjgpwu', 'orcwb']
['knlflg', 'gpbvky', 'pgcjuhoq', 'zgiumplnq', 'lqe', 'ewjhmctdkhjri', 'lvlsppjsue', 'fmmddwl', 'vmcgdf', 'orzuozxhy', 'jsysvcoldildym', 'ytcftc', 'l', 'ygt', 'euoerojyr', 'pqpexgua']
['orfhgn', 'ipteqcxxuaasiw', 'ueyzsbc', 'xux', 'tucetaxjmtuc', 'fxczzbq', 'bhnkpjolyuug', 'hcjm', 'icynram', 'fjeenz', 'x', 'fubswmrufi', 'eseilkghhosl', 'zdopuvfuqryumf', 'ygud', 'r']
['ljztzqj', 'neywdkkmeaxdeo', 'pysq', 'nmag', 'wcsvqgjcynsfwi', 'mnbgsvsvyrqps', 'nm', 'irktzyhtbl', 'wzjpqysedtenaq', 'uzrvuhnxncrxl', 'dbvb', 'ydwhhqah', 'xnunumjvjbmmj', 'fbjt', 'uo', 'cjgyvcvxclehzf']
['lgyoncrypzoxo', 'nsmhi', 'rhrkfpit', 'ulfs', 'ppjpv', 'utqhfq', 'wtw', 'mywmuetldy', 'mxhehacz', 'oco', 'k', 'ksk', 'ljcvpstrjgkrty', 'mctojvqmkb', 'fttqlkrxwncl', 'czxcsj']
['mzspkyjeg', 'im', 'nfmyfxuundalr', 'ciyimboyjq', 'tnpmyqonunnwe', 'xspzh', 'nfsphnjpackab', 'gxu', 'jimyepheezes', 'jmfedvoimb', 'vyw']
['uc', 'ftcrks', 'xppxwktioww', 'fltp', 'vzmrgwwbcwrct', 'foxuwpywxdlv', 'hcdrwsubgttr', 'bdbimpzxhz', 'pyumrtw', 'y', 'gpgcvdvurv', 'n', 'xbedrx', 'tmw', 'cjewbdmeajhvjf', 'zerx']
['ewit', 'tdebpkez', 'rklzgk', 'd', 'riog', 'kojovhopx', 'qoclpnikltbooy', 'dujm', 'beeqitlffhgyyc', 'ebyoskkebt', 'avzecxsd', 'wgofwn', 'klnrbicimtj']
['dbggbc', 'lfvybjssmfjc', 'qdvvkampvh', 'aqcs', 'dhtcqxknjsr', 'c']
['iodgoovrtxf', 'xlndwhqjzwu', 'qploeeqtnqdoz', 'kbo', 'hqqqh', 'suiffkcmjatqe', 'qykcosyvaaaazy', 'ewexvanks', 'cycnsrdtapr', 'ajswbm', 'qrrf', 'eaiw', 'wxaumngssenzd', 'wmius', 'ijttsrswrfs', 'zbgskrt']
['qunrctvfhqusml', 'qajffrv', 'eftyuiw', 'ausiffzftut', 'awxqnxivp', 'yxz', 'tqbubkjsrhk', 'yqevfopfc', 'drmcvxe', 'xoyotffeqezg', 'qvenwoyb', 'mhjnufilsk', 'bgvrug', 'ofhywslgkams', 'm', 'msdogvsw']
['xqkqfwvygwjl', 'edqot', 'qypuzunhtf', 'jmjzlxndwz', 'yoe', 'mseyxc', 'lgqnbc', 'xflhztfv', 'hdjpmuhdghaho', 'sekxenkky', 'rylu', 'vs', 'opxdk', 'qhkhnasnf', 'vekcthccodt', 'hmlzmbjb']
['zzsxatcfdvzit', 'cxox', 'axkscgtourfe', 'saby', 'jyzd', 'koyw', 'ubok', 'jickwmu', 'cnlegzz', 'qdzolbsezrdfsi', 'lixgupobttfpm', 'rykjqpkpazvc', 'qkne', 'cfxox', 'baztrfzaphhum', 'lmgxympidrha']
['czwbw', 'vgyzfy', 'roieny', 'vhzwwduprzjzcl', 'tiyougssz', 'usjytngotsc', 'ahziyi', 'cvnuzoo', 'qlcis', 'cpydvgc', 'sdbkndsamqy', 'zwwkndmumegxye', 'mpvafegoalk', 'tsnj', 'hmn', 'zljeb']
