['3', '9', '99', '101', '107', '120', '167', '233', '260', '284', '310', '319', '322', '325', '361', '371', '389', '460', '462', '498']
['224']
['51', '69', '123', '134', '213', '258', '272', '273', '281', '304', '383', '399', '412', '447', '479', '481']
['2', '87', '100', '108', '128', '184', '306', '345', '373', '392', '418', '449', '450', '478']
['193']
['8', '89', '209', '242', '251', '263', '275', '303', '365', '380', '456', '467']
['36', '53', '57', '77', '90', '105', '169', '223', '236', '259', '288', '289', '320', '331', '333', '359', '391', '444', '488', '494']
['21', '49', '54', '61', '83', '121', '174', '204', '269', '294', '328', '344', '368', '377', '382', '403', '406', '455', '463', '497']
['25', '44', '73', '79', '96', '125', '145', '154', '179', '248', '255', '335', '363', '375', '398', '400', '414', '416', '420', '485']
['22', '165', '212', '277', '384', '432']
['58', '65', '93', '119', '124', '139', '147', '156', '191', '208', '276', '280', '286', '336', '341', '423', '435', '466', '484', '489']
['219', '220']
['376']
['13', '20', '45', '48', '80', '153', '157', '161', '183', '216', '226', '270', '298', '300', '312', '317', '332', '424', '459']
['172']
['186']
['207']
['4', '17', '32', '43', '62', '118', '127', '182', '189', '245', '249', '253', '283', '351', '355', '362', '372', '379', '410', '490']
['290']
['7', '23', '28', '47', '64', '109', '136', '149', '188', '194', '266', '268', '295', '314', '316', '326', '425', '437', '441', '464']
['246']
['358']
['369', '427']
['27', '39', '56', '102', '110', '129', '135', '138', '152', '205', '218', '265', '327', '385', '408', '433', '438', '446', '471']
['26', '30', '150', '159', '196', '197', '200', '201', '210', '274', '291', '293', '297', '308', '397', '405', '409', '473', '483']
['370']
['63', '98', '116', '143', '151', '171', '232', '243', '250', '254', '321', '346', '354', '394', '422', '434', '436', '443', '475', '499']
['70', '222', '231', '292', '315', '337', '342']
['71', '76', '88', '92', '133', '211', '234', '237', '247', '279', '285', '305', '347', '352', '357', '374', '417', '440', '468', '495']
['41', '42', '67', '130', '160', '170', '181', '202', '215', '221', '229', '235', '261', '262', '267', '404', '421', '426', '428', '486']
['14', '24', '29', '40', '72', '114', '117', '141', '155', '225', '244', '309', '324', '395', '401', '402', '429', '442', '452', '482']
['52', '84', '104', '195', '318', '458']
['164', '302']
['82']
['11', '74', '173', '206', '214', '296', '299', '311', '350', '381', '387', '445', '448', '491', '496']
['12', '19', '106', '112', '142', '148', '180', '198', '203', '217', '257', '330', '338', '378', '386', '390', '393', '453', '457', '492']
['239']
['68', '81', '177', '238', '240', '252', '271', '278', '472']
['10', '38', '46', '55', '94', '122', '144', '413', '477']
['176']
['185', '190', '256', '360', '419']
['18', '75', '85', '86', '111', '146', '158', '162', '166', '228', '241', '264', '348', '353', '356', '364', '367', '388', '411', '487']
['163']
['5', '126', '131', '168', '175', '227', '407', '415', '430', '454', '476']
['439']
['480']
['16', '50', '78', '91', '113', '115', '137', '140', '187', '192', '199', '282', '307', '313', '349', '431', '465', '469', '474']
['1', '66', '178', '230']
['15', '33', '59', '95', '287', '343', '461', '470', '493']
['0', '6', '31', '34', '35', '37', '60', '97', '103', '132', '301', '323', '329', '334', '339', '340', '366', '396', '451']
