['18', '19', '33', '52', '57', '102', '118', '119', '120', '121', '122', '178', '180', '181', '231', '232', '263', '264', '319', '320', '321', '343', '344', '345', '392', '393', '394', '395']
['25', '26', '27', '28', '39', '40', '41', '42', '43', '153', '182', '183', '205', '206', '218', '219', '226', '234', '235', '236', '246', '254', '276', '288', '337', '338', '339', '340', '396', '397']
['4', '29', '30', '88', '89', '173', '197', '198', '199', '200', '201', '228', '348', '349', '350']
['64', '65', '66', '67', '108', '109', '110', '359', '360', '361']
['53', '58', '74', '75', '76', '77', '97', '98', '99', '100', '169', '170', '171', '172', '256', '257', '258', '286', '287', '293', '294', '295', '296', '303', '304', '305', '306', '307']
['11', '12', '238', '329', '330']
['68', '69', '158', '159', '160', '161', '162', '163', '216', '217', '331', '363', '364', '371', '372', '373']
['34', '35', '36', '59', '71', '72', '73', '105', '106', '107', '123', '124', '125', '139', '140', '185', '247', '248', '267', '268', '269', '270', '271', '272', '322', '355', '356']
['9', '10', '54', '55', '56', '152', '192', '255', '316', '368', '380', '381', '382', '383', '384']
['3', '23', '24', '31', '32', '126', '127', '128', '149', '150', '151', '191', '227', '277', '278', '279', '280', '323', '324', '325', '326']
['20', '21', '51', '95', '143', '144', '145', '146', '147', '148', '164', '239', '240', '241', '242', '243', '244', '245', '265', '266', '289', '297', '298', '309', '310', '311', '312', '353', '354']
['1', '2', '7', '8', '13', '14', '15', '16', '17', '37', '131', '132', '133', '249', '250', '251', '313', '314', '332', '333']
['46', '47', '48', '49', '50', '80', '90', '91', '134', '135', '136', '137', '166', '167', '168', '175', '176', '177', '184', '203', '223', '224', '225', '252', '253']
['81', '82', '83', '84', '165', '179', '210', '211', '212', '213', '214', '215', '233', '390', '391']
['44', '45', '141', '142', '186', '187', '188', '189', '190', '193', '194', '237', '259', '260', '261', '262', '281', '282', '315', '317', '318', '335', '336', '341', '342', '346', '347', '369', '370']
['138', '291', '292', '334']
['22']
['60', '61', '78', '79', '86', '87', '101', '154', '155', '156', '157', '229', '230', '283', '284', '285', '327', '328', '351', '352', '365', '366', '367', '378', '379', '385']
['0', '92', '93', '94', '96', '111', '174', '195', '196', '204', '299', '300', '301', '302', '357', '358', '362', '374', '375', '376', '377', '386', '387', '388', '389', '398', '399']
['5', '6', '38', '62', '63', '70', '85', '103', '104', '112', '113', '114', '115', '116', '117', '129', '130', '202', '207', '208', '209', '220', '221', '222', '273', '274', '275', '290', '308']
