['9832']
['9990']
['9999', '9994', '9993', '9991', '18', '9982', '9979', '9972', '9968', '33', '9967', '34', '42', '9958', '9944', '9941', '9940', '9939']
['9826', '9825']
['68', '9932', '69', '102', '142', '143', '144']
['9883', '9882', '224']
['9931', '173']
['9774']
['6']
['39']
['31', '32', '84', '9916']
['83']
['9970', '9929', '157']
['56']
['112']
['9969', '94', '210', '211', '231', '232', '233']
['9890']
['9908', '138', '139']
['208', '209']
['234']
['62', '9911']
['134', '9835', '9834']
['9858', '9850', '9849', '9778', '9777']
['7', '8']
['148', '9820']
['9833']
['79', '9921', '9920', '9865', '9864', '9863', '207']
['71', '168', '169', '170']
['9750', '250']
['9909']
['9895', '9822', '9821', '9819', '9818', '9764']
['9789']
['125', '126', '127']
['9942']
['37', '9963', '9875', '9874']
['51', '9949', '9948', '53', '9947', '9917']
['97', '98', '99']
['9914', '9887']
['9962', '9961', '192', '248']
['9976', '9975']
['9898', '9892', '113']
['9857', '9856', '9848']
['9951', '107', '226']
['176', '177', '178', '179']
['186']
['225', '249']
['9847']
['109', '110', '111']
['30']
['9919', '9814', '9813']
['9894', '9893', '162', '200', '201', '9758', '9757']
['9924', '118', '119']
['9867', '9866', '9831']
['9995', '54', '9946', '9904', '9903']
['60']
['27', '9973']
['9783', '9782', '9781']
['9897', '156', '217', '218', '219']
['166', '167']
['9846', '9845', '9844', '9843']
['4', '9996', '9877', '9876']
['9966', '9965', '9889', '9888', '220', '221']
['9823']
['47', '9953', '9896', '106']
['67', '9933']
['9960', '9959', '9853', '9852', '9851', '206']
['16', '9984', '9983', '89', '90', '246', '247']
['123']
['241', '242']
['15', '9878', '9752']
['57', '9943']
['146', '9854', '147', '9807', '9806', '243', '244']
['152', '153', '222', '223']
['78', '9922', '9760', '9756']
['9803', '9798']
['145']
['9830']
['188', '189', '190', '191', '245']
['1', '2', '3', '21', '23', '26', '28', '29', '40', '41', '50', '9950', '59', '66', '72', '73', '9927', '74', '9926', '76']
['82', '9860', '9859', '171', '172', '9817', '9816']
['237', '238', '9755', '9754', '9753']
['24']
['9', '10', '9884']
['175', '197', '214', '215']
['9839', '9838', '9837']
['64', '9936', '65']
['9907', '9906', '235']
['9902', '9901', '116', '117']
['9998', '9997']
['9812']
['9913', '9912']
['81', '108']
['25', '160', '161', '9773', '9772', '9771', '9770', '9769']
['9827', '9759']
['45', '9955', '9954']
['9900', '9899']
['187']
['35', '36']
['88', '9796', '9795', '9794']
['9988', '13', '9987', '14', '9862', '9861', '164']
['9971']
['9935', '9934']
['137']
['9840']
['205']
['85', '86']
['48', '49', '75']
['114', '115', '155', '212']
['9918']
['121']
['5', '9828', '9776', '9775']
['70', '9930']
['9829', '198', '199']
['239', '240']
['19', '9981', '20', '9801']
['122']
['140', '141']
['63', '9937', '202', '203', '204', '9790', '9751']
['120', '165']
['9885', '9797']
['9886', '9787', '9786']
['180', '181', '228']
['193', '194', '195', '196']
['9964', '80']
['9869', '9868', '149', '150']
['9815']
['9788', '9768', '9767']
['9923', '9881', '9880', '9879']
['133']
['9905', '9824']
['61']
['55', '9945']
['9802']
['9952', '87', '9871', '9870']
['9980', '128', '129', '130', '131', '132', '9811', '9810', '9809', '9808']
['17', '9938', '9925']
['154', '9793']
['38']
['9910']
['9891']
['182', '183', '9784']
['52', '9855']
['9842', '9841', '9836']
['103', '104', '105']
['135', '136', '163']
['12', '9804']
['9928']
['9974']
['9915', '9800', '9799', '9763', '9762', '9761']
['9873', '9872', '236']
['9779']
['77', '174', '184', '185']
['44', '124']
['95', '96']
['9805']
['9785']
['229', '230']
['9992', '100', '101']
['9766']
['9986', '9985', '9792', '9791']
['46']
['22', '9978', '9977', '9780']
['58', '213', '227', '9765']
['11', '9989', '43', '9957', '9956', '151']
['91', '92', '93']
['158', '159', '216']
