['TimHardaway', 'JarrettJack']
['IanClark', 'NikolaMirotic']
['MarioHezonja', 'ShelvinMack']
['EvanTurner', 'PatConnaughton']
['KristapsPorzingis', 'KyleOQuinn']
['StephenCurry', 'AndreIguodala']
['WilsonChandler', 'MasonPlumlee']
['ZachRandolph', 'SkalLabissiere']
['BradleyBeal', 'JodieMeeks']
['WillBarton', 'TorreyCraig']
['AnthonyTolliver', 'ReggieJackson']
['TroyDaniels', 'MarqueseChriss']
['KellyOubre', 'MarcinGortat']
['JoelEmbiid', 'RichaunHolmes']
['DwightHoward', 'FrankKaminsky']
['JustinJackson', 'GeorgeHill']
['HarrisonBarnes', 'JJBarea']
['PaulMillsap', 'EmmanuelMudiay']
['JordanClarkson', 'CoreyBrewer']
['JrueHoliday', 'DanteCunningham']
['BogdanBogdanovic', 'WillieCauleyStein']
['AndreDrummond', 'AveryBradley']
['AlFarouqAminu', 'MauriceHarkless']
['JJRedick', 'TJMcConnell']
['BismackBiyombo', 'ElfridPayton']
['RickyRubio', 'RudyGobert']
['CoryJoseph', 'JoeYoung']
['KyleKuzma', 'LonzoBall']
['FrankNtilikina', 'DougMcDermott']
['QuincyAcy', 'GoranDragic']
['TerryRozier', 'MarcusMorris']
['RobinLopez', 'PaulZipser']
['TJWarren', 'TylerUlis']
['BamAdebayo', 'DionWaiters']
['GaryHarris', 'TreyLyles']
['ChrisPaul', 'RyanAnderson']
['TylerJohnson', 'WayneEllington']
['JoeHarris', 'KevinDurant']
['JakobPoeltl', 'DelonWright']
['DennisSmith', 'DevinHarris']
['DirkNowitzki', 'DwightPowell']
['DeMarreCarroll', 'TylerZeller']
['StanleyJohnson', 'ReggieBullock']
['PattyMills', 'DannyGreen']
['AlecBurks', 'EkpeUdoh']
['StevenAdams', 'JoshHuestis']
['JeffTeague', 'GorguiDieng']
['BenSimmons', 'DarioSaric']
['CarisLeVert', 'DAngeloRussell']
['IshSmith', 'DJAugustin']
['JoshRichardson', 'JustiseWinslow']
['SindariusThornwell', 'MilosTeodosic']
['PascalSiakam', 'OGAnunoby']
['ETwaunMoore', 'RajonRondo']
['DeAaronFox', 'KostaKoufos']
['ShaunLivingston', 'ZazaPachulia']
['DariusMiller', 'DeMarcusCousins']
['DarrenCollison', 'AlJefferson']
['JonathonSimmons', 'NikolaVucevic']
['KhrisMiddleton', 'MalcolmBrogdon']
['CarmeloAnthony', 'JeramiGrant']
['LouWilliams', 'BlakeGriffin']
['MikeMuscala', 'MalcolmDelaney']
['KlayThompson', 'DraymondGreen']
['KyleLowry', 'CJMiles']
['ThaddeusYoung', 'VictorOladipo']
['JoseCalderon', 'AlexLen']
['PJTucker', 'GeraldGreen']
['JaylenBrown', 'JamalMurray']
['NickYoung', 'PatrickMcCaw']
['TaureanWallerPrince', 'ErsanIlyasova']
['DewayneDedmon', 'MarcoBelinelli']
['KentBazemore', 'JohnCollins']
['JoshHart', 'LarryNance']
['MylesTurner', 'DomantasSabonis']
['TobiasHarris', 'DeAndreJordan']
['LukeKennard', 'LangstonGalloway']
['ThonMaker', 'JasonTerry']
['DonovanMitchell', 'JoeIngles']
['CourtneyLee', 'LanceThomas']
['JuliusRandle', 'BrookLopez']
['AaronGordon', 'EvanFournier']
['RaymondFelton', 'AndreRoberson']
['TyrekeEvans', 'MarioChalmers']
['MarcGasol', 'DeyontaDavis']
['KyleAnderson', 'DejounteMurray']
['JusufNurkic', 'ZachCollins']
['RoyceONeale', 'RodneyHood']
['JoshJackson', 'JaredDudley']
['CJMcCollum', 'ShabazzNapier']
['PaulGeorge', 'PatrickPatterson']
['JaMychalGreen', 'JamesEnnis']
['JRSmith', 'KevinLove']
['JeffGreen', 'CediOsman']
['KembaWalker', 'DavidWest']
['BojanBogdanovic', 'LanceStephenson']
['OttoPorter', 'IanMahinmi']
['TyusJones', 'NemanjaBjelica']
['LaMarcusAldridge', 'PauGasol']
['WesleyJohnson', 'SamDekker']
['SterlingBrown', 'BuddyHield']
['SergeIbaka', 'FredVanVleet']
['DennisSchroder', 'TysonChandler']
['AronBaynes', 'SemiOjeleye']
['DeMarDeRozan', 'JonasValanciunas']
['YogiFerrell', 'MaxiKleber']
['AndrewWiggins', 'KarlAnthonyTowns']
['JustinHoliday', 'CristianoFelicio']
['KyrieIrving', 'MichaelKiddGilchrist']
['EricGordon', 'NeneHilario']
['RobertCovington', 'JerrydBayless']
['NikolaJokic', 'JabariParker']
['KyleKorver', 'DwyaneWade']
['LeBronJames', 'TristanThompson']
['RussellWestbrook', 'AlexAbrines']
['TajGibson', 'JimmyButler']
['TomasSatoransky', 'MikeScott']
['JarellMartin', 'AndrewHarrison']
['WesleyIwundu']
['JaysonTatum', 'DanielTheis']
['WesleyMatthews', 'SalahMejri']
['KellyOlynyk', 'DraganBender']
['DamianLillard', 'EdDavis']
['AllenCrabbe', 'RondaeHollisJefferson']
['KentaviousCaldwellPope', 'BrandonIngram']
['JerianGrant', 'DavidNwaba']
['DevinBooker', 'GarrettTemple']
['AmirJohnson', 'TimotheLuwawuCabarrot']
['JamesHarden', 'ClintCapela']
['ManuGinobili', 'RudyGay']
['AustinRivers', 'MontrezlHarrell']
['EnesKanter', 'MichaelBeasley']
['LauriMarkkanen', 'BobbyPortis']
['AlHorford', 'MarcusSmart']
['DerrickFavors', 'JonasJerebko']
['MarkieffMorris', 'JohnWall']
['TrevorAriza', 'LucMbahaMoute']
['AnthonyDavis', 'JameerNelson']
['MarvinWilliams', 'NicolasBatum']
['TreveonGraham', 'MalikMonk']
['JamesJohnson', 'HassanWhiteside']
['TonySnell', 'JohnHenson']
['DillonBrooks', 'BenMcLemore']
['JamalCrawford', 'ShabazzMuhammad']
['GiannisAntetokounmpo', 'EricBledsoe']
['BrynForbes', 'DavisBertans']
['DenzelValentine', 'KrisDunn']
['JeremyLamb', 'MichaelCarterWilliams']
['IsaiahTaylor', 'JaeCrowder']
['SpencerDinwiddie', 'JarrettAllen']
