['Kim', 'Anthony', 'Kyle', 'Stanley', 'Vera', 'Joshua', 'Danielle']
['Ethel', 'Jessie', 'Beverly', 'Hazel', 'Roger', 'Lester', 'Jeffery']
['Kristina', 'Debra', 'Raymond', 'Esta', 'Wade', 'Ricardo', 'Julie']
['Samantha']
['Harry', 'Cindy', 'Sandra', 'Adam', 'Angel', 'Johnathan', 'Crystal']
['Norma', 'Lillie', 'Darryl', 'George', 'Wilfredo', 'Eduardo', 'Chester']
['Donna']
['Edward']
['Bessie']
['Christopher']
['Ladonna', 'Clara', 'Rafael', 'Kelly', 'Ray', 'Jean', 'Jeff']
['Deborah']
['Mario', 'Heather', 'Jodi', 'Roy', 'Susan', 'Edwin', 'Sheryl']
['Carlos']
['Amanda', 'Marla', 'Peter', 'Arline', 'Erma', 'Renee', 'Lacey']
['Emilee']
['Cathleen']
['Kathleen']
['Paula']
['Isaac', 'Alex', 'Fred', 'Colin', 'Sheila', 'Douglas', 'Aileen']
['Vance']
['Allen', 'Grace', 'Jerome', 'Ericka', 'Justin', 'Lidia', 'Thomas']
['Scotty', 'Julius', 'Rhonda', 'Marcus', 'Rebecca', 'Maybell', 'Donald']
['Carroll', 'Roberta', 'Earl', 'Argentina', 'Johnnie', 'Doretha', 'Carolyn']
['Wanda', 'Latonya', 'Walter', 'Cedric', 'Gladys', 'Mari', 'Fletcher']
['Zachary', 'Catherine', 'Octavia', 'Geraldine', 'Robert', 'Betty', 'Eunice']
['Derrick']
['Lottie', 'Ella', 'Randall', 'Craig', 'Harriett', 'Alberta', 'Jennifer']
['Jason', 'Mona', 'Kenneth', 'Pearl', 'Diane', 'Sarah', 'Hildegard']
['Shaun', 'Tanya', 'Milton', 'Carole', 'Gregory', 'Abdul', 'Sheldon']
['Albert', 'Michael', 'Kimberly', 'Mei', 'Ted', 'Ruth', 'Rod']
['Hugo', 'Louise', 'Stacy', 'Frances', 'Gail', 'Robin', 'Manuel']
['Esther', 'Kelli', 'Horace', 'Blanche', 'Jasmine', 'Sharon', 'Jeanette']
['Gerald']
['Rory', 'Rocio', 'Marta', 'Cyndy', 'Philip', 'Beatrice', 'Lexie']
['Rena']
['Daphne']
['Larry', 'Charles', 'Billie', 'Megan', 'Josie', 'Gale', 'Bernice']
['Samuel']
['Corinne', 'Jane', 'Deandre', 'Clyde', 'Patrice', 'Phillip', 'Chris']
['Darrin']
['Carlton', 'Annie', 'Bernie', 'Ronald', 'Teresa', 'Tomas', 'Felipe']
['Gerard']
['Pamela']
['Katrina']
['Melanie', 'Josephine', 'Patsy', 'Janice', 'Jonathon', 'Arthur', 'Nicholas']
['Austin', 'Gilbert', 'Jewel', 'Myra', 'Shirley', 'Linda', 'Frank']
['Ralph']
['Michelle', 'Vicky', 'Patrick', 'Brandon', 'Jim', 'Melissa', 'Monica']
['Bonita', 'Clifford', 'Judith', 'Paul', 'Jammie', 'Lorena', 'Cleo']
['Minnie', 'Desiree', 'Victor', 'Lucia', 'Rueben', 'Matthew', 'Harold']
['Anna']
['Cameron']
['Mitchell']
['Regina', 'Ashley', 'William', 'Peggy', 'Emily', 'Stephen', 'Sulema']
['Mark']
['Lucy']
['Leo']
['Salvatore']
['Christiana', 'Daniel', 'James', 'Lena', 'Phyllis', 'Luis', 'Frida']
['Steve']
['Sally']
['Bruce']
['Jayne', 'Jeremy', 'Bernadette', 'Kurt', 'Rick', 'Martin', 'Erik']
['Joan', 'Margaret', 'Oscar', 'Beatriz', 'Gordon', 'Brenda', 'Sara']
['Carla']
['Alonzo', 'Nathaniel', 'Lydia', 'Weldon', 'Dewayne', 'Olive', 'Katherine']
['Marion', 'Anita', 'Pauline', 'Evelyn', 'Noma', 'Bobby', 'Vanessa']
['Elvera', 'Janet', 'Toni', 'Isabelle', 'Barbra', 'Andrea', 'Miriam']
['Chelsea']
['Richard']
['Patricia']
['Hilton', 'Tiara', 'Esperanza', 'Heidi', 'Gene', 'Adrian', 'Carina']
['Ruthie']
['Joe', 'Alan', 'Maria', 'Merle', 'Quentin', 'Helen', 'Molly']
['David']
['Dwayne']
['Dennis']
['Kathryn']
['Dorothy']
['Rachel']
['Lowell', 'Joy', 'Virgie', 'Claudia', 'Stephanie', 'Jessica', 'Joyce']
['Guadalupe']
['Maryann']
['Mireya']
['Cheryl', 'Andre', 'Brett', 'Elizabeth', 'Christian', 'Maxine', 'Eva']
['Erica', 'Krista', 'Henry', 'Roberto', 'Hector', 'Reggie', 'Dottie']
['Tammy']
['Bernard', 'Mildred', 'Marge', 'Antonietta', 'Charlotte', 'Devon', 'Kay']
['Vickie']
['Cheri', 'Ada', 'Shelly', 'Mae', 'Lisa', 'Trenton', 'Iris']
['Brittany', 'Cesar', 'Kenny', 'Fay', 'Lawrence', 'Ivan', 'Aron']
['Newton']
['Dan']
['Delia', 'Doris', 'Damian', 'Leigh', 'Nellie', 'Cynthia', 'Barbara']
['Gary']
['Julia']
['Raquel', 'Katie', 'Jewell', 'Joseph', 'Shante', 'Kristen', 'Lorene']
['Eric']
['Kathryne', 'Carol', 'Carrie', 'Timothy', 'Sam', 'Brian', 'Nancy']
['Kristine']
['Tracy', 'Lorenzo', 'Jami', 'Emerson', 'Matt', 'Marjorie', 'Brooks']
['Ernest', 'Martha', 'Jacqueline', 'Porfirio', 'Steven', 'Karen', 'Carmen']
['Tommy']
['Mavis', 'Marybeth', 'Laura', 'Shawn', 'Theresa', 'Barry', 'Gloria']
['Dawn', 'Pat', 'Alvin', 'Melvin', 'Hillary', 'Joel', 'Casandra']
['Loretta', 'Benjamin', 'Claire', 'Harriet', 'Cara', 'Jeffrey', 'Virginia']
['Tim']
['Houston', 'Fredrick', 'Wilbur', 'Shane', 'Debbie', 'Tom', 'Lori']
['Dena']
['Arturo', 'Tabatha', 'Alice', 'Juan', 'Keith']
['Levi']
['John']
['Russel']
['Johnny', 'Carl', 'Christine', 'Lauren', 'Evan', 'Curtis', 'Todd']
['Irene', 'Dolores', 'Antoinette', 'Vicente', 'Terry', 'Colleen', 'Lizzie']
['Maureen', 'Mamie', 'Melony', 'Leola', 'Louis', 'Thelma', 'Victoria']
['Mary', 'Antonio', 'Marie', 'Laurie', 'Jonathan', 'Shawna', 'Jerry']
['Tonya', 'Lakesha', 'Tommie', 'Warren', 'Byron', 'Randy', 'Anne']
['Kelvin']
['Lucille']
['Justine']
['Matilda']
['Lela']
