['3', '4', '50', '51', '52', '53', '54', '192']
['150', '151', '152', '153', '154', '155', '161', '164']
['75', '76', '77', '78', '79', '80', '86']
['15', '16', '17', '218', '219', '220', '221', '222', '224']
['89']
['157', '158', '159', '160']
['100', '101', '102', '103', '104']
['175', '176', '177', '178', '179', '180']
['137', '138', '139', '140', '141', '231', '232', '233', '234', '235']
['136', '143', '144', '145', '146', '147', '148', '149']
['167']
['207', '208', '209', '210']
['125', '126', '127', '128', '129', '130']
['35', '168', '169', '170', '171', '172']
['240', '242']
['65', '67', '196', '198', '199']
['6', '7', '8', '9', '10', '241']
['118', '119', '120', '121', '122', '123', '124', '142']
['25', '26', '27', '28', '29', '30']
['131', '132', '133', '134', '135']
['106', '107', '108', '109', '174']
['55', '56', '61', '62', '63', '64', '66']
['68', '69', '70', '71', '72', '73', '74']
['117', '205', '206', '211', '212', '213', '214', '215', '216', '217']
['173']
['93', '94', '95', '96', '97', '98', '99']
['11', '12', '13', '14', '18', '19', '20', '21', '22', '24']
['181', '182', '183', '184', '185', '186', '193', '194', '195', '197']
['82', '83', '84', '85', '105', '110', '111', '112', '113', '114']
['248', '249']
['81', '87', '88', '90', '91']
['115', '116']
['31', '32', '33', '34', '36', '37', '38', '39', '40', '41']
['0', '1', '2', '5', '23']
['57', '58', '59', '60', '187', '188', '189', '190', '191']
['162', '163', '165', '166', '200', '201', '202', '203', '204', '223']
['92']
['228', '236', '237', '238', '239', '243', '244', '245', '246', '247']
['225', '226', '227', '229', '230']
['42', '43', '44', '45', '46', '47', '48', '49', '156']
