['249', '250', '251', '252', '253', '284', '285', '290', '291', '292', '293', '302', '303', '304', '305', '306']
['279', '280', '281']
['256', '257', '265', '266', '267', '268']
['115']
['166', '178', '179', '195', '204', '205', '206', '226', '227', '228', '236', '237', '238', '239', '240', '241']
['199', '213', '214', '282', '286', '287', '294', '295', '296', '297']
['42', '43', '44', '45', '54', '55', '56', '57', '58', '59', '60', '61', '223', '230', '244', '245']
['170', '171']
['124', '132', '139', '140', '141', '142', '200', '215', '216']
['69', '77', '78', '100', '108', '109', '196', '207', '208', '307', '308', '309']
['131', '229', '242', '243']
['162', '254', '255', '261', '262', '263', '264', '275', '276', '277', '278']
['41', '52', '53', '62', '93', '95', '98', '99', '106', '107', '121', '122', '123']
['134', '135', '145', '146', '147', '148', '155', '156', '157', '158', '159', '160', '161', '169', '184', '185']
['33', '36', '37']
['105', '118', '119', '120']
['283', '288', '289', '298', '299', '300', '301']
['231', '246', '247']
['94', '96', '97', '101', '102', '103', '110', '111', '112', '113', '114', '136', '137', '149', '150', '151']
['71', '81', '82', '83', '259', '271', '272']
['38', '46', '47', '125', '126', '127', '128', '129', '130', '258', '269', '270']
['31', '32', '34', '35', '39', '48', '104', '116', '117', '133', '143', '144', '203']
['17', '186', '187', '188', '189', '190', '191', '192', '193', '194', '201', '202', '260', '273', '274']
['0', '1', '2', '5', '6', '11', '12', '13', '14', '23', '24', '25', '26', '27', '28', '29']
['4', '9', '10', '19', '20', '21', '22', '72', '73', '74', '84', '85', '86', '87', '88']
['40', '49', '50', '51', '224', '225', '232', '233', '234', '235']
['3', '7', '8', '15', '16', '18', '138', '152', '153', '154']
['167', '168', '180', '181', '182', '183']
['30', '197', '198', '209', '210', '211', '212']
['63', '64', '65', '66', '67', '68', '70', '75', '76', '79', '80', '89', '90', '91', '92']
['163', '164', '165', '172', '173', '174', '175', '176', '177', '217', '218', '219', '220', '221', '222', '248']
