['qqq', 'TT']
['a', 'b', 'aa', 'bb', 'aaa', 'bbb', 'bbbb', 'aaaaa', 'bbbbb', 'aaaaaa', 'bbbbbb', 'aaaaaaa', 'bbbbbbb', 'aaaaaaaa', 'bbbbbbbb', 'eeeeeee', 'mmmmmm', 'ss', 'tttttttt', 'TTTT', 'SSSSSSS']
['m', 'n', 'mm', 'nn', 'mmm', 'mmmm', 'nnnn', 'mmmmm', 'nnnnn', 'nnnnnn', 'mmmmmmm', 'nnnnnnn', 'mmmmmmmm', 'nnnnnnnn', 'M', 'N', 'MM', 'NN', 'MMM', 'NNN', 'MMMM', 'NNNN', 'MMMMM', 'NNNNN', 'MMMMMM', 'NNNNNN', 'MMMMMMM', 'NNNNNNN', 'MMMMMMMM', 'NNNNNNNN']
['o', 'p', 'oo', 'pp', 'ooo', 'ppp', 'oooo', 'pppp', 'ooooo', 'ppppp', 'oooooo', 'pppppp', 'ooooooo', 'ppppppp', 'oooooooo', 'pppppppp', 'JJJJJJJ', 'K', 'LLL', 'OOO', '1', '2', '11', '22', '222', '1111', '2222', '11111', '22222', '111111', '222222', '1111111', '2222222', '11111111', '22222222']
['88888888']
['S', 'T', 'SS', 'SSS', 'TTT', 'SSSSS', 'TTTTT', 'SSSSSS', 'TTTTTT', 'SSSSSSSS', 'TTTTTTTT']
['i', 'j', 'ii', 'jj', 'iii', 'jjj', 'iiii', 'jjjj', 'jjjjj', 'iiiiii', 'jjjjjj', 'iiiiiii', 'jjjjjjj', 'iiiiiiii', 'jjjjjjjj']
['ZZZZZ', '111']
['E', 'F', 'EE', 'FF', 'FFF', 'EEEE', 'FFFF', 'EEEEE', 'FFFFF', 'EEEEEE', 'EEEEEEE', 'FFFFFFF', 'EEEEEEEE']
['G', 'H', 'GG', 'HH', 'GGG', 'HHH', 'GGGG', 'HHHH', 'GGGGG', 'HHHHH', 'HHHHHHH', 'HHHHHHHH', 'U', 'V', 'UU', 'VV', 'UUU', 'VVV', 'UUUU', 'UUUUU', 'VVVVV', 'VVVVVV', 'UUUUUUU', 'VVVVVVV', 'UUUUUUUU', 'VVVVVVVV']
['7', '8', '77', '88', '777', '888', '7777', '8888', '77777', '88888', '777777', '888888', '7777777', '8888888', '77777777']
['e', 'ffff', 'ffffff', 'eeeeeeee', 'ffffffff']
['GGGGGG', 'HHHHHH', 'GGGGGGGG', 'SSSS', 'TTTTTTT']
['w', 'VVVV']
['sssssss', 'y', 'z', 'yy', 'yyyy', 'zzzz', 'zzzzz', 'yyyyyy', 'yyyyyyy', 'zzzzzzz', 'yyyyyyyy', 'zzzzzzzz', 'W', 'WW', 'WWW', 'XXXXX', 'WWWWWW', 'XXXXXX']
['kkk', 'QQ', 'QQQQ', 'WWWW']
['aaaa']
['c', 'd', 'cc', 'dd', 'ccc', 'ddd', 'cccc', 'dddd', 'ccccc', 'ddddd', 'cccccc', 'dddddd', 'ccccccc', 'ddddddd', 'cccccccc', 'dddddddd', 'KKKKK', 'KKKKKK', 'LLLLLL', 'LLLLLLL', 'X', 'XX', 'XXX', 'XXXX', 'WWWWW', 'WWWWWWW', 'XXXXXXX', 'WWWWWWWW', 'XXXXXXXX', '3', '4', '333', '444', '3333', '4444', '444444', '3333333', '4444444', '33333333', '44444444']
['g', 'h', 'gg', 'hh', 'ggg', 'gggg', 'ggggg', 'hhhhh', 'hhhhhhh', 'gggggggg', 'hhhhhhhh', 'u', 'v', 'uu', 'vv', 'uuu', 'vvv', 'uuuu', 'vvvv', 'uuuuu', 'vvvvv', 'uuuuuu', 'vvvvvv', 'uuuuuuu', 'vvvvvvv', 'uuuuuuuu', 'vvvvvvvv', 'A', 'B', 'AA', 'BB', 'AAA', 'BBB', 'AAAA', 'BBBB', 'AAAAA', 'BBBBB', 'AAAAAA', 'BBBBBB', 'AAAAAAA', 'BBBBBBB', 'AAAAAAAA', 'BBBBBBBB', '33', '6', '55', '555', '666', '5555', '6666', '55555', '66666', '555555', '66666666']
['C', 'D', 'CC', 'DD', 'CCC', 'DDD', 'CCCC', 'DDDD', 'CCCCC', 'DDDDD', 'CCCCCC', 'DDDDDD', 'CCCCCCC', 'DDDDDDD', 'CCCCCCCC', 'DDDDDDDD', '44', '33333', '333333']
['f', 'ee', 'eee', 'fff', 'eeee', 'eeeee', 'fffff', 'eeeeee', 'fffffff', 'hhh', 'hhhh', 'gggggg', 'hhhhhh', 'ggggggg', 'k', 'l', 'kk', 'll', 'lll', 'kkkk', 'llll', 'kkkkk', 'lllll', 'kkkkkk', 'llllll', 'kkkkkkk', 'lllllll', 'kkkkkkkk', 'llllllll', 'nnn', 'zz', 'yyy', 'yyyyy', 'zzzzzz']
['ff']
['x', 'ww', 'xx', 'www', 'xxx', 'wwww', 'xxxx', 'wwwww', 'xxxxx', 'wwwwww', 'xxxxxx', 'wwwwwww', 'xxxxxxx', 'wwwwwwww', 'xxxxxxxx', 'YYY', 'YYYYYYYY']
['rrrr', 'rrrrrr']
['I', 'J', 'II', 'JJ', 'III', 'JJJ', 'IIII', 'JJJJ', 'IIIII', 'JJJJJ', 'JJJJJJ', 'IIIIIII', 'IIIIIIII', 'JJJJJJJJ', 'L', 'KK', 'LL', 'KKK', 'KKKK', 'LLLL', 'LLLLL', 'KKKKKKK', 'KKKKKKKK', 'LLLLLLLL', 'Q', 'R', 'RR', 'QQQ', 'RRR', 'RRRR', 'QQQQQ', 'RRRRR', 'QQQQQQ', 'RRRRRR', 'QQQQQQQ', 'RRRRRRR', 'QQQQQQQQ', 'RRRRRRRR']
['iiiii', 'zzz', 'Y', 'Z', 'YY', 'ZZ', 'ZZZ', 'YYYY', 'ZZZZ', 'YYYYY', 'YYYYYY', 'ZZZZZZ', 'YYYYYYY', 'ZZZZZZZ', 'ZZZZZZZZ']
['s', 't', 'tt', 'sss', 'ttt', 'ssss', 'tttt', 'sssss', 'ttttt', 'ssssss', 'tttttt', 'ttttttt', 'ssssssss', 'O', 'P', 'OO', 'PP', 'PPPPP', 'PPPPPP']
['q', 'r', 'qq', 'rr', 'rrr', 'qqqq', 'qqqqq', 'rrrrr', 'qqqqqq', 'qqqqqqq', 'rrrrrrr', 'qqqqqqqq', 'rrrrrrrr', 'IIIIII', 'PPP', 'OOOO', 'PPPP', 'OOOOO', 'OOOOOO', 'OOOOOOO', 'PPPPPPP', 'OOOOOOOO', 'PPPPPPPP', 'UUUUUU', '5', '66', '666666', '5555555', '6666666', '55555555']
['FFFFFF', 'FFFFFFFF', 'GGGGGGG', '44444']
['EEE']
