['5', '50', '87', '91', '123', '132', '190', '223', '224', '232', '296', '356', '359', '396', '428', '439', '494']
['11', '25', '163', '172', '208', '213', '221', '226', '233', '250', '274', '314', '326', '344', '378', '417', '454']
['19', '35', '42', '53', '82', '196', '236', '244', '255', '282', '302', '336', '402', '437', '462']
['20', '29', '84', '121', '150', '153', '157', '237', '324', '339', '349', '497']
['89', '129', '134', '145', '181', '219', '273', '292', '323', '395', '429', '453', '455', '467', '486', '492', '493']
['39', '43', '92', '216', '218', '228', '231', '241', '264', '348', '362', '385', '400', '418', '419', '424', '468']
['69', '104', '120', '138', '147', '158', '186', '188', '198', '200', '206', '260', '269', '306', '354', '430', '433']
['27', '64', '66', '67', '94', '109', '113', '151', '156', '161', '203', '252', '304', '360', '365', '387', '478']
['2', '6', '33', '70', '96', '107', '114', '159', '194', '199', '247', '368', '390', '403', '425', '443', '491']
['4', '28', '105', '119', '136', '187', '192', '202', '207', '222', '281', '319', '369', '377', '416', '427', '458']
['23', '32', '102', '117', '191', '275', '276', '325', '335', '358', '386', '407', '423', '446', '465', '469']
['1', '17', '41', '56', '95', '110', '143', '144', '146', '176', '178', '197', '248', '340', '447', '488', '496']
['8', '13', '46', '86', '148', '170', '193', '270', '279', '285', '316', '317', '331', '343', '415', '484']
['72', '83', '165', '210', '215', '243', '251', '254', '286', '313', '327', '350', '364', '380', '404', '442', '483']
['12', '37', '52', '58', '74', '78', '115', '116', '175', '205', '214', '342', '363', '366', '480']
['21', '38', '55', '137', '267', '305', '315', '399', '460']
['49', '80', '100', '125', '149', '184', '249', '257', '263', '294', '301', '330', '382', '426', '449', '450', '452']
['34', '40', '126', '140', '173', '240', '258', '259', '265', '278', '307', '370', '384', '388', '408', '435', '440']
['9', '26', '62', '71', '76', '77', '152', '174', '229', '266', '373', '375', '410', '448', '472', '473', '485']
['81', '98', '108', '111', '135', '171', '177', '211', '283', '288', '341', '464', '476', '477', '479', '482', '489']
['18', '65', '75', '85', '133', '179', '195', '238', '246', '353', '357', '372', '376', '398', '412']
['15', '31', '51', '57', '79', '93', '139', '154', '189', '230', '291', '321', '328', '334', '352', '389', '438']
['22', '54', '112', '122', '235', '239', '262', '289', '310', '337', '381', '392', '393', '422', '445', '474', '499']
['36', '68', '90', '127', '142', '160', '183', '201', '253', '287', '290', '300', '401', '406', '463']
['59', '61', '155', '182', '220', '256', '268', '295', '308', '311', '347', '420', '436', '457', '461', '498']
['3', '97', '106', '164', '272', '318', '338', '355', '411', '444', '495']
['16', '24', '30', '48', '60', '167', '169', '277', '280', '297', '309', '320', '322', '329', '333', '346', '466']
['0', '14', '45', '47', '99', '128', '185', '209', '217', '227', '312', '351', '409', '432', '459', '475', '481']
['10', '141', '180', '204', '212', '225', '242', '261', '361', '367', '374', '394', '397', '405', '413', '441']
['44', '103', '130', '166', '234', '284', '293', '345', '383', '471']
['63', '88', '131', '168', '245', '271', '332', '379', '391', '414', '431', '434', '456', '470']
['7', '73', '101', '118', '124', '162', '298', '299', '303', '371', '421', '451', '487', '490']
