['Laura1', 'Benedetta4', 'Italo5', 'Max1', 'Vera2', 'Loris4', 'Sesto2', 'Laerte0', 'Mirko4', 'Ethan3', 'Fatima2', 'Egisto1', 'Erminia2', 'Claudia6', 'Ethan9', 'Rodolfo9', 'Danthon5', 'Gaetano4', 'Rocco9', 'Sasha9']
['Leonardo1', 'Mattia1', 'Rebecca2', 'Elda4', 'Gianantonio5', 'Alessandro3', 'Valdo9', 'Ferdinando0', 'Eusebio3', 'Ariel9', 'Anselmo8', 'Arcibaldo8', 'Isabel1', 'Enzo0', 'Lamberto6', 'Elio3', 'Fernando8', 'Guido6', 'Artes8', 'Lorenzo9']
['Ludovico2', 'Fiorentino3', 'Michael4', 'Amedeo5', 'Pacifico0', 'Odone9', 'Piersilvio3', 'Cleros4', 'Ercole8', 'Oreste0', 'Ercole2', 'Mariagiulia4', 'Costanzo4', 'Luigi7', 'Audenico0', 'Marvin0', 'Cassiopea9', 'Emanuel7', 'Monia8', 'Alessio3']
['Eustachio2', 'Prisca2', 'Cosetta2', 'Fabio8', 'Joshua0', 'Amedeo6', 'Mariagiulia0', 'Umberto9', 'Orfeo9', 'Marina7', 'Celeste4', 'Soriana6', 'Leonardo0', 'Eriberto7', 'Amerigo5', 'Fiorenzo7', 'Loretta4', 'Sarita4', 'Giovanna3', 'Pierfrancesco0']
['Fatima9', 'Mariagiulia3', 'Pietro1', 'Tristano5', 'Rosita1', 'Flaviana6', 'Edilio2', 'Xavier7', 'Bibiana4', 'Orfeo7', 'Caio2', 'Gianmaria7', 'Rosalba8', 'Baldassarre3', 'Lino4', 'Jelena1', 'Piersilvio0', 'Modesto4', 'Edipo5', 'Demis3']
['Arduino8', 'Elio8', 'Maggiore3', 'Donatella7', 'Kris3', 'Maruska3', 'Penelope7', 'Radames4', 'Gianriccardo2', 'Nayade9', 'Ursula5', 'Demis1', 'Gilda2', 'Giacobbe7', 'Italo9', 'Anselmo9', 'Leonardo7', 'Rebecca5', 'Damiana9', 'Nestore3']
['Giobbe6', 'Ercole1', 'Ione9', 'Thea4', 'Giordano5', 'Tommaso8', 'Miriana4', 'Odino9', 'Miriam7', 'Evangelista9', 'Olimpia3', 'Siro0', 'Ubaldo2', 'Dante5', 'Marcella4', 'Guendalina3', 'Marino4', 'Ilario9', 'Cirino1', 'Arturo8']
['Mecren5', 'Cleopatra8', 'Cesidia8', 'Battista3', 'Concetta1', 'Terzo7', 'Lauro3', 'Rosaria8', 'Jari2', 'Caligola0', 'Carmelo4', 'Erminio9', 'Primo3', 'Walter3', 'Timoteo9', 'Gioacchino6', 'Trevis2', 'Erminia8', 'Sabino2', 'Elga8']
['Lidia4', 'Sue2', 'Miriam8', 'Fiorenzo8', 'Armando5', 'Siro3', 'Sasha7', 'Rosalino2', 'Sesto8', 'Folco4', 'Nestore5', 'Lazzaro2', 'Ettore0', 'Violante6', 'Santo9', 'Siro9', 'Radames7', 'Lidia6', 'Prisca3', 'Ileana5']
['Luce0', 'Marieva8', 'Loredana6', 'Cleopatra5', 'Pacifico5', 'Sibilla4', 'Carlo1', 'Folco8', 'Gaetano5', 'Renato5', 'Karim1', 'Gilda5', 'Nestore7', 'Clodovea2', 'Monia6', 'Nazzareno0', 'Cleopatra1', 'Alan9', 'Alighieri1', 'Vinicio8']
['Rosalino0', 'Danuta0', 'Diamante6', 'Celeste3', 'Priamo0', 'Ermes4', 'Giulio2', 'Sandro2', 'Joshua3', 'Vania3', 'Serse1', 'Bettino1', 'Irene7', 'Erminia5', 'Folco0', 'Quirino1', 'Avide3', 'Michele7', 'Gioacchino7', 'Marino8']
['Adriano0', 'Teseo4', 'Deborah2', 'Sebastian2', 'Patrizio4', 'Fabiano1', 'Marcella0', 'Orfeo5', 'Jari0', 'Joannes5', 'Adriano1', 'Siro2', 'Ivano3', 'Cleros7', 'Mariagiulia9', 'Sesto4', 'Noah6', 'Ercole4', 'Cira8', 'Caligola7']
['Gianantonio3', 'Genziana8', 'Luce6', 'Rita6', 'Emidio9', 'Kai5', 'Edilio6', 'Marcella3', 'Walter7', 'Jacopo4', 'Edipo4', 'Marieva7', 'Sebastian4', 'Loredana0', 'Cassiopea3', 'Amedeo1', 'Umberto6', 'Priamo8', 'Tancredi5', 'Gianmarco5']
['Cassiopea8', 'Mietta2', 'Tolomeo6', 'Davide1', 'Renzo5', 'Penelope5', 'Ruth1', 'Nathan9', 'Mietta1', 'Gregorio7', 'Jack2', 'Akira3', 'Nico6', 'Eriberto1', 'Brigitta5', 'Assia4', 'Gianleonardo6', 'Iacopo2', 'Dante0', 'Cleros5']
['Ian2', 'Silvano4', 'Eustachio1', 'Siro8', 'Brigitta8', 'Noel4', 'Umberto0', 'Pablo9', 'Domiziano7', 'Costantino7', 'Nestore8', 'Marzio6', 'Elsa0', 'Fortunata0', 'Laerte9', 'Tancredi4', 'Eriberto9', 'Amerigo1', 'Davide5', 'Deborah4']
['Pablo7', 'Guido1', 'Marina6', 'Alberto5', 'Anastasio3', 'Caio6', 'Tristano8', 'Eliziario6', 'Augusto8', 'Concetta5', 'Eusebio6', 'Benedetta1', 'Timoteo4', 'Lidia0', 'Marina4', 'Trevis3', 'Tancredi6', 'Folco6', 'Emanuel3', 'Maika6']
['Karim8', 'Concetta9', 'Osvaldo5', 'Ercole9', 'Primo1', 'Sirio1', 'Tazio7', 'Secondo0', 'Jacopo3', 'Aroldo4', 'Joseph3', 'Rosalba1', 'Fiorenzo1', 'Miriana7', 'Enzo6', 'Samira6', 'Gianantonio6', 'Moreno5', 'Nathan2', 'Romeo2']
['Jarno1', 'Ermes9', 'Costanzo6', 'Manfredi5', 'Mietta0', 'Filomena3', 'Quarto3', 'Odone8', 'Vania2', 'Maika9', 'Romeo4', 'Gelsomina6', 'Claudia1', 'Giorgio2', 'Demi6', 'Sarita7', 'Demi9', 'Renzo6', 'Bettino8', 'Tazio1']
['Odino6', 'Albino1', 'Osea9', 'Gerlando9', 'Matilde9', 'Michael9', 'Gregorio2', 'Timoteo5', 'Matteo9', 'Ethan7', 'Cleopatra7', 'Nico1', 'Zelida4', 'Antonino6', 'Marzio5', 'Nestore4', 'Maggiore2', 'Giacinto6', 'Graziano0', 'Giancarlo3']
['Valdo2', 'Cleros2', 'Jole3', 'Anastasio7', 'Cleros6', 'Mauro7', 'Orfeo4', 'Liborio8', 'Iacopo1', 'Rosolino0', 'Deborah9', 'Lia2', 'Raniero0', 'Secondo5', 'Ausonio0', 'Rufo5', 'Edilio5', 'Sue0', 'Armando0', 'Azue3']
['Filomena4', 'Giulietta7', 'Enrico1', 'Carmela6', 'Giorgio6', 'Thea5', 'Mirko6', 'Lauro5', 'Alessio7', 'Fabio9', 'Fatima0', 'Nicoletta3', 'Gianriccardo3', 'Folco3', 'Bibiana6', 'Elda2', 'Laura9', 'Alighiero7', 'Rebecca6', 'Ludovico9']
['Odone4', 'Sabatino1', 'Isabel6', 'Cira7', 'Xavier5', 'Bortolo9', 'Miriana9', 'Osea0', 'Kris2', 'Enzo7', 'Benedetta5', 'Walter1', 'Quasimodo0', 'Orfeo1', 'Anselmo3', 'Santo3', 'Luigi4', 'Ian0', 'Antimo9', 'Ferdinando6']
['Ubaldo1', 'Fabiano3', 'Liborio4', 'Clodovea1', 'Marianita8', 'Elsa1', 'Noah0', 'Lisa0', 'Davide8', 'Erminio4', 'Giorgio3', 'Assia0', 'Raoul7', 'Marianita5', 'Antonio9', 'Diamante4', 'Sirio6', 'Marianita7', 'Zaccaria2', 'Primo9']
['Oretta5', 'Enzo3', 'Damiana2', 'Giovanna5', 'Furio5', 'Armando8', 'Oretta9', 'Joseph7', 'Ulrico6', 'Trevis8', 'Kayla3', 'Radames1', 'Nabil5', 'Arduino5', 'Mariano0', 'Hector0', 'Doriana2', 'Nestore6', 'Samira4', 'Tolomeo0']
['Demis2', 'Loretta1', 'Osea1', 'Kayla9', 'Mattia9', 'Marzio4', 'Carmela3', 'Mecren9', 'Mattia6', 'Muzio8', 'Elga3', 'Bortolo5', 'Nathan3', 'Fortunata6', 'Gavino8', 'Laerte5', 'Marzio7', 'Dylan9', 'Emanuel1', 'Marianita1']
