['Devin', 'Zelma', 'Issac', 'Lydia', 'Ollie', 'Cindy', 'Donny', 'Daisy', 'Elsie', 'Rhett', 'Renee', 'Maria', 'Hilda', 'Betsy', 'Elena', 'Audra', 'Mitch', 'Orval', 'Clara', 'Mario', 'Randi', 'Rufus', 'Grant', 'Verna', 'Sofia']
['Josef', 'Elias', 'Tessa', 'Erica']
['Chris']
['Jayne', 'Julia', 'Holly', 'Wyatt', 'Darin', 'Clyde', 'Sally', 'Tanya']
['Elmer', 'Alvin', 'Bryon', 'Chase', 'Brian', 'Craig', 'Janis', 'Tammi', 'Tonya', 'Benny']
['Viola', 'Joyce']
['Staci', 'Cyrus', 'Queen', 'Teddy', 'Wanda', 'Jacob', 'Alice']
['Jonah', 'Emery', 'Quinn', 'Ervin', 'Mikel', 'Josie', 'Ebony', 'James', 'Essie', 'Clark', 'Tasha', 'Ilene', 'Louis', 'Aaron', 'Maude', 'Jared', 'Ronny', 'Monty', 'Leann', 'Tyron', 'Julio', 'Garry', 'Kelly', 'Percy', 'Brant', 'Elvin']
['Naomi', 'Candy', 'Adele', 'Steve', 'Tracy', 'Trent', 'Leona', 'Wally', 'Carly', 'Lauri', 'Chang', 'Gayle', 'Kevin', 'Davis', 'Brady', 'Jamel', 'Peter', 'Erick', 'Brock', 'Fidel', 'Dwain', 'Sammy', 'Willy', 'Linda', 'Lanny', 'Cliff', 'Karen', 'Merle', 'Twila']
['Sadie', 'Greta', 'Marcy', 'Paige', 'Edwin', 'Rhoda', 'Dusty', 'Fritz', 'Sybil', 'Tonia', 'Elvia']
['Allan', 'Aline', 'Moses', 'Lorie', 'Cesar', 'Bruno', 'Marty', 'Dario', 'Mandy', 'Corey', 'Mamie', 'Clint', 'Nancy']
['Nadia']
['Della', 'Maura', 'Ellen', 'Mitzi', 'Karin', 'Irvin', 'Jamar', 'Ariel', 'Odell', 'Roxie', 'Kathy', 'Sonja', 'Leila', 'Shane', 'Homer', 'Robin', 'Moshe', 'Terri']
['Jaime', 'Nelda', 'David', 'Janet', 'Doris', 'Vicky', 'Tommy', 'Marla', 'Margo', 'Dixie', 'Kayla', 'Malik', 'Melba', 'Claud', 'Lyman', 'Wendi', 'Freda', 'Brent', 'Sheri', 'Shaun', 'Dante', 'Mason', 'Pedro']
['Bryan', 'Britt', 'Erika', 'Casey', 'Chong', 'Bryce', 'Lorna', 'Sandy', 'Katie', 'Rusty', 'Wendy', 'Robyn', 'Flora', 'Daron', 'Emily']
['Terry', 'Felix', 'Laura', 'Nikki', 'Hazel', 'Helga', 'Effie', 'Major', 'Timmy', 'Olive', 'Misty', 'Adela', 'Micah']
['Mable', 'Bobbi', 'Carla', 'Vilma', 'Patti', 'Arlen', 'Annie', 'Ruben', 'Eddie']
['Myron', 'Roger', 'Ahmad', 'Buddy', 'Leroy', 'Bette', 'Sonny', 'Joann', 'Amber', 'Deann', 'Debra', 'April', 'Jason']
['Lucio', 'Barry', 'Becky', 'Ernie', 'Basil', 'Perry', 'Avery', 'Wilma', 'Amado', 'Kirby', 'Billy', 'Hyman', 'Lacey', 'Donna', 'Randy', 'Berta', 'Roman', 'Pansy', 'Pearl']
['Danny', 'Marci', 'Alton']
