['7', '28', '86', '102', '213', '245']
['34', '49', '211', '216', '236', '248']
['65']
['16', '217', '231']
['45', '53', '103', '134', '222', '242']
['35', '101', '145', '185']
['153', '161', '177', '194', '205', '230']
['8', '36', '113', '143', '178', '204']
['44', '71', '74', '83', '96', '210']
['0', '43', '149', '206', '215']
['19', '50', '84', '99', '164', '239']
['15', '82', '186', '200', '221', '240']
['27', '61', '135', '139', '167', '244']
['73', '132', '169']
['25', '31', '38', '59', '81', '192']
['13', '40', '54', '55', '69', '98']
['11', '136', '184', '212', '227']
['46', '47', '100', '181', '209', '247']
['121']
['66', '152', '160', '203', '208', '229']
['33', '85', '93', '189', '219', '235']
['41', '52', '62', '63', '129', '156']
['48', '170', '193', '225', '228', '233']
['51', '72', '120', '123', '159', '174']
['6', '17', '119', '137', '175', '198']
['104', '109', '163', '180', '246']
['79', '80', '89', '90', '131', '154']
['57', '64', '115', '116', '226', '241']
['207']
['39', '56', '76', '77', '106', '130']
['3', '126', '183', '195', '223', '232']
['58', '107', '111', '220', '238', '243']
['9', '24', '88', '171', '188']
['60']
['21', '127', '128', '140', '157', '249']
['22', '37', '94', '105', '124', '141']
['20', '32', '68', '182', '190', '250']
['5', '87', '97', '224']
['70', '75', '91', '117', '179', '201']
['29']
['30', '133', '138', '146', '147', '158']
['2', '12', '165', '166', '168', '172']
['1', '26', '42', '78', '114', '191']
['118', '142', '151', '202', '237']
['10', '18', '95', '108', '122', '187']
['176']
['4', '67', '92', '112', '162', '199']
['14', '23', '125', '144', '196', '197']
['148', '155', '173', '214', '234']
['110', '150', '218']
