['Lucas', 'Ryan', 'Thomas', 'Eli', 'Jose', 'Juan', 'Rhett', 'Nicolas', 'Brian']
['Theodore', 'Easton', 'Micah', 'Ryder', 'Jasper', 'Alejandro', 'Kenneth', 'Omar', 'Phoenix', 'Finley']
['Oliver', 'Daniel', 'Asher', 'Colton', 'Bryson', 'Cooper', 'Zachary', 'Maddox', 'Kaden', 'Jaden']
['Mason', 'Andrew', 'Charles', 'Robert', 'Axel', 'Silas', 'Beau', 'Charlie', 'Brady', 'Rafael']
['William', 'Sebastian', 'Levi', 'Christopher', 'Hunter', 'Dominic', 'Elias', 'Blake', 'Joel']
['Michael', 'Jonathan', 'Carson', 'Kaiden', 'Giovanni', 'Jesus', 'Brooks', 'Lukas', 'Israel', 'Corbin']
['James', 'Josiah', 'Angel', 'Brayden', 'Nathaniel', 'Richard', 'Aidan', 'Knox', 'Remington', 'Amari']
['John', 'Owen', 'Anthony', 'Caleb', 'Austin', 'Bentley', 'Jude', 'Patrick', 'Matteo', 'Zion']
['Isaac', 'Grayson', 'Ezra', 'Declan', 'Kai', 'Waylon', 'Xander', 'Myles', 'Javier', 'Cayden']
['Julian', 'Santiago', 'Luca', 'Antonio', 'Finn', 'Abraham', 'Kaleb', 'Kyle', 'Riley', 'Archer']
['Carter', 'Xavier', 'Tristan', 'Amir', 'Elliot', 'Matias', 'Arthur', 'Adriel', 'Erick', 'Beckham']
['Ethan', 'Jackson', 'Samuel', 'Jameson', 'Ivan', 'Rowan', 'Timothy', 'Steven', 'Zayden', 'Caden']
['Matthew', 'Cameron', 'Adam', 'Braxton', 'George', 'Calvin', 'Bryce', 'August', 'Francisco', 'Tobias']
['Ezekiel', 'Parker', 'Gavin', 'King', 'Brody', 'Jax', 'Derek', 'Legend', 'Walter', 'Colt']
['Gael', 'Lorenzo', 'Bryan', 'Clayton', 'Tanner', 'Manuel', 'Ace']
['Connor', 'Everett', 'Damian', 'Edward', 'Grant', 'Preston', 'Messiah', 'Griffin', 'Felix', 'Emilio']
['Logan', 'Joseph', 'Jordan', 'Jace', 'Kayden', 'Harrison', 'Brandon', 'Ashton', 'Kyrie', 'Jorge']
['Henry', 'Joshua', 'Carlos', 'Tucker', 'Dawson', 'Andres', 'Enzo', 'Simon']
['Noah', 'Elijah', 'Lincoln', 'Jeremiah', 'Justin', 'Graham', 'Maximus', 'Zane', 'Chance', 'Iker']
['Alexander', 'Wyatt', 'Christian', 'Ian', 'Jaxson', 'Maxwell', 'Alan', 'Elliott', 'Jeremy', 'Peter']
['Tyler', 'Ryker', 'Alex', 'Victor', 'River', 'Emiliano', 'Thiago', 'Damien']
['Benjamin', 'Roman', 'Chase', 'Sawyer', 'Leonardo', 'Marcus', 'Colin', 'Bradley', 'Dallas', 'Reid']
['Luke', 'Gabriel', 'Landon', 'Leo', 'Hudson', 'Ayden', 'Kevin', 'Diego', 'Milo', 'Martin']
['Jayden', 'Jaxon', 'Jason', 'Bennett', 'Karter', 'Miguel', 'Dean', 'Jake', 'Sean', 'Emerson']
['am', 'Kingston', 'Eric', 'Abel', 'Camden', 'Barrett', 'Louis', 'Nash', 'Karson', 'Theo']
['Jacob', 'David', 'Adrian', 'Maverick', 'Miles', 'Malachi', 'Jesse', 'Oscar', 'Judah', 'Killian']
['Aiden', 'Nathan', 'Weston', 'Luis', 'Jayce', 'Jonah', 'Paul', 'Beckett', 'Josue', 'Cody']
['Mateo', 'Aaron', 'Isaiah', 'Nicholas', 'Greyson', 'Vincent', 'Wesley', 'Leon', 'Andre', 'Eduardo']
['Dylan', 'Nolan', 'Emmett', 'Emmanuel', 'Brantley', 'Mark', 'Paxton', 'Holden', 'Gunner', 'Cash']
['Jack', 'Evan', 'Cole', 'Max', 'Hayden', 'Avery', 'Zander', 'Stephen', 'Kameron', 'Rylan']
