['376']
['77']
['159', '301', '364']
['174']
['65']
['272']
['276']
['207']
['363']
['55']
['476']
['356']
['258', '353']
['131']
['111']
['137']
['20', '149', '262', '318']
['464']
['147']
['392', '446']
['67']
['266']
['22', '115', '118', '155', '343', '361', '367', '399', '422', '455']
['303']
['52', '183', '292', '407', '410', '493']
['300']
['81']
['316']
['315']
['290']
['29', '36', '116', '140', '176', '216', '252', '310', '345', '360', '374', '416']
['165', '230']
['285']
['233']
['88']
['1', '15', '35', '73', '99', '205', '240', '312', '350', '418', '439', '497']
['306']
['3', '59']
['11']
['339']
['63', '102', '387', '467']
['8', '41', '400']
['351']
['481']
['51', '484']
['490']
['78']
['282']
['184']
['209']
['5', '23', '25', '40', '43', '57', '61', '100', '125', '145', '171', '234', '244', '255', '256', '263', '286', '314', '332', '403', '436', '441', '445', '458']
['401']
['163', '208', '494']
['6', '28', '93', '122', '185', '309', '368', '424', '496']
['340', '378', '451']
['18']
['196', '384']
['352']
['30']
['153']
['47', '54', '56', '134', '146', '169', '198', '224', '243', '245', '273', '280', '331', '342', '369', '372', '393', '427', '478']
['39', '44', '89', '119', '120', '136', '308', '386', '398', '429', '453', '465']
['151', '281', '283']
['48']
['69', '237']
['82']
['470']
['12']
['38', '68', '107', '177', '187', '325', '347', '381', '382', '413', '419', '423', '433']
['253', '288']
['191', '428', '463']
['227']
['16']
['180', '311', '406']
['330']
['377']
['13', '143', '182', '321', '358']
['31']
['170', '362', '471']
['394']
['491']
['104', '167', '219', '241', '432', '450']
['157']
['24', '457']
['135']
['334']
['201']
['90']
['110', '161', '190', '442', '469', '474', '487']
['242']
['402']
['248']
['203']
['179']
['217', '421']
['246']
['33', '34', '144', '158', '317', '462', '473', '479']
['212']
['313']
['391']
['218']
['150', '346']
['0']
['277']
['302']
['26', '333', '448']
['10', '84', '130', '222', '370']
['71']
['284', '304']
['156', '202', '389', '454']
['475']
['42', '279', '482']
['19', '83', '124', '128', '164', '181', '344', '385', '390', '404']
['166', '328', '383']
['60', '74', '80', '220', '278', '299', '359', '396', '447', '488', '499']
['114']
['295']
['14']
['460']
['466']
['229', '297']
['322']
['483']
['225']
['27']
['425']
['250']
['357']
['186']
['2', '348', '388', '495']
['132']
['192']
['319', '375']
['329']
['289', '373', '408']
['430']
['95', '195', '420', '485']
['117', '235', '395']
['293']
['152']
['162', '236']
['449']
['365']
['109']
['9']
['97']
['434']
['45', '206']
['98']
['200']
['366']
['215']
['75', '296']
['62']
['274', '452']
['7', '76', '85', '148', '154', '260', '335', '336', '444', '461', '498']
['238']
['435']
['264']
['108', '123', '341']
['50']
['305']
['472']
['417']
['189']
['355']
['21']
['486']
['193']
['265']
['92', '412']
['214']
['338']
['261']
['70']
['32', '121', '175', '327']
['46']
['323']
['456']
['249', '268']
['49', '64', '106', '211', '371', '438']
['210']
['251']
['86', '127', '307', '414']
['37', '380']
['72']
['168', '247', '254', '275']
['96']
['231', '405']
['178']
['172']
['91', '492']
['58', '103', '105', '139', '141', '173', '257', '291', '298', '320', '349', '426', '477']
['337']
['480']
['226']
['440']
['160', '324', '443']
['213']
['4', '66', '221', '267', '409', '415', '459']
['142']
['228', '239']
['17', '53', '271', '326', '354', '437', '489']
['223']
['112']
['87', '133']
['270', '294', '379', '397']
['188', '194', '411', '468']
['79', '94', '113', '126', '197', '287', '431']
['199', '269']
['101', '129']
['138', '204', '259']
['232']
