['382']
['108', '345']
['83', '95', '99', '101', '129', '142', '152', '177', '182', '186', '204', '210', '221', '225', '236', '276', '286', '317', '375', '398']
['138']
['150', '273']
['309']
['6', '8', '61', '119', '135', '165', '174', '188', '196', '227', '258', '275', '303', '331', '374', '379']
['337']
['96']
['48', '241', '282', '285', '344']
['161']
['70', '131', '206', '361', '387']
['98', '125', '364']
['261']
['62', '166', '230']
['346']
['7', '9', '213', '246', '357', '360', '395']
['232']
['88', '377']
['23', '80', '158', '171', '208', '228', '238', '243', '278', '293', '306', '325', '332', '341', '347', '390']
['207']
['79']
['224']
['39', '59', '71', '89', '151', '190', '217', '234', '255', '301', '394']
['68', '77', '81', '84', '92', '94', '103', '140', '195', '240', '249', '257', '280', '281', '284', '289', '362', '368', '384', '396']
['17', '176', '223']
['192']
['86']
['11', '43', '90', '127', '160', '173', '290', '294', '348']
['3', '65', '105']
['393']
['46', '122', '292', '299', '324']
['229']
['149', '320', '322', '342']
['226', '365']
['193']
['54', '64', '75', '185', '237', '263', '321']
['168']
['256', '378']
['330']
['26', '82', '116', '145', '148', '153', '172', '209', '219', '251', '269', '343', '356', '363', '367', '385', '389']
['202']
['24', '57', '66', '87', '143', '163', '199', '222', '260', '287', '297', '318', '323', '376']
['25', '74', '262']
['120']
['272']
['29']
['2', '47', '218']
['91']
['40', '144', '351', '373']
['329']
['170']
['41', '117', '137', '191', '244', '326', '399']
['69']
['248', '336']
['305']
['338']
['5', '16', '44', '85', '106', '112', '231']
['200']
['372']
['13', '15', '55', '76', '268', '308', '313', '397']
['124']
['370']
['36', '184', '283', '298', '302', '319', '383']
['22', '316']
['50', '56', '97', '156', '216']
['267', '277']
['18', '189']
['353']
['30', '45', '72', '73', '102', '109', '114', '141', '179', '180', '201', '215', '252', '266', '274', '335', '350', '355', '366', '391']
['0']
['295']
['12', '19', '21', '49', '107', '110', '118', '133', '157', '181', '187', '214', '247', '254', '315', '339', '352', '359', '369', '381']
['4', '27', '31', '58', '147', '162', '183', '311', '312', '340']
['300']
['10', '67', '100', '123', '154', '155', '159', '175', '178', '211', '242', '253', '279', '296', '328', '354', '380']
['115', '146', '245']
['63', '167', '259']
['1', '32', '37', '51', '78', '104', '111', '130', '132', '134', '136', '164', '212', '220', '250', '264', '270', '334', '349', '392']
['20', '386']
['358']
['33', '52', '93', '139', '194', '233', '291', '304', '307', '310', '333', '388']
['28']
['35']
['203']
['288']
['14', '113', '239', '271', '314']
['60', '371']
['128']
['126']
['169']
['205']
['198']
['197']
['34', '42', '121']
['265']
['327']
['53']
['235']
['38']
