['49', '93', '226', '243', '287', '307', '388', '475']
['4', '43', '72', '104', '151', '152', '188', '279', '399', '456']
['16', '24', '35', '135', '182', '211', '213', '242', '258', '341', '357', '409', '451', '467']
['20', '30', '79', '254', '309', '313', '359', '431', '464']
['33', '36', '106', '109', '146', '163', '273', '284', '301', '377', '392', '428']
['41', '86', '89', '136', '177', '209', '247', '288', '378', '424', '463', '466', '469']
['3', '38', '57', '116', '156', '215', '235', '251', '320', '381', '405']
['101', '128', '159', '232', '294', '348', '369', '383', '398', '468']
['17', '67', '82', '271', '321']
['165', '192', '203', '230', '286', '367', '485']
['26', '88', '99', '139', '198', '221', '238', '312', '323', '342', '356', '387', '443', '445']
['11', '21', '42', '147', '160', '328', '333', '397', '452', '461']
['85', '204', '212', '261', '296', '343', '352', '368', '444', '458', '486']
['8', '208', '272', '319', '366', '375', '394', '477', '478']
['9', '125', '132', '329', '365']
['19', '77', '115', '154', '207', '214', '276', '419', '499']
['15', '25', '75', '100', '102', '127', '224', '249', '250', '256', '299', '306', '396', '401', '492']
['51', '65', '70', '73', '91', '92', '155', '157', '193', '231', '241', '298', '305', '324', '325', '393', '417', '462', '470']
['78', '245', '281', '318', '345', '454']
['120', '233', '240', '473']
['44', '60', '71', '105', '143', '189', '227', '290', '302', '334', '481']
['37', '170', '176', '191', '195', '263', '289', '332', '339', '354', '390', '442', '447', '487', '496']
['6', '34', '66', '108', '112', '225', '237', '270', '278', '280', '314', '413', '415', '474', '497']
['62', '97', '113', '117', '144', '186', '379', '385', '414', '422']
['54', '63', '64', '84', '141', '174', '194', '222', '253', '269', '293', '295', '372', '373', '400', '412', '423', '441', '453']
['0', '7', '23', '52', '168', '236', '262', '337', '421', '435', '440', '465', '489']
['360']
['80', '118', '216', '239', '277', '283', '363', '403', '472', '495']
['129', '131', '252', '308', '418', '426', '455', '459', '493']
['95', '96', '175', '183', '197', '210', '244', '326', '336', '427', '433', '460', '476', '488']
['76', '138', '153', '164', '201', '220', '248', '266', '362', '425', '438', '494']
['180']
['149', '217', '404']
['18', '81', '171', '185', '196', '205', '206', '228', '358', '370', '382', '416']
['12', '48', '61', '74', '83', '87', '142', '181', '218', '297', '310', '349', '434', '479']
['59', '98', '150', '199', '268', '303', '315', '484']
['13', '50', '173', '190', '219', '304', '347', '364', '430', '450']
['31', '103', '122', '123', '179', '229', '255', '331', '335', '346', '436', '448', '483']
['55', '124', '158', '161', '166', '311', '386', '395', '411', '482']
['45', '119', '121', '145', '282', '292', '344', '389', '480']
['22', '29', '32', '56', '111', '172', '202', '376', '410']
['40', '53', '107', '265', '275', '322', '330', '338', '408', '420', '437', '471']
['1', '94', '110', '114', '259', '300']
['69', '200', '351', '384', '429', '432', '449', '457']
['58', '126', '130', '162', '167', '169', '184', '234', '353', '355', '371', '391', '490', '491']
['5', '14', '137', '267', '285', '317', '350', '361']
['10', '27', '28', '46', '68', '90', '178', '187', '246', '257', '260', '274', '374', '406', '498']
['39', '140', '148', '291', '446']
['2', '133', '223', '340', '380', '402', '439']
['47', '134', '264', '316', '327', '407']
