['356']
['23', '24', '90', '91', '92', '93', '95', '103', '145', '158', '161', '165', '167', '183', '204', '214', '217', '226', '256', '257', '279', '280', '305', '342', '399', '416', '452']
['2', '22', '27', '28', '29', '33', '133', '142', '147', '196', '234', '239', '254', '291', '325', '326', '344', '348', '360', '361', '364', '449', '453']
['13', '14', '49', '50', '132', '135', '153', '162', '180', '181', '199', '227', '238', '310', '313', '345', '346', '351', '362', '383', '405', '411', '432', '441', '442', '443', '450']
['4', '7', '8', '106', '121', '154', '177', '191', '202', '260', '261', '286', '296', '297', '298', '307', '323', '324', '332', '363', '369', '404', '406', '424', '429', '458', '482']
['265']
['47', '117', '211', '264', '287', '466', '483', '484']
['107']
['58', '59', '84', '89', '100', '110', '134', '138', '184', '216', '219', '224', '248', '267', '268', '269', '321', '322', '341', '388', '457', '481']
['25', '278', '337', '375', '389', '390', '430', '490', '491']
['5', '10', '45', '60', '77', '78', '82', '83', '97', '164', '178', '213', '220', '247', '352', '355', '372', '425', '439']
['11', '34', '87', '94', '149', '159', '160', '172', '205', '339', '397', '419', '462']
['139', '140', '262', '263', '288', '395']
['62', '108', '123', '187', '188', '193', '215', '235', '340', '384', '426', '456']
['409']
['26', '44', '61', '63', '64', '73', '105', '128', '185', '218', '273', '328', '353', '368', '379', '423', '485']
['42', '86', '157', '186', '282', '380', '465', '470', '488', '499']
['36', '231', '232', '249', '420', '479']
['3', '41', '189', '190', '244', '294', '295', '316', '319', '373', '374', '393', '447', '451', '467']
['68', '102', '174', '359']
['116', '212', '251', '299', '334', '347', '407', '408', '436', '474', '478']
['35', '126', '168', '206', '272', '290', '370', '376', '391', '414', '415', '486']
['125', '175', '203', '394', '448', '460']
['0', '88', '146', '241', '243', '250', '338']
['480']
['70']
['43', '109', '115', '118', '166', '194', '289', '292']
['57', '74', '85', '223', '270', '335', '459']
['17', '40', '122', '141', '179', '222', '233', '259', '303', '327', '336', '412', '469', '487', '492']
['30', '31', '99', '112', '150', '156', '169', '210', '253', '402', '440', '495', '496']
['143', '201', '255']
['37', '56', '318', '403', '413', '498']
['9', '32', '38', '54', '55', '120', '130', '182', '209', '320', '350']
['21', '111', '119', '137', '173', '208', '230', '266', '306', '433', '471', '477', '489', '494']
['80', '96', '225', '246', '468', '475']
['19', '20', '101', '124', '151', '152', '236', '237', '283', '308', '309', '358', '366', '418']
['52', '76', '79', '198', '240', '242', '300', '301', '302', '343', '349', '386', '387', '493']
['15', '18', '48', '127', '148', '197', '304', '329', '365', '367', '371', '398', '461']
['275', '277', '284', '435', '454', '455', '463', '464']
['431']
['98', '113', '129', '192', '200', '314', '382', '427', '428', '434']
['16', '39', '155', '245', '333']
['396']
['6', '51', '53', '67', '144', '176', '221', '228', '252', '276', '315', '354', '377', '378', '392', '472']
['281', '497']
['357']
['66', '72', '114', '285', '410', '438']
['12', '46', '81', '131', '163', '312', '385', '417', '445', '446']
['1', '65', '69', '71', '104', '136', '170', '171', '195', '207', '229', '258', '271', '274', '293', '311', '317', '330', '331', '381', '421', '422', '437', '444']
['75', '400', '401', '473', '476']
