['0', '5', '6', '9', '78', '230', '235', '237', '309', '473', '474']
['12', '13', '42', '43', '112', '133', '289', '321', '334', '335', '354']
['98', '147', '179', '182', '183', '184', '218', '220', '225', '226', '227']
['4', '271', '365', '451', '452']
['44', '45', '54', '82', '83', '84', '316', '317', '336', '337', '465']
['31', '32', '68', '74', '141', '186', '187', '208', '209', '371']
['61', '69', '70', '72', '73', '75', '76', '77', '303']
['104', '192', '193', '265', '266', '322', '426', '427']
['1', '91', '161', '162', '169', '173', '174', '175', '276', '372', '485']
['2', '116', '117', '128', '160', '163', '168', '233', '378', '393', '394']
['270', '274', '275', '284', '341', '358', '359', '413', '414', '479']
['18', '164', '165', '166', '176', '367', '445', '446', '447']
['90', '94', '97', '99', '330', '332', '333', '410', '411', '425', '476']
['7', '8', '180', '189', '202', '203', '424', '441', '448', '449']
['66', '67', '111', '114', '401', '402', '409', '492']
['152', '153', '154', '250', '251', '252', '253', '257', '258', '259', '386']
['190', '241', '388', '389', '440', '442', '450', '455', '456', '457', '458']
['11', '23', '24', '198', '199', '222', '223', '228', '229', '318', '355']
['30', '34', '35', '37', '261', '262', '290', '291', '305', '306', '307']
['36', '120', '125', '126', '127', '287', '288', '325', '423', '461']
['3', '20', '27', '28', '29', '300', '304', '308']
['46', '134', '201', '214', '215', '313', '381', '434', '467']
['21', '81', '95', '210', '216', '217', '360', '368']
['139', '170', '177', '178', '194', '232', '331', '397']
['50', '57', '58', '155', '156', '191', '200', '204', '205', '207', '463']
['129', '196', '197', '348', '349', '370', '373', '374', '493', '494']
['19', '51', '131', '145', '146', '272', '405']
['93', '151', '159', '212', '213', '482', '483']
['53', '80', '85', '87', '88', '89', '224', '249', '470', '471', '472']
['121', '122', '130', '138', '296', '356', '357', '362', '363', '364']
['15', '92', '243', '244', '292', '293', '294', '338', '395', '399']
['195', '326', '327', '328', '460', '462', '490', '491', '495', '497', '499']
['41', '55', '86', '206', '285', '286', '384']
['240', '242', '260', '263', '264', '267', '269', '339']
['123', '400', '406', '407', '408', '433']
['39', '56', '158', '181', '268', '273', '345', '436']
['22', '26', '234', '282']
['59', '132', '188', '301', '302', '311', '319', '351']
['52', '108', '109', '219', '320', '329', '419', '464', '475', '487', '488']
['10', '14', '16', '17', '60', '62', '63', '64', '65', '124', '299']
['106', '107', '148', '390', '391', '392', '396', '486']
['71', '79', '310', '312', '314', '315', '366', '369', '459']
['140', '142', '143', '144', '149', '167', '377', '453', '454', '468', '469']
['172', '277', '278', '279', '379', '380', '382', '383', '385', '387', '498']
['100', '102', '103', '280', '281', '283', '295', '480', '481', '484', '489']
['135', '136', '344']
['105', '245', '246', '247', '248']
['38', '101', '115', '150', '157', '236', '256', '346', '347', '466']
['297', '298', '350', '353', '412', '443', '444']
['25', '110', '113', '118', '119', '420', '422', '429']
['323', '324', '352', '361', '375', '376', '416', '417', '418', '477', '478']
['137', '415']
['171', '211', '340', '342', '343', '398', '403', '404', '428', '496']
['96', '221', '231', '238', '239', '430', '431', '432', '437', '438', '439']
['33', '40', '47', '48', '49', '185', '254', '255', '421', '435']
