['HVAAR', 'QJUJE', 'OENOT', 'BVKPC', 'IDOHH', 'XBVDI', 'SEVGN', 'IBFSE', 'BCKDA', 'VGTYI', 'JPWDA', 'KTXRI', 'LPRGT', 'PKUWP', 'UMQSO', 'ALNHK', 'FIBZD']
['LMDUZ', 'JEHBC', 'HAPCQ', 'YHWVK', 'KXFFP', 'CSGGY', 'ABQJV', 'NNLIE', 'NRRFB', 'JWNLZ', 'DWGDE', 'GXAOE', 'UXUZX', 'RSFHX', 'RWIWJ', 'TLKIE', 'VCMUY']
['SEJRA', 'MUUIL', 'IQLHD', 'XMJJP', 'AALPZ', 'SOVUQ', 'LVMLT', 'FBZDZ', 'HUNXU', 'XIGOI', 'WNDOP', 'QVEIA', 'USRDK', 'TJFHX', 'FRVNO', 'AHXXM', 'MCXWP', 'OZSQX', 'OXZCV', 'ZKMSA', 'UHIOD', 'UHFXM', 'NCCJD', 'JCTBB', 'DNOMK']
['ZCMCP', 'FIIIX', 'CTLHM', 'UYUIP']
['RCWOS', 'UMQRP', 'KZBFF', 'DDGZR', 'GBEQY', 'XHKTV', 'MBBZL', 'CRSZF', 'GWEZA', 'FMFZO', 'QHQUF']
['BHECC', 'EBQJA', 'NPJSC', 'OBCSZ', 'EXERI', 'SDCRN', 'FLAIE', 'LFYYV', 'AEXQY', 'FQYNK', 'SURGB', 'WWCYP', 'VISUM', 'RDCHE', 'SMDTK', 'HOCJP', 'MRNHH', 'OVNTP', 'FSIEJ', 'HKSDK']
['LBYAL', 'NSSHB', 'NZQKM', 'RZJZX', 'IXEZM', 'KBDMG', 'QBYJR']
['PUFAY', 'ADKIG', 'ZXEUD', 'GKPPL', 'XADCG', 'VQUBW', 'FWTXB', 'IOHXF', 'METWY', 'JRNKY', 'VBXTL', 'VKHOX']
['EIREK', 'VFXSF', 'ENWEC', 'PDNXQ', 'YYNPW', 'WAZOJ', 'BSOUP']
['CZQAC', 'YPSZJ', 'AZDHE', 'XQYCU', 'TPIXY', 'TQUPW', 'JECON', 'MTXFY', 'KDZDK', 'XYABI', 'GPKTZ', 'VUZHE', 'XVOGO', 'ASGXO', 'LMZAF']
['QQCGU', 'ZMCMD', 'FXFHY', 'CYVWU', 'AUIRW', 'IHIWD', 'NCWPX', 'JFKWJ', 'QSIZR', 'WHBFR', 'VFWVV', 'QSAIM', 'SUEUT', 'VHWPC']
['NMUXG', 'VQTXV', 'VLACB', 'FHCPP', 'GKYTD', 'FYSSP', 'KCPYN', 'OYLVF', 'WTAGZ', 'UDEWT', 'RNMID', 'WGNBW', 'YVULZ', 'JFOPY', 'MIMWO', 'QMBKL', 'YMAKV', 'JCWPV', 'LGPGN', 'EGYBS', 'JJDHO', 'JMPSL']
['GAUGX', 'RFDDK', 'PQYKQ', 'SLHLJ', 'ZNTDR', 'PBAWW', 'VVMSW', 'PUWYW', 'VMRKJ', 'JAGAT']
['XZTVE', 'QFZCO', 'QYCKH', 'FKSNY', 'ZUYFN', 'ELBRQ', 'VSARS', 'CHCYT', 'REVQE', 'KQZVU', 'QLDQR', 'TJTMV', 'RQZDB', 'VNIQM', 'QFSQF', 'JGIMA', 'BXGAG', 'GKOUL', 'NLQQX', 'SEUJM', 'ERXLL', 'UEFBC', 'JPLIB', 'FYAYI', 'NKEPZ']
['PHXOS', 'FCFIW', 'CSILO', 'YKOFS', 'HGAWC', 'ZYEMW', 'CZNRV', 'VZNGS', 'WTMZW', 'PQEKQ', 'JLTJR', 'KFWQL', 'GNDQJ', 'JXKSJ', 'OYGNB', 'GZWND', 'YRTTG', 'EXSFL']
['TYYLF', 'KGDBH', 'XTFTT', 'BBDFQ', 'PADSR', 'VGWZF', 'GPHCZ', 'XGXRC', 'FSYHN', 'YPRRC', 'XYVAU', 'LRCXZ', 'QZGLO', 'EYYNC', 'GPAYG', 'QXETJ', 'JMNIF', 'HZGVK', 'HKBNA', 'CASYZ', 'PARXO']
['MSZXR', 'DFNDO', 'RAAAY', 'SWZLI', 'MCVPN', 'TARGC', 'BBIGY', 'HAKPT', 'AAEBS', 'RKMOC', 'ZNEQL', 'WMAOH', 'RVMXY', 'MQEVZ', 'DREMQ', 'TMCLZ', 'IUTYE', 'UNSUE', 'KSGPB', 'CRKWH', 'LCYZY', 'IPLJJ']
['TJLUN', 'BEFRL', 'CXMEP', 'PKECO', 'NZAXS', 'GUJWH', 'GUJWW', 'WLODL', 'GDZSX', 'ABAQL', 'DYIYS', 'TEYRZ', 'CYRFR', 'WNGHY', 'QBGLN', 'DPJHM', 'PPBBM', 'SSWHW', 'PEIBF', 'HAYKV', 'UDFVU', 'FESAS', 'JCAYK', 'PDSZU']
['SIWEE', 'NLQWV', 'VZFUK', 'DRVVY', 'KRMMY', 'YTVYR', 'UPNVV', 'FIPGX', 'NCXIY', 'PPGSA', 'BWKXY', 'EFPNV', 'VNNEP', 'SAOVB', 'LYFLA', 'ELRTK', 'NHZCJ', 'WEYKU', 'QACAX', 'AXICB', 'TPIHD', 'ZSYGC', 'FFZNI', 'UTQPU', 'IYGUJ']
['VUPAV', 'JGBOH', 'GUGKR', 'FKMPO', 'AIWJE', 'UTYHJ', 'ZMWJB', 'ZOHDS', 'GFWZF', 'LEYDX', 'SLYUO', 'XLWDU', 'RLKNU', 'DZGQX', 'UOYAH', 'CALHI', 'FIUZZ', 'XOUQG', 'IPMBX', 'HXGTU', 'RRFYM', 'XDBSH']
['LYSRO', 'XQUPB', 'RMHZI', 'XGCQB', 'FRHWO', 'PBEOM', 'YVMFJ', 'SUNJN', 'NHBOU', 'BHFJC', 'PRFNT', 'PAVOS', 'QUGAX', 'MMHOG', 'SHEUT', 'KIEKF', 'RWOPE', 'VLXZD', 'YSBTR', 'GJCQK', 'UZTYA', 'VWLQP', 'LESUW', 'STJMV']
['ZRLGV', 'SYRST', 'HIBFR', 'BREAU', 'DQJYE', 'DOXUP', 'DUQLN', 'YTXXV', 'SACPU', 'XMZUX', 'YTTKI', 'JLETC', 'DJQYY', 'EFRTR', 'EPEAQ', 'OHEWR', 'EIALG', 'OMNEY', 'PUJOM', 'EWIJA', 'URMYA']
['IVYZR', 'CYMCE', 'DAPHY', 'JGGQM', 'RMNKI', 'DBXJE', 'RUSXV', 'XQQNM', 'RRDGL', 'OJTYX', 'MQWLN', 'PREHL', 'QJRDV', 'CCHLM', 'WEDAM', 'YIQHC', 'KEPXD', 'GRUYQ', 'KEDYT', 'IAASE', 'ENHUS', 'ILRGH', 'FWKYL', 'ZOVBE']
['LCGFN', 'TLAOJ', 'SPROB', 'KEUTQ', 'RSYQC', 'POXWS', 'NMWYK', 'YQBLY', 'GJYBX', 'MLWLT', 'WZJYQ', 'AXIHL', 'ZZKGQ', 'PCOTH', 'NTGQJ', 'VKBEF', 'VSEBO']
['DOYMU', 'DBPXU', 'DTPHQ', 'ROVKN', 'TDICM', 'NEQMO', 'NGBWQ', 'VUTIQ', 'EHCWU', 'JTKTH', 'DWCIC', 'BKFQR', 'KDMQW', 'ZPWCF', 'CWKNX', 'IEEVC', 'LHFOM', 'PPAYR', 'GKLKQ', 'POYSB', 'BXGFY', 'NLPHM', 'XOUQM', 'EAHZI']
['SCMKV', 'VYUHL', 'GRIBM', 'BFHEV', 'LQJNK', 'OPZLD', 'JDDRN', 'AQEWE', 'PSMNV', 'GAQXI', 'IYMNE', 'REFDA', 'FMMZU', 'SPSXT', 'LJQBN', 'BNPMH']
['WNBOI', 'QNXTS', 'BCTKV']
['NKLCQ', 'NZQNY', 'BMNGE', 'RISKG', 'BOOKC', 'TIZZI', 'WFPUN', 'FPFHY', 'LQGAI', 'DFZLH', 'TKEWX', 'UQJJY', 'VXNNV', 'QMJUD', 'SSZXS', 'CWZDH', 'TWVAR', 'STZIM', 'ZRFKN', 'KCWNV', 'XPMAC', 'AEHLI', 'OEEYW', 'ZLMYN', 'HDFES']
