['268']
['164']
['267']
['438']
['2', '17', '177', '184']
['250']
['360']
['275']
['331']
['134']
['24', '106', '141', '196', '200']
['361']
['67']
['43']
['68']
['312']
['411']
['344']
['156']
['4']
['105']
['9', '14', '18', '31', '34', '55', '73', '82', '103', '113', '114', '121', '126', '127', '130', '194', '201', '203', '223']
['351']
['104']
['225', '235', '252', '256', '262', '264', '321', '327', '333', '334', '340', '343', '348', '358', '396', '400', '418', '426', '431']
['276']
['285']
['277']
['189']
['198']
['76']
['296']
['16']
['320', '355']
['5']
['39']
['173']
['115']
['273']
['410']
['220']
['362']
['66']
['286']
['123']
['138']
['120']
['294']
['159']
['167']
['193']
['37']
['353']
['27', '93', '147', '195']
['228', '236', '269', '309', '318', '363', '387', '408', '421', '435']
['222']
['429']
['375']
['155']
['94']
['152']
['376']
['51']
['373']
['8']
['192']
['176']
['10', '49', '58', '63', '70', '80', '88', '92', '95', '131', '139', '143', '158', '175', '182', '185', '191', '202', '212']
['171']
['13']
['3', '7', '36', '52', '60', '79', '84', '161', '170', '179', '181', '217', '221']
['442']
['149']
['274']
['28']
['409']
['231']
['154']
['183']
['210']
['266']
['229']
['153']
['284']
['12']
['337']
['381']
['329']
['110']
['86']
['87']
['214']
['81']
['357']
['394']
['15']
['140']
['97']
['41']
['209']
['382']
['151']
['77']
['383']
['219']
['404']
['163']
['413']
['46', '148']
['420']
['26']
['178']
['439']
['257']
['6']
['157']
['291']
['150']
['90']
['370']
['281']
['98']
['316']
['11']
['282']
['133']
['132']
['430']
['205']
['307']
['346']
['350']
['172']
['352']
['61']
['20']
['226']
['278', '419']
['424']
['29']
['324']
['308']
['271']
['145']
['287']
['38']
['332']
['57']
['48']
['42']
['293']
['260']
['246']
['234', '238', '242', '247', '251', '261', '265', '280', '292', '297', '298', '300', '302', '310', '314', '315', '330', '338', '347', '364', '368', '369', '374', '379', '388', '393', '397', '402', '407', '415', '423', '432', '443', '444']
['142']
['283']
['187']
['241']
['129']
['377']
['22']
['232', '233', '240', '243', '244', '245', '249', '258', '259', '279', '295', '306', '313', '319', '336', '345', '365', '366', '372', '378', '385', '389', '391', '399', '422', '425', '434', '445']
['386']
['255', '299', '339', '446']
['40', '53', '96', '169', '204', '213']
['224', '237', '248', '253', '263', '288', '289', '301', '304', '322', '325', '359', '384', '416', '417', '427', '428', '440', '441']
['412']
['64']
['356']
['166']
['437']
['227']
['199']
['328']
['395']
['390']
['54']
['108']
['59']
['380']
['433']
['83']
['109', '112', '118', '146']
['254']
['186']
['341']
['160']
['69']
['1']
['45']
['206']
['211']
['290']
['342']
['406']
['323']
['78']
['335']
['403']
['401']
['75']
['111']
['371']
['144']
['311']
['25']
['349']
['102']
['72', '137']
['207']
['19', '23', '32', '33', '35', '44', '47', '56', '62', '65', '71', '74', '85', '89', '91', '99', '100', '101', '107', '116', '117', '124', '125', '128', '135', '136', '162', '165', '168', '174', '180', '188', '190', '197', '208', '215', '216']
['119']
['50']
['436']
['30']
['122']
['21']
['230']
['218']
['414']
['239', '270', '272', '303', '305', '354', '367', '392', '405']
['398']
['317']
['326']
