['14', '48']
['181']
['256', '25', '265', '150', '377', '305', '317']
['388', '271', '446', '210', '228', '59', '335']
['175', '393', '300', '257', '330', '58', '168']
['86', '232', '185', '20', '485', '49', '387']
['123', '465', '298', '220', '438', '130']
['361', '140', '433', '443', '340', '127', '337']
['488']
['42']
['316', '23', '116', '422', '161', '64', '131']
['6', '76', '395', '281', '445', '275', '110']
['54', '397']
['19', '105', '306', '466', '103', '272', '469']
['303', '308', '484', '400', '224', '74', '176']
['253', '492', '431', '214', '329', '404', '482']
['459', '99', '320', '65', '97', '432', '327']
['33', '29', '420', '233', '15', '227', '369']
['182']
['81', '381', '26', '268', '290', '156', '338']
['379', '453', '169', '21', '60', '372', '481']
['194', '497', '490', '221', '392', '307', '251']
['344', '274', '263', '315', '104', '362']
['166', '498', '421', '10', '121', '124', '486']
['255', '467', '440', '296', '106', '7', '249']
['312', '164', '12', '112', '310', '163', '354']
['230', '70', '288', '244', '409', '217', '287']
['141', '39', '495', '311', '204', '18', '378']
['314']
['278', '120', '394', '108', '68', '322', '384']
['385']
['51', '218', '346', '226', '349', '111', '197']
['478', '449', '153', '148', '451', '309', '234']
['145']
['43', '102']
['496']
['470', '236', '396', '461', '419', '411', '342']
['489']
['143', '79', '172', '356', '78', '345', '192']
['144', '67', '285', '474', '499', '423', '80']
['364', '16', '436', '359', '493', '398', '391']
['401', '225', '196', '73', '231', '75', '454']
['207', '139', '212', '186', '0', '339', '24']
['35', '323', '399', '318', '55', '247', '174']
['71', '132', '189', '353', '77', '471', '455']
['418']
['46', '56', '44', '328', '101', '351', '375']
['223', '410', '262', '36', '135', '72', '171']
['113', '178', '41', '229', '283', '165', '297']
['494', '209', '468', '22', '450', '160', '480']
['155', '437', '206', '82', '30', '115', '87']
['407', '368', '167', '405', '31', '402', '149']
['350', '334', '462', '463', '146', '129', '365']
['88']
['270']
['61']
['193', '134', '4', '252', '416', '63', '464']
['325', '142', '386', '119', '286', '205', '376']
['2']
['98']
['246', '269', '13', '170', '390', '237', '184']
['38', '152', '321', '114', '291', '366', '412']
['52']
['219', '414', '107', '293', '430', '188', '89']
['28']
['241', '280', '333', '17', '428', '133', '8']
['295', '282', '460', '240', '239', '476', '158']
['382', '292', '211', '45', '355', '413', '203']
['136']
['94', '177', '284', '96']
['324', '332', '191', '383', '435', '319', '304']
['429', '222', '242', '373', '243', '273']
['198']
['27', '477', '289', '190', '238', '299', '458']
['213', '109', '128', '473', '457', '254', '32']
['441', '442', '352', '389', '11', '331', '200']
['235']
['348', '417']
['367', '360', '363', '447', '487']
['179', '57', '187', '456', '84', '118', '215']
['37']
['326', '117', '371', '347', '3', '301']
['258', '427', '173', '183', '415', '50', '195']
['264', '426', '343', '125', '85', '266', '154']
['100']
['374', '90', '202', '137', '250', '248', '162']
['341', '245', '406', '95', '5', '91', '83']
['122', '92', '403', '201', '434', '408', '126']
['261']
['9', '208', '1', '439', '357', '444', '157']
['40', '279', '491', '475', '93', '302', '313']
['448', '425', '147', '69', '380', '370', '66']
['47']
['180']
['276']
['216', '53', '260', '34']
['62']
['472', '358', '479', '138', '267', '151', '483']
['277', '336', '424', '294', '452', '259', '159']
['199']
