['1', '2', '3', '4', '5', '6', '7', '8', '9', '85', '193', '391', '394', '395', '396', '398', '399']
['71', '72', '73', '74', '77', '78', '79', '383', '385']
['271', '293', '316', '371', '372', '373', '374', '376', '377', '378', '381']
['243', '416']
['62', '63', '64', '65', '66', '68', '69', '161', '353', '463', '464', '465', '466']
['165']
['468', '469']
['151', '152', '154', '155', '156', '157', '158', '159', '351', '352', '354', '357', '359', '497']
['201', '202', '203', '204', '205', '206', '207', '208', '209', '311']
['76']
['12', '14', '16', '18']
['41', '48', '331', '332', '333', '334', '336', '337', '339']
['122', '127', '129', '162', '163', '164', '167', '168', '169', '340', '341', '342', '343', '344', '345', '347', '348', '349']
['235', '355', '356', '358']
['171', '172', '174', '175', '177', '178', '179', '261', '425']
['471', '472', '473', '474', '475', '476', '477', '478']
['438']
['191']
['0', '10', '40', '50', '70', '80', '87', '90', '92', '94', '96', '98', '100', '103', '104', '106', '107', '108', '110', '120', '121', '123', '124', '125', '126', '128', '130', '150', '153', '160', '170', '176', '180', '190', '200', '220', '225', '230', '250', '260', '263', '267', '269', '270', '280', '300', '310', '313', '330', '338', '350', '360', '362', '366', '370', '375', '379', '380', '390', '393', '400', '401', '402', '403', '404', '405', '408', '409', '410', '420', '440', '450', '456', '460', '480', '490']
['217', '441', '446']
['302', '303', '304', '305', '306', '308', '309']
['21', '22', '23', '25', '26', '27', '28', '29', '51', '52', '53', '54', '55', '56', '57', '58', '59', '392', '491', '492', '494', '498', '499']
['231', '232', '233', '234', '236', '237', '238', '239', '295', '397']
['411', '412', '413', '414', '415', '417', '418', '419']
['134', '137', '221', '222', '223', '224', '226', '227', '228', '229']
['211', '212', '213', '214']
['20', '24', '30', '42', '43', '44', '45', '46', '47', '49', '140', '144', '145', '210', '240', '290', '320', '430', '431', '434', '470']
['272', '273', '274', '275', '276', '277', '278', '279', '281', '282', '283', '284', '286', '287', '288', '289', '335']
['215', '216', '218', '219', '312', '314', '315', '317', '318', '319']
['251', '252', '253', '254', '255', '256', '257', '258', '259', '324', '329', '346', '442', '443', '444', '445', '447', '448', '449']
['262', '264', '265', '266', '268', '291', '292', '294', '296', '297', '298', '299']
['141', '142', '143', '146', '147', '148', '149']
['75', '111', '112', '113', '114', '116', '117', '118', '479', '496']
['192', '194', '195', '196', '197', '198', '199']
['181', '182', '183', '184', '185', '187', '188', '189']
['301', '307']
['321', '432', '433', '435', '436', '437', '439']
['131', '132', '133', '135', '136', '138', '139']
['31', '32', '34', '35', '36', '37', '38', '39', '186']
['322', '323', '325', '326', '327', '328', '451', '452', '453', '454', '455', '457', '458', '459']
['33', '406', '407']
['105', '245', '382', '384', '386', '387', '388', '389']
['421', '422', '423', '424', '426', '427', '428', '429']
['101']
['61', '81', '82', '83', '84', '86', '88', '89', '115', '119', '481', '482', '483', '484', '485', '486', '487', '488', '489']
['91', '102', '109']
['60', '67', '93', '95', '97', '99', '166', '241', '242', '244', '246', '247', '248', '249']
['495']
['361', '363', '364', '365', '367', '368', '369']
['173', '493']
['11', '13', '15', '17', '19', '285', '461', '462', '467']
