['165', '213', '281', '360', '304', '361', '169', '199', '219', '58', '74', '253', '40', '275', '164']
['22', '279', '36', '113', '210', '53', '89', '44', '318', '191', '225', '347']
['122', '172', '31', '266', '130', '356', '351', '320', '215', '211', '182', '235', '291', '299', '214', '333', '293', '316', '311']
['144', '33', '48', '345', '363', '208', '183', '76', '292', '188', '5', '276', '193', '32', '254', '354', '104', '101', '98', '332', '65', '226', '289', '257', '355', '91', '139', '321', '46', '21', '258', '87', '57', '121', '313', '264', '184', '171', '14', '25', '195', '186', '115', '6', '153', '285', '248', '26', '217', '39', '290', '260', '287', '261', '206']
['0', '284', '108', '15', '317', '244', '274', '300', '319', '173', '99', '70', '134', '43', '277', '259', '223', '66', '138', '54', '27', '181', '20', '342', '166', '42', '271', '62', '240', '79', '88', '158', '148', '200']
['314', '265', '252', '207', '154', '295', '80', '251', '194', '175', '330', '59', '86', '50', '327', '231', '78', '346', '359', '218', '95', '94', '77', '81', '4', '34']
['7', '243', '149', '262', '163']
['117', '23', '278', '255', '224', '51', '212', '106', '177', '146', '189', '247', '159', '185', '37', '202', '102', '198', '180', '56']
['107', '2', '344', '201', '49', '142', '272', '328', '246']
['170', '167', '52']
['341', '267', '230', '331', '92', '137', '222', '143', '64', '125', '8', '68', '179', '334', '192', '12', '282', '250', '11', '63', '3', '71', '302', '270', '315', '178', '120', '263', '156', '227', '24', '75', '338', '168', '336', '161']
['209', '123', '1', '110', '133', '29', '348', '196']
['340', '30', '135', '105', '234', '239', '229', '160', '174', '324', '343', '349', '190', '308', '353', '236', '280', '273']
['96', '238', '249', '298', '339', '307', '204', '216', '35']
['84', '72', '127', '350', '128', '55', '283', '10', '67', '362', '157']
['13', '114', '19', '140', '45', '297', '256', '322', '294', '136', '205']
['38', '73', '112', '241', '151', '131', '90', '61']
['17', '85', '116', '203', '301', '233', '97', '187', '150', '176', '269', '119', '82', '60', '242', '323', '325', '103', '83', '268', '221', '303', '245']
['286', '18', '228', '237', '306', '288', '329', '145', '155']
['197', '232']
['296', '358', '69', '305', '111', '147', '41', '352', '309', '124', '162', '132']
['220']
['357', '152', '310', '335']
['16', '93', '326', '109', '141', '47', '118', '28', '312', '129', '126', '100', '9', '337']
