['160']
['35']
['108']
['223']
['193']
['154']
['128']
['25', '97']
['235', '47']
['230']
['245', '92']
['204']
['110', '152']
['247']
['79', '48', '19', '203']
['45', '188', '208', '231', '114']
['10', '221', '67', '14', '13', '219', '238', '54', '106', '111', '82', '70', '80', '85', '88', '7', '50', '30', '105', '243', '189', '20', '227', '99', '57', '12', '9', '117', '168', '91', '198', '107', '191', '131', '197']
['183']
['129', '162']
['224', '4']
['42', '158', '195']
['126']
['144']
['200']
['249']
['86']
['226']
['212']
['74']
['210']
['58', '112']
['21']
['174']
['138']
['72']
['176', '24', '179']
['236']
['102']
['73']
['133', '113', '115']
['155', '65']
['192']
['90', '209']
['214']
['171']
['89', '239', '123', '32', '201']
['17', '196', '1', '135']
['101', '146']
['140']
['161', '61']
['139']
['147']
['240']
['206', '40']
['233', '215', '148']
['180']
['18']
['98']
['52', '44', '207', '119']
['2']
['28', '118', '5']
['43']
['228']
['62']
['166', '68', '83']
['170', '142']
['26', '229', '78']
['151']
['94']
['53']
['34', '39']
['218']
['169']
['185']
['237']
['103']
['181']
['159']
['175', '173']
['59', '136']
['187']
['248']
['172']
['33', '163']
['60', '134']
['31', '22']
['76', '220']
['222', '205', '95']
['16']
['213']
['120', '149', '38']
['109', '241', '217', '242', '167', '145']
['211', '64']
['132']
['246']
['165']
['116']
['49', '0']
['156', '11', '6', '55', '84']
['164', '36', '143']
['23', '29']
['66']
['63']
['69']
['184', '27', '234']
['41', '190', '75']
['46']
['3']
['37', '15']
['56']
['194', '93']
['87', '137']
['51']
['153']
['122', '124']
['8', '216']
['177', '232']
['178', '77']
['182']
['199', '244']
['121', '127', '96']
['225']
['141']
['81', '186', '157']
['150', '125']
['202', '100', '130', '71', '104']
