['83', '168', '188', '236', '257']
['16', '36', '46', '77', '86', '103', '109', '111', '134', '151', '152', '185', '209', '229', '239', '268']
['12', '40', '53', '89', '100', '102', '104', '115', '122', '142', '145', '146', '172', '184', '194', '208', '212', '233', '260', '263', '280', '283']
['162', '179', '193', '198', '228', '275', '287']
['18', '47', '75', '127', '149', '156', '258']
['3', '4', '73', '112', '128', '141', '153', '248', '300']
['6', '14', '28', '79', '91', '94', '105', '126', '148', '170', '175', '215', '216', '231', '245', '250', '252', '255', '267']
['11', '13', '17', '25', '49', '52', '67', '87', '117', '133', '180', '200', '206', '226', '253', '270']
['7', '15', '29', '34', '35', '43', '97', '101', '106', '150', '165', '171', '186']
['5', '10', '31', '39', '57', '64', '72', '93', '114', '139', '160', '178', '182', '190', '232', '234', '246', '247', '249', '256', '262', '284', '293', '297']
['8', '9', '20', '24', '27', '30', '48', '50', '54', '58', '63', '68', '107', '123', '136', '144', '159', '202', '214', '251', '269', '279', '298']
['55', '82', '125', '196', '243', '254', '261']
['32', '70', '78', '110', '129', '137', '154', '158', '164', '166', '174', '183', '203', '207', '217', '219', '222', '230', '241', '259', '271', '274']
['33', '95', '138', '140', '147', '157', '163', '177', '195', '211', '218', '221', '235', '264', '290', '291']
['1', '22', '42', '51', '56', '59', '60', '61', '116', '131', '143', '161', '169', '181', '187', '197', '204', '220', '223', '224', '225', '237', '238', '276', '289']
['2', '19', '44', '45', '62', '74', '92', '99', '118', '121', '124', '130', '132', '135', '176', '201', '205', '210', '242', '277', '288', '296']
['23', '41', '80', '88', '96', '98', '113', '167', '173', '273', '278']
['21', '37', '38', '76', '119', '120', '199', '213', '227', '240', '272', '285', '286', '294']
['65', '69', '71', '81', '84', '155', '191', '244', '265', '281', '282', '292', '299']
['26', '66', '85', '90', '108', '189', '192', '266', '295']
