['2', '15', '18', '33', '35', '36', '75', '91', '106', '134', '169', '184', '188', '259', '275', '289', '292', '299']
['62', '109', '142', '168', '176', '178', '208', '258', '293', '307']
['6', '19', '26', '41', '55', '59', '61', '87', '100', '101', '166', '191', '211', '217', '254', '267', '286', '294']
['0', '49', '58', '65', '74', '84', '130', '133', '149', '155', '158', '212', '222', '238', '271', '280', '291', '305']
['13', '21', '54', '81', '187', '200', '228', '252', '270', '278']
['22', '28', '44', '48', '60', '114', '138', '141', '143', '152', '154', '163', '232', '264', '282']
['23', '57', '77', '95', '107', '110', '126', '203', '268', '296', '310', '312']
['4', '24', '27', '32', '51', '73', '90', '132', '136', '144', '157', '216', '249', '262', '263', '265']
['42', '47', '63', '68', '92', '102', '104', '127', '148', '171', '180', '182', '185', '196', '202', '219', '284', '303']
['8', '16', '20', '39', '46', '53', '96', '119', '129', '156', '170', '190', '201', '225', '241', '277', '283']
['17', '29', '64', '82', '173', '174', '227', '229', '234', '242', '260', '269', '273', '304', '309']
['3', '5', '7', '50', '71', '72', '76', '85', '115', '116', '117', '140', '181', '198', '247']
['38', '83', '88', '120', '121', '179', '220', '233', '239', '240', '251', '276', '279', '298']
['66', '105', '112', '160', '192', '194', '204', '205', '209', '221', '256', '274', '297']
['93', '111', '231', '255']
['9', '25', '30', '37', '43', '86', '94', '103', '123', '151', '167', '189', '207', '218', '246', '281']
['1', '34', '40', '70', '125', '137', '146', '164', '165', '183', '195', '197', '248', '253', '311']
['250']
['12', '31', '52', '69', '108', '122', '172', '193', '206', '230', '235', '257', '272', '285', '301', '306', '308', '313']
['10', '78', '89', '97', '99', '147', '150', '153', '161', '177', '199', '210', '236', '243', '261', '288', '290']
['11', '79', '124', '128', '213', '237', '245']
['45', '118', '139', '145', '159', '162', '175', '214', '223', '244', '266', '295']
['14', '56', '67', '80', '98', '113', '131', '135', '186', '215', '224', '226', '287', '300', '302']
