['2215AE', '2EDC82', 'B2C529', 'DDB7C8', '6833E8', '9DF876', '468F31', '3B6837', '1350AD', 'EF37A6', 'D2EB79', 'B78EF9', '52FB79', '608F21', '5A5DE8', '5451FF', '6E3DED', '8EC8D8', '037831', '1E0B30']
['696B37', 'BE5B1D', '7334F9', '1FBE40', '49EB71', 'B2A692', '1600AD', '848C87', '846154', '3E7F60', 'B38307', 'D8492F', '47063A', 'E33128', '593AF4', 'D6F426', '3EF396', '8BEC15', '770A4C', '66C38E']
['88E0AE', 'F61AD7', '2DE42A', '71AC6D', '2D4D61', '9BAC71', 'AF83FA', '187923', '9C0B9D', '0AC7A0', '4AC817', '0AFD91', 'E15D93', '747199', 'E1A380', 'C69699', '0525B9', '2F46CD', '6D4C8F', '81DA52']
['5C5B8D', 'C07CCC', '9D6554', '5BC875', '0CFFC9', 'D9180C', '739ABF', '3D830C', '206150', '565E46', '292CB3', '5D4F2F', 'D049CD', '69FD70', '882258', '1DD8D0', '552199', 'F7F9CB', '00C269', '917501']
['316244', '6246E1', 'D8A834', '160ED4', 'B2C27D', '4BD8B1', '15AA36', '605983', '76131B', '77EB41', 'F33ACF', 'EED7BB', '6C1A62', '0A3E48', 'FC75E7', 'F9EB1F', 'B6FA16', '823C51', '6AFCAC', '4430C2']
['273165', '41AFC9', '3963FC', '94C20E', 'DCB902', 'CD5322', '9D8AD8', '66F8EA', 'F4C13E', '3CB50A', '9923B4', '92C42A', '75002A', 'B166D1', '7B306C', '66B93A', '2819EE', 'B0C2D3', '935873', 'CE0D10']
['E479C8', 'BB986B', 'DF44F5', '30C157', '992AEE', '01E026', '43F505', 'C60FE7', '177A03', '219F75', '88FFF8', 'E8A38A', 'FAB638', '4FCF52', 'FECCAB', 'E81232', '77042F', 'C5416A', '28CCA5', '3E6399']
['82B105', 'A89402', '3D046E', '4DBE20', 'E3583F', 'B56D74', 'D363AB', '2B3DD7', '7848BA', '7C730C', '035E05', '1656DC', 'D50881', '31C6A3', 'E9F19A', '8883AC', '1F4650', '80F9BC', '940AC5', 'DB6CBF']
['5C016B', '09FFA6', 'C748A2', '1F6554', 'EB7E6A', 'F2B7FD', '49EEB4', '24A4D1', '26DB4C', '2B8E0B', 'C9EF6D', '478A7C', 'B13536', '9ABAFB', 'C34593', '5C4F81', '09CFE9', '920715', '8D43AD', '66547C']
['923B8C', '77B9A5', 'F545E1', 'BB9072', '18D668', 'D31361', 'B6ACFC', 'EFBA0C', '29BFBC', '539972', '3F75A9', 'B0F05D', '97D861', '672145', '29D22B', '5F88E7', 'C4882F', '6E7E64', '415552', '31B17E']
['98B1CA', 'BCD2F5', '1D39ED', 'D883C0', '83752D', 'D2BDB6', 'F1DB81', '29267F', '3FAE1E', 'E8C5B8', '4EBF50', '7C8A3D', '75C017', '74ADA7', '52BFE5', 'E77DD8', '503A55', '8DF985', '9FCB42', 'AAAF0B']
['D65E29', 'B49939', '9B09E5', '45CE10', '83ACF7', '38515C', 'BA7ED0', '9330C0', 'B32674', '0231A4', 'C2A74D', '1D9893', '7647CD', '22394B', '33ABEE', '5ABFA9', '62BC31', '54C37C', '5C0D69', '1866E0']
['60B803', '05473A', '99392B', '93D432', '189812', 'C8F1A7', '2C02B7', '4BBAFA', 'FBB00D', '420711', 'D0E36A', '58ED2B', '4C1D36', '19EFAF', 'D83AF7', 'F4EDF8', '25B295', 'EC35B5', '255208', 'CC08F5']
['1D4417', 'F8B91A', 'E7EFA5', '26DA83', '6C5208', 'DBF47C', '2D56C1', '0FC6EE', '42EE34', '1C3933', '3235BA', 'AD6105', 'DE6241', '400D20', '8AC55C', '8806E7', 'AB96B9', '87EE7F', '2E6B38', '1CAAAC']
['A4FCD1', '8ECA84', '00CD58', 'A911EF', 'CC9A13', '56B4C2', 'C0A19A', 'AC34B5', '0D6A28', 'C1CAB9', '4D74EB', 'CC4384', '46371B', '6C3CD5', 'E2701A', '865328', 'EB90EE', '5B4152', '369765', 'D79D49']
['10BBE1', 'A0DDCD', '5A3E90', '6BF4D3', 'EB3718', '861E09', 'D98FB6', '8F75EC', 'FCB503', 'B00B7F', '068D28', '380FF7', '1E571E', 'CED5FC', '8FF839', '81A0D3', '55B952', '82F466', '9CE56C', 'CB5EDA']
['5332A9', '0264AF', '463E2C', '9C5DCF', '244528', 'A5F27A', '90E78E', 'C3678B', '2BEC39', '5E2607', '7CC3A7', 'E93252', '73F93C', '0FE5DD', 'DF5F9C', '0E6FA7', '71AE93', '2D2248', '0E78AA', '34E9FE']
['052CC7', 'FB3B86', '8963E1', '1330B3', '113E1F', 'F85131', 'B8B01F', 'E277CB', '601CA7', '7FADE3', '4C0FCD', 'C19610', '3A0D10', 'D0E5BE', '03B42D', '81A856', '1A770B', '98497D', 'B4BD91', 'FCD63D']
['78E144', '398310', '99E133', 'C96CD6', 'EB9D60', '511040', '7F8E1D', '78DB65', '364B78', '82BD08', '6EEE66', '04279E', '18AEFC', 'E46F9E', '34ACF3', '30EA83', 'A03FB7', 'CD374A', '893D61', '31B801']
['F13455', '26B294', 'F9011B', 'FFD642', '099A40', '2B8F4B', 'B2CB4D', '7AADBC', 'DBDDB5', 'E492E0', '3D4600', '833C34', '94AED5', '51197D', 'FE7E47', 'BE3703', '414B77', '4E8355', 'E4C3BA', '943005']
['73271F', 'E4F6EF', '6DCBC8', 'BC38A8', '1B06C5', '1986A0', 'B4257C', '2E4B9D', '9C4F00', '5A681E', '1D528C', '5C91EE', '39CAB7', 'D324E7', '5D5C76', '2961DB', '0B99EF', 'DFE9C6', '118FE2', '1D216B']
['0C3AFF', '05F2DC', 'E1B665', '8254EB', '4BC7D0', '72D023', '81E0FA', 'D8849E', 'E0044F', '14A3E7', '9C4CA5', '40C7FF', 'FD33F7', '89A551', 'F1B367', 'C0EA59', '35DA72', 'CC66B0', '8E8C76', 'A1D29E']
['89372A', 'A34095', '7FE1F2', '4AE7C7', '38EA17', '57FCD8', 'FD1DAC', '95F017', 'F448AE', '5AF312', '1743CD', 'F3EDD7', '26C6B9', '7D4045', '5BEDDF', 'B85F11', 'EE9200', 'D78532', 'CA893B', '4A32EA']
['3228BB', 'D6DD9E', 'F37211', '929578', '026256', '326662', '7B325B', 'CBE0EA', '628552', 'ABE83F', '6D4DDC', 'F32B0B', 'D78522', 'E191B0', '029563', 'F28C7F', 'A4F4BB', 'A4EAD9', 'EDB261', '85CFC7']
['20C0D0', 'FF3177', '43FE78', 'BA6187', '5ADC6D', '09944C', '0C4437', '2F584A', '5E4F6B', '593840', 'DDA295', '718436', 'D2F8E5', 'C54164', 'FBF275', '36FCBF', '5248A9', '1D0C35', 'EC2626', 'EEF23E']
