['33', '64', '112', '135', '146', '153', '154', '188', '209', '234', '250', '284']
['103', '129', '193', '218', '273']
['0', '39', '44', '61', '73', '93', '141', '148', '157', '158', '163', '177', '213', '228', '238', '241', '244', '260', '268', '287']
['8', '20', '34', '49', '55', '105', '179']
['82', '295']
['21', '26', '42', '63', '90', '108', '122', '173', '192', '224', '226', '233', '265', '270']
['58']
['123', '170', '214', '253']
['133', '160', '181', '200', '201', '211', '227', '235', '271', '276']
['24', '32', '53', '56', '80', '91', '114', '149', '176', '236', '300']
['12', '16', '68', '71', '104', '118', '136', '243', '263']
['17', '28', '46', '88', '144', '145', '166', '172', '304']
['5', '9', '45', '54', '60', '100', '111', '180', '184', '202', '206', '215', '245', '256', '266', '274', '277', '278', '280']
['38', '70', '76', '107', '249', '272', '285', '291']
['13', '101', '116', '121', '125', '138', '161', '196', '225', '242']
['247']
['79', '95', '98', '109', '117', '131', '174', '187', '190', '229', '252', '283', '294', '297']
['1', '4', '69', '89', '140', '169', '182', '185', '191', '251', '255', '296']
['3', '6', '14', '27', '29', '35', '36', '47', '51', '74', '78', '126', '143', '178', '208', '246']
['19', '23', '48', '72', '75', '77', '139', '162', '168', '212', '230', '261', '264', '301', '302', '303']
['25', '57', '92', '156', '183', '221', '223', '232']
['7', '30', '37', '65', '81', '110', '159', '186', '198', '222', '240', '257', '259', '267', '275', '290']
['10', '22', '40', '87', '115', '119', '147', '194', '197', '203', '210', '286', '307']
['31', '83', '85', '99', '127', '134', '151', '155', '164', '189', '204', '220', '231', '237', '248', '254', '279', '298', '305']
['11', '18', '94', '96', '132', '152', '175', '205', '207', '216', '217', '269', '288']
['41', '52', '62', '102', '106', '195', '299']
['293']
['2', '43', '50', '67', '86', '97', '113', '124', '130', '150', '165', '199', '219', '258', '262', '281', '292', '306']
['15', '59', '66', '84', '120', '128', '137', '142', '167', '171', '239', '282', '289']
