['bbbbb', 'ccccc', 'ee', 'eeee', 'mmmmm', 'nnnnnnn', 'nnnnnnnn', 'qqq', 'qqqq', 't', 'ssssss', 'uuuu', 'vvvvvvvv', 'ww', 'DDD', 'E', 'JJJJ', 'KKKKKKKK', 'MMM', 'QQ', 'W', '22222222', '4', '4444', '55555555']
['aaaaaaa']
['aaaaaaaa', 'dddd', 'ttt', 'u', 'HHHHHHH', 'KK', 'LL', 'SSSSS', 'ZZZZZ', '777']
['aaaa', 'bbbb', 'ffff', 'eeeeee', 'fffffff', 'hhhhh', 'jjjjj', 'nnnn', 'nnnnn', 'ppppp', 'ooooooo', 'pppppppp', 'qqqqqqq', 'ss', 'sssssss', 'ssssssss', 'v', 'vvv', 'yy', 'yyyyy', 'zzzzzzz', 'C', 'CC', 'FFFFFF', 'GGGGG', 'III', 'KKKKKK', 'MMMM', 'NNNN', 'MMMMMMM', 'OOOO', 'SSSSSSS', 'VV', 'UUUU', 'VVVVV', 'UUUUUU', 'WWWW', 'XXXXXXX', 'XXXXXXXX', 'YYYYY', '333', '444444', '33333333', '5', '555', '666', '66666', '888', '7777777']
['EEEEE', 'LLL', 'WWWWW']
['bbbbbb', 'ddddddd', 'nn', 'AAAAAAA', 'CCCCCCC', '11111']
['gggg']
['cccccc', 'ffffff', 'hh', 'mmmmmm', 'w', 'yyy', 'zzzzzz', 'CCCCCC', 'HH', 'K', 'U', '44444444', '6', '666666']
['dddddd', 'iiiii', 'iiiiii', 'jjjjjj', 'vvvvv', 'y', 'BBBBBBBB', 'MMMMMMMM', 'RR', '777777']
['aa', 'bbb', 'aaaaaa', 'ccc', 'e', 'ggg', 'hhhhhh', 'gggggggg', 'ii', 'sssss', 'wwwwwwww', 'BBBBBB', 'AAAAAAAA', 'CCCC', 'EEEEEEE', 'GG', 'HHHHH', 'IIIII', 'KKKK', 'PPPPP', 'PPPPPP', 'OOOOOOOO', 'RRRR', 'SS', 'TTT', 'TTTT', 'VVV', 'VVVVVVV', 'Y', 'ZZZZZZZ', 'ZZZZZZZZ', '22222', '222222', '55', '5555', '5555555', '88888']
['bb', 'bbbbbbb', 'eee', 'g', 'hhhhhhhh', 'oo', 'rrrr', 'vvvv', 'uuuuuuu', 'BBB', 'CCCCC', 'EEEE', 'KKK', 'QQQQQQQQ', 'YYYY', 'YYYYYY', '1', '3333', '33333']
['b', 'ddd', 'fffff', 'eeeeeeee', 'j', 'lll', 'mmmmmmm', 'o', 'tt', 'wwww', 'zzzz', 'zzzzzzzz', 'AAAAAA', 'D', 'CCC', 'G', 'J', 'IIII', 'LLLLLLL', 'MMMMM', 'NNNNNN', 'PPPP', 'OOOOOO', 'Q', 'SSSSSSSS', 'UUUUUUU', 'YYYYYYY', 'YYYYYYYY', '33', '66', '77', '8888']
['c', 'mmmm', 'qqqqq', 'uuu', 'z', 'FFFFF', 'FFFFFFF', 'KKKKKKK', 'PPPPPPP', 'RRR', 'RRRRRR', 'SSSS', 'VVVV', '44444', '88888888']
['cccccccc', 'jjjj', 'iiiiiiii', 'ppp', 'yyyyyy', 'A', 'AAA', 'EEE', 'FFFF', 'GGGGGGG', 'OOO', 'TTTTTTT', '77777']
['gg', 'i', 'ttttt', 'wwwwww']
['bbbbbbbb', 'cc', 'dddddddd', 'h', 'hhh', 'jj', 'iii', 'mmm', 'ppppppp', 'tttttt', 'xx', 'AAAA', 'DDDDD', 'F', 'FF', 'EEEEEE', 'HHHHHH', 'IIIIII', 'O', 'PP', 'QQQQQQQ', 'TTTTTTTT', 'VVVVVV', 'VVVVVVVV', 'XXX', 'WWWWWW', 'YYY', '1111']
['pppp', 'xxxxxx', 'GGG', 'UU', '111111']
['jjjjjjj', 'oooo', 'xxxxx', 'EE', 'QQQQQ', '55555', '6666666']
['7777']
['a', 'k', 'l', 'kk', 'll', 'kkk', 'kkkk', 'llll', 'kkkkk', 'lllll', 'kkkkkk', 'llllll', 'lllllll', 'kkkkkkkk', 'nnn', 'pp', 'ooo', 'ooooo', 'pppppp', 'oooooooo', 'q', 'qq', 'rr', 'rrr', 'rrrrr', 'rrrrrrr', 'zz', 'zzz', 'yyyy', 'zzzzz', 'yyyyyyy', 'yyyyyyyy', 'DD', 'DDDD', 'DDDDDDD', 'DDDDDDDD', 'I', 'II', 'JJJ', 'JJJJJ', 'JJJJJJ', 'IIIIIII', 'JJJJJJJ', 'M', 'NN', 'NNN', 'MMMMMM', 'NNNNNNN', 'NNNNNNNN', 'XX', 'WWW', 'XXXX', 'XXXXX', 'XXXXXX', 'WWWWWWW', 'WWWWWWWW', '11', '111', '1111111', '2222222']
['gggggg', 'tttt', 'ttttttt', 'BBBBBBB', 'HHH', 'LLLLLL', 'N', 'PPPPPPPP', 'R', 'TTTTT', '4444444', '8', '8888888']
['jjj', 'rrrrrr', 'uu', 'wwwwwww', '3', '44']
['OOOOOOO', '2']
['hhhhhhh', 'xxx', 'BB', 'GGGGGGGG', 'UUUUUUUU', 'X', '2222', '333333', '888888']
['ddddd', 'sss', 'vvvvvvv', 'IIIIIIII', 'P', 'PPP', '7']
['eeeee', 'BBBBB']
['ssss', 'vv', 'vvvvvv', 'AA', 'HHHH', 'LLLLL', 'QQQQ', 'T', 'V', 'UUU', '66666666']
['d', 'dd', 'cccc', 'ccccccc', 'f', 'eeeeeee', 'ggggg', 'iiiiiii', 'jjjjjjjj', 'llllllll', 'm', 'nnnnnn', 'mmmmmmmm', 'p', 'oooooo', 'qqqqqqqq', 'rrrrrrrr', 'tttttttt', 'uuuuu', 'uuuuuu', 'uuuuuuuu', 'x', 'www', 'xxxx', 'wwwww', 'xxxxxxx', 'xxxxxxxx', 'B', 'DDDDDD', 'CCCCCCCC', 'EEEEEEEE', 'H', 'GGGGGG', 'L', 'LLLL', 'KKKKK', 'LLLLLLLL', 'NNNNN', 'OO', 'RRRRR', 'RRRRRRR', 'RRRRRRRR', 'TT', 'SSS', 'SSSSSS', 'TTTTTT', 'UUUUU', 'WW', 'ZZZ', 'ZZZZZZ', '11111111', '444', '3333333', '6666']
['aaa', 'ff', 'fff', 'ggggggg', 'iiii', 'mm', 'r', 'qqqqqq', 'BBBB', 'AAAAA', 'FFF', 'FFFFFFFF', 'GGGG', 'HHHHHHHH', 'JJJJJJJJ', 'MM', 'QQQQQQ', 'S', 'Z', 'YY', 'ZZ', 'ZZZZ', '555555', '88']
['aaaaa', 'ffffffff', 'hhhh', 'kkkkkkk', 'n', 's', 'JJ', 'OOOOO', 'QQQ', '22', '222', '77777777']
