['45', '54', '258', '266', '301', '325', '326', '340', '363', '372', '421', '471', '492']
['2', '6', '7', '17', '20', '67', '72', '74', '178', '194', '253', '260', '287', '293', '294', '305', '309', '315', '320', '335', '346', '352', '361', '371', '387', '393', '418', '447', '463', '474', '489']
['113', '275', '298', '307', '368']
['8', '25', '337']
['303']
['4', '16', '51', '68']
['0', '1', '39', '48', '61', '63', '88', '89', '90', '91', '92', '93', '94', '95', '96', '97', '98', '99', '101', '102', '104', '105', '106', '107', '108', '109', '111', '112', '114', '115', '116', '119', '120', '122', '123', '126', '128', '130', '131', '133', '135', '136', '137', '138', '141', '142', '143', '144', '145', '146', '147', '148', '149', '150', '151', '152', '153', '155', '156', '157', '158', '159', '160', '161', '163', '164', '165', '166', '167', '168', '169', '170', '171', '172', '173', '174', '175', '176', '177', '179', '180', '181', '183', '186', '187', '188', '189', '190', '191', '192', '193', '195', '196', '198', '199', '203', '204', '205', '206', '207', '208', '209', '210', '211', '212', '213', '214', '215', '217', '218', '219', '221', '222', '223', '225', '226', '227', '228', '230', '231', '232', '234', '235', '236', '237', '238', '239', '240', '292', '314', '316', '317', '328', '330', '332', '341', '344', '350', '357', '359', '366', '367', '373', '375', '378', '383', '396', '399', '406', '409', '420', '422', '425', '429', '431']
['15', '40', '56', '184', '255', '268', '279', '283', '290', '296', '304', '308', '324', '358', '437', '445', '457', '470', '475', '482', '487', '493', '497']
['31', '50', '85', '87', '103', '129', '273', '276', '318', '322', '356', '391', '430', '488']
['9', '14', '44', '55', '242', '265', '321', '331', '351', '379', '439', '450']
['3', '27', '36', '117', '125', '197', '277', '369', '410', '484', '486', '496']
['10', '11', '22', '23', '35', '38', '41', '57', '58', '60', '65', '76', '81', '100', '118', '121', '124', '139', '182', '200', '202', '229', '243', '244', '247', '251', '252', '254', '257', '263', '280', '295', '297', '299', '302', '306', '311', '313', '319', '329', '339', '364', '370', '398', '401', '408', '424', '426', '427', '428', '441', '451', '453', '456', '468', '473', '476', '480', '483', '485', '499']
['18', '30', '83', '285', '395', '423', '432', '442', '443']
['26', '47', '73', '79', '140', '162', '241', '282', '345', '380', '461']
['53', '71', '154', '216', '233', '246', '256', '272', '353', '355', '360', '384', '390', '397', '403', '440', '464', '467', '472', '481']
['19', '69', '270', '349', '381', '404', '412', '414', '458', '469']
['12', '28', '33', '43', '46', '49', '52', '59', '62', '64', '70', '77', '78', '80', '110', '127', '132', '220', '224', '248', '267', '271', '300', '323', '333', '334', '338', '342', '343', '365', '374', '382', '388', '394', '400', '407', '413', '415', '419', '435', '436', '444', '448', '449', '454', '462', '465', '479', '491', '498']
['13', '24', '29', '34', '37', '84', '134', '201', '245', '249', '259', '262', '269', '281', '284', '286', '310', '376', '385', '438', '460', '477', '478']
['5', '21', '75', '261', '274', '288', '289', '291', '354', '362', '392', '416', '434', '494']
['32', '42', '66', '82', '86', '185', '250', '264', '278', '312', '327', '336', '347', '348', '377', '386', '389', '402', '405', '411', '417', '433', '446', '452', '455', '459', '466', '490', '495']
