['Candy', 'Bobbi', 'Holly', 'Vilma', 'Maude', 'Craig']
['Laura', 'Davis', 'Clyde', 'Jamel', 'Roman']
['Allan', 'Emery', 'Tommy', 'Aline', 'Moses', 'Trent', 'Donny', 'Lorie', 'Chang', 'Claud', 'Chris', 'Clark', 'Lyman', 'Maria', 'Sheri', 'Tessa', 'Sandy', 'Teddy', 'Sammy', 'Leila', 'Billy', 'Leann', 'Clara', 'Joann', 'Major', 'Elvia', 'Deann', 'Alice', 'Percy', 'Verna', 'Elvin', 'Tonya']
['Amber', 'Misty']
['Mable', 'Ollie', 'Basil', 'Jamar', 'Buddy', 'Tonia', 'Homer', 'Grant', 'Eddie']
['Devin', 'Myron', 'Nelda', 'Bryan', 'Roger', 'Melba', 'Wyatt', 'Carla', 'Essie', 'Wilma', 'Rhoda', 'Patti', 'Wendy', 'Shaun', 'Betsy', 'Elena', 'Mitch', 'Robyn', 'Tyron', 'Donna', 'Karen', 'Adela', 'Pansy', 'Micah', 'Benny']
['Ebony', 'Elias', 'Danny', 'Alton', 'Wanda', 'Orval', 'Mario', 'Brant']
['Avery']
['Barry', 'Julia', 'Adele', 'Elmer', 'Sadie', 'Marla', 'Dixie', 'Greta', 'Marcy', 'Kayla', 'Malik', 'Casey', 'Wally', 'Lauri', 'Cyrus', 'Marty', 'Alvin', 'Perry', 'James', 'Elsie', 'Wendi', 'Edwin', 'Joyce', 'Louis', 'Jared', 'Kevin', 'Arlen', 'Kirby', 'Katie', 'Monty', 'Annie', 'Rusty', 'Hyman', 'Ruben', 'Lacey', 'Janis', 'Tammi', 'Julio', 'Lanny', 'Debra', 'Merle', 'Jason']
['Becky', 'Effie', 'Roxie', 'Flora', 'Olive']
['Nikki', 'Brent', 'Mandy', 'Peter', 'Mason', 'Randi', 'Jacob', 'Berta']
['Josef', 'Irvin', 'Daisy', 'Bryon', 'Renee', 'Queen', 'Freda', 'Chong', 'Marci', 'Lorna', 'Dusty', 'Erica', 'Shane', 'Dante', 'Garry', 'Nadia', 'Terri']
['Cindy', 'Amado', 'Sally', 'Dwain', 'Rufus']
['Lydia', 'Paige']
['Leroy', 'Odell', 'Emily']
['Naomi', 'Doris', 'Rhett', 'Hilda', 'Daron', 'Sofia']
['Terry', 'Zelma', 'Jaime', 'Tracy', 'Vicky', 'Mikel', 'Ahmad', 'Gayle', 'Sybil', 'Sonny', 'Moshe']
['Lucio', 'Della', 'Jayne', 'Maura', 'Ellen', 'Jonah', 'Steve', 'David', 'Janet', 'Mitzi', 'Quinn', 'Ervin', 'Karin', 'Felix', 'Josie', 'Leona', 'Margo', 'Cesar', 'Carly', 'Staci', 'Hazel', 'Tasha', 'Darin', 'Helga', 'Dario', 'Ilene', 'Ariel', 'Aaron', 'Ronny', 'Bette', 'Erick', 'Brock', 'Corey', 'Fidel', 'Kathy', 'Sonja', 'Willy', 'Linda', 'Mamie', 'Audra', 'Tanya', 'Cliff', 'Robin', 'Pedro', 'Kelly', 'Timmy', 'Randy', 'Clint', 'April', 'Nancy']
['Issac', 'Erika', 'Brian', 'Brady']
['Ernie', 'Britt', 'Viola', 'Bruno', 'Chase', 'Bryce', 'Fritz', 'Pearl', 'Twila']
