['Aaron', 'Nicholas', 'Maverick', 'Micah', 'Miles', 'Declan', 'Elliott', 'Edward', 'Derek', 'Reid']
['Lucas', 'Anthony', 'Ian', 'Jace', 'Sawyer', 'Camden', 'Arthur', 'Erick', 'Walter']
['Gavin', 'Max', 'Carlos', 'Eric', 'Amir', 'Kenneth', 'Jax', 'Sean', 'Adriel', 'Francisco']
['William', 'Charles', 'Landon', 'Hudson', 'Diego', 'Blake', 'Beau', 'Jude', 'Aidan', 'Jaden']
['Sebastian', 'Zachary', 'Damian', 'Justin', 'Kai', 'Calvin', 'Elliot', 'Finn', 'Zayden', 'Brooks']
['Henry', 'Jayden', 'Luke', 'Grayson', 'Joshua', 'Jonathan', 'Angel', 'Jameson', 'Vincent', 'Matteo']
['Carter', 'Jaxon', 'Maddox', 'Kaiden', 'Emmanuel', 'Karter', 'Archer', 'Corbin', 'Simon', 'Cody']
['Isaiah', 'Ezekiel', 'Victor', 'Bryce', 'Jasper', 'Caden', 'Leon', 'Enzo', 'Louis']
['Connor', 'Colton', 'Roman', 'Wesley', 'Giovanni', 'Abel', 'Waylon', 'Xander', 'Richard', 'Zion']
['Mason', 'Caleb', 'Ezra', 'Peter', 'Dallas', 'Damien', 'Amari', 'Eduardo']
['Jordan', 'Jayce', 'Hayden', 'Dean', 'Oscar', 'Charlie', 'Kyrie', 'Beckett', 'Barrett', 'Griffin']
['Adrian', 'Adam', 'Greyson', 'Emmett', 'Abraham', 'Marcus', 'Milo', 'Knox', 'Matias', 'Ace']
['Michael', 'Everett', 'Cole', 'George', 'Graham', 'Kaden', 'Brian', 'Tobias', 'Finley']
['Isaac', 'Leo', 'Harrison', 'Jesus', 'Alejandro', 'Colin', 'Legend', 'Colt', 'Manuel']
['Joseph', 'Wyatt', 'Thomas', 'Cameron', 'Parker', 'Tristan', 'Patrick', 'Preston', 'Bradley', 'Tanner']
['am', 'Matthew', 'Eli', 'Elias', 'Carson', 'Maxwell', 'Brantley', 'River', 'Paxton', 'Gunner']
['David', 'Lincoln', 'Xavier', 'Rowan', 'Jonah', 'Joel', 'Rhett', 'Avery', 'Jesse', 'Cash']
['Logan', 'Mateo', 'Jeremiah', 'Bryson', 'Leonardo', 'Nathaniel', 'Tucker', 'Judah', 'Cayden', 'Emilio']
['Benjamin', 'Robert', 'Easton', 'Ryder', 'Bennett', 'Ryker', 'Juan', 'Dawson', 'Bryan', 'Riley']
['Andrew', 'Jose', 'Silas', 'Luca', 'Kingston', 'Lorenzo', 'Kyle', 'Chance', 'Rafael']
['Oliver', 'Jacob', 'Tyler', 'Ashton', 'Alex', 'Steven', 'Zane', 'Emiliano', 'Brady', 'Jake']
['Alexander', 'John', 'Julian', 'King', 'Maximus', 'Mark', 'Nicolas', 'Felix', 'Stephen', 'Theo']
['Samuel', 'Ryan', 'Asher', 'Nolan', 'Dominic', 'Austin', 'Thiago', 'Andres', 'Javier', 'Nash']
['James', 'Elijah', 'Owen', 'Jack', 'Jaxson', 'Santiago', 'Braxton', 'Brody', 'Alan', 'Jorge']
['Daniel', 'Aiden', 'Levi', 'Hunter', 'Theodore', 'Jason', 'Lukas', 'Israel', 'Killian', 'Beckham']
['Kayden', 'Miguel', 'August', 'Messiah', 'Paul', 'Zander', 'Holden', 'Remington', 'Martin', 'Karson']
['Jackson', 'Christian', 'Cooper', 'Axel', 'Brandon', 'Luis', 'Ivan', 'Phoenix', 'Rylan']
['Christopher', 'Josiah', 'Ayden', 'Bentley', 'Antonio', 'Kaleb', 'Jeremy', 'Myles', 'Josue', 'Clayton']
['Noah', 'Dylan', 'Nathan', 'Brayden', 'Evan', 'Kevin', 'Weston', 'Malachi', 'Timothy', 'Kameron']
['Ethan', 'Gabriel', 'Chase', 'Grant', 'Gael', 'Omar', 'Andre', 'Emerson', 'Iker']
