['34', '118', '212', '224', '269', '341', '438', '464']
['21', '55', '73', '86', '93', '170', '200', '252', '294', '358', '360', '396', '461', '471']
['0', '7', '8', '18', '26', '44', '80', '111', '115', '116', '119', '123', '173', '178', '182', '188', '333', '361', '363', '366', '368', '369', '371', '375', '380', '381', '398', '410', '469', '475']
['3', '30', '37', '58', '64', '158', '175', '190', '221', '247', '257', '276', '299', '305', '308', '311', '373', '417', '420', '423', '424', '446']
['52', '65', '71', '77', '94', '106', '120', '136', '177', '222', '234', '241', '253', '282', '295', '296', '332', '339', '345', '383', '405', '415', '432', '435', '439', '477', '485', '488']
['27', '45', '68', '137', '166', '171', '172', '198', '217', '231', '284', '413', '462', '483']
['12', '40', '54', '67', '72', '113', '141', '147', '197', '199', '206', '280', '289', '291', '313', '314', '317', '318', '327', '340', '352', '389', '427', '447', '454', '478', '481']
['2', '15', '50', '84', '122', '140', '143', '156', '164', '169', '196', '207', '210', '216', '223', '227', '254', '265', '271', '274', '277', '316', '326', '449', '474', '476']
['81', '124', '239', '325', '434', '473']
['9', '23', '31', '32', '49', '101', '107', '142', '157', '162', '186', '201', '209', '235', '246', '264', '267', '290', '323', '337', '346', '351', '356', '444', '467']
['17', '28', '29', '35', '57', '70', '102', '117', '126', '194', '208', '270', '285', '348', '395', '402', '429', '430', '487', '495']
['25', '33', '95', '129', '154', '248', '266', '319', '320', '359', '472']
['51', '99', '130', '134', '135', '160', '165', '204', '225', '232', '236', '273', '279', '281', '310', '344', '367', '377', '403', '433', '456', '466']
['20', '63', '69', '78', '85', '91', '133', '174', '205', '258', '278', '286', '287', '298', '300', '309', '315', '329', '353', '399', '436']
['56', '74', '110', '139', '146', '161', '176', '179', '292', '301', '330', '394', '408', '431', '453']
['39', '60', '272', '355', '452']
['5', '13', '59', '61', '66', '76', '90', '92', '109', '167', '180', '192', '193', '215', '226', '230', '245', '260', '349', '376', '387', '388', '390', '428', '465', '484', '490']
['42', '83', '87', '89', '121', '127', '163', '189', '237', '238', '243', '244', '261', '268', '321', '334', '372', '397', '400', '419', '421', '443', '445', '457', '470', '494']
['1', '22', '41', '43', '47', '48', '98', '114', '153', '181', '185', '187', '220', '229', '251', '322', '328', '336', '342', '357', '364', '370', '374', '393', '426', '491', '493']
['62', '96', '191', '312']
['138', '240', '414', '416', '437', '458']
['4', '6', '16', '19', '24', '36', '53', '112', '149', '150', '168', '211', '233', '255', '283', '293', '306', '324', '354', '365', '391', '406', '422', '440', '448', '460', '468', '479', '482']
['79', '159', '242', '275', '343', '404', '425', '459']
['46', '88', '155', '183', '213', '256', '259', '262', '288', '378', '382', '409', '411']
['132', '184', '219', '250', '303', '335', '418', '463', '489']
['128', '152', '202', '331', '385', '442']
['14', '75', '97', '103', '105', '131', '148', '151', '304', '307', '362', '407', '441', '450', '480']
['10', '11', '38', '100', '104', '108', '125', '144', '145', '195', '203', '214', '218', '249', '263', '297', '302', '338', '347', '350', '379', '384', '386', '392', '401', '412', '451', '455', '486', '492']
['82', '228']
