['10', '37', '38', '50', '119', '174', '210', '218', '221', '254', '269', '282', '317', '335', '366', '388', '403', '419', '459']
['61', '215']
['3', '20', '29', '58', '86', '106', '111', '197', '292', '336', '395', '438']
['94', '166', '318']
['279', '326', '357', '363', '365', '421', '431', '450', '456', '458']
['224', '228', '408']
['140', '233', '392']
['1', '36', '42', '75', '133', '137', '222', '372', '373', '379', '386', '436', '442', '457']
['98', '189', '464', '467', '478']
['66', '103', '142', '205', '239', '272', '280', '309', '342', '401', '432', '454']
['12', '25', '55', '149', '151', '236', '237', '257', '259', '267', '297', '337', '351', '361', '370', '477', '497']
['31', '120', '203', '407']
['30', '40', '126', '164', '165', '245', '268', '289', '324', '339', '383', '389', '414', '487']
['5', '51', '241', '278', '320', '321', '332', '422', '433', '434', '463', '488']
['28', '32', '70', '83', '105', '130', '229', '248', '293', '308', '319', '358', '375', '405', '418', '425', '466', '469', '475', '495']
['7', '11', '18', '35', '90', '107', '138', '148', '153', '156', '159', '163', '169', '190', '214', '238', '249', '334', '344', '371', '385', '387', '426']
['4', '54', '109', '141', '176', '260', '262', '303', '423', '462', '481', '496']
['45', '46', '49', '59', '108', '347', '367', '396']
['275']
['15', '101', '115', '193', '211', '220', '251', '258', '300', '311', '360', '364', '413', '424', '439', '444', '468']
['87', '88', '102', '112', '123', '132', '135', '150', '172', '207', '247', '264', '276', '348', '377', '476', '480']
['110', '243', '354']
['27', '34', '53', '64', '74', '84', '145', '170', '202', '209', '253', '286', '294', '359', '382', '393', '428', '451', '474']
['22', '68', '244', '312', '399']
['8', '173', '192', '274']
['6', '67', '76', '78', '80', '93', '96', '122', '201', '216', '226', '235', '242', '256', '284', '302', '316', '338', '343', '352', '397', '406', '410', '446', '472']
['299', '470']
['33', '131', '180', '194', '411', '486']
['95', '97', '147', '157', '177', '185', '191', '266', '304', '327', '415']
['13', '41', '43', '69', '72', '154', '175', '212', '246', '273', '277', '298', '323', '325', '345', '355', '369', '402', '412', '417', '449', '471', '490', '493']
['65', '322', '346', '380']
['121', '134']
['125', '232']
['100']
['186', '306', '313', '353', '391']
['85', '184', '384', '485']
['39', '44', '48', '57', '168', '171', '196', '287', '350', '420', '441']
['19', '113', '139', '179', '181', '206', '213', '333', '349', '381', '491']
['198', '310', '484']
['21', '23', '79', '230', '270', '271', '362', '394', '427', '447']
['14', '24', '56', '178', '182', '231', '330', '404', '483']
['17', '128', '255', '290', '296', '314', '315', '341', '368', '390', '437']
['0', '16', '26', '60', '73', '77', '91', '92', '129', '143', '146', '155', '158', '160', '188', '208', '227', '288', '328', '340', '409', '443', '455', '461', '499']
['47', '82', '99', '117', '124', '136', '167', '187', '234', '285', '356', '416']
['63', '71', '81', '116', '118', '204', '225', '250', '261', '281', '331', '429', '430', '452', '460', '479', '482']
['2', '9', '52', '62', '89', '162', '199', '200', '223', '252', '263', '265', '283', '305', '378', '435', '440', '465', '473', '489']
['183', '217', '219', '240', '291', '301', '307', '498']
['127', '374']
['494']
['104', '114', '144', '152', '161', '195', '295', '329', '376', '398', '400', '445', '448', '453', '492']
