['184']
['3', '45', '79', '90', '187', '245', '246', '250', '312', '321', '454', '485', '490', '497']
['2', '67', '175', '201', '298', '374']
['62', '238', '239', '267', '276', '369', '371', '428', '469', '470']
['300', '314']
['0', '1', '9', '19', '30', '38', '54', '55', '82', '86', '87', '92', '108', '119', '120', '123', '124', '125', '152', '155', '161', '167', '171', '172', '182', '215', '216', '217', '229', '230', '235', '266', '283', '306', '317', '333', '340', '350', '376', '377', '378', '409', '414', '418', '426', '457', '472', '486', '494', '498']
['142', '287']
['27', '110', '133', '162', '195', '206', '247', '263', '293', '296', '303', '385', '433']
['56', '80', '96', '109', '176', '315', '408']
['6', '7', '22', '64', '157', '188', '272', '370', '448', '479']
['33', '95']
['99']
['164', '211', '304', '339']
['105', '318', '411', '430']
['50', '88', '372', '388']
['24', '103', '149', '240', '353', '357', '429', '453', '463']
['131', '197', '291', '327', '406', '451']
['23', '31', '63', '66', '81', '112', '140', '154', '231', '244', '279', '290', '326', '351', '375', '384', '404', '422', '449', '462', '495']
['4', '15', '21', '36', '47', '85', '101', '135', '144', '147', '178', '193', '203', '214', '220', '226', '236', '243', '251', '258', '264', '265', '284', '308', '328', '338', '356', '359', '381', '402', '412', '415', '455', '481', '482']
['91', '241', '320']
['18', '52', '59', '65', '111', '115', '118', '185', '225', '260', '273', '380', '386', '394', '416', '417', '432', '458', '460', '465', '468', '491']
['70', '116', '212', '252']
['219', '285', '361', '483']
['199']
['319', '323', '329']
['12', '89', '248', '253', '261', '275', '322', '331', '345', '407', '475', '478']
['83', '169']
['17', '190']
['20', '49', '61', '71', '136', '139', '141', '143', '168', '286', '342', '348', '441', '445', '447', '476']
['134', '341', '343', '452', '467']
['148', '159', '160', '360', '425', '440', '446', '461']
['29', '37', '42', '53', '57', '73', '74', '77', '102', '132', '145', '151', '156', '177', '181', '194', '205', '344', '347', '367', '373', '395', '396', '399', '400', '401', '423', '444', '493']
['200', '227', '297', '316', '439', '473']
['174', '249', '288', '397', '403', '413', '424', '436']
['34', '158', '222', '254', '262', '271', '281', '305', '364', '368', '379', '393', '420', '450']
['39', '434']
['60', '97', '189']
['58', '130', '183', '186', '207', '232', '292', '355', '383', '499']
['41', '43', '72', '93', '121', '210', '223', '301', '362', '442']
['10', '13', '26', '104', '113', '163', '196', '198', '202', '204', '213', '257', '259', '307', '313', '325', '334', '346', '349', '365', '389', '390', '421']
['78', '107', '221', '237', '242', '295', '332', '352', '410']
['44', '153', '165', '438']
['25', '51', '100', '122', '274', '277', '363', '391', '431', '466', '474', '480']
['32', '35', '310', '435']
['268']
['11', '28', '98', '106', '128', '166', '191', '209', '255', '269', '289', '302', '309', '311', '437', '471', '487', '489', '496']
['8', '16', '40', '46', '48', '69', '75', '76', '84', '114', '117', '129', '137', '138', '150', '170', '180', '192', '208', '256', '278', '280', '282', '294', '299', '324', '330', '336', '354', '366', '387', '392', '398', '419', '427', '456', '459', '477', '484', '488']
['94', '179', '218', '224', '270', '405', '464', '492']
['127', '233']
['5', '14', '68', '126', '146', '173', '228', '234', '335', '337', '358', '382', '443']
