['17', '29', '80', '86', '104', '115', '116', '118', '131', '140', '146', '157', '181', '213', '223', '233', '302', '311', '316', '323', '380']
['5', '14', '60', '92', '129', '176', '182', '218', '257', '259', '307', '310', '313', '337', '349', '382', '389', '399']
['54', '66', '89', '97', '135', '159', '170', '236', '249', '250', '262', '282', '287', '297', '329', '338', '340', '370', '393', '398']
['32', '53', '72', '96', '100', '101', '107', '148', '168', '183', '185', '190', '194', '196', '230', '232', '242', '269', '294', '355', '358']
['2', '34', '35', '64', '99', '120', '147', '184', '227', '228', '238', '288', '296', '303', '350', '356', '385', '396']
['82', '111', '133', '153', '154', '162', '187', '189', '204', '217', '219', '266', '279', '292', '298', '333', '336', '352', '388', '391', '392']
['7', '21', '22', '55', '67', '68', '74', '81', '125', '152', '215', '235', '246', '299', '330', '364', '369', '381']
['6', '41', '58', '106', '119', '132', '158', '171', '179', '186', '192', '198', '229', '243', '247', '252', '265', '344', '347', '375', '400']
['9', '18', '20', '62', '83', '88', '161', '165', '203', '208', '244', '255', '256', '273', '274', '318', '342', '366', '367', '378', '397']
['28', '33', '56', '71', '75', '109', '130', '144', '150', '172', '177', '206', '207', '221', '254', '278', '300', '324', '331', '368', '379']
['3', '10', '12', '38', '57', '87', '91', '139', '163', '164', '166', '188', '224', '239', '267', '271', '314', '361', '365', '390']
['23', '59', '65', '77', '78', '114', '149', '178', '180', '191', '200', '210', '216', '231', '237', '276', '284', '354', '363', '383', '387']
['24', '39', '50', '63', '76', '85', '112', '151', '155', '193', '201', '214', '240', '286', '290', '301', '319', '320', '325', '346', '374']
['11', '84', '103', '138', '195', '211', '280', '312', '315', '334', '339', '348', '351', '371', '386', '395']
['1', '47', '51', '95', '124', '127', '145', '169', '220', '248', '264', '275', '285', '291', '295', '308', '309', '327', '328', '335', '345']
['4', '36', '37', '42', '43', '45', '69', '105', '121', '156', '174', '175', '199', '222', '241', '260', '268', '270', '277', '322', '372']
['25', '44', '73', '90', '94', '98', '102', '110', '134', '143', '173', '209', '245', '251', '289', '317', '321', '341', '362', '376']
['13', '16', '27', '70', '93', '108', '122', '126', '128', '141', '205', '212', '258', '263', '281', '283', '293', '377', '384']
['26', '30', '49', '52', '61', '79', '123', '136', '137', '142', '197', '225', '226', '234', '253', '261', '272', '306', '343', '360']
['8', '15', '19', '31', '40', '46', '48', '113', '117', '160', '167', '202', '304', '305', '326', '332', '353', '357', '359', '373', '394']
