['16', '341', '188', '295', '65', '237', '102', '312', '221', '9']
['107', '278', '345', '73', '207', '300', '321', '313', '235', '148']
['146']
['286', '170', '317', '314', '93', '252', '354', '361', '197', '14']
['228']
['255', '241', '159']
['112', '137', '24', '75', '290', '337']
['357', '63', '306', '28']
['23', '340', '64', '142', '243', '330', '238', '66', '124', '162', '316']
['104', '259', '263', '132']
['125', '355', '223', '47', '6', '308', '153', '168', '83']
['254', '46', '78', '204']
['277', '103']
['13', '201', '222', '304', '276', '68', '265', '106', '72', '113', '3', '96', '326', '350', '43', '169', '160', '187', '55', '178', '86', '249', '232', '210', '25', '182', '167', '52', '152', '342', '307', '190', '29', '90', '325', '39', '346', '310', '4', '158']
['33', '267', '363', '30', '172', '31', '85', '92', '296', '281', '76', '140', '292', '108', '143', '244', '351', '282', '177', '250', '11', '256', '272', '233', '194', '109', '320', '270', '149', '247', '258', '264', '329', '123', '195', '58', '283', '156', '181', '186', '115', '67', '37', '202', '299', '217', '280', '218', '61', '136', '100', '335', '273']
['36', '192', '74', '40', '163']
['17', '135', '344', '116', '360', '32', '289', '257', '59', '87', '121', '288', '50', '327', '323', '318', '359', '271', '198', '62', '126', '157']
['114', '208', '230', '2', '331', '284', '183', '101', '12', '105', '127', '7', '189', '141', '315', '57', '291', '53', '82', '285', '26', '333', '129', '352', '260', '56', '88', '81']
['0', '358', '193', '84', '130', '51', '334', '45', '251', '151', '71', '91', '70', '328', '302', '21', '128', '145', '171', '150', '176', '133', '269', '20', '227', '294', '60', '111', '242', '236', '41', '268', '180', '309', '275', '191', '311', '336', '347', '161']
['5', '301', '175', '1', '343', '44', '353']
['266', '15', '215', '211', '229', '199', '120', '209', '262', '27', '305', '216', '293', '35', '261', '206', '225']
['144', '48', '213', '38', '122', '19', '18', '224', '274', '212', '98', '154', '332', '319', '173', '80', '297', '203', '322', '99', '97', '131', '134', '69', '184', '298', '174', '219', '138', '339', '324', '349', '54', '110', '185', '253', '155', '119', '10', '118', '248', '166', '214', '338', '95', '348', '240', '77', '220', '287', '303', '196', '164', '205', '34']
['117', '22', '8', '179', '356', '49', '226', '139', '89', '147', '245']
['165', '279', '234', '239', '231', '362', '42', '94', '79', '246', '200']
