['aiw']
['aeh', 'afj', 'apa']
['aba', 'adz', 'aed', 'aey', 'agg', 'aht', 'aia', 'aih', 'ajj', 'akb', 'alk', 'alz', 'amv', 'ank', 'aog', 'aoi', 'aot', 'aqh', 'asz']
['acl', 'acn', 'adh', 'ajb', 'als', 'atc']
['aab']
['afi', 'agf', 'ago', 'ahl', 'ahq', 'ahy', 'alb', 'amh', 'amr', 'anj', 'anm', 'ant', 'apo', 'ark', 'ask']
['adc']
['acm', 'acv', 'adp', 'ahs', 'ais', 'akt', 'aku', 'and', 'aon', 'are']
['acw', 'ajk', 'akg', 'alw']
['anh']
['adj', 'aeg', 'agc', 'ahw', 'amk', 'amp', 'ams', 'apd', 'aqn', 'arg']
['aag', 'abo', 'abs', 'abw', 'acj', 'adk', 'ado', 'adx', 'aee', 'aei', 'afn', 'agx', 'aid', 'aik', 'aju', 'akm', 'alc', 'alo', 'alt', 'amg', 'amm', 'ane', 'aqk', 'asw']
['abk', 'adw', 'afu', 'ail', 'akx', 'akz', 'apq', 'aqf', 'aqj', 'arf', 'arl']
['aip']
['aai', 'aak', 'aea', 'aft', 'ani', 'anw', 'apw', 'aqg', 'arq']
['abp', 'ads', 'aes', 'aex', 'afz', 'aga', 'aki', 'amu', 'atb']
['aaw', 'aby', 'ach', 'aeq', 'afe', 'afp', 'agw', 'ahe', 'ain', 'aqy', 'ary']
['aol', 'apj']
['aac', 'aaf', 'aap', 'abx', 'acd', 'acq', 'acr', 'acu', 'adl', 'adt', 'aeb', 'aej', 'aeo', 'ahf', 'aig', 'ajo', 'ajr', 'akd', 'alp', 'ame', 'amz', 'anq', 'apg', 'aph', 'art', 'asd']
['ada', 'aen', 'agd', 'agp', 'aiu', 'amo', 'ana', 'ape', 'arn', 'arx', 'asu']
['akp', 'alq', 'aob']
['afq', 'ahv', 'aij', 'ami', 'ars']
['ahd', 'aiy', 'amb', 'amn', 'aod', 'apn', 'apu', 'aqm', 'arw', 'asg', 'ast']
['ajf', 'apz']
['aav', 'afl', 'afs', 'ait', 'ajh', 'alx', 'asp']
['aam', 'afd', 'ajt', 'akn', 'akw', 'amx', 'aqa', 'aqz']
['aah', 'aay', 'abm', 'agb', 'agt', 'ahx', 'ale', 'alv', 'api', 'apr', 'aqt', 'asa']
['aal', 'aas', 'aax', 'abd', 'adb', 'ady', 'aec', 'aer', 'age', 'agz', 'ahc', 'ahh', 'ahu', 'aii', 'aim', 'ajs', 'akh', 'akj', 'akk', 'akq', 'akr', 'akv', 'aly', 'amd', 'aow', 'apf', 'apl', 'aqq', 'arm', 'asi']
['aox', 'aqr']
['ahb']
['afx', 'air', 'ajw', 'aoq', 'aqb']
['aqw']
['aad', 'abb', 'aco', 'adg', 'afa', 'ahi', 'aic', 'aiq', 'aje', 'alg', 'aoa', 'aoh', 'aom', 'aou', 'asj']
['aaj', 'abe', 'abf', 'abi', 'abz', 'ace', 'ack', 'act', 'add', 'adf', 'aix', 'alm', 'aml', 'amq', 'aoj', 'app', 'ard', 'arv', 'arz', 'asb', 'asq']
['aae', 'aci', 'aef', 'aet', 'afv', 'agy', 'aho', 'ahz', 'amw', 'apx', 'aqd']
['ade', 'agv', 'aor']
['aau', 'abv', 'acc', 'aek', 'aiz', 'aka', 'apb', 'arb', 'asx']
['aaa', 'acb', 'acf', 'acp', 'acz', 'adn', 'adr', 'adu', 'aep', 'agj', 'agq', 'agr', 'ahk', 'aif', 'ajc', 'ajg', 'ajv', 'ajz', 'akl', 'ald', 'alf', 'alh', 'alj', 'alr', 'amc', 'amt', 'anz', 'aok', 'aoo', 'aop', 'aos', 'apk', 'apm', 'aqo', 'aqp', 'arc', 'ash', 'asl']
['aao', 'ajm', 'amj', 'asr']
['abg', 'acx', 'aew', 'afc', 'anr', 'ass']
['aaz', 'ael', 'ajq', 'amf', 'aps']
['abq', 'abt', 'aca', 'adi', 'adm', 'aeu', 'agn', 'aha', 'ahp', 'aiv', 'ajn', 'ali', 'anb', 'ann', 'ano', 'anx', 'apc', 'apv', 'aqi', 'ara', 'aru', 'ase', 'aso', 'asv', 'asy', 'atd']
['abj', 'acs', 'aev', 'afw', 'agi', 'agl', 'ajl', 'amy', 'apt', 'aqx']
['abh', 'afm', 'agh', 'agk', 'ahg', 'ahm', 'ajd', 'ajp', 'aky', 'ang', 'aoy', 'aqe', 'aqv', 'ari', 'ata', 'ate']
['acg', 'afr', 'aja', 'aji', 'anl', 'aql']
['abc', 'aem', 'ags', 'ajx', 'ajy', 'anc', 'arh']
['afb', 'aff', 'aqc', 'aqu']
['aan', 'aaq', 'aar', 'abn', 'abr', 'adq', 'aez', 'afg', 'afh', 'afk', 'afo', 'agm', 'agu', 'ahj', 'aib', 'aie', 'akc', 'akf', 'ala', 'all', 'aln', 'alu', 'ama', 'anf', 'anp', 'ans', 'anu', 'any', 'aof', 'apy', 'arj', 'arp', 'asf', 'asm']
['aat', 'abl', 'abu', 'acy', 'adv', 'afy', 'ahn', 'aio', 'ako', 'aks', 'anv', 'aoc', 'aoz', 'aqs', 'arr', 'asc', 'atf']
['ahr', 'ake', 'aoe', 'aov', 'aro', 'asn']
