['19', '174']
['156', '224']
['119', '124']
['154']
['227']
['126']
['193']
['34', '60', '77', '85', '97', '177', '230', '248']
['117', '182', '238', '267']
['65', '75', '161', '203', '207', '251']
['114', '131']
['33', '107']
['54', '73', '80', '132', '249']
['5', '42', '45', '47', '86', '197', '199', '241', '256', '268']
['188']
['36', '109', '112', '151', '254']
['96', '136', '138', '184']
['98', '110', '191', '235']
['58', '62', '143', '192']
['71']
['41', '70']
['9']
['94', '179', '239']
['38', '146', '181', '187']
['213']
['159']
['130', '145']
['39', '52', '93', '173', '204', '255']
['25', '40', '169', '225']
['31', '88', '115', '135', '165', '198', '234']
['99', '122', '244', '253']
['0', '1', '7', '12', '15', '118', '141', '172', '211', '252']
['81']
['163']
['64', '158']
['23', '116', '144', '228', '240']
['100', '102', '106', '185', '226']
['79', '90', '120', '195', '242']
['22', '35', '76', '167', '236', '258', '261']
['14', '104', '266']
['43', '105', '142', '160', '168']
['2', '16', '59', '67']
['10', '164', '178']
['233', '243']
['28', '44', '92', '123', '212', '229']
['175', '209', '247']
['32', '87', '137', '176', '180', '246', '259']
['55', '56', '63', '103']
['20']
['50', '57', '91', '129', '186', '222', '232', '262', '264']
['27', '128', '150']
['84', '89', '95', '113', '200', '223']
['111', '162', '196']
['237']
['4']
['30', '140', '214']
['152']
['51', '121', '148', '218']
['13', '166']
['6', '108', '208']
['72']
['170']
['11', '155', '157', '217']
['24', '26', '29', '263']
['147', '190']
['61', '83', '133', '153', '202', '205', '219']
['49']
['183', '215', '245', '257']
['37', '48', '101', '125']
['17', '18', '127']
['189', '260']
['46']
['171']
['206', '210']
['68', '134', '231']
['216', '250']
['21', '66', '69']
['194']
['3', '8', '74', '78', '139', '149', '201', '221', '265', '269']
['53']
['82', '220']
