['79']
['152', '119']
['90', '149']
['26']
['246']
['194', '116', '13', '73', '164', '218', '210', '153', '66']
['2']
['138', '136']
['236']
['163']
['235']
['132']
['223']
['48', '190']
['39']
['67']
['41']
['238']
['186']
['98']
['104']
['75']
['199']
['196']
['59']
['162']
['37', '107']
['180', '168']
['115']
['7', '25', '208', '203']
['220', '189']
['40']
['68']
['8']
['24']
['245', '50', '140']
['221', '212', '46', '65', '83', '135']
['175', '72', '182']
['126', '154', '243', '197']
['30']
['129', '117']
['178', '213']
['133']
['114', '32']
['49', '237', '74']
['249']
['60']
['94']
['228', '105']
['160', '77']
['110']
['42']
['5']
['20', '124']
['111', '89', '71']
['34', '17', '248', '141', '47', '143', '195']
['76']
['144', '118']
['101']
['0']
['198']
['58', '62']
['200', '240']
['97']
['100']
['209', '1']
['78']
['102']
['82']
['113']
['38']
['33']
['31', '64']
['10', '171', '14', '205', '206', '233', '127', '193', '247', '70', '166', '147', '155', '23', '28', '215', '51', '225', '35', '53', '176', '92', '227', '157', '57', '151', '148', '4', '167', '179', '146', '183', '125', '232', '95']
['134']
['45', '52']
['120', '18', '27', '230']
['229']
['207', '91']
['204']
['156']
['36']
['56']
['174', '99']
['214']
['173']
['15']
['169', '234', '201']
['188']
['187', '21']
['63', '16', '93']
['131']
['181']
['108', '44', '61']
['109']
['106']
['150', '6', '161']
['86', '159']
['211']
['88', '81', '112']
['184', '69']
['87']
['191']
['19', '192']
['170', '12']
['121', '137']
['103', '43', '224']
['84']
['241', '139']
['96']
['3', '55', '185']
['217']
['226']
['222', '142']
['242']
['231', '29']
['9']
['202']
['54', '85', '123']
['80', '239', '158', '130', '22', '177', '244']
['145']
['128']
['219']
['11', '122', '216']
['172']
['165']
