['62', '66', '80', '87', '131', '262', '337', '475']
['86', '153', '166', '223', '228', '290', '294', '365', '388', '451', '482']
['4', '104', '150', '191', '203', '224', '236', '284', '389', '438']
['23', '75', '93', '120', '154', '164', '222', '333', '358', '467']
['76', '81', '107', '110', '149', '186', '311', '433', '460', '461']
['51', '148', '308', '314', '347', '360', '390']
['7', '39', '200', '237', '313', '319', '339', '367', '432', '436']
['6', '12', '28', '116', '157', '162', '220', '291', '307']
['72', '78', '218', '231', '257', '361', '387', '405', '414', '416', '430']
['1', '101', '123', '151', '226', '234', '244', '255', '366', '404']
['35', '74', '99', '133', '171', '198', '206', '278', '392', '472']
['42', '83', '96', '138', '174', '302', '309', '332', '396', '412', '478']
['21', '129', '142', '205', '251', '268', '273', '343', '446', '473']
['177', '213', '282', '283', '327', '345', '357', '364', '372', '400', '468']
['108', '128', '134', '137', '182', '241', '453', '474']
['67', '71', '115', '183', '210', '247', '355', '368', '381']
['16', '44', '69', '106', '130', '267', '301', '322', '325', '391', '463']
['57', '187', '196', '229', '235', '242', '379', '424', '427', '439']
['90', '121', '141', '170', '221', '225', '249', '298', '316', '402', '448']
['22', '53', '122', '175', '217', '248', '260', '274', '419', '470']
['30', '38', '192', '240', '280', '326', '382', '386', '398', '444']
['24', '32', '140', '265', '288', '312', '363', '418', '422', '456', '479']
['26', '36', '100', '102', '184', '258', '330', '420', '449', '465']
['58', '139', '193', '238', '369', '464']
['136', '208', '209', '239', '266', '275', '300', '336', '397', '423', '487']
['34', '45', '147', '201', '232', '276', '321', '356', '380', '385', '437']
['5', '10', '37', '85', '197', '216', '305', '306', '362', '455']
['79', '109', '127', '165', '230', '233', '277', '285', '348', '399', '469']
['3', '15', '172', '173', '189', '254', '264', '304', '377', '481', '485']
['13', '49', '117', '214', '219', '279', '318', '353', '374', '408', '434']
['77', '113', '124', '195', '383', '407', '426']
['52', '125', '315', '317', '359', '393', '406', '435', '443']
['33', '143', '152', '334', '338', '371', '428', '429', '442']
['31', '95', '114', '188', '211', '287', '299', '351', '447', '459']
['27', '48', '55', '84', '159', '167', '342', '401', '421', '462', '476']
['155', '160', '215', '256', '269', '310', '450']
['17', '20', '43', '63', '94', '105', '176', '179', '261', '335', '349']
['2', '89', '98', '119', '204', '207', '340', '354', '417', '471', '480']
['9', '25', '73', '135', '212', '259', '295', '303', '344', '375', '415']
['64', '111', '112', '156', '199', '202', '243', '252', '281', '431', '488']
['61', '227', '320', '328', '395', '483']
['50', '54', '65', '126', '168', '323', '370', '454']
['40', '56', '59', '97', '253', '331', '373', '376', '403', '445', '486']
['14', '60', '88', '103', '194', '263', '289', '297', '410', '458']
['41', '92', '132', '144', '146', '272', '296', '346', '384', '484']
['47', '68', '70', '118', '145', '161', '180', '185', '293', '457', '466']
['18', '91', '169', '181', '246', '341', '352', '411', '440', '452']
['0', '11', '29', '82', '190', '250', '271', '292', '329', '394', '413']
['158', '163', '245', '378', '425', '477']
['8', '19', '46', '178', '270', '286', '324', '350', '409', '441']
