['256']
['313', '144', '463']
['250', '310', '500']
['467', '54', '31', '340', '386']
['106', '32', '185', '161', '34', '207', '397', '265']
['85', '417', '107', '44', '318', '264']
['268', '158', '440', '213', '334', '186', '450', '330', '241', '364']
['389', '187', '342']
['74', '345', '473', '288', '160', '444', '49', '23', '321', '94', '46']
['391']
['212']
['257', '120', '194', '63', '75', '390', '171', '48', '254', '152', '448']
['4', '307', '139', '7', '434', '462', '225', '95', '485', '228', '492', '190', '109', '30', '133', '127', '496', '442', '221', '286']
['87', '124', '189', '162', '170', '446', '39', '401', '361', '343']
['21', '479', '471', '456', '470', '174', '341', '11', '35']
['420']
['69', '175', '454']
['197', '415', '474', '28', '431', '303', '159', '208', '188']
['73']
['387', '252', '291', '125', '332', '309', '155', '344', '224', '153', '259', '12']
['209', '411', '455', '476', '484', '270', '235', '253', '355', '322']
['60', '378', '348', '466', '493', '202']
['92', '233', '134']
['317']
['178', '143', '385', '486', '84', '436', '239', '29']
['47', '14', '154', '350', '19']
['137', '447', '331', '78']
['370', '357', '218', '472']
['289']
['131']
['482', '66']
['432', '324', '382', '62', '490']
['200', '488', '223']
['169', '311', '206', '53', '205', '86', '269', '56', '365', '329', '362', '320', '414', '276', '495', '146']
['452', '67', '229', '399', '457', '193']
['300', '111', '140', '295', '368', '282', '319', '407', '222']
['142', '79', '410', '115', '281', '263', '372']
['65', '314', '61', '103', '327', '238', '468', '112', '287', '236', '438', '52', '352', '497', '277']
['255']
['167', '58', '499', '451', '71']
['395', '123']
['163']
['36', '430', '145', '149', '293', '110', '433']
['475', '183', '335']
['70', '498']
['26', '138', '359', '16', '97', '392']
['68']
['315', '179', '148', '294', '326', '180', '210', '423']
['211', '469', '278', '419']
['301']
['422', '50', '129', '128']
['396', '177', '297']
['371']
['405', '358', '176', '216', '381', '119', '22', '108', '244', '33']
['284', '27', '449']
['437', '369', '246', '347', '126']
['101', '6', '214', '346']
['234', '89', '181', '227']
['55', '408', '93']
['192', '156']
['273', '400', '356', '25', '445', '240', '409', '305', '388']
['283', '306', '122']
['136', '421']
['296', '367', '9']
['217', '121', '275']
['366', '494', '141', '302']
['424', '453', '460']
['481', '114', '51', '412']
['363', '349', '182', '353', '20']
['10']
['480', '380', '404']
['2', '279']
['464', '42', '328', '337', '271', '191', '17']
['377', '96', '478', '168', '130', '38', '157', '99', '37']
['59', '232', '82', '72', '351', '243', '272', '80']
['375', '203', '83', '151']
['338', '226', '290']
['393', '41', '280']
['354', '90']
['262', '487', '231', '394', '8', '360', '384']
['298', '248', '308', '104', '339', '483', '373', '184', '18', '323']
['220', '43', '336', '15', '258', '441', '398', '274', '247', '376', '416', '435']
['13', '429']
['166', '316']
['491', '245', '132', '443', '406']
['198', '81', '64', '88', '439']
['427', '113', '105', '325']
['261', '215', '379', '285', '249']
['195']
['260', '374']
['76', '204', '459', '201']
['461', '477', '333', '77']
['147', '165']
['24']
['172', '91', '196', '5', '100', '458', '117', '418', '267', '102', '3', '150', '299', '40', '199', '425']
['266']
['173', '383', '237', '465', '242', '489', '403', '251']
['402', '428']
['426', '312', '164', '135', '118', '45', '1']
['219', '413', '116', '304', '292', '98', '57', '230']
