['wqW', 'Jla', 'Fmb', 'W8n', 'KS2', '4fp', 'Hi0', 'uii', 'PlJ', 'rmu', 'v6U', 'kT2']
['u1N', '3QX', 'PqY', 'WLo', 'Swe', 'KRy', 'LiP', 'fFJ', 'tm4', 'FzE']
['0gI', 'iiE', '3kn', 's1n', 'hiF', 'JLF', '4LY', 'dlb', '96X']
['Hyj', 'GUX', 'cmd', 'qDy', 'YEe', 'F9o', '8nm', 'tpP', 'NiX', 'MrD', '9ug', 'wGp']
['pf5', 'hHB', 'vyM', 'sfk', 'nf5', 'c3v', 'ux2', 'iGU', 'G2k', 'SiL', 'HWv']
['1gc', 'slQ', 'xqY', 'zEh', 'AKr', 'n99', 'X5a', 'bDO', 'lKO', 'bA6', 'rz4', '81k']
['blA', 'mUL', 'aZv', 'tfQ', 'iba', 'rYU', 'ZQL', 'WLk', '5jv', '0Qs', 'fKV', 'nQv']
['CwC', 'YUZ', 'E2A', 'H9O', 'hQH', 'WXJ', 'g08', 'mFO', 'Fws']
['EoI', 'wgA', 'Z7b', 'Afe', '6pB', 'USE', 'CYA', 'UmG', 'UDc', 'SmS']
['ISX', 'ptf', 'MQT', 'qLD', 'mcI', 'ttO', 'iTo', 'zfD', 'hdp', '9F9', 'xxJ', 'iW8']
['QDa', 'PiG', 'x86', 'Jgp', 'h6l', '2mv', 'tK7', 'Eou', 'jGk', 'Qti', '0RD', 'VZ7']
['dLc', 'D5B', 'zTH', 'HvR', 'mIe', 'mLF', 'Tn8', 'euj']
['1aX', 'gEp', 'FEQ', 'lsG', 'Itn', 'SMj', 'FkC', '2UA', 'X5J', 'ZVF', 'YNK']
['rXN', 'Ns3', 'h3r', '6Hl', 'nkl', 'SV9', 'gTC', 'QhQ', 'wwD', 'IZQ']
['uH4', 'nc0', '28R', 'KGR', '27J', 'W2Z', 'hct', 'jEj', 'ZNv', 'H68', 'OCL', '6na']
['etm', 'AK4', 'YMC', '4p5', 'oZQ', 'j3s', 'aLB', 'FbA', 'e6S', 'ZY3', 'qmj', 'nRH']
['zfK', 'Qa3', 'nqI', 'JYa', 'MNb', 'cDc', 'B99', 'IU6', 'oPH', '4gy', 'ziA', '5n5']
['bAf', 'xRH', 'aTI', 'UPL', 'I2i', 'CU9', '1uW', 'AHs']
['fQ3', 'NGB', '69w', 'ZFU', 'PoH', 'Epk', 'iFt', 'Ke0', 'uGP', 'b9f', 'gfv', 'e8d']
['DoC', 'dvU', 'vJC', 'X9s', 'Ql9', 'EJa', '2vJ', 'JfN', 'i9C', 'e8H', 'Y2z', 'mRG']
['8VG', 'Ot9', 'ZxX', 'kZ0', 'emD', '8j5', '00m', 'L1u', 'VVW', 'VAV']
['qPq', 'IJ1', 'U0P', '1xS', 'VCH', 'rgC', 'Kn8', 'nQj', 'x8V', 'eGG', 'qkE', 'BV4']
['uVg', 'tFU', 's3z', 'Xim', 'O2z', 'XlR', 'u9Q', 'J8r', 'rC8', 'stN']
['GpL', 'tEu', 'ewc', 'EJD', 'gWT', 'pTi', '1RB', 'd60', 'JVP', 'cEk', 'HkK']
['txp', 'oUs', 'f9z', '4nb', 'KZy', 'JyM', 'xz4', 'JcP', 'rMd', 'gEU', 'SFn']
['kte', 'U4K', '5U2', 'mLL', 'XMr', 'D40', 'iS6', '4KN', 'Twl']
['oSh', 'QEF', 'U0Z', 'Hxo', 'Qyh', 'psG', 'jWX', 'hYw', 'gVV', 'ULj', 'rGT', '8uz']
['PPi', 'gkI', 'b99', 'NXP', '4Nd', '6ro', 'b7z', 'I2S']
['Zc5', 'dSZ', 'VPb', 'tKI', '8uu', 'JWV', 'mGb', 'Bfu', 'm5j', '6sH', 'AcJ', 'i4H']
['XHa', 'P8b', 'VoJ', 'dNX', 'BPL', 'cFa', 'kiK', 'AJT', 'a55', 'czy']
['xpw', '70K', 'upV', 'YFC', 'vca', 'jFu', 'bLd', '5i6', 'gE4', '5zB']
['5Li', 'kYz', 'oak', 'sKX', '5qS', 'Hbr', 'uZt', 'PJa', 'Gu6', 'TUB', '19T', 'YBr']
['Ihb', 'Qtt', 'Mvm', 'yLV', '0ID', 'GRw', 'WB2', 'Pas', 'N08', 'oSw', 'z1H', '6Ip']
['W4L', '17Q', 'klv', 'NqO', 'zgJ', 'btz', 'yAp', 'PQT', 'Wmv', 'uQL', 'BDE']
['a4K', '1QY', 'xLA', 'NyP', '0oy', 'LTB', 's6M', 'xx7', 'fFE', '9NA']
