['Carlee', 'Cherise', 'Ailene', 'Aaren', 'Candra', 'Astrix', 'Cherilyn', 'Bamby', 'Christabella', 'Barbra']
['David', 'Chiquia', 'Catlee', 'Bobette', 'Ashlen', 'Avis', 'Alicea', 'Bess', 'Alice', 'Catriona']
['Caro', 'Charlot', 'Catie', 'Alissa', 'Betty', 'Carolina', 'Cammi', 'Cami']
['Camella', 'Bernardine', 'Celie', 'Calida', 'Arlene', 'Anica', 'Anne', 'Babita', 'Cody', 'Aili']
['Angel', 'Bettine', 'Billy', 'Ambur', 'Carrissa', 'Bobbye', 'Angelina', 'Chelsy', 'Babette', 'Babara']
['Celestine', 'Bill', 'Adoree', 'Caroljean', 'Blancha', 'Babbie', 'Ali', 'Cammy', 'Brandy', 'Bren']
['Brandi', 'Annabelle', 'Amanda', 'Barbabra', 'Caralie', 'Ashlie', 'Beatrice', 'Catherine', 'Aeriel', 'Auroora']
['Anet', 'Antoinette', 'Addi', 'Annabela', 'Cacilia', 'Barbaraanne', 'Alexandrina', 'Arlie']
['Allissa', 'Berri', 'Carri', 'Betti', 'Annadiane', 'Brittaney', 'Benita', 'Charmion', 'Belita', 'Bethany']
['Angie', 'Alvira', 'Alysa', 'Agace', 'Angil', 'Alix', 'Audy', 'Chelsey']
['Amargo', 'Calla', 'Ada', 'Carlyn', 'Amy', 'Caren', 'Binni', 'Ariela', 'Alanah', 'Billi']
['Babbette', 'Candis', 'Carlye', 'Charin', 'Carole', 'Beverie', 'Benetta', 'Aveline', 'Abby', 'Casie']
['Ardra', 'Camel', 'Andi', 'Annelise', 'Alayne', 'Celestyn', 'Bliss', 'Berta', 'Bibbie', 'Asia']
['Christan', 'Agatha', 'Christye', 'Berni', 'Cathrine', 'Anjela', 'Penny', 'Blinnie', 'Augusta']
['Charleen', 'Blythe', 'Brier', 'Anabelle', 'Athena', 'Bobby', 'Cherrita', 'Carmelita', 'Brandea', 'Alexi']
['Carmel', 'Allegra', 'Anni', 'Carina', 'Annamaria', 'Bridgette', 'Catlaina', 'Cheslie', 'Bernardina', 'Aliza']
['Cele', 'Amabel', 'Cal', 'Anatola', 'Annabel', 'Alie', 'Andrea', 'Alexia', 'Bunny']
['Catharine', 'Charity', 'Carmine', 'Abra', 'Blanche', 'Alys', 'Aurore', 'Andriana', 'Alisun', 'Brandie']
['Bonnee', 'Christal', 'Alverta', 'Billie', 'Cariotta', 'Bunni', 'Brigid', 'Aimil', 'Ardeen', 'Agnola']
['Charyl', 'Bessy', 'Andree', 'Aurelea', 'Callida', 'Anastassia', 'Belva', 'Almeda', 'Adelice', 'Aile']
['Ardella', 'Analiese', 'Caryl', 'Angela', 'Christel', 'Caron', 'Cassondra', 'Athene', 'Carlynn']
['Brigida', 'Bernete', 'Anabal', 'Allix', 'Anthiathia', 'Bryna', 'Ara', 'Cassy', 'Arliene', 'Anastasia']
['Cesya', 'April', 'Babs', 'Chiarra', 'Chanda', 'Anallese', 'Alejandra', 'Adorne', 'Arlina']
['Adelheid', 'Caril', 'Carena', 'Austina', 'Ardene', 'Ashli', 'Caryn', 'Bride', 'Betteann', 'Brandise']
['Aubine', 'Bobinette', 'Alyda', 'Casandra', 'Bernadine', 'Bobbee', 'Annora', 'Barbey', 'Calli', 'Berna']
['Christyna', 'Bertine', 'Bellanca', 'Bert', 'Bobbie', 'Alikee', 'Carolyn', 'Cherye', 'Aubrette', 'Berty']
