['103', '123']
['128']
['249']
['140', '200', '201']
['202']
['3', '48', '69', '83', '170']
['181', '236']
['7', '73', '192', '203', '214']
['34']
['59', '64', '89', '130']
['55']
['122', '237']
['54', '79', '138', '218']
['67', '70', '81', '114', '144', '180', '189']
['44', '120', '242']
['216']
['117']
['28']
['25', '40']
['185']
['219']
['136']
['248']
['46', '91']
['38', '98', '163']
['21', '66', '87', '235']
['175']
['47']
['160']
['101']
['65', '68', '205']
['39']
['26']
['94', '113', '178']
['90', '207']
['148']
['23', '143']
['24']
['75']
['1', '4', '5']
['96']
['206']
['147']
['238']
['62', '109', '250']
['0', '33', '104', '108', '110', '112', '129', '132', '141', '145', '149', '150', '152', '153', '157', '158', '159', '161', '162', '165', '167', '168', '169', '171', '173', '174', '177', '179', '182', '183', '184', '191', '193', '194', '195', '196', '198', '199', '204', '210', '212', '220', '224', '227', '230', '232', '234', '240', '245', '246']
['88']
['176']
['154', '186', '211']
['27', '106', '190']
['49', '118', '172', '225']
['209']
['111']
['13', '22']
['9', '231', '244']
['15', '164']
['102']
['76', '78', '215']
['32', '63']
['53', '107']
['86', '226', '247']
['31']
['36', '142']
['115', '116', '241']
['133']
['11', '127']
['93']
['121']
['105']
['37', '134', '208', '243']
['71', '155']
['18', '52']
['41', '61', '82', '100', '197']
['20', '30', '74', '139']
['80']
['95', '137', '146', '187', '217', '222']
['84', '151']
['10', '85', '233', '239']
['92', '228']
['56', '119']
['51', '124', '188']
['60']
['131', '229']
['125']
['8', '97']
['223']
['35', '45']
['12']
['58']
['6', '29', '43', '166']
['77']
['72']
['126']
['156']
['2', '19', '57']
['17']
['99']
['42', '50', '135', '221']
['14']
['16', '213']
