['40', '49', '81', '105', '112', '117', '146', '149', '153', '157', '166', '171', '179', '182', '195', '202', '227', '234', '264', '315', '335', '344', '394', '415']
['0', '2', '25', '28', '52', '120', '129', '147', '161', '165', '170', '176', '185', '193', '200', '213', '215', '287', '295', '312', '319', '320', '342', '374', '390', '398', '404', '409', '413', '417']
['87', '359']
['21', '45', '68', '119', '224', '263', '269', '279', '298', '313', '323', '353', '366', '402']
['164', '233', '241', '254', '258', '380']
['48', '101', '274', '305']
['8', '9', '23', '36', '63', '89', '100', '121', '124', '151', '156', '163', '174', '175', '204', '210', '214', '220', '240', '243', '339', '362', '363', '370', '382', '391', '399', '412']
['43', '47', '70', '125', '144', '150', '196', '219', '235', '276', '291', '326', '346', '376']
['10', '16', '82', '217', '238', '261', '273', '277', '300', '371', '373', '387', '410']
['3', '11', '32', '44', '53', '64', '83', '88', '113', '114', '134', '158', '159', '172', '189', '226', '284', '290', '302', '322', '357', '372', '397', '408']
['136', '145', '411']
['4', '42', '79', '236', '244', '288', '307', '369']
['97', '208', '332', '365']
['17', '27', '69', '73', '92', '107', '133', '178', '242', '282', '306', '309', '327', '330', '337', '338', '345', '377', '405']
['13', '22', '31', '61', '98', '118', '131', '141', '168', '186', '221', '268', '293', '311', '341', '375', '388', '416']
['155', '160', '275', '289', '378', '395']
['20', '24', '39', '77', '126', '130', '169', '173', '184', '231', '245', '250', '351']
['19', '35', '58', '78', '104', '110', '122', '139', '167', '191', '203', '232', '251', '266', '271', '285', '292', '304', '310', '316', '352', '367', '385', '400', '401']
['5', '34', '75', '80', '96', '180', '198', '281', '414']
['1', '12', '14', '50', '95', '103', '108', '177', '192', '194', '201', '212', '218', '252', '318', '321', '329', '334']
['29', '55', '72', '90', '91', '256', '262', '280', '314', '336', '350', '403', '406', '418']
['30', '65', '74', '317', '355', '360']
['6', '7', '41', '56', '57', '67', '85', '99', '116', '123', '154', '181', '197', '207', '209', '211', '228', '278', '296', '301', '303', '308', '325', '358', '364', '396']
['60', '102', '115', '132', '135', '205', '229', '237', '257', '324', '381', '392']
['38', '46', '51', '62', '111', '127', '138', '140', '142', '148', '183', '199', '272', '283', '286', '349', '386', '389']
['26', '206', '270']
['15', '54', '59', '71', '84', '106', '187', '230', '239', '253', '259', '267', '328', '331', '340', '343', '368', '383', '384', '419']
['18', '66', '188', '225', '299', '333', '348', '361', '379', '407']
['33', '76', '128', '137', '143', '152', '190', '222', '223', '246', '247', '249', '260', '265', '294', '297', '347', '354', '393']
['37', '86', '93', '94', '109', '162', '216', '248', '255', '356']
