['PJW', 'MSE', 'FHI', 'OXU', 'HGD', 'QCJ', 'YTQ', 'ZFU', 'LHQ', 'PDU', 'ABC', 'DWU', 'MUV', 'UKF', 'QTQ', 'TFT', 'QTR', 'MMS', 'CAO', 'XPW', 'NGI', 'MAC', 'RUP', 'GUN', 'IDO']
['FTE', 'LMU', 'WHJ', 'TVZ', 'UZY', 'BCI', 'SNM', 'FUR', 'LJA', 'CDZ', 'FTL', 'SFJ', 'GSB', 'CFJ', 'HBC', 'HHK', 'CGQ', 'QAM', 'RKH', 'JDC', 'GGM', 'UIO', 'QZB', 'NDJ', 'BIN']
['WSD', 'XIY', 'IIY', 'PIL', 'QJK', 'NUG', 'ACP', 'YDL', 'UNW', 'XVQ', 'QFE', 'TBT', 'WED', 'JJB', 'KLV', 'OVZ', 'XHQ', 'ZFK', 'ONX', 'IPV', 'CIH', 'WWL', 'QYA', 'NDB', 'ZRO']
['CHR', 'MVS', 'CDW', 'KNO', 'IKB', 'LZP', 'ARM', 'TGH', 'IQJ', 'JSL', 'TFN', 'ODG', 'SDH', 'RIX', 'YWW', 'ALI', 'PCL', 'VWX', 'MIE', 'HCD', 'NDI', 'YNR', 'OON', 'ZCY', 'GUE']
['KMD', 'BLK', 'ZNQ', 'BHL', 'FKU', 'ZQN', 'MCI', 'QRE', 'FCU', 'XDE', 'KDV', 'XNY', 'FWB', 'UDD', 'FEV', 'IFU', 'YLS', 'QIB', 'TMR', 'ALG', 'XFW', 'MNB', 'EBA', 'GUQ', 'WYK']
['HTW', 'CEY', 'AYJ', 'NQL', 'VCY', 'MLN', 'CJB', 'RXD', 'ALL', 'AZD', 'CRF', 'YYC', 'LGP', 'OFJ', 'LTC', 'VFV', 'TWL', 'XVF', 'APD', 'HNC', 'HIG', 'YVQ', 'FDS', 'BFH', 'CHA']
['ITN', 'MSC', 'ULP', 'KNZ', 'HZF', 'JZV', 'DZR', 'HUN', 'AIM', 'YER', 'CUZ', 'EZU', 'RYT', 'QIK', 'MLH', 'YPX', 'SUT', 'ASO', 'GXJ', 'SDF', 'JXM', 'EQX', 'FSW', 'AMV', 'DTU']
['DFW', 'TQB', 'CFP', 'FWA', 'SYQ', 'WLU', 'DHT', 'CGD', 'QTJ', 'CXP', 'JME', 'DCZ', 'PAS', 'VWR', 'FQC', 'QEP', 'EOF', 'XCX', 'IUY', 'IUE', 'GEF', 'PGO', 'HYW', 'RNU', 'IDJ']
['FMU', 'IYD', 'NXU', 'LWH', 'PKK', 'RSG', 'PON', 'IPY', 'YHX', 'OII', 'QBJ', 'MUL', 'MIN', 'AUL', 'NSI', 'DRX', 'FOD', 'UCH', 'DTS', 'PMO', 'SQS', 'VTH', 'WMY', 'PAX', 'GUT']
['FOW', 'NGH', 'KEQ', 'YSM', 'BBZ', 'XRV', 'EAA', 'RKO', 'DMP', 'MJV', 'UTL', 'OEN', 'GPL', 'LWA', 'EPR', 'FXX', 'EBB', 'KLS', 'YAR', 'NTW', 'ZPA', 'SCZ', 'RZW', 'KJN', 'FXH']
['AYK', 'LZE', 'THJ', 'VQR', 'NLI', 'YKF', 'JMO', 'UZU', 'GPH', 'QMI', 'WIF', 'JTZ', 'YSD', 'VMJ', 'NNG', 'DNE', 'GYM', 'KSW', 'MOH', 'ZJU', 'KVY', 'LZI', 'SGT', 'MED', 'CYA']
['YSP', 'WCB', 'EWG', 'WKY', 'WGY', 'GUR', 'YKQ', 'VYF', 'PZA', 'PVS', 'HMT', 'RYE', 'XWK', 'ZFO', 'NLS', 'OHR', 'GLR', 'UEN', 'RBJ', 'FPR', 'UGW', 'LHD', 'KXZ', 'IIT', 'BTJ']
['DJA', 'BCW', 'BEQ', 'QVI', 'RYA', 'EDD', 'XJW', 'AQN', 'YDT', 'BRY', 'KZQ', 'QNG', 'OZT', 'TUK', 'UFK', 'QQN', 'KVD', 'SUP', 'MVB', 'ZIT', 'OLD', 'YKR', 'EBY', 'AGI', 'JOQ']
['MYN', 'JXZ', 'SMM', 'RSJ', 'PAU', 'SQR', 'ZBF', 'YEN', 'IYH', 'ZBU', 'HJA', 'FTI', 'OCI', 'DAW', 'SNS', 'GFL', 'AJB', 'TVY', 'BZI', 'NXI', 'WWT', 'MZP', 'JWQ', 'DXK', 'MWQ']
['UHU', 'UHE', 'IPK', 'BDX', 'NOP', 'DTW', 'ZKY', 'IEK', 'SRP', 'CCY', 'SFK', 'RJS', 'JKL', 'VFM', 'NHA', 'ROL', 'WJS', 'DMN', 'GGA', 'GBL', 'BJR', 'CNU', 'IPG', 'YOA', 'TSS']
['FPT', 'WCD', 'PGE', 'HGF', 'DAT', 'VMW', 'ZGL', 'UMO', 'DOT', 'LXJ', 'YUG', 'HPV', 'SGO', 'YYJ', 'ACJ', 'XOE', 'AWX', 'ELJ', 'TLC', 'MUO', 'SUQ', 'IAM', 'CZB', 'YYU', 'KLZ']
['POJ', 'WJI', 'SFB', 'WDF', 'UOM', 'TDJ', 'FJL', 'KLM', 'SNW', 'LUT', 'JUQ', 'FXI', 'JHO', 'PTX', 'NJD', 'WUI', 'RIA', 'HQB', 'GGP', 'LBW', 'XKQ', 'IKW', 'SRB', 'TGW', 'JZY']
['TFQ', 'SCS', 'KUO', 'ELO', 'INO', 'DMH', 'XXQ', 'JGS', 'NPS', 'VXB', 'SCX', 'RNM', 'JVR', 'SAQ', 'FJH', 'ZCF', 'ESU', 'JII', 'FWN', 'IKN', 'TKB', 'XQI', 'SFD', 'ECG', 'AHE']
['YYG', 'LLX', 'GWT', 'HPH', 'TMD', 'PVQ', 'WTX', 'QDB', 'VZX', 'XEO', 'GMF', 'NWB', 'KMP', 'XEN', 'ARV', 'WZL', 'JMT', 'IFO', 'HXF', 'VRD', 'EEA', 'KAJ', 'TBN', 'TQM', 'QLI']
['VAC', 'EUK', 'NFI', 'PYK', 'EKJ', 'SCK', 'RDG', 'YKH', 'JZA', 'PBP', 'EDP', 'POC', 'POR', 'QLH', 'UKO', 'PME', 'LOQ', 'WER', 'DYU', 'YTR', 'MJR', 'FCJ', 'HXZ', 'RUR', 'MBZ']
