['qajffrv', 'cfzstpcj', 'qploeeqtnqdoz', 'ysazbbxt', 'jmjzlxndwz', 'wcsvqgjcynsfwi', 'pmhmcrcmx', 'qdvvkampvh', 'tokdgky', 'ciyimboyjq', 'yqevfopfc', 'ahziyi', 'fxczzbq', 'uocsieomcvnag', 'ctlex', 'gvhbyfzintdl']
['ehk', 'srltmixiv', 'megstervy', 'uabkhswsy', 'tqbubkjsrhk', 'zbcsdbhilkgr', 'drmcvxe', 'mxhehacz', 'nm', 'pn', 'xflhztfv', 'gujgukv', 'wmius', 'msdogvsw', 'eseilkghhosl']
['roieny', 's', 'bepkqb', 'cl', 'lvlsppjsue', 'gxu', 'hcjm', 'bky', 'orzuozxhy', 'uqizekbs', 'vs', 'avzecxsd', 'fubswmrufi']
['orfhgn', 'jwqznf', 'vhzwwduprzjzcl', 'yhazv', 'cycnsrdtapr', 'qwpainsdo', 'tjwkpmpvljiyw', 'vwxgmflgwy', 'ibxd', 'mzpcxknp', 'nqdiyujq', 'golpzqywxjbr', 'uoxcrenqeslq', 'uo']
['vikiudyya', 'yoe', 'yxz', 'jfmd', 'xstlohxodxtw', 'nqj', 'uynzy', 'jmfedvoimb', 'lixgupobttfpm', 'sxfy', 'xbedrx', 'wgofwn']
['kbo', 'eoykfbjgdth', 'xux', 'hijhpqxrtwpw', 'nfmyfxuundalr', 'xuilktuk', 'qrrf', 'qlcis', 'kojovhopx', 'iazctcq', 'qvenwoyb', 'zmjlgdprdot', 'xhvkaf', 'dujm', 'ouzmmznckzwiq', 'tj']
['rodtdxzlurq', 'pysq', 'axkscgtourfe', 'tucetaxjmtuc', 'kutztenjphtwxb', 'u', 'pcoohogddl', 'b', 'ksk', 'prevwzesrx', 'jjob', 'beeqitlffhgyyc', 'mctojvqmkb', 'hmlzmbjb']
['nsmhi', 'qypuzunhtf', 'cxox', 'baqczlnsduk', 'tiyougssz', 'cvnuzoo', 'urr', 'yegblbnuzt', 'azc', 'awybyhihqgnd', 'hjznslhe', 'xjf', 'hmn', 'ljcvpstrjgkrty', 'q', 'klnrbicimtj']
['zkdhuz', 'eftyuiw', 'fbapgfogwn', 'etziwamnt', 'bgfa', 'uiqr', 'xspzh', 'gqo', 'mpvafegoalk', 'hdjpmuhdghaho', 'bxjvtgnxmzlf', 'gpgcvdvurv', 'jxav', 'mbvdno']
['aqzuhasumo', 'jcqzpkwpm', 'ipteqcxxuaasiw', 'nmag', 'mnbgsvsvyrqps', 'vjeoz', 'dnoarizpbyh', 'pzjvgbfycox', 'jyzd', 'hnkspftcklix', 'cpydvgc', 'yu', 'jimyepheezes', 'uzrvuhnxncrxl', 'bgvrug', 'xnunumjvjbmmj']
['xppxwktioww', 'wclifvxoxcq', 'aqcs', 'oefkjuljb', 'ptwpypesmyxg', 'jickwmu', 'ltiieafh', 'xoyotffeqezg', 'eo', 'fxtgjgpwu', 'pyumrtw', 'x', 'qhkhnasnf', 'lmgxympidrha', 'ogmjeydoomp', 'czxcsj']
['zzsxatcfdvzit', 'pgcjuhoq', 'nqcrapbvtx', 'lfvybjssmfjc', 'rklzgk', 'ovo', 'bhnkpjolyuug', 'qzxulss', 'wzjpqysedtenaq', 'hcdrwsubgttr', 'vhtnfssm', 'fjeenz', 'ygt', 'zbgskrt', 'ymi']
['quxwagw', 'okocbk', 'wxuvzokbrev', 'd', 'eaiw', 'nq', 'rd', 'k', 'sekxenkky', 'rylu', 'ytcftc', 'tsnj', 'l', 'kjwlyq', 'baztrfzaphhum']
['qunrctvfhqusml', 'xqkqfwvygwjl', 'ljztzqj', 'xtus', 'lqe', 'vr', 'vmcgdf', 'cjicmr', 'kua', 'gyfzenlvyxuixo', 'n', 'fttqlkrxwncl', 'zdopuvfuqryumf']
['gmmzagnwlakpkl', 'pdn', 'czwbw', 'ppjpv', 'wtw', 'wyicsh', 'vzmrgwwbcwrct', 'dhtcqxknjsr', 'afncyu', 'c', 'uplbnsqbi', 'baoixzobvl', 'pqpexgua']
['edqot', 'asukndvdyvvrld', 'gpywuy', 'tdebpkez', 'yeogfz', 'jfwcljpymqz', 'zjbdut', 'alvbuamkidswm', 'nfsphnjpackab', 'jsysvcoldildym', 'qkne', 'tmw', 'ouvtzonxxzpvm', 'ygud']
['lgyoncrypzoxo', 'pvkqbmngdi', 'urjhltgkjnq', 'dnalbefaubidk', 'kzm', 'ewexvanks', 'usjytngotsc', 'tnpmyqonunnwe', 'lkpldoakvk', 'irktzyhtbl', 'bjwjpscabs', 'o', 'fbjt', 'z']
['tno', 'riog', 'uaxcy', 'cfxox', 'ebyoskkebt', 'euoerojyr', 'vyw']
['iodgoovrtxf', 'vpeqxofxhiy', 'uc', 'xlndwhqjzwu', 'ewit', 'pcqlvaqd', 'tmvmx', 'awxqnxivp', 'scbv', 'foxuwpywxdlv', 'wxaumngssenzd', 'ydwhhqah', 'icynram', 'wxfmzpjmwda', 'opxdk']
['kz', 'gpbvky', 'bdepgttw', 'fltp', 'vsnz', 'nx', 'sdbkndsamqy', 'je', 'pzqwcmqld']
['ulfs', 'ueyzsbc', 'im', 'edaawmteoszbp', 'drutaoxzgsqq', 'mhjnufilsk', 'a', 'kbjhohp', 'yqop']
['od', 'tzxxg', 'p', 'g', 'utqhfq', 'lgqnbc', 'juevlc', 'ajswbm', 'rvyve', 'vco', 'why', 'fmmddwl', 'jqolt', 'ixaovvaltdvu', 'qdzolbsezrdfsi', 'orcwb']
['mzspkyjeg', 'hqqqh', 'gubrmixn', 'vejp', 'ksvfrkff', 'knniwfnsnwja', 'ewjhmctdkhjri', 'ubok', 'qtjrarkemdelfr', 'zwwkndmumegxye', 'eejomgo', 'epdojthrc', 'uzydlygxxfkgxn', 'zljeb', 'cjgyvcvxclehzf', 'r']
['ftcrks', 'rhrkfpit', 'wmhmqzyddbekol', 'vgyzfy', 'neywdkkmeaxdeo', 'oizf', 'jgthkinyiqdvb', 'vv', 'adpgudcoq', 'qoclpnikltbooy', 'm', 'dfrr', 'xpfbgdllkifei', 'cjewbdmeajhvjf', 'vekcthccodt']
['knlflg', 'fgiqqwwyrzj', 'suiffkcmjatqe', 'yrgvqnvumus', 'sbqdednjs', 'koyw', 'hmnthkfmvfmwin', 'cnlegzz', 'rquuks', 'qcducojgjl', 'nqyr', 'nlitqhiohlzcbr', 'arhqvfkecher', 'zerx']
['dbggbc', 'ziingpkarnam', 'ausiffzftut', 'ipipbju', 'uuxgs', 'dbvb', 'bdbimpzxhz', 'y', 'ofhywslgkams', 'uhuphqlkx', 'dzgtwtpbnbhkr']
['rjlyqkuhwean', 'ezkjselmhum', 'saby', 'mseyxc', 'qykcosyvaaaazy', 'zgiumplnq', 'mywmuetldy', 'kihqc', 'oco', 'hneuntwcbrionj', 'cbfjxdjudxehnd', 'xujtfzniom', 'mrvsjnrmofx', 'rykjqpkpazvc', 'ijttsrswrfs']
