['23', '35', '50', '120', '125', '184', '218', '239', '274', '363', '385', '406', '414', '429']
['13', '14', '127', '133', '152', '192', '198', '277', '317', '442']
['27', '45', '57', '66', '87', '140', '179', '250', '319', '350', '371', '396']
['18', '59', '83', '96', '109', '138', '146', '196', '210', '223', '255', '305', '330', '353', '368', '387', '403', '404', '418', '438', '439']
['77', '148', '156', '166', '182', '183', '211', '232', '233', '276', '282', '292', '301', '311', '320', '323', '339', '349', '395', '413', '434']
['7', '25', '32', '33', '65', '97', '100', '137', '160', '216', '270', '299', '386', '390', '392', '398', '405', '419', '425', '433']
['0', '8', '78', '79', '91', '93', '107', '116', '118', '158', '169', '171', '201', '226', '241', '244', '251', '267', '380', '382', '454']
['6', '72', '94', '103', '167', '170', '180', '188', '208', '234', '296', '328', '331', '359', '402', '411', '427', '436', '448']
['38', '41', '73', '88', '243', '309', '312', '352', '361', '364', '389', '447', '449']
['12', '24', '30', '60', '74', '75', '106', '124', '141', '143', '181', '185', '219', '227', '257', '329', '336', '343', '366', '378', '391']
['26', '34', '61', '69', '119', '122', '123', '126', '155', '206', '215', '237', '240', '286', '289', '322', '324', '338', '375', '377', '409']
['56', '104', '165', '193', '220', '242', '258', '264', '272', '369', '376', '397', '400', '444', '455']
['22', '40', '51', '131', '159', '187', '224', '229', '254', '260', '280', '297', '321', '373', '383', '399', '412', '420', '426', '443', '450']
['4', '21', '31', '81', '99', '110', '112', '134', '136', '163', '176', '191', '197', '217', '228', '238', '252', '284', '337', '348', '416']
['28', '46', '82', '111', '114', '115', '161', '164', '168', '186', '231', '262', '285', '287', '290', '362', '407', '415', '437', '440']
['10', '29', '62', '92', '102', '132', '142', '150', '174', '194', '245', '261', '266', '283', '304', '315', '423', '424', '428', '430', '435']
['19', '55', '71', '105', '121', '129', '149', '162', '173', '175', '235', '268', '308', '314', '316', '326', '354', '367', '374', '422']
['44', '54', '58', '63', '68', '139', '147', '154', '222', '269', '273', '351', '357', '446', '452']
['15', '48', '52', '84', '130', '157', '195', '246', '256', '275', '279', '295', '300', '302', '307', '325', '333', '335', '360', '410']
['36', '37', '70', '95', '113', '172', '190', '205', '236', '306', '341', '346', '355', '408', '421']
['16', '39', '49', '108', '144', '177', '204', '248', '259', '288', '327', '340', '345', '356', '381', '384', '401']
['2', '5', '11', '64', '101', '151', '202', '203', '209', '221', '225', '249', '278', '291', '293', '294', '298', '313', '394']
['1', '17', '53', '67', '90', '128', '153', '199', '200', '214', '230', '271', '310', '332', '358', '393', '417', '431', '432']
['3', '42', '76', '85', '86', '117', '145', '212', '213', '247', '253', '263', '303', '318', '347', '370', '388', '445', '451', '453', '456']
['9', '20', '43', '47', '80', '89', '98', '135', '178', '189', '207', '265', '281', '334', '342', '344', '365', '372', '379', '441']
