['63', '68', '278', '381']
['177', '283', '302', '402']
['247']
['157', '491']
['75', '406']
['7', '85', '470']
['112', '448']
['142', '182', '198', '300', '429']
['10', '19', '35', '61', '69', '102', '105', '144', '168', '187', '290', '347', '385', '414', '494']
['53', '129', '167', '203', '369', '370', '384', '466']
['99', '115', '207']
['164', '462']
['209', '251', '260', '324']
['62', '64', '119', '220', '235', '298', '312', '440', '465']
['200', '211', '221', '383', '407', '452']
['24', '78', '100', '205', '226', '242', '304', '412']
['11', '16', '77', '116', '126', '145', '172', '319', '331', '378', '396', '424', '450', '457', '484', '495']
['47', '117']
['97', '322', '415']
['13', '30', '84', '90', '131', '310', '338']
['409', '492']
['0', '1', '4', '5', '6', '8', '15', '40', '49', '50', '52', '54', '70', '71', '74', '80', '91', '92', '95', '113', '134', '141', '143', '149', '152', '154', '158', '159', '162', '166', '171', '173', '175', '176', '179', '194', '208', '217', '232', '243', '250', '252', '256', '257', '274', '288', '295', '299', '320', '323', '325', '330', '334', '371', '372', '377', '397', '418', '441', '453', '455', '456', '461', '469', '472', '474', '475', '477', '483', '485', '488']
['36', '190', '212', '311', '340', '382', '447', '473']
['133', '222', '240']
['2', '228']
['9', '37', '94', '101', '258', '316', '394']
['27', '48', '57', '96', '138', '139', '150', '223', '230', '234', '246', '294', '318', '337', '374', '423', '427']
['108', '153', '270', '277', '282', '289', '313', '339', '341']
['38', '86', '303', '435']
['32', '120', '136', '165', '262', '271', '321', '388', '410']
['23', '109', '346', '387', '403', '425']
['46', '58', '89', '148', '239', '253', '326', '351', '356', '467']
['43', '87', '147', '155', '160', '206', '215', '249', '306', '308', '317', '444', '478']
['88', '98', '127', '261', '305', '315', '368', '446', '458', '496']
['161', '193', '287', '342', '386']
['60', '65', '121', '181', '192', '218', '263', '345', '360', '366', '398', '404', '413', '489']
['55', '284']
['76', '124', '332']
['389', '400', '442']
['45', '163', '248']
['18', '21', '22', '103', '122', '301', '391', '392', '401', '420', '432', '460']
['34', '336', '353']
['39', '83', '135', '268', '296', '309', '328', '364', '421', '487']
['236', '343']
['180', '219', '225', '269', '279', '286', '422', '433', '434']
['468']
['81', '195', '204', '216', '285', '355', '365', '481', '482']
['42']
['26', '66', '393', '431', '459']
['293', '493']
['125', '132', '185', '314', '349', '358', '362', '390', '411']
['201', '231', '254', '273', '297', '361', '367', '395', '399']
['33', '44', '118', '169', '267', '363', '379', '439']
['25', '227', '259', '375', '405']
['151']
['93', '183', '197', '229', '233', '264']
['210', '241', '255', '373']
['111', '335', '357', '428', '486']
['82', '350', '437']
['188', '416']
['51', '73', '170', '237', '238', '281', '419', '464']
['191', '224', '327', '445']
['12', '28', '137', '156']
['41', '443']
['426', '480']
['56', '307', '463', '479']
['20', '67', '110', '146', '344', '408', '417']
['114', '178', '275']
['3', '72', '104', '123', '130', '174', '184', '196', '202', '266', '276', '333', '352', '354', '454']
['31', '291']
['107', '128', '214', '329', '348', '376', '436', '476']
['59', '106', '140', '189', '199', '213', '272', '430', '438', '471']
['14', '29', '79', '186', '265', '292', '359', '451']
['17', '244', '245', '280', '380', '449', '490']
