['9', '21', '65', '99', '104', '105', '173', '202', '238', '243', '258', '284', '306', '309', '311', '318', '360', '363', '400', '409', '417', '460', '469']
['24', '40', '75', '80', '88', '96', '113', '120', '137', '174', '199', '225', '232', '244', '245', '257', '259', '283', '327', '464', '476', '481']
['42', '50', '93', '112', '116', '147', '162', '182', '204', '206', '255', '271', '272', '319', '348', '354', '379', '405', '410', '440', '485']
['39', '41', '47', '56', '58', '62', '78', '110', '127', '139', '140', '155', '156', '168', '191', '256', '278', '285', '301', '412', '434', '455']
['17', '27', '43', '77', '86', '114', '141', '197', '226', '230', '231', '235', '252', '254', '275', '291', '302', '320', '395', '399', '437', '453', '466']
['11', '13', '31', '32', '37', '106', '138', '157', '165', '212', '217', '228', '242', '248', '316', '357', '366', '383', '421', '424', '428', '435', '468']
['12', '26', '28', '52', '61', '70', '101', '123', '128', '133', '159', '178', '180', '195', '249', '273', '293', '332', '351', '358', '385', '387']
['7', '36', '59', '91', '111', '131', '135', '136', '154', '187', '188', '192', '207', '264', '289', '300', '362', '389', '394', '407', '446', '463', '467']
['16', '54', '64', '82', '117', '184', '203', '214', '215', '229', '260', '322', '330', '333', '334', '339', '353', '416', '419', '442', '443', '447', '465']
['68', '122', '151', '163', '171', '186', '194', '205', '222', '276', '286', '298', '310', '324', '338', '365', '374', '390', '396', '418', '475']
['3', '10', '23', '25', '30', '44', '67', '69', '89', '94', '143', '176', '219', '265', '270', '279', '288', '325', '352', '361', '372', '420', '457']
['72', '102', '125', '126', '177', '183', '210', '233', '236', '247', '266', '294', '303', '323', '329', '368', '378', '403', '414', '458', '472', '474', '482']
['1', '35', '76', '124', '158', '164', '208', '250', '251', '268', '280', '287', '331', '340', '367', '388', '406', '431', '433', '444', '454', '479', '484']
['20', '49', '92', '100', '107', '134', '172', '175', '246', '314', '326', '336', '346', '349', '371', '384', '422', '439', '449', '459', '461', '478']
['33', '46', '109', '129', '149', '160', '179', '209', '221', '261', '277', '281', '290', '296', '299', '304', '359', '432', '438', '452', '456']
['18', '60', '115', '121', '145', '193', '211', '213', '216', '239', '263', '267', '269', '317', '337', '341', '342', '397', '398', '402', '413', '426', '462']
['38', '45', '48', '73', '84', '103', '119', '130', '262', '282', '295', '308', '312', '315', '375', '377', '380', '386', '445']
['5', '8', '34', '90', '95', '108', '118', '153', '166', '198', '201', '234', '292', '328', '345', '369', '370', '391', '404', '411', '436', '441']
['4', '14', '29', '51', '66', '71', '79', '132', '144', '146', '152', '189', '223', '274', '425', '450', '470', '471', '480', '483']
['15', '19', '22', '74', '81', '83', '87', '97', '161', '220', '253', '297', '305', '307', '313', '321', '347', '350', '382', '408', '415', '429', '477']
['2', '6', '53', '57', '85', '98', '142', '150', '167', '169', '196', '218', '224', '241', '343', '364', '373', '381', '401', '430', '473']
['55', '63', '148', '170', '181', '185', '190', '200', '227', '237', '240', '335', '344', '355', '356', '376', '392', '393', '423', '427', '448', '451']
