['15', '50', '52', '59', '71', '75', '83', '95', '117', '158', '161', '171', '225', '226', '231', '250', '258', '263', '273', '294']
['7', '57', '66', '88', '91', '94', '129', '137', '170', '180', '189', '199', '227', '230', '232', '237', '248', '281', '292', '293']
['20', '32', '51', '53', '96', '134', '136', '150', '163', '165', '175', '205', '215', '218', '266', '267', '275', '278']
['9', '10', '19', '63', '87', '89', '114', '124', '126', '143', '145', '159', '172', '176', '187', '213', '255', '257', '272', '277']
['12', '16', '18', '58', '147', '196', '287']
['28', '36', '90', '103', '198', '221', '243']
['4', '25', '41', '46', '109', '133', '138', '140', '162', '173', '201', '202', '203', '219', '224', '242', '295']
['23', '29', '65', '79', '82', '84', '98', '113', '119', '141', '164', '195', '222', '229', '241', '246', '284', '296']
['11', '27', '118', '146', '149', '155', '177', '184', '217', '244']
['2', '5', '39', '43', '55', '67', '80', '85', '107', '108', '121', '122', '179', '194', '251', '262', '265', '271', '285', '291']
['37', '61', '70', '197', '207', '216', '249', '261', '298']
['22', '38', '104', '106', '151', '168', '279']
['8', '24', '26', '72', '74', '78', '81', '102', '111', '130', '132', '144', '153', '156', '160', '182', '183', '214', '247', '254', '260', '283', '289']
['30', '31', '40', '44', '54', '68', '97', '100', '142', '154', '167', '186', '190', '236', '252']
['1', '33', '34', '35', '56', '60', '69', '76', '86', '101', '112', '127', '148', '169', '181', '192', '204', '209', '212', '220', '238', '276', '280', '286', '300']
['45', '62', '157', '245', '269']
['42', '64', '73', '92', '99', '115', '135', '139', '152', '206', '235', '253', '268', '270', '290']
['3', '13', '21', '77', '93', '120', '123', '128', '131', '174', '188', '191', '200', '208', '210', '223', '228', '233', '239', '264', '274', '297', '299']
['6', '14', '17', '125', '185', '282']
['47', '48', '49', '105', '110', '116', '166', '178', '193', '211', '234', '240', '256', '259', '288']
