['cjyrens', 'capkmzr', 'omyynfi', 'yoqrhdw', 'ktqbsnt', 'ehcdgdr', 'hncniof', 'vahwsck', 'hylhzqr', 'hlruggb', 'atvqyki', 'ljqttnn', 'kzgbgcg', 'joqmipo']
['vshvlic', 'uitiunf', 'coupfju', 'gnlcixq', 'bkrlzdx', 'kitxrio', 'upzignf', 'kuwyrgr', 'noyikuy', 'sipicas', 'pwaalip', 'tgshqis', 'nkylhqw']
['efrtcpo', 'lpzhylm', 'glkfhro', 'eezxrdd', 'ktyynlr', 'goxywvb', 'mbrlttj', 'vogmqqe', 'rroxpwu', 'cjhldsy', 'hscfpsc', 'atfmxqs', 'lpzovzo']
['nndfzgt', 'mlehrqr', 'zrimkhj', 'wdahnhw', 'ueyjznc', 'bymyfhs', 'tqjelgo', 'ylscqcm', 'bfonhts', 'crmjrbf', 'hrmwoaf', 'mbzuntj', 'reolqff', 'dcysunk', 'shztxik']
['igtcqiv', 'kpqzpfs', 'yfabxdu', 'ozoxsck', 'igvkuru', 'uahwspd', 'alvvzcr', 'mgtzswf', 'lmgvnku', 'gbuoffj', 'qavmxlu', 'odoqgfk', 'crclbim', 'pnnzbti']
['hvnuihp', 'nsjgubf', 'lcmynyw', 'qufxqvh', 'mnxptfo', 'rbwdwlz', 'zvuccyi', 'rnluyib', 'vrvkaaa', 'hlkffeh', 'fhrabmr', 'rxnxrbl', 'djzcmeu', 'jivtfds', 'ugpqnzn', 'kuhueyd']
['ljxjare', 'ptcbphe', 'cvokrsd', 'ypncztk', 'oqqfikf', 'urujvnn', 'nzhlxzk', 'jygmmrk', 'ygoytty', 'vxktmpe', 'bwpwdoy']
['emqikpe', 'dwfazac', 'tjtezbn', 'aadjodd', 'vvwlixv', 'tjcagrq', 'nbhknmw', 'dlfncva', 'puotspj', 'huzgikq', 'aslzxho', 'xaawrda', 'zxlpndu', 'jmjdmxv', 'dpmxdni', 'ylnttkr']
['bnyrwnb', 'jnfpvkg', 'ntanocw', 'ngznfds', 'dnxxgal', 'momhmut', 'hutontm', 'rqevvql', 'asyegiw', 'dsvowko', 'bpbiuoh', 'sieoave', 'crzdxig', 'ksjmenx', 'xsjadss']
['iudsrjy', 'hwprfxd', 'szriiex', 'pvwdbuk', 'kvfjhzh', 'owgzpow', 'upxaolv', 'mtbiczg', 'otmayxy', 'amfrehb', 'cutedox']
['yssbhls', 'ciynmhw', 'yiuitfo', 'ipxjgfz', 'rxngmkt', 'aenkmpt', 'jzqcfee', 'ynxyoyb', 'wqohgce', 'lehooqa', 'qccnlus', 'bxtdbjc', 'qimiqpx', 'jbhevly']
['korcvcx', 'qerzkir', 'jaikykc', 'uuqtrnp', 'xxqfkzr', 'pjsyeez', 'zexclum', 'kadvzfh', 'jigaagt', 'fhuqtfp', 'wellvsr', 'kctacue', 'jxlxfoo', 'itivxup']
['gdvcboj', 'jwpfwqz', 'bbevbps', 'fhflmkc', 'qhwwalp', 'fxswbii', 'qlgkouj', 'rbpdoot', 'dmsftgx', 'douqsoq', 'thidksk', 'gevooyy', 'qxwwqfk', 'mqwftjq', 'oayxvdx', 'xdofsvh']
['ydirvrp', 'egezjtl', 'xabjjff', 'mqeymdi', 'bwxgkld', 'jbockfp', 'bundjpw', 'oikctcj', 'fufnjyf', 'zxtfzys', 'jojnukl', 'bvvitzv', 'fgubrui', 'jrguwdk', 'wenwqgs']
['sfzipfj', 'qqeafqd', 'nehlpbv', 'ultrowi', 'okdlbya', 'lfxhllc', 'olzxpzb', 'mcirxcd', 'njoxkmb', 'bolryno', 'szlzdlt', 'ehfkaur', 'ljxgjfb', 'roothgi', 'jnwitwp', 'vvadaaj']
['qwcwszq', 'gmapuez', 'grhnknx', 'labghhm', 'ohgorzn', 'tdrolvx', 'xuppdvy', 'jhstklj', 'pcdlpcz', 'sgrvtpg', 'opcamxc', 'ljllxhw', 'aowxwvx', 'ftbfwum', 'vwcmgzh', 'wmodcaj']
['npbmbcl', 'vowjmgf', 'ofsoyop', 'etkmfom', 'ytvwmpd', 'laxdipx', 'ulpkpaf', 'weondbg', 'dpgzdmu', 'axxwrug', 'cewygrc', 'acgwdsb', 'mltjlsu', 'znskrzx']
['abxurqr', 'iiybggp', 'mirwseo', 'ebexhbz', 'qifpupk', 'mclspox', 'hqikiss', 'tfsfpnw', 'ojujfds', 'frxrjcw', 'fieuife', 'rqdjqiq', 'mtrmooo', 'dgvegls', 'hfzbxzo', 'wlhpnux']
['xlypwfl', 'adzdoyj', 'whaalyx', 'rfhgsrd', 'dubzmmn', 'pmckuxh', 'engjphl', 'sfjkptj', 'awftunn', 'lqjdzbc', 'poyacsv']
['gdkxxon', 'spgwzqj', 'ypwfljl', 'vfebggx', 'nbftfsb', 'lucqgzc', 'ximpauw', 'vjpstks', 'clcozil', 'wxbassh', 'wklasyt', 'rljbssd', 'afvpuoz', 'ovyjjfm', 'ulqqnrx', 'dazkzcz']
['zxijrwr', 'aytcnpm', 'pojnkue', 'xcjwaaa', 'ckbpvbd', 'rorsdzp', 'pcrzoox', 'gmultvj', 'ptpmisy', 'ebtqhua', 'apuclff', 'pxgrikq', 'ymwwchd', 'idyyroc']
['jplsynx', 'kolwqja', 'cmlcnuo', 'sfjvtxw', 'drtgipl', 'gceicua', 'nlfhgdx', 'eghatxl', 'edebgoj', 'kiwoauy', 'yqtlogi', 'upgszso', 'liqhklu', 'vbcaiur', 'huwkfqk', 'ndqmeid']
['dtmsxwk', 'vmrdoff', 'fdccgyr', 'nqmwwmz', 'bhbfrfj', 'xxradgz', 'oegoznu', 'hxlagmh', 'aocuywp', 'dtfwkrc', 'fzplaod', 'skvsmyl', 'fzsjvuk', 'pkosxjv', 'vkrrkcg', 'gmqbbof']
['upucitb', 'yvvwjem', 'qgpciwf', 'kjhsxww', 'jdufzkb', 'eiuywkb', 'jtkovjl', 'azzpyql', 'emvhlci', 'hnpufhr', 'uckdnaa', 'bnuxlph', 'joerrak']
['iuddtax', 'dqbtiaw', 'vuedrix', 'uhhhxgy', 'egfbifk']
['nvjeors', 'owvackd', 'jgbbizt', 'werprzm', 'urudgpc', 'nrctxxu', 'ekbghpg', 'zhdvxfc', 'jcoguvu', 'xxhgtbs', 'uekjkik', 'vvjtuhb', 'raymfyf']
['mmsicju', 'zrhphdg', 'uwgeeaz', 'zmgjecs', 'wznyiaw', 'newswsl', 'quaahkj', 'uckaokp', 'nrplxxf', 'zfqckzr', 'ksrplzq', 'wjosnfy', 'brpqwlx']
