['167', '225', '251', '282', '447']
['76', '130', '133', '154', '229', '253', '263', '269', '299', '345', '403', '409', '425']
['29', '109', '213', '327', '434', '456', '493']
['23', '50', '100', '161', '206', '228', '238', '260', '295', '296', '314', '326', '351', '458', '460', '469', '480', '495']
['0', '4', '9', '11', '19', '32', '40', '44', '45', '48', '49', '54', '59', '61', '62', '67', '70', '77', '79', '80', '81', '84', '89', '91', '94', '98', '99', '103', '104', '105', '107', '112', '117', '123', '125', '128', '129', '132', '134', '135', '136', '141', '143', '152', '160', '163', '165', '166', '172', '173', '175', '179', '180', '182', '185', '186', '189', '195', '197', '198', '199', '205', '207', '208', '210', '211', '214', '216', '220', '223', '226', '227', '233', '234', '235', '236', '242', '244', '246', '254', '256', '258', '259', '264', '266', '271', '273', '274', '278', '285', '286', '287', '289', '290', '291', '293', '300', '302', '303', '304', '306', '307', '310', '315', '318', '320', '322', '325', '329', '330', '348', '352', '354', '357', '359', '365', '366', '367', '372', '374', '381', '382', '383', '388', '389', '391', '393', '396', '397', '398', '399', '400', '401', '405', '417', '419', '433', '442', '448', '449', '450', '451', '459', '463', '470', '473', '474', '475', '476', '477', '494', '496']
['2', '268', '331', '335', '342', '466', '482']
['21', '101', '102', '171', '194', '261', '402', '424', '435', '453']
['8', '18', '20', '25', '30', '31', '38', '41', '42', '47', '64', '106', '108', '110', '114', '121', '142', '144', '159', '176', '183', '202', '221', '270', '276', '301', '308', '321', '370', '373', '375', '406', '416', '421', '426', '444', '464', '467', '484']
['7', '16', '24', '36', '51', '57', '69', '71', '73', '83', '95', '120', '151', '181', '193', '217', '241', '265', '272', '292', '311', '323', '332', '338', '349', '350', '360', '362', '369', '371', '378', '380', '392', '394', '407', '410', '413', '432', '461', '471', '472', '481', '485', '486', '497', '499']
['92', '126', '232', '309', '358']
['170', '196', '209', '340', '384', '418', '428', '437', '468']
['5', '14', '27', '78', '87', '137', '145', '149', '168', '200', '203', '247', '279', '297', '298', '386', '395', '414', '422', '440', '455', '478', '491']
['15', '22', '34', '52', '56', '58', '65', '72', '74', '82', '88', '93', '118', '127', '147', '150', '153', '174', '177', '184', '224', '230', '243', '245', '250', '252', '288', '313', '317', '333', '341', '346', '353', '364', '377', '379', '385', '404', '412', '427', '441', '452', '462', '465', '490']
['43', '66', '68', '257', '445']
['12', '86', '111', '192', '281', '390', '479']
['1', '3', '26', '53', '60', '138', '155', '158', '218', '284', '355', '438', '483']
['6', '17', '28', '361']
['55', '96', '157', '164', '187', '215', '219', '255', '277', '339']
['10', '13', '35', '39', '46', '63', '85', '122', '124', '131', '146', '148', '156', '162', '178', '188', '190', '191', '204', '248', '267', '280', '283', '312', '316', '324', '337', '344', '356', '363', '376', '387', '423', '429', '430', '439', '487', '498']
['116', '119', '231', '240', '336', '415', '443', '454', '488']
['33', '37', '75', '90', '97', '113', '115', '139', '140', '169', '201', '212', '222', '237', '239', '249', '262', '275', '294', '305', '328', '334', '343', '347', '368', '408', '411', '420', '431', '436', '446', '457', '489', '492']
['319']
