['Peyton', 'Julianna', 'Alexus', 'Anne', 'Wendy', 'Tiana', 'Talia', 'Mckayla', 'Felicity', 'Devin']
['Cassandra', 'Ana', 'Jamie', 'Jazmin', 'Alissa', 'Alaina', 'Ashlynn', 'Melody', 'Sonia', 'Adrienne']
['Ariel', 'Guadalupe', 'Elise', 'Logan', 'Lacey', 'Tyra', 'Colleen', 'Johanna', 'Justine', 'Luz']
['Gabrielle', 'Leslie', 'Mia', 'Isabelle', 'Destinee', 'Gina', 'Jaden', 'Emilie', 'Sage', 'Marlene']
['Briana', 'Brittney', 'Naomi', 'Delaney', 'Nancy', 'Haylee', 'Reagan', 'Gisselle', 'Marie', 'Leilani']
['Caroline', 'Christina', 'Catherine', 'Isabel', 'Karla', 'Kiana', 'Anastasia', 'Clarissa', 'Julianne', 'Eden']
['Amber', 'Madeline', 'Faith', 'Bailey', 'Mariah', 'Claire', 'Kelsey', 'Caitlyn', 'Alicia', 'Clare']
['Cassidy', 'Margaret', 'Angel', 'Ava', 'Skyler', 'Krystal', 'Cara', 'Tamia', 'Annika', 'Larissa']
['Autumn', 'Laura', 'Diana', 'Maya', 'Macy', 'Carmen', 'Rosa', 'Gloria', 'Alina', 'Amari']
['Jenna', 'Avery', 'Cameron', 'Gracie', 'Jayla', 'Aliyah', 'Shayla', 'Brandi', 'Tamara', 'Elisa']
['Tiffany', 'Karen', 'Vivian', 'Kailey', 'Eleanor', 'Allie', 'Tatyana', 'Lilly', 'Zaria', 'Carlie']
['Michelle', 'Gabriela', 'Adriana', 'Karina', 'Kamryn', 'Jessie', 'Carissa', 'Janelle', 'Kenya', 'Shyanne']
['Lily', 'Kyra', 'Alison', 'Elena', 'Dakota', 'Katlyn', 'Tia', 'Yasmine', 'Taryn', 'Breana']
['Courtney', 'Alondra', 'Sadie', 'Yesenia', 'Cecilia', 'Jenny', 'Martha', 'Abbey', 'Halle', 'Brooklynn']
['Kathryn', 'Leah', 'Jordyn', 'Giselle', 'April', 'Tara', 'Dominique', 'Kassidy', 'Gillian', 'Kayleigh']
['Lindsey', 'Riley', 'Asia', 'Nina', 'Cierra', 'Whitney', 'Miriam', 'Kaylie', 'Layla', 'Rhiannon']
['Audrey', 'Meghan', 'Hope', 'Hayley', 'Nadia', 'Sidney', 'Monique', 'Krista', 'Iris', 'Elaina']
['Kiara', 'Michaela', 'Esmeralda', 'Valeria', 'Virginia', 'Alisha', 'Alice', 'Mayra', 'Carrie', 'Sylvia']
['Alexa', 'Molly', 'Cheyenne', 'Kaitlin', 'Cynthia', 'Casey', 'Lisa', 'Kiley', 'Paulina', 'Cora']
['Katie', 'Kylie', 'Amelia', 'Christine', 'Katelynn', 'Deanna', 'Ashleigh', 'Ayanna', 'Kelsie', 'Chyna']
['Jacqueline', 'Britney', 'Maggie', 'Kathleen', 'Alana', 'Tabitha', 'Jacquelyn', 'Brisa', 'Eliana', 'Melina']
['Brittany', 'Valerie', 'Mckenna', 'Jazmine', 'Harley', 'Marisol', 'Annabelle', 'Sasha', 'Lorena', 'Aileen']
['Mary', 'Katelyn', 'Kaylee', 'Mckenzie', 'Summer', 'Lydia', 'Kara', 'Serena', 'Mallory', 'Karissa']
['Payton', 'Katrina', 'Kirsten', 'Liliana', 'Lucy', 'Teresa', 'Theresa', 'Susan', 'Chasity', 'Madelynn']
['Sara', 'Arianna', 'Crystal', 'Daniela', 'Cindy', 'Kristin', 'Viviana', 'Jane', 'Piper', 'Athena']
['Erika', 'Kristen', 'Lauryn', 'Mariana', 'Janae', 'Deborah', 'Malia', 'Genevieve', 'Tayler', 'Perla']
['Jocelyn', 'Kylee', 'Madeleine', 'Nia', 'Paola', 'Baylee', 'Helen', 'Kaitlynn', 'Julissa', 'Litzy']
['Brooke', 'Amy', 'Alexia', 'Mya', 'Kendall', 'Joanna', 'Sandra', 'Priscilla', 'Anahi', 'Bailee']
['Shannon', 'Sophie', 'Alejandra', 'Amaya', 'Aaliyah', 'Kristina', 'Imani', 'Emilee', 'Ruth', 'Eliza']
['Paige', 'Gabriella', 'Monica', 'Adrianna', 'Aubrey', 'Meredith', 'Linda', 'Cheyanne', 'Elisabeth', 'Alayna']
['Camryn', 'Tatiana', 'Josephine', 'Brenna', 'Cristina', 'Raquel', 'Alyson', 'Skye', 'Ann', 'Kailee']
['Daisy', 'Julie', 'Ciara', 'Dana', 'Ashlee', 'Ellie', 'Daniella', 'Fiona', 'Macie', 'Nichole']
['Alexandria', 'Lillian', 'Veronica', 'Brenda', 'Tori', 'Jayda', 'Jaclyn', 'Joy', 'Sydnee', 'Toni']
['Makayla', 'Jada', 'Holly', 'Selena', 'Fatima', 'Genesis', 'Kira', 'Kali', 'Irene', 'Eve']
['Danielle', 'Sierra', 'Zoe', 'Chelsea', 'Angelina', 'Ruby', 'Haleigh', 'Kaleigh', 'Angie', 'Arielle']
['Evelyn', 'Kendra', 'Celeste', 'Makenna', 'Janet', 'Phoebe', 'Pamela', 'Tania', 'Charity', 'Felicia']
['Angela', 'Madelyn', 'Bianca', 'Claudia', 'Kyla', 'Camille', 'Carley', 'Tatum', 'Ellen', 'Madyson']
['Jordan', 'Vanessa', 'Erica', 'Gianna', 'Ashton', 'Madalyn', 'Lesly', 'Hunter', 'Sharon', 'Tianna']
['Marissa', 'Rebekah', 'Natalia', 'Patricia', 'Allyson', 'Bridget', 'Marisa', 'Josie', 'Emely', 'Chelsey']
['Erin', 'Sofia', 'Ella', 'Bryanna', 'Kierra', 'Lesley', 'Maddison', 'Lucia', 'Esperanza', 'Tierra']
['Trinity', 'Miranda', 'Jade', 'Juliana', 'Kassandra', 'Hailee', 'India', 'Yasmin', 'Cristal', 'Kelli']
['Sabrina', 'Rachael', 'Carolina', 'Hallie', 'Carolyn', 'Meagan', 'Francesca', 'Tyler', 'Madisyn', 'Nora']
['Shelby', 'Bethany', 'Raven', 'Jaqueline', 'Shania', 'Eva', 'Clara', 'Noelle', 'Serenity', 'Kiersten']
['Jillian', 'Mercedes', 'Annie', 'Heaven', 'Renee', 'Mikaela', 'Zoey', 'Kaylin', 'Regan', 'Marilyn']
['Kimberly', 'Breanna', 'Ariana', 'Desiree', 'Denise', 'Esther', 'Marina', 'Precious', 'Paris', 'Macey']
['Angelica', 'Diamond', 'Callie', 'Heidi', 'Lizbeth', 'Brandy', 'Carla', 'Jayden', 'Kaley', 'Miracle']
['Andrea', 'Caitlin', 'Mikayla', 'Jasmin', 'Savanna', 'Tessa', 'Rose', 'Deja', 'Kasey', 'Regina']
['Heather', 'Kennedy', 'Carly', 'Makenzie', 'Rylee', 'Cassie', 'Lexi', 'Kaila', 'Angelique', 'Alma']
['Melanie', 'Hanna', 'Brooklyn', 'Ashlyn', 'Kate', 'Charlotte', 'Addison', 'Ivy', 'Tiara', 'Kiera']
['Melissa', 'Kelly', 'Skylar', 'Lindsay', 'Abby', 'Natasha', 'Georgia', 'Aurora', 'Alanna', 'Barbara']
