['16', '101', '175', '229', '235', '290', '317', '352']
['24', '25', '47', '50', '83', '88', '103', '150', '168', '170', '173', '184', '220', '227', '244', '258', '259', '275', '286', '309', '313', '328', '334', '358', '370', '371', '381', '382', '384']
['6', '7', '34', '124', '139', '142', '147', '169', '174', '180', '199', '214', '236', '238', '239', '253', '280', '296', '304', '311', '312', '319', '355', '359', '365', '374', '380']
['0', '1', '26', '44', '63', '73', '118', '119', '205', '206', '207', '208', '251', '269', '273', '274', '308', '314', '315', '321', '340', '341', '342', '343', '344', '345', '353', '354', '391', '392']
['28', '35', '36', '40', '45', '87', '93', '104', '105', '114', '138', '193', '213', '223', '224', '232', '237', '242', '246', '252', '295', '350', '351', '361', '376']
['23', '46', '74', '77', '89', '98', '162', '185', '195', '228', '231', '270', '287', '294', '386']
['9', '20', '41', '48', '57', '66', '72', '92', '102', '106', '115', '143', '153', '157', '164', '194', '219', '234', '250', '260', '265', '283', '292', '310', '338', '375', '389', '393', '395', '398']
['2', '39', '76', '111', '137', '152', '163', '165', '192', '222', '299', '330', '346', '357']
['38', '71', '107', '116', '288', '332', '396']
['68', '75', '82', '90', '91', '100', '131', '141', '145', '159', '160', '177', '190', '215', '217', '241', '289', '298', '303', '318', '335', '347', '349', '360', '368', '373']
['10', '49', '70', '128', '151', '221', '282', '378']
['3', '19', '30', '55', '60', '67', '78', '94', '112', '166', '178', '257', '271', '297', '322', '333', '367', '372']
['14', '22', '27', '37', '108', '109', '121', '123', '130', '144', '149', '155', '179', '189', '212', '218', '233', '247', '254', '261', '262', '267', '279', '305', '325', '363', '385']
['17', '29', '33', '59', '61', '65', '97', '117', '140', '154', '171', '186', '187', '188', '197', '201', '202', '255', '264', '339', '364', '397']
['5', '12', '69', '79', '86', '122', '146', '167', '176', '198', '204', '209', '210', '278', '291', '302', '306', '323', '324']
['4', '32', '43', '51', '53', '62', '113', '132', '161', '191', '200', '245', '256', '266', '281', '327', '336', '366', '388', '394', '399']
['21', '42', '196', '211', '301', '348', '362', '369', '387']
['8', '13', '31', '56', '58', '64', '84', '95', '99', '110', '120', '129', '156', '172', '183', '216', '225', '226', '243', '263', '268', '276', '284', '307', '326', '329', '331', '337', '356', '383']
['18', '80', '126', '133', '293']
['11', '15', '52', '54', '81', '85', '96', '125', '127', '134', '135', '136', '148', '158', '181', '182', '203', '230', '240', '248', '249', '272', '277', '285', '300', '316', '320', '377', '379', '390']
