['9', '22', '23', '24', '39', '45', '47', '51', '80', '103', '111', '120', '147', '173', '206', '230', '287', '293', '295', '338', '351', '366', '369', '412', '421', '425', '435', '438', '490']
['5', '17', '42', '75', '104', '109', '166', '227', '254', '259', '272', '299', '317', '340', '344', '348', '354', '361', '390', '393', '404', '423', '441', '450', '467', '473', '478', '483']
['13', '31', '85', '122', '139', '149', '158', '170', '188', '202', '216', '218', '222', '234', '261', '274', '275', '302', '333', '342', '345', '379', '380', '385', '398', '420', '424', '446', '465', '481']
['1', '3', '33', '82', '92', '96', '146', '151', '153', '160', '164', '177', '191', '285', '288', '294', '310', '331', '337', '359', '373', '392', '436', '451', '453', '456', '475', '484']
['21', '28', '32', '38', '76', '93', '95', '106', '113', '123', '144', '155', '159', '163', '167', '179', '185', '220', '240', '243', '256', '263', '269', '353', '360', '363', '381', '396', '444', '449']
['41', '140', '174', '176', '201', '246', '250', '289', '301', '339', '411', '445', '487']
['44', '46', '55', '99', '161', '165', '168', '180', '199', '232', '235', '237', '255', '311', '326', '330', '336', '341', '395', '397', '429', '431', '476', '495']
['11', '25', '30', '48', '68', '71', '89', '116', '125', '138', '157', '187', '190', '209', '238', '267', '281', '290', '316', '319', '343', '349', '364', '365', '389', '437', '492']
['10', '18', '27', '29', '100', '105', '114', '142', '198', '245', '270', '282', '321', '335', '356', '410', '428', '434', '448', '455', '457', '480', '486', '496']
['7', '53', '54', '73', '181', '200', '205', '208', '226', '241', '248', '253', '384', '388', '454', '466', '469']
['2', '12', '79', '133', '175', '182', '193', '233', '251', '276', '291', '296', '313', '318', '320', '327', '358', '370', '459', '462', '485', '491', '494']
['15', '35', '66', '94', '112', '119', '145', '169', '192', '195', '204', '221', '231', '279', '300', '304', '306', '324', '350', '376', '378', '406', '414', '419', '426', '439', '461', '477', '488']
['67', '86', '148', '150', '197', '322', '452']
['4', '40', '69', '87', '102', '121', '128', '152', '186', '203', '207', '228', '247', '257', '260', '266', '271', '273', '334', '372', '377', '387', '391', '402', '409', '418', '432', '433', '440']
['50', '59', '61', '63', '77', '81', '98', '110', '117', '143', '154', '184', '268', '303', '308', '323', '375', '394', '405', '413', '417', '422', '442', '443', '460', '464', '479', '493']
['6', '57', '62', '72', '101', '130', '134', '137', '141', '162', '194', '225', '229', '264', '297', '357', '400', '416', '430', '472', '474', '498']
['0', '16', '43', '56', '60', '78', '84', '126', '127', '131', '171', '211', '212', '213', '214', '215', '217', '219', '239', '258', '277', '283', '305', '307', '325', '347', '362', '415', '427', '497']
['34', '36', '64', '65', '97', '107', '115', '135', '178', '183', '223', '278', '284', '286', '292', '298', '309', '312', '315', '368', '374', '383', '407', '468', '470', '482', '489', '499']
['8', '14', '49', '52', '70', '88', '90', '118', '124', '129', '132', '156', '189', '196', '224', '242', '244', '252', '262', '280', '329', '332', '352', '355', '371', '382', '399', '401', '463', '471']
['19', '20', '26', '37', '58', '74', '83', '91', '108', '136', '172', '210', '236', '249', '265', '314', '328', '346', '367', '386', '403', '408', '447', '458']
