['95']
['7', '202', '361', '447', '497']
['19', '337', '342', '366', '458', '495']
['273']
['334']
['64', '85', '119', '393', '431', '478']
['73', '76', '105', '323']
['276', '445', '448']
['31', '120', '240', '285']
['312', '382']
['272']
['406']
['13', '319', '441']
['101', '415']
['47']
['139']
['83', '220', '291', '484']
['96']
['53']
['386']
['133', '145', '449', '453', '457']
['55', '188', '255', '389', '467']
['22', '106', '304', '339']
['89', '195', '199', '225']
['91', '98', '175', '191', '268', '314', '418']
['50', '92', '109', '307', '308', '347']
['70', '75', '132', '483']
['4', '141']
['178', '410']
['97', '99', '428']
['254', '412', '442']
['66', '292']
['328']
['108', '156', '208', '263', '264', '345']
['214', '439']
['301']
['32', '218', '364']
['247', '275', '341']
['330']
['24', '54', '102', '174', '181', '193', '253', '371', '416', '474']
['16', '17', '210', '260', '332', '463', '473']
['11', '23', '122', '205', '369', '437']
['223', '373']
['163']
['374']
['194', '283']
['171', '414']
['211', '246', '404']
['121', '190', '485']
['192', '219', '262', '335']
['14']
['353']
['107']
['110', '184', '379']
['176', '277', '279', '297', '354']
['162', '280']
['459']
['44']
['317']
['28', '215', '242', '338', '403', '421']
['37', '151', '180', '222', '233']
['27', '257', '419']
['227', '229', '302', '438']
['61', '256', '496']
['94', '111', '160', '290', '434']
['21']
['443']
['305']
['455']
['472']
['87', '234', '329', '360']
['0', '1', '2', '3', '5', '6', '8', '9', '10', '12', '25', '26', '29', '30', '33', '34', '36', '38', '40', '41', '43', '45', '46', '49', '56', '57', '58', '59', '62', '63', '65', '67', '71', '72', '74', '77', '78', '79', '81', '82', '84', '86', '93', '104', '114', '115', '117', '118', '123', '124', '126', '128', '129', '130', '131', '136', '138', '140', '142', '144', '146', '147', '148', '149', '150', '152', '154', '155', '157', '158', '159', '161', '165', '167', '169', '170', '172', '173', '179', '183', '185', '189', '197', '198', '201', '203', '204', '206', '209', '212', '213', '216', '221', '224', '226', '228', '230', '235', '236', '238', '239', '241', '243', '244', '245', '249', '250', '251', '258', '261', '266', '269', '270', '271', '278', '281', '282', '284', '286', '287', '289', '293', '294', '303', '306', '310', '313', '318', '320', '321', '322', '324', '325', '326', '327', '331', '333', '343', '344', '346', '349', '350', '351', '356', '357', '359', '363', '365', '367', '368', '370', '375', '376', '377', '378', '380', '383', '385', '390', '391', '392', '394', '395', '396', '399', '400', '401', '405', '408', '411', '413', '422', '423', '424', '425', '427', '429', '430', '432', '435', '436', '440', '444', '446', '452', '454', '460', '461', '462', '464', '470', '471', '475', '477', '480', '481', '486', '487', '488', '489', '490', '492', '493', '494', '498', '499']
['20', '166', '267', '336']
['135', '182', '187', '207', '352']
['18', '48', '51', '252', '340', '409']
['417', '451', '482']
['39', '69', '80', '90', '100', '125', '232', '402', '433', '469', '491']
['68', '200', '259', '288', '381', '387']
['298', '348']
['88', '103', '177', '300']
['15', '168']
['52']
['231', '311', '358', '479']
['315', '420']
['60', '164', '237', '274', '316']
['42', '196', '309', '407']
['465']
['398']
['137', '143']
['116', '299']
['468']
['426']
['112', '265', '355', '362', '450', '476']
['134']
['127', '295', '372', '397']
['186']
['384', '388']
['35']
['456', '466']
['113', '153', '217', '248', '296']
