['9902', '122', '9874', '9845', '217']
['7', '9908', '243']
['9793']
['234']
['6', '186', '9751']
['9805']
['46']
['9940']
['9840']
['127']
['64']
['9790', '247']
['9835', '215']
['73', '109', '9863', '9764']
['9789']
['25', '9842', '213']
['9807', '207']
['56']
['9968', '9753']
['9855']
['9978']
['16', '9965', '9941', '9849']
['174']
['84']
['34', '225']
['94', '9828']
['54', '9893']
['13', '17', '86', '9875', '9766']
['76', '9894', '9788']
['104', '9829', '226']
['145']
['59', '9854']
['90']
['9756']
['9975', '41', '9944', '9938', '129', '9868', '202', '229']
['9806']
['9935', '9904', '9869', '158']
['12', '23', '9885', '232', '9765']
['39', '9856', '166', '9769']
['9958', '106', '9883', '125', '9864', '9760', '241']
['130']
['227']
['178', '246']
['161']
['9952', '168', '9762']
['9982', '9750', '9786']
['199']
['35', '9927']
['9976', '162', '9810']
['9880', '9833']
['9971', '9892']
['9998', '9', '9979', '24', '9974', '9966', '68', '9896', '121', '133', '138', '140', '143', '9834', '171', '184', '185', '219', '228', '245']
['80', '9871', '160']
['9956', '176']
['9985', '65', '9919', '9916', '9851', '150', '220']
['9823']
['216']
['157', '9837']
['9977', '33', '9911', '9795']
['9905', '9886', '173', '9803']
['103', '9841']
['9816', '9775']
['163']
['191']
['187']
['9936']
['9953', '9867', '9822', '9800']
['9891', '9783']
['206']
['9934']
['9929', '9824']
['105', '9872', '9852', '9848', '9821', '9815']
['30', '9923', '9804', '9784', '9781', '235']
['45', '53', '107', '144', '9839']
['37']
['62']
['96']
['135']
['230']
['240']
['9991', '190']
['9954', '9903', '101', '9890', '9878', '9870', '137', '9808', '9774', '236']
['9981', '60', '97']
['9897']
['134', '9847', '9836', '203', '249']
['9949']
['9881']
['128']
['9912']
['9899', '9791']
['93', '136']
['9961']
['115']
['9988', '9957', '244']
['9943']
['9906']
['9876', '9853', '205', '237']
['9915']
['91']
['9798']
['142']
['9950', '9931']
['9826', '175']
['9794', '9770']
['119', '139', '201']
['14', '9884', '9882', '9831', '9799']
['141']
['9995', '52', '9888', '9796']
['28', '169']
['147']
['15', '77', '9865', '159', '194', '9780', '9761', '9759']
['9930', '9819', '9801']
['83', '9913', '116', '9787']
['9812']
['151']
['9951', '9942', '9928', '98', '9877']
['9918', '9846', '9811']
['1', '2', '9999', '9997', '5', '9993', '8', '9992', '10', '11', '9989', '9984', '9983', '18', '19', '20', '9980', '21', '22', '26', '9972', '29', '9970', '31', '9969', '36', '9963', '9962', '42', '43', '44', '9955', '50', '55', '9945', '58', '61', '63', '66', '67', '9932', '69', '70', '71', '72', '78', '9922', '9921', '81', '9910', '92', '95', '9901', '9900', '108', '110', '113', '114', '117', '9866', '9862', '9861', '9858', '146', '148', '149', '153', '154', '156', '165', '172', '9820', '182', '9817', '193', '198', '200', '9797', '9785', '218', '223', '9777', '9776', '9773', '233', '239', '9758', '9757', '248']
['75']
['9937']
['9996', '9959', '9920', '132', '9782']
['9755']
['57']
['51', '89', '100']
['9948']
['250', '238']
['40']
['85', '9909', '197']
['9860', '208']
['214']
['9967', '9844']
['9939']
['47', '179']
['79', '111', '123']
['9771']
['9960', '9832', '9827', '177', '9778', '9772', '9763']
['9809']
['212']
['9946', '167', '180', '231']
['9926', '164', '9802', '242']
['9887', '9754']
['9924']
['9990']
['181']
['9986', '74', '126', '195', '221']
['32', '49', '9933', '9917', '152', '183', '9813', '9752']
['9973', '9898', '9843', '9830', '192']
['87', '112', '9857', '204']
['9947', '88', '9907', '9889', '188', '196', '209', '210', '224', '9767']
['48', '9914']
['9987', '222']
['99', '102']
['9873', '131', '9859', '9779']
['9768']
['4', '9850', '9814', '211']
['155']
['120']
['9925', '9895']
['9994', '9825', '9818', '9792']
['38', '9838']
['82']
['3', '9964']
['118', '170']
['124']
['9879']
['27', '189']
