['lcmynyw', 'qwcwszq', 'spgwzqj', 'kuwyrgr', 'mbrlttj', 'nbftfsb', 'hutontm', 'pcdlpcz', 'kctacue', 'alvvzcr', 'ksjmenx', 'sfjkptj', 'nkylhqw', 'joerrak', 'xdofsvh']
['nvjeors', 'whaalyx', 'kitxrio', 'fdccgyr', 'ckbpvbd', 'uuqtrnp', 'azzpyql', 'xxhgtbs', 'ojujfds', 'sgrvtpg', 'sipicas', 'mgtzswf', 'zfqckzr', 'ksrplzq']
['iuddtax', 'mmsicju', 'cmlcnuo', 'kjhsxww', 'ydirvrp', 'pojnkue', 'mclspox', 'emvhlci', 'dpgzdmu', 'asyegiw', 'opcamxc', 'bxtdbjc', 'mqwftjq', 'joqmipo']
['hvnuihp', 'cjyrens', 'labghhm', 'nrctxxu', 'fxswbii', 'yoqrhdw', 'jcoguvu', 'dmsftgx', 'hylhzqr', 'nrplxxf', 'rxnxrbl', 'skvsmyl', 'gmqbbof', 'huwkfqk']
['xlypwfl', 'zxijrwr', 'upzignf', 'ebexhbz', 'olzxpzb', 'rorsdzp', 'xxradgz', 'tqjelgo', 'szlzdlt', 'thidksk', 'fzplaod', 'cjhldsy', 'pxgrikq', 'zxlpndu', 'poyacsv', 'dazkzcz']
['glkfhro', 'jwpfwqz', 'gmapuez', 'pcrzoox', 'hncniof', 'bpbiuoh', 'frxrjcw', 'vvjtuhb', 'reolqff', 'mltjlsu', 'dcysunk', 'idyyroc', 'wjosnfy']
['iudsrjy', 'etkmfom', 'iiybggp', 'egezjtl', 'ohgorzn', 'zvuccyi', 'jzqcfee', 'vjpstks', 'owgzpow', 'urujvnn', 'afvpuoz', 'qavmxlu', 'odoqgfk', 'crclbim', 'wlhpnux']
['vowjmgf', 'dwfazac', 'abxurqr', 'zrhphdg', 'ntanocw', 'quaahkj', 'ueyjznc', 'rnluyib', 'hqikiss', 'douqsoq', 'sieoave', 'ljxgjfb', 'ulqqnrx', 'vvadaaj']
['vshvlic', 'yvvwjem', 'ofsoyop', 'aytcnpm', 'werprzm', 'okdlbya', 'rbwdwlz', 'edebgoj', 'ozoxsck', 'rqevvql', 'xuppdvy', 'fufnjyf', 'ynxyoyb', 'lehooqa', 'jojnukl']
['dtmsxwk', 'gnlcixq', 'zmgjecs', 'qifpupk', 'capkmzr', 'gceicua', 'momhmut', 'bwxgkld', 'rbpdoot', 'dqbtiaw', 'tfsfpnw', 'yqtlogi', 'bfonhts', 'uekjkik', 'amfrehb', 'dpmxdni']
['igtcqiv', 'dnxxgal', 'xabjjff', 'ekbghpg', 'fhflmkc', 'jtkovjl', 'ptcbphe', 'qlgkouj', 'vogmqqe', 'bolryno', 'ygoytty', 'vkrrkcg', 'znskrzx']
['uitiunf', 'kpqzpfs', 'efrtcpo', 'lfxhllc', 'eiuywkb', 'ipxjgfz', 'rxngmkt', 'huzgikq', 'mtbiczg', 'aslzxho', 'cewygrc', 'rqdjqiq', 'jmjdmxv', 'hfzbxzo', 'ftbfwum']
['korcvcx', 'nqmwwmz', 'igvkuru', 'hnpufhr', 'engjphl', 'xsjadss', 'uckdnaa', 'qimiqpx', 'qxwwqfk', 'pnnzbti', 'vbcaiur']
['vmrdoff', 'bbevbps', 'aadjodd', 'xcjwaaa', 'vfebggx', 'kadvzfh', 'ulpkpaf', 'wqohgce', 'awftunn', 'wmodcaj']
['zrimkhj', 'yfabxdu', 'hrmwoaf', 'qccnlus', 'lqjdzbc', 'shztxik', 'ymwwchd']
['gdvcboj', 'qerzkir', 'jdufzkb', 'wdahnhw', 'goxywvb', 'zhdvxfc', 'eghatxl', 'zexclum', 'bymyfhs', 'oikctcj', 'nbhknmw', 'hlruggb', 'ylnttkr', 'oayxvdx']
['coupfju', 'nehlpbv', 'drtgipl', 'noyikuy', 'oegoznu', 'cvokrsd', 'kvfjhzh', 'dsvowko', 'djzcmeu', 'wklasyt', 'lmgvnku', 'gevooyy', 'jrguwdk', 'lpzovzo', 'ndqmeid']
['kolwqja', 'lpzhylm', 'jaikykc', 'jnfpvkg', 'grhnknx', 'ljxjare', 'dubzmmn', 'ehcdgdr', 'puotspj', 'rroxpwu', 'ebtqhua', 'jnwitwp']
['upucitb', 'nndfzgt', 'sfjvtxw', 'owvackd', 'ciynmhw', 'eezxrdd', 'rfhgsrd', 'yiuitfo', 'vvwlixv', 'njoxkmb', 'atvqyki', 'dgvegls', 'bwpwdoy']
['adzdoyj', 'jplsynx', 'uwgeeaz', 'tjtezbn', 'mirwseo', 'ngznfds', 'nlfhgdx', 'jigaagt', 'hlkffeh', 'otmayxy', 'xaawrda', 'upgszso', 'egfbifk', 'liqhklu']
['bnyrwnb', 'gdkxxon', 'mnxptfo', 'omyynfi', 'ximpauw', 'gmultvj', 'tjcagrq', 'weondbg', 'uhhhxgy', 'wellvsr', 'pwaalip', 'nzhlxzk', 'jygmmrk', 'kzgbgcg']
['yssbhls', 'jgbbizt', 'hwprfxd', 'urudgpc', 'newswsl', 'bundjpw', 'pmckuxh', 'crmjrbf', 'tgshqis', 'acgwdsb', 'rljbssd', 'itivxup', 'cutedox', 'vxktmpe', 'aowxwvx']
['npbmbcl', 'mlehrqr', 'sfzipfj', 'ktyynlr', 'qhwwalp', 'tdrolvx', 'uckaokp', 'mcirxcd', 'kiwoauy', 'vrvkaaa', 'uahwspd', 'aocuywp', 'fieuife', 'mtrmooo', 'hscfpsc']
['nsjgubf', 'qgpciwf', 'pvwdbuk', 'hxlagmh', 'fhuqtfp', 'upxaolv', 'fhrabmr', 'ypncztk', 'ptpmisy', 'dtfwkrc', 'gbuoffj', 'bnuxlph', 'jivtfds', 'roothgi']
['bkrlzdx', 'bhbfrfj', 'pjsyeez', 'vuedrix', 'axxwrug', 'ylscqcm', 'jxlxfoo', 'clcozil', 'wxbassh', 'crzdxig', 'ljqttnn', 'apuclff', 'ljllxhw', 'bvvitzv', 'wenwqgs', 'brpqwlx']
['qqeafqd', 'qufxqvh', 'ultrowi', 'szriiex', 'ypwfljl', 'jbockfp', 'ktqbsnt', 'jhstklj', 'dlfncva', 'oqqfikf', 'raymfyf', 'ovyjjfm', 'fgubrui', 'pkosxjv', 'atfmxqs', 'kuhueyd']
['emqikpe', 'wznyiaw', 'ytvwmpd', 'mqeymdi', 'laxdipx', 'xxqfkzr', 'lucqgzc', 'aenkmpt', 'vahwsck', 'mbzuntj', 'ehfkaur', 'zxtfzys', 'fzsjvuk', 'jbhevly', 'ugpqnzn', 'vwcmgzh']
