['17', '25', '96', '97', '103', '117', '119', '144', '201', '219', '226', '263', '281', '282', '287']
['73', '118', '121', '141', '153', '161', '188', '197', '200', '217', '247', '264', '285']
['252']
['15', '46', '72', '105', '112', '131', '142', '165', '174', '186', '195', '205', '272', '286', '292']
['11', '45', '77', '106', '107', '111', '126', '139', '158', '164', '181', '184', '199', '249', '257', '261', '284']
['80', '86', '130', '194', '206', '207', '212', '214', '253']
['12', '16', '31', '61', '66', '82', '110', '122', '127', '147', '163', '175', '178', '233', '237', '238']
['2', '235', '283', '294']
['10', '53', '70', '91', '211', '223']
['7', '54', '76', '87', '132', '156', '159', '176', '177', '179', '189']
['30', '204', '230']
['20', '27', '29', '36', '40', '155', '224', '255', '265', '270', '293']
['9', '47', '83', '88', '113', '154', '173', '183', '203', '216', '229', '242', '246', '250', '259', '275', '277', '289', '299']
['3', '14', '38', '44', '84', '92', '135', '152', '190', '215', '234', '267', '276']
['236']
['28', '33', '116', '136', '273']
['37', '64', '129', '182', '260']
['75', '85', '93', '120', '172', '180', '187', '245']
['63', '166', '169', '185', '193', '225', '262', '268', '291']
['6', '21', '34', '42', '55', '67', '79', '114', '123', '145', '146']
['13', '26', '50', '57', '65', '104', '124', '138', '140', '148', '170', '202', '208', '213', '220', '295', '296']
['4', '41', '62', '99', '151', '167', '171', '192', '209', '256']
['52', '109', '128', '196', '231', '243', '251', '254']
['23', '56', '69', '81', '100', '222', '239', '241', '290', '297']
['32', '35', '39', '43', '49', '59', '89', '133', '134', '162', '191', '198', '227', '232', '269', '278', '279', '298']
['5', '24', '58', '71', '98', '101', '102', '157', '280']
['19', '74', '244', '266']
['0', '1', '8', '18', '48', '60', '78', '90', '94', '108', '150', '168', '210', '218', '228', '240', '248', '258', '274', '288']
['22', '68', '95', '115', '125', '137', '143', '149', '221', '271']
['51', '160']
