['Y', 'JL', 'YOGJ', 'TSSNJ', 'WTGA', 'IMB', 'TCBKQ', 'Z', 'ZAP', 'ZVKC', 'HDJL', 'ARYSPZ', 'WVHKC', 'FSZNT', 'BSAEQ', 'LW', 'AJDT', 'EJOR', 'ODIF']
['AL', 'QNN', 'MM', 'BNC', 'MV', 'KLQR', 'NO', 'TXNP', 'UI', 'DQQ', 'O', 'LNMCTV', 'RUC', 'MRT', 'BPZAJ', 'FWRV', 'FPPMUW']
['WZ', 'HO', 'COYVMU', 'NGUN', 'AZN', 'AEV', 'UBWSTW', 'OTXCZH', 'AZGCQ', 'AB', 'TB', 'S', 'V', 'IE', 'EYEWXP', 'DRLM', 'SBM', 'DJS', 'NDZ']
['T', 'HJW', 'SY', 'N', 'JSMAHJ', 'FJTW', 'TGDTND', 'QBB', 'NDMQJ', 'KKFPQ', 'SU', 'JJ', 'ORJB', 'JCM', 'LTHESD']
['LZLFY', 'EMP', 'X', 'C', 'BBB', 'RKCPEP', 'KMU', 'LHILT', 'FP', 'JUXOIJ', 'DEXTSN', 'UXXBYF', 'CNYXMO', 'BJ', 'YO', 'AQDX', 'HHCPMB']
['MYSMZ', 'KW', 'HSHY', 'OYDEJ', 'IGSXN', 'LY', 'YQ']
['ETBLO', 'BAVHR', 'EDAKUV', 'NBJL', 'LWIA', 'DVVKX', 'GUOYX', 'OFIPP', 'JN', 'RQRWJT', 'RWHILI', 'LZQ', 'USZM', 'AR', 'KJHR', 'BQIFGG', 'CMB', 'FCB', 'FXAQ', 'SK']
['JBJS', 'JP', 'ICLIT', 'JCEYOL', 'HMURVX', 'XU', 'FBW', 'RWO', 'D', 'OVM', 'OIA', 'BX', 'FLLJ', 'KPXJFJ', 'HDJIQ', 'TQWWLG', 'BGB', 'UJ', 'JMYQEA', 'KFBC']
['GI', 'ACYQN', 'THMU', 'PHS', 'AFH', 'QE', 'QYC', 'TOR']
['QREJV', 'WFWU', 'OYJLB', 'TXCK', 'DFGWZZ', 'JNJNE', 'WBPB', 'HH', 'DJC', 'KFYTH', 'YFFNQ', 'LJSX', 'XS', 'DBGM', 'ZTR', 'KRXDGO', 'QIZWG', 'UIUBC', 'BW', 'OEJ']
['WK', 'PQ', 'GDFI', 'NTMT', 'OQV', 'XINMR', 'HOQPX', 'FVMBV', 'MICOE', 'OHZYQ', 'UHTMG', 'TJU', 'SUPLJO', 'CFG', 'QROYGT']
['RZU', 'ZJUCNC', 'BHKK', 'U', 'QNKIQE', 'VOLULU', 'NDLUNW', 'A', 'AH', 'EVTLXI', 'TAN', 'UVUBDR', 'GBSI', 'FAL', 'WCZSB', 'XLWRB', 'LQ', 'EM']
['XLVUF', 'QGUYKQ', 'VHUHI', 'ET', 'VYBQIM', 'TRXUD', 'WPRTBZ']
['CRAQYE', 'NAIN', 'ZTK', 'KCQRDN', 'CAED', 'QDMX', 'FAF', 'XEAARR', 'ZYFXQ', 'UBYG', 'FGPZAA', 'BFZ', 'MK', 'RM', 'MMUK', 'UU', 'ANW', 'QREJG']
['MPYJWG', 'J', 'TUB', 'TYQL', 'E', 'OC', 'TN', 'YXEJT', 'VYGES', 'MXSFK', 'POL', 'HTA', 'KAZEK', 'CN']
['MOOKF', 'IWP', 'W', 'ZVWR', 'ZULMQ', 'M', 'GDGZN', 'MLDT', 'UK', 'XVU', 'MYN', 'H', 'YK', 'QKT', 'YDDS', 'PE', 'VWK', 'WWF', 'SRJZQ', 'ZQAULZ']
['SGY', 'NDF', 'NVLNXP', 'P', 'EP', 'TGKUE', 'CCIYM', 'NS', 'G', 'CVSPP', 'BHT', 'I', 'ERR', 'PRYXX', 'MWKWWN', 'EHXPLS', 'GCSAZH', 'YEBV', 'EYVVY', 'HGT']
['UXBDM', 'EVDQNK', 'SHT', 'ZHDBW', 'NZDAU', 'IYCHS', 'UEKXJH', 'MISGHL', 'VCFLXV', 'TTV']
['CTRFIJ', 'L', 'WAXWZU', 'ZW', 'CHR', 'NP', 'NJAA', 'ZDYFZU', 'TZTCA', 'KBV', 'AW', 'VL', 'DCBWSF', 'IU', 'EWAZF', 'MY', 'OL', 'DLJMZC', 'YII', 'SEWIVO']
['ZHCQG', 'ZIIN', 'EU', 'WELF', 'NMU', 'XFGUIZ', 'ETSAG', 'HLT', 'B', 'PBRPX', 'GFNZL', 'PIGBG', 'HPXSSF', 'PJG', 'XT', 'AY']
