['310', '330', '6', '344', '365', '52', '79', '160', '12', '105', '242', '277', '97', '151']
['119']
['37', '234', '175', '27', '86', '352', '78', '121', '161', '214', '57', '134', '355', '372']
['88', '220', '301', '238', '296', '287', '109', '248', '306', '53', '39', '342']
['364', '184', '373', '237', '204', '201', '266', '280', '131', '136', '148', '24']
['85', '70', '183']
['269', '35', '95', '252', '158', '275', '219', '194', '163', '203', '77', '362', '298', '156', '356', '353']
['338', '172', '164', '323', '73', '15', '96', '354', '117', '1', '363', '215', '202', '374', '262', '235']
['16', '103', '268']
['251', '128', '45', '168', '89', '315', '139', '369', '61', '343', '44', '294']
['346', '332', '59', '283', '185', '92', '314', '171', '54', '271', '87', '309', '100', '46', '127', '34']
['41', '258', '288', '333', '9', '249', '245', '264', '5', '74', '236', '308', '187', '60', '129']
['305', '149', '81', '250', '107', '155', '327', '112', '329', '33', '18', '83', '335', '43', '23']
['21', '272', '25', '304', '3', '326', '159', '274', '233', '82']
['312', '311', '285']
['197', '56', '297', '153', '93', '11', '32', '347', '370', '313', '191', '263']
['222', '218', '200', '64', '320', '90', '166', '368', '118', '80', '19', '42', '145', '199']
['286', '162', '113', '276', '49', '47', '358', '257', '293', '152', '154', '28', '51', '227', '348']
['178', '195']
['366', '76', '142', '8', '72', '108', '254', '247', '165', '279', '228', '331', '226']
['267', '246', '7', '351', '135', '302', '316', '63']
['13', '345', '66', '182', '211', '359', '244', '317', '58', '102', '341', '292']
['295', '282', '110', '273', '38', '207', '190', '337', '75', '29', '230', '115', '261', '198', '67', '232']
['209', '360', '181', '126', '4', '111', '270', '324', '265', '213', '281', '176', '224', '188', '192']
['340', '14', '98', '173', '307', '290', '125', '210', '350', '334', '55', '114', '123', '138', '146']
['2', '122', '322', '196', '174', '212', '328']
['104', '133', '144', '31', '321', '325', '221', '91', '132']
['10', '99', '150', '289', '36', '229', '208', '186', '170', '22', '255', '48', '291', '371', '177', '253']
['319', '40', '147', '299', '239', '367', '68', '260', '124', '141', '361', '349', '71', '357']
['20', '256', '206', '284', '241', '216', '300', '101', '189', '65', '17', '130', '94', '69', '217', '240']
['140', '205', '120', '179', '169', '231', '50', '180', '243', '26', '137', '336', '318', '30', '225']
['106', '62', '84', '339', '116', '193', '167', '375', '303', '278', '223', '143', '157', '259']
