['85', '122', '137', '227']
['26', '76', '88', '89', '149', '179', '185', '211']
['44', '104', '135', '159', '165', '249']
['61', '67', '91', '151', '154', '158', '204']
['32', '55', '110', '118', '155', '166', '181', '199', '209', '217']
['3', '13', '23', '35', '46', '123', '167', '198']
['70', '114', '120']
['33', '50', '58', '96', '127', '207', '208', '225']
['1', '38', '51', '84', '116', '205', '214', '229']
['45']
['14', '16', '17', '203']
['83', '113', '133', '139', '206']
['7', '25', '41', '54', '101', '102', '125', '202', '228', '240']
['94', '111', '117', '224']
['52']
['5', '29', '53', '71', '78', '95', '129', '156', '169', '201']
['65', '180', '231']
['12', '68', '119', '145', '219']
['8', '11', '39', '59', '75', '97', '98', '107', '109', '141']
['63', '81', '112', '160', '171', '197', '220']
['22']
['0', '230', '233', '234', '235', '236', '244', '245', '246', '247']
['42', '87', '191', '241']
['6', '24', '30', '34', '131', '152', '161', '174', '239']
['77']
['56', '103', '136', '178', '237']
['15', '36']
['93', '134', '142', '153', '187', '196', '212']
['19', '128', '150', '188', '232']
['21', '49', '146', '148', '176', '243']
['2', '10', '18', '20', '27', '157', '172', '184', '222', '242']
['64', '66', '105', '115', '143', '147', '162', '192', '215', '248']
['47', '57', '69', '73', '92', '164', '189', '190']
['60', '62', '79', '100', '124', '126', '140', '163', '175']
['177', '183', '195', '216', '223']
['31', '80', '90', '121', '130', '138', '144', '170', '210', '221']
['37', '40', '48', '74', '99', '226']
['4', '43', '86', '168', '186', '193', '213']
['9', '108', '173', '194']
['28', '72', '82', '106', '132', '182', '200', '218', '238']
