['8', '9', '45', '147']
['113', '180', '293']
['5', '30', '33', '35', '36', '78', '84', '109', '112', '123', '130', '131', '139', '175', '184', '218', '234', '239', '256', '303']
['46', '89', '100', '150', '160', '278', '287']
['22', '133', '152', '156', '158', '194', '201', '209', '217', '227', '258']
['101', '172', '265']
['10', '12', '40', '51', '82', '91', '115', '138', '151', '155', '161', '170', '230', '241', '267', '272', '280', '302', '307']
['25', '49', '53', '57', '80', '178', '186', '195', '214', '221', '250', '254', '257', '274', '285', '288', '289', '292']
['6', '7', '21', '28', '42', '63', '83', '85', '90', '107', '118', '121', '126', '188', '202', '210', '226', '281', '283']
['2', '16', '24', '37', '92', '119', '154', '189', '212', '223', '262']
['44', '94', '108', '110', '111', '142', '149', '168', '192', '197', '198', '199', '204', '228', '273', '277', '304', '305']
['13', '23', '59', '61', '75', '77', '79', '103', '193', '229', '247', '264', '270', '284', '306']
['191']
['27', '34', '54', '67', '95', '120', '145', '159']
['208', '211', '266']
['50', '64', '134', '135', '143', '237', '240', '298']
['11', '17', '18', '60', '86', '102', '124', '144', '153', '187', '220', '225', '235', '255', '269', '290']
['128', '132', '167', '286']
['66', '73', '97', '114', '140', '176', '183', '190', '249', '276', '291', '300']
['43', '181', '301']
['41', '70', '87', '141', '251', '279']
['62', '203']
['0', '14', '20', '26', '29', '65', '69', '74', '104', '127', '157', '162', '174', '196', '207', '232', '252', '259', '261', '268']
['19', '93', '98', '105', '164', '165', '233', '260', '275', '282', '296']
['68', '76', '125', '136', '137', '146', '222', '242']
['4', '31', '52', '71', '81', '106', '117', '163', '169', '177', '182', '205', '215', '216', '238', '243', '245', '295']
['1', '32', '47', '48', '55', '56', '58', '88', '96', '148', '185', '200', '206', '213', '219', '236', '246', '263', '271', '299']
['3', '15', '38', '39', '72', '99', '116', '122', '129', '166', '171', '173', '179', '231', '244', '248', '253', '294', '297']
['224']
