['2', '56', '79', '108', '148', '149', '150', '156', '174', '181', '197', '198', '208', '218', '224', '253', '261', '310', '318', '320', '395', '420', '425', '432', '445']
['13', '20', '22', '29', '60', '81', '90', '96', '176', '201', '207', '229', '252', '272', '276', '278', '284', '295', '308', '312', '351', '354', '368', '380', '386', '453', '463', '476', '486']
['4', '26', '50', '68', '88', '101', '125', '220', '255', '256', '279', '281', '300', '369', '397', '419', '433', '455', '460', '462', '466', '478', '487', '494']
['51', '57', '70', '98', '131', '151', '153', '178', '186', '223', '249', '288', '289', '299', '329', '359', '399', '400', '409', '412', '438', '441', '450', '492']
['42', '83', '105', '161', '162', '163', '167', '173', '203', '214', '243', '293', '334', '337', '381', '391', '394', '405', '414', '416', '446', '451', '471']
['6', '31', '35', '36', '47', '71', '119', '137', '164', '185', '212', '215', '258', '260', '262', '265', '270', '274', '307', '309', '344', '367', '371', '377', '389', '424', '428', '464', '474']
['9', '19', '34', '64', '80', '87', '112', '133', '140', '159', '183', '240', '267', '269', '302', '321', '328', '365', '401', '404', '418', '429', '489']
['5', '63', '123', '135', '168', '200', '244', '273', '283', '285', '286', '290', '336', '343', '345', '348', '383', '408', '422', '423', '427', '435']
['16', '82', '121', '124', '139', '147', '155', '170', '193', '219', '225', '232', '259', '325', '444', '484']
['1', '10', '18', '32', '38', '43', '62', '65', '86', '97', '99', '114', '120', '142', '188', '199', '231', '298', '301', '319', '324', '357', '392', '396', '437', '465', '473', '495', '499']
['15', '27', '54', '61', '72', '85', '92', '106', '136', '143', '177', '190', '204', '222', '235', '294', '311', '313', '331', '341', '342', '353', '370', '375', '411', '415', '417', '436']
['12', '77', '109', '152', '179', '180', '211', '216', '227', '277', '346', '350', '360', '374', '385', '390', '430', '498']
['0', '37', '39', '41', '49', '69', '84', '94', '128', '184', '209', '242', '248', '264', '266', '268', '271', '280', '296', '306', '316', '322', '352', '362', '403', '421', '431', '448', '469', '475']
['44', '59', '74', '89', '95', '100', '113', '126', '130', '138', '141', '146', '191', '192', '195', '236', '245', '287', '327', '332', '363', '379', '443', '459', '468', '470', '479', '491', '493']
['28', '45', '48', '52', '78', '111', '115', '175', '182', '206', '210', '221', '238', '246', '254', '257', '263', '291', '292', '314', '349', '373', '406', '410', '439', '454', '456', '477', '480', '485']
['3', '8', '17', '66', '73', '107', '145', '171', '187', '304', '315', '323', '330', '335', '339', '372', '376', '384', '393', '452', '461', '488']
['21', '33', '75', '102', '104', '132', '160', '166', '169', '226', '233', '237', '282', '303', '317', '326', '333', '338', '358', '361', '366', '426', '434', '449', '472', '497']
['7', '11', '23', '30', '40', '55', '58', '103', '154', '165', '172', '189', '196', '217', '234', '241', '250', '251', '297', '305', '347', '387', '413', '440', '457', '467', '496']
['46', '67', '110', '117', '118', '129', '157', '158', '194', '202', '228', '230', '355', '388', '447', '482']
['14', '24', '25', '53', '76', '91', '93', '116', '122', '127', '134', '144', '205', '213', '239', '247', '275', '340', '356', '364', '378', '382', '398', '402', '407', '442', '458', '481', '483', '490']
