['45']
['134']
['206']
['157']
['59', '174', '299']
['203']
['337']
['172', '222']
['83', '188', '234', '236']
['342']
['369', '380']
['63', '79', '258']
['38', '87', '218', '233', '265', '281', '321', '349']
['152']
['295']
['194', '381']
['135']
['7']
['34', '61']
['3', '117', '224', '338']
['309']
['89', '111', '126', '186', '202', '231', '303']
['190', '385']
['48', '101', '244']
['39', '42', '107', '129']
['155', '173']
['15', '19']
['67']
['148']
['246']
['182', '249']
['131', '241', '279']
['70']
['52', '91', '248', '361', '377', '378']
['23', '33']
['346']
['318']
['31', '379']
['153', '311', '368']
['62', '150', '238']
['56', '127']
['171', '267']
['25', '100', '208', '255', '316']
['176', '212', '391']
['55']
['147', '352', '376']
['1', '73', '75', '82', '121', '200', '214', '292']
['106', '179']
['170']
['108', '195', '223', '347', '358', '384']
['273']
['156', '163', '239', '268']
['181']
['92', '319']
['125', '362']
['232']
['44', '395']
['69']
['13', '227']
['118', '275']
['84', '302', '372']
['288', '296', '314', '322']
['90', '138', '278']
['110', '365']
['230']
['6']
['260']
['256', '323']
['228', '250', '308']
['46']
['58', '327', '336', '339']
['187']
['287']
['325']
['54', '167', '335', '357']
['65', '71', '282']
['191', '360', '374']
['142']
['159', '359']
['161']
['160', '162', '196', '251', '353', '370', '394']
['154', '264']
['262']
['280', '340']
['22', '226']
['215', '371']
['180', '213', '219']
['300']
['20']
['109']
['104']
['235']
['242']
['351']
['144']
['66', '77', '103', '164', '168', '263', '277', '284']
['10', '28', '35', '158', '243']
['85', '139', '185', '193', '283', '388']
['16', '259', '331', '344']
['37']
['217', '237']
['122']
['399']
['105', '169']
['177', '207', '261', '298', '307']
['209', '393']
['53', '192', '397']
['17']
['197']
['293', '330']
['165', '305', '396']
['12', '112', '201', '274']
['124']
['146']
['102', '324', '387']
['128']
['123']
['9', '88', '133', '205']
['51', '80', '81', '310']
['50', '329']
['5', '96', '240', '276', '334', '350', '363']
['254']
['68', '199', '290', '328']
['184', '294']
['221']
['145', '343']
['43', '137', '220', '245', '271']
['74', '285', '317', '354', '398']
['78']
['27']
['183']
['2', '382', '383']
['132']
['36', '151']
['21', '40', '297']
['211', '306', '332']
['11', '72', '94', '120', '348', '373']
['98', '386']
['26', '304', '390']
['178', '252']
['49', '114', '266']
['32', '41', '253']
['0', '4', '8', '18', '24', '29', '30', '60', '64', '76', '86', '93', '95', '97', '99', '113', '115', '116', '130', '136', '141', '149', '166', '189', '198', '204', '210', '216', '225', '229', '247', '257', '272', '286', '289', '291', '301', '312', '313', '315', '320', '326', '333', '341', '355', '364', '366', '367', '389', '392']
['119']
['57', '140', '143', '345', '356', '375']
['47']
['270']
['175']
['14']
['269']
