['aaa', 'dd', 'ffffff', 'hhhh', 'hhhhh', 'jjjj', 'pppp', 'pppppppp', 'sssssss', 'wwww', 'xxxxxx', 'yyyyyyy', 'BB', 'CC', 'MMMMMMMM', 'Q', 'S', 'TT', 'TTTTTTTT', 'XXXXXXXX', 'YYYYY', '6', '55', '777777']
['b', 'aaaaa', 'lll', 'n', 'mmmmmmmm', 'o', 'qqqqqq', 'ssssss', 'BBBBBBBB', 'CCCCC', 'EEEEE', 'HHHHH', 'IIIII', 'KK', 'LLL', 'QQQQ', 'TTTTT', 'SSSSSS', 'UUUUUUUU', 'X', 'WWWWWWWW', '222222', '11111111', '33333', '4444444']
['ggg', 'ggggggg', 'jjjjjjj', 'nnnnnnn', 'ttttt', 'vvvv', 'xxxxx', 'AAA', 'EEEEEEE', 'JJ', 'LLLLLLL', 'MM', 'NNN', 'PPPPPPP', 'RR', 'VV', 'WWW', '11', '1111', '444']
['gg', 'QQQQQ', 'VVVVVVV']
['ddd', 'iiiiiii', 'llllll', 'mm', 'ppppp', 'pppppp', 'rrr', 'rrrrrr', 'ss', 'ssssssss', 'xxxx', 'yy', 'yyyyy', 'B', 'BBBBB', 'DDD', 'II', 'III', 'IIIIII', 'LL', 'OOOOOOO', 'T', 'SSSSS', 'WW', '1', '222', '22222222', '555555', '88888', '7777777']
['a', 'f', 'ee', 'ff', 'eee', 'fff', 'eeee', 'ffff', 'eeeee', 'fffff', 'eeeeee', 'eeeeeee', 'fffffff', 'eeeeeeee', 'ffffffff', 'l', 'kk', 'kkkk', 'p', 'oo', 'pp', 'ooo', 'ppp', 'ooooooo', 'ppppppp', 'oooooooo', 'v', 'uu', 'vv', 'vvv', 'uuuu', 'vvvvvv', 'vvvvvvv', 'w', 'www', 'xxx', 'wwwww', 'wwwwwwww', 'xxxxxxxx', 'F', 'EE', 'FF', 'FFF', 'EEEE', 'FFFF', 'FFFFF', 'EEEEEE', 'EEEEEEEE', 'FFFFFFFF', 'OOO', 'OOOO', 'OOOOO', 'OOOOOO', 'OOOOOOOO', 'PPPPPPPP', '111', '22222', '111111', '1111111', '2222222']
['ccccc', 'cccccccc', 'h', 'nnn', 'qqq', 'wwwwww', 'y', 'AAAAAA', 'BBBBBBB', 'HHH', 'MMMMMM', 'NNNNNN', 'QQQQQQQ', 'SS', 'VVVVV', 'UUUUUU', 'ZZZZZZ', '8']
['bbbbb', 'rr', 'rrrr', 'qqqqq', 'rrrrrrr', 'uuuuuu', 'JJJJJJJJ', 'KKKKKK', 'NNNNNNN', 'P', 'WWWWW', 'ZZZZZZZ', '4444', '44444']
['bb', 'ccc', 'gggg', 'iiii', 'jjjjjj', 'mmmmmmm', 'rrrrr', 't', 'tt', 'ttttttt', 'ww', 'xx', 'AAAAA', 'DDDDD', 'DDDDDD', 'LLLL', 'LLLLLLLL', 'NNNNN', 'MMMMMMM', 'OO', 'R', 'RRRRR', 'RRRRRRR', 'SSSSSSSS', 'U', 'VVVV', 'WWWWWW', 'Y', 'Z', '22', '3333', '3333333', '7777', '8888']
['jj', 'GGGGG', 'ZZ']
['bbb', 'aaaaaaaa', 'hh', 'kkkkkkk', 'mmm', 'ooooo', 'zzzzzz', 'BBBB', 'D', 'DDDDDDD', 'CCCCCCCC', 'GGGG', 'IIII', 'MMM', 'NNNN', 'PPPP', 'SSSS', 'WWWW', 'YYY', 'YYYY', '2222', '333', '66', '8888888']
['e', 'g', 'C', 'GGGGGG', 'KKKKKKK', 'V', 'ZZZ', 'ZZZZZ', '2', '55555555', '66666666']
['hhh', 'iiiiiiii', 'm', 'nnnn', 'nnnnnnnn', 'qq', 'rrrrrrrr', 'ssss', 'sssss', 'uuuuu', 'E', 'FFFFFF', 'H', 'HHHH', 'K', 'M', 'MMMM', 'TTT', 'W', 'XXXXXXX']
['bbbb', 'iiiiii', 'mmmmmm', 'yyyyyy', 'yyyyyyyy', 'GG', 'HH', 'GGGGGGG', 'HHHHHHHH', 'I', 'ZZZZZZZZ', '666', '888', '77777777', '88888888']
['dddddd', 'ddddddd', 'lllll', 'x', 'EEE', 'MMMMM', 'RRR', 'UUUU', 'VVVVVV', '33', '7']
['aaaaaaa', 'ccccccc', 'kkkkk', 'kkkkkkkk', 'nnnnn', 'oooo', 'ttt', 'BBB', 'GGG', 'JJJ', 'JJJJJJJ', 'KKKK', 'PPPPPP', 'QQQQQQ', 'SSS', 'UUU', 'XXXX', 'XXXXX', 'YYYYYYY', '4', '555', '5555555', '888888']
['bbbbbbb', 'd', 'dddd', 'i', 'llll', 'q', 'uuu', 'uuuuuuuu', 'zz', 'KKKKKKKK', 'RRRRRRRR', 'SSSSSSS', 'ZZZZ', '66666', '77777']
['qqqqqqq', 'L', '6666']
['aaaa', 'hhhhhh', 'iiiii', 'r', 'vvvvv', 'zzzz', 'zzzzz', 'AA', 'DD', 'CCCC', 'DDDD', 'JJJJ', 'KKKKK', 'XX', 'XXX', '44444444', '5555']
['bbbbbbbb', 'cccccc', 'dddddddd', 'ggggg', 'hhhhhhh', 'iii', 'll', 'llllllll', 's', 'AAAA', 'AAAAAAA', 'QQQ', 'RRRR', 'RRRRRR', 'TTTTTT', 'VVVVVVVV', '44']
['gggggggg', 'nnnnnn', 'HHHHHH', 'PP', 'UU']
['aa', 'cc', 'hhhhhhhh', 'j', 'jjjjj', 'k', 'kkk', 'mmmmm', 'qqqq', 'qqqqqqqq', 'tttt', 'uuuuuuu', 'AAAAAAAA', 'DDDDDDDD', 'HHHHHHH', 'IIIIIIII', 'N', 'QQ', 'QQQQQQQQ', 'TTTTTTT', 'WWWWWWW', 'YYYYYY', 'YYYYYYYY', '11111', '3', '77']
['mmmm', 'CCCCCC', '333333']
['bbbbbb', 'c', 'cccc', 'gggggg', 'jjj', 'jjjjjjjj', 'lllllll', 'nn', 'sss', 'vvvvvvvv', 'wwwwwww', 'yyy', 'A', 'CCCCCCC', 'FFFFFFF', 'GGGGGGGG', 'JJJJJ', 'IIIIIII', 'KKK', 'LLLLLL', 'NN', 'O', 'PPPPP', 'TTTT', 'UUUUU', 'UUUUUUU', 'XXXXXX', '55555', '666666', '6666666']
['G']
['ddddd', 'tttttt', 'tttttttt', 'z', 'zzzzzzz', 'zzzzzzzz', 'J', 'VVV', 'YY']
['kkkkkk', 'xxxxxxx', 'BBBBBB', 'PPP']
['JJJJJJ']
['ii', 'oooooo', 'u', 'zzz', 'yyyy', 'CCC', 'LLLLL', 'NNNNNNNN', '444444', '33333333', '5', '88', '777']
['aaaaaa']
