['26', '130', '135', '142', '155', '205', '247', '267', '284', '321', '327', '342', '362', '438', '459', '481', '496']
['14', '68', '96', '99', '115', '208', '243', '264', '291', '377', '382', '409', '436', '437', '446']
['5', '75', '132', '134', '151', '217', '224', '239', '269', '289', '302', '308', '314', '320', '343', '348', '442']
['32', '60', '83', '140', '176', '177', '183', '263', '265', '295', '296', '339', '349', '352', '433', '469', '474']
['17', '22', '42', '54', '55', '59', '143', '215', '277', '318', '370', '385', '432']
['25', '30', '58', '87', '94', '108', '124', '251', '255', '280', '299', '305', '359', '394', '403', '476', '490']
['6', '38', '66', '145', '156', '160', '179', '187', '189', '248', '345', '401', '411', '413', '416', '456']
['56', '70', '102', '120', '122', '125', '159', '261', '335', '341', '357', '358', '404', '439', '468']
['10', '65', '137', '162', '173', '203', '213', '234', '237', '361', '367', '381', '383', '395', '428', '430', '479']
['36', '39', '51', '61', '74', '82', '110', '116', '119', '161', '193', '242', '293', '298', '371', '373', '425']
['8', '46', '50', '93', '111', '150', '185', '192', '200', '210', '340', '350', '402', '414', '470', '484']
['1', '69', '81', '118', '128', '139', '164', '172', '198', '227', '244', '288', '306', '324', '347', '418', '457']
['64', '147', '190', '223', '249', '270', '278', '281', '292', '323', '329', '374', '393', '434', '455', '491']
['13', '18', '33', '101', '154', '204', '262', '273', '304', '338', '405', '407', '447', '471', '486']
['4', '12', '166', '197', '221', '241', '257', '333', '360', '375', '388', '392', '410', '465', '477', '483']
['9', '20', '113', '126', '158', '170', '171', '196', '199', '256', '319', '322', '331', '448', '450', '463']
['37', '49', '62', '78', '80', '181', '238', '274', '315', '325', '337', '372', '391', '435', '480']
['3', '27', '52', '79', '103', '107', '112', '123', '260', '346', '355', '397', '412']
['0', '73', '138', '168', '231', '245', '254', '286', '303', '313', '328', '364', '365', '378', '380', '417', '495']
['40', '76', '186', '225', '250', '276', '356', '379', '451', '487']
['28', '44', '45', '72', '127', '169', '178', '191', '211', '212', '229', '230', '235', '275', '423', '426', '475']
['15', '21', '34', '77', '252', '259', '309', '344', '419', '420', '424', '444', '454', '461', '498', '499']
['11', '47', '89', '144', '180', '220', '246', '271', '297', '326', '334', '400', '429', '443', '449', '467', '472']
['23', '29', '85', '104', '167', '272', '279', '283', '310', '330', '353', '406']
['16', '24', '71', '86', '129', '136', '153', '174', '175', '201', '222', '226', '233', '460', '493', '494', '497']
['31', '98', '141', '188', '228', '287', '376', '384', '390', '440', '453']
['57', '92', '146', '182', '202', '266', '316', '317', '368', '387', '458', '464', '466', '478', '492']
['7', '43', '88', '117', '148', '149', '165', '184', '194', '216', '236', '300', '408', '482', '485', '488']
['2', '35', '53', '91', '95', '105', '152', '218', '253', '258', '311', '312', '332', '354', '421', '441', '462']
['19', '41', '48', '63', '84', '97', '207', '214', '219', '282', '369', '386', '396', '398', '422', '427', '473']
['90', '106', '121', '131', '157', '163', '195', '206', '232', '240', '268', '285', '294', '307', '336', '351', '489']
['67', '100', '109', '114', '133', '209', '290', '301', '363', '366', '389', '399', '415', '431', '445', '452']
