['415']
['22', '47', '57', '58', '77', '78', '97', '105', '123', '124', '125', '144', '150', '164', '206', '243', '245', '246', '272', '277', '308', '323', '325', '327', '334', '350', '359', '368', '387', '395', '401', '420', '423', '432', '435', '443', '458', '463', '495']
['9', '20', '32', '50', '73', '80', '96', '100', '130', '152', '155', '159', '161', '166', '179', '180', '188', '211', '220', '242', '257', '265', '321', '339', '341', '346', '370', '374', '390', '393', '402', '412', '413', '453', '482', '492']
['15', '45', '55', '60', '75', '160', '162', '170', '172', '200', '209', '214', '218', '263', '264', '281', '309', '331', '364', '365', '376', '378', '386', '396', '425', '434', '436', '488']
['31', '72', '119', '126', '132', '136', '154', '167', '184', '210', '276', '279', '313', '320', '336', '355', '371', '400', '411', '440', '457', '466', '471']
['25', '51', '153', '227', '310', '351', '469']
['42', '111', '235', '268', '439']
['7', '8', '11', '19', '23', '84', '90', '135', '156', '158', '163', '203', '228', '230', '241', '244', '256', '260', '270', '282', '303', '311', '326', '337', '357', '419', '465', '474', '480']
['13', '43', '46', '53', '59', '101', '117', '121', '128', '141', '149', '169', '171', '186', '219', '225', '240', '249', '262', '284', '301', '319', '367', '382', '383', '385', '394', '397', '404', '446', '447', '450', '489', '496']
['14', '33', '52', '63', '67', '68', '79', '81', '87', '104', '107', '118', '122', '133', '134', '201', '207', '216', '226', '231', '236', '237', '239', '253', '271', '291', '299', '316', '324', '356', '373', '377', '452', '484', '487', '498']
['17', '21', '30', '34', '38', '49', '64', '93', '103', '112', '138', '168', '191', '194', '215', '222', '247', '312', '330', '354', '408', '414', '426', '430', '431', '456', '468', '476', '485', '493']
['1', '39', '44', '62', '71', '86', '95', '98', '99', '108', '109', '110', '116', '181', '193', '204', '213', '233', '248', '254', '274', '290', '296', '328', '361', '409', '422', '429', '499']
['4', '6', '10', '24', '143', '223', '251', '266', '352', '444', '459', '490']
['3', '18', '26', '27', '36', '66', '148', '157', '174', '177', '190', '212', '269', '288', '322', '358', '384', '391', '421', '427', '448', '467', '478', '479', '483']
['12', '35', '70', '120', '137', '140', '146', '187', '205', '224', '238', '258', '259', '280', '286', '314', '318', '329', '335', '347', '366', '372', '392', '418', '437', '438', '442', '445', '455', '472', '491']
['0', '16', '28', '48', '65', '76', '85', '88', '92', '102', '114', '115', '182', '185', '189', '192', '195', '196', '197', '198', '255', '283', '333', '345', '349', '362', '369', '379', '389', '406', '416', '428', '433', '460', '461', '464', '470', '475', '477', '494']
['252']
['5', '61', '69', '83', '91', '129', '131', '142', '145', '147', '175', '176', '208', '221', '261', '267', '278', '294', '300', '306', '332', '344', '348', '353', '388', '449', '462', '473']
['2', '29', '40', '54', '56', '82', '113', '127', '139', '229', '232', '273', '275', '293', '298', '302', '304', '338', '375', '380', '381', '398', '407', '417', '441', '497']
['37', '41', '74', '89', '94', '106', '151', '165', '173', '178', '183', '199', '202', '217', '234', '250', '285', '287', '289', '292', '295', '297', '305', '307', '315', '317', '340', '342', '343', '360', '363', '399', '403', '405', '410', '424', '451', '454', '481', '486']
