['324', '334']
['37', '76', '106', '221', '329']
['29', '53', '83', '87', '88', '193', '262', '361', '405', '426', '442', '470']
['16', '17', '54', '245', '380', '409', '424', '430', '484', '496']
['0', '1', '86', '90', '91', '92', '93', '94', '96', '97', '98', '99', '100', '103', '104', '105', '107', '108', '109', '110', '111', '112', '113', '114', '115', '116', '118', '119', '120', '121', '122', '123', '124', '128', '129', '131', '132', '133', '135', '136', '137', '139', '140', '141', '142', '143', '144', '145', '146', '147', '148', '149', '150', '153', '156', '157', '158', '159', '161', '162', '163', '164', '165', '166', '168', '169', '170', '171', '172', '173', '174', '175', '176', '177', '178', '179', '182', '184', '186', '187', '188', '189', '190', '191', '192', '194', '196', '197', '198', '199', '200', '202', '203', '204', '205', '207', '209', '210', '211', '212', '213', '214', '215', '217', '218', '220', '222', '223', '224', '225', '226', '227', '228', '230', '231', '232', '234', '235', '236', '237', '239', '240', '241', '263', '314', '317', '322', '327', '330', '336', '339', '342', '346', '350', '352', '359', '362', '364', '365', '367', '373', '375', '379', '384', '385', '389', '391', '392', '403', '406', '407', '408', '417', '418', '421']
['425', '435', '479']
['6', '10', '14', '21', '26', '30', '33', '43', '49', '58', '62', '63', '70', '72', '74', '77', '81', '117', '201', '246', '250', '257', '260', '274', '277', '280', '283', '288', '293', '294', '295', '297', '298', '300', '305', '320', '323', '326', '343', '344', '348', '356', '360', '363', '366', '372', '374', '378', '387', '393', '396', '398', '411', '413', '419', '429', '432', '433', '436', '439', '440', '443', '445', '446', '447', '459', '467', '471', '472', '475', '481', '482', '488', '493', '495', '499']
['27', '64', '206', '219', '273', '301', '420']
['357']
['48', '338']
['265', '282', '345', '399', '434', '448', '457']
['19', '35', '45', '69', '244', '271', '349', '462']
['4', '32', '38', '52', '82', '89', '185', '287', '316', '331', '371', '381', '428', '464', '465', '492']
['102', '259']
['5', '8', '12', '13', '15', '24', '31', '34', '36', '39', '50', '56', '65', '80', '84', '85', '101', '126', '130', '160', '195', '208', '229', '233', '238', '247', '251', '252', '253', '258', '272', '299', '306', '308', '311', '312', '313', '318', '319', '328', '332', '333', '351', '354', '383', '386', '397', '410', '438', '450', '451', '452', '453', '456', '460', '461', '463', '466', '469', '478', '480', '486', '494']
['3', '18', '25', '55', '60', '67', '68', '95', '125', '151', '152', '181', '255', '256', '261', '264', '268', '281', '292', '304', '307', '310', '315', '340', '341', '347', '416', '427', '431', '454', '468', '477', '483', '497']
['51', '57', '243', '270', '284', '286', '302', '368', '370', '412', '414', '422', '437']
['23', '28', '41', '61', '71', '75', '78', '127', '134', '138', '242', '248', '254', '266', '267', '269', '275', '276', '291', '296', '303', '335', '388', '395', '400', '401', '441', '455', '458', '474', '485', '487']
['11', '22', '40', '59', '180', '278', '285', '402', '449']
['2', '7', '9', '20', '42', '44', '46', '47', '66', '73', '79', '154', '155', '167', '183', '216', '249', '279', '289', '290', '309', '321', '325', '337', '353', '355', '358', '369', '376', '377', '382', '390', '394', '404', '415', '423', '444', '473', '476', '489', '490', '491', '498']
