['Miriam8', 'Siro8', 'Celeste3', 'Alessandro3', 'Armando5', 'Anselmo8', 'Marzio4', 'Giorgio6', 'Carmela3', 'Olimpia3', 'Giorgio2', 'Laerte0', 'Ulrico6', 'Iacopo1', 'Marina4', 'Violante6', 'Raniero0', 'Fernando8', 'Ian0', 'Graziano0']
['Jole3', 'Cleopatra8', 'Cosetta2', 'Rosalino0', 'Marieva8', 'Fabiano1', 'Marcella3', 'Gregorio2', 'Carmelo4', 'Bettino1', 'Orfeo1', 'Fatima2', 'Lidia0', 'Fortunata0', 'Gilda2', 'Trevis3', 'Elda2', 'Baldassarre3', 'Danthon5', 'Edipo5']
['Ludovico2', 'Italo5', 'Silvano4', 'Osea1', 'Danuta0', 'Sebastian2', 'Manfredi5', 'Ferdinando0', 'Patrizio4', 'Tazio7', 'Serse1', 'Irene7', 'Timoteo4', 'Egisto1', 'Ethan7', 'Guendalina3', 'Secondo5', 'Iacopo2', 'Dante0', 'Demis3']
['Jarno1', 'Gianantonio5', 'Tolomeo6', 'Mietta0', 'Mattia9', 'Caligola0', 'Kris3', 'Mirko6', 'Penelope7', 'Sesto8', 'Nestore5', 'Isabel1', 'Lazzaro2', 'Trevis8', 'Demis1', 'Giacobbe7', 'Tancredi6', 'Ercole4', 'Monia8', 'Ludovico9']
['Mecren5', 'Siro3', 'Odino9', 'Romeo4', 'Gaetano5', 'Mariagiulia4', 'Alessio7', 'Edipo4', 'Elsa0', 'Joannes5', 'Amerigo5', 'Antonino6', 'Brigitta5', 'Moreno5', 'Nathan2', 'Rodolfo9', 'Cira8', 'Amerigo1', 'Zaccaria2', 'Elga8']
['Elda4', 'Filomena3', 'Nestore8', 'Giulio2', 'Walter1', 'Flaviana6', 'Jacopo3', 'Ivano3', 'Nayade9', 'Caio2', 'Laerte9', 'Deborah9', 'Antonio9', 'Marino4', 'Maggiore2', 'Emanuel3', 'Artes8', 'Rocco9', 'Damiana9', 'Marianita1']
['Demis2', 'Brigitta8', 'Fabio8', 'Giovanna5', 'Amedeo5', 'Loredana6', 'Vera2', 'Primo1', 'Umberto9', 'Demi6', 'Dante5', 'Santo3', 'Marianita5', 'Nathan3', 'Fiorenzo1', 'Nestore4', 'Cirino1', 'Edilio5', 'Deborah4', 'Tolomeo0']
['Enrico1', 'Anastasio3', 'Ermes9', 'Costanzo6', 'Mariagiulia3', 'Damiana2', 'Pablo9', 'Joshua0', 'Jari2', 'Celeste4', 'Folco4', 'Sesto2', 'Nathan9', 'Gianriccardo2', 'Nicoletta3', 'Joseph3', 'Enzo6', 'Marzio5', 'Nazzareno0', 'Tazio1']
['Odone4', 'Eustachio1', 'Liborio4', 'Xavier5', 'Cassiopea8', 'Rosita1', 'Odone8', 'Mariagiulia0', 'Elsa1', 'Kris2', 'Fabio9', 'Leonardo0', 'Radames4', 'Miriana7', 'Marzio7', 'Radames7', 'Gianantonio6', 'Marianita7', 'Samira4', 'Davide5']
['Arduino8', 'Karim8', 'Pablo7', 'Michael9', 'Carlo1', 'Orfeo5', 'Edilio2', 'Eusebio6', 'Benedetta1', 'Luigi4', 'Aroldo4', 'Orfeo7', 'Fiorenzo7', 'Gavino8', 'Italo9', 'Siro9', 'Prisca3', 'Maika6', 'Tancredi5', 'Rebecca6']
['Michael4', 'Prisca2', 'Cleros6', 'Gerlando9', 'Tristano5', 'Matilde9', 'Thea5', 'Marina7', 'Matteo9', 'Jacopo4', 'Bortolo5', 'Primo3', 'Zelida4', 'Monia6', 'Piersilvio0', 'Marino8', 'Giacinto6', 'Guido6', 'Sue0', 'Giovanna3']
['Teseo4', 'Ercole1', 'Thea4', 'Mauro7', 'Piersilvio3', 'Renato5', 'Tristano8', 'Lauro5', 'Siro0', 'Enzo7', 'Quasimodo0', 'Mariagiulia9', 'Lia2', 'Amedeo1', 'Santo9', 'Laura9', 'Hector0', 'Cleopatra1', 'Gaetano4', 'Giancarlo3']
['Odino6', 'Isabel6', 'Max1', 'Clodovea1', 'Rebecca2', 'Kayla9', 'Eusebio3', 'Arcibaldo8', 'Orfeo9', 'Erminio9', 'Assia0', 'Folco0', 'Radames1', 'Arduino5', 'Walter3', 'Sesto4', 'Umberto6', 'Gioacchino6', 'Romeo2', 'Alessio3']
['Loretta1', 'Cesidia8', 'Gianantonio3', 'Luce0', 'Genziana8', 'Davide1', 'Erminio4', 'Luigi7', 'Ubaldo2', 'Mietta1', 'Siro2', 'Gregorio7', 'Claudia6', 'Gianmaria7', 'Nabil5', 'Demi9', 'Cassiopea3', 'Lorenzo9', 'Armando0', 'Arturo8']
['Filomena4', 'Donatella7', 'Miriana9', 'Domiziano7', 'Odone9', 'Joshua3', 'Benedetta5', 'Eliziario6', 'Lisa0', 'Secondo0', 'Augusto8', 'Jari0', 'Adriano1', 'Marieva7', 'Cleros7', 'Loredana0', 'Folco6', 'Jelena1', 'Antimo9', 'Sabino2']
['Eustachio2', 'Giobbe6', 'Benedetta4', 'Diamante6', 'Ione9', 'Caio6', 'Furio5', 'Ermes4', 'Ariel9', 'Quarto3', 'Renzo5', 'Sasha7', 'Mattia6', 'Ercole2', 'Akira3', 'Kayla3', 'Timoteo9', 'Emanuel1', 'Cleros5', 'Primo9']
['Sabatino1', 'Enzo3', 'Tommaso8', 'Rita6', 'Rosaria8', 'Vania2', 'Claudia1', 'Folco8', 'Noah0', 'Vania3', 'Orfeo4', 'Giorgio3', 'Liborio8', 'Karim1', 'Lamberto6', 'Tancredi4', 'Avide3', 'Sirio6', 'Alighiero7', 'Ferdinando6']
['Leonardo1', 'Carmela6', 'Mietta2', 'Anastasio7', 'Priamo0', 'Costantino7', 'Oretta9', 'Loris4', 'Maruska3', 'Mecren9', 'Sebastian4', 'Assia4', 'Rosalba1', 'Trevis2', 'Ausonio0', 'Rosalba8', 'Samira6', 'Lino4', 'Anselmo9', 'Azue3']
['Sue2', 'Cira7', 'Maggiore3', 'Deborah2', 'Concetta1', 'Marianita8', 'Ercole8', 'Miriam7', 'Anselmo3', 'Erminia5', 'Eriberto7', 'Quirino1', 'Folco3', 'Eriberto1', 'Michele7', 'Erminia8', 'Lidia6', 'Rufo5', 'Sasha9', 'Caligola7']
['Elio8', 'Fiorentino3', 'Laura1', 'Fabiano3', 'Marina6', 'Noel4', 'Pietro1', 'Luce6', 'Miriana4', 'Edilio6', 'Sandro2', 'Muzio8', 'Joseph7', 'Davide8', 'Concetta5', 'Fatima0', 'Emanuel7', 'Loretta4', 'Sarita4', 'Gianmarco5']
['Lidia4', 'Valdo2', 'Ian2', 'Mattia1', 'Ercole9', 'Osea9', 'Valdo9', 'Lauro3', 'Cleopatra5', 'Amedeo6', 'Sirio1', 'Costanzo4', 'Mirko4', 'Ethan3', 'Elga3', 'Marvin0', 'Elio3', 'Nestore7', 'Leonardo7', 'Nestore3']
['Ubaldo1', 'Giulietta7', 'Giordano5', 'Terzo7', 'Kai5', 'Oreste0', 'Rosalino2', 'Raoul7', 'Erminia2', 'Jack2', 'Rosolino0', 'Cleopatra7', 'Ilario9', 'Eriberto9', 'Clodovea2', 'Diamante4', 'Gioacchino7', 'Mariano0', 'Bettino8', 'Vinicio8']
['Albino1', 'Osvaldo5', 'Alberto5', 'Bortolo9', 'Battista3', 'Fiorenzo8', 'Armando8', 'Pacifico5', 'Soriana6', 'Marzio6', 'Ursula5', 'Gilda5', 'Gianriccardo3', 'Nico6', 'Noah6', 'Rebecca5', 'Nestore6', 'Modesto4', 'Alighieri1', 'Pierfrancesco0']
['Oretta5', 'Concetta9', 'Guido1', 'Umberto0', 'Emidio9', 'Maika9', 'Osea0', 'Cleros4', 'Ruth1', 'Enzo0', 'Ettore0', 'Audenico0', 'Bibiana4', 'Cassiopea9', 'Gianleonardo6', 'Renzo6', 'Laerte5', 'Priamo8', 'Doriana2', 'Alan9']
['Cleros2', 'Adriano0', 'Fatima9', 'Pacifico0', 'Sibilla4', 'Gelsomina6', 'Penelope5', 'Marcella0', 'Walter7', 'Timoteo5', 'Evangelista9', 'Xavier7', 'Marcella4', 'Fortunata6', 'Nico1', 'Sarita7', 'Bibiana6', 'Ethan9', 'Dylan9', 'Ileana5']
