['Avivah', 'Coral', 'Cynde', 'Tova', 'AnnaDiane', 'Geri', 'Emmy', 'Shelby', 'Erinna', 'Maryjo', 'Jacquenette', 'Madelyn', 'Renae', 'Amitie', 'Karisa', 'Meris', 'Clemmy']
['Rasla', 'Ondrea', 'Starr', 'Biddie', 'Sherline', 'Patience', 'Fayina', 'Shayna', 'Costanza', 'Kettie', 'Erma', 'Una', 'Catina', 'Donella', 'Shaina', 'Katha', 'Lorena', 'Kiersten', 'Camilla']
['Reta', 'Hyacinth', 'Zoe', 'Gigi', 'Arliene', 'Kinna', 'Edeline', 'Jaclyn', 'Jennica', 'Carree', 'Nevsa', 'Carmelia', 'Brynne', 'Jeralee', 'Natalina', 'Marjie', 'Gussy', 'Almeda', 'Ellie']
['Zita', 'Analise', 'Valentine', 'Neilla', 'Magdaia', 'Betteanne', 'HelenElizabeth', 'Callie', 'Nomi', 'Dulcie', 'Lorna', 'Kellen', 'Eula', 'Tanhya', 'Helenka', 'Romonda', 'Ortensia']
['Devinne', 'Reeva', 'Bonnee', 'Cate', 'Vilma', 'Cammie', 'Di', 'Barbe', 'Ethelind', 'Joleen', 'Rosene', 'Tresa', 'Toma', 'Vin', 'Barbaraanne', 'Fawne']
['Mariette', 'Jeniffer', 'Libbi', 'Lita', 'Moyra', 'Cristina', 'Joly', 'Livia', 'Fredelia', 'Neila', 'Kippy', 'Marigold', 'Corella', 'Zorana', 'Ashely', 'Pippy', 'Martguerita', 'Brenn']
['Thalia', 'Drucill', 'SheilaKathryn', 'Pavla', 'Rebbecca', 'Karlotta', 'Ginger', 'Caryn', 'Misti', 'Rozanna', 'Sallyanne', 'Cherry', 'Kerstin', 'Sheeree', 'Pollyanna', 'Sayre']
['Lorraine', 'Jada', 'Sheena', 'Suellen', 'Brandie', 'Tiffani', 'Jaime', 'Imogen', 'Minnnie', 'Lyn', 'Nadine', 'Mehetabel', 'Kylen', 'Esmaria', 'Kial', 'Essa', 'Ealasaid', 'Keri', 'Sibylle']
['Licha', 'Stepha', 'Rosina', 'Lois', 'Raine', 'Giralda', 'Bell', 'Fayth', 'Goldi', 'Toni', 'Freda', 'Danell', 'Billy', 'Phil', 'Jorey', 'Myrilla', 'Raven']
['Megan', 'Jenna', 'Tatiana', 'Inna', 'Melodie', 'Paulette', 'Gabriell', 'Alvina', 'Ardine', 'Cordie', 'Chris', 'Cordy', 'Isabelle', 'Shani', 'Aubrette', 'Raye', 'Erna', 'Mia']
['Kata', 'Eadie', 'Riannon', 'Ardenia', 'Tanya', 'Madelin', 'Terra', 'Gerrilee', 'Robena', 'Kaylyn', 'Claudina', 'Jobina', 'Corey', 'Janey', 'Camille', 'Vivia', 'Rosalind', 'Madalena']
['Oliy', 'Idalina', 'Madonna', 'Prudi', 'Christabel', 'Lori', 'Eddi', 'Harrie', 'Silva', 'Lina', 'Kora', 'Karol', 'Penny', 'Jessamyn', 'Deny', 'Emmalynne', 'Natka', 'Viva']
['Maddalena', 'Clari', 'Randene', 'Loria', 'Chelsea', 'Lorrin', 'Vickie', 'Winifred', 'Kacey', 'Natala', 'Corinna', 'Verina', 'Cinnamon', 'Vallie', 'Ashlen', 'Mable', 'Siobhan', 'Vonny']
['Jeannine', 'Alyce', 'Jeannette', 'Tressa', 'Nelia', 'Christina', 'Gaynor', 'Reggi', 'Marcia', 'Marla', 'Lanni', 'Wilone', 'Linette', 'Rosalinde', 'Lavinia', 'Flori', 'Lona', 'Marlyn', 'Libby']
['Jeannie', 'Bria', 'Leilah', 'Milena', 'Susi', 'Elisabet', 'Edi', 'Jessika', 'Feliza', 'Laverna', 'Genna', 'Tammy', 'Joannes', 'Hendrika', 'Sharla', 'Cecelia', 'Constantia', 'Yalonda', 'Katalin']
['Garland', 'Mareah', 'Goldina', 'Andree', 'Brynna', 'Mariejeanne', 'Henriette', 'Elayne', 'Nora', 'Kassia', 'Leora', 'Lorinda', 'Sephira', 'Andriette', 'Kelcey', 'Gwendolen', 'Chrystel']
['Herminia', 'Shelia', 'Lynnett', 'Saundra', 'Roseann', 'Vi', 'Laverne', 'Jane', 'Tamarra', 'Wendeline', 'Dayle', 'Trude', 'Laurice', 'Laura', 'Courtnay', 'Sofia', 'Gwenette', 'Arleyne', 'Sheilah']
['Evvy', 'Denyse', 'Bobbie', 'Marylou', 'Charis', 'Philomena', 'Lisabeth', 'Jolie', 'Stefa', 'Dana', 'Ashli', 'Laureen', 'Lilla', 'Mina', 'Harriett', 'Susana', 'Phillis', 'Tobi', 'Paula']
['Thomasina', 'Serena', 'Lila', 'AnnaDiana', 'Blake', 'Rachel', 'Meggy', 'Lillis', 'Genni', 'Frankie', 'Uta', 'Ula', 'Sue', 'Shelli', 'Dulcea', 'Jodi', 'Christin', 'Honey', 'Lauretta']
['Carlye', 'Brigid', 'Anjanette', 'Valerie', 'Shayne', 'Heidie', 'Shay', 'Lia', 'Lacey', 'Therine', 'Dianna', 'Coretta', 'Hatty', 'Tilda', 'Grazia', 'Leona', 'Crystie']
['Sara', 'Amabel', 'Kalindi', 'Emelina', 'Idell', 'Geralda', 'Eve', 'Constantina', 'Faith', 'Marice', 'Renelle', 'Allsun', 'Pierrette', 'Dulcia', 'Merrielle', 'Nolana']
['Janette', 'Brandise', 'Tessy', 'Debbie', 'Veronike', 'Tybi', 'Anthe', 'Giselle', 'Sheree', 'Cayla', 'Phedra', 'Nicoli', 'Paulina', 'Annalee', 'Miquela', 'Lindsy', 'Nerissa', 'Bessy', 'Debby']
['Ivie', 'Deeann', 'Anya', 'Bibbie', 'Maryl', 'Patti', 'Kay', 'Lettie', 'Kania', 'Kristin', 'Sharron', 'Henrietta', 'Carline', 'Liz', 'Jsandye', 'Cory', 'Vanessa', 'Trista', 'Kathlin']
['Elinor', 'Gerianna', 'Pandora', 'Tersina', 'Emilee', 'Delila', 'Wilow', 'Siusan', 'Koressa', 'Heather', 'Laraine', 'Marley', 'Willabella', 'Noelyn', 'Matilda', 'Annie', 'Lisbeth', 'Midge', 'Dolores']
['Katleen', 'Jess', 'Pia', 'Jasmin', 'Evangeline', 'Gayle', 'Ray', 'Darcee', 'Joycelin', 'Nerta', 'Sophie', 'Tamarah', 'Daisi', 'Melva', 'Johnette', 'Clemmie', 'Pansie', 'Merline']
