['16', '26', '39', '46', '133', '168', '178', '201', '220', '303', '309', '316', '345', '347', '420', '421', '443', '450', '480', '495']
['17', '41', '68', '79', '82', '89', '95', '111', '119', '136', '159', '175', '179', '215', '247', '274', '312', '339', '344', '389', '476', '489']
['0', '12', '102', '104', '113', '123', '143', '193', '211', '229', '314', '336', '370', '394', '399', '405', '406', '413', '456', '466', '477', '481', '483']
['29', '45', '50', '77', '81', '86', '100', '128', '181', '191', '200', '214', '251', '253', '259', '273', '285', '299', '326', '338', '358', '428', '433']
['4', '19', '70', '80', '90', '97', '105', '141', '152', '180', '187', '189', '207', '237', '242', '291', '301', '318', '320', '458', '459', '462', '485']
['3', '9', '44', '55', '57', '67', '106', '135', '170', '188', '216', '225', '331', '335', '342', '359', '378', '390', '391', '400', '407', '482', '488']
['5', '8', '36', '37', '47', '98', '117', '138', '142', '171', '184', '190', '199', '204', '219', '228', '263', '288', '294', '311', '379', '431', '448']
['38', '75', '88', '107', '112', '120', '130', '149', '182', '223', '256', '267', '269', '276', '287', '304', '329', '350', '374', '430', '442', '449', '486']
['21', '56', '60', '69', '76', '126', '195', '197', '203', '232', '240', '241', '278', '310', '380', '386', '411', '419', '422', '457', '478']
['24', '51', '63', '99', '114', '146', '151', '153', '155', '233', '238', '277', '298', '323', '383', '439', '468', '469', '484', '496']
['10', '14', '35', '54', '58', '62', '83', '161', '162', '166', '206', '252', '268', '319', '401', '408', '409', '436', '465', '470', '487', '491']
['27', '85', '94', '158', '163', '177', '186', '202', '205', '221', '261', '279', '334', '351', '361', '364', '368', '396']
['18', '28', '91', '129', '132', '167', '239', '258', '313', '343', '348', '356', '360', '376', '404', '445', '460', '464', '490', '499']
['20', '31', '33', '34', '42', '92', '93', '127', '150', '156', '196', '235', '270', '332', '333', '337', '346', '387', '416', '429', '454', '479', '497']
['59', '78', '147', '208', '209', '210', '212', '248', '250', '260', '264', '290', '293', '305', '308', '321', '357', '365', '367', '415', '444', '475', '493']
['6', '11', '22', '23', '125', '148', '157', '169', '192', '230', '234', '315', '340', '341', '355', '369', '375', '426', '438', '446', '455']
['15', '61', '72', '108', '109', '173', '183', '227', '265', '272', '283', '286', '295', '325', '327', '330', '353', '373', '384', '395', '412', '474']
['43', '52', '110', '121', '137', '145', '174', '217', '222', '226', '245', '257', '324', '349', '362', '366', '392', '402', '425', '473']
['1', '25', '48', '65', '74', '84', '103', '118', '154', '172', '231', '282', '284', '289', '302', '328', '381', '382', '432', '437', '440', '441', '498']
['7', '13', '30', '40', '64', '101', '115', '122', '131', '144', '176', '213', '249', '280', '281', '317', '322', '377', '388', '410', '452', '467']
['53', '71', '87', '96', '140', '160', '164', '185', '224', '244', '255', '266', '300', '306', '371', '393', '414', '418', '424', '451', '461', '492', '494']
['2', '32', '165', '194', '218', '243', '246', '262', '271', '292', '297', '307', '363', '372', '403', '417', '434', '435', '463']
['49', '66', '73', '116', '124', '134', '139', '198', '236', '254', '275', '296', '352', '354', '385', '397', '398', '423', '427', '447', '453', '471', '472']
