['346', '101', '92', '96', '234', '130', '394', '172', '323', '321', '76', '319', '382', '387', '165', '350', '286', '263', '269', '51', '398']
['331', '392', '397', '369', '385', '47', '40', '41']
['4', '300', '306']
['310']
['11']
['99', '1', '142', '400', '248', '189', '205', '60', '255']
['277', '367']
['95', '361', '215', '223']
['33', '231', '233', '133', '371', '242', '13', '124', '365', '267', '44']
['278', '72', '167', '212', '152']
['344', '345', '347', '340', '341', '342', '348', '349', '298', '299', '297', '294', '292', '290', '291', '199', '198', '194', '197', '196', '191', '190', '193', '192', '270', '271', '273', '275', '276', '279', '109', '102', '103', '106', '104', '105', '39', '38', '31', '37', '36', '35', '34', '339', '338', '335', '334', '336', '330', '333', '332', '98', '90', '93', '94', '238', '239', '235', '237', '230', '232', '144', '145', '143', '140', '141', '132', '137', '136', '135', '134', '139', '24', '27', '20', '21', '22', '28', '29', '379', '378', '370', '373', '372', '375', '374', '376', '393', '88', '89', '396', '395', '83', '86', '84', '7', '244', '247', '246', '241', '240', '243', '249', '179', '177', '175', '174', '173', '171', '253', '182', '180', '181', '187', '184', '185', '188', '10', '12', '15', '14', '17', '16', '19', '18', '322', '320', '326', '324', '325', '329', '201', '200', '203', '202', '207', '206', '209', '208', '77', '75', '73', '70', '79', '2', '8', '68', '120', '121', '122', '123', '125', '126', '127', '129', '313', '312', '311', '316', '315', '314', '366', '364', '363', '360', '380', '381', '384', '386', '388', '389', '64', '65', '66', '67', '252', '69', '251', '256', '257', '254', '168', '169', '164', '166', '160', '161', '162', '163', '357', '356', '355', '354', '353', '352', '351', '359', '358', '217', '214', '213', '210', '211', '218', '289', '280', '285', '284', '287', '262', '260', '266', '265', '59', '58', '55', '54', '57', '56', '50', '52', '63', '114', '117', '116', '111', '113', '119', '308', '301', '302', '304', '305', '307', '228', '227', '226', '225', '222', '220', '391', '153', '154', '157', '159', '158', '399', '49', '46', '45', '42', '5']
['293', '195', '107', '32', '149', '245', '71', '264', '110', '112']
['74']
['295', '272', '108', '100', '337', '97', '147', '377', '85', '170', '183', '128', '318', '3', '61', '288', '282', '118', '303', '224', '150', '48']
['296', '6', '26', '23', '368', '362']
['30', '91', '148', '131', '138', '327', '328', '78', '317', '250', '216', '283']
['309']
['343', '274', '236', '146', '25', '82', '80', '81', '87', '186', '62', '204', '258', '259', '281', '261', '268', '53', '390', '151', '156', '43']
['176', '383', '9']
['178', '219', '115', '229', '221', '155']
