['171', '290']
['59']
['49']
['137']
['228', '263']
['9']
['134']
['180']
['269']
['162']
['245']
['297']
['76']
['320']
['255']
['187']
['130']
['147', '276']
['267']
['225']
['294']
['13', '333']
['5']
['68', '201']
['88']
['32']
['63']
['325']
['168']
['118']
['35', '353']
['156', '209']
['238', '265']
['140']
['167']
['1']
['218']
['37']
['170']
['337']
['227']
['20']
['202']
['72', '146']
['275', '310']
['272']
['217']
['233', '257']
['253']
['244']
['280']
['99']
['281']
['206', '287', '345']
['87', '307']
['232']
['80']
['26', '148']
['116', '151']
['82', '362']
['65']
['33']
['173']
['91']
['161']
['340']
['279']
['79', '291']
['289']
['247', '251']
['46', '350']
['60']
['177']
['38']
['288', '299']
['28']
['318']
['61']
['341']
['122']
['221']
['184']
['113']
['274']
['50', '268', '357']
['189']
['166']
['213']
['326']
['242']
['97', '115']
['21']
['258']
['66']
['15', '86', '315', '344']
['56']
['196']
['109']
['236']
['149', '235']
['219']
['283']
['349']
['84', '239', '309']
['178']
['39', '231', '262']
['124']
['14']
['24']
['94']
['6', '70']
['347']
['58', '302']
['25', '57']
['286']
['296']
['185']
['342']
['354']
['169']
['69', '270']
['351']
['205']
['117']
['111', '172']
['303']
['143', '260', '335']
['103']
['317']
['230']
['330']
['313']
['108']
['295']
['352']
['361']
['71', '152', '346']
['131']
['261']
['106']
['75']
['29']
['222']
['355']
['174', '314']
['136']
['237']
['306']
['126']
['138']
['175']
['319']
['42', '145']
['273']
['144', '154']
['107']
['135']
['204']
['132']
['223']
['186', '234']
['23']
['31']
['198']
['0', '2', '34', '55', '322']
['141']
['27']
['336']
['282']
['220']
['360']
['110']
['224']
['41', '62', '89']
['292']
['153']
['22']
['208', '339']
['159']
['64']
['193']
['215', '277']
['51', '216']
['47', '191']
['182']
['10', '214', '298']
['112']
['256']
['53']
['241']
['248']
['321']
['328']
['240', '311']
['278']
['93', '155', '324']
['98']
['95']
['300']
['160']
['266']
['163', '312']
['7', '92', '250']
['105']
['96']
['192']
['246']
['40']
['284']
['8']
['212', '264']
['30']
['44']
['200']
['203']
['19', '164']
['243']
['90']
['123']
['11', '293']
['348']
['334']
['127']
['3', '83', '271', '323']
['211']
['74', '301']
['85']
['259']
['190']
['101']
['4']
['252']
['139']
['316']
['179']
['343']
['254']
['78']
['188']
['129']
['338']
['73']
['114']
['77', '165']
['210']
['308']
['359']
['16', '48']
['329']
['331', '332']
['125', '133']
['43']
['36', '54']
['285']
['176']
['199']
['358']
['194']
['305']
['120']
['102']
['104']
['195']
['81']
['12']
['304']
['226']
['142']
['119']
['18']
['327']
['121']
['356']
['197']
['128']
['150']
['158', '249']
['45']
['207']
['157']
['183']
['67']
['181']
['52', '100']
['229']
['17']
