['Jaimarie']
['Cliff', 'Ori', 'Shardae', 'Gertrude', 'Keyin', 'Jarrell', 'Leib', 'Yaire', 'Eliziah', 'Zayquan', 'Amritha', 'Trinitey', 'Danyca', 'Fox', 'Ramses', 'Michaell', 'Nidhi', 'Sheniyah', 'Gauge', 'Estephanie', 'Anastacio', 'Arsalan', 'Nalaya', 'Khila']
['Saheim', 'Taigen', 'Zolin', 'Bristol', 'Alyiana', 'Juliano', 'Jahlen', 'Inaki', 'Loni', 'Leighann', 'Tacori', 'Delara', 'Jerriah', 'Trystian', 'Ron']
['Meryl', 'Olive', 'Aarohi', 'Milene', 'Merary', 'Natasia', 'Jaydah', 'Kenzington', 'Coulson', 'Marck', 'Iris', 'Oviya']
['Avielle', 'Fabrizzio', 'Lada', 'Gracia', 'Elway', 'Jabes', 'Ahnaya', 'Emilie', 'Abdoulaziz', 'Julia', 'Malaja']
['Takia', 'Camill', 'Carsten', 'Coraline', 'Dainen', 'Asha', 'Mikyla', 'Lauralynn', 'Markise', 'Mezmariah', 'Dorcas', 'Jovey', 'Ilyn', 'Leilah', 'Jema', 'Jaquan', 'Quentyn', 'Monserath', 'Yajahira', 'Zuzanna', 'Laticia', 'Vivica', 'Janine', 'Deidre', 'Jalyiah', 'Emmanuela', 'Kariana', 'Anouk', 'Jaleena', 'Dajana']
['Aylana', 'Crystina', 'Adeleine']
['Nishta', 'Tobias', 'Michai', 'Jophy', 'Haya', 'Doyle', 'Jerel', 'Devaun', 'Antwane', 'Dominika', 'Joed', 'Denize', 'Soriya', 'Marcellino', 'Keion', 'Mylez', 'Lakiyah', 'Kay']
['Antrone', 'Ebany']
['Hallei']
['Alayasia', 'Elisah', 'Ricky', 'Desteni', 'Zahriyah', 'Yarisbel', 'Deriyon', 'Jamiyla', 'Quintavious', 'Treyson', 'Katarina', 'Abriyana', 'Orren']
['Kobe', 'Caliegh', 'Sussy', 'Tahir', 'Kenniyah', 'Sayd', 'Tasi', 'Anagha', 'Delisha', 'Raeleigh', 'Alainna', 'Ryleeann', 'Ameerah', 'Nakari', 'Shamaiya', 'Jazir', 'Sharlene', 'Leni', 'Antonin', 'Srinath', 'Renyah', 'Hayven', 'Gwendolynn']
['Kalum', 'Lazaria', 'Larrissa', 'Taye', 'Tayseer', 'Dea', 'Gor', 'Liat', 'Tayyab', 'Kaira', 'Tyannah', 'Natsumi', 'Handsome', 'Ailene', 'Jekeria']
['Tafari', 'Anela', 'Sydelle', 'Kenzlie']
['Khloee', 'Donnelle']
['Jersi', 'Zoiee', 'Zackrey', 'Deliany', 'Niemah', 'Marwan']
['Ellarie', 'Cylah', 'Brenya', 'Bright', 'Shanell', 'Jakelin', 'Spartan', 'Quintasia', 'Jomary', 'Jacob', 'Sevastian', 'Charlett', 'Rock', 'Raymir']
['Abaan', 'Sagan', 'Guadalupe', 'Detravion']
['Avigail', 'Jebediah', 'Kaleo', 'Yonason', 'Jamear', 'Jeru', 'Suri', 'Kimball', 'Azavier']
['Daxx', 'Braeley', 'Eddieberto', 'Gunther', 'Shahid', 'Mykenna', 'Thien', 'Ally']
['Mumin', 'Nakeya', 'Kyston', 'Miley', 'Amonti', 'Ingrid', 'Yarithza', 'Zamyah', 'Tajuan', 'Keili', 'Anadalay', 'Kemily']
['Adanna', 'Evia', 'Sanae', 'Aizik', 'Rohil', 'Yu', 'Hannelore', 'Zinia', 'Yavian', 'Lynia', 'Davidjr', 'Keni', 'Kyo', 'Khalee', 'Kensleigh', 'Daxen', 'Amr', 'Marifer', 'Ayahna', 'Kenzo', 'Blaine', 'Kameryn', 'Casondra', 'Analiah', 'Matt', 'Lealand', 'Sinia']
['Aley', 'Carine', 'Serra', 'Shamiyah', 'Griffon']
['Jatziry', 'Jdan', 'Jamaad', 'Kirrah']
['Mylie', 'Khamil', 'Kitty', 'Zaahir', 'Jandre', 'Jasiya', 'Liann', 'Litsy', 'Tam', 'Casandra', 'Stefanny', 'Prakruti', 'Ishmel', 'Xaviel', 'Kinzie', 'Jemiah', 'Montana', 'Endi', 'Shamyia']
['Bailei', 'Jamonte', 'Sashya', 'Sabastion', 'Raphael', 'Aanyah', 'Helaman']
['Giankarlo', 'Coi']
['Ettel', 'Ganon', 'Shanaiya', 'Stafford', 'Mckaylin', 'Deedra']
['Jahred', 'Aibhilin', 'Farah', 'Jalilah', 'Byron', 'Dhalia', 'Lilyonna', 'Nitzia', 'Dashun']
['Sevren', 'Thadius', 'Keemya', 'Katalina', 'Hakop', 'Kaymarie']
['Salif', 'Kvaughn']
['Samauri', 'Kellon', 'Cynae']
['Navia', 'Ancel', 'Rexford', 'Dusan', 'Azeriah', 'Aayana', 'Osmin', 'Aryeh', 'Mariaelena']
['Jarem', 'Halo', 'Demetreus', 'Dragon', 'Jamaine', 'Alyze', 'Dhyan', 'Rielly', 'Jesalyn', 'Derionna', 'Hugo', 'Nethra', 'Jaquis', 'Nohely', 'Harlem', 'Kapena', 'Vanesa', 'Nakaya', 'Abdulraheem', 'Mailen']
['Adaley', 'Mykaylah', 'Atika', 'Terriona', 'Tashvi', 'Jesus', 'Lamariah', 'Rey', 'Merlina', 'Shiala', 'Colie', 'Timia', 'Noami', 'Kaushik', 'Selena']
['Brydan', 'Rosalio', 'Chanze', 'Kamora', 'Emmely', 'Lilienne', 'Zyeir', 'Sihaam', 'Vyncent', 'Dairon', 'Eleah', 'Jos', 'Siena', 'Shy', 'Anwesha', 'Sameeha', 'Larry', 'Cicily', 'Akasha', 'Venezia', 'Soniah', 'Hesham', 'Tralaya', 'Rayne', 'Armita']
['Dereck', 'Seleen', 'Masud', 'Dessie', 'Fidel', 'Bow', 'Guy', 'Noha']
['Kaeley', 'Jaleesa', 'Britnee']
['Jayme', 'Isaak', 'Marik', 'Margie', 'Jailon', 'Janesha', 'Mikea', 'Cyris']
['Sincere', 'Hashem']
['Seiry', 'Amor', 'Mylani', 'Artyom', 'Makyra', 'Adaisha', 'Thaddius', 'Satomi', 'Bailynn', 'Keyvin', 'Shannel', 'Shalonda', 'Benito', 'Citlally', 'Abhinav', 'Cisco']
['Marialy', 'Artie', 'Jaaziah', 'Adriene', 'Marcellius', 'Kayliann', 'Dell', 'Lailani', 'Treyonna', 'Giannie', 'Fe', 'Cordai']
['Johnavan', 'Emree', 'Nancy', 'Shakila', 'Lizmari', 'Feven', 'Azzareya', 'Tralyn', 'Eeliyah', 'Mikaelah', 'Jameisha', 'Alaija', 'Aysenur', 'Asa']
['Zykerria', 'Carena', 'Charlize', 'Abdulrehman', 'Aleiyah', 'Nayara', 'Jeremias', 'Tobechi', 'Alison', 'Aman', 'Taegan', 'Lukis', 'Chidi', 'Salmaan', 'Kaeleen', 'Kaymi', 'Shelbee', 'Apollonia', 'Kirubel', 'Mircale']
['Chyna', 'Veena', 'Oluwatobi', 'Kairy', 'Tanyla', 'Merissa']
['Basha', 'Jasahn', 'Vedika', 'Marnae', 'Andriy', 'Jezzelle', 'Adysen', 'Donnovan', 'Elysha', 'Jirah', 'Serenety', 'Gyzelle', 'Mikelle', 'Marrius', 'Vinnie', 'Farha', 'Trenise', 'Alieyah', 'Maude', 'Reynaldo', 'Jax']
['Jaeline', 'Brinleigh', 'Evangelyne', 'Dyami']
