['17', '23', '60', '74', '75', '78', '83', '88', '91', '97', '101', '111', '124', '140', '152', '160', '173', '183', '185', '208', '209', '210', '216', '248', '267', '269', '285', '292', '305', '318', '320', '362', '395']
['37', '52', '67', '142', '148', '169', '178', '205', '230', '231', '235', '256', '296', '300', '368', '380', '389']
['143', '232', '265', '396']
['30', '48', '62', '90', '93', '113', '129', '179', '246', '261', '286', '295', '301', '330', '373', '383', '384']
['6', '25', '36', '46', '82', '84', '146', '168', '202', '207', '251', '255', '258', '312', '327', '337', '358', '363', '381', '392']
['144', '204', '212', '259', '262', '266', '325', '346']
['16', '26', '41', '42', '66', '73', '108', '151', '176', '193', '211', '272', '288', '290', '293', '299', '302', '333', '334', '391']
['68', '80', '106', '349', '378']
['5', '27', '31', '57', '94', '104', '161', '177', '184', '189', '237', '276', '277', '298', '309', '322']
['342']
['4', '12', '28', '32', '92', '96', '100', '109', '115', '141', '162', '172', '175', '181', '215', '218', '219', '233', '254', '308', '316', '385', '394']
['72', '167', '243', '247']
['13', '14', '34', '87', '118', '122', '123', '127', '135', '147', '150', '158', '190', '197', '223', '225', '227', '250', '282', '304', '324', '331', '348', '382']
['107', '236', '245', '252', '264', '357']
['0', '21', '40', '45', '56', '63', '69', '81', '114', '117', '126', '132', '139', '145', '155', '157', '164', '187', '188', '198', '213', '221', '229', '244', '270', '289', '294', '314', '315', '321', '366', '367', '374', '388']
['54', '85', '95', '98', '120', '121', '134', '191', '200', '214', '234', '241', '280', '281', '297', '326', '350', '361', '372', '379']
['249']
['3', '99', '130', '263', '311']
['35', '44', '171', '238', '284', '375']
['136', '338', '354']
['29', '49', '203', '365', '386']
['8', '22', '39', '137', '156', '199', '201', '239', '313', '339', '347', '370', '387', '397']
['58', '59', '71', '86', '119', '166', '174', '182', '186', '222', '257', '268', '275', '291', '310', '328', '332', '355']
['2', '15', '64', '76', '77', '89', '102', '112', '138', '159', '180', '192', '273', '278', '377']
['11', '24', '53', '61', '103', '153', '165', '217', '224', '240', '253', '279', '317', '329', '335', '340', '359', '364']
['50', '65', '105', '133']
['18', '43', '47', '70', '149', '170', '195', '206', '226', '306', '323', '351', '352', '360', '376']
['7', '20', '38', '55', '116', '131', '154', '163', '194', '196', '307', '319', '336', '341', '344', '353', '356', '369']
['1', '10', '19', '128', '228', '242', '283', '287', '303', '371', '390', '393']
['9', '33', '51', '79', '110', '125', '220', '260', '271', '274', '343', '345']
