['9', '27', '50', '67', '77', '85', '141', '174', '248', '250', '276', '284', '288', '374', '440', '455', '486', '491', '493', '494']
['1', '13', '14', '38', '46', '48', '72', '105', '117', '140', '147', '156', '165', '185', '217', '234', '260', '264', '327', '340', '352', '360', '376', '410', '421', '423', '460', '466', '481', '484']
['32', '33', '64', '74', '113', '135', '235', '242', '256', '265', '277', '279', '311', '314', '369', '391', '396', '413']
['30', '61', '62', '122', '126', '128', '218', '236', '266', '302', '320', '342', '375', '387', '433', '480']
['34', '71', '89', '100', '154', '195', '241', '268', '282', '321', '341', '370', '474', '482']
['60', '108', '123', '208', '267', '353', '385']
['35', '39', '144', '153', '192', '194', '202', '215', '232', '233', '261', '324', '331', '333', '344', '386', '388', '389', '409']
['47', '125', '176', '184', '213', '400', '411', '457', '462']
['4', '75', '90', '114', '136', '150', '152', '155', '160', '164', '173', '178', '204', '229', '281', '287', '293', '299', '315', '348', '359', '367', '378', '379', '384', '403', '424', '427', '446']
['18', '55', '82', '87', '145', '158', '179', '243', '306', '307', '316', '325', '328', '334', '356', '382', '401', '422', '435', '441', '463', '487']
['16', '23', '104', '129', '134', '308', '336', '439', '459', '464', '479']
['28', '78', '146', '149', '219', '228', '246', '252', '254', '286', '290', '372', '398', '406', '432', '454', '467', '490']
['2', '3', '19', '20', '36', '58', '70', '83', '94', '101', '130', '151', '182', '183', '190', '197', '305', '349', '358', '365', '380', '412', '442', '443', '445', '456', '483', '485']
['0', '6', '7', '8', '11', '25', '26', '44', '54', '66', '97', '110', '112', '115', '116', '211', '212', '303', '414', '415', '416', '417', '425', '434', '436', '437', '468', '473', '475', '495']
['43', '96', '111', '127', '143', '189', '231', '239', '259', '292', '312', '357']
['41', '42', '49', '63', '80', '191', '209', '214', '240', '294', '329', '381', '404', '470', '478', '492']
['12', '29', '119', '120', '159', '186', '200', '245', '301', '343', '355', '361', '407']
['22', '31', '76', '138', '270', '283', '420', '444', '469']
['188', '223', '297']
['51', '65', '131', '142', '162', '171', '175', '249', '300', '317', '318', '347', '383', '399', '472', '489']
['5', '37', '84', '88', '157', '163', '168', '177', '181', '193', '203', '206', '274', '289', '304', '323', '330', '364', '392', '408', '431', '450', '453', '458', '476']
['393', '429']
['68', '102', '106', '167', '169', '170', '187', '201', '205', '258', '275', '278', '310', '313', '332', '338', '346', '354', '405', '418', '419', '430', '449', '451', '452', '461']
['172', '238', '280']
['69', '91', '98', '99', '166', '216', '220', '222', '227', '244', '269', '351', '428', '447', '448']
['10', '24', '95', '121', '221', '226', '237', '251', '272', '322', '326', '339', '373', '377', '402']
['21', '40', '79', '86', '92', '93', '109', '124', '132', '133', '137', '148', '161', '199', '207', '247', '253', '271', '295', '298', '335', '350', '366', '371', '477', '488']
['52', '56', '57', '59', '73', '103', '107', '118', '139', '210', '255', '291', '296', '309', '319', '337', '345', '362', '363', '368', '390', '394', '395', '426', '438']
['15', '17', '45', '53', '81', '180', '196', '198', '224', '225', '230', '257', '262', '263', '273', '285', '397', '465', '471']
