['y9', 't4', 't10', 'a2', 'f4', 'k7', 'i1', 'v5', 'n8', 'x9']
['w3', 'd5', 'e4', 'e3', 'r8', 'a4', 'h8', 'x2', 'w7', 'v1']
['d7', 'q5', 'n10', 'd2', 'o6', 'e9', 'm9', 'c1', 'p5', 'f5']
['r7', 'h7', 'u9', 'n7', 'f1', 's9', 'i5', 'a1', 'v2', 'i10']
['p10', 't6', 'l2', 'w8', 'r6', 'h2', 'h6', 'b6', 'f3', 'k2']
['d8', 'j10', 'p3', 'o4', 'l3', 'b2', 'u3', 'x5', 'i9', 'd6']
['r5', 'a8', 'a3', 'f7', 'f8', 's1', 's5', 'i2', 'v4', 'n9']
['v10', 't9', 'o9', 'o3', 'o1', 'f10', 'p9', 'k8', 'i4', 'n3']
['y5', 'q4', 'c5', 'g4', 'g8', 't8', 'w10', 'b8', 's10', 'h9']
['q3', 'c6', 't7', 'x10', 'j7', 'o8', 'q10', 'm3', 'c3', 'k6']
['d4', 'd3', 't2', 'l5', 'u6', 'm4', 'm7', 'x7', 'k5', 'k9']
['q7', 'm10', 'j5', 'j6', 'e5', 'e6', 'r2', 'x1', 'k10', 'n6']
['t3', 'j2', 'y3', 'y4', 'r1', 'u5', 'j3', 'k3', 'i6', 'n1']
['l10', 'e2', 'a5', 'w1', 'h4', 'u2', 'p1', 's8', 'b10', 'v6']
['y7', 'x4', 'j1', 'y6', 'e7', 'y10', 'u4', 'm6', 'g1', 'n4']
['c4', 'w5', 'w2', 'q8', 'h3', 'h1', 'm8', 'b9', 'c8', 'i7']
['y1', 'q1', 'l4', 'j9', 'b4', 'r4', 'm1', 'x3', 'f2', 'g10']
['g7', 'l6', 'l1', 'j8', 'b3', 'w9', 'x8', 'c7', 'i3', 'v7']
['y8', 'c10', 'g6', 'l9', 'a7', 'c9', 'w4', 'f6', 's7', 'v3']
['q2', 'g9', 'o7', 'u8', 'm2', 'c2', 'p8', 's3', 's2', 'v8']
['g2', 'r9', 'u10', 'h10', 'g3', 'd10', 'k1', 'k4', 'a10', 'v9']
['l7', 'l8', 'j4', 'e1', 'h5', 'p2', 'p7', 's4', 'i8', 'n2']
['d9', 'y2', 't5', 'b7', 'u1', 'x6', 'p6', 'b1', 'f9', 'n5']
['d1', 'q9', 'e8', 'w6', 'a6', 'o2', 'r3', 'a9', 'u7', 's6']
['q6', 'e10', 'g5', 'r10', 't1', 'o5', 'o10', 'm5', 'p4', 'b5']
