['23', '253', '346']
['278']
['115', '144', '163', '370']
['4', '117', '126', '149']
['116', '274']
['65', '96', '168', '252', '316', '325']
['292', '372']
['71', '109', '123', '136', '146', '283', '284', '354', '388']
['53', '152', '258']
['31', '32', '197', '229', '389']
['61', '195', '311', '318', '347', '363']
['143', '150', '189', '201', '257', '306']
['156', '262', '395']
['39', '77', '362']
['11', '12', '46', '52', '58', '63', '88', '104', '179', '190', '204', '225', '259', '260', '320']
['35', '210', '227']
['187']
['154', '334']
['30', '135', '182', '213', '237', '322', '396']
['122', '270', '280', '332', '375']
['41', '64', '100']
['24', '25', '108', '172', '230', '272']
['186', '376']
['215']
['14', '161', '162', '199', '351', '358', '384']
['222']
['21', '40', '57', '269', '352']
['17', '42', '73', '83', '99', '155', '176', '235', '251', '254', '279', '281', '289', '308', '360', '361']
['27', '38', '113', '164', '173', '377', '387']
['256', '379']
['48', '59', '70', '142', '165', '185', '207', '350']
['293']
['66', '107', '209']
['193', '296']
['69', '81', '157']
['356']
['45', '134']
['13', '90', '232', '271']
['29', '97', '102', '119', '133']
['121', '268', '328']
['111', '140', '216', '341', '345', '381']
['49', '160', '374']
['214', '298']
['200']
['44']
['3', '139', '202', '205', '295']
['18', '85', '208', '385', '390']
['51', '67', '103', '105', '127', '167', '177', '267', '305', '386', '393']
['145', '340']
['56', '91', '245', '339']
['10', '54', '147', '365']
['84', '98', '158', '236', '243', '263', '264', '301', '359', '366', '383']
['33']
['313']
['68', '217', '220', '242', '244', '323', '378']
['349']
['55', '317']
['246']
['1', '15', '247']
['19', '315', '342', '368']
['22', '82', '241']
['9', '50', '128', '226', '233', '265', '344']
['191', '355', '364']
['60', '137', '153', '319', '343', '394']
['89', '129', '348', '371']
['275']
['125']
['79', '194', '234', '331', '333', '336']
['34', '273', '303']
['62']
['7', '238']
['20', '106', '114', '130', '151', '159', '166', '203', '206', '212', '249', '321', '397']
['36', '43', '169', '183', '291', '338', '373', '380', '382']
['8', '74', '76', '110', '124', '138', '175', '188', '223', '288', '302', '307', '309', '312', '326', '353', '391']
['101']
['6', '28', '47', '118', '171', '221', '310', '324']
['37']
['0', '2', '5', '16', '72', '78', '87', '112', '131', '180', '196', '228', '231', '248', '314', '329', '337', '367', '369', '399']
['304']
['178', '240']
['297']
['198', '239', '330', '357']
['148']
['255', '287']
['294']
['218']
['92', '184', '300']
['75', '276']
['335']
['95']
['26', '80', '94', '211', '224', '261', '290']
['120', '192']
['86', '299']
['93', '277', '285', '286', '392', '398']
['170', '327']
['181', '250', '266']
['282']
['174', '219']
['132']
['141']
