['477', '433', '122', '346', '99', '140', '368', '404', '280', '105', '205', '65', '423', '274', '193', '386', '447', '153', '56', '384', '45', '40', '20', '334', '402', '245', '332', '449', '235']
['474', '289', '152', '385', '388', '421', '427', '81', '192', '59', '164', '439', '84', '462', '473', '256', '279', '304', '231', '366', '392', '218']
['299', '4', '74', '25', '121', '419', '202', '190', '468', '390', '382', '264', '149', '303', '229', '420']
['199', '298', '96', '89', '403', '255', '26', '110', '232', '356', '126', '125', '212', '120', '113', '217', '124', '367', '364', '246', '18', '326', '97', '380', '374', '369', '435', '422', '57', '194']
['86', '456', '383', '441', '457', '15', '33', '394', '222']
['85', '204', '139', '55', '75', '39', '206', '53', '170', '409', '412', '137', '355', '80', '436', '82', '213', '48', '136', '209', '378', '442', '268', '265', '180', '238', '407']
['313', '413', '295', '224', '327', '424', '359', '214', '377', '311', '302', '225', '189', '373']
['104', '159', '102', '406', '42', '13', '69', '312', '173', '410', '220', '116', '11', '93', '284', '138', '60', '6', '309', '343', '376', '62']
['51', '195', '142', '317', '29', '455', '478', '203', '448', '37', '398', '167', '278', '49', '450', '414', '301']
['182', '296', '52', '100', '253', '233', '171', '215', '430', '181', '148', '234', '158', '198', '43', '431', '260', '379', '389', '283', '63', '221', '103', '370', '230', '339', '267', '17', '266', '281']
['127', '426', '440', '179', '191', '244', '463', '38', '64', '32', '454', '143', '344']
['318', '207', '396', '272', '109', '254', '157', '306', '19', '165', '341', '446', '287', '114', '361', '155', '476', '208', '250', '112', '257', '297', '111', '357', '150', '428', '216']
['400', '151', '263', '185', '437', '322', '338', '258', '54', '319', '146', '363', '184', '286', '452', '415', '365', '411', '323', '5', '115']
['7', '387', '333', '375', '320', '405', '307']
['277', '282', '340', '77', '290', '315', '432', '417', '300', '71', '460', '132', '429', '262', '107', '451', '350', '176', '459', '201', '269', '128']
['371', '226', '248', '94', '475', '34', '1', '10']
['147']
['46', '166', '399', '200', '242', '118', '324', '330', '444', '161', '240', '354', '469', '294', '472', '259', '393', '68', '27', '465', '285', '292', '72', '276', '24', '30', '291', '237', '92']
['187', '156', '41', '358', '236', '12', '144', '347', '28', '397', '197', '211', '106', '175', '329', '391', '23', '3', '310', '8', '163', '308', '61', '470', '479', '418', '249', '2']
['35', '91', '168', '70', '416', '288', '145', '461', '44']
['458', '88', '188', '169', '464', '141', '275', '273', '352', '271', '135', '328', '90', '321', '349', '348', '196', '408']
['154', '351', '101', '58', '131', '21', '134', '445', '95', '325', '76', '14', '22', '471', '252', '453', '353', '98', '342', '36', '79', '345', '261', '336']
['305', '360', '16', '227', '372', '228', '162', '50', '117', '425', '123', '362', '251', '247', '9', '73', '129', '466', '66', '178', '331', '87', '241', '335', '177', '293', '401', '443', '434']
['186', '133', '31', '316', '0', '395', '160', '219', '381', '108', '47', '130', '239', '183', '119', '83', '172', '223', '210', '174', '438', '314', '337', '467', '67', '270', '243', '78']
