['230', '12', '240', '227', '101', '92', '225', '15', '190', '249']
['17', '245', '18', '81', '32', '107', '160', '195', '124']
['154', '150', '80', '64', '93', '149', '201', '49', '136', '122']
['233', '98', '184', '42', '78', '48', '47', '121']
['61', '99', '176', '110', '242', '37', '229', '228', '86']
['117', '159', '172', '104', '143', '53', '221', '132', '0']
['68', '113', '65', '69', '89', '196']
['215', '82', '22', '112', '10', '133', '138', '152']
['148', '127', '72', '178', '163', '235', '96', '106', '31']
['100', '41', '141', '170', '29', '5', '63', '58', '79']
['109', '43', '23', '203', '140', '116', '219', '105', '151', '241']
['21', '248', '76', '139', '231', '129', '202', '2', '134']
['234', '200', '243', '94', '90', '193', '25', '199', '220']
['206', '52', '186', '156', '88', '38', '218', '71']
['67', '4', '33', '130', '1', '223', '62', '174', '54', '232']
['171', '51', '144', '36', '19', '8', '145', '237']
['77', '191', '84', '216', '13', '66', '197', '34']
['244', '183', '222', '108']
['210', '246', '57', '123', '207']
['135', '238', '75', '162', '3', '14', '118', '70']
['180', '9', '45', '120', '50', '16', '28', '157', '153', '119']
['24', '7', '142', '205', '239', '147', '158', '189', '85', '208']
['204', '60', '167', '146', '131', '236', '181', '173', '20']
['83', '155', '30', '125', '247']
['26', '175', '179', '102', '59', '169', '27', '97', '35', '56']
['161', '103', '226', '187', '164', '209', '182', '11']
['40', '212', '115', '198', '87', '55', '46', '128']
['166', '6', '126', '217', '91', '177', '194']
['95', '185', '44', '192', '39', '137', '165']
['188', '214', '224', '74', '168', '114', '73', '211', '111', '213']
