['59', '63', '74', '80', '87', '140', '181', '205', '325', '374', '391', '392', '460']
['79', '126', '148', '207', '214', '231', '287', '299', '334', '336', '337', '342', '346', '363', '421', '446', '449', '458']
['14', '85', '88', '113', '120', '131', '147', '158', '168', '180', '218', '301', '308', '350', '362', '409', '445', '456', '483', '490']
['3', '44', '78', '129', '141', '176', '179', '215', '250', '274', '360', '375', '396', '419', '427', '450', '468']
['37', '42', '50', '112', '175', '197', '212', '266', '280', '289', '298', '356', '358', '397', '405', '418']
['11', '30', '82', '142', '196', '216', '222', '237', '255', '264', '277', '331', '333', '354', '366', '370', '402', '411', '437', '486']
['8', '18', '57', '104', '122', '134', '136', '137', '187', '225', '226', '228', '251', '259', '275', '327', '343', '361', '382', '407']
['0', '22', '23', '31', '38', '224', '465', '467', '469', '470', '471', '473', '474', '476', '477', '478', '479', '480', '482', '484']
['7', '73', '90', '152', '153', '170', '203', '204', '252', '276', '359', '386', '406', '422', '432', '440', '448', '464', '488', '491']
['5', '24', '51', '76', '94', '111', '173', '182', '190', '194', '220', '238', '306', '357', '365', '368', '377', '400', '414', '430']
['49', '161', '186', '246', '423']
['17', '35', '54', '62', '75', '125', '162', '165', '201', '234', '244', '279', '294', '302', '355', '413', '415', '436']
['2', '53', '127', '144', '189', '209', '213', '217', '247', '281', '291', '309', '315', '393', '404', '439', '453']
['1', '15', '46', '48', '84', '110', '183', '193', '223', '233', '249', '256', '297', '352', '378', '389', '461']
['28', '36', '60', '70', '86', '98', '119', '133', '149', '154', '166', '210', '348', '364', '425', '428']
['65', '72', '160', '172', '227', '230', '236', '268', '273', '286', '307', '318', '380', '408', '426', '438', '466', '475']
['6', '13', '26', '43', '191', '239', '282', '300', '339', '452', '457']
['10', '21', '64', '123', '143', '151', '164', '200', '206', '211', '221', '283', '319', '326', '385', '398', '420', '429', '451', '487']
['81', '99', '115', '124', '128', '132', '135', '146', '155', '265', '293', '303', '316', '329', '341', '347', '424', '435', '447', '493']
['9', '66', '89', '177', '178', '199', '202', '208', '285', '290', '296', '314', '321', '353', '373', '441', '463']
['184', '243', '323', '454', '455', '481']
['16', '39', '91', '101', '105', '106', '121', '195', '241', '260', '312', '330', '332', '349', '381', '401', '410', '431']
['20', '33', '71', '77', '93', '96', '145', '156', '167', '171', '174', '192', '242', '257', '269', '304', '311', '345', '387', '403']
['29', '34', '55', '68', '69', '103', '188', '198', '263', '305', '320', '388', '390', '394']
['58', '108', '130', '163', '232', '240', '254', '258', '284', '295', '379']
['32', '45', '47', '56', '100', '138', '139', '271', '324', '344', '351', '416', '434', '442']
['19', '27', '67', '109', '116', '157', '219', '229', '245', '253', '262', '267', '288', '317', '367', '383', '433', '444', '459']
['4', '25', '83', '92', '107', '114', '185', '235', '278', '313', '322', '335', '340', '371', '384', '443', '489']
['40', '97', '118', '169', '248', '270', '272', '310', '328', '372', '412', '417', '462', '492', '494']
['12', '41', '52', '61', '95', '102', '117', '150', '159', '261', '292', '338', '369', '376', '395', '399', '472', '485', '495']
