['159', '180', '355', '452', '453']
['74', '77', '95', '123', '277', '299', '358', '399', '411', '419', '463']
['2', '56', '492']
['280', '313']
['10', '13', '44', '47', '51', '81', '83', '117', '152', '176', '204', '252', '268', '303', '315', '316', '325', '333', '349', '386', '407', '488']
['4', '184', '199', '234', '329', '416', '481']
['6', '65', '254', '335']
['53', '82', '110', '157', '183', '188', '213', '230', '245', '262', '311', '364', '389', '454', '457', '477', '479', '480']
['93', '149', '237', '342', '474']
['41']
['14', '127', '146', '170', '178', '196', '232', '239', '248', '283', '317', '321', '450']
['140', '282', '308', '324', '393', '396', '428', '462']
['134', '135', '235', '322', '340', '341']
['187', '226', '465']
['54', '58', '84', '104', '154', '269', '298', '307', '314', '354', '422', '445']
['52', '219', '231', '253', '271', '297', '431', '432', '498']
['224']
['15', '250']
['42', '92', '103', '105', '111', '133', '136', '156', '205', '215', '227', '244', '260', '289', '363', '368', '398', '401', '409', '443', '466', '475']
['296']
['153']
['91', '125', '198', '212']
['99', '353']
['59', '158', '405']
['18', '85', '109', '128', '138', '150', '306', '332', '448', '459', '487']
['255', '415', '434']
['48', '50', '60', '86', '151', '177', '222', '242', '274', '436']
['24', '31', '67', '76', '112', '124', '181', '347', '380', '414']
['8', '9', '36', '43', '61', '94', '137', '148', '161', '194', '208', '236', '240', '251', '258', '294', '304', '323', '327', '366', '402', '406', '429', '437', '446', '449', '456', '468', '469', '472', '499']
['3', '7', '70', '89', '90', '114', '145', '147', '164', '174', '186', '210', '225', '273', '318', '339', '362', '377', '378', '383', '387', '394', '395', '397', '424', '426', '470', '491', '494']
['1', '33', '102', '141', '191', '247', '261', '305', '336', '371', '410', '439']
['26', '361']
['116', '142', '337']
['0', '12', '16', '28', '29', '32', '35', '38', '39', '40', '45', '46', '55', '88', '115', '118', '120', '126', '129', '130', '131', '155', '163', '168', '182', '190', '192', '209', '214', '243', '259', '263', '265', '281', '290', '292', '319', '320', '330', '338', '350', '370', '373', '374', '376', '385', '391', '421', '486', '497']
['80']
['172', '495']
['25', '392', '476']
['206', '229', '301', '310', '331', '403']
['20', '21', '23', '30', '34', '49', '57', '78', '122', '139', '143', '144', '185', '200', '202', '221', '223', '246', '267', '276', '286', '287', '288', '300', '326', '348', '351', '356', '375', '390', '417', '438', '441', '447', '451', '458', '490']
['62', '68', '96', '106', '113', '119', '169', '175', '238', '249', '256', '257', '302', '367', '388', '413', '423', '427', '460', '478', '484']
['66', '467', '471']
['69', '97', '343', '372', '435', '455', '473']
['233', '400', '433', '489']
['19', '71', '73', '108', '132', '166', '197', '217', '241', '278', '279', '285', '293', '295', '328', '357', '360', '442', '482', '483', '496']
['101', '171', '218', '284', '440', '461', '493']
['27', '37', '79', '87', '165']
['5', '11', '63', '72', '100', '107', '160', '167', '179', '189', '195', '201', '211', '220', '228', '264', '270', '275', '352', '359', '365', '369', '381', '382', '412', '425', '430', '464']
['17', '64', '173', '203', '266', '346']
['22', '162', '193', '207', '216', '272', '291', '312', '334', '344', '345', '384', '404', '408', '418', '420']
['75', '98', '121', '309', '379', '444', '485']
