['314', '373']
['386']
['134']
['199']
['77', '147']
['173']
['53']
['117']
['59']
['237']
['20']
['232', '357']
['401']
['121']
['60', '73']
['92', '135', '269']
['223', '349', '355']
['247']
['57', '193']
['195']
['226', '255']
['286']
['238', '361']
['294']
['148']
['163']
['306']
['313', '416']
['276']
['165']
['14', '151']
['91']
['366']
['120']
['235']
['1', '2', '10', '18', '19', '22', '23', '26', '29', '33', '34', '38', '41', '42', '47', '50', '51', '61', '68', '85', '95', '96', '99', '100', '101', '104', '106', '107', '109', '118', '119', '123', '128', '131', '132', '136', '140', '153', '154', '160', '167', '185', '186', '190', '192', '201', '205', '209', '212', '215', '219', '225', '227', '228', '242', '245', '246', '257', '261', '266', '270', '278', '284', '287', '292', '293', '315', '325', '326', '340', '342', '344', '360', '370', '372', '375', '379', '383', '384', '388', '393', '399', '400', '405', '409', '413', '415', '426', '432', '433', '434', '437', '438', '442']
['303']
['172', '317']
['353']
['236', '365']
['378']
['350']
['28', '402']
['21', '233']
['125']
['168']
['396']
['45']
['182']
['74']
['76']
['387', '445']
['206', '300']
['166']
['327']
['81']
['93', '440']
['46', '322']
['55', '362', '410']
['391']
['295']
['296']
['157']
['105']
['398']
['312']
['25', '152', '297']
['171']
['187']
['200']
['218', '291']
['62', '75', '304']
['181', '217', '319']
['98']
['43']
['86', '179', '224']
['162']
['69', '441']
['229']
['112', '222', '309']
['348']
['279', '352']
['70', '243']
['158', '428']
['385']
['194', '274', '368']
['249']
['71', '356']
['116']
['324', '338']
['202', '417']
['204']
['345']
['142']
['49', '369']
['210']
['252']
['288', '333']
['40']
['260']
['114']
['78']
['83']
['275']
['354', '436']
['420']
['111']
['3', '31', '422']
['155']
['211', '220', '425']
['343']
['207', '267', '283', '443']
['122']
['376']
['7', '139', '347']
['256']
['44', '191']
['5', '239', '253', '264', '285', '358']
['66']
['146', '334']
['133', '262']
['13', '197', '301']
['359']
['254']
['183']
['48', '259', '412']
['8']
['64']
['143']
['446']
['164']
['156', '216', '263', '389', '419']
['189']
['336']
['169']
['126']
['145']
['130']
['97']
['56']
['89']
['124']
['188']
['289', '305', '403', '406']
['102', '161', '230', '244']
['439']
['213', '307', '423']
['214', '377']
['79', '298']
['80', '311']
['90', '113', '444']
['35', '390']
['177', '273']
['196']
['176', '208']
['4']
['17']
['115']
['221']
['141']
['265']
['138', '374']
['9', '103', '150', '268', '431']
['339']
['411']
['367']
['108']
['394']
['174', '299', '332', '430']
['36', '54', '424']
['427']
['407']
['52']
['231', '418']
['15', '308', '331', '363']
['175']
['397']
['87']
['290']
['30', '320']
['37']
['149', '272', '316']
['364']
['302', '392']
['234']
['137', '408']
['94']
['421']
['250']
['258', '271']
['72']
['12']
['323']
['170', '346']
['178', '251']
['321']
['282']
['67']
['351', '429']
['277']
['11', '58', '82', '380']
['198', '395']
['88', '180']
['337']
['24']
['65', '84']
['281']
['32', '127', '328']
['382']
['110', '241']
['371']
['318']
['381']
['129']
['16', '144', '414']
['435']
['240', '341']
['248', '330']
['6', '280']
['39']
['63']
['27', '310']
['184', '203', '329', '335']
['159', '404']
