['256', '2', '225', '173', '451']
['113', '323', '329', '448', '425', '112', '317']
['401', '496', '210', '405', '60']
['25', '139', '489', '99', '191', '168', '304']
['52', '100', '170', '389', '291', '376']
['315', '300', '231', '249', '158', '369', '464']
['253', '388', '267', '176']
['456', '138', '217', '380', '205']
['350', '9', '285', '38', '492', '484', '93']
['123', '316', '309', '96', '156', '328', '24']
['441', '122', '367', '180']
['433', '437', '398', '347', '8', '154']
['302']
['182', '475']
['271', '15']
['474', '206', '75', '413', '129', '319']
['379', '393', '230', '115', '419', '485', '486']
['19', '39', '196', '450', '260', '243', '58']
['400', '313']
['194', '348', '29', '108', '21', '161']
['166', '68', '97', '284', '78', '157']
['446', '159']
['26', '150']
['467', '455', '330', '195']
['246', '10', '327', '254', '365']
['82', '498', '363', '452', '189', '3']
['144', '462', '92', '59', '482']
['27', '418', '127', '172']
['94', '303', '344', '407', '440', '275', '0']
['140', '336', '424', '45', '137', '444']
['473', '345']
['279', '436', '479', '47', '357', '102']
['46', '35', '81', '214', '222', '56']
['381', '229', '251']
['169', '447', '409', '224', '36', '163', '80']
['233', '343', '268', '11', '463', '62', '397']
['37', '382', '406', '119', '121', '135']
['442', '13', '238', '396', '402', '34']
['426', '65', '340', '373', '87', '372']
['497', '466', '23', '134', '333', '20']
['295', '190', '491', '276', '454', '487']
['312', '281', '414', '132', '415', '53', '354']
['427', '332', '103', '432', '237', '203', '266']
['143', '296', '148']
['359']
['258', '292', '445', '188', '50', '18', '32']
['204']
['61', '153', '314', '248', '63']
['265', '408', '458', '85', '91']
['105', '306', '228', '151']
['459', '16', '41', '493', '64', '435', '338']
['364', '40', '490', '84', '252', '89']
['57', '270', '277']
['477', '390', '335']
['470', '274', '358', '417', '149']
['410', '429', '403', '305', '146', '469', '483']
['43']
['201']
['235', '355', '124']
['179', '177', '368', '218', '83']
['289', '399', '307', '101', '215']
['361', '178', '263', '386', '133', '273']
['269', '346', '422', '202', '110', '250', '383']
['449', '73', '290', '421', '126', '31', '411']
['6', '199', '294']
['95', '77', '4', '342']
['198', '86', '209', '499', '439']
['71', '5', '74']
['219', '478', '465', '107']
['385', '212', '245', '288', '362', '339']
['164', '255', '461', '125', '392', '7', '49']
['141', '325', '109', '434', '240', '322', '366']
['223', '320', '1', '257', '192', '378']
['371', '395', '394', '79', '272', '377', '242']
['51', '241', '12', '430']
['423', '232', '106', '216', '147', '239', '184']
['30', '311', '116', '353', '391', '44', '259']
['76', '321', '488', '136', '349', '28', '337']
['213', '334', '167', '438', '42', '130', '287']
['152', '88', '412', '247']
['181', '118', '17']
['90', '416']
['120', '236', '264', '185', '318', '234', '384']
['211', '299']
['22']
['352', '468', '244', '356', '171']
['324', '128', '208', '14', '55', '297', '72']
['420', '453', '114', '286', '310', '375', '131']
['495', '360', '457', '298', '183', '301', '481']
['33', '67', '443', '54', '221', '293', '331']
['207', '187', '283', '160', '165']
['117', '111']
['262', '145', '480', '428', '351']
['104', '186', '404', '98', '476']
['175', '155', '460', '70', '226', '220', '387']
['142', '282', '261', '48', '162']
['472', '278', '374', '308', '193']
['341', '431', '69']
['494', '197', '174']
['326', '280', '471', '370', '66', '227', '200']
