['163']
['2', '18', '306', '356']
['248']
['278']
['38', '113']
['64', '215', '284']
['286', '376']
['1', '20', '68', '137', '149', '168', '180', '256', '369', '390']
['188', '355', '458']
['134']
['94', '124', '479']
['3', '86', '145', '395']
['169']
['6']
['5', '252']
['33', '202', '488']
['261', '288', '316']
['75', '144', '207', '445', '448']
['152', '273']
['30', '205']
['125', '165', '176', '222', '253', '329', '469']
['486']
['130', '183']
['170', '186', '414', '419']
['60', '425']
['396']
['470']
['231', '247']
['317']
['232']
['274']
['62']
['404']
['21', '93', '97', '142']
['14']
['51', '338']
['173']
['139']
['0', '4', '7', '8', '9', '10', '11', '12', '13', '16', '17', '19', '22', '23', '24', '25', '26', '27', '28', '29', '31', '32', '35', '36', '37', '39', '40', '41', '42', '43', '44', '45', '46', '48', '49', '50', '52', '53', '54', '55', '56', '57', '58', '59', '61', '65', '66', '67', '69', '70', '71', '72', '73', '74', '76', '77', '78', '79', '80', '81', '82', '83', '84', '85', '87', '88', '89', '90', '91', '92', '95', '96', '98', '99', '100', '101', '102', '103', '104', '105', '106', '108', '109', '110', '111', '112', '114', '115', '116', '117', '118', '119', '120', '121', '122', '123', '126', '127', '128', '129', '131', '132', '133', '135', '136', '138', '140', '141', '146', '147', '148', '150', '151', '153', '154', '155', '156', '157', '158', '159', '161', '164', '167', '171', '172', '174', '175', '177', '178', '179', '181', '184', '185', '187', '189', '190', '191', '192', '193', '194', '195', '196', '197', '198', '199', '200', '201', '203', '204', '206', '208', '209', '210', '211', '212', '213', '214', '216', '218', '219', '220', '221', '223', '224', '225', '226', '227', '228', '229', '230', '233', '234', '235', '236', '237', '238', '239', '240', '241', '242', '243', '245', '246', '249', '250', '251', '254', '255', '257', '258', '260', '262', '263', '264', '265', '266', '267', '268', '269', '270', '271', '272', '275', '276', '277', '279', '280', '281', '282', '283', '285', '287', '290', '291', '292', '293', '294', '295', '296', '297', '298', '299', '300', '301', '302', '303', '304', '305', '307', '308', '309', '310', '311', '312', '313', '314', '315', '318', '319', '320', '321', '322', '323', '324', '325', '326', '327', '328', '330', '331', '332', '333', '335', '336', '337', '339', '341', '342', '343', '344', '345', '346', '348', '349', '350', '351', '352', '353', '354', '357', '358', '360', '361', '362', '363', '364', '365', '367', '368', '370', '371', '372', '373', '375', '377', '378', '379', '380', '382', '383', '384', '385', '386', '387', '388', '389', '392', '393', '394', '397', '398', '400', '401', '402', '403', '405', '406', '407', '408', '410', '412', '415', '416', '417', '418', '420', '421', '422', '423', '424', '426', '427', '428', '429', '430', '431', '432', '433', '434', '435', '436', '437', '438', '439', '440', '441', '442', '443', '444', '446', '447', '449', '450', '451', '452', '453', '454', '455', '456', '457', '459', '460', '461', '462', '463', '464', '466', '467', '468', '471', '472', '473', '475', '476', '478', '480', '481', '482', '483', '484', '485', '489', '490', '491', '492', '493', '494', '495', '496', '497', '498', '499', ]
['340', '391']
['244', '413']
['334', '359', '399']
['166', '411']
['34', '160']
['47', '381']
['15', '162', '217', '374', '409', '465']
['107']
['289']
['63', '143']
['259', '477']
['182', '347', '366', '474', '487']
