['15', '32', '46', '79', '100', '120', '186', '187', '238', '269']
['47', '49', '51', '86', '138', '144', '151', '180', '181', '240']
['4', '6', '70', '91', '103', '230', '261']
['20', '31', '33', '74', '77', '173', '191', '246', '252']
['12', '73', '80', '101', '108', '155', '160', '222', '244', '247']
['16', '41', '55', '94', '95', '102', '115', '164', '199']
['58', '78', '93', '104', '121', '143', '178', '201', '236']
['61', '127', '135', '140', '156', '172', '177', '214', '251', '258']
['35', '81', '84', '85', '109', '159', '166', '193', '197', '255']
['11', '44', '72', '126', '141', '175', '183', '216', '218', '242']
['28', '63', '107', '110', '113', '168', '202', '221', '264']
['10', '137', '139', '152', '176']
['26', '27', '45', '117', '148', '150', '206', '243', '245', '260']
['36', '40', '50', '75', '92', '133', '196', '226', '253']
['48', '76', '90', '111', '124', '161', '205', '217', '220', '224']
['5', '23', '39', '69', '136', '146', '174', '228']
['21', '29', '60', '65', '67', '87', '89', '149', '200', '219']
['34', '42', '88', '105', '142', '198', '256', '262']
['17', '56', '57', '64', '123', '163', '188', '234', '259', '268']
['54', '59', '62', '71', '147', '162', '185', '195', '254']
['52', '53', '99', '112', '116', '130', '134', '145', '189', '263']
['18', '106', '118', '209', '265']
['43', '96', '114', '122', '125', '223', '227', '231', '267']
['2', '19', '37', '38', '66', '167', '169', '249', '250', '266']
['14', '22', '97', '154', '179', '203', '213', '225', '233', '248']
['8', '13', '153', '157', '182', '194', '204', '270']
['68', '83', '131', '165', '170', '184', '208', '210']
['30', '82', '119', '132', '171', '207', '212', '229', '257']
['24', '25', '98', '128', '129', '158', '211', '215', '232']
['1', '3', '7', '9', '190', '192', '235', '237', '239', '241']
