['374', '140']
['187', '80', '101', '72', '459', '450', '160', '121', '256', '6', '112', '124', '453', '327', '198', '134', '46', '14', '283', '405', '165', '97', '372', '12', '172', '251', '201', '346', '170', '58']
['474', '292', '175', '115', '145', '217', '221', '66', '25', '185', '326', '482', '465', '364', '240', '421', '289', '397', '153', '407', '330', '445', '85', '498', '94', '196', '497', '282', '464', '278', '334', '218', '340', '231', '399']
['455', '363', '74', '378', '189', '306', '446', '73', '325', '342', '425', '261', '147', '81', '351', '262', '427', '422', '462', '481', '290', '176', '313', '365', '490', '369', '386', '343', '300']
['315', '139', '236', '312', '344', '219', '234', '367', '24', '96', '42', '479', '275', '440', '120', '360', '128', '353', '322', '113', '13', '64', '223', '471', '192', '485', '48', '214', '383', '7', '143', '293', '398', '373', '382', '209', '388']
['375', '442', '210', '55', '133', '194', '404', '269', '469', '426']
['286', '149', '28', '451', '16', '259', '250', '417', '110', '392', '82', '288', '347', '197', '169', '357', '358', '418', '237', '476', '400', '320', '381', '483', '491', '168', '255', '297', '38', '135', '484', '71', '371', '317', '179', '390', '119', '19']
['177', '102', '430', '433', '434', '200', '478', '184', '205', '181', '193', '78', '3', '8', '355']
['296', '473', '156', '308', '436', '452', '480', '460', '272', '215', '449', '361', '83', '76', '242', '287', '225', '279', '248', '144', '118', '57', '420', '280', '432', '30', '468', '54', '328', '65']
['88', '266', '406', '34', '111', '294', '59', '241', '277', '335', '391', '402', '9', '461', '212', '411', '352', '496', '98', '368', '29', '123', '299', '249']
['199', '457', '4', '401', '228', '470', '44', '377', '475', '389', '393', '441', '314', '127', '37', '100', '227', '341', '204', '339', '463', '338', '23', '107']
['150', '477', '456', '409', '336', '350', '31', '319', '158', '1', '494', '18', '84', '224', '186', '444', '2']
['238', '131', '310', '239', '138', '70', '291', '89', '270', '448', '254', '68', '387', '439', '60', '40', '126', '164', '443', '226', '95', '180', '271', '356', '104', '267', '114']
['394', '162', '258', '191', '41', '303', '245', '348', '39', '437', '487', '466', '67', '53', '43', '15', '50', '11', '26', '21', '499', '167']
['435', '379', '235', '345', '5', '247', '92', '222', '136', '151', '69', '276', '321', '108', '244', '492', '116', '51', '52', '307', '36', '90', '415', '17', '268', '447', '273', '458', '384', '148', '182', '171', '414', '260']
['174', '412', '166', '220', '429', '183', '488', '438', '163', '301', '20', '229', '61', '152', '285', '161', '77', '109', '105', '472', '274', '311', '47', '243', '63', '154', '366', '295', '337', '159', '216', '395', '257']
['428', '265', '203', '27', '157', '56', '252', '178', '264', '213', '385']
['253', '91', '263', '331', '195', '413', '86', '141', '35', '125', '155', '423', '376', '410', '208']
['117', '305', '362', '454', '62', '49', '130', '22', '298', '202', '207']
['281', '0', '45']
['211', '246', '93', '318', '329', '75', '87', '324', '284', '467', '206', '332', '495', '309', '132', '190', '304', '323', '408', '129', '316', '349', '493', '233', '122', '333', '489', '99', '232', '486', '142', '230', '403', '173', '79', '354']
['106', '416', '431', '424', '103', '137', '370', '10', '146', '380', '302', '32', '188', '33', '419', '396', '359']
