['399', '178', '227', '226', '275', '48', '267', '148', '306', '290', '292', '31', '258', '60', '168', '121', '225', '112', '270', '272', '11', '387', '50', '144', '300']
['132', '207', '355', '354', '82', '245', '252', '54', '73']
['86', '291', '173', '190', '364', '68', '192', '17', '137', '376', '357', '339', '128', '159', '180', '236', '398', '182', '389', '116', '43']
['146', '358', '25', '191', '104', '100', '175', '89', '368', '303', '337', '229', '279', '294', '322', '301', '316', '98', '14', '234', '39', '222', '93', '343', '370']
['176', '345', '213', '388', '285', '254', '228', '62', '32', '305', '240', '79', '224', '338', '127', '4', '394', '374', '196', '141', '283', '295', '118', '170', '195']
['341', '313', '58', '200', '268', '83', '382', '367', '325', '250', '385', '356', '237', '143', '205', '74', '335']
['366', '153', '320', '321', '75', '158', '328', '183', '46', '212', '97', '38', '109', '390', '65', '311', '91', '63', '243', '110', '145', '353']
['241', '52', '155', '249', '248', '8', '318', '21', '81', '273', '179', '44', '126', '103', '72', '238', '369', '41', '297', '42', '210', '235', '307', '162', '197']
['203', '189', '12', '233', '220', '101', '199', '2', '169', '45', '139', '124', '326', '246', '157', '344', '278', '66', '257', '152', '194', '55', '154', '115']
['299', '361', '171', '172', '302', '26', '34', '51', '119', '1', '244', '315', '99', '266', '331', '372', '105', '392', '18', '304', '77', '78', '193', '208', '37']
['265', '232', '271', '49', '333', '288', '324', '206', '67', '113', '264', '186', '165', '391', '6', '166', '211', '71', '9']
['187', '362', '23', '397', '256', '378', '19', '129', '209', '386', '251', '156', '102', '384', '181', '92', '286', '20', '90', '217', '352', '184', '396']
['53', '80', '260', '5', '133', '360', '395', '281', '332', '135', '56', '351', '174', '348', '108', '277', '214', '276', '375', '136', '27', '317', '131']
['323', '371', '149', '111', '239', '35', '280', '88', '216', '253', '167', '198', '262', '24', '340', '359', '218', '36', '334', '381', '15', '33', '117', '61', '76']
['310', '350', '0', '363', '107', '287', '215', '134', '329', '96', '125', '289', '138', '84', '164', '13', '298', '393']
['57', '342', '140', '28', '160', '263', '87', '308', '201', '47', '204', '221']
['114', '293', '319', '242', '70', '94', '336', '142', '151', '161', '120', '282', '185', '223', '29', '383', '16']
['312', '122', '255', '269', '274', '219', '346', '40', '95', '147', '22', '247', '347', '379', '59', '231', '10', '259', '7', '284', '64', '30', '163']
['365', '309', '380', '3', '377', '296', '261', '314', '188', '106', '177', '130', '349', '230', '123', '330', '69', '202', '373', '85']
['327', '150']
